1.2331 	WARNING 	We strongly recommend you activate the PTB sound engine in PsychoPy prefs as the preferred audio engine. Its timing is vastly superior. Your prefs are currently set to use ['sounddevice', 'PTB', 'pyo', 'pygame'] (in that order).
5.6953 	WARNING 	User requested fullscreen with size [1024  768], but screen is actually [2256, 1504]. Using actual size
7.5404 	EXP 	Created window1 = Window(allowGUI=False, allowStencil=False, args=UNKNOWN, autoLog=True, bitsMode=UNKNOWN, blendMode='avg', bpc=(8, 8, 8), color=array([0., 0., 0.]), colorSpace='rgb', depthBits=8, fullscr=<method-wrapper '__getattribute__' of attributeSetter object at 0x000002078A343240>, gamma=None, gammaErrorPolicy='raise', kwargs=UNKNOWN, lms=UNKNOWN, monitor=<psychopy.monitors.calibTools.Monitor object at 0x000002078A14A940>, multiSample=False, name='window1', numSamples=2, pos=[0.0, 0.0], screen=0, size=array([2256, 1504]), stencilBits=0, stereo=False, units='height', useFBO=True, useRetina=False, viewOri=0.0, viewPos=None, viewScale=None, waitBlanking=True, winType='pyglet')
7.5411 	EXP 	window1: mouseVisible = True
7.5412 	EXP 	window1: recordFrameIntervals = False
7.7057 	EXP 	window1: recordFrameIntervals = True
7.8892 	EXP 	window1: recordFrameIntervals = False
8.2214 	EXP 	Created InstructionTxt = TextStim(__class__=<class 'psychopy.visual.text.TextStim'>, alignHoriz=method-wrapper(...), alignText='center', alignVert=method-wrapper(...), anchorHoriz='center', anchorVert='center', antialias=True, autoLog=True, bold=False, color='white', colorSpace='named', contrast=1.0, depth=0.0, flipHoriz=False, flipVert=False, font='Arial', fontFiles=[], height=0.04, italic=False, languageStyle='LTR', name='InstructionTxt', opacity=1.0, ori=0, pos=array([0., 0.]), rgb=array([255., 255., 255.]), text=str(...), units='height', win=Window(...), wrapWidth=1)
8.2328 	EXP 	Created text = TextStim(__class__=<class 'psychopy.visual.text.TextStim'>, alignHoriz=method-wrapper(...), alignText='center', alignVert=method-wrapper(...), anchorHoriz='center', anchorVert='center', antialias=True, autoLog=True, bold=False, color='white', colorSpace='named', contrast=1.0, depth=0.0, flipHoriz=False, flipVert=False, font='Arial', fontFiles=[], height=0.04, italic=False, languageStyle='LTR', name='text', opacity=1.0, ori=0, pos=array([0., 0.]), rgb=array([255., 255., 255.]), text=str(...), units='height', win=Window(...), wrapWidth=1)
8.3930 	EXP 	Sound Music set volume 0.300
8.3982 	EXP 	Created StartTxt = TextStim(__class__=<class 'psychopy.visual.text.TextStim'>, alignHoriz=method-wrapper(...), alignText='center', alignVert=method-wrapper(...), anchorHoriz='center', anchorVert='center', antialias=True, autoLog=True, bold=False, color='white', colorSpace='named', contrast=1.0, depth=0.0, flipHoriz=False, flipVert=False, font='Arial', fontFiles=[], height=0.04, italic=False, languageStyle='LTR', name='StartTxt', opacity=1.0, ori=0, pos=array([0., 0.]), rgb=array([255., 255., 255.]), text='We will now begin the task', units='height', win=Window(...), wrapWidth=1)
8.4076 	EXP 	Created no3 = TextStim(__class__=<class 'psychopy.visual.text.TextStim'>, alignHoriz=method-wrapper(...), alignText='center', alignVert=method-wrapper(...), anchorHoriz='center', anchorVert='center', antialias=True, autoLog=True, bold=False, color='white', colorSpace='named', contrast=1.0, depth=0.0, flipHoriz=False, flipVert=False, font='Arial', fontFiles=[], height=0.05, italic=False, languageStyle='LTR', name='no3', opacity=1.0, ori=0, pos=array([0., 0.]), rgb=array([255., 255., 255.]), text='3', units='height', win=Window(...), wrapWidth=1)
8.4113 	EXP 	Created no2 = TextStim(__class__=<class 'psychopy.visual.text.TextStim'>, alignHoriz=method-wrapper(...), alignText='center', alignVert=method-wrapper(...), anchorHoriz='center', anchorVert='center', antialias=True, autoLog=True, bold=False, color='white', colorSpace='named', contrast=1.0, depth=0.0, flipHoriz=False, flipVert=False, font='Arial', fontFiles=[], height=0.05, italic=False, languageStyle='LTR', name='no2', opacity=1.0, ori=0, pos=array([0., 0.]), rgb=array([255., 255., 255.]), text='2', units='height', win=Window(...), wrapWidth=1)
8.4150 	EXP 	Created no1 = TextStim(__class__=<class 'psychopy.visual.text.TextStim'>, alignHoriz=method-wrapper(...), alignText='center', alignVert=method-wrapper(...), anchorHoriz='center', anchorVert='center', antialias=True, autoLog=True, bold=False, color='white', colorSpace='named', contrast=1.0, depth=0.0, flipHoriz=False, flipVert=False, font='Arial', fontFiles=[], height=0.05, italic=False, languageStyle='LTR', name='no1', opacity=1.0, ori=0, pos=array([0., 0.]), rgb=array([255., 255., 255.]), text='1', units='height', win=Window(...), wrapWidth=1)
8.4221 	EXP 	Created Question = TextStim(__class__=<class 'psychopy.visual.text.TextStim'>, alignHoriz=method-wrapper(...), alignText='center', alignVert=method-wrapper(...), anchorHoriz='center', anchorVert='center', antialias=True, autoLog=True, bold=False, color='white', colorSpace='named', contrast=1.0, depth=0.0, flipHoriz=False, flipVert=False, font='Arial', fontFiles=[], height=0.04, italic=False, languageStyle='LTR', name='Question', opacity=1.0, ori=0, pos=array([0., 0.]), rgb=array([255., 255., 255.]), text='What is this sound?\n', units='height', win=Window(...), wrapWidth=1)
8.4857 	EXP 	window1: mouseVisible = True
8.5076 	EXP 	Created ClickTheButton = TextStim(__class__=<class 'psychopy.visual.text.TextStim'>, alignHoriz=method-wrapper(...), alignText='center', alignVert=method-wrapper(...), anchorHoriz='center', anchorVert='center', antialias=True, autoLog=True, bold=False, color='white', colorSpace='named', contrast=1.0, depth=-3.0, flipHoriz=False, flipVert=False, font='Arial', fontFiles=[], height=0.025, italic=False, languageStyle='LTR', name='ClickTheButton', opacity=1.0, ori=0, pos=array([ 0.  , -0.03]), rgb=array([255., 255., 255.]), text="Click 'Submit' to continue.", units='height', win=Window(...), wrapWidth=1)
8.5077 	EXP 	Sound SoundItem set volume 1.000
8.5183 	EXP 	Created ItemNo = TextStim(__class__=<class 'psychopy.visual.text.TextStim'>, alignHoriz=method-wrapper(...), alignText='center', alignVert=method-wrapper(...), anchorHoriz='center', anchorVert='center', antialias=True, autoLog=True, bold=False, color='white', colorSpace='named', contrast=1.0, depth=-5.0, flipHoriz=False, flipVert=False, font='Arial', fontFiles=[], height=0.04, italic=False, languageStyle='LTR', name='ItemNo', opacity=1.0, ori=0, pos=array([0.  , 0.45]), rgb=array([255., 255., 255.]), text='default text', units='height', win=Window(...), wrapWidth=1)
8.5683 	EXP 	Created ThankyouMssg = TextStim(__class__=<class 'psychopy.visual.text.TextStim'>, alignHoriz=method-wrapper(...), alignText='center', alignVert=method-wrapper(...), anchorHoriz='center', anchorVert='center', antialias=True, autoLog=True, bold=False, color='white', colorSpace='named', contrast=1.0, depth=0.0, flipHoriz=False, flipVert=False, font='Arial', fontFiles=[], height=0.04, italic=False, languageStyle='LTR', name='ThankyouMssg', opacity=1.0, ori=0, pos=array([0., 0.]), rgb=array([255., 255., 255.]), text=str(...), units='height', win=Window(...), wrapWidth=1)
8.6123 	EXP 	ResponseBox: autoLog = True
8.6123 	EXP 	Submit: autoLog = True
8.6123 	EXP 	InstructionTxt: autoDraw = True
9.6567 	DATA 	Keypress: space
9.6618 	EXP 	InstructionTxt: autoDraw = False
9.6618 	EXP 	text: autoDraw = True
9.6618 	EXP 	ResponseBox: text = 'default text '
10.2994 	DATA 	Keypress: space
10.3054 	EXP 	text: autoDraw = False
10.3054 	EXP 	StartTxt: autoDraw = True
10.3054 	EXP 	ResponseBox: text = 'default text  '
12.4267 	EXP 	Imported GuessSounds_conditions.xlsx as conditions, 100 conditions, 2 params
12.4289 	EXP 	Created sequence: random, trialTypes=100, nReps=1, seed=None
12.4299 	EXP 	New trial (rep=0, index=0): OrderedDict([('SoundFiles', 'Initial/Repeat/Stir.wav'), ('Type', 'Repeat')])
12.4379 	EXP 	StartTxt: autoDraw = False
12.4379 	EXP 	no3: autoDraw = True
13.3208 	EXP 	no3: autoDraw = False
13.3208 	EXP 	no2: autoDraw = True
14.3208 	EXP 	no2: autoDraw = False
14.3208 	EXP 	no1: autoDraw = True
15.3562 	EXP 	no1: autoDraw = False
15.3562 	EXP 	ResponseBox: text = '\n\n'
15.3562 	EXP 	ItemNo: text = '1/60'
15.3562 	EXP 	Question: autoDraw = True
15.3562 	EXP 	ResponseBox: autoDraw = True
15.3562 	EXP 	ClickTheButton: autoDraw = True
15.3562 	EXP 	ItemNo: autoDraw = True
15.3562 	EXP 	Submit: autoDraw = True
16.8314 	DATA 	Mouse: Left button down, pos=(1082,167)
16.8549 	EXP 	New trial (rep=0, index=1): OrderedDict([('SoundFiles', 'Initial/Doubled/Windchime_A.wav'), ('Type', 'Doubled')])
16.8636 	EXP 	Question: autoDraw = False
16.8636 	EXP 	ResponseBox: autoDraw = False
16.8636 	EXP 	ClickTheButton: autoDraw = False
16.8636 	EXP 	ItemNo: autoDraw = False
16.8636 	EXP 	Submit: autoDraw = False
16.8636 	EXP 	ResponseBox: text = 'default text'
16.8636 	EXP 	no3: autoDraw = True
17.0591 	DATA 	Mouse:  Left button up, pos=(1082,167)
17.8719 	EXP 	no3: autoDraw = False
17.8719 	EXP 	no2: autoDraw = True
18.8721 	EXP 	no2: autoDraw = False
18.8721 	EXP 	no1: autoDraw = True
19.9192 	EXP 	no1: autoDraw = False
19.9192 	EXP 	ResponseBox: text = '\n\n'
19.9192 	EXP 	ItemNo: text = '2/60'
19.9192 	EXP 	Question: autoDraw = True
19.9192 	EXP 	ResponseBox: autoDraw = True
19.9192 	EXP 	ClickTheButton: autoDraw = True
19.9192 	EXP 	ItemNo: autoDraw = True
19.9192 	EXP 	Submit: autoDraw = True
20.3419 	DATA 	Mouse: Left button down, pos=(1082,167)
20.3525 	EXP 	New trial (rep=0, index=2): OrderedDict([('SoundFiles', 'Test/Foils/Slurp.wav'), ('Type', 'Extra')])
20.3619 	EXP 	Question: autoDraw = False
20.3619 	EXP 	ResponseBox: autoDraw = False
20.3619 	EXP 	ClickTheButton: autoDraw = False
20.3619 	EXP 	ItemNo: autoDraw = False
20.3619 	EXP 	Submit: autoDraw = False
20.3619 	EXP 	ResponseBox: text = 'default text'
20.3619 	EXP 	no3: autoDraw = True
20.5615 	DATA 	Mouse:  Left button up, pos=(1082,167)
21.3719 	EXP 	no3: autoDraw = False
21.3719 	EXP 	no2: autoDraw = True
22.3722 	EXP 	no2: autoDraw = False
22.3722 	EXP 	no1: autoDraw = True
23.4255 	EXP 	no1: autoDraw = False
23.4255 	EXP 	ResponseBox: text = '\n\n'
23.4255 	EXP 	ItemNo: text = '3/60'
23.4255 	EXP 	Question: autoDraw = True
23.4255 	EXP 	ResponseBox: autoDraw = True
23.4255 	EXP 	ClickTheButton: autoDraw = True
23.4255 	EXP 	ItemNo: autoDraw = True
23.4255 	EXP 	Submit: autoDraw = True
25.5094 	DATA 	Keypress: escape
25.9299 	EXP 	window1: mouseVisible = True
