1.2568 	WARNING 	We strongly recommend you activate the PTB sound engine in PsychoPy prefs as the preferred audio engine. Its timing is vastly superior. Your prefs are currently set to use ['sounddevice', 'PTB', 'pyo', 'pygame'] (in that order).
6.7073 	WARNING 	User requested fullscreen with size [1024  768], but screen is actually [2256, 1504]. Using actual size
9.5269 	EXP 	Created window1 = Window(allowGUI=False, allowStencil=False, args=UNKNOWN, autoLog=True, bitsMode=UNKNOWN, blendMode='avg', bpc=(8, 8, 8), color=array([0., 0., 0.]), colorSpace='rgb', depthBits=8, fullscr=<method-wrapper '__getattribute__' of attributeSetter object at 0x0000019CAD53AEB8>, gamma=None, gammaErrorPolicy='raise', kwargs=UNKNOWN, lms=UNKNOWN, monitor=<psychopy.monitors.calibTools.Monitor object at 0x0000019CAD5895F8>, multiSample=False, name='window1', numSamples=2, pos=[0.0, 0.0], screen=0, size=array([2256, 1504]), stencilBits=0, stereo=False, units='height', useFBO=True, useRetina=False, viewOri=0.0, viewPos=None, viewScale=None, waitBlanking=True, winType='pyglet')
9.5275 	EXP 	window1: mouseVisible = True
9.5276 	EXP 	window1: recordFrameIntervals = False
9.6914 	EXP 	window1: recordFrameIntervals = True
9.8748 	EXP 	window1: recordFrameIntervals = False
10.4249 	EXP 	Created InstructionTxt = TextStim(__class__=<class 'psychopy.visual.text.TextStim'>, alignHoriz=method-wrapper(...), alignText='center', alignVert=method-wrapper(...), anchorHoriz='center', anchorVert='center', antialias=True, autoLog=True, bold=False, color='white', colorSpace='named', contrast=1.0, depth=0.0, flipHoriz=False, flipVert=False, font='Arial', fontFiles=[], height=0.04, italic=False, languageStyle='LTR', name='InstructionTxt', opacity=1.0, ori=0, pos=array([0., 0.]), rgb=array([255., 255., 255.]), text=str(...), units='height', win=Window(...), wrapWidth=1)
10.4356 	EXP 	Created WelcomContinue = TextStim(__class__=<class 'psychopy.visual.text.TextStim'>, alignHoriz=method-wrapper(...), alignText='center', alignVert=method-wrapper(...), anchorHoriz='center', anchorVert='center', antialias=True, autoLog=True, bold=False, color='white', colorSpace='named', contrast=1.0, depth=-3.0, flipHoriz=False, flipVert=False, font='Arial', fontFiles=[], height=0.04, italic=False, languageStyle='LTR', name='WelcomContinue', opacity=1.0, ori=0, pos=array([ 0. , -0.4]), rgb=array([255., 255., 255.]), text='Press SPACE to continue', units='height', win=Window(...), wrapWidth=1)
10.4578 	EXP 	Created VolumeBeginTxt = TextStim(__class__=<class 'psychopy.visual.text.TextStim'>, alignHoriz=method-wrapper(...), alignText='center', alignVert=method-wrapper(...), anchorHoriz='center', anchorVert='center', antialias=True, autoLog=True, bold=False, color='white', colorSpace='named', contrast=1.0, depth=0.0, flipHoriz=False, flipVert=False, font='Arial', fontFiles=[], height=0.04, italic=False, languageStyle='LTR', name='VolumeBeginTxt', opacity=1.0, ori=0, pos=array([0., 0.]), rgb=array([255., 255., 255.]), text=str(...), units='height', win=Window(...), wrapWidth=1)
10.4668 	EXP 	Created text = TextStim(__class__=<class 'psychopy.visual.text.TextStim'>, alignHoriz=method-wrapper(...), alignText='center', alignVert=method-wrapper(...), anchorHoriz='center', anchorVert='center', antialias=True, autoLog=True, bold=False, color='white', colorSpace='named', contrast=1.0, depth=0.0, flipHoriz=False, flipVert=False, font='Arial', fontFiles=[], height=0.04, italic=False, languageStyle='LTR', name='text', opacity=1.0, ori=0, pos=array([0., 0.]), rgb=array([255., 255., 255.]), text=str(...), units='height', win=Window(...), wrapWidth=1)
10.6193 	EXP 	Sound Music set volume 0.300
10.6266 	EXP 	Created AdjustContinue = TextStim(__class__=<class 'psychopy.visual.text.TextStim'>, alignHoriz=method-wrapper(...), alignText='center', alignVert=method-wrapper(...), anchorHoriz='center', anchorVert='center', antialias=True, autoLog=True, bold=False, color='white', colorSpace='named', contrast=1.0, depth=-3.0, flipHoriz=False, flipVert=False, font='Arial', fontFiles=[], height=0.04, italic=False, languageStyle='LTR', name='AdjustContinue', opacity=1.0, ori=0, pos=array([ 0. , -0.4]), rgb=array([255., 255., 255.]), text=str(...), units='height', win=Window(...), wrapWidth=1)
10.6543 	EXP 	Created HeadphoneCheckBeing = TextStim(__class__=<class 'psychopy.visual.text.TextStim'>, alignHoriz=method-wrapper(...), alignText='center', alignVert=method-wrapper(...), anchorHoriz='center', anchorVert='center', antialias=True, autoLog=True, bold=False, color='white', colorSpace='named', contrast=1.0, depth=0.0, flipHoriz=False, flipVert=False, font='Arial', fontFiles=[], height=0.04, italic=False, languageStyle='LTR', name='HeadphoneCheckBeing', opacity=1.0, ori=0, pos=array([0., 0.]), rgb=array([255., 255., 255.]), text=str(...), units='height', win=Window(...), wrapWidth=1)
10.6594 	EXP 	Created HeadphoneContinue = TextStim(__class__=<class 'psychopy.visual.text.TextStim'>, alignHoriz=method-wrapper(...), alignText='center', alignVert=method-wrapper(...), anchorHoriz='center', anchorVert='center', antialias=True, autoLog=True, bold=False, color='white', colorSpace='named', contrast=1.0, depth=-1.0, flipHoriz=False, flipVert=False, font='Arial', fontFiles=[], height=0.04, italic=False, languageStyle='LTR', name='HeadphoneContinue', opacity=1.0, ori=0, pos=array([ 0. , -0.4]), rgb=array([255., 255., 255.]), text='Press SPACE to continue', units='height', win=Window(...), wrapWidth=1)
10.6596 	EXP 	Sound CheckSound set volume 1.000
10.6887 	EXP 	Created QuestionTxt = TextStim(__class__=<class 'psychopy.visual.text.TextStim'>, alignHoriz=method-wrapper(...), alignText='center', alignVert=method-wrapper(...), anchorHoriz='center', anchorVert='center', antialias=True, autoLog=True, bold=False, color='white', colorSpace='named', contrast=1.0, depth=-2.0, flipHoriz=False, flipVert=False, font='Arial', fontFiles=[], height=0.04, italic=False, languageStyle='LTR', name='QuestionTxt', opacity=1.0, ori=0, pos=array([0., 0.]), rgb=array([255., 255., 255.]), text=str(...), units='height', win=Window(...), wrapWidth=1)
10.7145 	EXP 	Created CheckTrial = TextStim(__class__=<class 'psychopy.visual.text.TextStim'>, alignHoriz=method-wrapper(...), alignText='center', alignVert=method-wrapper(...), anchorHoriz='center', anchorVert='center', antialias=True, autoLog=True, bold=False, color='white', colorSpace='named', contrast=1.0, depth=-3.0, flipHoriz=False, flipVert=False, font='Arial', fontFiles=[], height=0.05, italic=False, languageStyle='LTR', name='CheckTrial', opacity=1.0, ori=0, pos=array([0. , 0.2]), rgb=array([255., 255., 255.]), text='default text', units='height', win=Window(...), wrapWidth=1)
10.7338 	EXP 	Created CrossHeadphone = TextStim(__class__=<class 'psychopy.visual.text.TextStim'>, alignHoriz=method-wrapper(...), alignText='center', alignVert=method-wrapper(...), anchorHoriz='center', anchorVert='center', antialias=True, autoLog=True, bold=False, color='white', colorSpace='named', contrast=1.0, depth=-4.0, flipHoriz=False, flipVert=False, font='Arial', fontFiles=[], height=0.1, italic=False, languageStyle='LTR', name='CrossHeadphone', opacity=1.0, ori=0, pos=array([0., 0.]), rgb=array([255., 255., 255.]), text='+', units='height', win=Window(...), wrapWidth=1)
10.7494 	EXP 	Created FeedbackTxt = TextStim(__class__=<class 'psychopy.visual.text.TextStim'>, alignHoriz=method-wrapper(...), alignText='center', alignVert=method-wrapper(...), anchorHoriz='center', anchorVert='center', antialias=True, autoLog=True, bold=False, color='white', colorSpace='named', contrast=1.0, depth=0.0, flipHoriz=False, flipVert=False, font='Arial', fontFiles=[], height=0.04, italic=False, languageStyle='LTR', name='FeedbackTxt', opacity=1.0, ori=0, pos=array([0., 0.]), rgb=array([255., 255., 255.]), text='default text', units='height', win=Window(...), wrapWidth=1)
10.7936 	EXP 	Created WelcomeTxt1 = TextStim(__class__=<class 'psychopy.visual.text.TextStim'>, alignHoriz=method-wrapper(...), alignText='center', alignVert=method-wrapper(...), anchorHoriz='center', anchorVert='center', antialias=True, autoLog=True, bold=False, color='white', colorSpace='named', contrast=1.0, depth=0.0, flipHoriz=False, flipVert=False, font='Arial', fontFiles=[], height=0.04, italic=False, languageStyle='LTR', name='WelcomeTxt1', opacity=1.0, ori=0, pos=array([0., 0.]), rgb=array([255., 255., 255.]), text=str(...), units='height', win=Window(...), wrapWidth=1)
10.8065 	EXP 	Created ContinueKey1 = TextStim(__class__=<class 'psychopy.visual.text.TextStim'>, alignHoriz=method-wrapper(...), alignText='center', alignVert=method-wrapper(...), anchorHoriz='center', anchorVert='center', antialias=True, autoLog=True, bold=False, color='white', colorSpace='named', contrast=1.0, depth=-1.0, flipHoriz=False, flipVert=False, font='Arial', fontFiles=[], height=0.04, italic=False, languageStyle='LTR', name='ContinueKey1', opacity=1.0, ori=0, pos=array([ 0. , -0.4]), rgb=array([255., 255., 255.]), text='Press SPACE to continue', units='height', win=Window(...), wrapWidth=1)
10.8399 	EXP 	Created Welcome2Txt = TextStim(__class__=<class 'psychopy.visual.text.TextStim'>, alignHoriz=method-wrapper(...), alignText='center', alignVert=method-wrapper(...), anchorHoriz='center', anchorVert='center', antialias=True, autoLog=True, bold=False, color='white', colorSpace='named', contrast=1.0, depth=0.0, flipHoriz=False, flipVert=False, font='Arial', fontFiles=[], height=0.04, italic=False, languageStyle='LTR', name='Welcome2Txt', opacity=1.0, ori=0, pos=array([0., 0.]), rgb=array([255., 255., 255.]), text=str(...), units='height', win=Window(...), wrapWidth=1)
10.8470 	EXP 	Created Continue2 = TextStim(__class__=<class 'psychopy.visual.text.TextStim'>, alignHoriz=method-wrapper(...), alignText='center', alignVert=method-wrapper(...), anchorHoriz='center', anchorVert='center', antialias=True, autoLog=True, bold=False, color='white', colorSpace='named', contrast=1.0, depth=-2.0, flipHoriz=False, flipVert=False, font='Arial', fontFiles=[], height=0.04, italic=False, languageStyle='LTR', name='Continue2', opacity=1.0, ori=0, pos=array([ 0. , -0.4]), rgb=array([255., 255., 255.]), text='Press SPACE to continue', units='height', win=Window(...), wrapWidth=1)
10.8605 	EXP 	Created InstructionTxt2 = TextStim(__class__=<class 'psychopy.visual.text.TextStim'>, alignHoriz=method-wrapper(...), alignText='center', alignVert=method-wrapper(...), anchorHoriz='center', anchorVert='center', antialias=True, autoLog=True, bold=False, color='white', colorSpace='named', contrast=1.0, depth=0.0, flipHoriz=False, flipVert=False, font='Arial', fontFiles=[], height=0.04, italic=False, languageStyle='LTR', name='InstructionTxt2', opacity=1.0, ori=0, pos=array([0., 0.]), rgb=array([255., 255., 255.]), text=str(...), units='height', win=Window(...), wrapWidth=1)
10.8683 	EXP 	Created WelcomeContinue2 = TextStim(__class__=<class 'psychopy.visual.text.TextStim'>, alignHoriz=method-wrapper(...), alignText='center', alignVert=method-wrapper(...), anchorHoriz='center', anchorVert='center', antialias=True, autoLog=True, bold=False, color='white', colorSpace='named', contrast=1.0, depth=-1.0, flipHoriz=False, flipVert=False, font='Arial', fontFiles=[], height=0.04, italic=False, languageStyle='LTR', name='WelcomeContinue2', opacity=1.0, ori=0, pos=array([ 0. , -0.4]), rgb=array([255., 255., 255.]), text='Press SPACE to begin practice\n', units='height', win=Window(...), wrapWidth=1)
10.8720 	EXP 	Created TrialNumber = TextStim(__class__=<class 'psychopy.visual.text.TextStim'>, alignHoriz=method-wrapper(...), alignText='center', alignVert=method-wrapper(...), anchorHoriz='center', anchorVert='center', antialias=True, autoLog=True, bold=False, color='white', colorSpace='named', contrast=1.0, depth=0.0, flipHoriz=False, flipVert=False, font='Arial', fontFiles=[], height=0.04, italic=False, languageStyle='LTR', name='TrialNumber', opacity=1.0, ori=0, pos=array([0. , 0.3]), rgb=array([255., 255., 255.]), text='default text', units='height', win=Window(...), wrapWidth=1)
10.8721 	EXP 	Sound PracticeSound set volume 1.000
10.8739 	EXP 	Created PracticeCross = TextStim(__class__=<class 'psychopy.visual.text.TextStim'>, alignHoriz=method-wrapper(...), alignText='center', alignVert=method-wrapper(...), anchorHoriz='center', anchorVert='center', antialias=True, autoLog=True, bold=False, color='white', colorSpace='named', contrast=1.0, depth=-2.0, flipHoriz=False, flipVert=False, font='Arial', fontFiles=[], height=0.1, italic=False, languageStyle='LTR', name='PracticeCross', opacity=1.0, ori=0, pos=array([0., 0.]), rgb=array([255., 255., 255.]), text='+', units='height', win=Window(...), wrapWidth=1)
10.8769 	EXP 	Created PracticeMssg = TextStim(__class__=<class 'psychopy.visual.text.TextStim'>, alignHoriz=method-wrapper(...), alignText='center', alignVert=method-wrapper(...), anchorHoriz='center', anchorVert='center', antialias=True, autoLog=True, bold=False, color='white', colorSpace='named', contrast=1.0, depth=-2.0, flipHoriz=False, flipVert=False, font='Arial', fontFiles=[], height=0.04, italic=False, languageStyle='LTR', name='PracticeMssg', opacity=1.0, ori=0, pos=array([0. , 0.2]), rgb=array([255., 255., 255.]), text='default text', units='height', win=Window(...), wrapWidth=1)
10.8791 	EXP 	Created FeedbackCross = TextStim(__class__=<class 'psychopy.visual.text.TextStim'>, alignHoriz=method-wrapper(...), alignText='center', alignVert=method-wrapper(...), anchorHoriz='center', anchorVert='center', antialias=True, autoLog=True, bold=False, color='white', colorSpace='named', contrast=1.0, depth=-3.0, flipHoriz=False, flipVert=False, font='Arial', fontFiles=[], height=0.1, italic=False, languageStyle='LTR', name='FeedbackCross', opacity=1.0, ori=0, pos=array([0., 0.]), rgb=array([255., 255., 255.]), text='+', units='height', win=Window(...), wrapWidth=1)
10.8838 	EXP 	Created Continue = TextStim(__class__=<class 'psychopy.visual.text.TextStim'>, alignHoriz=method-wrapper(...), alignText='center', alignVert=method-wrapper(...), anchorHoriz='center', anchorVert='center', antialias=True, autoLog=True, bold=False, color='white', colorSpace='named', contrast=1.0, depth=-4.0, flipHoriz=False, flipVert=False, font='Arial', fontFiles=[], height=0.04, italic=False, languageStyle='LTR', name='Continue', opacity=1.0, ori=0, pos=array([ 0. , -0.4]), rgb=array([255., 255., 255.]), text='Press the correct number on your keyboard', units='height', win=Window(...), wrapWidth=1)
10.8913 	EXP 	Created Options = TextStim(__class__=<class 'psychopy.visual.text.TextStim'>, alignHoriz=method-wrapper(...), alignText='center', alignVert=method-wrapper(...), anchorHoriz='center', anchorVert='center', antialias=True, autoLog=True, bold=False, color='white', colorSpace='named', contrast=1.0, depth=-5.0, flipHoriz=False, flipVert=False, font='Arial', fontFiles=[], height=0.04, italic=False, languageStyle='LTR', name='Options', opacity=1.0, ori=0, pos=array([ 0. , -0.2]), rgb=array([255., 255., 255.]), text='1 = REPEAT\n2 = SIMILAR\n3 = NEW', units='height', win=Window(...), wrapWidth=1)
10.8945 	EXP 	Created FeedbackMssg = TextStim(__class__=<class 'psychopy.visual.text.TextStim'>, alignHoriz=method-wrapper(...), alignText='center', alignVert=method-wrapper(...), anchorHoriz='center', anchorVert='center', antialias=True, autoLog=True, bold=False, color='white', colorSpace='named', contrast=1.0, depth=0.0, flipHoriz=False, flipVert=False, font='Arial', fontFiles=[], height=0.04, italic=False, languageStyle='LTR', name='FeedbackMssg', opacity=1.0, ori=0, pos=array([0., 0.]), rgb=array([255., 255., 255.]), text='default text', units='height', win=Window(...), wrapWidth=1)
10.9126 	EXP 	Created StartTxt = TextStim(__class__=<class 'psychopy.visual.text.TextStim'>, alignHoriz=method-wrapper(...), alignText='center', alignVert=method-wrapper(...), anchorHoriz='center', anchorVert='center', antialias=True, autoLog=True, bold=False, color='white', colorSpace='named', contrast=1.0, depth=0.0, flipHoriz=False, flipVert=False, font='Arial', fontFiles=[], height=0.04, italic=False, languageStyle='LTR', name='StartTxt', opacity=1.0, ori=0, pos=array([0., 0.]), rgb=array([255., 255., 255.]), text=str(...), units='height', win=Window(...), wrapWidth=1)
10.9172 	EXP 	Created ContinueStart = TextStim(__class__=<class 'psychopy.visual.text.TextStim'>, alignHoriz=method-wrapper(...), alignText='center', alignVert=method-wrapper(...), anchorHoriz='center', anchorVert='center', antialias=True, autoLog=True, bold=False, color='white', colorSpace='named', contrast=1.0, depth=-2.0, flipHoriz=False, flipVert=False, font='Arial', fontFiles=[], height=0.04, italic=False, languageStyle='LTR', name='ContinueStart', opacity=1.0, ori=0, pos=array([ 0. , -0.4]), rgb=array([255., 255., 255.]), text='Press SPACE to begin the task', units='height', win=Window(...), wrapWidth=1)
10.9194 	EXP 	Created no_3 = TextStim(__class__=<class 'psychopy.visual.text.TextStim'>, alignHoriz=method-wrapper(...), alignText='center', alignVert=method-wrapper(...), anchorHoriz='center', anchorVert='center', antialias=True, autoLog=True, bold=False, color='white', colorSpace='named', contrast=1.0, depth=-1.0, flipHoriz=False, flipVert=False, font='Arial', fontFiles=[], height=0.1, italic=False, languageStyle='LTR', name='no_3', opacity=1.0, ori=0, pos=array([0., 0.]), rgb=array([255., 255., 255.]), text='+', units='height', win=Window(...), wrapWidth=1)
10.9195 	EXP 	Sound TargetSound set volume 1.000
10.9212 	EXP 	Created Cross = TextStim(__class__=<class 'psychopy.visual.text.TextStim'>, alignHoriz=method-wrapper(...), alignText='center', alignVert=method-wrapper(...), anchorHoriz='center', anchorVert='center', antialias=True, autoLog=True, bold=False, color='white', colorSpace='named', contrast=1.0, depth=-1.0, flipHoriz=False, flipVert=False, font='Arial', fontFiles=[], height=0.1, italic=False, languageStyle='LTR', name='Cross', opacity=1.0, ori=0, pos=array([0., 0.]), rgb=array([255., 255., 255.]), text='+', units='height', win=Window(...), wrapWidth=1)
10.9247 	EXP 	Created ItemNumber = TextStim(__class__=<class 'psychopy.visual.text.TextStim'>, alignHoriz=method-wrapper(...), alignText='center', alignVert=method-wrapper(...), anchorHoriz='center', anchorVert='center', antialias=True, autoLog=True, bold=False, color='white', colorSpace='named', contrast=1.0, depth=-2.0, flipHoriz=False, flipVert=False, font='Arial', fontFiles=[], height=0.04, italic=False, languageStyle='LTR', name='ItemNumber', opacity=1.0, ori=0, pos=array([0. , 0.3]), rgb=array([255., 255., 255.]), text='default text', units='height', win=Window(...), wrapWidth=1)
10.9467 	EXP 	Created MSTQuestion = TextStim(__class__=<class 'psychopy.visual.text.TextStim'>, alignHoriz=method-wrapper(...), alignText='center', alignVert=method-wrapper(...), anchorHoriz='center', anchorVert='center', antialias=True, autoLog=True, bold=False, color='white', colorSpace='named', contrast=1.0, depth=0.0, flipHoriz=False, flipVert=False, font='Arial', fontFiles=[], height=0.04, italic=False, languageStyle='LTR', name='MSTQuestion', opacity=1.0, ori=0, pos=array([0., 0.]), rgb=array([255., 255., 255.]), text=str(...), units='height', win=Window(...), wrapWidth=1)
10.9583 	EXP 	Created ThankyouMssg = TextStim(__class__=<class 'psychopy.visual.text.TextStim'>, alignHoriz=method-wrapper(...), alignText='center', alignVert=method-wrapper(...), anchorHoriz='center', anchorVert='center', antialias=True, autoLog=True, bold=False, color='white', colorSpace='named', contrast=1.0, depth=0.0, flipHoriz=False, flipVert=False, font='Arial', fontFiles=[], height=0.04, italic=False, languageStyle='LTR', name='ThankyouMssg', opacity=1.0, ori=0, pos=array([0. , 0.2]), rgb=array([255., 255., 255.]), text=str(...), units='height', win=Window(...), wrapWidth=1)
11.0292 	EXP 	Created ExitTxt = TextStim(__class__=<class 'psychopy.visual.text.TextStim'>, alignHoriz=method-wrapper(...), alignText='center', alignVert=method-wrapper(...), anchorHoriz='center', anchorVert='center', antialias=True, autoLog=True, bold=False, color='white', colorSpace='named', contrast=1.0, depth=-2.0, flipHoriz=False, flipVert=False, font='Arial', fontFiles=[], height=0.04, italic=False, languageStyle='LTR', name='ExitTxt', opacity=1.0, ori=0, pos=array([ 0. , -0.4]), rgb=array([255., 255., 255.]), text='Press SPACE to exit the study', units='height', win=Window(...), wrapWidth=1)
11.0386 	EXP 	Created CodeTxt = TextStim(__class__=<class 'psychopy.visual.text.TextStim'>, alignHoriz=method-wrapper(...), alignText='center', alignVert=method-wrapper(...), anchorHoriz='center', anchorVert='center', antialias=True, autoLog=True, bold=False, color='white', colorSpace='named', contrast=1.0, depth=-4.0, flipHoriz=False, flipVert=False, font='Arial', fontFiles=[], height=0.04, italic=False, languageStyle='LTR', name='CodeTxt', opacity=1.0, ori=0, pos=array([ 0.  , -0.22]), rgb=array([255., 255., 255.]), text=str(...), units='height', win=Window(...), wrapWidth=1)
11.0745 	EXP 	CompletionCode: autoLog = True
11.0745 	EXP 	InstructionTxt: autoDraw = True
11.0745 	EXP 	WelcomContinue: autoDraw = True
13.9643 	DATA 	Keypress: space
13.9921 	EXP 	InstructionTxt: autoDraw = False
13.9921 	EXP 	WelcomContinue: autoDraw = False
13.9921 	EXP 	VolumeBeginTxt: autoDraw = True
14.7242 	DATA 	Keypress: space
14.7280 	EXP 	VolumeBeginTxt: autoDraw = False
14.7280 	EXP 	text: autoDraw = True
14.7280 	EXP 	AdjustContinue: autoDraw = True
15.3463 	DATA 	Keypress: space
15.3759 	EXP 	text: autoDraw = False
15.3759 	EXP 	AdjustContinue: autoDraw = False
15.3759 	EXP 	HeadphoneCheckBeing: autoDraw = True
15.3759 	EXP 	HeadphoneContinue: autoDraw = True
16.5148 	DATA 	Keypress: space
16.5741 	EXP 	Imported Headphone_check.xlsx as conditions, 6 conditions, 2 params
16.5762 	EXP 	Created sequence: random, trialTypes=6, nReps=1, seed=None
16.5765 	EXP 	New trial (rep=0, index=0): OrderedDict([('File', 'Headphone/t1_2.wav'), ('Correct', 1)])
16.6026 	EXP 	HeadphoneCheckBeing: autoDraw = False
16.6026 	EXP 	HeadphoneContinue: autoDraw = False
16.6026 	EXP 	CheckTrial: text = '1/6'
16.6026 	EXP 	CheckTrial: autoDraw = True
16.6026 	EXP 	CrossHeadphone: autoDraw = True
21.1249 	EXP 	QuestionTxt: autoDraw = True
21.1418 	EXP 	CheckTrial: autoDraw = False
21.1418 	EXP 	CrossHeadphone: autoDraw = False
22.0853 	DATA 	Keypress: 3
22.0915 	EXP 	QuestionTxt: autoDraw = False
22.0915 	EXP 	CheckTrial: autoDraw = False
22.0915 	EXP 	CrossHeadphone: autoDraw = False
22.0915 	EXP 	FeedbackTxt: text = 'INCORRECT'
22.0915 	EXP 	FeedbackTxt: autoDraw = True
23.0768 	EXP 	New trial (rep=0, index=1): OrderedDict([('File', 'Headphone/t2_2.wav'), ('Correct', 2)])
23.0988 	EXP 	FeedbackTxt: autoDraw = False
23.0988 	EXP 	FeedbackTxt: autoDraw = False
23.0988 	EXP 	CheckTrial: text = '2/6'
23.0988 	EXP 	CheckTrial: autoDraw = True
23.0988 	EXP 	CrossHeadphone: autoDraw = True
27.6248 	EXP 	QuestionTxt: autoDraw = True
27.6416 	EXP 	CheckTrial: autoDraw = False
27.6416 	EXP 	CrossHeadphone: autoDraw = False
28.1502 	DATA 	Keypress: 3
28.1578 	EXP 	QuestionTxt: autoDraw = False
28.1578 	EXP 	CheckTrial: autoDraw = False
28.1578 	EXP 	CrossHeadphone: autoDraw = False
28.1578 	EXP 	FeedbackTxt: text = 'INCORRECT'
28.1578 	EXP 	FeedbackTxt: autoDraw = True
29.1431 	EXP 	New trial (rep=0, index=2): OrderedDict([('File', 'Headphone/t3_1.wav'), ('Correct', 3)])
29.1655 	EXP 	FeedbackTxt: autoDraw = False
29.1655 	EXP 	FeedbackTxt: autoDraw = False
29.1655 	EXP 	CheckTrial: text = '3/6'
29.1655 	EXP 	CheckTrial: autoDraw = True
29.1655 	EXP 	CrossHeadphone: autoDraw = True
33.6917 	EXP 	QuestionTxt: autoDraw = True
33.7083 	EXP 	CheckTrial: autoDraw = False
33.7083 	EXP 	CrossHeadphone: autoDraw = False
34.2833 	DATA 	Keypress: 2
34.2915 	EXP 	QuestionTxt: autoDraw = False
34.2915 	EXP 	CheckTrial: autoDraw = False
34.2915 	EXP 	CrossHeadphone: autoDraw = False
34.2915 	EXP 	FeedbackTxt: text = 'INCORRECT'
34.2915 	EXP 	FeedbackTxt: autoDraw = True
35.2771 	EXP 	New trial (rep=0, index=3): OrderedDict([('File', 'Headphone/t2_1.wav'), ('Correct', 2)])
35.2993 	EXP 	FeedbackTxt: autoDraw = False
35.2993 	EXP 	FeedbackTxt: autoDraw = False
35.2993 	EXP 	CheckTrial: text = '4/6'
35.2993 	EXP 	CheckTrial: autoDraw = True
35.2993 	EXP 	CrossHeadphone: autoDraw = True
39.8246 	EXP 	QuestionTxt: autoDraw = True
39.8413 	EXP 	CheckTrial: autoDraw = False
39.8413 	EXP 	CrossHeadphone: autoDraw = False
40.5830 	DATA 	Keypress: 1
40.5912 	EXP 	QuestionTxt: autoDraw = False
40.5912 	EXP 	CheckTrial: autoDraw = False
40.5912 	EXP 	CrossHeadphone: autoDraw = False
40.5912 	EXP 	FeedbackTxt: text = 'INCORRECT'
40.5912 	EXP 	FeedbackTxt: autoDraw = True
41.5781 	EXP 	New trial (rep=0, index=4): OrderedDict([('File', 'Headphone/t3_2.wav'), ('Correct', 3)])
41.6200 	EXP 	FeedbackTxt: autoDraw = False
41.6200 	EXP 	FeedbackTxt: autoDraw = False
41.6200 	EXP 	CheckTrial: text = '5/6'
41.6200 	EXP 	CheckTrial: autoDraw = True
41.6200 	EXP 	CrossHeadphone: autoDraw = True
46.1399 	EXP 	QuestionTxt: autoDraw = True
46.1564 	EXP 	CheckTrial: autoDraw = False
46.1564 	EXP 	CrossHeadphone: autoDraw = False
46.9981 	DATA 	Keypress: 3
47.0366 	EXP 	QuestionTxt: autoDraw = False
47.0366 	EXP 	CheckTrial: autoDraw = False
47.0366 	EXP 	CrossHeadphone: autoDraw = False
47.0366 	EXP 	FeedbackTxt: text = 'CORRECT'
47.0366 	EXP 	FeedbackTxt: autoDraw = True
48.0242 	EXP 	New trial (rep=0, index=5): OrderedDict([('File', 'Headphone/t1_1.wav'), ('Correct', 1)])
48.0460 	EXP 	FeedbackTxt: autoDraw = False
48.0460 	EXP 	CheckTrial: text = '6/6'
48.0460 	EXP 	CheckTrial: autoDraw = True
48.0460 	EXP 	CrossHeadphone: autoDraw = True
52.5746 	EXP 	QuestionTxt: autoDraw = True
52.5915 	EXP 	CheckTrial: autoDraw = False
52.5915 	EXP 	CrossHeadphone: autoDraw = False
53.0872 	DATA 	Keypress: 2
53.0909 	EXP 	QuestionTxt: autoDraw = False
53.0909 	EXP 	CheckTrial: autoDraw = False
53.0909 	EXP 	CrossHeadphone: autoDraw = False
53.0909 	EXP 	FeedbackTxt: text = 'INCORRECT'
53.0909 	EXP 	FeedbackTxt: autoDraw = True
54.0926 	EXP 	FeedbackTxt: autoDraw = False
54.0926 	EXP 	FeedbackTxt: autoDraw = False
54.0926 	EXP 	WelcomeTxt1: autoDraw = True
54.0926 	EXP 	ContinueKey1: autoDraw = True
56.2169 	DATA 	Keypress: space
56.2251 	EXP 	WelcomeTxt1: autoDraw = False
56.2251 	EXP 	ContinueKey1: autoDraw = False
56.2251 	EXP 	Welcome2Txt: autoDraw = True
56.2251 	EXP 	Continue2: autoDraw = True
57.3469 	DATA 	Keypress: space
57.3747 	EXP 	Welcome2Txt: autoDraw = False
57.3747 	EXP 	Continue2: autoDraw = False
57.3747 	EXP 	InstructionTxt2: autoDraw = True
57.3747 	EXP 	WelcomeContinue2: autoDraw = True
58.4498 	EXP 	Imported GuessSounds_conditions.xlsx as conditions, 5 conditions, 3 params
58.4502 	EXP 	Created sequence: sequential, trialTypes=5, nReps=1, seed=None
58.4506 	EXP 	New trial (rep=0, index=0): OrderedDict([('SoundFile', 'Practice/Seagull_A.wav'), ('Correct2', 3), ('Type', 'NEW')])
58.4715 	DATA 	Keypress: space
58.4749 	EXP 	InstructionTxt2: autoDraw = False
58.4749 	EXP 	WelcomeContinue2: autoDraw = False
58.4749 	EXP 	TrialNumber: text = 'Trial 1'
58.4749 	EXP 	TrialNumber: autoDraw = True
58.4749 	EXP 	PracticeCross: autoDraw = True
60.7496 	EXP 	TrialNumber: autoDraw = False
60.7496 	EXP 	PracticeCross: autoDraw = False
60.7496 	EXP 	TrialNumber: autoDraw = False
60.7496 	EXP 	PracticeCross: autoDraw = False
60.7496 	EXP 	PracticeMssg: text = 'This is a NEW sound. \nThis sound has never been played before.'
60.7496 	EXP 	PracticeMssg: autoDraw = True
60.7496 	EXP 	FeedbackCross: autoDraw = True
60.7496 	EXP 	Continue: autoDraw = True
60.7496 	EXP 	Options: autoDraw = True
61.9148 	DATA 	Keypress: 3
61.9437 	EXP 	PracticeMssg: autoDraw = False
61.9437 	EXP 	FeedbackCross: autoDraw = False
61.9437 	EXP 	Continue: autoDraw = False
61.9437 	EXP 	Options: autoDraw = False
61.9437 	EXP 	FeedbackMssg: text = 'CORRECT'
61.9437 	EXP 	FeedbackMssg: autoDraw = True
62.9291 	EXP 	New trial (rep=0, index=1): OrderedDict([('SoundFile', 'Practice/Skid_B.wav'), ('Correct2', 3), ('Type', 'NEW')])
62.9544 	EXP 	FeedbackMssg: autoDraw = False
62.9544 	EXP 	FeedbackMssg: autoDraw = False
62.9544 	EXP 	TrialNumber: text = 'Trial 2'
62.9544 	EXP 	TrialNumber: autoDraw = True
62.9544 	EXP 	PracticeCross: autoDraw = True
65.0580 	EXP 	TrialNumber: autoDraw = False
65.0580 	EXP 	PracticeCross: autoDraw = False
65.0580 	EXP 	TrialNumber: autoDraw = False
65.0580 	EXP 	PracticeCross: autoDraw = False
65.0580 	EXP 	PracticeMssg: text = 'This is a NEW sound. \nThis sound has never been played before.'
65.0580 	EXP 	PracticeMssg: autoDraw = True
65.0580 	EXP 	FeedbackCross: autoDraw = True
65.0580 	EXP 	Continue: autoDraw = True
65.0580 	EXP 	Options: autoDraw = True
65.4153 	DATA 	Keypress: 3
65.4242 	EXP 	PracticeMssg: autoDraw = False
65.4242 	EXP 	FeedbackCross: autoDraw = False
65.4242 	EXP 	Continue: autoDraw = False
65.4242 	EXP 	Options: autoDraw = False
65.4242 	EXP 	FeedbackMssg: text = 'CORRECT'
65.4242 	EXP 	FeedbackMssg: autoDraw = True
66.4094 	EXP 	New trial (rep=0, index=2): OrderedDict([('SoundFile', 'Practice/Seagull_A.wav'), ('Correct2', 1), ('Type', 'OLD')])
66.4241 	EXP 	FeedbackMssg: autoDraw = False
66.4241 	EXP 	FeedbackMssg: autoDraw = False
66.4241 	EXP 	TrialNumber: text = 'Trial 3'
66.4241 	EXP 	TrialNumber: autoDraw = True
66.4241 	EXP 	PracticeCross: autoDraw = True
68.6970 	EXP 	TrialNumber: autoDraw = False
68.6970 	EXP 	PracticeCross: autoDraw = False
68.6970 	EXP 	TrialNumber: autoDraw = False
68.6970 	EXP 	PracticeCross: autoDraw = False
68.6970 	EXP 	PracticeMssg: text = 'This is a REPEAT sound. \nThe exact same sound has been played previously.'
68.6970 	EXP 	PracticeMssg: autoDraw = True
68.6970 	EXP 	FeedbackCross: autoDraw = True
68.6970 	EXP 	Continue: autoDraw = True
68.6970 	EXP 	Options: autoDraw = True
69.1324 	DATA 	Keypress: 1
69.1407 	EXP 	PracticeMssg: autoDraw = False
69.1407 	EXP 	FeedbackCross: autoDraw = False
69.1407 	EXP 	Continue: autoDraw = False
69.1407 	EXP 	Options: autoDraw = False
69.1407 	EXP 	FeedbackMssg: text = 'CORRECT'
69.1407 	EXP 	FeedbackMssg: autoDraw = True
70.1259 	EXP 	New trial (rep=0, index=3): OrderedDict([('SoundFile', 'Practice/Gargle_A.wav'), ('Correct2', 3), ('Type', 'NEW')])
70.1500 	EXP 	FeedbackMssg: autoDraw = False
70.1500 	EXP 	FeedbackMssg: autoDraw = False
70.1500 	EXP 	TrialNumber: text = 'Trial 4'
70.1500 	EXP 	TrialNumber: autoDraw = True
70.1500 	EXP 	PracticeCross: autoDraw = True
72.4246 	EXP 	TrialNumber: autoDraw = False
72.4246 	EXP 	PracticeCross: autoDraw = False
72.4246 	EXP 	TrialNumber: autoDraw = False
72.4246 	EXP 	PracticeCross: autoDraw = False
72.4246 	EXP 	PracticeMssg: text = 'This is a NEW sound. \nThis sound has never been played before.'
72.4246 	EXP 	PracticeMssg: autoDraw = True
72.4246 	EXP 	FeedbackCross: autoDraw = True
72.4246 	EXP 	Continue: autoDraw = True
72.4246 	EXP 	Options: autoDraw = True
73.2820 	DATA 	Keypress: 3
73.2910 	EXP 	PracticeMssg: autoDraw = False
73.2910 	EXP 	FeedbackCross: autoDraw = False
73.2910 	EXP 	Continue: autoDraw = False
73.2910 	EXP 	Options: autoDraw = False
73.2910 	EXP 	FeedbackMssg: text = 'CORRECT'
73.2910 	EXP 	FeedbackMssg: autoDraw = True
74.2767 	EXP 	New trial (rep=0, index=4): OrderedDict([('SoundFile', 'Practice/Gargle_B.wav'), ('Correct2', 2), ('Type', 'SIMILAR')])
74.2989 	EXP 	FeedbackMssg: autoDraw = False
74.2989 	EXP 	FeedbackMssg: autoDraw = False
74.2989 	EXP 	TrialNumber: text = 'Trial 5'
74.2989 	EXP 	TrialNumber: autoDraw = True
74.2989 	EXP 	PracticeCross: autoDraw = True
76.3408 	EXP 	TrialNumber: autoDraw = False
76.3408 	EXP 	PracticeCross: autoDraw = False
76.3605 	EXP 	TrialNumber: autoDraw = False
76.3605 	EXP 	PracticeCross: autoDraw = False
76.3605 	EXP 	PracticeMssg: text = 'This is a SIMILAR sound. \nThis sound is similar but not identical to a previously played sound.'
76.3605 	EXP 	PracticeMssg: autoDraw = True
76.3605 	EXP 	FeedbackCross: autoDraw = True
76.3605 	EXP 	Continue: autoDraw = True
76.3605 	EXP 	Options: autoDraw = True
76.9156 	DATA 	Keypress: 2
76.9239 	EXP 	PracticeMssg: autoDraw = False
76.9239 	EXP 	FeedbackCross: autoDraw = False
76.9239 	EXP 	Continue: autoDraw = False
76.9239 	EXP 	Options: autoDraw = False
76.9239 	EXP 	FeedbackMssg: text = 'CORRECT'
76.9239 	EXP 	FeedbackMssg: autoDraw = True
77.9245 	EXP 	FeedbackMssg: autoDraw = False
77.9245 	EXP 	FeedbackMssg: autoDraw = False
77.9245 	EXP 	StartTxt: autoDraw = True
77.9245 	EXP 	ContinueStart: autoDraw = True
80.0954 	EXP 	Imported GuessSounds_conditions.xlsx as conditions, 109 conditions, 3 params
80.0959 	EXP 	Created sequence: sequential, trialTypes=109, nReps=1, seed=None
80.0962 	EXP 	New trial (rep=0, index=0): OrderedDict([('SoundFile', 'Initial/NoRepeat/Elephant_A.wav'), ('Correct2', 3), ('Type', 'NEW')])
80.0996 	DATA 	Keypress: space
80.1034 	EXP 	StartTxt: autoDraw = False
80.1034 	EXP 	ContinueStart: autoDraw = False
80.1034 	EXP 	no_3: autoDraw = True
81.5658 	EXP 	no_3: autoDraw = False
81.5658 	EXP 	ItemNumber: text = '1/128'
81.5658 	EXP 	Cross: autoDraw = True
81.5658 	EXP 	ItemNumber: autoDraw = True
84.6245 	EXP 	Cross: autoDraw = False
84.6245 	EXP 	ItemNumber: autoDraw = False
84.6245 	EXP 	Cross: autoDraw = False
84.6245 	EXP 	ItemNumber: autoDraw = False
84.6245 	EXP 	MSTQuestion: autoDraw = True
88.1468 	EXP 	New trial (rep=0, index=1): OrderedDict([('SoundFile', 'Initial/Doubled/Coin_A.wav'), ('Correct2', 3), ('Type', 'NEW')])
88.1494 	DATA 	Keypress: 3
88.1571 	EXP 	MSTQuestion: autoDraw = False
88.1571 	EXP 	no_3: autoDraw = True
89.6651 	EXP 	no_3: autoDraw = False
89.6651 	EXP 	no_3: autoDraw = False
89.6651 	EXP 	ItemNumber: text = '2/128'
89.6651 	EXP 	Cross: autoDraw = True
89.6651 	EXP 	ItemNumber: autoDraw = True
91.2748 	EXP 	Cross: autoDraw = False
91.2748 	EXP 	ItemNumber: autoDraw = False
91.2748 	EXP 	Cross: autoDraw = False
91.2748 	EXP 	ItemNumber: autoDraw = False
91.2748 	EXP 	MSTQuestion: autoDraw = True
92.3625 	EXP 	New trial (rep=0, index=2): OrderedDict([('SoundFile', 'Initial/Doubled/Cuckoo_A.wav'), ('Correct2', 3), ('Type', 'NEW')])
92.3653 	DATA 	Keypress: 3
92.3737 	EXP 	MSTQuestion: autoDraw = False
92.3737 	EXP 	no_3: autoDraw = True
93.8798 	EXP 	no_3: autoDraw = False
93.8798 	EXP 	no_3: autoDraw = False
93.8798 	EXP 	ItemNumber: text = '3/128'
93.8798 	EXP 	Cross: autoDraw = True
93.8798 	EXP 	ItemNumber: autoDraw = True
96.3746 	EXP 	Cross: autoDraw = False
96.3746 	EXP 	ItemNumber: autoDraw = False
96.3746 	EXP 	Cross: autoDraw = False
96.3746 	EXP 	ItemNumber: autoDraw = False
96.3746 	EXP 	MSTQuestion: autoDraw = True
96.9494 	EXP 	New trial (rep=0, index=3): OrderedDict([('SoundFile', 'Initial/Doubled/Piano_A.wav'), ('Correct2', 3), ('Type', 'NEW')])
96.9545 	DATA 	Keypress: 3
96.9587 	EXP 	MSTQuestion: autoDraw = False
96.9587 	EXP 	no_3: autoDraw = True
98.4824 	EXP 	no_3: autoDraw = False
98.4824 	EXP 	ItemNumber: text = '4/128'
98.4824 	EXP 	Cross: autoDraw = True
98.4824 	EXP 	ItemNumber: autoDraw = True
101.3583 	EXP 	Cross: autoDraw = False
101.3583 	EXP 	ItemNumber: autoDraw = False
101.3583 	EXP 	Cross: autoDraw = False
101.3583 	EXP 	ItemNumber: autoDraw = False
101.3583 	EXP 	MSTQuestion: autoDraw = True
101.6966 	DATA 	Keypress: 3
101.7126 	EXP 	New trial (rep=0, index=4): OrderedDict([('SoundFile', 'Initial/Doubled/Siren_A.wav'), ('Correct2', 3), ('Type', 'NEW')])
101.7239 	EXP 	MSTQuestion: autoDraw = False
101.7239 	EXP 	no_3: autoDraw = True
103.2331 	EXP 	no_3: autoDraw = False
103.2331 	EXP 	no_3: autoDraw = False
103.2331 	EXP 	ItemNumber: text = '5/128'
103.2331 	EXP 	Cross: autoDraw = True
103.2331 	EXP 	ItemNumber: autoDraw = True
106.0249 	EXP 	Cross: autoDraw = False
106.0249 	EXP 	ItemNumber: autoDraw = False
106.0249 	EXP 	Cross: autoDraw = False
106.0249 	EXP 	ItemNumber: autoDraw = False
106.0249 	EXP 	MSTQuestion: autoDraw = True
106.4122 	EXP 	New trial (rep=0, index=5): OrderedDict([('SoundFile', 'Test/Foils/Bird.wav'), ('Correct2', 3), ('Type', 'NEW')])
106.4151 	DATA 	Keypress: 3
106.4236 	EXP 	MSTQuestion: autoDraw = False
106.4236 	EXP 	no_3: autoDraw = True
107.9349 	EXP 	no_3: autoDraw = False
107.9349 	EXP 	no_3: autoDraw = False
107.9349 	EXP 	ItemNumber: text = '6/128'
107.9349 	EXP 	Cross: autoDraw = True
107.9349 	EXP 	ItemNumber: autoDraw = True
110.6415 	EXP 	Cross: autoDraw = False
110.6415 	EXP 	ItemNumber: autoDraw = False
110.6415 	EXP 	Cross: autoDraw = False
110.6415 	EXP 	ItemNumber: autoDraw = False
110.6415 	EXP 	MSTQuestion: autoDraw = True
111.0465 	EXP 	New trial (rep=0, index=6): OrderedDict([('SoundFile', 'Initial/Doubled/Cat_A.wav'), ('Correct2', 3), ('Type', 'NEW')])
111.0491 	DATA 	Keypress: 3
111.0570 	EXP 	MSTQuestion: autoDraw = False
111.0570 	EXP 	no_3: autoDraw = True
112.5648 	EXP 	no_3: autoDraw = False
112.5648 	EXP 	no_3: autoDraw = False
112.5648 	EXP 	ItemNumber: text = '7/128'
112.5648 	EXP 	Cross: autoDraw = True
112.5648 	EXP 	ItemNumber: autoDraw = True
113.9914 	EXP 	Cross: autoDraw = False
113.9914 	EXP 	ItemNumber: autoDraw = False
113.9914 	EXP 	Cross: autoDraw = False
113.9914 	EXP 	ItemNumber: autoDraw = False
113.9914 	EXP 	MSTQuestion: autoDraw = True
114.5956 	EXP 	New trial (rep=0, index=7): OrderedDict([('SoundFile', 'Initial/NoRepeat/Baby_B.wav'), ('Correct2', 3), ('Type', 'NEW')])
114.5983 	DATA 	Keypress: 3
114.6069 	EXP 	MSTQuestion: autoDraw = False
114.6069 	EXP 	no_3: autoDraw = True
116.1219 	EXP 	no_3: autoDraw = False
116.1219 	EXP 	no_3: autoDraw = False
116.1219 	EXP 	ItemNumber: text = '8/128'
116.1219 	EXP 	Cross: autoDraw = True
116.1219 	EXP 	ItemNumber: autoDraw = True
119.1581 	EXP 	Cross: autoDraw = False
119.1581 	EXP 	ItemNumber: autoDraw = False
119.1581 	EXP 	Cross: autoDraw = False
119.1581 	EXP 	ItemNumber: autoDraw = False
119.1581 	EXP 	MSTQuestion: autoDraw = True
119.4796 	EXP 	New trial (rep=0, index=8): OrderedDict([('SoundFile', 'Initial/Doubled/Writing_A.wav'), ('Correct2', 3), ('Type', 'NEW')])
119.4827 	DATA 	Keypress: 3
119.4907 	EXP 	MSTQuestion: autoDraw = False
119.4907 	EXP 	no_3: autoDraw = True
121.0136 	EXP 	no_3: autoDraw = False
121.0136 	EXP 	no_3: autoDraw = False
121.0136 	EXP 	ItemNumber: text = '9/128'
121.0136 	EXP 	Cross: autoDraw = True
121.0136 	EXP 	ItemNumber: autoDraw = True
123.7076 	EXP 	Cross: autoDraw = False
123.7076 	EXP 	ItemNumber: autoDraw = False
123.7076 	EXP 	Cross: autoDraw = False
123.7076 	EXP 	ItemNumber: autoDraw = False
123.7076 	EXP 	MSTQuestion: autoDraw = True
124.1121 	EXP 	New trial (rep=0, index=9): OrderedDict([('SoundFile', 'Piano_B.wav'), ('Correct2', 2), ('Type', 'SIMILAR')])
124.1152 	DATA 	Keypress: 3
124.1234 	EXP 	MSTQuestion: autoDraw = False
124.1234 	EXP 	no_3: autoDraw = True
125.6331 	EXP 	no_3: autoDraw = False
125.6331 	EXP 	no_3: autoDraw = False
125.6331 	EXP 	ItemNumber: text = '10/128'
125.6331 	EXP 	Cross: autoDraw = True
125.6331 	EXP 	ItemNumber: autoDraw = True
128.2912 	EXP 	Cross: autoDraw = False
128.2912 	EXP 	ItemNumber: autoDraw = False
128.2912 	EXP 	Cross: autoDraw = False
128.2912 	EXP 	ItemNumber: autoDraw = False
128.2912 	EXP 	MSTQuestion: autoDraw = True
128.9964 	DATA 	Keypress: 2
129.0121 	EXP 	New trial (rep=0, index=10): OrderedDict([('SoundFile', 'Initial/NoRepeat/Sleighbells_B.wav'), ('Correct2', 3), ('Type', 'NEW')])
129.0235 	EXP 	MSTQuestion: autoDraw = False
129.0235 	EXP 	no_3: autoDraw = True
130.5300 	EXP 	no_3: autoDraw = False
130.5300 	EXP 	no_3: autoDraw = False
130.5300 	EXP 	ItemNumber: text = '11/128'
130.5300 	EXP 	Cross: autoDraw = True
130.5300 	EXP 	ItemNumber: autoDraw = True
132.9576 	EXP 	Cross: autoDraw = False
132.9576 	EXP 	ItemNumber: autoDraw = False
132.9576 	EXP 	Cross: autoDraw = False
132.9576 	EXP 	ItemNumber: autoDraw = False
132.9576 	EXP 	MSTQuestion: autoDraw = True
133.4122 	EXP 	New trial (rep=0, index=11): OrderedDict([('SoundFile', 'Test/Foils/Typing.wav'), ('Correct2', 3), ('Type', 'NEW')])
133.4160 	DATA 	Keypress: 3
133.4232 	EXP 	MSTQuestion: autoDraw = False
133.4232 	EXP 	no_3: autoDraw = True
134.9307 	EXP 	no_3: autoDraw = False
134.9307 	EXP 	no_3: autoDraw = False
134.9307 	EXP 	ItemNumber: text = '12/128'
134.9307 	EXP 	Cross: autoDraw = True
134.9307 	EXP 	ItemNumber: autoDraw = True
137.7912 	EXP 	Cross: autoDraw = False
137.7912 	EXP 	ItemNumber: autoDraw = False
137.7912 	EXP 	Cross: autoDraw = False
137.7912 	EXP 	ItemNumber: autoDraw = False
137.7912 	EXP 	MSTQuestion: autoDraw = True
138.7790 	EXP 	New trial (rep=0, index=12): OrderedDict([('SoundFile', 'Initial/Repeat/Pour.wav'), ('Correct2', 3), ('Type', 'NEW')])
138.7817 	DATA 	Keypress: 3
138.7902 	EXP 	MSTQuestion: autoDraw = False
138.7902 	EXP 	no_3: autoDraw = True
140.2958 	EXP 	no_3: autoDraw = False
140.2958 	EXP 	no_3: autoDraw = False
140.2958 	EXP 	ItemNumber: text = '13/128'
140.2958 	EXP 	Cross: autoDraw = True
140.2958 	EXP 	ItemNumber: autoDraw = True
142.8743 	EXP 	Cross: autoDraw = False
142.8743 	EXP 	ItemNumber: autoDraw = False
142.8743 	EXP 	Cross: autoDraw = False
142.8743 	EXP 	ItemNumber: autoDraw = False
142.8743 	EXP 	MSTQuestion: autoDraw = True
143.6956 	EXP 	New trial (rep=0, index=13): OrderedDict([('SoundFile', 'Initial/Doubled/HairDryer_A.wav'), ('Correct2', 3), ('Type', 'NEW')])
143.6983 	DATA 	Keypress: 3
143.7064 	EXP 	MSTQuestion: autoDraw = False
143.7064 	EXP 	no_3: autoDraw = True
145.2141 	EXP 	no_3: autoDraw = False
145.2141 	EXP 	no_3: autoDraw = False
145.2141 	EXP 	ItemNumber: text = '14/128'
145.2141 	EXP 	Cross: autoDraw = True
145.2141 	EXP 	ItemNumber: autoDraw = True
147.7910 	EXP 	Cross: autoDraw = False
147.7910 	EXP 	ItemNumber: autoDraw = False
147.7910 	EXP 	Cross: autoDraw = False
147.7910 	EXP 	ItemNumber: autoDraw = False
147.7910 	EXP 	MSTQuestion: autoDraw = True
148.1314 	EXP 	New trial (rep=0, index=14): OrderedDict([('SoundFile', 'Initial/Doubled/Cuckoo_A.wav'), ('Correct2', 1), ('Type', 'OLD')])
148.1361 	DATA 	Keypress: 3
148.1403 	EXP 	MSTQuestion: autoDraw = False
148.1403 	EXP 	no_3: autoDraw = True
149.6525 	EXP 	no_3: autoDraw = False
149.6525 	EXP 	no_3: autoDraw = False
149.6525 	EXP 	ItemNumber: text = '15/128'
149.6525 	EXP 	Cross: autoDraw = True
149.6525 	EXP 	ItemNumber: autoDraw = True
152.1405 	EXP 	Cross: autoDraw = False
152.1405 	EXP 	ItemNumber: autoDraw = False
152.1405 	EXP 	Cross: autoDraw = False
152.1405 	EXP 	ItemNumber: autoDraw = False
152.1405 	EXP 	MSTQuestion: autoDraw = True
152.5458 	EXP 	New trial (rep=0, index=15): OrderedDict([('SoundFile', 'Initial/Doubled/Chime_A.wav'), ('Correct2', 3), ('Type', 'NEW')])
152.5489 	DATA 	Keypress: 1
152.5564 	EXP 	MSTQuestion: autoDraw = False
152.5564 	EXP 	no_3: autoDraw = True
154.0806 	EXP 	no_3: autoDraw = False
154.0806 	EXP 	no_3: autoDraw = False
154.0806 	EXP 	ItemNumber: text = '16/128'
154.0806 	EXP 	Cross: autoDraw = True
154.0806 	EXP 	ItemNumber: autoDraw = True
156.9073 	EXP 	Cross: autoDraw = False
156.9073 	EXP 	ItemNumber: autoDraw = False
156.9073 	EXP 	Cross: autoDraw = False
156.9073 	EXP 	ItemNumber: autoDraw = False
156.9073 	EXP 	MSTQuestion: autoDraw = True
157.2792 	EXP 	New trial (rep=0, index=16): OrderedDict([('SoundFile', 'Initial/NoRepeat/Fireworks.wav'), ('Correct2', 3), ('Type', 'NEW')])
157.2821 	DATA 	Keypress: 3
157.2896 	EXP 	MSTQuestion: autoDraw = False
157.2896 	EXP 	no_3: autoDraw = True
158.7966 	EXP 	no_3: autoDraw = False
158.7966 	EXP 	no_3: autoDraw = False
158.7966 	EXP 	ItemNumber: text = '17/128'
158.7966 	EXP 	Cross: autoDraw = True
158.7966 	EXP 	ItemNumber: autoDraw = True
161.7572 	EXP 	Cross: autoDraw = False
161.7572 	EXP 	ItemNumber: autoDraw = False
161.7572 	EXP 	Cross: autoDraw = False
161.7572 	EXP 	ItemNumber: autoDraw = False
161.7572 	EXP 	MSTQuestion: autoDraw = True
162.3624 	EXP 	New trial (rep=0, index=17): OrderedDict([('SoundFile', 'Baby_A.wav'), ('Correct2', 2), ('Type', 'SIMILAR')])
162.3651 	DATA 	Keypress: 3
162.3730 	EXP 	MSTQuestion: autoDraw = False
162.3730 	EXP 	no_3: autoDraw = True
163.8730 	EXP 	no_3: autoDraw = False
163.8730 	EXP 	no_3: autoDraw = False
163.8730 	EXP 	ItemNumber: text = '18/128'
163.8730 	EXP 	Cross: autoDraw = True
163.8730 	EXP 	ItemNumber: autoDraw = True
166.4737 	EXP 	Cross: autoDraw = False
166.4737 	EXP 	ItemNumber: autoDraw = False
166.4737 	EXP 	Cross: autoDraw = False
166.4737 	EXP 	ItemNumber: autoDraw = False
166.4737 	EXP 	MSTQuestion: autoDraw = True
167.1457 	EXP 	New trial (rep=0, index=18): OrderedDict([('SoundFile', 'Test/Foils/DialTone.wav'), ('Correct2', 3), ('Type', 'NEW')])
167.1489 	DATA 	Keypress: 2
167.1563 	EXP 	MSTQuestion: autoDraw = False
167.1563 	EXP 	no_3: autoDraw = True
168.6668 	EXP 	no_3: autoDraw = False
168.6668 	EXP 	no_3: autoDraw = False
168.6668 	EXP 	ItemNumber: text = '19/128'
168.6668 	EXP 	Cross: autoDraw = True
168.6668 	EXP 	ItemNumber: autoDraw = True
171.1743 	EXP 	Cross: autoDraw = False
171.1743 	EXP 	ItemNumber: autoDraw = False
171.1743 	EXP 	Cross: autoDraw = False
171.1743 	EXP 	ItemNumber: autoDraw = False
171.1743 	EXP 	MSTQuestion: autoDraw = True
171.5460 	EXP 	New trial (rep=0, index=19): OrderedDict([('SoundFile', 'Siren_B.wav'), ('Correct2', 2), ('Type', 'SIMILAR')])
171.5493 	DATA 	Keypress: 3
171.5563 	EXP 	MSTQuestion: autoDraw = False
171.5563 	EXP 	no_3: autoDraw = True
173.0643 	EXP 	no_3: autoDraw = False
173.0643 	EXP 	no_3: autoDraw = False
173.0643 	EXP 	ItemNumber: text = '20/128'
173.0643 	EXP 	Cross: autoDraw = True
173.0643 	EXP 	ItemNumber: autoDraw = True
176.1236 	EXP 	Cross: autoDraw = False
176.1236 	EXP 	ItemNumber: autoDraw = False
176.1236 	EXP 	Cross: autoDraw = False
176.1236 	EXP 	ItemNumber: autoDraw = False
176.1236 	EXP 	MSTQuestion: autoDraw = True
176.6115 	EXP 	New trial (rep=0, index=20): OrderedDict([('SoundFile', 'Initial/Repeat/Sneeze_B.wav'), ('Correct2', 3), ('Type', 'NEW')])
176.6145 	DATA 	Keypress: 2
176.6231 	EXP 	MSTQuestion: autoDraw = False
176.6231 	EXP 	no_3: autoDraw = True
178.1302 	EXP 	no_3: autoDraw = False
178.1302 	EXP 	no_3: autoDraw = False
178.1302 	EXP 	ItemNumber: text = '21/128'
178.1302 	EXP 	Cross: autoDraw = True
178.1302 	EXP 	ItemNumber: autoDraw = True
179.3576 	EXP 	Cross: autoDraw = False
179.3576 	EXP 	ItemNumber: autoDraw = False
179.3576 	EXP 	Cross: autoDraw = False
179.3576 	EXP 	ItemNumber: autoDraw = False
179.3576 	EXP 	MSTQuestion: autoDraw = True
179.8980 	EXP 	New trial (rep=0, index=21): OrderedDict([('SoundFile', 'Bird_C.wav'), ('Correct2', 2), ('Type', 'SIMILAR')])
179.9020 	DATA 	Keypress: 3
179.9066 	EXP 	MSTQuestion: autoDraw = False
179.9066 	EXP 	no_3: autoDraw = True
181.4253 	EXP 	no_3: autoDraw = False
181.4253 	EXP 	no_3: autoDraw = False
181.4253 	EXP 	ItemNumber: text = '22/128'
181.4253 	EXP 	Cross: autoDraw = True
181.4253 	EXP 	ItemNumber: autoDraw = True
183.1739 	EXP 	Cross: autoDraw = False
183.1739 	EXP 	ItemNumber: autoDraw = False
183.1739 	EXP 	Cross: autoDraw = False
183.1739 	EXP 	ItemNumber: autoDraw = False
183.1739 	EXP 	MSTQuestion: autoDraw = True
183.8615 	EXP 	New trial (rep=0, index=22): OrderedDict([('SoundFile', 'Pour_D.wav'), ('Correct2', 2), ('Type', 'SIMILAR')])
183.8645 	DATA 	Keypress: 3
183.8728 	EXP 	MSTQuestion: autoDraw = False
183.8728 	EXP 	no_3: autoDraw = True
185.3894 	EXP 	no_3: autoDraw = False
185.3894 	EXP 	no_3: autoDraw = False
185.3894 	EXP 	ItemNumber: text = '23/128'
185.3894 	EXP 	Cross: autoDraw = True
185.3894 	EXP 	ItemNumber: autoDraw = True
188.4406 	EXP 	Cross: autoDraw = False
188.4406 	EXP 	ItemNumber: autoDraw = False
188.4406 	EXP 	Cross: autoDraw = False
188.4406 	EXP 	ItemNumber: autoDraw = False
188.4406 	EXP 	MSTQuestion: autoDraw = True
189.0121 	EXP 	New trial (rep=0, index=23): OrderedDict([('SoundFile', 'Test/Foils/Camera.wav'), ('Correct2', 3), ('Type', 'NEW')])
189.0148 	DATA 	Keypress: 2
189.0231 	EXP 	MSTQuestion: autoDraw = False
189.0231 	EXP 	no_3: autoDraw = True
190.5279 	EXP 	no_3: autoDraw = False
190.5279 	EXP 	no_3: autoDraw = False
190.5279 	EXP 	ItemNumber: text = '24/128'
190.5279 	EXP 	Cross: autoDraw = True
190.5279 	EXP 	ItemNumber: autoDraw = True
191.4903 	EXP 	Cross: autoDraw = False
191.4903 	EXP 	ItemNumber: autoDraw = False
191.4903 	EXP 	Cross: autoDraw = False
191.4903 	EXP 	ItemNumber: autoDraw = False
191.4903 	EXP 	MSTQuestion: autoDraw = True
192.0615 	EXP 	New trial (rep=0, index=24): OrderedDict([('SoundFile', 'Initial/Doubled/Writing_A.wav'), ('Correct2', 1), ('Type', 'OLD')])
192.0644 	DATA 	Keypress: 3
192.0730 	EXP 	MSTQuestion: autoDraw = False
192.0730 	EXP 	no_3: autoDraw = True
193.5727 	EXP 	no_3: autoDraw = False
193.5727 	EXP 	no_3: autoDraw = False
193.5727 	EXP 	ItemNumber: text = '25/128'
193.5727 	EXP 	Cross: autoDraw = True
193.5727 	EXP 	ItemNumber: autoDraw = True
196.2737 	EXP 	Cross: autoDraw = False
196.2737 	EXP 	ItemNumber: autoDraw = False
196.2737 	EXP 	Cross: autoDraw = False
196.2737 	EXP 	ItemNumber: autoDraw = False
196.2737 	EXP 	MSTQuestion: autoDraw = True
196.7444 	DATA 	Keypress: 1
196.7617 	EXP 	New trial (rep=0, index=25): OrderedDict([('SoundFile', 'Test/Foils/Typing.wav'), ('Correct2', 1), ('Type', 'OLD')])
196.7727 	EXP 	MSTQuestion: autoDraw = False
196.7727 	EXP 	no_3: autoDraw = True
198.2728 	EXP 	no_3: autoDraw = False
198.2728 	EXP 	no_3: autoDraw = False
198.2728 	EXP 	ItemNumber: text = '26/128'
198.2728 	EXP 	Cross: autoDraw = True
198.2728 	EXP 	ItemNumber: autoDraw = True
201.1400 	EXP 	Cross: autoDraw = False
201.1400 	EXP 	ItemNumber: autoDraw = False
201.1400 	EXP 	Cross: autoDraw = False
201.1400 	EXP 	ItemNumber: autoDraw = False
201.1400 	EXP 	MSTQuestion: autoDraw = True
201.7294 	EXP 	New trial (rep=0, index=26): OrderedDict([('SoundFile', 'Initial/NoRepeat/Snore_B.wav'), ('Correct2', 3), ('Type', 'NEW')])
201.7325 	DATA 	Keypress: 3
201.7393 	EXP 	MSTQuestion: autoDraw = False
201.7393 	EXP 	no_3: autoDraw = True
203.2562 	EXP 	no_3: autoDraw = False
203.2562 	EXP 	no_3: autoDraw = False
203.2562 	EXP 	ItemNumber: text = '27/128'
203.2562 	EXP 	Cross: autoDraw = True
203.2562 	EXP 	ItemNumber: autoDraw = True
205.6738 	EXP 	Cross: autoDraw = False
205.6738 	EXP 	ItemNumber: autoDraw = False
205.6738 	EXP 	Cross: autoDraw = False
205.6738 	EXP 	ItemNumber: autoDraw = False
205.6738 	EXP 	MSTQuestion: autoDraw = True
206.0444 	EXP 	New trial (rep=0, index=27): OrderedDict([('SoundFile', 'Baby_C.wav'), ('Correct2', 2), ('Type', 'SIMILAR')])
206.0472 	DATA 	Keypress: 3
206.0560 	EXP 	MSTQuestion: autoDraw = False
206.0560 	EXP 	no_3: autoDraw = True
207.5743 	EXP 	no_3: autoDraw = False
207.5743 	EXP 	no_3: autoDraw = False
207.5743 	EXP 	ItemNumber: text = '28/128'
207.5743 	EXP 	Cross: autoDraw = True
207.5743 	EXP 	ItemNumber: autoDraw = True
210.0735 	EXP 	Cross: autoDraw = False
210.0735 	EXP 	ItemNumber: autoDraw = False
210.0735 	EXP 	Cross: autoDraw = False
210.0735 	EXP 	ItemNumber: autoDraw = False
210.0735 	EXP 	MSTQuestion: autoDraw = True
210.6478 	EXP 	New trial (rep=0, index=28): OrderedDict([('SoundFile', 'Siren_C.wav'), ('Correct2', 2), ('Type', 'SIMILAR')])
210.6525 	DATA 	Keypress: 2
210.6567 	EXP 	MSTQuestion: autoDraw = False
210.6567 	EXP 	no_3: autoDraw = True
212.1637 	EXP 	no_3: autoDraw = False
212.1637 	EXP 	no_3: autoDraw = False
212.1637 	EXP 	ItemNumber: text = '29/128'
212.1637 	EXP 	Cross: autoDraw = True
212.1637 	EXP 	ItemNumber: autoDraw = True
214.6401 	EXP 	Cross: autoDraw = False
214.6401 	EXP 	ItemNumber: autoDraw = False
214.6401 	EXP 	Cross: autoDraw = False
214.6401 	EXP 	ItemNumber: autoDraw = False
214.6401 	EXP 	MSTQuestion: autoDraw = True
215.2447 	DATA 	Keypress: 2
216.9813 	EXP 	New trial (rep=0, index=29): OrderedDict([('SoundFile', 'Initial/Doubled/Chime_A.wav'), ('Correct2', 1), ('Type', 'OLD')])
216.9862 	DATA 	Keypress: 2
216.9905 	EXP 	MSTQuestion: autoDraw = False
216.9905 	EXP 	no_3: autoDraw = True
218.5066 	EXP 	no_3: autoDraw = False
218.5066 	EXP 	ItemNumber: text = '30/128'
218.5066 	EXP 	Cross: autoDraw = True
218.5066 	EXP 	ItemNumber: autoDraw = True
221.3407 	EXP 	Cross: autoDraw = False
221.3407 	EXP 	ItemNumber: autoDraw = False
221.3407 	EXP 	Cross: autoDraw = False
221.3407 	EXP 	ItemNumber: autoDraw = False
221.3407 	EXP 	MSTQuestion: autoDraw = True
221.9955 	EXP 	New trial (rep=0, index=30): OrderedDict([('SoundFile', 'Piano_C.wav'), ('Correct2', 2), ('Type', 'SIMILAR')])
221.9984 	DATA 	Keypress: 3
222.0057 	EXP 	MSTQuestion: autoDraw = False
222.0057 	EXP 	no_3: autoDraw = True
223.5809 	EXP 	no_3: autoDraw = False
223.5809 	EXP 	no_3: autoDraw = False
223.5809 	EXP 	ItemNumber: text = '31/128'
223.5809 	EXP 	Cross: autoDraw = True
223.5809 	EXP 	ItemNumber: autoDraw = True
226.5553 	EXP 	Cross: autoDraw = False
226.5553 	EXP 	ItemNumber: autoDraw = False
226.5553 	EXP 	Cross: autoDraw = False
226.5553 	EXP 	ItemNumber: autoDraw = False
226.5553 	EXP 	MSTQuestion: autoDraw = True
227.0934 	DATA 	Keypress: 2
227.1100 	EXP 	New trial (rep=0, index=31): OrderedDict([('SoundFile', 'Initial/NoRepeat/Fireworks.wav'), ('Correct2', 1), ('Type', 'OLD')])
227.1212 	EXP 	MSTQuestion: autoDraw = False
227.1212 	EXP 	no_3: autoDraw = True
228.6214 	EXP 	no_3: autoDraw = False
228.6214 	EXP 	no_3: autoDraw = False
228.6214 	EXP 	ItemNumber: text = '32/128'
228.6214 	EXP 	Cross: autoDraw = True
228.6214 	EXP 	ItemNumber: autoDraw = True
231.5899 	EXP 	Cross: autoDraw = False
231.5899 	EXP 	ItemNumber: autoDraw = False
231.5899 	EXP 	Cross: autoDraw = False
231.5899 	EXP 	ItemNumber: autoDraw = False
231.5899 	EXP 	MSTQuestion: autoDraw = True
232.2809 	EXP 	New trial (rep=0, index=32): OrderedDict([('SoundFile', 'Pour_C.wav'), ('Correct2', 2), ('Type', 'SIMILAR')])
232.2869 	DATA 	Keypress: 3
232.2912 	EXP 	MSTQuestion: autoDraw = False
232.2912 	EXP 	no_3: autoDraw = True
233.8142 	EXP 	no_3: autoDraw = False
233.8142 	EXP 	ItemNumber: text = '33/128'
233.8142 	EXP 	Cross: autoDraw = True
233.8142 	EXP 	ItemNumber: autoDraw = True
236.8232 	EXP 	Cross: autoDraw = False
236.8232 	EXP 	ItemNumber: autoDraw = False
236.8232 	EXP 	Cross: autoDraw = False
236.8232 	EXP 	ItemNumber: autoDraw = False
236.8232 	EXP 	MSTQuestion: autoDraw = True
237.5481 	EXP 	New trial (rep=0, index=33): OrderedDict([('SoundFile', 'Bird_D.wav'), ('Correct2', 2), ('Type', 'SIMILAR')])
237.5548 	DATA 	Keypress: 2
237.5591 	EXP 	MSTQuestion: autoDraw = False
237.5591 	EXP 	no_3: autoDraw = True
239.0722 	EXP 	no_3: autoDraw = False
239.0722 	EXP 	ItemNumber: text = '34/128'
239.0722 	EXP 	Cross: autoDraw = True
239.0722 	EXP 	ItemNumber: autoDraw = True
240.4069 	EXP 	Cross: autoDraw = False
240.4069 	EXP 	ItemNumber: autoDraw = False
240.4069 	EXP 	Cross: autoDraw = False
240.4069 	EXP 	ItemNumber: autoDraw = False
240.4069 	EXP 	MSTQuestion: autoDraw = True
241.6300 	DATA 	Keypress: 3
241.6463 	EXP 	New trial (rep=0, index=34): OrderedDict([('SoundFile', 'Initial/Repeat/Airplane_B.wav'), ('Correct2', 3), ('Type', 'NEW')])
241.6559 	EXP 	MSTQuestion: autoDraw = False
241.6559 	EXP 	no_3: autoDraw = True
243.1700 	EXP 	no_3: autoDraw = False
243.1700 	EXP 	no_3: autoDraw = False
243.1700 	EXP 	ItemNumber: text = '35/128'
243.1700 	EXP 	Cross: autoDraw = True
243.1700 	EXP 	ItemNumber: autoDraw = True
245.7729 	EXP 	Cross: autoDraw = False
245.7729 	EXP 	ItemNumber: autoDraw = False
245.7729 	EXP 	Cross: autoDraw = False
245.7729 	EXP 	ItemNumber: autoDraw = False
245.7729 	EXP 	MSTQuestion: autoDraw = True
246.1160 	DATA 	Keypress: 3
246.1315 	EXP 	New trial (rep=0, index=35): OrderedDict([('SoundFile', 'Initial/Repeat/Buzz.wav'), ('Correct2', 3), ('Type', 'NEW')])
246.1400 	EXP 	MSTQuestion: autoDraw = False
246.1400 	EXP 	no_3: autoDraw = True
247.6396 	EXP 	no_3: autoDraw = False
247.6396 	EXP 	no_3: autoDraw = False
247.6396 	EXP 	ItemNumber: text = '36/128'
247.6396 	EXP 	Cross: autoDraw = True
247.6396 	EXP 	ItemNumber: autoDraw = True
249.9399 	EXP 	Cross: autoDraw = False
249.9399 	EXP 	ItemNumber: autoDraw = False
249.9399 	EXP 	Cross: autoDraw = False
249.9399 	EXP 	ItemNumber: autoDraw = False
249.9399 	EXP 	MSTQuestion: autoDraw = True
250.3971 	EXP 	New trial (rep=0, index=36): OrderedDict([('SoundFile', 'Test/Foils/Donkey.wav'), ('Correct2', 3), ('Type', 'NEW')])
250.4019 	DATA 	Keypress: 3
250.4062 	EXP 	MSTQuestion: autoDraw = False
250.4062 	EXP 	no_3: autoDraw = True
251.9114 	EXP 	no_3: autoDraw = False
251.9114 	EXP 	no_3: autoDraw = False
251.9114 	EXP 	ItemNumber: text = '37/128'
251.9114 	EXP 	Cross: autoDraw = True
251.9114 	EXP 	ItemNumber: autoDraw = True
254.6235 	EXP 	Cross: autoDraw = False
254.6235 	EXP 	ItemNumber: autoDraw = False
254.6235 	EXP 	Cross: autoDraw = False
254.6235 	EXP 	ItemNumber: autoDraw = False
254.6235 	EXP 	MSTQuestion: autoDraw = True
255.3475 	EXP 	New trial (rep=0, index=37): OrderedDict([('SoundFile', 'Initial/Doubled/Cuckoo_A.wav'), ('Correct2', 1), ('Type', 'OLD')])
255.3528 	DATA 	Keypress: 3
255.3570 	EXP 	MSTQuestion: autoDraw = False
255.3570 	EXP 	no_3: autoDraw = True
256.8773 	EXP 	no_3: autoDraw = False
256.8773 	EXP 	ItemNumber: text = '38/128'
256.8773 	EXP 	Cross: autoDraw = True
256.8773 	EXP 	ItemNumber: autoDraw = True
259.3734 	EXP 	Cross: autoDraw = False
259.3734 	EXP 	ItemNumber: autoDraw = False
259.3734 	EXP 	Cross: autoDraw = False
259.3734 	EXP 	ItemNumber: autoDraw = False
259.3734 	EXP 	MSTQuestion: autoDraw = True
260.0793 	DATA 	Keypress: 3
260.0965 	EXP 	New trial (rep=0, index=38): OrderedDict([('SoundFile', 'Initial/Doubled/Chicken_A.wav'), ('Correct2', 3), ('Type', 'NEW')])
260.1054 	EXP 	MSTQuestion: autoDraw = False
260.1054 	EXP 	no_3: autoDraw = True
261.6137 	EXP 	no_3: autoDraw = False
261.6137 	EXP 	no_3: autoDraw = False
261.6137 	EXP 	ItemNumber: text = '39/128'
261.6137 	EXP 	Cross: autoDraw = True
261.6137 	EXP 	ItemNumber: autoDraw = True
263.2894 	EXP 	Cross: autoDraw = False
263.2894 	EXP 	ItemNumber: autoDraw = False
263.2894 	EXP 	Cross: autoDraw = False
263.2894 	EXP 	ItemNumber: autoDraw = False
263.2894 	EXP 	MSTQuestion: autoDraw = True
265.6113 	EXP 	New trial (rep=0, index=39): OrderedDict([('SoundFile', 'Initial/Doubled/Laugh_A.wav'), ('Correct2', 3), ('Type', 'NEW')])
265.6142 	DATA 	Keypress: 3
265.6223 	EXP 	MSTQuestion: autoDraw = False
265.6223 	EXP 	no_3: autoDraw = True
267.1560 	EXP 	no_3: autoDraw = False
267.1560 	EXP 	no_3: autoDraw = False
267.1560 	EXP 	ItemNumber: text = '40/128'
267.1560 	EXP 	Cross: autoDraw = True
267.1560 	EXP 	ItemNumber: autoDraw = True
269.8561 	EXP 	Cross: autoDraw = False
269.8561 	EXP 	ItemNumber: autoDraw = False
269.8561 	EXP 	Cross: autoDraw = False
269.8561 	EXP 	ItemNumber: autoDraw = False
269.8561 	EXP 	MSTQuestion: autoDraw = True
270.5277 	EXP 	New trial (rep=0, index=40): OrderedDict([('SoundFile', 'Test/Foils/Typing.wav'), ('Correct2', 1), ('Type', 'OLD')])
270.5306 	DATA 	Keypress: 3
270.5385 	EXP 	MSTQuestion: autoDraw = False
270.5385 	EXP 	no_3: autoDraw = True
272.0531 	EXP 	no_3: autoDraw = False
272.0531 	EXP 	no_3: autoDraw = False
272.0531 	EXP 	ItemNumber: text = '41/128'
272.0531 	EXP 	Cross: autoDraw = True
272.0531 	EXP 	ItemNumber: autoDraw = True
274.9229 	EXP 	Cross: autoDraw = False
274.9229 	EXP 	ItemNumber: autoDraw = False
274.9229 	EXP 	Cross: autoDraw = False
274.9229 	EXP 	ItemNumber: autoDraw = False
274.9229 	EXP 	MSTQuestion: autoDraw = True
275.5113 	EXP 	New trial (rep=0, index=41): OrderedDict([('SoundFile', 'Initial/Doubled/Cough_A.wav'), ('Correct2', 3), ('Type', 'NEW')])
275.5150 	DATA 	Keypress: 3
275.5221 	EXP 	MSTQuestion: autoDraw = False
275.5221 	EXP 	no_3: autoDraw = True
277.0281 	EXP 	no_3: autoDraw = False
277.0281 	EXP 	no_3: autoDraw = False
277.0281 	EXP 	ItemNumber: text = '42/128'
277.0281 	EXP 	Cross: autoDraw = True
277.0281 	EXP 	ItemNumber: autoDraw = True
278.7397 	EXP 	Cross: autoDraw = False
278.7397 	EXP 	ItemNumber: autoDraw = False
278.7397 	EXP 	Cross: autoDraw = False
278.7397 	EXP 	ItemNumber: autoDraw = False
278.7397 	EXP 	MSTQuestion: autoDraw = True
279.5640 	DATA 	Keypress: 3
279.5804 	EXP 	New trial (rep=0, index=42): OrderedDict([('SoundFile', 'Initial/Doubled/Clap_A.wav'), ('Correct2', 3), ('Type', 'NEW')])
279.5897 	EXP 	MSTQuestion: autoDraw = False
279.5897 	EXP 	no_3: autoDraw = True
281.1101 	EXP 	no_3: autoDraw = False
281.1101 	EXP 	ItemNumber: text = '43/128'
281.1101 	EXP 	Cross: autoDraw = True
281.1101 	EXP 	ItemNumber: autoDraw = True
283.6230 	EXP 	Cross: autoDraw = False
283.6230 	EXP 	ItemNumber: autoDraw = False
283.6230 	EXP 	Cross: autoDraw = False
283.6230 	EXP 	ItemNumber: autoDraw = False
283.6230 	EXP 	MSTQuestion: autoDraw = True
284.2274 	EXP 	New trial (rep=0, index=43): OrderedDict([('SoundFile', 'Initial/Doubled/Writing_A.wav'), ('Correct2', 1), ('Type', 'OLD')])
284.2300 	DATA 	Keypress: 3
284.2384 	EXP 	MSTQuestion: autoDraw = False
284.2384 	EXP 	no_3: autoDraw = True
285.7388 	EXP 	no_3: autoDraw = False
285.7388 	EXP 	no_3: autoDraw = False
285.7388 	EXP 	ItemNumber: text = '44/128'
285.7388 	EXP 	Cross: autoDraw = True
285.7388 	EXP 	ItemNumber: autoDraw = True
288.4397 	EXP 	Cross: autoDraw = False
288.4397 	EXP 	ItemNumber: autoDraw = False
288.4397 	EXP 	Cross: autoDraw = False
288.4397 	EXP 	ItemNumber: autoDraw = False
288.4397 	EXP 	MSTQuestion: autoDraw = True
289.5606 	DATA 	Keypress: 3
289.5775 	EXP 	New trial (rep=0, index=44): OrderedDict([('SoundFile', 'Initial/Doubled/Chomp_A.wav'), ('Correct2', 3), ('Type', 'NEW')])
289.5887 	EXP 	MSTQuestion: autoDraw = False
289.5887 	EXP 	no_3: autoDraw = True
291.1272 	EXP 	no_3: autoDraw = False
291.1272 	EXP 	no_3: autoDraw = False
291.1272 	EXP 	ItemNumber: text = '45/128'
291.1272 	EXP 	Cross: autoDraw = True
291.1272 	EXP 	ItemNumber: autoDraw = True
293.8060 	EXP 	Cross: autoDraw = False
293.8060 	EXP 	ItemNumber: autoDraw = False
293.8060 	EXP 	Cross: autoDraw = False
293.8060 	EXP 	ItemNumber: autoDraw = False
293.8060 	EXP 	MSTQuestion: autoDraw = True
295.0270 	EXP 	New trial (rep=0, index=45): OrderedDict([('SoundFile', 'Initial/Doubled/CarStart_A.wav'), ('Correct2', 3), ('Type', 'NEW')])
295.0297 	DATA 	Keypress: 3
295.0383 	EXP 	MSTQuestion: autoDraw = False
295.0383 	EXP 	no_3: autoDraw = True
296.5461 	EXP 	no_3: autoDraw = False
296.5461 	EXP 	no_3: autoDraw = False
296.5461 	EXP 	ItemNumber: text = '46/128'
296.5461 	EXP 	Cross: autoDraw = True
296.5461 	EXP 	ItemNumber: autoDraw = True
299.0564 	EXP 	Cross: autoDraw = False
299.0564 	EXP 	ItemNumber: autoDraw = False
299.0564 	EXP 	Cross: autoDraw = False
299.0564 	EXP 	ItemNumber: autoDraw = False
299.0564 	EXP 	MSTQuestion: autoDraw = True
300.5606 	EXP 	New trial (rep=0, index=46): OrderedDict([('SoundFile', 'Initial/NoRepeat/Fireworks.wav'), ('Correct2', 1), ('Type', 'OLD')])
300.5633 	DATA 	Keypress: 3
300.5718 	EXP 	MSTQuestion: autoDraw = False
300.5718 	EXP 	no_3: autoDraw = True
302.0883 	EXP 	no_3: autoDraw = False
302.0883 	EXP 	no_3: autoDraw = False
302.0883 	EXP 	ItemNumber: text = '47/128'
302.0883 	EXP 	Cross: autoDraw = True
302.0883 	EXP 	ItemNumber: autoDraw = True
305.0563 	EXP 	Cross: autoDraw = False
305.0563 	EXP 	ItemNumber: autoDraw = False
305.0563 	EXP 	Cross: autoDraw = False
305.0563 	EXP 	ItemNumber: autoDraw = False
305.0563 	EXP 	MSTQuestion: autoDraw = True
306.1450 	DATA 	Keypress: 3
306.1617 	EXP 	New trial (rep=0, index=47): OrderedDict([('SoundFile', 'Initial/NoRepeat/Toilet_B.wav'), ('Correct2', 3), ('Type', 'NEW')])
306.1718 	EXP 	MSTQuestion: autoDraw = False
306.1718 	EXP 	no_3: autoDraw = True
307.7305 	EXP 	no_3: autoDraw = False
307.7305 	EXP 	no_3: autoDraw = False
307.7305 	EXP 	ItemNumber: text = '48/128'
307.7305 	EXP 	Cross: autoDraw = True
307.7305 	EXP 	ItemNumber: autoDraw = True
310.6563 	EXP 	Cross: autoDraw = False
310.6563 	EXP 	ItemNumber: autoDraw = False
310.6563 	EXP 	Cross: autoDraw = False
310.6563 	EXP 	ItemNumber: autoDraw = False
310.6563 	EXP 	MSTQuestion: autoDraw = True
315.4440 	EXP 	New trial (rep=0, index=48): OrderedDict([('SoundFile', 'Initial/Repeat/Bagpipe.wav'), ('Correct2', 3), ('Type', 'NEW')])
315.4468 	DATA 	Keypress: 3
315.4548 	EXP 	MSTQuestion: autoDraw = False
315.4548 	EXP 	no_3: autoDraw = True
316.9731 	EXP 	no_3: autoDraw = False
316.9731 	EXP 	no_3: autoDraw = False
316.9731 	EXP 	ItemNumber: text = '49/128'
316.9731 	EXP 	Cross: autoDraw = True
316.9731 	EXP 	ItemNumber: autoDraw = True
319.3560 	EXP 	Cross: autoDraw = False
319.3560 	EXP 	ItemNumber: autoDraw = False
319.3560 	EXP 	Cross: autoDraw = False
319.3560 	EXP 	ItemNumber: autoDraw = False
319.3560 	EXP 	MSTQuestion: autoDraw = True
319.8288 	DATA 	Keypress: 3
319.8465 	EXP 	New trial (rep=0, index=49): OrderedDict([('SoundFile', 'Initial/NoRepeat/Helicopter_A.wav'), ('Correct2', 3), ('Type', 'NEW')])
319.8551 	EXP 	MSTQuestion: autoDraw = False
319.8551 	EXP 	no_3: autoDraw = True
321.3981 	EXP 	no_3: autoDraw = False
321.3981 	EXP 	no_3: autoDraw = False
321.3981 	EXP 	ItemNumber: text = '50/128'
321.3981 	EXP 	Cross: autoDraw = True
321.3981 	EXP 	ItemNumber: autoDraw = True
323.8559 	EXP 	Cross: autoDraw = False
323.8559 	EXP 	ItemNumber: autoDraw = False
323.8559 	EXP 	Cross: autoDraw = False
323.8559 	EXP 	ItemNumber: autoDraw = False
323.8559 	EXP 	MSTQuestion: autoDraw = True
324.3629 	EXP 	New trial (rep=0, index=50): OrderedDict([('SoundFile', 'Initial/Doubled/Dog_A.wav'), ('Correct2', 3), ('Type', 'NEW')])
324.3680 	DATA 	Keypress: 3
324.3722 	EXP 	MSTQuestion: autoDraw = False
324.3722 	EXP 	no_3: autoDraw = True
325.8835 	EXP 	no_3: autoDraw = False
325.8835 	EXP 	no_3: autoDraw = False
325.8835 	EXP 	ItemNumber: text = '51/128'
325.8835 	EXP 	Cross: autoDraw = True
325.8835 	EXP 	ItemNumber: autoDraw = True
328.4894 	EXP 	Cross: autoDraw = False
328.4894 	EXP 	ItemNumber: autoDraw = False
328.4894 	EXP 	Cross: autoDraw = False
328.4894 	EXP 	ItemNumber: autoDraw = False
328.4894 	EXP 	MSTQuestion: autoDraw = True
328.9765 	EXP 	New trial (rep=0, index=51): OrderedDict([('SoundFile', 'Test/Foils/Wind_B.wav'), ('Correct2', 3), ('Type', 'NEW')])
328.9793 	DATA 	Keypress: 3
328.9881 	EXP 	MSTQuestion: autoDraw = False
328.9881 	EXP 	no_3: autoDraw = True
330.5393 	EXP 	no_3: autoDraw = False
330.5393 	EXP 	no_3: autoDraw = False
330.5393 	EXP 	ItemNumber: text = '52/128'
330.5393 	EXP 	Cross: autoDraw = True
330.5393 	EXP 	ItemNumber: autoDraw = True
333.2729 	EXP 	Cross: autoDraw = False
333.2729 	EXP 	ItemNumber: autoDraw = False
333.2729 	EXP 	Cross: autoDraw = False
333.2729 	EXP 	ItemNumber: autoDraw = False
333.2729 	EXP 	MSTQuestion: autoDraw = True
333.6796 	DATA 	Keypress: 3
333.6966 	EXP 	New trial (rep=0, index=52): OrderedDict([('SoundFile', 'Initial/Doubled/Chime_A.wav'), ('Correct2', 1), ('Type', 'OLD')])
333.7055 	EXP 	MSTQuestion: autoDraw = False
333.7055 	EXP 	no_3: autoDraw = True
335.2177 	EXP 	no_3: autoDraw = False
335.2177 	EXP 	no_3: autoDraw = False
335.2177 	EXP 	ItemNumber: text = '53/128'
335.2177 	EXP 	Cross: autoDraw = True
335.2177 	EXP 	ItemNumber: autoDraw = True
338.0395 	EXP 	Cross: autoDraw = False
338.0395 	EXP 	ItemNumber: autoDraw = False
338.0395 	EXP 	Cross: autoDraw = False
338.0395 	EXP 	ItemNumber: autoDraw = False
338.0395 	EXP 	MSTQuestion: autoDraw = True
338.4801 	EXP 	New trial (rep=0, index=53): OrderedDict([('SoundFile', 'Laugh_C.wav'), ('Correct2', 2), ('Type', 'SIMILAR')])
338.4847 	DATA 	Keypress: 3
338.4890 	EXP 	MSTQuestion: autoDraw = False
338.4890 	EXP 	no_3: autoDraw = True
340.0411 	EXP 	no_3: autoDraw = False
340.0411 	EXP 	no_3: autoDraw = False
340.0411 	EXP 	ItemNumber: text = '54/128'
340.0411 	EXP 	Cross: autoDraw = True
340.0411 	EXP 	ItemNumber: autoDraw = True
342.9056 	EXP 	Cross: autoDraw = False
342.9056 	EXP 	ItemNumber: autoDraw = False
342.9056 	EXP 	Cross: autoDraw = False
342.9056 	EXP 	ItemNumber: autoDraw = False
342.9056 	EXP 	MSTQuestion: autoDraw = True
343.3936 	DATA 	Keypress: 3
343.4103 	EXP 	New trial (rep=0, index=54): OrderedDict([('SoundFile', 'Cough_D.wav'), ('Correct2', 2), ('Type', 'SIMILAR')])
343.4216 	EXP 	MSTQuestion: autoDraw = False
343.4216 	EXP 	no_3: autoDraw = True
344.9361 	EXP 	no_3: autoDraw = False
344.9361 	EXP 	no_3: autoDraw = False
344.9361 	EXP 	ItemNumber: text = '55/128'
344.9361 	EXP 	Cross: autoDraw = True
344.9361 	EXP 	ItemNumber: autoDraw = True
346.7038 	EXP 	Cross: autoDraw = False
346.7038 	EXP 	ItemNumber: autoDraw = False
346.7038 	EXP 	Cross: autoDraw = False
346.7038 	EXP 	ItemNumber: autoDraw = False
346.7038 	EXP 	MSTQuestion: autoDraw = True
347.6424 	DATA 	Keypress: 2
347.6586 	EXP 	New trial (rep=0, index=55): OrderedDict([('SoundFile', 'Initial/Repeat/Buzz.wav'), ('Correct2', 1), ('Type', 'OLD')])
347.6698 	EXP 	MSTQuestion: autoDraw = False
347.6698 	EXP 	no_3: autoDraw = True
349.1700 	EXP 	no_3: autoDraw = False
349.1700 	EXP 	no_3: autoDraw = False
349.1700 	EXP 	ItemNumber: text = '56/128'
349.1700 	EXP 	Cross: autoDraw = True
349.1700 	EXP 	ItemNumber: autoDraw = True
351.4713 	EXP 	Cross: autoDraw = False
351.4713 	EXP 	ItemNumber: autoDraw = False
351.4713 	EXP 	Cross: autoDraw = False
351.4713 	EXP 	ItemNumber: autoDraw = False
351.4713 	EXP 	MSTQuestion: autoDraw = True
352.6792 	DATA 	Keypress: 1
352.6951 	EXP 	New trial (rep=0, index=56): OrderedDict([('SoundFile', 'Initial/Repeat/IceDrop.wav'), ('Correct2', 3), ('Type', 'NEW')])
352.7045 	EXP 	MSTQuestion: autoDraw = False
352.7045 	EXP 	no_3: autoDraw = True
354.2093 	EXP 	no_3: autoDraw = False
354.2093 	EXP 	no_3: autoDraw = False
354.2093 	EXP 	ItemNumber: text = '57/128'
354.2093 	EXP 	Cross: autoDraw = True
354.2093 	EXP 	ItemNumber: autoDraw = True
356.9555 	EXP 	Cross: autoDraw = False
356.9555 	EXP 	ItemNumber: autoDraw = False
356.9555 	EXP 	Cross: autoDraw = False
356.9555 	EXP 	ItemNumber: autoDraw = False
356.9555 	EXP 	MSTQuestion: autoDraw = True
357.9939 	EXP 	New trial (rep=0, index=57): OrderedDict([('SoundFile', 'Initial/NoRepeat/Toilet_B.wav'), ('Correct2', 1), ('Type', 'OLD')])
357.9962 	DATA 	Keypress: 3
358.0043 	EXP 	MSTQuestion: autoDraw = False
358.0043 	EXP 	no_3: autoDraw = True
359.5169 	EXP 	no_3: autoDraw = False
359.5169 	EXP 	no_3: autoDraw = False
359.5169 	EXP 	ItemNumber: text = '58/128'
359.5169 	EXP 	Cross: autoDraw = True
359.5169 	EXP 	ItemNumber: autoDraw = True
362.4386 	EXP 	Cross: autoDraw = False
362.4386 	EXP 	ItemNumber: autoDraw = False
362.4386 	EXP 	Cross: autoDraw = False
362.4386 	EXP 	ItemNumber: autoDraw = False
362.4386 	EXP 	MSTQuestion: autoDraw = True
362.7636 	EXP 	New trial (rep=0, index=58): OrderedDict([('SoundFile', 'CarStart_D.wav'), ('Correct2', 2), ('Type', 'SIMILAR')])
362.7689 	DATA 	Keypress: 1
362.7733 	EXP 	MSTQuestion: autoDraw = False
362.7733 	EXP 	no_3: autoDraw = True
364.2962 	EXP 	no_3: autoDraw = False
364.2962 	EXP 	ItemNumber: text = '59/128'
364.2962 	EXP 	Cross: autoDraw = True
364.2962 	EXP 	ItemNumber: autoDraw = True
367.3554 	EXP 	Cross: autoDraw = False
367.3554 	EXP 	ItemNumber: autoDraw = False
367.3554 	EXP 	Cross: autoDraw = False
367.3554 	EXP 	ItemNumber: autoDraw = False
367.3554 	EXP 	MSTQuestion: autoDraw = True
367.8432 	EXP 	New trial (rep=0, index=59): OrderedDict([('SoundFile', 'Chomp_B.wav'), ('Correct2', 2), ('Type', 'SIMILAR')])
367.8460 	DATA 	Keypress: 2
367.8541 	EXP 	MSTQuestion: autoDraw = False
367.8541 	EXP 	no_3: autoDraw = True
369.3695 	EXP 	no_3: autoDraw = False
369.3695 	EXP 	no_3: autoDraw = False
369.3695 	EXP 	ItemNumber: text = '60/128'
369.3695 	EXP 	Cross: autoDraw = True
369.3695 	EXP 	ItemNumber: autoDraw = True
371.9717 	EXP 	Cross: autoDraw = False
371.9717 	EXP 	ItemNumber: autoDraw = False
371.9717 	EXP 	Cross: autoDraw = False
371.9717 	EXP 	ItemNumber: autoDraw = False
371.9717 	EXP 	MSTQuestion: autoDraw = True
373.4634 	DATA 	Keypress: 3
373.4790 	EXP 	New trial (rep=0, index=60): OrderedDict([('SoundFile', 'Initial/Doubled/Clap_A.wav'), ('Correct2', 1), ('Type', 'OLD')])
373.4879 	EXP 	MSTQuestion: autoDraw = False
373.4879 	EXP 	no_3: autoDraw = True
375.0007 	EXP 	no_3: autoDraw = False
375.0007 	EXP 	no_3: autoDraw = False
375.0007 	EXP 	ItemNumber: text = '61/128'
375.0007 	EXP 	Cross: autoDraw = True
375.0007 	EXP 	ItemNumber: autoDraw = True
377.5056 	EXP 	Cross: autoDraw = False
377.5056 	EXP 	ItemNumber: autoDraw = False
377.5056 	EXP 	Cross: autoDraw = False
377.5056 	EXP 	ItemNumber: autoDraw = False
377.5056 	EXP 	MSTQuestion: autoDraw = True
377.8963 	DATA 	Keypress: 1
377.9140 	EXP 	New trial (rep=0, index=61): OrderedDict([('SoundFile', 'Initial/Doubled/Bubbles_A.wav'), ('Correct2', 3), ('Type', 'NEW')])
377.9216 	EXP 	MSTQuestion: autoDraw = False
377.9216 	EXP 	no_3: autoDraw = True
379.4683 	EXP 	no_3: autoDraw = False
379.4683 	EXP 	no_3: autoDraw = False
379.4683 	EXP 	ItemNumber: text = '62/128'
379.4683 	EXP 	Cross: autoDraw = True
379.4683 	EXP 	ItemNumber: autoDraw = True
381.8889 	EXP 	Cross: autoDraw = False
381.8889 	EXP 	ItemNumber: autoDraw = False
381.8889 	EXP 	Cross: autoDraw = False
381.8889 	EXP 	ItemNumber: autoDraw = False
381.8889 	EXP 	MSTQuestion: autoDraw = True
384.6463 	EXP 	New trial (rep=0, index=62): OrderedDict([('SoundFile', 'Dog_C.wav'), ('Correct2', 2), ('Type', 'SIMILAR')])
384.6520 	DATA 	Keypress: 3
384.6563 	EXP 	MSTQuestion: autoDraw = False
384.6563 	EXP 	no_3: autoDraw = True
385.4763 	DATA 	Keypress: escape
386.0345 	EXP 	window1: mouseVisible = True
