1.5916 	WARNING 	We strongly recommend you activate the PTB sound engine in PsychoPy prefs as the preferred audio engine. Its timing is vastly superior. Your prefs are currently set to use ['sounddevice', 'PTB', 'pyo', 'pygame'] (in that order).
6.7827 	WARNING 	User requested fullscreen with size [1024  768], but screen is actually [2256, 1504]. Using actual size
8.9848 	EXP 	Created window1 = Window(allowGUI=False, allowStencil=False, args=UNKNOWN, autoLog=True, bitsMode=UNKNOWN, blendMode='avg', bpc=(8, 8, 8), color=array([0., 0., 0.]), colorSpace='rgb', depthBits=8, fullscr=<method-wrapper '__getattribute__' of attributeSetter object at 0x000002B1C0E20390>, gamma=None, gammaErrorPolicy='raise', kwargs=UNKNOWN, lms=UNKNOWN, monitor=<psychopy.monitors.calibTools.Monitor object at 0x000002B1C0EE8A90>, multiSample=False, name='window1', numSamples=2, pos=[0.0, 0.0], screen=0, size=array([2256, 1504]), stencilBits=0, stereo=False, units='height', useFBO=True, useRetina=False, viewOri=0.0, viewPos=None, viewScale=None, waitBlanking=True, winType='pyglet')
8.9854 	EXP 	window1: mouseVisible = True
8.9855 	EXP 	window1: recordFrameIntervals = False
9.1491 	EXP 	window1: recordFrameIntervals = True
9.3324 	EXP 	window1: recordFrameIntervals = False
9.8173 	EXP 	Created InstructionTxt = TextStim(__class__=<class 'psychopy.visual.text.TextStim'>, alignHoriz=method-wrapper(...), alignText='center', alignVert=method-wrapper(...), anchorHoriz='center', anchorVert='center', antialias=True, autoLog=True, bold=False, color='white', colorSpace='named', contrast=1.0, depth=0.0, flipHoriz=False, flipVert=False, font='Arial', fontFiles=[], height=0.04, italic=False, languageStyle='LTR', name='InstructionTxt', opacity=1.0, ori=0, pos=array([0., 0.]), rgb=array([255., 255., 255.]), text=str(...), units='height', win=Window(...), wrapWidth=1)
9.8292 	EXP 	Created WelcomContinue = TextStim(__class__=<class 'psychopy.visual.text.TextStim'>, alignHoriz=method-wrapper(...), alignText='center', alignVert=method-wrapper(...), anchorHoriz='center', anchorVert='center', antialias=True, autoLog=True, bold=False, color='white', colorSpace='named', contrast=1.0, depth=-3.0, flipHoriz=False, flipVert=False, font='Arial', fontFiles=[], height=0.04, italic=False, languageStyle='LTR', name='WelcomContinue', opacity=1.0, ori=0, pos=array([ 0. , -0.4]), rgb=array([255., 255., 255.]), text='Press SPACE to continue', units='height', win=Window(...), wrapWidth=1)
9.8500 	EXP 	Created VolumeBeginTxt = TextStim(__class__=<class 'psychopy.visual.text.TextStim'>, alignHoriz=method-wrapper(...), alignText='center', alignVert=method-wrapper(...), anchorHoriz='center', anchorVert='center', antialias=True, autoLog=True, bold=False, color='white', colorSpace='named', contrast=1.0, depth=0.0, flipHoriz=False, flipVert=False, font='Arial', fontFiles=[], height=0.04, italic=False, languageStyle='LTR', name='VolumeBeginTxt', opacity=1.0, ori=0, pos=array([0., 0.]), rgb=array([255., 255., 255.]), text=str(...), units='height', win=Window(...), wrapWidth=1)
9.8599 	EXP 	Created text = TextStim(__class__=<class 'psychopy.visual.text.TextStim'>, alignHoriz=method-wrapper(...), alignText='center', alignVert=method-wrapper(...), anchorHoriz='center', anchorVert='center', antialias=True, autoLog=True, bold=False, color='white', colorSpace='named', contrast=1.0, depth=0.0, flipHoriz=False, flipVert=False, font='Arial', fontFiles=[], height=0.04, italic=False, languageStyle='LTR', name='text', opacity=1.0, ori=0, pos=array([0., 0.]), rgb=array([255., 255., 255.]), text=str(...), units='height', win=Window(...), wrapWidth=1)
9.9102 	EXP 	Sound Music set volume 0.300
9.9168 	EXP 	Created AdjustContinue = TextStim(__class__=<class 'psychopy.visual.text.TextStim'>, alignHoriz=method-wrapper(...), alignText='center', alignVert=method-wrapper(...), anchorHoriz='center', anchorVert='center', antialias=True, autoLog=True, bold=False, color='white', colorSpace='named', contrast=1.0, depth=-3.0, flipHoriz=False, flipVert=False, font='Arial', fontFiles=[], height=0.04, italic=False, languageStyle='LTR', name='AdjustContinue', opacity=1.0, ori=0, pos=array([ 0. , -0.4]), rgb=array([255., 255., 255.]), text=str(...), units='height', win=Window(...), wrapWidth=1)
9.9419 	EXP 	Created HeadphoneCheckBeing = TextStim(__class__=<class 'psychopy.visual.text.TextStim'>, alignHoriz=method-wrapper(...), alignText='center', alignVert=method-wrapper(...), anchorHoriz='center', anchorVert='center', antialias=True, autoLog=True, bold=False, color='white', colorSpace='named', contrast=1.0, depth=0.0, flipHoriz=False, flipVert=False, font='Arial', fontFiles=[], height=0.04, italic=False, languageStyle='LTR', name='HeadphoneCheckBeing', opacity=1.0, ori=0, pos=array([0., 0.]), rgb=array([255., 255., 255.]), text=str(...), units='height', win=Window(...), wrapWidth=1)
9.9461 	EXP 	Created HeadphoneContinue = TextStim(__class__=<class 'psychopy.visual.text.TextStim'>, alignHoriz=method-wrapper(...), alignText='center', alignVert=method-wrapper(...), anchorHoriz='center', anchorVert='center', antialias=True, autoLog=True, bold=False, color='white', colorSpace='named', contrast=1.0, depth=-1.0, flipHoriz=False, flipVert=False, font='Arial', fontFiles=[], height=0.04, italic=False, languageStyle='LTR', name='HeadphoneContinue', opacity=1.0, ori=0, pos=array([ 0. , -0.4]), rgb=array([255., 255., 255.]), text='Press SPACE to continue', units='height', win=Window(...), wrapWidth=1)
9.9463 	EXP 	Sound CheckSound set volume 1.000
9.9673 	EXP 	Created QuestionTxt = TextStim(__class__=<class 'psychopy.visual.text.TextStim'>, alignHoriz=method-wrapper(...), alignText='center', alignVert=method-wrapper(...), anchorHoriz='center', anchorVert='center', antialias=True, autoLog=True, bold=False, color='white', colorSpace='named', contrast=1.0, depth=-2.0, flipHoriz=False, flipVert=False, font='Arial', fontFiles=[], height=0.04, italic=False, languageStyle='LTR', name='QuestionTxt', opacity=1.0, ori=0, pos=array([0., 0.]), rgb=array([255., 255., 255.]), text=str(...), units='height', win=Window(...), wrapWidth=1)
9.9858 	EXP 	Created CheckTrial = TextStim(__class__=<class 'psychopy.visual.text.TextStim'>, alignHoriz=method-wrapper(...), alignText='center', alignVert=method-wrapper(...), anchorHoriz='center', anchorVert='center', antialias=True, autoLog=True, bold=False, color='white', colorSpace='named', contrast=1.0, depth=-3.0, flipHoriz=False, flipVert=False, font='Arial', fontFiles=[], height=0.05, italic=False, languageStyle='LTR', name='CheckTrial', opacity=1.0, ori=0, pos=array([0. , 0.2]), rgb=array([255., 255., 255.]), text='default text', units='height', win=Window(...), wrapWidth=1)
10.0000 	EXP 	Created CrossHeadphone = TextStim(__class__=<class 'psychopy.visual.text.TextStim'>, alignHoriz=method-wrapper(...), alignText='center', alignVert=method-wrapper(...), anchorHoriz='center', anchorVert='center', antialias=True, autoLog=True, bold=False, color='white', colorSpace='named', contrast=1.0, depth=-4.0, flipHoriz=False, flipVert=False, font='Arial', fontFiles=[], height=0.1, italic=False, languageStyle='LTR', name='CrossHeadphone', opacity=1.0, ori=0, pos=array([0., 0.]), rgb=array([255., 255., 255.]), text='+', units='height', win=Window(...), wrapWidth=1)
10.0123 	EXP 	Created FeedbackTxt = TextStim(__class__=<class 'psychopy.visual.text.TextStim'>, alignHoriz=method-wrapper(...), alignText='center', alignVert=method-wrapper(...), anchorHoriz='center', anchorVert='center', antialias=True, autoLog=True, bold=False, color='white', colorSpace='named', contrast=1.0, depth=0.0, flipHoriz=False, flipVert=False, font='Arial', fontFiles=[], height=0.04, italic=False, languageStyle='LTR', name='FeedbackTxt', opacity=1.0, ori=0, pos=array([0., 0.]), rgb=array([255., 255., 255.]), text='default text', units='height', win=Window(...), wrapWidth=1)
10.0430 	EXP 	Created WelcomeTxt1 = TextStim(__class__=<class 'psychopy.visual.text.TextStim'>, alignHoriz=method-wrapper(...), alignText='center', alignVert=method-wrapper(...), anchorHoriz='center', anchorVert='center', antialias=True, autoLog=True, bold=False, color='white', colorSpace='named', contrast=1.0, depth=0.0, flipHoriz=False, flipVert=False, font='Arial', fontFiles=[], height=0.04, italic=False, languageStyle='LTR', name='WelcomeTxt1', opacity=1.0, ori=0, pos=array([0., 0.]), rgb=array([255., 255., 255.]), text=str(...), units='height', win=Window(...), wrapWidth=1)
10.0522 	EXP 	Created ContinueKey1 = TextStim(__class__=<class 'psychopy.visual.text.TextStim'>, alignHoriz=method-wrapper(...), alignText='center', alignVert=method-wrapper(...), anchorHoriz='center', anchorVert='center', antialias=True, autoLog=True, bold=False, color='white', colorSpace='named', contrast=1.0, depth=-1.0, flipHoriz=False, flipVert=False, font='Arial', fontFiles=[], height=0.04, italic=False, languageStyle='LTR', name='ContinueKey1', opacity=1.0, ori=0, pos=array([ 0. , -0.4]), rgb=array([255., 255., 255.]), text='Press SPACE to continue', units='height', win=Window(...), wrapWidth=1)
10.0809 	EXP 	Created Welcome2Txt = TextStim(__class__=<class 'psychopy.visual.text.TextStim'>, alignHoriz=method-wrapper(...), alignText='center', alignVert=method-wrapper(...), anchorHoriz='center', anchorVert='center', antialias=True, autoLog=True, bold=False, color='white', colorSpace='named', contrast=1.0, depth=0.0, flipHoriz=False, flipVert=False, font='Arial', fontFiles=[], height=0.04, italic=False, languageStyle='LTR', name='Welcome2Txt', opacity=1.0, ori=0, pos=array([0., 0.]), rgb=array([255., 255., 255.]), text=str(...), units='height', win=Window(...), wrapWidth=1)
10.0848 	EXP 	Created Continue2 = TextStim(__class__=<class 'psychopy.visual.text.TextStim'>, alignHoriz=method-wrapper(...), alignText='center', alignVert=method-wrapper(...), anchorHoriz='center', anchorVert='center', antialias=True, autoLog=True, bold=False, color='white', colorSpace='named', contrast=1.0, depth=-2.0, flipHoriz=False, flipVert=False, font='Arial', fontFiles=[], height=0.04, italic=False, languageStyle='LTR', name='Continue2', opacity=1.0, ori=0, pos=array([ 0. , -0.4]), rgb=array([255., 255., 255.]), text='Press SPACE to continue', units='height', win=Window(...), wrapWidth=1)
10.1001 	EXP 	Created InstructionTxt2 = TextStim(__class__=<class 'psychopy.visual.text.TextStim'>, alignHoriz=method-wrapper(...), alignText='center', alignVert=method-wrapper(...), anchorHoriz='center', anchorVert='center', antialias=True, autoLog=True, bold=False, color='white', colorSpace='named', contrast=1.0, depth=0.0, flipHoriz=False, flipVert=False, font='Arial', fontFiles=[], height=0.04, italic=False, languageStyle='LTR', name='InstructionTxt2', opacity=1.0, ori=0, pos=array([0., 0.]), rgb=array([255., 255., 255.]), text=str(...), units='height', win=Window(...), wrapWidth=1)
10.1049 	EXP 	Created WelcomeContinue2 = TextStim(__class__=<class 'psychopy.visual.text.TextStim'>, alignHoriz=method-wrapper(...), alignText='center', alignVert=method-wrapper(...), anchorHoriz='center', anchorVert='center', antialias=True, autoLog=True, bold=False, color='white', colorSpace='named', contrast=1.0, depth=-1.0, flipHoriz=False, flipVert=False, font='Arial', fontFiles=[], height=0.04, italic=False, languageStyle='LTR', name='WelcomeContinue2', opacity=1.0, ori=0, pos=array([ 0. , -0.4]), rgb=array([255., 255., 255.]), text='Press SPACE to begin practice\n', units='height', win=Window(...), wrapWidth=1)
10.1080 	EXP 	Created TrialNumber = TextStim(__class__=<class 'psychopy.visual.text.TextStim'>, alignHoriz=method-wrapper(...), alignText='center', alignVert=method-wrapper(...), anchorHoriz='center', anchorVert='center', antialias=True, autoLog=True, bold=False, color='white', colorSpace='named', contrast=1.0, depth=0.0, flipHoriz=False, flipVert=False, font='Arial', fontFiles=[], height=0.04, italic=False, languageStyle='LTR', name='TrialNumber', opacity=1.0, ori=0, pos=array([0. , 0.3]), rgb=array([255., 255., 255.]), text='default text', units='height', win=Window(...), wrapWidth=1)
10.1081 	EXP 	Sound PracticeSound set volume 1.000
10.1099 	EXP 	Created PracticeCross = TextStim(__class__=<class 'psychopy.visual.text.TextStim'>, alignHoriz=method-wrapper(...), alignText='center', alignVert=method-wrapper(...), anchorHoriz='center', anchorVert='center', antialias=True, autoLog=True, bold=False, color='white', colorSpace='named', contrast=1.0, depth=-2.0, flipHoriz=False, flipVert=False, font='Arial', fontFiles=[], height=0.1, italic=False, languageStyle='LTR', name='PracticeCross', opacity=1.0, ori=0, pos=array([0., 0.]), rgb=array([255., 255., 255.]), text='+', units='height', win=Window(...), wrapWidth=1)
10.1128 	EXP 	Created PracticeMssg = TextStim(__class__=<class 'psychopy.visual.text.TextStim'>, alignHoriz=method-wrapper(...), alignText='center', alignVert=method-wrapper(...), anchorHoriz='center', anchorVert='center', antialias=True, autoLog=True, bold=False, color='white', colorSpace='named', contrast=1.0, depth=-2.0, flipHoriz=False, flipVert=False, font='Arial', fontFiles=[], height=0.04, italic=False, languageStyle='LTR', name='PracticeMssg', opacity=1.0, ori=0, pos=array([0. , 0.2]), rgb=array([255., 255., 255.]), text='default text', units='height', win=Window(...), wrapWidth=1)
10.1144 	EXP 	Created FeedbackCross = TextStim(__class__=<class 'psychopy.visual.text.TextStim'>, alignHoriz=method-wrapper(...), alignText='center', alignVert=method-wrapper(...), anchorHoriz='center', anchorVert='center', antialias=True, autoLog=True, bold=False, color='white', colorSpace='named', contrast=1.0, depth=-3.0, flipHoriz=False, flipVert=False, font='Arial', fontFiles=[], height=0.1, italic=False, languageStyle='LTR', name='FeedbackCross', opacity=1.0, ori=0, pos=array([0., 0.]), rgb=array([255., 255., 255.]), text='+', units='height', win=Window(...), wrapWidth=1)
10.1198 	EXP 	Created Continue = TextStim(__class__=<class 'psychopy.visual.text.TextStim'>, alignHoriz=method-wrapper(...), alignText='center', alignVert=method-wrapper(...), anchorHoriz='center', anchorVert='center', antialias=True, autoLog=True, bold=False, color='white', colorSpace='named', contrast=1.0, depth=-4.0, flipHoriz=False, flipVert=False, font='Arial', fontFiles=[], height=0.04, italic=False, languageStyle='LTR', name='Continue', opacity=1.0, ori=0, pos=array([ 0. , -0.4]), rgb=array([255., 255., 255.]), text='Press the correct number on your keyboard', units='height', win=Window(...), wrapWidth=1)
10.1278 	EXP 	Created Options = TextStim(__class__=<class 'psychopy.visual.text.TextStim'>, alignHoriz=method-wrapper(...), alignText='center', alignVert=method-wrapper(...), anchorHoriz='center', anchorVert='center', antialias=True, autoLog=True, bold=False, color='white', colorSpace='named', contrast=1.0, depth=-5.0, flipHoriz=False, flipVert=False, font='Arial', fontFiles=[], height=0.04, italic=False, languageStyle='LTR', name='Options', opacity=1.0, ori=0, pos=array([ 0. , -0.2]), rgb=array([255., 255., 255.]), text='1 = REPEAT\n2 = SIMILAR\n3 = NEW', units='height', win=Window(...), wrapWidth=1)
10.1310 	EXP 	Created FeedbackMssg = TextStim(__class__=<class 'psychopy.visual.text.TextStim'>, alignHoriz=method-wrapper(...), alignText='center', alignVert=method-wrapper(...), anchorHoriz='center', anchorVert='center', antialias=True, autoLog=True, bold=False, color='white', colorSpace='named', contrast=1.0, depth=0.0, flipHoriz=False, flipVert=False, font='Arial', fontFiles=[], height=0.04, italic=False, languageStyle='LTR', name='FeedbackMssg', opacity=1.0, ori=0, pos=array([0., 0.]), rgb=array([255., 255., 255.]), text='default text', units='height', win=Window(...), wrapWidth=1)
10.1461 	EXP 	Created StartTxt = TextStim(__class__=<class 'psychopy.visual.text.TextStim'>, alignHoriz=method-wrapper(...), alignText='center', alignVert=method-wrapper(...), anchorHoriz='center', anchorVert='center', antialias=True, autoLog=True, bold=False, color='white', colorSpace='named', contrast=1.0, depth=0.0, flipHoriz=False, flipVert=False, font='Arial', fontFiles=[], height=0.04, italic=False, languageStyle='LTR', name='StartTxt', opacity=1.0, ori=0, pos=array([0., 0.]), rgb=array([255., 255., 255.]), text=str(...), units='height', win=Window(...), wrapWidth=1)
10.1514 	EXP 	Created ContinueStart = TextStim(__class__=<class 'psychopy.visual.text.TextStim'>, alignHoriz=method-wrapper(...), alignText='center', alignVert=method-wrapper(...), anchorHoriz='center', anchorVert='center', antialias=True, autoLog=True, bold=False, color='white', colorSpace='named', contrast=1.0, depth=-2.0, flipHoriz=False, flipVert=False, font='Arial', fontFiles=[], height=0.04, italic=False, languageStyle='LTR', name='ContinueStart', opacity=1.0, ori=0, pos=array([ 0. , -0.4]), rgb=array([255., 255., 255.]), text='Press SPACE to begin the task', units='height', win=Window(...), wrapWidth=1)
10.1557 	EXP 	Created no1 = TextStim(__class__=<class 'psychopy.visual.text.TextStim'>, alignHoriz=method-wrapper(...), alignText='center', alignVert=method-wrapper(...), anchorHoriz='center', anchorVert='center', antialias=True, autoLog=True, bold=False, color='white', colorSpace='named', contrast=1.0, depth=0.0, flipHoriz=False, flipVert=False, font='Arial', fontFiles=[], height=0.05, italic=False, languageStyle='LTR', name='no1', opacity=1.0, ori=0, pos=array([0., 0.]), rgb=array([255., 255., 255.]), text='1', units='height', win=Window(...), wrapWidth=1)
10.1589 	EXP 	Created no_2 = TextStim(__class__=<class 'psychopy.visual.text.TextStim'>, alignHoriz=method-wrapper(...), alignText='center', alignVert=method-wrapper(...), anchorHoriz='center', anchorVert='center', antialias=True, autoLog=True, bold=False, color='white', colorSpace='named', contrast=1.0, depth=-2.0, flipHoriz=False, flipVert=False, font='Arial', fontFiles=[], height=0.05, italic=False, languageStyle='LTR', name='no_2', opacity=1.0, ori=0, pos=array([0., 0.]), rgb=array([255., 255., 255.]), text='2', units='height', win=Window(...), wrapWidth=1)
10.1621 	EXP 	Created no_3 = TextStim(__class__=<class 'psychopy.visual.text.TextStim'>, alignHoriz=method-wrapper(...), alignText='center', alignVert=method-wrapper(...), anchorHoriz='center', anchorVert='center', antialias=True, autoLog=True, bold=False, color='white', colorSpace='named', contrast=1.0, depth=-3.0, flipHoriz=False, flipVert=False, font='Arial', fontFiles=[], height=0.05, italic=False, languageStyle='LTR', name='no_3', opacity=1.0, ori=0, pos=array([0., 0.]), rgb=array([255., 255., 255.]), text='3', units='height', win=Window(...), wrapWidth=1)
10.1622 	EXP 	Sound TargetSound set volume 1.000
10.1640 	EXP 	Created Cross = TextStim(__class__=<class 'psychopy.visual.text.TextStim'>, alignHoriz=method-wrapper(...), alignText='center', alignVert=method-wrapper(...), anchorHoriz='center', anchorVert='center', antialias=True, autoLog=True, bold=False, color='white', colorSpace='named', contrast=1.0, depth=-1.0, flipHoriz=False, flipVert=False, font='Arial', fontFiles=[], height=0.1, italic=False, languageStyle='LTR', name='Cross', opacity=1.0, ori=0, pos=array([0., 0.]), rgb=array([255., 255., 255.]), text='+', units='height', win=Window(...), wrapWidth=1)
10.1683 	EXP 	Created ItemNumber = TextStim(__class__=<class 'psychopy.visual.text.TextStim'>, alignHoriz=method-wrapper(...), alignText='center', alignVert=method-wrapper(...), anchorHoriz='center', anchorVert='center', antialias=True, autoLog=True, bold=False, color='white', colorSpace='named', contrast=1.0, depth=-2.0, flipHoriz=False, flipVert=False, font='Arial', fontFiles=[], height=0.04, italic=False, languageStyle='LTR', name='ItemNumber', opacity=1.0, ori=0, pos=array([0. , 0.3]), rgb=array([255., 255., 255.]), text='default text', units='height', win=Window(...), wrapWidth=1)
10.1890 	EXP 	Created MSTQuestion = TextStim(__class__=<class 'psychopy.visual.text.TextStim'>, alignHoriz=method-wrapper(...), alignText='center', alignVert=method-wrapper(...), anchorHoriz='center', anchorVert='center', antialias=True, autoLog=True, bold=False, color='white', colorSpace='named', contrast=1.0, depth=0.0, flipHoriz=False, flipVert=False, font='Arial', fontFiles=[], height=0.04, italic=False, languageStyle='LTR', name='MSTQuestion', opacity=1.0, ori=0, pos=array([0., 0.]), rgb=array([255., 255., 255.]), text=str(...), units='height', win=Window(...), wrapWidth=1)
10.2004 	EXP 	Created ThankyouMssg = TextStim(__class__=<class 'psychopy.visual.text.TextStim'>, alignHoriz=method-wrapper(...), alignText='center', alignVert=method-wrapper(...), anchorHoriz='center', anchorVert='center', antialias=True, autoLog=True, bold=False, color='white', colorSpace='named', contrast=1.0, depth=0.0, flipHoriz=False, flipVert=False, font='Arial', fontFiles=[], height=0.04, italic=False, languageStyle='LTR', name='ThankyouMssg', opacity=1.0, ori=0, pos=array([0. , 0.2]), rgb=array([255., 255., 255.]), text=str(...), units='height', win=Window(...), wrapWidth=1)
10.2628 	EXP 	Created ExitTxt = TextStim(__class__=<class 'psychopy.visual.text.TextStim'>, alignHoriz=method-wrapper(...), alignText='center', alignVert=method-wrapper(...), anchorHoriz='center', anchorVert='center', antialias=True, autoLog=True, bold=False, color='white', colorSpace='named', contrast=1.0, depth=-2.0, flipHoriz=False, flipVert=False, font='Arial', fontFiles=[], height=0.04, italic=False, languageStyle='LTR', name='ExitTxt', opacity=1.0, ori=0, pos=array([ 0. , -0.4]), rgb=array([255., 255., 255.]), text='Press SPACE to exit the study', units='height', win=Window(...), wrapWidth=1)
10.2727 	EXP 	Created CodeTxt = TextStim(__class__=<class 'psychopy.visual.text.TextStim'>, alignHoriz=method-wrapper(...), alignText='center', alignVert=method-wrapper(...), anchorHoriz='center', anchorVert='center', antialias=True, autoLog=True, bold=False, color='white', colorSpace='named', contrast=1.0, depth=-4.0, flipHoriz=False, flipVert=False, font='Arial', fontFiles=[], height=0.04, italic=False, languageStyle='LTR', name='CodeTxt', opacity=1.0, ori=0, pos=array([ 0.  , -0.22]), rgb=array([255., 255., 255.]), text=str(...), units='height', win=Window(...), wrapWidth=1)
10.3075 	EXP 	CompletionCode: autoLog = True
10.3075 	EXP 	InstructionTxt: autoDraw = True
10.3075 	EXP 	WelcomContinue: autoDraw = True
19.0214 	DATA 	Keypress: space
19.0497 	EXP 	InstructionTxt: autoDraw = False
19.0497 	EXP 	WelcomContinue: autoDraw = False
19.0497 	EXP 	VolumeBeginTxt: autoDraw = True
27.8603 	DATA 	Keypress: space
27.8629 	EXP 	VolumeBeginTxt: autoDraw = False
27.8629 	EXP 	text: autoDraw = True
27.8629 	EXP 	AdjustContinue: autoDraw = True
31.1902 	DATA 	Keypress: space
31.1988 	EXP 	text: autoDraw = False
31.1988 	EXP 	AdjustContinue: autoDraw = False
31.1988 	EXP 	HeadphoneCheckBeing: autoDraw = True
31.1988 	EXP 	HeadphoneContinue: autoDraw = True
34.6766 	EXP 	Imported Headphone_check.xlsx as conditions, 6 conditions, 2 params
34.6868 	EXP 	Created sequence: random, trialTypes=6, nReps=1, seed=None
34.6873 	EXP 	New trial (rep=0, index=0): OrderedDict([('File', 'Headphone/t2_2.wav'), ('Correct', 2)])
34.7241 	DATA 	Keypress: space
34.7280 	EXP 	HeadphoneCheckBeing: autoDraw = False
34.7280 	EXP 	HeadphoneContinue: autoDraw = False
34.7280 	EXP 	CheckTrial: text = '2/6'
34.7280 	EXP 	CheckTrial: autoDraw = True
34.7280 	EXP 	CrossHeadphone: autoDraw = True
39.2489 	EXP 	QuestionTxt: autoDraw = True
39.2654 	EXP 	CheckTrial: autoDraw = False
39.2654 	EXP 	CrossHeadphone: autoDraw = False
39.6605 	DATA 	Keypress: 2
39.6656 	EXP 	QuestionTxt: autoDraw = False
39.6656 	EXP 	CheckTrial: autoDraw = False
39.6656 	EXP 	CrossHeadphone: autoDraw = False
39.6656 	EXP 	FeedbackTxt: text = 'CORRECT'
39.6656 	EXP 	FeedbackTxt: autoDraw = True
40.6511 	EXP 	New trial (rep=0, index=1): OrderedDict([('File', 'Headphone/t1_2.wav'), ('Correct', 1)])
40.6757 	EXP 	FeedbackTxt: autoDraw = False
40.6757 	EXP 	FeedbackTxt: autoDraw = False
40.6757 	EXP 	CheckTrial: text = '3/6'
40.6757 	EXP 	CheckTrial: autoDraw = True
40.6757 	EXP 	CrossHeadphone: autoDraw = True
45.1993 	EXP 	QuestionTxt: autoDraw = True
45.2155 	EXP 	CheckTrial: autoDraw = False
45.2155 	EXP 	CrossHeadphone: autoDraw = False
45.5610 	DATA 	Keypress: 1
45.5656 	EXP 	QuestionTxt: autoDraw = False
45.5656 	EXP 	CheckTrial: autoDraw = False
45.5656 	EXP 	CrossHeadphone: autoDraw = False
45.5656 	EXP 	FeedbackTxt: text = 'CORRECT'
45.5656 	EXP 	FeedbackTxt: autoDraw = True
46.5513 	EXP 	New trial (rep=0, index=2): OrderedDict([('File', 'Headphone/t3_2.wav'), ('Correct', 3)])
46.6127 	EXP 	FeedbackTxt: autoDraw = False
46.6127 	EXP 	FeedbackTxt: autoDraw = False
46.6127 	EXP 	CheckTrial: text = '4/6'
46.6127 	EXP 	CheckTrial: autoDraw = True
46.6127 	EXP 	CrossHeadphone: autoDraw = True
51.1322 	EXP 	QuestionTxt: autoDraw = True
51.1486 	EXP 	CheckTrial: autoDraw = False
51.1486 	EXP 	CrossHeadphone: autoDraw = False
54.4559 	DATA 	Keypress: 3
54.4650 	EXP 	QuestionTxt: autoDraw = False
54.4650 	EXP 	CheckTrial: autoDraw = False
54.4650 	EXP 	CrossHeadphone: autoDraw = False
54.4650 	EXP 	FeedbackTxt: text = 'CORRECT'
54.4650 	EXP 	FeedbackTxt: autoDraw = True
55.4504 	EXP 	New trial (rep=0, index=3): OrderedDict([('File', 'Headphone/t2_1.wav'), ('Correct', 2)])
55.4792 	EXP 	FeedbackTxt: autoDraw = False
55.4792 	EXP 	FeedbackTxt: autoDraw = False
55.4792 	EXP 	CheckTrial: text = '5/6'
55.4792 	EXP 	CheckTrial: autoDraw = True
55.4792 	EXP 	CrossHeadphone: autoDraw = True
59.9992 	EXP 	QuestionTxt: autoDraw = True
60.0158 	EXP 	CheckTrial: autoDraw = False
60.0158 	EXP 	CrossHeadphone: autoDraw = False
61.7729 	DATA 	Keypress: 2
61.7815 	EXP 	QuestionTxt: autoDraw = False
61.7815 	EXP 	CheckTrial: autoDraw = False
61.7815 	EXP 	CrossHeadphone: autoDraw = False
61.7815 	EXP 	FeedbackTxt: text = 'CORRECT'
61.7815 	EXP 	FeedbackTxt: autoDraw = True
62.7679 	EXP 	New trial (rep=0, index=4): OrderedDict([('File', 'Headphone/t1_1.wav'), ('Correct', 1)])
62.7962 	EXP 	FeedbackTxt: autoDraw = False
62.7962 	EXP 	FeedbackTxt: autoDraw = False
62.7962 	EXP 	CheckTrial: text = '6/6'
62.7962 	EXP 	CheckTrial: autoDraw = True
62.7962 	EXP 	CrossHeadphone: autoDraw = True
67.3154 	EXP 	QuestionTxt: autoDraw = True
67.3320 	EXP 	CheckTrial: autoDraw = False
67.3320 	EXP 	CrossHeadphone: autoDraw = False
68.7229 	DATA 	Keypress: 1
68.7316 	EXP 	QuestionTxt: autoDraw = False
68.7316 	EXP 	CheckTrial: autoDraw = False
68.7316 	EXP 	CrossHeadphone: autoDraw = False
68.7316 	EXP 	FeedbackTxt: text = 'CORRECT'
68.7316 	EXP 	FeedbackTxt: autoDraw = True
69.7177 	EXP 	New trial (rep=0, index=5): OrderedDict([('File', 'Headphone/t3_1.wav'), ('Correct', 3)])
69.7812 	EXP 	FeedbackTxt: autoDraw = False
69.7812 	EXP 	FeedbackTxt: autoDraw = False
69.7812 	EXP 	CheckTrial: text = '7/6'
69.7812 	EXP 	CheckTrial: autoDraw = True
69.7812 	EXP 	CrossHeadphone: autoDraw = True
74.3153 	EXP 	QuestionTxt: autoDraw = True
74.3153 	EXP 	CheckTrial: autoDraw = False
74.3153 	EXP 	CrossHeadphone: autoDraw = False
74.6232 	DATA 	Keypress: 3
74.6314 	EXP 	QuestionTxt: autoDraw = False
74.6314 	EXP 	CheckTrial: autoDraw = False
74.6314 	EXP 	CrossHeadphone: autoDraw = False
74.6314 	EXP 	FeedbackTxt: text = 'CORRECT'
74.6314 	EXP 	FeedbackTxt: autoDraw = True
75.6322 	EXP 	FeedbackTxt: autoDraw = False
75.6322 	EXP 	FeedbackTxt: autoDraw = False
75.6322 	EXP 	WelcomeTxt1: autoDraw = True
75.6322 	EXP 	ContinueKey1: autoDraw = True
77.2577 	DATA 	Keypress: space
77.2658 	EXP 	WelcomeTxt1: autoDraw = False
77.2658 	EXP 	ContinueKey1: autoDraw = False
77.2658 	EXP 	Welcome2Txt: autoDraw = True
77.2658 	EXP 	Continue2: autoDraw = True
79.0930 	DATA 	Keypress: space
79.1163 	EXP 	Welcome2Txt: autoDraw = False
79.1163 	EXP 	Continue2: autoDraw = False
79.1163 	EXP 	InstructionTxt2: autoDraw = True
79.1163 	EXP 	WelcomeContinue2: autoDraw = True
80.5989 	EXP 	Imported GuessSounds_conditions.xlsx as conditions, 5 conditions, 2 params
80.5992 	EXP 	Created sequence: sequential, trialTypes=5, nReps=1, seed=None
80.5995 	EXP 	New trial (rep=0, index=0): OrderedDict([('SoundFiles3', 'Practice/Seagull_A.wav'), ('Correct', 3)])
80.6107 	DATA 	Keypress: space
80.6143 	EXP 	InstructionTxt2: autoDraw = False
80.6143 	EXP 	WelcomeContinue2: autoDraw = False
80.6143 	EXP 	TrialNumber: text = 'Trial 1'
80.6143 	EXP 	TrialNumber: autoDraw = True
80.6143 	EXP 	PracticeCross: autoDraw = True
82.8825 	EXP 	TrialNumber: autoDraw = False
82.8825 	EXP 	PracticeCross: autoDraw = False
82.8825 	EXP 	TrialNumber: autoDraw = False
82.8825 	EXP 	PracticeCross: autoDraw = False
82.8825 	EXP 	PracticeMssg: text = 'This is a NEW sound. \nThis sound has never been played before.'
82.8825 	EXP 	PracticeMssg: autoDraw = True
82.8825 	EXP 	FeedbackCross: autoDraw = True
82.8825 	EXP 	Continue: autoDraw = True
82.8825 	EXP 	Options: autoDraw = True
84.0200 	DATA 	Keypress: 3
84.0483 	EXP 	PracticeMssg: autoDraw = False
84.0483 	EXP 	FeedbackCross: autoDraw = False
84.0483 	EXP 	Continue: autoDraw = False
84.0483 	EXP 	Options: autoDraw = False
84.0483 	EXP 	FeedbackMssg: text = 'CORRECT'
84.0483 	EXP 	FeedbackMssg: autoDraw = True
85.0335 	EXP 	New trial (rep=0, index=1): OrderedDict([('SoundFiles3', 'Practice/Skid_B.wav'), ('Correct', 3)])
85.0677 	EXP 	FeedbackMssg: autoDraw = False
85.0677 	EXP 	FeedbackMssg: autoDraw = False
85.0677 	EXP 	TrialNumber: text = 'Trial 2'
85.0677 	EXP 	TrialNumber: autoDraw = True
85.0677 	EXP 	PracticeCross: autoDraw = True
87.1819 	EXP 	TrialNumber: autoDraw = False
87.1819 	EXP 	PracticeCross: autoDraw = False
87.1819 	EXP 	TrialNumber: autoDraw = False
87.1819 	EXP 	PracticeCross: autoDraw = False
87.1819 	EXP 	PracticeMssg: text = 'This is a NEW sound. \nThis sound has never been played before.'
87.1819 	EXP 	PracticeMssg: autoDraw = True
87.1819 	EXP 	FeedbackCross: autoDraw = True
87.1819 	EXP 	Continue: autoDraw = True
87.1819 	EXP 	Options: autoDraw = True
87.7228 	DATA 	Keypress: 3
87.7314 	EXP 	PracticeMssg: autoDraw = False
87.7314 	EXP 	FeedbackCross: autoDraw = False
87.7314 	EXP 	Continue: autoDraw = False
87.7314 	EXP 	Options: autoDraw = False
87.7314 	EXP 	FeedbackMssg: text = 'CORRECT'
87.7314 	EXP 	FeedbackMssg: autoDraw = True
88.7175 	EXP 	New trial (rep=0, index=2): OrderedDict([('SoundFiles3', 'Practice/Seagull_A.wav'), ('Correct', 1)])
88.7313 	EXP 	FeedbackMssg: autoDraw = False
88.7313 	EXP 	FeedbackMssg: autoDraw = False
88.7313 	EXP 	TrialNumber: text = 'Trial 3'
88.7313 	EXP 	TrialNumber: autoDraw = True
88.7313 	EXP 	PracticeCross: autoDraw = True
90.9981 	EXP 	TrialNumber: autoDraw = False
90.9981 	EXP 	PracticeCross: autoDraw = False
91.0197 	EXP 	TrialNumber: autoDraw = False
91.0197 	EXP 	PracticeCross: autoDraw = False
91.0197 	EXP 	PracticeMssg: text = 'This is a REPEAT sound. \nThe exact same sound has been played previously.'
91.0197 	EXP 	PracticeMssg: autoDraw = True
91.0197 	EXP 	FeedbackCross: autoDraw = True
91.0197 	EXP 	Continue: autoDraw = True
91.0197 	EXP 	Options: autoDraw = True
92.0929 	DATA 	Keypress: 1
92.1152 	EXP 	PracticeMssg: autoDraw = False
92.1152 	EXP 	FeedbackCross: autoDraw = False
92.1152 	EXP 	Continue: autoDraw = False
92.1152 	EXP 	Options: autoDraw = False
92.1152 	EXP 	FeedbackMssg: text = 'CORRECT'
92.1152 	EXP 	FeedbackMssg: autoDraw = True
93.1023 	EXP 	New trial (rep=0, index=3): OrderedDict([('SoundFiles3', 'Practice/Gargle_A.wav'), ('Correct', 3)])
93.1686 	EXP 	FeedbackMssg: autoDraw = False
93.1686 	EXP 	FeedbackMssg: autoDraw = False
93.1686 	EXP 	TrialNumber: text = 'Trial 4'
93.1686 	EXP 	TrialNumber: autoDraw = True
93.1686 	EXP 	PracticeCross: autoDraw = True
95.4508 	EXP 	TrialNumber: autoDraw = False
95.4508 	EXP 	PracticeCross: autoDraw = False
95.4508 	EXP 	TrialNumber: autoDraw = False
95.4508 	EXP 	PracticeCross: autoDraw = False
95.4508 	EXP 	PracticeMssg: text = 'This is a NEW sound. \nThis sound has never been played before.'
95.4508 	EXP 	PracticeMssg: autoDraw = True
95.4508 	EXP 	FeedbackCross: autoDraw = True
95.4508 	EXP 	Continue: autoDraw = True
95.4508 	EXP 	Options: autoDraw = True
96.1414 	DATA 	Keypress: 3
96.1650 	EXP 	PracticeMssg: autoDraw = False
96.1650 	EXP 	FeedbackCross: autoDraw = False
96.1650 	EXP 	Continue: autoDraw = False
96.1650 	EXP 	Options: autoDraw = False
96.1650 	EXP 	FeedbackMssg: text = 'CORRECT'
96.1650 	EXP 	FeedbackMssg: autoDraw = True
97.1517 	EXP 	New trial (rep=0, index=4): OrderedDict([('SoundFiles3', 'Practice/Gargle_B.wav'), ('Correct', 2)])
97.2199 	EXP 	FeedbackMssg: autoDraw = False
97.2199 	EXP 	FeedbackMssg: autoDraw = False
97.2199 	EXP 	TrialNumber: text = 'Trial 5'
97.2199 	EXP 	TrialNumber: autoDraw = True
97.2199 	EXP 	PracticeCross: autoDraw = True
99.2897 	EXP 	TrialNumber: autoDraw = False
99.2897 	EXP 	PracticeCross: autoDraw = False
99.2897 	EXP 	TrialNumber: autoDraw = False
99.2897 	EXP 	PracticeCross: autoDraw = False
99.2897 	EXP 	PracticeMssg: text = 'This is a SIMILAR sound. \nThis sound is similar but not identical to a previously played sound.'
99.2897 	EXP 	PracticeMssg: autoDraw = True
99.2897 	EXP 	FeedbackCross: autoDraw = True
99.2897 	EXP 	Continue: autoDraw = True
99.2897 	EXP 	Options: autoDraw = True
99.6443 	DATA 	Keypress: 2
99.6486 	EXP 	PracticeMssg: autoDraw = False
99.6486 	EXP 	FeedbackCross: autoDraw = False
99.6486 	EXP 	Continue: autoDraw = False
99.6486 	EXP 	Options: autoDraw = False
99.6486 	EXP 	FeedbackMssg: text = 'CORRECT'
99.6486 	EXP 	FeedbackMssg: autoDraw = True
100.6487 	EXP 	FeedbackMssg: autoDraw = False
100.6487 	EXP 	FeedbackMssg: autoDraw = False
100.6487 	EXP 	StartTxt: autoDraw = True
100.6487 	EXP 	ContinueStart: autoDraw = True
101.7465 	EXP 	Imported GuessSounds_conditions.xlsx as conditions, 109 conditions, 2 params
101.7469 	EXP 	Created sequence: sequential, trialTypes=109, nReps=1, seed=None
101.7472 	EXP 	New trial (rep=0, index=0): OrderedDict([('SoundFiles3', 'Initial/NoRepeat/Elephant_A.wav'), ('Correct', 3)])
101.7502 	DATA 	Keypress: space
101.7540 	EXP 	StartTxt: autoDraw = False
101.7540 	EXP 	ContinueStart: autoDraw = False
101.7540 	EXP 	no_3: autoDraw = True
102.7485 	EXP 	no_2: autoDraw = True
102.7651 	EXP 	no_3: autoDraw = False
103.7480 	EXP 	no1: autoDraw = True
103.7480 	EXP 	no_2: autoDraw = False
104.7470 	EXP 	no1: autoDraw = False
104.7470 	EXP 	no_2: autoDraw = False
104.7470 	EXP 	no_3: autoDraw = False
104.7470 	EXP 	ItemNumber: text = '1/110'
104.7470 	EXP 	Cross: autoDraw = True
104.7470 	EXP 	ItemNumber: autoDraw = True
107.2988 	EXP 	Cross: autoDraw = False
107.2988 	EXP 	ItemNumber: autoDraw = False
107.3160 	EXP 	Cross: autoDraw = False
107.3160 	EXP 	ItemNumber: autoDraw = False
107.3160 	EXP 	MSTQuestion: autoDraw = True
108.4893 	DATA 	Keypress: 1
108.5074 	EXP 	New trial (rep=0, index=1): OrderedDict([('SoundFiles3', 'Initial/Doubled/Coin_A.wav'), ('Correct', 3)])
108.5148 	EXP 	MSTQuestion: autoDraw = False
108.5148 	EXP 	no_3: autoDraw = True
109.5148 	EXP 	no_2: autoDraw = True
109.5148 	EXP 	no_3: autoDraw = False
110.5148 	EXP 	no1: autoDraw = True
110.5148 	EXP 	no_2: autoDraw = False
111.5543 	EXP 	no1: autoDraw = False
111.5543 	EXP 	no1: autoDraw = False
111.5543 	EXP 	no_2: autoDraw = False
111.5543 	EXP 	no_3: autoDraw = False
111.5543 	EXP 	ItemNumber: text = '2/110'
111.5543 	EXP 	Cross: autoDraw = True
111.5543 	EXP 	ItemNumber: autoDraw = True
112.6656 	EXP 	Cross: autoDraw = False
112.6656 	EXP 	ItemNumber: autoDraw = False
112.6656 	EXP 	Cross: autoDraw = False
112.6656 	EXP 	ItemNumber: autoDraw = False
112.6656 	EXP 	MSTQuestion: autoDraw = True
118.9747 	EXP 	New trial (rep=0, index=2): OrderedDict([('SoundFiles3', 'Initial/Doubled/Cuckoo_A.wav'), ('Correct', 3)])
118.9818 	DATA 	Keypress: 3
118.9877 	EXP 	MSTQuestion: autoDraw = False
118.9877 	EXP 	no_3: autoDraw = True
119.9672 	EXP 	no_2: autoDraw = True
120.0016 	EXP 	no_3: autoDraw = False
120.9815 	EXP 	no1: autoDraw = True
120.9815 	EXP 	no_2: autoDraw = False
122.0091 	EXP 	no1: autoDraw = False
122.0091 	EXP 	no1: autoDraw = False
122.0091 	EXP 	no_2: autoDraw = False
122.0091 	EXP 	no_3: autoDraw = False
122.0091 	EXP 	ItemNumber: text = '3/110'
122.0091 	EXP 	Cross: autoDraw = True
122.0091 	EXP 	ItemNumber: autoDraw = True
123.9991 	EXP 	Cross: autoDraw = False
123.9991 	EXP 	ItemNumber: autoDraw = False
123.9991 	EXP 	Cross: autoDraw = False
123.9991 	EXP 	ItemNumber: autoDraw = False
123.9991 	EXP 	MSTQuestion: autoDraw = True
125.3737 	DATA 	Keypress: escape
125.8281 	EXP 	window1: mouseVisible = True
