1.1669 	WARNING 	We strongly recommend you activate the PTB sound engine in PsychoPy prefs as the preferred audio engine. Its timing is vastly superior. Your prefs are currently set to use ['sounddevice', 'PTB', 'pyo', 'pygame'] (in that order).
5.6034 	WARNING 	User requested fullscreen with size [1024  768], but screen is actually [2256, 1504]. Using actual size
7.3374 	EXP 	Created window1 = Window(allowGUI=False, allowStencil=False, args=UNKNOWN, autoLog=True, bitsMode=UNKNOWN, blendMode='avg', bpc=(8, 8, 8), color=array([0., 0., 0.]), colorSpace='rgb', depthBits=8, fullscr=<method-wrapper '__getattribute__' of attributeSetter object at 0x0000023AFBEF3278>, gamma=None, gammaErrorPolicy='raise', kwargs=UNKNOWN, lms=UNKNOWN, monitor=<psychopy.monitors.calibTools.Monitor object at 0x0000023AFBCFA978>, multiSample=False, name='window1', numSamples=2, pos=[0.0, 0.0], screen=0, size=array([2256, 1504]), stencilBits=0, stereo=False, units='height', useFBO=True, useRetina=False, viewOri=0.0, viewPos=None, viewScale=None, waitBlanking=True, winType='pyglet')
7.3381 	EXP 	window1: mouseVisible = True
7.3382 	EXP 	window1: recordFrameIntervals = False
7.5023 	EXP 	window1: recordFrameIntervals = True
7.6859 	EXP 	window1: recordFrameIntervals = False
8.0053 	EXP 	Created InstructionTxt = TextStim(__class__=<class 'psychopy.visual.text.TextStim'>, alignHoriz=method-wrapper(...), alignText='center', alignVert=method-wrapper(...), anchorHoriz='center', anchorVert='center', antialias=True, autoLog=True, bold=False, color='white', colorSpace='named', contrast=1.0, depth=0.0, flipHoriz=False, flipVert=False, font='Arial', fontFiles=[], height=0.04, italic=False, languageStyle='LTR', name='InstructionTxt', opacity=1.0, ori=0, pos=array([0., 0.]), rgb=array([255., 255., 255.]), text=str(...), units='height', win=Window(...), wrapWidth=1)
8.0166 	EXP 	Created text = TextStim(__class__=<class 'psychopy.visual.text.TextStim'>, alignHoriz=method-wrapper(...), alignText='center', alignVert=method-wrapper(...), anchorHoriz='center', anchorVert='center', antialias=True, autoLog=True, bold=False, color='white', colorSpace='named', contrast=1.0, depth=0.0, flipHoriz=False, flipVert=False, font='Arial', fontFiles=[], height=0.04, italic=False, languageStyle='LTR', name='text', opacity=1.0, ori=0, pos=array([0., 0.]), rgb=array([255., 255., 255.]), text=str(...), units='height', win=Window(...), wrapWidth=1)
8.2104 	EXP 	Sound Music set volume 0.300
8.2156 	EXP 	Created StartTxt = TextStim(__class__=<class 'psychopy.visual.text.TextStim'>, alignHoriz=method-wrapper(...), alignText='center', alignVert=method-wrapper(...), anchorHoriz='center', anchorVert='center', antialias=True, autoLog=True, bold=False, color='white', colorSpace='named', contrast=1.0, depth=0.0, flipHoriz=False, flipVert=False, font='Arial', fontFiles=[], height=0.04, italic=False, languageStyle='LTR', name='StartTxt', opacity=1.0, ori=0, pos=array([0., 0.]), rgb=array([255., 255., 255.]), text='We will now begin the task', units='height', win=Window(...), wrapWidth=1)
8.2254 	EXP 	Created no3 = TextStim(__class__=<class 'psychopy.visual.text.TextStim'>, alignHoriz=method-wrapper(...), alignText='center', alignVert=method-wrapper(...), anchorHoriz='center', anchorVert='center', antialias=True, autoLog=True, bold=False, color='white', colorSpace='named', contrast=1.0, depth=0.0, flipHoriz=False, flipVert=False, font='Arial', fontFiles=[], height=0.05, italic=False, languageStyle='LTR', name='no3', opacity=1.0, ori=0, pos=array([0., 0.]), rgb=array([255., 255., 255.]), text='3', units='height', win=Window(...), wrapWidth=1)
8.2292 	EXP 	Created no2 = TextStim(__class__=<class 'psychopy.visual.text.TextStim'>, alignHoriz=method-wrapper(...), alignText='center', alignVert=method-wrapper(...), anchorHoriz='center', anchorVert='center', antialias=True, autoLog=True, bold=False, color='white', colorSpace='named', contrast=1.0, depth=0.0, flipHoriz=False, flipVert=False, font='Arial', fontFiles=[], height=0.05, italic=False, languageStyle='LTR', name='no2', opacity=1.0, ori=0, pos=array([0., 0.]), rgb=array([255., 255., 255.]), text='2', units='height', win=Window(...), wrapWidth=1)
8.2328 	EXP 	Created no1 = TextStim(__class__=<class 'psychopy.visual.text.TextStim'>, alignHoriz=method-wrapper(...), alignText='center', alignVert=method-wrapper(...), anchorHoriz='center', anchorVert='center', antialias=True, autoLog=True, bold=False, color='white', colorSpace='named', contrast=1.0, depth=0.0, flipHoriz=False, flipVert=False, font='Arial', fontFiles=[], height=0.05, italic=False, languageStyle='LTR', name='no1', opacity=1.0, ori=0, pos=array([0., 0.]), rgb=array([255., 255., 255.]), text='1', units='height', win=Window(...), wrapWidth=1)
8.2380 	EXP 	Created Question = TextStim(__class__=<class 'psychopy.visual.text.TextStim'>, alignHoriz=method-wrapper(...), alignText='center', alignVert=method-wrapper(...), anchorHoriz='center', anchorVert='center', antialias=True, autoLog=True, bold=False, color='white', colorSpace='named', contrast=1.0, depth=0.0, flipHoriz=False, flipVert=False, font='Arial', fontFiles=[], height=0.04, italic=False, languageStyle='LTR', name='Question', opacity=1.0, ori=0, pos=array([0., 0.]), rgb=array([255., 255., 255.]), text='What is this sound?\n', units='height', win=Window(...), wrapWidth=1)
8.2884 	EXP 	window1: mouseVisible = True
8.3543 	EXP 	Created ClickTheButton = TextStim(__class__=<class 'psychopy.visual.text.TextStim'>, alignHoriz=method-wrapper(...), alignText='center', alignVert=method-wrapper(...), anchorHoriz='center', anchorVert='center', antialias=True, autoLog=True, bold=False, color='white', colorSpace='named', contrast=1.0, depth=-5.0, flipHoriz=False, flipVert=False, font='Arial', fontFiles=[], height=0.025, italic=False, languageStyle='LTR', name='ClickTheButton', opacity=1.0, ori=0, pos=array([ 0.  , -0.03]), rgb=array([255., 255., 255.]), text="Click 'Submit' to begin the next trial.", units='height', win=Window(...), wrapWidth=1)
8.3544 	EXP 	Sound SoundItem set volume 1.000
8.3629 	EXP 	Created ItemNo = TextStim(__class__=<class 'psychopy.visual.text.TextStim'>, alignHoriz=method-wrapper(...), alignText='center', alignVert=method-wrapper(...), anchorHoriz='center', anchorVert='center', antialias=True, autoLog=True, bold=False, color='white', colorSpace='named', contrast=1.0, depth=-7.0, flipHoriz=False, flipVert=False, font='Arial', fontFiles=[], height=0.04, italic=False, languageStyle='LTR', name='ItemNo', opacity=1.0, ori=0, pos=array([0.  , 0.45]), rgb=array([255., 255., 255.]), text='default text', units='height', win=Window(...), wrapWidth=1)
8.3777 	EXP 	Created ThankyouMssg = TextStim(__class__=<class 'psychopy.visual.text.TextStim'>, alignHoriz=method-wrapper(...), alignText='center', alignVert=method-wrapper(...), anchorHoriz='center', anchorVert='center', antialias=True, autoLog=True, bold=False, color='white', colorSpace='named', contrast=1.0, depth=0.0, flipHoriz=False, flipVert=False, font='Arial', fontFiles=[], height=0.04, italic=False, languageStyle='LTR', name='ThankyouMssg', opacity=1.0, ori=0, pos=array([0., 0.]), rgb=array([255., 255., 255.]), text=str(...), units='height', win=Window(...), wrapWidth=1)
8.4226 	EXP 	ResponseBox: autoLog = True
8.4226 	EXP 	Submit: autoLog = True
8.4226 	EXP 	InstructionTxt: autoDraw = True
9.3313 	DATA 	Keypress: space
9.3363 	EXP 	InstructionTxt: autoDraw = False
9.3363 	EXP 	text: autoDraw = True
9.3363 	EXP 	ResponseBox: text = 'default text '
9.8969 	DATA 	Keypress: space
9.9028 	EXP 	text: autoDraw = False
9.9028 	EXP 	StartTxt: autoDraw = True
9.9028 	EXP 	ResponseBox: text = 'default text  '
11.9774 	EXP 	Imported GuessSounds_conditions.xlsx as conditions, 100 conditions, 2 params
11.9780 	EXP 	Created sequence: random, trialTypes=100, nReps=1, seed=None
11.9783 	EXP 	New trial (rep=0, index=0): OrderedDict([('SoundFiles', 'Initial/Repeat/Airplane_B.wav'), ('Type', 'Repeat')])
11.9857 	EXP 	StartTxt: autoDraw = False
11.9857 	EXP 	StartTxt: autoDraw = False
11.9857 	EXP 	no3: autoDraw = True
12.9191 	EXP 	no3: autoDraw = False
12.9191 	EXP 	no2: autoDraw = True
13.9188 	EXP 	no2: autoDraw = False
13.9188 	EXP 	no1: autoDraw = True
15.0209 	EXP 	no1: autoDraw = False
15.0209 	EXP 	ResponseBox: text = '\n\n'
15.0209 	EXP 	ItemNo: text = '1/60'
15.0209 	EXP 	Question: autoDraw = True
15.0209 	EXP 	ResponseBox: autoDraw = True
15.0209 	EXP 	Submit: autoDraw = True
15.0209 	EXP 	ClickTheButton: autoDraw = True
15.0209 	EXP 	ItemNo: autoDraw = True
25.2669 	DATA 	Keypress: escape
25.7248 	EXP 	window1: mouseVisible = True
