1.2369 	WARNING 	We strongly recommend you activate the PTB sound engine in PsychoPy prefs as the preferred audio engine. Its timing is vastly superior. Your prefs are currently set to use ['sounddevice', 'PTB', 'pyo', 'pygame'] (in that order).
6.4600 	WARNING 	User requested fullscreen with size [1024  768], but screen is actually [2256, 1504]. Using actual size
8.4167 	EXP 	Created window1 = Window(allowGUI=False, allowStencil=False, args=UNKNOWN, autoLog=True, bitsMode=UNKNOWN, blendMode='avg', bpc=(8, 8, 8), color=array([0., 0., 0.]), colorSpace='rgb', depthBits=8, fullscr=<method-wrapper '__getattribute__' of attributeSetter object at 0x000001E0A15BB7F0>, gamma=None, gammaErrorPolicy='raise', kwargs=UNKNOWN, lms=UNKNOWN, monitor=<psychopy.monitors.calibTools.Monitor object at 0x000001E0A15F4EF0>, multiSample=False, name='window1', numSamples=2, pos=[0.0, 0.0], screen=0, size=array([2256, 1504]), stencilBits=0, stereo=False, units='height', useFBO=True, useRetina=False, viewOri=0.0, viewPos=None, viewScale=None, waitBlanking=True, winType='pyglet')
8.4170 	EXP 	window1: mouseVisible = True
8.4170 	EXP 	window1: recordFrameIntervals = False
8.5829 	EXP 	window1: recordFrameIntervals = True
8.7661 	EXP 	window1: recordFrameIntervals = False
9.0988 	EXP 	Created InstructionTxt = TextStim(__class__=<class 'psychopy.visual.text.TextStim'>, alignHoriz=method-wrapper(...), alignText='center', alignVert=method-wrapper(...), anchorHoriz='center', anchorVert='center', antialias=True, autoLog=True, bold=False, color='white', colorSpace='named', contrast=1.0, depth=0.0, flipHoriz=False, flipVert=False, font='Arial', fontFiles=[], height=0.04, italic=False, languageStyle='LTR', name='InstructionTxt', opacity=1.0, ori=0, pos=array([0., 0.]), rgb=array([255., 255., 255.]), text=str(...), units='height', win=Window(...), wrapWidth=1)
9.1086 	EXP 	Created WelcomContinue = TextStim(__class__=<class 'psychopy.visual.text.TextStim'>, alignHoriz=method-wrapper(...), alignText='center', alignVert=method-wrapper(...), anchorHoriz='center', anchorVert='center', antialias=True, autoLog=True, bold=False, color='white', colorSpace='named', contrast=1.0, depth=-3.0, flipHoriz=False, flipVert=False, font='Arial', fontFiles=[], height=0.04, italic=False, languageStyle='LTR', name='WelcomContinue', opacity=1.0, ori=0, pos=array([ 0. , -0.4]), rgb=array([255., 255., 255.]), text='Press SPACE to continue', units='height', win=Window(...), wrapWidth=1)
9.1276 	EXP 	Created VolumeBeginTxt = TextStim(__class__=<class 'psychopy.visual.text.TextStim'>, alignHoriz=method-wrapper(...), alignText='center', alignVert=method-wrapper(...), anchorHoriz='center', anchorVert='center', antialias=True, autoLog=True, bold=False, color='white', colorSpace='named', contrast=1.0, depth=0.0, flipHoriz=False, flipVert=False, font='Arial', fontFiles=[], height=0.04, italic=False, languageStyle='LTR', name='VolumeBeginTxt', opacity=1.0, ori=0, pos=array([0., 0.]), rgb=array([255., 255., 255.]), text=str(...), units='height', win=Window(...), wrapWidth=1)
9.1367 	EXP 	Created text = TextStim(__class__=<class 'psychopy.visual.text.TextStim'>, alignHoriz=method-wrapper(...), alignText='center', alignVert=method-wrapper(...), anchorHoriz='center', anchorVert='center', antialias=True, autoLog=True, bold=False, color='white', colorSpace='named', contrast=1.0, depth=0.0, flipHoriz=False, flipVert=False, font='Arial', fontFiles=[], height=0.04, italic=False, languageStyle='LTR', name='text', opacity=1.0, ori=0, pos=array([0., 0.]), rgb=array([255., 255., 255.]), text=str(...), units='height', win=Window(...), wrapWidth=1)
9.1824 	EXP 	Sound Music set volume 0.300
9.1890 	EXP 	Created AdjustContinue = TextStim(__class__=<class 'psychopy.visual.text.TextStim'>, alignHoriz=method-wrapper(...), alignText='center', alignVert=method-wrapper(...), anchorHoriz='center', anchorVert='center', antialias=True, autoLog=True, bold=False, color='white', colorSpace='named', contrast=1.0, depth=-3.0, flipHoriz=False, flipVert=False, font='Arial', fontFiles=[], height=0.04, italic=False, languageStyle='LTR', name='AdjustContinue', opacity=1.0, ori=0, pos=array([ 0. , -0.4]), rgb=array([255., 255., 255.]), text=str(...), units='height', win=Window(...), wrapWidth=1)
9.2122 	EXP 	Created HeadphoneCheckBeing = TextStim(__class__=<class 'psychopy.visual.text.TextStim'>, alignHoriz=method-wrapper(...), alignText='center', alignVert=method-wrapper(...), anchorHoriz='center', anchorVert='center', antialias=True, autoLog=True, bold=False, color='white', colorSpace='named', contrast=1.0, depth=0.0, flipHoriz=False, flipVert=False, font='Arial', fontFiles=[], height=0.04, italic=False, languageStyle='LTR', name='HeadphoneCheckBeing', opacity=1.0, ori=0, pos=array([0., 0.]), rgb=array([255., 255., 255.]), text=str(...), units='height', win=Window(...), wrapWidth=1)
9.2170 	EXP 	Created HeadphoneContinue = TextStim(__class__=<class 'psychopy.visual.text.TextStim'>, alignHoriz=method-wrapper(...), alignText='center', alignVert=method-wrapper(...), anchorHoriz='center', anchorVert='center', antialias=True, autoLog=True, bold=False, color='white', colorSpace='named', contrast=1.0, depth=-1.0, flipHoriz=False, flipVert=False, font='Arial', fontFiles=[], height=0.04, italic=False, languageStyle='LTR', name='HeadphoneContinue', opacity=1.0, ori=0, pos=array([ 0. , -0.4]), rgb=array([255., 255., 255.]), text='Press SPACE to continue', units='height', win=Window(...), wrapWidth=1)
9.2384 	EXP 	Created WelcomeTxt1 = TextStim(__class__=<class 'psychopy.visual.text.TextStim'>, alignHoriz=method-wrapper(...), alignText='center', alignVert=method-wrapper(...), anchorHoriz='center', anchorVert='center', antialias=True, autoLog=True, bold=False, color='white', colorSpace='named', contrast=1.0, depth=0.0, flipHoriz=False, flipVert=False, font='Arial', fontFiles=[], height=0.04, italic=False, languageStyle='LTR', name='WelcomeTxt1', opacity=1.0, ori=0, pos=array([0., 0.]), rgb=array([255., 255., 255.]), text=str(...), units='height', win=Window(...), wrapWidth=1)
9.2428 	EXP 	Created ContinueKey1 = TextStim(__class__=<class 'psychopy.visual.text.TextStim'>, alignHoriz=method-wrapper(...), alignText='center', alignVert=method-wrapper(...), anchorHoriz='center', anchorVert='center', antialias=True, autoLog=True, bold=False, color='white', colorSpace='named', contrast=1.0, depth=-1.0, flipHoriz=False, flipVert=False, font='Arial', fontFiles=[], height=0.04, italic=False, languageStyle='LTR', name='ContinueKey1', opacity=1.0, ori=0, pos=array([ 0. , -0.4]), rgb=array([255., 255., 255.]), text='Press SPACE to continue', units='height', win=Window(...), wrapWidth=1)
9.2735 	EXP 	Created Welcome2Txt = TextStim(__class__=<class 'psychopy.visual.text.TextStim'>, alignHoriz=method-wrapper(...), alignText='center', alignVert=method-wrapper(...), anchorHoriz='center', anchorVert='center', antialias=True, autoLog=True, bold=False, color='white', colorSpace='named', contrast=1.0, depth=0.0, flipHoriz=False, flipVert=False, font='Arial', fontFiles=[], height=0.04, italic=False, languageStyle='LTR', name='Welcome2Txt', opacity=1.0, ori=0, pos=array([0., 0.]), rgb=array([255., 255., 255.]), text=str(...), units='height', win=Window(...), wrapWidth=1)
9.2778 	EXP 	Created Continue2 = TextStim(__class__=<class 'psychopy.visual.text.TextStim'>, alignHoriz=method-wrapper(...), alignText='center', alignVert=method-wrapper(...), anchorHoriz='center', anchorVert='center', antialias=True, autoLog=True, bold=False, color='white', colorSpace='named', contrast=1.0, depth=-2.0, flipHoriz=False, flipVert=False, font='Arial', fontFiles=[], height=0.04, italic=False, languageStyle='LTR', name='Continue2', opacity=1.0, ori=0, pos=array([ 0. , -0.4]), rgb=array([255., 255., 255.]), text='Press SPACE to continue', units='height', win=Window(...), wrapWidth=1)
9.2948 	EXP 	Created InstructionTxt2 = TextStim(__class__=<class 'psychopy.visual.text.TextStim'>, alignHoriz=method-wrapper(...), alignText='center', alignVert=method-wrapper(...), anchorHoriz='center', anchorVert='center', antialias=True, autoLog=True, bold=False, color='white', colorSpace='named', contrast=1.0, depth=0.0, flipHoriz=False, flipVert=False, font='Arial', fontFiles=[], height=0.04, italic=False, languageStyle='LTR', name='InstructionTxt2', opacity=1.0, ori=0, pos=array([0., 0.]), rgb=array([255., 255., 255.]), text=str(...), units='height', win=Window(...), wrapWidth=1)
9.3002 	EXP 	Created WelcomeContinue2 = TextStim(__class__=<class 'psychopy.visual.text.TextStim'>, alignHoriz=method-wrapper(...), alignText='center', alignVert=method-wrapper(...), anchorHoriz='center', anchorVert='center', antialias=True, autoLog=True, bold=False, color='white', colorSpace='named', contrast=1.0, depth=-1.0, flipHoriz=False, flipVert=False, font='Arial', fontFiles=[], height=0.04, italic=False, languageStyle='LTR', name='WelcomeContinue2', opacity=1.0, ori=0, pos=array([ 0. , -0.4]), rgb=array([255., 255., 255.]), text='Press SPACE to begin practice\n', units='height', win=Window(...), wrapWidth=1)
9.3040 	EXP 	Created TrialNumber = TextStim(__class__=<class 'psychopy.visual.text.TextStim'>, alignHoriz=method-wrapper(...), alignText='center', alignVert=method-wrapper(...), anchorHoriz='center', anchorVert='center', antialias=True, autoLog=True, bold=False, color='white', colorSpace='named', contrast=1.0, depth=0.0, flipHoriz=False, flipVert=False, font='Arial', fontFiles=[], height=0.04, italic=False, languageStyle='LTR', name='TrialNumber', opacity=1.0, ori=0, pos=array([0. , 0.3]), rgb=array([255., 255., 255.]), text='default text', units='height', win=Window(...), wrapWidth=1)
9.3041 	EXP 	Sound PracticeSound set volume 1.000
9.3200 	EXP 	Created PracticeCross = TextStim(__class__=<class 'psychopy.visual.text.TextStim'>, alignHoriz=method-wrapper(...), alignText='center', alignVert=method-wrapper(...), anchorHoriz='center', anchorVert='center', antialias=True, autoLog=True, bold=False, color='white', colorSpace='named', contrast=1.0, depth=-2.0, flipHoriz=False, flipVert=False, font='Arial', fontFiles=[], height=0.1, italic=False, languageStyle='LTR', name='PracticeCross', opacity=1.0, ori=0, pos=array([0., 0.]), rgb=array([255., 255., 255.]), text='+', units='height', win=Window(...), wrapWidth=1)
9.3237 	EXP 	Created PracticeMssg = TextStim(__class__=<class 'psychopy.visual.text.TextStim'>, alignHoriz=method-wrapper(...), alignText='center', alignVert=method-wrapper(...), anchorHoriz='center', anchorVert='center', antialias=True, autoLog=True, bold=False, color='white', colorSpace='named', contrast=1.0, depth=-2.0, flipHoriz=False, flipVert=False, font='Arial', fontFiles=[], height=0.04, italic=False, languageStyle='LTR', name='PracticeMssg', opacity=1.0, ori=0, pos=array([0. , 0.2]), rgb=array([255., 255., 255.]), text='default text', units='height', win=Window(...), wrapWidth=1)
9.3270 	EXP 	Created FeedbackCross = TextStim(__class__=<class 'psychopy.visual.text.TextStim'>, alignHoriz=method-wrapper(...), alignText='center', alignVert=method-wrapper(...), anchorHoriz='center', anchorVert='center', antialias=True, autoLog=True, bold=False, color='white', colorSpace='named', contrast=1.0, depth=-3.0, flipHoriz=False, flipVert=False, font='Arial', fontFiles=[], height=0.1, italic=False, languageStyle='LTR', name='FeedbackCross', opacity=1.0, ori=0, pos=array([0., 0.]), rgb=array([255., 255., 255.]), text='+', units='height', win=Window(...), wrapWidth=1)
9.3362 	EXP 	Created Continue = TextStim(__class__=<class 'psychopy.visual.text.TextStim'>, alignHoriz=method-wrapper(...), alignText='center', alignVert=method-wrapper(...), anchorHoriz='center', anchorVert='center', antialias=True, autoLog=True, bold=False, color='white', colorSpace='named', contrast=1.0, depth=-4.0, flipHoriz=False, flipVert=False, font='Arial', fontFiles=[], height=0.04, italic=False, languageStyle='LTR', name='Continue', opacity=1.0, ori=0, pos=array([ 0. , -0.4]), rgb=array([255., 255., 255.]), text='Press the correct number on your keyboard', units='height', win=Window(...), wrapWidth=1)
9.3455 	EXP 	Created Options = TextStim(__class__=<class 'psychopy.visual.text.TextStim'>, alignHoriz=method-wrapper(...), alignText='center', alignVert=method-wrapper(...), anchorHoriz='center', anchorVert='center', antialias=True, autoLog=True, bold=False, color='white', colorSpace='named', contrast=1.0, depth=-5.0, flipHoriz=False, flipVert=False, font='Arial', fontFiles=[], height=0.04, italic=False, languageStyle='LTR', name='Options', opacity=1.0, ori=0, pos=array([ 0. , -0.2]), rgb=array([255., 255., 255.]), text='1 = OLD\n2 = SIMILAR\n3 = NEW', units='height', win=Window(...), wrapWidth=1)
9.3489 	EXP 	Created FeedbackMssg = TextStim(__class__=<class 'psychopy.visual.text.TextStim'>, alignHoriz=method-wrapper(...), alignText='center', alignVert=method-wrapper(...), anchorHoriz='center', anchorVert='center', antialias=True, autoLog=True, bold=False, color='white', colorSpace='named', contrast=1.0, depth=0.0, flipHoriz=False, flipVert=False, font='Arial', fontFiles=[], height=0.04, italic=False, languageStyle='LTR', name='FeedbackMssg', opacity=1.0, ori=0, pos=array([0., 0.]), rgb=array([255., 255., 255.]), text='default text', units='height', win=Window(...), wrapWidth=1)
9.3715 	EXP 	Created StartTxt = TextStim(__class__=<class 'psychopy.visual.text.TextStim'>, alignHoriz=method-wrapper(...), alignText='center', alignVert=method-wrapper(...), anchorHoriz='center', anchorVert='center', antialias=True, autoLog=True, bold=False, color='white', colorSpace='named', contrast=1.0, depth=0.0, flipHoriz=False, flipVert=False, font='Arial', fontFiles=[], height=0.04, italic=False, languageStyle='LTR', name='StartTxt', opacity=1.0, ori=0, pos=array([0., 0.]), rgb=array([255., 255., 255.]), text=str(...), units='height', win=Window(...), wrapWidth=1)
9.3765 	EXP 	Created ContinueStart = TextStim(__class__=<class 'psychopy.visual.text.TextStim'>, alignHoriz=method-wrapper(...), alignText='center', alignVert=method-wrapper(...), anchorHoriz='center', anchorVert='center', antialias=True, autoLog=True, bold=False, color='white', colorSpace='named', contrast=1.0, depth=-2.0, flipHoriz=False, flipVert=False, font='Arial', fontFiles=[], height=0.04, italic=False, languageStyle='LTR', name='ContinueStart', opacity=1.0, ori=0, pos=array([ 0. , -0.4]), rgb=array([255., 255., 255.]), text='Press SPACE to begin the task', units='height', win=Window(...), wrapWidth=1)
9.3781 	EXP 	Created no_3 = TextStim(__class__=<class 'psychopy.visual.text.TextStim'>, alignHoriz=method-wrapper(...), alignText='center', alignVert=method-wrapper(...), anchorHoriz='center', anchorVert='center', antialias=True, autoLog=True, bold=False, color='white', colorSpace='named', contrast=1.0, depth=-1.0, flipHoriz=False, flipVert=False, font='Arial', fontFiles=[], height=0.1, italic=False, languageStyle='LTR', name='no_3', opacity=1.0, ori=0, pos=array([0., 0.]), rgb=array([255., 255., 255.]), text='+', units='height', win=Window(...), wrapWidth=1)
9.3782 	EXP 	Sound TargetSound set volume 1.000
9.3799 	EXP 	Created Cross = TextStim(__class__=<class 'psychopy.visual.text.TextStim'>, alignHoriz=method-wrapper(...), alignText='center', alignVert=method-wrapper(...), anchorHoriz='center', anchorVert='center', antialias=True, autoLog=True, bold=False, color='white', colorSpace='named', contrast=1.0, depth=-1.0, flipHoriz=False, flipVert=False, font='Arial', fontFiles=[], height=0.1, italic=False, languageStyle='LTR', name='Cross', opacity=1.0, ori=0, pos=array([0., 0.]), rgb=array([255., 255., 255.]), text='+', units='height', win=Window(...), wrapWidth=1)
9.3837 	EXP 	Created ItemNumber = TextStim(__class__=<class 'psychopy.visual.text.TextStim'>, alignHoriz=method-wrapper(...), alignText='center', alignVert=method-wrapper(...), anchorHoriz='center', anchorVert='center', antialias=True, autoLog=True, bold=False, color='white', colorSpace='named', contrast=1.0, depth=-2.0, flipHoriz=False, flipVert=False, font='Arial', fontFiles=[], height=0.04, italic=False, languageStyle='LTR', name='ItemNumber', opacity=1.0, ori=0, pos=array([0. , 0.3]), rgb=array([255., 255., 255.]), text='default text', units='height', win=Window(...), wrapWidth=1)
9.4098 	EXP 	Created MSTQuestion = TextStim(__class__=<class 'psychopy.visual.text.TextStim'>, alignHoriz=method-wrapper(...), alignText='center', alignVert=method-wrapper(...), anchorHoriz='center', anchorVert='center', antialias=True, autoLog=True, bold=False, color='white', colorSpace='named', contrast=1.0, depth=0.0, flipHoriz=False, flipVert=False, font='Arial', fontFiles=[], height=0.04, italic=False, languageStyle='LTR', name='MSTQuestion', opacity=1.0, ori=0, pos=array([0., 0.]), rgb=array([255., 255., 255.]), text=str(...), units='height', win=Window(...), wrapWidth=1)
9.4193 	EXP 	Created ThankyouMssg = TextStim(__class__=<class 'psychopy.visual.text.TextStim'>, alignHoriz=method-wrapper(...), alignText='center', alignVert=method-wrapper(...), anchorHoriz='center', anchorVert='center', antialias=True, autoLog=True, bold=False, color='white', colorSpace='named', contrast=1.0, depth=0.0, flipHoriz=False, flipVert=False, font='Arial', fontFiles=[], height=0.04, italic=False, languageStyle='LTR', name='ThankyouMssg', opacity=1.0, ori=0, pos=array([0. , 0.2]), rgb=array([255., 255., 255.]), text=str(...), units='height', win=Window(...), wrapWidth=1)
9.4966 	EXP 	Created ExitTxt = TextStim(__class__=<class 'psychopy.visual.text.TextStim'>, alignHoriz=method-wrapper(...), alignText='center', alignVert=method-wrapper(...), anchorHoriz='center', anchorVert='center', antialias=True, autoLog=True, bold=False, color='white', colorSpace='named', contrast=1.0, depth=-2.0, flipHoriz=False, flipVert=False, font='Arial', fontFiles=[], height=0.04, italic=False, languageStyle='LTR', name='ExitTxt', opacity=1.0, ori=0, pos=array([ 0. , -0.4]), rgb=array([255., 255., 255.]), text='Press SPACE to exit the study', units='height', win=Window(...), wrapWidth=1)
9.5067 	EXP 	Created CodeTxt = TextStim(__class__=<class 'psychopy.visual.text.TextStim'>, alignHoriz=method-wrapper(...), alignText='center', alignVert=method-wrapper(...), anchorHoriz='center', anchorVert='center', antialias=True, autoLog=True, bold=False, color='white', colorSpace='named', contrast=1.0, depth=-4.0, flipHoriz=False, flipVert=False, font='Arial', fontFiles=[], height=0.04, italic=False, languageStyle='LTR', name='CodeTxt', opacity=1.0, ori=0, pos=array([ 0.  , -0.22]), rgb=array([255., 255., 255.]), text=str(...), units='height', win=Window(...), wrapWidth=1)
9.5405 	EXP 	CompletionCode: autoLog = True
9.5405 	EXP 	InstructionTxt: autoDraw = True
9.5405 	EXP 	WelcomContinue: autoDraw = True
10.5404 	DATA 	Keypress: space
10.5498 	EXP 	InstructionTxt: autoDraw = False
10.5498 	EXP 	WelcomContinue: autoDraw = False
10.5498 	EXP 	VolumeBeginTxt: autoDraw = True
10.9619 	DATA 	Keypress: space
10.9660 	EXP 	VolumeBeginTxt: autoDraw = False
10.9660 	EXP 	text: autoDraw = True
10.9660 	EXP 	AdjustContinue: autoDraw = True
11.3415 	DATA 	Keypress: space
11.3501 	EXP 	text: autoDraw = False
11.3501 	EXP 	AdjustContinue: autoDraw = False
11.3501 	EXP 	HeadphoneCheckBeing: autoDraw = True
11.3501 	EXP 	HeadphoneContinue: autoDraw = True
11.6883 	DATA 	Keypress: space
11.7172 	EXP 	HeadphoneCheckBeing: autoDraw = False
11.7172 	EXP 	HeadphoneContinue: autoDraw = False
11.7172 	EXP 	WelcomeTxt1: autoDraw = True
11.7172 	EXP 	ContinueKey1: autoDraw = True
12.0925 	DATA 	Keypress: space
12.1003 	EXP 	WelcomeTxt1: autoDraw = False
12.1003 	EXP 	ContinueKey1: autoDraw = False
12.1003 	EXP 	Welcome2Txt: autoDraw = True
12.1003 	EXP 	Continue2: autoDraw = True
12.4757 	DATA 	Keypress: space
12.4831 	EXP 	Welcome2Txt: autoDraw = False
12.4831 	EXP 	Continue2: autoDraw = False
12.4831 	EXP 	InstructionTxt2: autoDraw = True
12.4831 	EXP 	WelcomeContinue2: autoDraw = True
12.8381 	DATA 	Keypress: space
12.9269 	EXP 	Imported GuessSounds_conditions.xlsx as conditions, 5 conditions, 4 params
12.9272 	EXP 	Created sequence: sequential, trialTypes=5, nReps=1, seed=None
12.9275 	EXP 	New trial (rep=0, index=0): OrderedDict([('SoundFile5', 'Practice/Seagull_A.wav'), ('Correct', 2), ('Correct2', 3), ('Type', 'NEW')])
12.9417 	EXP 	InstructionTxt2: autoDraw = False
12.9417 	EXP 	WelcomeContinue2: autoDraw = False
12.9417 	EXP 	TrialNumber: text = 'Trial 1'
12.9417 	EXP 	TrialNumber: autoDraw = True
12.9417 	EXP 	PracticeCross: autoDraw = True
13.2032 	DATA 	Keypress: space
15.2158 	EXP 	TrialNumber: autoDraw = False
15.2158 	EXP 	PracticeCross: autoDraw = False
15.2340 	EXP 	TrialNumber: autoDraw = False
15.2340 	EXP 	PracticeCross: autoDraw = False
15.2340 	EXP 	PracticeMssg: text = 'This is a NEW sound. \nThis sound has never been played before.'
15.2340 	EXP 	PracticeMssg: autoDraw = True
15.2340 	EXP 	FeedbackCross: autoDraw = True
15.2340 	EXP 	Continue: autoDraw = True
15.2340 	EXP 	Options: autoDraw = True
16.5780 	DATA 	Keypress: 3
16.5828 	EXP 	PracticeMssg: autoDraw = False
16.5828 	EXP 	FeedbackCross: autoDraw = False
16.5828 	EXP 	Continue: autoDraw = False
16.5828 	EXP 	Options: autoDraw = False
16.5828 	EXP 	FeedbackMssg: text = 'CORRECT'
16.5828 	EXP 	FeedbackMssg: autoDraw = True
17.5687 	EXP 	New trial (rep=0, index=1): OrderedDict([('SoundFile5', 'Practice/Skid_B.wav'), ('Correct', 2), ('Correct2', 3), ('Type', 'NEW')])
17.5828 	EXP 	FeedbackMssg: autoDraw = False
17.5828 	EXP 	FeedbackMssg: autoDraw = False
17.5828 	EXP 	TrialNumber: text = 'Trial 2'
17.5828 	EXP 	TrialNumber: autoDraw = True
17.5828 	EXP 	PracticeCross: autoDraw = True
19.6835 	EXP 	TrialNumber: autoDraw = False
19.6835 	EXP 	PracticeCross: autoDraw = False
19.6998 	EXP 	TrialNumber: autoDraw = False
19.6998 	EXP 	PracticeCross: autoDraw = False
19.6998 	EXP 	PracticeMssg: text = 'This is a NEW sound. \nThis sound has never been played before.'
19.6998 	EXP 	PracticeMssg: autoDraw = True
19.6998 	EXP 	FeedbackCross: autoDraw = True
19.6998 	EXP 	Continue: autoDraw = True
19.6998 	EXP 	Options: autoDraw = True
20.2069 	DATA 	Keypress: 3
20.2160 	EXP 	PracticeMssg: autoDraw = False
20.2160 	EXP 	FeedbackCross: autoDraw = False
20.2160 	EXP 	Continue: autoDraw = False
20.2160 	EXP 	Options: autoDraw = False
20.2160 	EXP 	FeedbackMssg: text = 'CORRECT'
20.2160 	EXP 	FeedbackMssg: autoDraw = True
21.2009 	EXP 	New trial (rep=0, index=2): OrderedDict([('SoundFile5', 'Practice/Seagull_A.wav'), ('Correct', 1), ('Correct2', 1), ('Type', 'OLD')])
21.2159 	EXP 	FeedbackMssg: autoDraw = False
21.2159 	EXP 	FeedbackMssg: autoDraw = False
21.2159 	EXP 	TrialNumber: text = 'Trial 3'
21.2159 	EXP 	TrialNumber: autoDraw = True
21.2159 	EXP 	PracticeCross: autoDraw = True
23.4851 	EXP 	TrialNumber: autoDraw = False
23.4851 	EXP 	PracticeCross: autoDraw = False
23.4851 	EXP 	TrialNumber: autoDraw = False
23.4851 	EXP 	PracticeCross: autoDraw = False
23.4851 	EXP 	PracticeMssg: text = 'This is a REPEAT sound. \nThe exact same sound has been played previously.'
23.4851 	EXP 	PracticeMssg: autoDraw = True
23.4851 	EXP 	FeedbackCross: autoDraw = True
23.4851 	EXP 	Continue: autoDraw = True
23.4851 	EXP 	Options: autoDraw = True
24.2414 	DATA 	Keypress: 1
24.2491 	EXP 	PracticeMssg: autoDraw = False
24.2491 	EXP 	FeedbackCross: autoDraw = False
24.2491 	EXP 	Continue: autoDraw = False
24.2491 	EXP 	Options: autoDraw = False
24.2491 	EXP 	FeedbackMssg: text = 'CORRECT'
24.2491 	EXP 	FeedbackMssg: autoDraw = True
25.2342 	EXP 	New trial (rep=0, index=3): OrderedDict([('SoundFile5', 'Practice/Gargle_A.wav'), ('Correct', 2), ('Correct2', 3), ('Type', 'NEW')])
25.2494 	EXP 	FeedbackMssg: autoDraw = False
25.2494 	EXP 	FeedbackMssg: autoDraw = False
25.2494 	EXP 	TrialNumber: text = 'Trial 4'
25.2494 	EXP 	TrialNumber: autoDraw = True
25.2494 	EXP 	PracticeCross: autoDraw = True
27.5157 	EXP 	TrialNumber: autoDraw = False
27.5157 	EXP 	PracticeCross: autoDraw = False
27.5332 	EXP 	TrialNumber: autoDraw = False
27.5332 	EXP 	PracticeCross: autoDraw = False
27.5332 	EXP 	PracticeMssg: text = 'This is a NEW sound. \nThis sound has never been played before.'
27.5332 	EXP 	PracticeMssg: autoDraw = True
27.5332 	EXP 	FeedbackCross: autoDraw = True
27.5332 	EXP 	Continue: autoDraw = True
27.5332 	EXP 	Options: autoDraw = True
28.4716 	DATA 	Keypress: 3
28.4991 	EXP 	PracticeMssg: autoDraw = False
28.4991 	EXP 	FeedbackCross: autoDraw = False
28.4991 	EXP 	Continue: autoDraw = False
28.4991 	EXP 	Options: autoDraw = False
28.4991 	EXP 	FeedbackMssg: text = 'CORRECT'
28.4991 	EXP 	FeedbackMssg: autoDraw = True
29.4852 	EXP 	New trial (rep=0, index=4): OrderedDict([('SoundFile5', 'Practice/Gargle_B.wav'), ('Correct', 2), ('Correct2', 2), ('Type', 'SIMILAR')])
29.4995 	EXP 	FeedbackMssg: autoDraw = False
29.4995 	EXP 	FeedbackMssg: autoDraw = False
29.4995 	EXP 	TrialNumber: text = 'Trial 5'
29.4995 	EXP 	TrialNumber: autoDraw = True
29.4995 	EXP 	PracticeCross: autoDraw = True
31.5490 	EXP 	TrialNumber: autoDraw = False
31.5490 	EXP 	PracticeCross: autoDraw = False
31.5702 	EXP 	TrialNumber: autoDraw = False
31.5702 	EXP 	PracticeCross: autoDraw = False
31.5702 	EXP 	PracticeMssg: text = 'This is a SIMILAR sound. \nThis sound is similar but not identical to a previously played sound.'
31.5702 	EXP 	PracticeMssg: autoDraw = True
31.5702 	EXP 	FeedbackCross: autoDraw = True
31.5702 	EXP 	Continue: autoDraw = True
31.5702 	EXP 	Options: autoDraw = True
32.4880 	DATA 	Keypress: 2
32.5162 	EXP 	PracticeMssg: autoDraw = False
32.5162 	EXP 	FeedbackCross: autoDraw = False
32.5162 	EXP 	Continue: autoDraw = False
32.5162 	EXP 	Options: autoDraw = False
32.5162 	EXP 	FeedbackMssg: text = 'CORRECT'
32.5162 	EXP 	FeedbackMssg: autoDraw = True
33.5163 	EXP 	FeedbackMssg: autoDraw = False
33.5163 	EXP 	FeedbackMssg: autoDraw = False
33.5163 	EXP 	StartTxt: autoDraw = True
33.5163 	EXP 	ContinueStart: autoDraw = True
34.4376 	DATA 	Keypress: space
34.5011 	EXP 	Imported GuessSounds_conditions.xlsx as conditions, 36 conditions, 4 params
34.5015 	EXP 	Created sequence: sequential, trialTypes=36, nReps=1, seed=None
34.5018 	EXP 	New trial (rep=0, index=0): OrderedDict([('SoundFile5', 'Initial/Doubled/HairDryer_A.wav'), ('Correct', 1), ('Correct2', 1), ('Type', 'OLD')])
34.5085 	EXP 	StartTxt: autoDraw = False
34.5085 	EXP 	ContinueStart: autoDraw = False
34.5085 	EXP 	no_3: autoDraw = True
35.9825 	EXP 	no_3: autoDraw = False
35.9825 	EXP 	ItemNumber: text = '1/128'
35.9825 	EXP 	Cross: autoDraw = True
35.9825 	EXP 	ItemNumber: autoDraw = True
38.5502 	EXP 	Cross: autoDraw = False
38.5502 	EXP 	ItemNumber: autoDraw = False
38.5502 	EXP 	Cross: autoDraw = False
38.5502 	EXP 	ItemNumber: autoDraw = False
38.5502 	EXP 	MSTQuestion: autoDraw = True
40.0874 	DATA 	Keypress: 3
40.1045 	EXP 	New trial (rep=0, index=1): OrderedDict([('SoundFile5', 'Initial/Doubled/Cuckoo_A.wav'), ('Correct', 1), ('Correct2', 1), ('Type', 'OLD')])
40.1157 	EXP 	MSTQuestion: autoDraw = False
40.1157 	EXP 	no_3: autoDraw = True
41.6157 	EXP 	no_3: autoDraw = False
41.6157 	EXP 	no_3: autoDraw = False
41.6157 	EXP 	ItemNumber: text = '2/128'
41.6157 	EXP 	Cross: autoDraw = True
41.6157 	EXP 	ItemNumber: autoDraw = True
44.1002 	EXP 	Cross: autoDraw = False
44.1002 	EXP 	ItemNumber: autoDraw = False
44.1002 	EXP 	Cross: autoDraw = False
44.1002 	EXP 	ItemNumber: autoDraw = False
44.1002 	EXP 	MSTQuestion: autoDraw = True
45.3043 	EXP 	New trial (rep=0, index=2): OrderedDict([('SoundFile5', 'Initial/Doubled/Coin_A.wav'), ('Correct', 2), ('Correct2', 3), ('Type', 'NEW')])
45.3073 	DATA 	Keypress: 3
45.3155 	EXP 	MSTQuestion: autoDraw = False
45.3155 	EXP 	no_3: autoDraw = True
46.8155 	EXP 	no_3: autoDraw = False
46.8155 	EXP 	no_3: autoDraw = False
46.8155 	EXP 	ItemNumber: text = '3/128'
46.8155 	EXP 	Cross: autoDraw = True
46.8155 	EXP 	ItemNumber: autoDraw = True
48.4328 	EXP 	Cross: autoDraw = False
48.4328 	EXP 	ItemNumber: autoDraw = False
48.4328 	EXP 	Cross: autoDraw = False
48.4328 	EXP 	ItemNumber: autoDraw = False
48.4328 	EXP 	MSTQuestion: autoDraw = True
48.8544 	EXP 	New trial (rep=0, index=3): OrderedDict([('SoundFile5', 'Initial/Repeat/Howl.wav'), ('Correct', 2), ('Correct2', 3), ('Type', 'NEW')])
48.8574 	DATA 	Keypress: 3
48.8664 	EXP 	MSTQuestion: autoDraw = False
48.8664 	EXP 	no_3: autoDraw = True
50.3672 	EXP 	no_3: autoDraw = False
50.3672 	EXP 	no_3: autoDraw = False
50.3672 	EXP 	ItemNumber: text = '4/128'
50.3672 	EXP 	Cross: autoDraw = True
50.3672 	EXP 	ItemNumber: autoDraw = True
52.9338 	EXP 	Cross: autoDraw = False
52.9338 	EXP 	ItemNumber: autoDraw = False
52.9338 	EXP 	Cross: autoDraw = False
52.9338 	EXP 	ItemNumber: autoDraw = False
52.9338 	EXP 	MSTQuestion: autoDraw = True
52.9889 	EXP 	New trial (rep=0, index=4): OrderedDict([('SoundFile5', 'Initial/NoRepeat/Hammer_A.wav'), ('Correct', 1), ('Correct2', 1), ('Type', 'OLD')])
52.9916 	DATA 	Keypress: 3
52.9995 	EXP 	MSTQuestion: autoDraw = False
52.9995 	EXP 	no_3: autoDraw = True
54.4987 	EXP 	no_3: autoDraw = False
54.4987 	EXP 	no_3: autoDraw = False
54.4987 	EXP 	ItemNumber: text = '5/128'
54.4987 	EXP 	Cross: autoDraw = True
54.4987 	EXP 	ItemNumber: autoDraw = True
56.9667 	EXP 	Cross: autoDraw = False
56.9667 	EXP 	ItemNumber: autoDraw = False
56.9667 	EXP 	Cross: autoDraw = False
56.9667 	EXP 	ItemNumber: autoDraw = False
56.9667 	EXP 	MSTQuestion: autoDraw = True
57.6051 	EXP 	New trial (rep=0, index=5): OrderedDict([('SoundFile5', 'Initial/NoRepeat/Helicopter_A.wav'), ('Correct', 2), ('Correct2', 3), ('Type', 'NEW')])
57.6081 	DATA 	Keypress: 1
57.6157 	EXP 	MSTQuestion: autoDraw = False
57.6157 	EXP 	no_3: autoDraw = True
59.1155 	EXP 	no_3: autoDraw = False
59.1155 	EXP 	no_3: autoDraw = False
59.1155 	EXP 	ItemNumber: text = '6/128'
59.1155 	EXP 	Cross: autoDraw = True
59.1155 	EXP 	ItemNumber: autoDraw = True
61.5663 	EXP 	Cross: autoDraw = False
61.5663 	EXP 	ItemNumber: autoDraw = False
61.5663 	EXP 	Cross: autoDraw = False
61.5663 	EXP 	ItemNumber: autoDraw = False
61.5663 	EXP 	MSTQuestion: autoDraw = True
62.4708 	EXP 	New trial (rep=0, index=6): OrderedDict([('SoundFile5', 'Initial/Repeat/ManWhistle.wav'), ('Correct', 2), ('Correct2', 3), ('Type', 'NEW')])
62.4737 	DATA 	Keypress: 3
62.4819 	EXP 	MSTQuestion: autoDraw = False
62.4819 	EXP 	no_3: autoDraw = True
63.9916 	EXP 	no_3: autoDraw = False
63.9916 	EXP 	no_3: autoDraw = False
63.9916 	EXP 	ItemNumber: text = '7/128'
63.9916 	EXP 	Cross: autoDraw = True
63.9916 	EXP 	ItemNumber: autoDraw = True
66.2162 	EXP 	Cross: autoDraw = False
66.2162 	EXP 	ItemNumber: autoDraw = False
66.2162 	EXP 	Cross: autoDraw = False
66.2162 	EXP 	ItemNumber: autoDraw = False
66.2162 	EXP 	MSTQuestion: autoDraw = True
66.3710 	EXP 	New trial (rep=0, index=7): OrderedDict([('SoundFile5', 'Footsteps_C.wav'), ('Correct', 2), ('Correct2', 2), ('Type', 'SIMILAR')])
66.3741 	DATA 	Keypress: 3
66.3821 	EXP 	MSTQuestion: autoDraw = False
66.3821 	EXP 	no_3: autoDraw = True
67.8921 	EXP 	no_3: autoDraw = False
67.8921 	EXP 	no_3: autoDraw = False
67.8921 	EXP 	ItemNumber: text = '8/128'
67.8921 	EXP 	Cross: autoDraw = True
67.8921 	EXP 	ItemNumber: autoDraw = True
70.4662 	EXP 	Cross: autoDraw = False
70.4662 	EXP 	ItemNumber: autoDraw = False
70.4662 	EXP 	Cross: autoDraw = False
70.4662 	EXP 	ItemNumber: autoDraw = False
70.4662 	EXP 	MSTQuestion: autoDraw = True
71.3368 	EXP 	New trial (rep=0, index=8): OrderedDict([('SoundFile5', 'Initial/Doubled/Growl_A.wav'), ('Correct', 2), ('Correct2', 3), ('Type', 'NEW')])
71.3396 	DATA 	Keypress: 2
71.3486 	EXP 	MSTQuestion: autoDraw = False
71.3486 	EXP 	no_3: autoDraw = True
72.8628 	EXP 	no_3: autoDraw = False
72.8628 	EXP 	no_3: autoDraw = False
72.8628 	EXP 	ItemNumber: text = '9/128'
72.8628 	EXP 	Cross: autoDraw = True
72.8628 	EXP 	ItemNumber: autoDraw = True
75.4329 	EXP 	Cross: autoDraw = False
75.4329 	EXP 	ItemNumber: autoDraw = False
75.4329 	EXP 	Cross: autoDraw = False
75.4329 	EXP 	ItemNumber: autoDraw = False
75.4329 	EXP 	MSTQuestion: autoDraw = True
75.8540 	DATA 	Keypress: 3
75.8707 	EXP 	New trial (rep=0, index=9): OrderedDict([('SoundFile5', 'Test/Foils/Horse.wav'), ('Correct', 2), ('Correct2', 3), ('Type', 'NEW')])
75.8822 	EXP 	MSTQuestion: autoDraw = False
75.8822 	EXP 	no_3: autoDraw = True
77.3983 	EXP 	no_3: autoDraw = False
77.3983 	EXP 	no_3: autoDraw = False
77.3983 	EXP 	ItemNumber: text = '10/128'
77.3983 	EXP 	Cross: autoDraw = True
77.3983 	EXP 	ItemNumber: autoDraw = True
77.9689 	DATA 	Keypress: 3
79.6001 	EXP 	Cross: autoDraw = False
79.6001 	EXP 	ItemNumber: autoDraw = False
79.6001 	EXP 	Cross: autoDraw = False
79.6001 	EXP 	ItemNumber: autoDraw = False
79.6001 	EXP 	MSTQuestion: autoDraw = True
80.1733 	DATA 	Keypress: 3
80.1900 	EXP 	New trial (rep=0, index=10): OrderedDict([('SoundFile5', 'Initial/Doubled/Clap_A.wav'), ('Correct', 1), ('Correct2', 1), ('Type', 'OLD')])
80.1990 	EXP 	MSTQuestion: autoDraw = False
80.1990 	EXP 	no_3: autoDraw = True
81.7072 	EXP 	no_3: autoDraw = False
81.7072 	EXP 	no_3: autoDraw = False
81.7072 	EXP 	ItemNumber: text = '11/128'
81.7072 	EXP 	Cross: autoDraw = True
81.7072 	EXP 	ItemNumber: autoDraw = True
84.2165 	EXP 	Cross: autoDraw = False
84.2165 	EXP 	ItemNumber: autoDraw = False
84.2165 	EXP 	Cross: autoDraw = False
84.2165 	EXP 	ItemNumber: autoDraw = False
84.2165 	EXP 	MSTQuestion: autoDraw = True
84.7580 	EXP 	New trial (rep=0, index=11): OrderedDict([('SoundFile5', 'Dog_C.wav'), ('Correct', 2), ('Correct2', 2), ('Type', 'SIMILAR')])
84.7631 	DATA 	Keypress: 3
84.7674 	EXP 	MSTQuestion: autoDraw = False
84.7674 	EXP 	no_3: autoDraw = True
86.2987 	EXP 	no_3: autoDraw = False
86.2987 	EXP 	ItemNumber: text = '12/128'
86.2987 	EXP 	Cross: autoDraw = True
86.2987 	EXP 	ItemNumber: autoDraw = True
88.3148 	EXP 	Cross: autoDraw = False
88.3148 	EXP 	ItemNumber: autoDraw = False
88.3148 	EXP 	Cross: autoDraw = False
88.3148 	EXP 	ItemNumber: autoDraw = False
88.3148 	EXP 	MSTQuestion: autoDraw = True
88.9050 	EXP 	New trial (rep=0, index=12): OrderedDict([('SoundFile5', 'Initial/NoRepeat/Fireworks.wav'), ('Correct', 1), ('Correct2', 1), ('Type', 'OLD')])
88.9094 	DATA 	Keypress: 2
88.9144 	EXP 	MSTQuestion: autoDraw = False
88.9144 	EXP 	no_3: autoDraw = True
90.4238 	EXP 	no_3: autoDraw = False
90.4238 	EXP 	no_3: autoDraw = False
90.4238 	EXP 	ItemNumber: text = '13/128'
90.4238 	EXP 	Cross: autoDraw = True
90.4238 	EXP 	ItemNumber: autoDraw = True
93.0002 	EXP 	Cross: autoDraw = False
93.0002 	EXP 	ItemNumber: autoDraw = False
93.0002 	EXP 	Cross: autoDraw = False
93.0002 	EXP 	ItemNumber: autoDraw = False
93.0002 	EXP 	MSTQuestion: autoDraw = True
93.3546 	EXP 	New trial (rep=0, index=13): OrderedDict([('SoundFile5', 'Initial/Repeat/Printer.wav'), ('Correct', 2), ('Correct2', 3), ('Type', 'NEW')])
93.3576 	DATA 	Keypress: 1
93.3653 	EXP 	MSTQuestion: autoDraw = False
93.3653 	EXP 	no_3: autoDraw = True
94.8827 	EXP 	no_3: autoDraw = False
94.8827 	EXP 	no_3: autoDraw = False
94.8827 	EXP 	ItemNumber: text = '14/128'
94.8827 	EXP 	Cross: autoDraw = True
94.8827 	EXP 	ItemNumber: autoDraw = True
97.4499 	EXP 	Cross: autoDraw = False
97.4499 	EXP 	ItemNumber: autoDraw = False
97.4499 	EXP 	Cross: autoDraw = False
97.4499 	EXP 	ItemNumber: autoDraw = False
97.4499 	EXP 	MSTQuestion: autoDraw = True
98.5079 	EXP 	New trial (rep=0, index=14): OrderedDict([('SoundFile5', 'Test/Foils/Camera.wav'), ('Correct', 2), ('Correct2', 3), ('Type', 'NEW')])
98.5134 	DATA 	Keypress: 3
98.5178 	EXP 	MSTQuestion: autoDraw = False
98.5178 	EXP 	no_3: autoDraw = True
100.0424 	EXP 	no_3: autoDraw = False
100.0424 	EXP 	ItemNumber: text = '15/128'
100.0424 	EXP 	Cross: autoDraw = True
100.0424 	EXP 	ItemNumber: autoDraw = True
101.0162 	EXP 	Cross: autoDraw = False
101.0162 	EXP 	ItemNumber: autoDraw = False
101.0162 	EXP 	Cross: autoDraw = False
101.0162 	EXP 	ItemNumber: autoDraw = False
101.0162 	EXP 	MSTQuestion: autoDraw = True
102.4573 	EXP 	New trial (rep=0, index=15): OrderedDict([('SoundFile5', 'Initial/Doubled/Piano_A.wav'), ('Correct', 2), ('Correct2', 3), ('Type', 'NEW')])
102.4636 	DATA 	Keypress: 3
102.4680 	EXP 	MSTQuestion: autoDraw = False
102.4680 	EXP 	no_3: autoDraw = True
103.9976 	EXP 	no_3: autoDraw = False
103.9976 	EXP 	ItemNumber: text = '16/128'
103.9976 	EXP 	Cross: autoDraw = True
103.9976 	EXP 	ItemNumber: autoDraw = True
106.5662 	EXP 	Cross: autoDraw = False
106.5662 	EXP 	ItemNumber: autoDraw = False
106.5662 	EXP 	Cross: autoDraw = False
106.5662 	EXP 	ItemNumber: autoDraw = False
106.5662 	EXP 	MSTQuestion: autoDraw = True
106.6902 	DATA 	Keypress: 3
106.7077 	EXP 	New trial (rep=0, index=16): OrderedDict([('SoundFile5', 'Initial/Repeat/PaperRip.wav'), ('Correct', 2), ('Correct2', 3), ('Type', 'NEW')])
106.7165 	EXP 	MSTQuestion: autoDraw = False
106.7165 	EXP 	no_3: autoDraw = True
108.2306 	EXP 	no_3: autoDraw = False
108.2306 	EXP 	no_3: autoDraw = False
108.2306 	EXP 	ItemNumber: text = '17/128'
108.2306 	EXP 	Cross: autoDraw = True
108.2306 	EXP 	ItemNumber: autoDraw = True
109.8330 	EXP 	Cross: autoDraw = False
109.8330 	EXP 	ItemNumber: autoDraw = False
109.8330 	EXP 	Cross: autoDraw = False
109.8330 	EXP 	ItemNumber: autoDraw = False
109.8330 	EXP 	MSTQuestion: autoDraw = True
110.1730 	EXP 	New trial (rep=0, index=17): OrderedDict([('SoundFile5', 'Coin_B.wav'), ('Correct', 2), ('Correct2', 2), ('Type', 'SIMILAR')])
110.1778 	DATA 	Keypress: 3
110.1820 	EXP 	MSTQuestion: autoDraw = False
110.1820 	EXP 	no_3: autoDraw = True
111.7025 	EXP 	no_3: autoDraw = False
111.7025 	EXP 	no_3: autoDraw = False
111.7025 	EXP 	ItemNumber: text = '18/128'
111.7025 	EXP 	Cross: autoDraw = True
111.7025 	EXP 	ItemNumber: autoDraw = True
113.8662 	EXP 	Cross: autoDraw = False
113.8662 	EXP 	ItemNumber: autoDraw = False
113.8662 	EXP 	Cross: autoDraw = False
113.8662 	EXP 	ItemNumber: autoDraw = False
113.8662 	EXP 	MSTQuestion: autoDraw = True
114.2895 	DATA 	Keypress: 2
114.3068 	EXP 	New trial (rep=0, index=18): OrderedDict([('SoundFile5', 'Initial/NoRepeat/Droplet_B.wav'), ('Correct', 2), ('Correct2', 3), ('Type', 'NEW')])
114.3153 	EXP 	MSTQuestion: autoDraw = False
114.3153 	EXP 	no_3: autoDraw = True
115.8267 	EXP 	no_3: autoDraw = False
115.8267 	EXP 	no_3: autoDraw = False
115.8267 	EXP 	ItemNumber: text = '19/128'
115.8267 	EXP 	Cross: autoDraw = True
115.8267 	EXP 	ItemNumber: autoDraw = True
117.9830 	EXP 	Cross: autoDraw = False
117.9830 	EXP 	ItemNumber: autoDraw = False
117.9830 	EXP 	Cross: autoDraw = False
117.9830 	EXP 	ItemNumber: autoDraw = False
117.9830 	EXP 	MSTQuestion: autoDraw = True
118.3575 	EXP 	New trial (rep=0, index=19): OrderedDict([('SoundFile5', 'Test/Foils/Steam.wav'), ('Correct', 2), ('Correct2', 3), ('Type', 'NEW')])
118.3633 	DATA 	Keypress: 3
118.3676 	EXP 	MSTQuestion: autoDraw = False
118.3676 	EXP 	no_3: autoDraw = True
119.9222 	EXP 	no_3: autoDraw = False
119.9222 	EXP 	ItemNumber: text = '20/128'
119.9222 	EXP 	Cross: autoDraw = True
119.9222 	EXP 	ItemNumber: autoDraw = True
122.4497 	EXP 	Cross: autoDraw = False
122.4497 	EXP 	ItemNumber: autoDraw = False
122.4497 	EXP 	Cross: autoDraw = False
122.4497 	EXP 	ItemNumber: autoDraw = False
122.4497 	EXP 	MSTQuestion: autoDraw = True
123.5730 	EXP 	New trial (rep=0, index=20): OrderedDict([('SoundFile5', 'Initial/NoRepeat/Helicopter_A.wav'), ('Correct', 1), ('Correct2', 1), ('Type', 'OLD')])
123.5774 	DATA 	Keypress: 3
123.5819 	EXP 	MSTQuestion: autoDraw = False
123.5819 	EXP 	no_3: autoDraw = True
125.0923 	EXP 	no_3: autoDraw = False
125.0923 	EXP 	no_3: autoDraw = False
125.0923 	EXP 	ItemNumber: text = '21/128'
125.0923 	EXP 	Cross: autoDraw = True
125.0923 	EXP 	ItemNumber: autoDraw = True
127.5493 	EXP 	Cross: autoDraw = False
127.5493 	EXP 	ItemNumber: autoDraw = False
127.5493 	EXP 	Cross: autoDraw = False
127.5493 	EXP 	ItemNumber: autoDraw = False
127.5493 	EXP 	MSTQuestion: autoDraw = True
128.0898 	EXP 	New trial (rep=0, index=21): OrderedDict([('SoundFile5', 'CarStart_D.wav'), ('Correct', 2), ('Correct2', 3), ('Type', 'NEW')])
128.0959 	DATA 	Keypress: 1
128.1004 	EXP 	MSTQuestion: autoDraw = False
128.1004 	EXP 	no_3: autoDraw = True
129.6333 	EXP 	no_3: autoDraw = False
129.6333 	EXP 	ItemNumber: text = '22/128'
129.6333 	EXP 	Cross: autoDraw = True
129.6333 	EXP 	ItemNumber: autoDraw = True
132.1993 	EXP 	Cross: autoDraw = False
132.1993 	EXP 	ItemNumber: autoDraw = False
132.1993 	EXP 	Cross: autoDraw = False
132.1993 	EXP 	ItemNumber: autoDraw = False
132.1993 	EXP 	MSTQuestion: autoDraw = True
132.5897 	DATA 	Keypress: 3
132.6098 	EXP 	New trial (rep=0, index=22): OrderedDict([('SoundFile5', 'Initial/Repeat/Howl.wav'), ('Correct', 1), ('Correct2', 1), ('Type', 'OLD')])
132.6181 	EXP 	MSTQuestion: autoDraw = False
132.6181 	EXP 	no_3: autoDraw = True
134.1415 	EXP 	no_3: autoDraw = False
134.1415 	EXP 	ItemNumber: text = '23/128'
134.1415 	EXP 	Cross: autoDraw = True
134.1415 	EXP 	ItemNumber: autoDraw = True
136.7159 	EXP 	Cross: autoDraw = False
136.7159 	EXP 	ItemNumber: autoDraw = False
136.7159 	EXP 	Cross: autoDraw = False
136.7159 	EXP 	ItemNumber: autoDraw = False
136.7159 	EXP 	MSTQuestion: autoDraw = True
137.2723 	DATA 	Keypress: 1
137.2902 	EXP 	New trial (rep=0, index=23): OrderedDict([('SoundFile5', 'Growl_B.wav'), ('Correct', 2), ('Correct2', 2), ('Type', 'SIMILAR')])
137.2985 	EXP 	MSTQuestion: autoDraw = False
137.2985 	EXP 	no_3: autoDraw = True
138.8204 	EXP 	no_3: autoDraw = False
138.8204 	EXP 	no_3: autoDraw = False
138.8204 	EXP 	ItemNumber: text = '24/128'
138.8204 	EXP 	Cross: autoDraw = True
138.8204 	EXP 	ItemNumber: autoDraw = True
141.3991 	EXP 	Cross: autoDraw = False
141.3991 	EXP 	ItemNumber: autoDraw = False
141.3991 	EXP 	Cross: autoDraw = False
141.3991 	EXP 	ItemNumber: autoDraw = False
141.3991 	EXP 	MSTQuestion: autoDraw = True
141.8902 	EXP 	New trial (rep=0, index=24): OrderedDict([('SoundFile5', 'Goat_C.wav'), ('Correct', 2), ('Correct2', 2), ('Type', 'SIMILAR')])
141.8959 	DATA 	Keypress: 2
141.9003 	EXP 	MSTQuestion: autoDraw = False
141.9003 	EXP 	no_3: autoDraw = True
143.4315 	EXP 	no_3: autoDraw = False
143.4315 	EXP 	ItemNumber: text = '25/128'
143.4315 	EXP 	Cross: autoDraw = True
143.4315 	EXP 	ItemNumber: autoDraw = True
145.2491 	EXP 	Cross: autoDraw = False
145.2491 	EXP 	ItemNumber: autoDraw = False
145.2491 	EXP 	Cross: autoDraw = False
145.2491 	EXP 	ItemNumber: autoDraw = False
145.2491 	EXP 	MSTQuestion: autoDraw = True
146.2233 	DATA 	Keypress: 1
146.2398 	EXP 	New trial (rep=0, index=25): OrderedDict([('SoundFile5', 'Test/Foils/Donkey.wav'), ('Correct', 2), ('Correct2', 3), ('Type', 'NEW')])
146.2482 	EXP 	MSTQuestion: autoDraw = False
146.2482 	EXP 	no_3: autoDraw = True
147.7695 	EXP 	no_3: autoDraw = False
147.7695 	EXP 	no_3: autoDraw = False
147.7695 	EXP 	ItemNumber: text = '26/128'
147.7695 	EXP 	Cross: autoDraw = True
147.7695 	EXP 	ItemNumber: autoDraw = True
150.3490 	EXP 	Cross: autoDraw = False
150.3490 	EXP 	ItemNumber: autoDraw = False
150.3490 	EXP 	Cross: autoDraw = False
150.3490 	EXP 	ItemNumber: autoDraw = False
150.3490 	EXP 	MSTQuestion: autoDraw = True
150.7557 	EXP 	New trial (rep=0, index=26): OrderedDict([('SoundFile5', 'Initial/Repeat/PaperRip.wav'), ('Correct', 1), ('Correct2', 1), ('Type', 'OLD')])
150.7616 	DATA 	Keypress: 1
150.7657 	EXP 	MSTQuestion: autoDraw = False
150.7657 	EXP 	no_3: autoDraw = True
152.2717 	EXP 	no_3: autoDraw = False
152.2717 	EXP 	no_3: autoDraw = False
152.2717 	EXP 	ItemNumber: text = '27/128'
152.2717 	EXP 	Cross: autoDraw = True
152.2717 	EXP 	ItemNumber: autoDraw = True
153.8658 	EXP 	Cross: autoDraw = False
153.8658 	EXP 	ItemNumber: autoDraw = False
153.8658 	EXP 	Cross: autoDraw = False
153.8658 	EXP 	ItemNumber: autoDraw = False
153.8658 	EXP 	MSTQuestion: autoDraw = True
154.3729 	EXP 	New trial (rep=0, index=27): OrderedDict([('SoundFile5', 'ManWhistle_D.wav'), ('Correct', 2), ('Correct2', 2), ('Type', 'SIMILAR')])
154.3787 	DATA 	Keypress: 1
154.3865 	EXP 	MSTQuestion: autoDraw = False
154.3865 	EXP 	no_3: autoDraw = True
155.9145 	EXP 	no_3: autoDraw = False
155.9145 	EXP 	ItemNumber: text = '28/128'
155.9145 	EXP 	Cross: autoDraw = True
155.9145 	EXP 	ItemNumber: autoDraw = True
157.7656 	EXP 	Cross: autoDraw = False
157.7656 	EXP 	ItemNumber: autoDraw = False
157.7656 	EXP 	Cross: autoDraw = False
157.7656 	EXP 	ItemNumber: autoDraw = False
157.7656 	EXP 	MSTQuestion: autoDraw = True
158.5561 	EXP 	New trial (rep=0, index=28): OrderedDict([('SoundFile5', 'Test/Foils/Horse.wav'), ('Correct', 1), ('Correct2', 1), ('Type', 'OLD')])
158.5623 	DATA 	Keypress: 2
158.5666 	EXP 	MSTQuestion: autoDraw = False
158.5666 	EXP 	no_3: autoDraw = True
160.0889 	EXP 	no_3: autoDraw = False
160.0889 	EXP 	ItemNumber: text = '29/128'
160.0889 	EXP 	Cross: autoDraw = True
160.0889 	EXP 	ItemNumber: autoDraw = True
162.2826 	EXP 	Cross: autoDraw = False
162.2826 	EXP 	ItemNumber: autoDraw = False
162.2826 	EXP 	Cross: autoDraw = False
162.2826 	EXP 	ItemNumber: autoDraw = False
162.2826 	EXP 	MSTQuestion: autoDraw = True
162.6235 	EXP 	New trial (rep=0, index=29): OrderedDict([('SoundFile5', 'Initial/Repeat/Printer.wav'), ('Correct', 1), ('Correct2', 1), ('Type', 'OLD')])
162.6290 	DATA 	Keypress: 1
162.6334 	EXP 	MSTQuestion: autoDraw = False
162.6334 	EXP 	no_3: autoDraw = True
164.1560 	EXP 	no_3: autoDraw = False
164.1560 	EXP 	ItemNumber: text = '30/128'
164.1560 	EXP 	Cross: autoDraw = True
164.1560 	EXP 	ItemNumber: autoDraw = True
166.7325 	EXP 	Cross: autoDraw = False
166.7325 	EXP 	ItemNumber: autoDraw = False
166.7325 	EXP 	Cross: autoDraw = False
166.7325 	EXP 	ItemNumber: autoDraw = False
166.7325 	EXP 	MSTQuestion: autoDraw = True
167.1229 	EXP 	New trial (rep=0, index=30): OrderedDict([('SoundFile5', 'Test/Foils/Camera.wav'), ('Correct', 1), ('Correct2', 1), ('Type', 'OLD')])
167.1280 	DATA 	Keypress: 1
167.1323 	EXP 	MSTQuestion: autoDraw = False
167.1323 	EXP 	no_3: autoDraw = True
168.6311 	EXP 	no_3: autoDraw = False
168.6311 	EXP 	no_3: autoDraw = False
168.6311 	EXP 	ItemNumber: text = '31/128'
168.6311 	EXP 	Cross: autoDraw = True
168.6311 	EXP 	ItemNumber: autoDraw = True
169.5989 	EXP 	Cross: autoDraw = False
169.5989 	EXP 	ItemNumber: autoDraw = False
169.5989 	EXP 	Cross: autoDraw = False
169.5989 	EXP 	ItemNumber: autoDraw = False
169.5989 	EXP 	MSTQuestion: autoDraw = True
170.6228 	DATA 	Keypress: 1
170.6403 	EXP 	New trial (rep=0, index=31): OrderedDict([('SoundFile5', 'Initial/NoRepeat/Droplet_B.wav'), ('Correct', 1), ('Correct2', 1), ('Type', 'OLD')])
170.6498 	EXP 	MSTQuestion: autoDraw = False
170.6498 	EXP 	no_3: autoDraw = True
172.1707 	EXP 	no_3: autoDraw = False
172.1707 	EXP 	ItemNumber: text = '32/128'
172.1707 	EXP 	Cross: autoDraw = True
172.1707 	EXP 	ItemNumber: autoDraw = True
174.3325 	EXP 	Cross: autoDraw = False
174.3325 	EXP 	ItemNumber: autoDraw = False
174.3325 	EXP 	Cross: autoDraw = False
174.3325 	EXP 	ItemNumber: autoDraw = False
174.3325 	EXP 	MSTQuestion: autoDraw = True
175.0225 	DATA 	Keypress: 1
175.0398 	EXP 	New trial (rep=0, index=32): OrderedDict([('SoundFile5', 'Test/Foils/Steam.wav'), ('Correct', 1), ('Correct2', 1), ('Type', 'OLD')])
175.0490 	EXP 	MSTQuestion: autoDraw = False
175.0490 	EXP 	no_3: autoDraw = True
176.5572 	EXP 	no_3: autoDraw = False
176.5572 	EXP 	no_3: autoDraw = False
176.5572 	EXP 	ItemNumber: text = '33/128'
176.5572 	EXP 	Cross: autoDraw = True
176.5572 	EXP 	ItemNumber: autoDraw = True
179.0823 	EXP 	Cross: autoDraw = False
179.0823 	EXP 	ItemNumber: autoDraw = False
179.0823 	EXP 	Cross: autoDraw = False
179.0823 	EXP 	ItemNumber: autoDraw = False
179.0823 	EXP 	MSTQuestion: autoDraw = True
179.3064 	EXP 	New trial (rep=0, index=33): OrderedDict([('SoundFile5', 'Initial/Doubled/CarStart_A.wav'), ('Correct', 2), ('Correct2', 2), ('Type', 'SIMILAR')])
179.3122 	DATA 	Keypress: 3
179.3165 	EXP 	MSTQuestion: autoDraw = False
179.3165 	EXP 	no_3: autoDraw = True
179.9035 	DATA 	Keypress: 1
180.8513 	EXP 	no_3: autoDraw = False
180.8513 	EXP 	ItemNumber: text = '34/128'
180.8513 	EXP 	Cross: autoDraw = True
180.8513 	EXP 	ItemNumber: autoDraw = True
183.3653 	EXP 	Cross: autoDraw = False
183.3653 	EXP 	ItemNumber: autoDraw = False
183.3653 	EXP 	Cross: autoDraw = False
183.3653 	EXP 	ItemNumber: autoDraw = False
183.3653 	EXP 	MSTQuestion: autoDraw = True
183.6562 	EXP 	New trial (rep=0, index=34): OrderedDict([('SoundFile5', 'Test/Foils/Donkey.wav'), ('Correct', 1), ('Correct2', 1), ('Type', 'OLD')])
183.6620 	DATA 	Keypress: 2
183.6664 	EXP 	MSTQuestion: autoDraw = False
183.6664 	EXP 	no_3: autoDraw = True
185.1914 	EXP 	no_3: autoDraw = False
185.1914 	EXP 	ItemNumber: text = '35/128'
185.1914 	EXP 	Cross: autoDraw = True
185.1914 	EXP 	ItemNumber: autoDraw = True
187.7653 	EXP 	Cross: autoDraw = False
187.7653 	EXP 	ItemNumber: autoDraw = False
187.7653 	EXP 	Cross: autoDraw = False
187.7653 	EXP 	ItemNumber: autoDraw = False
187.7653 	EXP 	MSTQuestion: autoDraw = True
188.2060 	EXP 	New trial (rep=0, index=35): OrderedDict([('SoundFile5', 'Piano_D.wav'), ('Correct', 2), ('Correct2', 2), ('Type', 'SIMILAR')])
188.2121 	DATA 	Keypress: 1
188.2163 	EXP 	MSTQuestion: autoDraw = False
188.2163 	EXP 	no_3: autoDraw = True
189.7517 	EXP 	no_3: autoDraw = False
189.7517 	EXP 	ItemNumber: text = '36/128'
189.7517 	EXP 	Cross: autoDraw = True
189.7517 	EXP 	ItemNumber: autoDraw = True
192.3317 	EXP 	Cross: autoDraw = False
192.3317 	EXP 	ItemNumber: autoDraw = False
192.3317 	EXP 	Cross: autoDraw = False
192.3317 	EXP 	ItemNumber: autoDraw = False
192.3317 	EXP 	MSTQuestion: autoDraw = True
193.7795 	DATA 	Keypress: 2
193.7845 	EXP 	MSTQuestion: autoDraw = False
193.7845 	EXP 	ThankyouMssg: autoDraw = True
193.7845 	EXP 	CompletionCode: autoDraw = True
193.7845 	EXP 	ExitTxt: autoDraw = True
193.7845 	EXP 	CodeTxt: autoDraw = True
195.8265 	DATA 	Keypress: escape
196.3245 	EXP 	window1: mouseVisible = True
