1.2842 	WARNING 	We strongly recommend you activate the PTB sound engine in PsychoPy prefs as the preferred audio engine. Its timing is vastly superior. Your prefs are currently set to use ['sounddevice', 'PTB', 'pyo', 'pygame'] (in that order).
7.5981 	WARNING 	User requested fullscreen with size [1024  768], but screen is actually [2256, 1504]. Using actual size
10.5678 	EXP 	Created window1 = Window(allowGUI=False, allowStencil=False, args=UNKNOWN, autoLog=True, bitsMode=UNKNOWN, blendMode='avg', bpc=(8, 8, 8), color=array([0., 0., 0.]), colorSpace='rgb', depthBits=8, fullscr=<method-wrapper '__getattribute__' of attributeSetter object at 0x00000215091CF7F0>, gamma=None, gammaErrorPolicy='raise', kwargs=UNKNOWN, lms=UNKNOWN, monitor=<psychopy.monitors.calibTools.Monitor object at 0x0000021509146EF0>, multiSample=False, name='window1', numSamples=2, pos=[0.0, 0.0], screen=0, size=array([2256, 1504]), stencilBits=0, stereo=False, units='height', useFBO=True, useRetina=False, viewOri=0.0, viewPos=None, viewScale=None, waitBlanking=True, winType='pyglet')
10.5690 	EXP 	window1: mouseVisible = True
10.5691 	EXP 	window1: recordFrameIntervals = False
10.7293 	EXP 	window1: recordFrameIntervals = True
10.9133 	EXP 	window1: recordFrameIntervals = False
11.5540 	EXP 	Created InstructionTxt = TextStim(__class__=<class 'psychopy.visual.text.TextStim'>, alignHoriz=method-wrapper(...), alignText='center', alignVert=method-wrapper(...), anchorHoriz='center', anchorVert='center', antialias=True, autoLog=True, bold=False, color='white', colorSpace='named', contrast=1.0, depth=0.0, flipHoriz=False, flipVert=False, font='Arial', fontFiles=[], height=0.04, italic=False, languageStyle='LTR', name='InstructionTxt', opacity=1.0, ori=0, pos=array([0., 0.]), rgb=array([255., 255., 255.]), text=str(...), units='height', win=Window(...), wrapWidth=1)
11.5667 	EXP 	Created WelcomContinue = TextStim(__class__=<class 'psychopy.visual.text.TextStim'>, alignHoriz=method-wrapper(...), alignText='center', alignVert=method-wrapper(...), anchorHoriz='center', anchorVert='center', antialias=True, autoLog=True, bold=False, color='white', colorSpace='named', contrast=1.0, depth=-3.0, flipHoriz=False, flipVert=False, font='Arial', fontFiles=[], height=0.04, italic=False, languageStyle='LTR', name='WelcomContinue', opacity=1.0, ori=0, pos=array([ 0. , -0.4]), rgb=array([255., 255., 255.]), text='Press SPACE to continue', units='height', win=Window(...), wrapWidth=1)
11.5862 	EXP 	Created VolumeBeginTxt = TextStim(__class__=<class 'psychopy.visual.text.TextStim'>, alignHoriz=method-wrapper(...), alignText='center', alignVert=method-wrapper(...), anchorHoriz='center', anchorVert='center', antialias=True, autoLog=True, bold=False, color='white', colorSpace='named', contrast=1.0, depth=0.0, flipHoriz=False, flipVert=False, font='Arial', fontFiles=[], height=0.04, italic=False, languageStyle='LTR', name='VolumeBeginTxt', opacity=1.0, ori=0, pos=array([0., 0.]), rgb=array([255., 255., 255.]), text=str(...), units='height', win=Window(...), wrapWidth=1)
11.5951 	EXP 	Created text = TextStim(__class__=<class 'psychopy.visual.text.TextStim'>, alignHoriz=method-wrapper(...), alignText='center', alignVert=method-wrapper(...), anchorHoriz='center', anchorVert='center', antialias=True, autoLog=True, bold=False, color='white', colorSpace='named', contrast=1.0, depth=0.0, flipHoriz=False, flipVert=False, font='Arial', fontFiles=[], height=0.04, italic=False, languageStyle='LTR', name='text', opacity=1.0, ori=0, pos=array([0., 0.]), rgb=array([255., 255., 255.]), text=str(...), units='height', win=Window(...), wrapWidth=1)
11.6607 	EXP 	Sound Music set volume 0.300
11.6670 	EXP 	Created AdjustContinue = TextStim(__class__=<class 'psychopy.visual.text.TextStim'>, alignHoriz=method-wrapper(...), alignText='center', alignVert=method-wrapper(...), anchorHoriz='center', anchorVert='center', antialias=True, autoLog=True, bold=False, color='white', colorSpace='named', contrast=1.0, depth=-3.0, flipHoriz=False, flipVert=False, font='Arial', fontFiles=[], height=0.04, italic=False, languageStyle='LTR', name='AdjustContinue', opacity=1.0, ori=0, pos=array([ 0. , -0.4]), rgb=array([255., 255., 255.]), text=str(...), units='height', win=Window(...), wrapWidth=1)
11.6930 	EXP 	Created HeadphoneCheckBeing = TextStim(__class__=<class 'psychopy.visual.text.TextStim'>, alignHoriz=method-wrapper(...), alignText='center', alignVert=method-wrapper(...), anchorHoriz='center', anchorVert='center', antialias=True, autoLog=True, bold=False, color='white', colorSpace='named', contrast=1.0, depth=0.0, flipHoriz=False, flipVert=False, font='Arial', fontFiles=[], height=0.04, italic=False, languageStyle='LTR', name='HeadphoneCheckBeing', opacity=1.0, ori=0, pos=array([0., 0.]), rgb=array([255., 255., 255.]), text=str(...), units='height', win=Window(...), wrapWidth=1)
11.6973 	EXP 	Created HeadphoneContinue = TextStim(__class__=<class 'psychopy.visual.text.TextStim'>, alignHoriz=method-wrapper(...), alignText='center', alignVert=method-wrapper(...), anchorHoriz='center', anchorVert='center', antialias=True, autoLog=True, bold=False, color='white', colorSpace='named', contrast=1.0, depth=-1.0, flipHoriz=False, flipVert=False, font='Arial', fontFiles=[], height=0.04, italic=False, languageStyle='LTR', name='HeadphoneContinue', opacity=1.0, ori=0, pos=array([ 0. , -0.4]), rgb=array([255., 255., 255.]), text='Press SPACE to continue', units='height', win=Window(...), wrapWidth=1)
11.7199 	EXP 	Created WelcomeTxt1 = TextStim(__class__=<class 'psychopy.visual.text.TextStim'>, alignHoriz=method-wrapper(...), alignText='center', alignVert=method-wrapper(...), anchorHoriz='center', anchorVert='center', antialias=True, autoLog=True, bold=False, color='white', colorSpace='named', contrast=1.0, depth=0.0, flipHoriz=False, flipVert=False, font='Arial', fontFiles=[], height=0.04, italic=False, languageStyle='LTR', name='WelcomeTxt1', opacity=1.0, ori=0, pos=array([0., 0.]), rgb=array([255., 255., 255.]), text=str(...), units='height', win=Window(...), wrapWidth=1)
11.7243 	EXP 	Created ContinueKey1 = TextStim(__class__=<class 'psychopy.visual.text.TextStim'>, alignHoriz=method-wrapper(...), alignText='center', alignVert=method-wrapper(...), anchorHoriz='center', anchorVert='center', antialias=True, autoLog=True, bold=False, color='white', colorSpace='named', contrast=1.0, depth=-1.0, flipHoriz=False, flipVert=False, font='Arial', fontFiles=[], height=0.04, italic=False, languageStyle='LTR', name='ContinueKey1', opacity=1.0, ori=0, pos=array([ 0. , -0.4]), rgb=array([255., 255., 255.]), text='Press SPACE to continue', units='height', win=Window(...), wrapWidth=1)
11.7588 	EXP 	Created Welcome2Txt = TextStim(__class__=<class 'psychopy.visual.text.TextStim'>, alignHoriz=method-wrapper(...), alignText='center', alignVert=method-wrapper(...), anchorHoriz='center', anchorVert='center', antialias=True, autoLog=True, bold=False, color='white', colorSpace='named', contrast=1.0, depth=0.0, flipHoriz=False, flipVert=False, font='Arial', fontFiles=[], height=0.04, italic=False, languageStyle='LTR', name='Welcome2Txt', opacity=1.0, ori=0, pos=array([0., 0.]), rgb=array([255., 255., 255.]), text=str(...), units='height', win=Window(...), wrapWidth=1)
11.7634 	EXP 	Created Continue2 = TextStim(__class__=<class 'psychopy.visual.text.TextStim'>, alignHoriz=method-wrapper(...), alignText='center', alignVert=method-wrapper(...), anchorHoriz='center', anchorVert='center', antialias=True, autoLog=True, bold=False, color='white', colorSpace='named', contrast=1.0, depth=-2.0, flipHoriz=False, flipVert=False, font='Arial', fontFiles=[], height=0.04, italic=False, languageStyle='LTR', name='Continue2', opacity=1.0, ori=0, pos=array([ 0. , -0.4]), rgb=array([255., 255., 255.]), text='Press SPACE to continue', units='height', win=Window(...), wrapWidth=1)
11.7796 	EXP 	Created InstructionTxt2 = TextStim(__class__=<class 'psychopy.visual.text.TextStim'>, alignHoriz=method-wrapper(...), alignText='center', alignVert=method-wrapper(...), anchorHoriz='center', anchorVert='center', antialias=True, autoLog=True, bold=False, color='white', colorSpace='named', contrast=1.0, depth=0.0, flipHoriz=False, flipVert=False, font='Arial', fontFiles=[], height=0.04, italic=False, languageStyle='LTR', name='InstructionTxt2', opacity=1.0, ori=0, pos=array([0., 0.]), rgb=array([255., 255., 255.]), text=str(...), units='height', win=Window(...), wrapWidth=1)
11.7848 	EXP 	Created WelcomeContinue2 = TextStim(__class__=<class 'psychopy.visual.text.TextStim'>, alignHoriz=method-wrapper(...), alignText='center', alignVert=method-wrapper(...), anchorHoriz='center', anchorVert='center', antialias=True, autoLog=True, bold=False, color='white', colorSpace='named', contrast=1.0, depth=-1.0, flipHoriz=False, flipVert=False, font='Arial', fontFiles=[], height=0.04, italic=False, languageStyle='LTR', name='WelcomeContinue2', opacity=1.0, ori=0, pos=array([ 0. , -0.4]), rgb=array([255., 255., 255.]), text='Press SPACE to begin practice\n', units='height', win=Window(...), wrapWidth=1)
11.7880 	EXP 	Created TrialNumber = TextStim(__class__=<class 'psychopy.visual.text.TextStim'>, alignHoriz=method-wrapper(...), alignText='center', alignVert=method-wrapper(...), anchorHoriz='center', anchorVert='center', antialias=True, autoLog=True, bold=False, color='white', colorSpace='named', contrast=1.0, depth=0.0, flipHoriz=False, flipVert=False, font='Arial', fontFiles=[], height=0.04, italic=False, languageStyle='LTR', name='TrialNumber', opacity=1.0, ori=0, pos=array([0. , 0.3]), rgb=array([255., 255., 255.]), text='default text', units='height', win=Window(...), wrapWidth=1)
11.7881 	EXP 	Sound PracticeSound set volume 1.000
11.8045 	EXP 	Created PracticeCross = TextStim(__class__=<class 'psychopy.visual.text.TextStim'>, alignHoriz=method-wrapper(...), alignText='center', alignVert=method-wrapper(...), anchorHoriz='center', anchorVert='center', antialias=True, autoLog=True, bold=False, color='white', colorSpace='named', contrast=1.0, depth=-2.0, flipHoriz=False, flipVert=False, font='Arial', fontFiles=[], height=0.1, italic=False, languageStyle='LTR', name='PracticeCross', opacity=1.0, ori=0, pos=array([0., 0.]), rgb=array([255., 255., 255.]), text='+', units='height', win=Window(...), wrapWidth=1)
11.8077 	EXP 	Created PracticeMssg = TextStim(__class__=<class 'psychopy.visual.text.TextStim'>, alignHoriz=method-wrapper(...), alignText='center', alignVert=method-wrapper(...), anchorHoriz='center', anchorVert='center', antialias=True, autoLog=True, bold=False, color='white', colorSpace='named', contrast=1.0, depth=-2.0, flipHoriz=False, flipVert=False, font='Arial', fontFiles=[], height=0.04, italic=False, languageStyle='LTR', name='PracticeMssg', opacity=1.0, ori=0, pos=array([0. , 0.2]), rgb=array([255., 255., 255.]), text='default text', units='height', win=Window(...), wrapWidth=1)
11.8093 	EXP 	Created FeedbackCross = TextStim(__class__=<class 'psychopy.visual.text.TextStim'>, alignHoriz=method-wrapper(...), alignText='center', alignVert=method-wrapper(...), anchorHoriz='center', anchorVert='center', antialias=True, autoLog=True, bold=False, color='white', colorSpace='named', contrast=1.0, depth=-3.0, flipHoriz=False, flipVert=False, font='Arial', fontFiles=[], height=0.1, italic=False, languageStyle='LTR', name='FeedbackCross', opacity=1.0, ori=0, pos=array([0., 0.]), rgb=array([255., 255., 255.]), text='+', units='height', win=Window(...), wrapWidth=1)
11.8147 	EXP 	Created Continue = TextStim(__class__=<class 'psychopy.visual.text.TextStim'>, alignHoriz=method-wrapper(...), alignText='center', alignVert=method-wrapper(...), anchorHoriz='center', anchorVert='center', antialias=True, autoLog=True, bold=False, color='white', colorSpace='named', contrast=1.0, depth=-4.0, flipHoriz=False, flipVert=False, font='Arial', fontFiles=[], height=0.04, italic=False, languageStyle='LTR', name='Continue', opacity=1.0, ori=0, pos=array([ 0. , -0.4]), rgb=array([255., 255., 255.]), text='Press the correct number on your keyboard', units='height', win=Window(...), wrapWidth=1)
11.8237 	EXP 	Created Options = TextStim(__class__=<class 'psychopy.visual.text.TextStim'>, alignHoriz=method-wrapper(...), alignText='center', alignVert=method-wrapper(...), anchorHoriz='center', anchorVert='center', antialias=True, autoLog=True, bold=False, color='white', colorSpace='named', contrast=1.0, depth=-5.0, flipHoriz=False, flipVert=False, font='Arial', fontFiles=[], height=0.04, italic=False, languageStyle='LTR', name='Options', opacity=1.0, ori=0, pos=array([ 0. , -0.2]), rgb=array([255., 255., 255.]), text='1 = REPEAT\n2 = SIMILAR\n3 = NEW', units='height', win=Window(...), wrapWidth=1)
11.8274 	EXP 	Created FeedbackMssg = TextStim(__class__=<class 'psychopy.visual.text.TextStim'>, alignHoriz=method-wrapper(...), alignText='center', alignVert=method-wrapper(...), anchorHoriz='center', anchorVert='center', antialias=True, autoLog=True, bold=False, color='white', colorSpace='named', contrast=1.0, depth=0.0, flipHoriz=False, flipVert=False, font='Arial', fontFiles=[], height=0.04, italic=False, languageStyle='LTR', name='FeedbackMssg', opacity=1.0, ori=0, pos=array([0., 0.]), rgb=array([255., 255., 255.]), text='default text', units='height', win=Window(...), wrapWidth=1)
11.8490 	EXP 	Created StartTxt = TextStim(__class__=<class 'psychopy.visual.text.TextStim'>, alignHoriz=method-wrapper(...), alignText='center', alignVert=method-wrapper(...), anchorHoriz='center', anchorVert='center', antialias=True, autoLog=True, bold=False, color='white', colorSpace='named', contrast=1.0, depth=0.0, flipHoriz=False, flipVert=False, font='Arial', fontFiles=[], height=0.04, italic=False, languageStyle='LTR', name='StartTxt', opacity=1.0, ori=0, pos=array([0., 0.]), rgb=array([255., 255., 255.]), text=str(...), units='height', win=Window(...), wrapWidth=1)
11.8536 	EXP 	Created ContinueStart = TextStim(__class__=<class 'psychopy.visual.text.TextStim'>, alignHoriz=method-wrapper(...), alignText='center', alignVert=method-wrapper(...), anchorHoriz='center', anchorVert='center', antialias=True, autoLog=True, bold=False, color='white', colorSpace='named', contrast=1.0, depth=-2.0, flipHoriz=False, flipVert=False, font='Arial', fontFiles=[], height=0.04, italic=False, languageStyle='LTR', name='ContinueStart', opacity=1.0, ori=0, pos=array([ 0. , -0.4]), rgb=array([255., 255., 255.]), text='Press SPACE to begin the task', units='height', win=Window(...), wrapWidth=1)
11.8551 	EXP 	Created no_3 = TextStim(__class__=<class 'psychopy.visual.text.TextStim'>, alignHoriz=method-wrapper(...), alignText='center', alignVert=method-wrapper(...), anchorHoriz='center', anchorVert='center', antialias=True, autoLog=True, bold=False, color='white', colorSpace='named', contrast=1.0, depth=-1.0, flipHoriz=False, flipVert=False, font='Arial', fontFiles=[], height=0.1, italic=False, languageStyle='LTR', name='no_3', opacity=1.0, ori=0, pos=array([0., 0.]), rgb=array([255., 255., 255.]), text='+', units='height', win=Window(...), wrapWidth=1)
11.8552 	EXP 	Sound TargetSound set volume 1.000
11.8566 	EXP 	Created Cross = TextStim(__class__=<class 'psychopy.visual.text.TextStim'>, alignHoriz=method-wrapper(...), alignText='center', alignVert=method-wrapper(...), anchorHoriz='center', anchorVert='center', antialias=True, autoLog=True, bold=False, color='white', colorSpace='named', contrast=1.0, depth=-1.0, flipHoriz=False, flipVert=False, font='Arial', fontFiles=[], height=0.1, italic=False, languageStyle='LTR', name='Cross', opacity=1.0, ori=0, pos=array([0., 0.]), rgb=array([255., 255., 255.]), text='+', units='height', win=Window(...), wrapWidth=1)
11.8597 	EXP 	Created ItemNumber = TextStim(__class__=<class 'psychopy.visual.text.TextStim'>, alignHoriz=method-wrapper(...), alignText='center', alignVert=method-wrapper(...), anchorHoriz='center', anchorVert='center', antialias=True, autoLog=True, bold=False, color='white', colorSpace='named', contrast=1.0, depth=-2.0, flipHoriz=False, flipVert=False, font='Arial', fontFiles=[], height=0.04, italic=False, languageStyle='LTR', name='ItemNumber', opacity=1.0, ori=0, pos=array([0. , 0.3]), rgb=array([255., 255., 255.]), text='default text', units='height', win=Window(...), wrapWidth=1)
11.8847 	EXP 	Created MSTQuestion = TextStim(__class__=<class 'psychopy.visual.text.TextStim'>, alignHoriz=method-wrapper(...), alignText='center', alignVert=method-wrapper(...), anchorHoriz='center', anchorVert='center', antialias=True, autoLog=True, bold=False, color='white', colorSpace='named', contrast=1.0, depth=0.0, flipHoriz=False, flipVert=False, font='Arial', fontFiles=[], height=0.04, italic=False, languageStyle='LTR', name='MSTQuestion', opacity=1.0, ori=0, pos=array([0., 0.]), rgb=array([255., 255., 255.]), text=str(...), units='height', win=Window(...), wrapWidth=1)
11.8948 	EXP 	Created ThankyouMssg = TextStim(__class__=<class 'psychopy.visual.text.TextStim'>, alignHoriz=method-wrapper(...), alignText='center', alignVert=method-wrapper(...), anchorHoriz='center', anchorVert='center', antialias=True, autoLog=True, bold=False, color='white', colorSpace='named', contrast=1.0, depth=0.0, flipHoriz=False, flipVert=False, font='Arial', fontFiles=[], height=0.04, italic=False, languageStyle='LTR', name='ThankyouMssg', opacity=1.0, ori=0, pos=array([0. , 0.2]), rgb=array([255., 255., 255.]), text=str(...), units='height', win=Window(...), wrapWidth=1)
11.9585 	EXP 	Created ExitTxt = TextStim(__class__=<class 'psychopy.visual.text.TextStim'>, alignHoriz=method-wrapper(...), alignText='center', alignVert=method-wrapper(...), anchorHoriz='center', anchorVert='center', antialias=True, autoLog=True, bold=False, color='white', colorSpace='named', contrast=1.0, depth=-2.0, flipHoriz=False, flipVert=False, font='Arial', fontFiles=[], height=0.04, italic=False, languageStyle='LTR', name='ExitTxt', opacity=1.0, ori=0, pos=array([ 0. , -0.4]), rgb=array([255., 255., 255.]), text='Press SPACE to exit the study', units='height', win=Window(...), wrapWidth=1)
11.9678 	EXP 	Created CodeTxt = TextStim(__class__=<class 'psychopy.visual.text.TextStim'>, alignHoriz=method-wrapper(...), alignText='center', alignVert=method-wrapper(...), anchorHoriz='center', anchorVert='center', antialias=True, autoLog=True, bold=False, color='white', colorSpace='named', contrast=1.0, depth=-4.0, flipHoriz=False, flipVert=False, font='Arial', fontFiles=[], height=0.04, italic=False, languageStyle='LTR', name='CodeTxt', opacity=1.0, ori=0, pos=array([ 0.  , -0.22]), rgb=array([255., 255., 255.]), text=str(...), units='height', win=Window(...), wrapWidth=1)
12.0204 	EXP 	CompletionCode: autoLog = True
12.0204 	EXP 	InstructionTxt: autoDraw = True
12.0204 	EXP 	WelcomContinue: autoDraw = True
14.9798 	EXP 	InstructionTxt: autoDraw = False
14.9798 	EXP 	WelcomContinue: autoDraw = False
14.9798 	EXP 	VolumeBeginTxt: autoDraw = True
14.9883 	DATA 	Keypress: space
18.4179 	EXP 	VolumeBeginTxt: autoDraw = False
18.4179 	EXP 	text: autoDraw = True
18.4179 	EXP 	AdjustContinue: autoDraw = True
18.4259 	DATA 	Keypress: space
19.2355 	DATA 	Keypress: space
19.2425 	EXP 	text: autoDraw = False
19.2425 	EXP 	AdjustContinue: autoDraw = False
19.2425 	EXP 	HeadphoneCheckBeing: autoDraw = True
19.2425 	EXP 	HeadphoneContinue: autoDraw = True
19.8098 	EXP 	HeadphoneCheckBeing: autoDraw = False
19.8098 	EXP 	HeadphoneContinue: autoDraw = False
19.8098 	EXP 	WelcomeTxt1: autoDraw = True
19.8098 	EXP 	ContinueKey1: autoDraw = True
19.8220 	DATA 	Keypress: space
20.3034 	DATA 	Keypress: space
20.3118 	EXP 	WelcomeTxt1: autoDraw = False
20.3118 	EXP 	ContinueKey1: autoDraw = False
20.3118 	EXP 	Welcome2Txt: autoDraw = True
20.3118 	EXP 	Continue2: autoDraw = True
21.8493 	DATA 	Keypress: space
21.8559 	EXP 	Welcome2Txt: autoDraw = False
21.8559 	EXP 	Continue2: autoDraw = False
21.8559 	EXP 	InstructionTxt2: autoDraw = True
21.8559 	EXP 	WelcomeContinue2: autoDraw = True
22.3590 	EXP 	Imported GuessSounds_conditions.xlsx as conditions, 5 conditions, 5 params
22.3642 	EXP 	Created sequence: sequential, trialTypes=5, nReps=1, seed=None
22.3646 	EXP 	New trial (rep=0, index=0): OrderedDict([('SoundFile', 'Practice/Seagull_A.wav'), ('Correct', 2), ('Correct2', 3), ('Type', 'NEW'), ('Trial', 'Practice')])
22.3903 	EXP 	InstructionTxt2: autoDraw = False
22.3903 	EXP 	WelcomeContinue2: autoDraw = False
22.3903 	EXP 	TrialNumber: text = 'Trial 1'
22.3903 	EXP 	TrialNumber: autoDraw = True
22.3903 	EXP 	PracticeCross: autoDraw = True
22.3990 	DATA 	Keypress: space
24.6921 	EXP 	TrialNumber: autoDraw = False
24.6921 	EXP 	PracticeCross: autoDraw = False
24.6921 	EXP 	TrialNumber: autoDraw = False
24.6921 	EXP 	PracticeCross: autoDraw = False
24.6921 	EXP 	PracticeMssg: text = 'This is a NEW sound. \nThis sound has never been played before.'
24.6921 	EXP 	PracticeMssg: autoDraw = True
24.6921 	EXP 	FeedbackCross: autoDraw = True
24.6921 	EXP 	Continue: autoDraw = True
24.6921 	EXP 	Options: autoDraw = True
25.1838 	DATA 	Keypress: 3
25.1902 	EXP 	PracticeMssg: autoDraw = False
25.1902 	EXP 	FeedbackCross: autoDraw = False
25.1902 	EXP 	Continue: autoDraw = False
25.1902 	EXP 	Options: autoDraw = False
25.1902 	EXP 	FeedbackMssg: text = 'CORRECT'
25.1902 	EXP 	FeedbackMssg: autoDraw = True
26.1689 	EXP 	New trial (rep=0, index=1): OrderedDict([('SoundFile', 'Practice/Skid_B.wav'), ('Correct', 2), ('Correct2', 3), ('Type', 'NEW'), ('Trial', 'Practice')])
26.2296 	EXP 	FeedbackMssg: autoDraw = False
26.2296 	EXP 	TrialNumber: text = 'Trial 2'
26.2296 	EXP 	TrialNumber: autoDraw = True
26.2296 	EXP 	PracticeCross: autoDraw = True
28.3369 	EXP 	TrialNumber: autoDraw = False
28.3369 	EXP 	PracticeCross: autoDraw = False
28.3369 	EXP 	TrialNumber: autoDraw = False
28.3369 	EXP 	PracticeCross: autoDraw = False
28.3369 	EXP 	PracticeMssg: text = 'This is a NEW sound. \nThis sound has never been played before.'
28.3369 	EXP 	PracticeMssg: autoDraw = True
28.3369 	EXP 	FeedbackCross: autoDraw = True
28.3369 	EXP 	Continue: autoDraw = True
28.3369 	EXP 	Options: autoDraw = True
28.9461 	DATA 	Keypress: 3
28.9504 	EXP 	PracticeMssg: autoDraw = False
28.9504 	EXP 	FeedbackCross: autoDraw = False
28.9504 	EXP 	Continue: autoDraw = False
28.9504 	EXP 	Options: autoDraw = False
28.9504 	EXP 	FeedbackMssg: text = 'CORRECT'
28.9504 	EXP 	FeedbackMssg: autoDraw = True
29.9511 	EXP 	New trial (rep=0, index=2): OrderedDict([('SoundFile', 'Practice/Seagull_A.wav'), ('Correct', 1), ('Correct2', 1), ('Type', 'OLD'), ('Trial', 'Practice')])
29.9839 	EXP 	FeedbackMssg: autoDraw = False
29.9839 	EXP 	TrialNumber: text = 'Trial 3'
29.9839 	EXP 	TrialNumber: autoDraw = True
29.9839 	EXP 	PracticeCross: autoDraw = True
32.2871 	EXP 	TrialNumber: autoDraw = False
32.2871 	EXP 	PracticeCross: autoDraw = False
32.2871 	EXP 	TrialNumber: autoDraw = False
32.2871 	EXP 	PracticeCross: autoDraw = False
32.2871 	EXP 	PracticeMssg: text = 'This is a REPEAT sound. \nThe exact same sound has been played previously.'
32.2871 	EXP 	PracticeMssg: autoDraw = True
32.2871 	EXP 	FeedbackCross: autoDraw = True
32.2871 	EXP 	Continue: autoDraw = True
32.2871 	EXP 	Options: autoDraw = True
32.8241 	EXP 	PracticeMssg: autoDraw = False
32.8241 	EXP 	FeedbackCross: autoDraw = False
32.8241 	EXP 	Continue: autoDraw = False
32.8241 	EXP 	Options: autoDraw = False
32.8241 	EXP 	FeedbackMssg: text = 'INCORRECT'
32.8241 	EXP 	FeedbackMssg: autoDraw = True
32.8281 	DATA 	Keypress: 3
33.8210 	EXP 	New trial (rep=0, index=3): OrderedDict([('SoundFile', 'Practice/Gargle_A.wav'), ('Correct', 2), ('Correct2', 3), ('Type', 'NEW'), ('Trial', 'Practice')])
33.8987 	EXP 	FeedbackMssg: autoDraw = False
33.8987 	EXP 	TrialNumber: text = 'Trial 4'
33.8987 	EXP 	TrialNumber: autoDraw = True
33.8987 	EXP 	PracticeCross: autoDraw = True
36.1865 	EXP 	TrialNumber: autoDraw = False
36.1865 	EXP 	PracticeCross: autoDraw = False
36.1865 	EXP 	TrialNumber: autoDraw = False
36.1865 	EXP 	PracticeCross: autoDraw = False
36.1865 	EXP 	PracticeMssg: text = 'This is a NEW sound. \nThis sound has never been played before.'
36.1865 	EXP 	PracticeMssg: autoDraw = True
36.1865 	EXP 	FeedbackCross: autoDraw = True
36.1865 	EXP 	Continue: autoDraw = True
36.1865 	EXP 	Options: autoDraw = True
37.1223 	DATA 	Keypress: 3
37.1268 	EXP 	PracticeMssg: autoDraw = False
37.1268 	EXP 	FeedbackCross: autoDraw = False
37.1268 	EXP 	Continue: autoDraw = False
37.1268 	EXP 	Options: autoDraw = False
37.1268 	EXP 	FeedbackMssg: text = 'CORRECT'
37.1268 	EXP 	FeedbackMssg: autoDraw = True
38.1145 	EXP 	New trial (rep=0, index=4): OrderedDict([('SoundFile', 'Practice/Gargle_B.wav'), ('Correct', 2), ('Correct2', 2), ('Type', 'SIMILAR'), ('Trial', 'Practice')])
38.1940 	EXP 	FeedbackMssg: autoDraw = False
38.1940 	EXP 	TrialNumber: text = 'Trial 5'
38.1940 	EXP 	TrialNumber: autoDraw = True
38.1940 	EXP 	PracticeCross: autoDraw = True
40.2802 	EXP 	TrialNumber: autoDraw = False
40.2802 	EXP 	PracticeCross: autoDraw = False
40.2802 	EXP 	TrialNumber: autoDraw = False
40.2802 	EXP 	PracticeCross: autoDraw = False
40.2802 	EXP 	PracticeMssg: text = 'This is a SIMILAR sound. \nThis sound is similar but not identical to a previously played sound.'
40.2802 	EXP 	PracticeMssg: autoDraw = True
40.2802 	EXP 	FeedbackCross: autoDraw = True
40.2802 	EXP 	Continue: autoDraw = True
40.2802 	EXP 	Options: autoDraw = True
44.2294 	EXP 	PracticeMssg: autoDraw = False
44.2294 	EXP 	FeedbackCross: autoDraw = False
44.2294 	EXP 	Continue: autoDraw = False
44.2294 	EXP 	Options: autoDraw = False
44.2294 	EXP 	FeedbackMssg: text = 'INCORRECT'
44.2294 	EXP 	FeedbackMssg: autoDraw = True
44.2350 	DATA 	Keypress: 1
45.2298 	EXP 	FeedbackMssg: autoDraw = False
45.2298 	EXP 	StartTxt: autoDraw = True
45.2298 	EXP 	ContinueStart: autoDraw = True
47.3299 	EXP 	Imported GuessSounds_conditions.xlsx as conditions, 67 conditions, 5 params
47.3304 	EXP 	Created sequence: sequential, trialTypes=67, nReps=1, seed=None
47.3307 	EXP 	New trial (rep=0, index=0): OrderedDict([('SoundFile', 'Snore_E.wav'), ('Correct', 2), ('Correct2', 2), ('Type', 'SIMILAR'), ('Trial', 'B')])
47.3344 	DATA 	Keypress: space
47.3393 	EXP 	StartTxt: autoDraw = False
47.3393 	EXP 	ContinueStart: autoDraw = False
47.3393 	EXP 	no_3: autoDraw = True
48.7820 	EXP 	no_3: autoDraw = False
48.7820 	EXP 	ItemNumber: text = '1/128'
48.7820 	EXP 	Cross: autoDraw = True
48.7820 	EXP 	ItemNumber: autoDraw = True
51.7484 	EXP 	Cross: autoDraw = False
51.7484 	EXP 	ItemNumber: autoDraw = False
51.7484 	EXP 	Cross: autoDraw = False
51.7484 	EXP 	ItemNumber: autoDraw = False
51.7484 	EXP 	MSTQuestion: autoDraw = True
58.8218 	EXP 	New trial (rep=0, index=1): OrderedDict([('SoundFile', 'CarStart_F.wav'), ('Correct', 2), ('Correct2', 3), ('Type', 'NEW'), ('Trial', 'B')])
58.8326 	EXP 	MSTQuestion: autoDraw = False
58.8326 	EXP 	no_3: autoDraw = True
58.8370 	DATA 	Keypress: 3
60.3916 	EXP 	no_3: autoDraw = False
60.3916 	EXP 	ItemNumber: text = '2/128'
60.3916 	EXP 	Cross: autoDraw = True
60.3916 	EXP 	ItemNumber: autoDraw = True
62.8799 	EXP 	Cross: autoDraw = False
62.8799 	EXP 	ItemNumber: autoDraw = False
62.8799 	EXP 	Cross: autoDraw = False
62.8799 	EXP 	ItemNumber: autoDraw = False
62.8799 	EXP 	MSTQuestion: autoDraw = True
65.0720 	DATA 	Keypress: escape
65.4750 	EXP 	window1: mouseVisible = True
