1.2359 	WARNING 	We strongly recommend you activate the PTB sound engine in PsychoPy prefs as the preferred audio engine. Its timing is vastly superior. Your prefs are currently set to use ['sounddevice', 'PTB', 'pyo', 'pygame'] (in that order).
7.8565 	WARNING 	User requested fullscreen with size [1024  768], but screen is actually [2256, 1504]. Using actual size
10.5840 	EXP 	Created window1 = Window(allowGUI=False, allowStencil=False, args=UNKNOWN, autoLog=True, bitsMode=UNKNOWN, blendMode='avg', bpc=(8, 8, 8), color=array([0., 0., 0.]), colorSpace='rgb', depthBits=8, fullscr=<method-wrapper '__getattribute__' of attributeSetter object at 0x000002229BEC2C50>, gamma=None, gammaErrorPolicy='raise', kwargs=UNKNOWN, lms=UNKNOWN, monitor=<psychopy.monitors.calibTools.Monitor object at 0x000002229BDD0390>, multiSample=False, name='window1', numSamples=2, pos=[0.0, 0.0], screen=0, size=array([2256, 1504]), stencilBits=0, stereo=False, units='height', useFBO=True, useRetina=False, viewOri=0.0, viewPos=None, viewScale=None, waitBlanking=True, winType='pyglet')
10.5853 	EXP 	window1: mouseVisible = True
10.5854 	EXP 	window1: recordFrameIntervals = False
10.7456 	EXP 	window1: recordFrameIntervals = True
10.9297 	EXP 	window1: recordFrameIntervals = False
11.6278 	EXP 	Created InstructionTxt = TextStim(__class__=<class 'psychopy.visual.text.TextStim'>, alignHoriz=method-wrapper(...), alignText='center', alignVert=method-wrapper(...), anchorHoriz='center', anchorVert='center', antialias=True, autoLog=True, bold=False, color='white', colorSpace='named', contrast=1.0, depth=0.0, flipHoriz=False, flipVert=False, font='Arial', fontFiles=[], height=0.04, italic=False, languageStyle='LTR', name='InstructionTxt', opacity=1.0, ori=0, pos=array([0., 0.]), rgb=array([255., 255., 255.]), text=str(...), units='height', win=Window(...), wrapWidth=1)
11.6382 	EXP 	Created WelcomContinue = TextStim(__class__=<class 'psychopy.visual.text.TextStim'>, alignHoriz=method-wrapper(...), alignText='center', alignVert=method-wrapper(...), anchorHoriz='center', anchorVert='center', antialias=True, autoLog=True, bold=False, color='white', colorSpace='named', contrast=1.0, depth=-3.0, flipHoriz=False, flipVert=False, font='Arial', fontFiles=[], height=0.04, italic=False, languageStyle='LTR', name='WelcomContinue', opacity=1.0, ori=0, pos=array([ 0. , -0.4]), rgb=array([255., 255., 255.]), text='Press SPACE to continue', units='height', win=Window(...), wrapWidth=1)
11.6547 	EXP 	Created InstructionTxt2 = TextStim(__class__=<class 'psychopy.visual.text.TextStim'>, alignHoriz=method-wrapper(...), alignText='center', alignVert=method-wrapper(...), anchorHoriz='center', anchorVert='center', antialias=True, autoLog=True, bold=False, color='white', colorSpace='named', contrast=1.0, depth=0.0, flipHoriz=False, flipVert=False, font='Arial', fontFiles=[], height=0.04, italic=False, languageStyle='LTR', name='InstructionTxt2', opacity=1.0, ori=0, pos=array([0., 0.]), rgb=array([255., 255., 255.]), text=str(...), units='height', win=Window(...), wrapWidth=1)
11.6589 	EXP 	Created WelcomeContinue2 = TextStim(__class__=<class 'psychopy.visual.text.TextStim'>, alignHoriz=method-wrapper(...), alignText='center', alignVert=method-wrapper(...), anchorHoriz='center', anchorVert='center', antialias=True, autoLog=True, bold=False, color='white', colorSpace='named', contrast=1.0, depth=-1.0, flipHoriz=False, flipVert=False, font='Arial', fontFiles=[], height=0.04, italic=False, languageStyle='LTR', name='WelcomeContinue2', opacity=1.0, ori=0, pos=array([ 0. , -0.4]), rgb=array([255., 255., 255.]), text='Press SPACE to continue', units='height', win=Window(...), wrapWidth=1)
11.6670 	EXP 	Created VolumeBeginTxt = TextStim(__class__=<class 'psychopy.visual.text.TextStim'>, alignHoriz=method-wrapper(...), alignText='center', alignVert=method-wrapper(...), anchorHoriz='center', anchorVert='center', antialias=True, autoLog=True, bold=False, color='white', colorSpace='named', contrast=1.0, depth=0.0, flipHoriz=False, flipVert=False, font='Arial', fontFiles=[], height=0.04, italic=False, languageStyle='LTR', name='VolumeBeginTxt', opacity=1.0, ori=0, pos=array([0., 0.]), rgb=array([255., 255., 255.]), text=str(...), units='height', win=Window(...), wrapWidth=1)
11.6725 	EXP 	Created VolumeContinue = TextStim(__class__=<class 'psychopy.visual.text.TextStim'>, alignHoriz=method-wrapper(...), alignText='center', alignVert=method-wrapper(...), anchorHoriz='center', anchorVert='center', antialias=True, autoLog=True, bold=False, color='white', colorSpace='named', contrast=1.0, depth=-1.0, flipHoriz=False, flipVert=False, font='Arial', fontFiles=[], height=0.04, italic=False, languageStyle='LTR', name='VolumeContinue', opacity=1.0, ori=0, pos=array([ 0. , -0.4]), rgb=array([255., 255., 255.]), text=str(...), units='height', win=Window(...), wrapWidth=1)
11.6808 	EXP 	Created text = TextStim(__class__=<class 'psychopy.visual.text.TextStim'>, alignHoriz=method-wrapper(...), alignText='center', alignVert=method-wrapper(...), anchorHoriz='center', anchorVert='center', antialias=True, autoLog=True, bold=False, color='white', colorSpace='named', contrast=1.0, depth=0.0, flipHoriz=False, flipVert=False, font='Arial', fontFiles=[], height=0.04, italic=False, languageStyle='LTR', name='text', opacity=1.0, ori=0, pos=array([0., 0.]), rgb=array([255., 255., 255.]), text=str(...), units='height', win=Window(...), wrapWidth=1)
11.8099 	EXP 	Sound Music set volume 0.300
11.8167 	EXP 	Created AdjustContinue = TextStim(__class__=<class 'psychopy.visual.text.TextStim'>, alignHoriz=method-wrapper(...), alignText='center', alignVert=method-wrapper(...), anchorHoriz='center', anchorVert='center', antialias=True, autoLog=True, bold=False, color='white', colorSpace='named', contrast=1.0, depth=-3.0, flipHoriz=False, flipVert=False, font='Arial', fontFiles=[], height=0.04, italic=False, languageStyle='LTR', name='AdjustContinue', opacity=1.0, ori=0, pos=array([ 0. , -0.4]), rgb=array([255., 255., 255.]), text=str(...), units='height', win=Window(...), wrapWidth=1)
11.8218 	EXP 	Created StartTxt = TextStim(__class__=<class 'psychopy.visual.text.TextStim'>, alignHoriz=method-wrapper(...), alignText='center', alignVert=method-wrapper(...), anchorHoriz='center', anchorVert='center', antialias=True, autoLog=True, bold=False, color='white', colorSpace='named', contrast=1.0, depth=0.0, flipHoriz=False, flipVert=False, font='Arial', fontFiles=[], height=0.04, italic=False, languageStyle='LTR', name='StartTxt', opacity=1.0, ori=0, pos=array([0., 0.]), rgb=array([255., 255., 255.]), text='We will now begin the task', units='height', win=Window(...), wrapWidth=1)
11.8330 	EXP 	Created no3 = TextStim(__class__=<class 'psychopy.visual.text.TextStim'>, alignHoriz=method-wrapper(...), alignText='center', alignVert=method-wrapper(...), anchorHoriz='center', anchorVert='center', antialias=True, autoLog=True, bold=False, color='white', colorSpace='named', contrast=1.0, depth=0.0, flipHoriz=False, flipVert=False, font='Arial', fontFiles=[], height=0.05, italic=False, languageStyle='LTR', name='no3', opacity=1.0, ori=0, pos=array([0., 0.]), rgb=array([255., 255., 255.]), text='3', units='height', win=Window(...), wrapWidth=1)
11.8367 	EXP 	Created no2 = TextStim(__class__=<class 'psychopy.visual.text.TextStim'>, alignHoriz=method-wrapper(...), alignText='center', alignVert=method-wrapper(...), anchorHoriz='center', anchorVert='center', antialias=True, autoLog=True, bold=False, color='white', colorSpace='named', contrast=1.0, depth=0.0, flipHoriz=False, flipVert=False, font='Arial', fontFiles=[], height=0.05, italic=False, languageStyle='LTR', name='no2', opacity=1.0, ori=0, pos=array([0., 0.]), rgb=array([255., 255., 255.]), text='2', units='height', win=Window(...), wrapWidth=1)
11.8409 	EXP 	Created no1 = TextStim(__class__=<class 'psychopy.visual.text.TextStim'>, alignHoriz=method-wrapper(...), alignText='center', alignVert=method-wrapper(...), anchorHoriz='center', anchorVert='center', antialias=True, autoLog=True, bold=False, color='white', colorSpace='named', contrast=1.0, depth=0.0, flipHoriz=False, flipVert=False, font='Arial', fontFiles=[], height=0.05, italic=False, languageStyle='LTR', name='no1', opacity=1.0, ori=0, pos=array([0., 0.]), rgb=array([255., 255., 255.]), text='1', units='height', win=Window(...), wrapWidth=1)
11.8469 	EXP 	Created Question = TextStim(__class__=<class 'psychopy.visual.text.TextStim'>, alignHoriz=method-wrapper(...), alignText='center', alignVert=method-wrapper(...), anchorHoriz='center', anchorVert='center', antialias=True, autoLog=True, bold=False, color='white', colorSpace='named', contrast=1.0, depth=0.0, flipHoriz=False, flipVert=False, font='Arial', fontFiles=[], height=0.04, italic=False, languageStyle='LTR', name='Question', opacity=1.0, ori=0, pos=array([0., 0.]), rgb=array([255., 255., 255.]), text='What is this sound?\n', units='height', win=Window(...), wrapWidth=1)
11.9159 	EXP 	window1: mouseVisible = True
11.9360 	EXP 	Created ClickTheButton = TextStim(__class__=<class 'psychopy.visual.text.TextStim'>, alignHoriz=method-wrapper(...), alignText='center', alignVert=method-wrapper(...), anchorHoriz='center', anchorVert='center', antialias=True, autoLog=True, bold=False, color='white', colorSpace='named', contrast=1.0, depth=-3.0, flipHoriz=False, flipVert=False, font='Arial', fontFiles=[], height=0.025, italic=False, languageStyle='LTR', name='ClickTheButton', opacity=1.0, ori=0, pos=array([ 0.  , -0.03]), rgb=array([255., 255., 255.]), text="Click 'Submit' to continue.", units='height', win=Window(...), wrapWidth=1)
11.9361 	EXP 	Sound SoundItem set volume 1.000
11.9457 	EXP 	Created ItemNo = TextStim(__class__=<class 'psychopy.visual.text.TextStim'>, alignHoriz=method-wrapper(...), alignText='center', alignVert=method-wrapper(...), anchorHoriz='center', anchorVert='center', antialias=True, autoLog=True, bold=False, color='white', colorSpace='named', contrast=1.0, depth=-5.0, flipHoriz=False, flipVert=False, font='Arial', fontFiles=[], height=0.04, italic=False, languageStyle='LTR', name='ItemNo', opacity=1.0, ori=0, pos=array([0.  , 0.45]), rgb=array([255., 255., 255.]), text='default text', units='height', win=Window(...), wrapWidth=1)
12.0004 	EXP 	Created ThankyouMssg = TextStim(__class__=<class 'psychopy.visual.text.TextStim'>, alignHoriz=method-wrapper(...), alignText='center', alignVert=method-wrapper(...), anchorHoriz='center', anchorVert='center', antialias=True, autoLog=True, bold=False, color='white', colorSpace='named', contrast=1.0, depth=0.0, flipHoriz=False, flipVert=False, font='Arial', fontFiles=[], height=0.04, italic=False, languageStyle='LTR', name='ThankyouMssg', opacity=1.0, ori=0, pos=array([0. , 0.2]), rgb=array([255., 255., 255.]), text=str(...), units='height', win=Window(...), wrapWidth=1)
12.0523 	EXP 	Created ExitTxt = TextStim(__class__=<class 'psychopy.visual.text.TextStim'>, alignHoriz=method-wrapper(...), alignText='center', alignVert=method-wrapper(...), anchorHoriz='center', anchorVert='center', antialias=True, autoLog=True, bold=False, color='white', colorSpace='named', contrast=1.0, depth=-2.0, flipHoriz=False, flipVert=False, font='Arial', fontFiles=[], height=0.04, italic=False, languageStyle='LTR', name='ExitTxt', opacity=1.0, ori=0, pos=array([ 0. , -0.4]), rgb=array([255., 255., 255.]), text='Press SPACE to exit the study', units='height', win=Window(...), wrapWidth=1)
12.0637 	EXP 	Created CodeTxt = TextStim(__class__=<class 'psychopy.visual.text.TextStim'>, alignHoriz=method-wrapper(...), alignText='center', alignVert=method-wrapper(...), anchorHoriz='center', anchorVert='center', antialias=True, autoLog=True, bold=False, color='white', colorSpace='named', contrast=1.0, depth=-4.0, flipHoriz=False, flipVert=False, font='Arial', fontFiles=[], height=0.04, italic=False, languageStyle='LTR', name='CodeTxt', opacity=1.0, ori=0, pos=array([ 0.  , -0.22]), rgb=array([255., 255., 255.]), text=str(...), units='height', win=Window(...), wrapWidth=1)
12.1159 	EXP 	ResponseBox: autoLog = True
12.1159 	EXP 	Submit: autoLog = True
12.1159 	EXP 	CompletionCode: autoLog = True
12.1159 	EXP 	InstructionTxt: autoDraw = True
12.1159 	EXP 	WelcomContinue: autoDraw = True
13.2443 	DATA 	Keypress: space
13.2517 	EXP 	InstructionTxt: autoDraw = False
13.2517 	EXP 	WelcomContinue: autoDraw = False
13.2517 	EXP 	InstructionTxt2: autoDraw = True
13.2517 	EXP 	WelcomeContinue2: autoDraw = True
13.2517 	EXP 	ResponseBox: text = 'default text '
13.7263 	DATA 	Keypress: space
13.7325 	EXP 	InstructionTxt2: autoDraw = False
13.7325 	EXP 	WelcomeContinue2: autoDraw = False
13.7325 	EXP 	VolumeBeginTxt: autoDraw = True
13.7325 	EXP 	VolumeContinue: autoDraw = True
13.7325 	EXP 	ResponseBox: text = 'default text  '
14.2705 	DATA 	Keypress: space
14.2793 	EXP 	ResponseBox: text = 'default text   '
14.3529 	EXP 	VolumeBeginTxt: autoDraw = False
14.3529 	EXP 	VolumeContinue: autoDraw = False
14.3529 	EXP 	text: autoDraw = True
14.3529 	EXP 	AdjustContinue: autoDraw = True
14.8635 	DATA 	Keypress: space
14.8696 	EXP 	text: autoDraw = False
14.8696 	EXP 	AdjustContinue: autoDraw = False
14.8696 	EXP 	StartTxt: autoDraw = True
14.8696 	EXP 	ResponseBox: text = 'default text    '
16.9632 	EXP 	Imported GuessSounds_conditions.xlsx as conditions, 78 conditions, 1 params
16.9790 	EXP 	Created sequence: random, trialTypes=78, nReps=1, seed=None
16.9794 	EXP 	New trial (rep=0, index=0): OrderedDict([('SoundFiles', 'Initial/Repeat/ManWhistle.wav')])
16.9889 	EXP 	StartTxt: autoDraw = False
16.9889 	EXP 	no3: autoDraw = True
17.8825 	EXP 	no3: autoDraw = False
17.8825 	EXP 	no2: autoDraw = True
18.8790 	EXP 	no2: autoDraw = False
18.8790 	EXP 	no1: autoDraw = True
19.9297 	EXP 	no1: autoDraw = False
19.9297 	EXP 	ResponseBox: text = '\n\n'
19.9297 	EXP 	ItemNo: text = '1/60'
19.9297 	EXP 	Question: autoDraw = True
19.9297 	EXP 	ResponseBox: autoDraw = True
19.9297 	EXP 	ClickTheButton: autoDraw = True
19.9297 	EXP 	ItemNo: autoDraw = True
19.9297 	EXP 	Submit: autoDraw = True
23.0039 	DATA 	Mouse: Left button down, pos=(1142,181)
23.0391 	EXP 	New trial (rep=0, index=1): OrderedDict([('SoundFiles', 'Pour_B.wav')])
23.0503 	EXP 	Question: autoDraw = False
23.0503 	EXP 	ResponseBox: autoDraw = False
23.0503 	EXP 	ClickTheButton: autoDraw = False
23.0503 	EXP 	ItemNo: autoDraw = False
23.0503 	EXP 	Submit: autoDraw = False
23.0503 	EXP 	ResponseBox: text = 'default text'
23.0503 	EXP 	no3: autoDraw = True
23.2183 	DATA 	Mouse:  Left button up, pos=(1142,181)
24.0621 	EXP 	no3: autoDraw = False
24.0621 	EXP 	no2: autoDraw = True
25.0622 	EXP 	no2: autoDraw = False
25.0622 	EXP 	no1: autoDraw = True
26.0952 	EXP 	no1: autoDraw = False
26.0952 	EXP 	ResponseBox: text = '\n\n'
26.0952 	EXP 	ItemNo: text = '2/60'
26.0952 	EXP 	Question: autoDraw = True
26.0952 	EXP 	ResponseBox: autoDraw = True
26.0952 	EXP 	ClickTheButton: autoDraw = True
26.0952 	EXP 	ItemNo: autoDraw = True
26.0952 	EXP 	Submit: autoDraw = True
29.8891 	DATA 	Mouse: Left button down, pos=(1142,181)
29.9066 	EXP 	New trial (rep=0, index=2): OrderedDict([('SoundFiles', 'Test/Foils/Heartbeat.wav')])
29.9169 	EXP 	Question: autoDraw = False
29.9169 	EXP 	ResponseBox: autoDraw = False
29.9169 	EXP 	ClickTheButton: autoDraw = False
29.9169 	EXP 	ItemNo: autoDraw = False
29.9169 	EXP 	Submit: autoDraw = False
29.9169 	EXP 	ResponseBox: text = 'default text'
29.9169 	EXP 	no3: autoDraw = True
30.1170 	DATA 	Mouse:  Left button up, pos=(1142,181)
30.9295 	EXP 	no3: autoDraw = False
30.9295 	EXP 	no2: autoDraw = True
31.9287 	EXP 	no2: autoDraw = False
31.9287 	EXP 	no1: autoDraw = True
32.9670 	EXP 	no1: autoDraw = False
32.9670 	EXP 	ResponseBox: text = '\n\n'
32.9670 	EXP 	ItemNo: text = '3/60'
32.9670 	EXP 	Question: autoDraw = True
32.9670 	EXP 	ResponseBox: autoDraw = True
32.9670 	EXP 	ClickTheButton: autoDraw = True
32.9670 	EXP 	ItemNo: autoDraw = True
32.9670 	EXP 	Submit: autoDraw = True
35.0746 	DATA 	Mouse: Left button down, pos=(1142,181)
35.0975 	EXP 	New trial (rep=0, index=3): OrderedDict([('SoundFiles', 'Initial/NoRepeat/Fireworks.wav')])
35.1067 	EXP 	Question: autoDraw = False
35.1067 	EXP 	ResponseBox: autoDraw = False
35.1067 	EXP 	ClickTheButton: autoDraw = False
35.1067 	EXP 	ItemNo: autoDraw = False
35.1067 	EXP 	Submit: autoDraw = False
35.1067 	EXP 	ResponseBox: text = 'default text'
35.1067 	EXP 	no3: autoDraw = True
35.3005 	DATA 	Mouse:  Left button up, pos=(1142,181)
36.1120 	EXP 	no3: autoDraw = False
36.1120 	EXP 	no3: autoDraw = False
36.1120 	EXP 	no2: autoDraw = True
37.1120 	EXP 	no2: autoDraw = False
37.1120 	EXP 	no2: autoDraw = False
37.1120 	EXP 	no1: autoDraw = True
38.1435 	EXP 	no1: autoDraw = False
38.1435 	EXP 	no1: autoDraw = False
38.1435 	EXP 	ResponseBox: text = '\n\n'
38.1435 	EXP 	ItemNo: text = '4/60'
38.1435 	EXP 	Question: autoDraw = True
38.1435 	EXP 	ResponseBox: autoDraw = True
38.1435 	EXP 	ClickTheButton: autoDraw = True
38.1435 	EXP 	ItemNo: autoDraw = True
38.1435 	EXP 	Submit: autoDraw = True
40.3889 	DATA 	Mouse: Left button down, pos=(1142,181)
40.4009 	EXP 	New trial (rep=0, index=4): OrderedDict([('SoundFiles', 'Initial/Doubled/Growl_A.wav')])
40.4108 	EXP 	Question: autoDraw = False
40.4108 	EXP 	ResponseBox: autoDraw = False
40.4108 	EXP 	ClickTheButton: autoDraw = False
40.4108 	EXP 	ItemNo: autoDraw = False
40.4108 	EXP 	Submit: autoDraw = False
40.4108 	EXP 	ResponseBox: text = 'default text'
40.4108 	EXP 	no3: autoDraw = True
40.6042 	DATA 	Mouse:  Left button up, pos=(1142,181)
41.4119 	EXP 	no3: autoDraw = False
41.4119 	EXP 	no3: autoDraw = False
41.4119 	EXP 	no2: autoDraw = True
42.4120 	EXP 	no2: autoDraw = False
42.4120 	EXP 	no2: autoDraw = False
42.4120 	EXP 	no1: autoDraw = True
43.4493 	EXP 	no1: autoDraw = False
43.4493 	EXP 	no1: autoDraw = False
43.4493 	EXP 	ResponseBox: text = '\n\n'
43.4493 	EXP 	ItemNo: text = '5/60'
43.4493 	EXP 	Question: autoDraw = True
43.4493 	EXP 	ResponseBox: autoDraw = True
43.4493 	EXP 	ClickTheButton: autoDraw = True
43.4493 	EXP 	ItemNo: autoDraw = True
43.4493 	EXP 	Submit: autoDraw = True
45.7658 	DATA 	Mouse: Left button down, pos=(1142,181)
45.7889 	EXP 	New trial (rep=0, index=5): OrderedDict([('SoundFiles', 'Initial/Doubled/HairDryer_A.wav')])
45.7979 	EXP 	Question: autoDraw = False
45.7979 	EXP 	ResponseBox: autoDraw = False
45.7979 	EXP 	ClickTheButton: autoDraw = False
45.7979 	EXP 	ItemNo: autoDraw = False
45.7979 	EXP 	Submit: autoDraw = False
45.7979 	EXP 	ResponseBox: text = 'default text'
45.7979 	EXP 	no3: autoDraw = True
45.9994 	DATA 	Mouse:  Left button up, pos=(1142,181)
46.8119 	EXP 	no3: autoDraw = False
46.8119 	EXP 	no2: autoDraw = True
47.8120 	EXP 	no2: autoDraw = False
47.8120 	EXP 	no1: autoDraw = True
48.8416 	EXP 	no1: autoDraw = False
48.8416 	EXP 	ResponseBox: text = '\n\n'
48.8416 	EXP 	ItemNo: text = '6/60'
48.8416 	EXP 	Question: autoDraw = True
48.8416 	EXP 	ResponseBox: autoDraw = True
48.8416 	EXP 	ClickTheButton: autoDraw = True
48.8416 	EXP 	ItemNo: autoDraw = True
48.8416 	EXP 	Submit: autoDraw = True
52.4859 	DATA 	Mouse: Left button down, pos=(1142,181)
52.5026 	EXP 	New trial (rep=0, index=6): OrderedDict([('SoundFiles', 'Initial/Doubled/Cough_A.wav')])
52.5121 	EXP 	Question: autoDraw = False
52.5121 	EXP 	ResponseBox: autoDraw = False
52.5121 	EXP 	ClickTheButton: autoDraw = False
52.5121 	EXP 	ItemNo: autoDraw = False
52.5121 	EXP 	Submit: autoDraw = False
52.5121 	EXP 	ResponseBox: text = 'default text'
52.5121 	EXP 	no3: autoDraw = True
52.7015 	DATA 	Mouse:  Left button up, pos=(1142,181)
53.5136 	EXP 	no3: autoDraw = False
53.5136 	EXP 	no3: autoDraw = False
53.5136 	EXP 	no2: autoDraw = True
54.5156 	EXP 	no2: autoDraw = False
54.5156 	EXP 	no2: autoDraw = False
54.5156 	EXP 	no1: autoDraw = True
55.5646 	EXP 	no1: autoDraw = False
55.5646 	EXP 	ResponseBox: text = '\n\n'
55.5646 	EXP 	ItemNo: text = '7/60'
55.5646 	EXP 	Question: autoDraw = True
55.5646 	EXP 	ResponseBox: autoDraw = True
55.5646 	EXP 	ClickTheButton: autoDraw = True
55.5646 	EXP 	ItemNo: autoDraw = True
55.5646 	EXP 	Submit: autoDraw = True
57.3126 	DATA 	Mouse: Left button down, pos=(1142,181)
57.3316 	EXP 	New trial (rep=0, index=7): OrderedDict([('SoundFiles', 'Initial/NoRepeat/Droplet_B.wav')])
57.3407 	EXP 	Question: autoDraw = False
57.3407 	EXP 	ResponseBox: autoDraw = False
57.3407 	EXP 	ClickTheButton: autoDraw = False
57.3407 	EXP 	ItemNo: autoDraw = False
57.3407 	EXP 	Submit: autoDraw = False
57.3407 	EXP 	ResponseBox: text = 'default text'
57.3407 	EXP 	no3: autoDraw = True
57.5328 	DATA 	Mouse:  Left button up, pos=(1142,181)
58.3451 	EXP 	no3: autoDraw = False
58.3451 	EXP 	no3: autoDraw = False
58.3451 	EXP 	no2: autoDraw = True
59.3452 	EXP 	no2: autoDraw = False
59.3452 	EXP 	no2: autoDraw = False
59.3452 	EXP 	no1: autoDraw = True
60.3671 	EXP 	no1: autoDraw = False
60.3671 	EXP 	no1: autoDraw = False
60.3671 	EXP 	ResponseBox: text = '\n\n'
60.3671 	EXP 	ItemNo: text = '8/60'
60.3671 	EXP 	Question: autoDraw = True
60.3671 	EXP 	ResponseBox: autoDraw = True
60.3671 	EXP 	ClickTheButton: autoDraw = True
60.3671 	EXP 	ItemNo: autoDraw = True
60.3671 	EXP 	Submit: autoDraw = True
62.6299 	DATA 	Mouse: Left button down, pos=(1142,181)
62.6494 	EXP 	New trial (rep=0, index=8): OrderedDict([('SoundFiles', 'Test/Foils/DialTone.wav')])
62.6598 	EXP 	Question: autoDraw = False
62.6598 	EXP 	ResponseBox: autoDraw = False
62.6598 	EXP 	ClickTheButton: autoDraw = False
62.6598 	EXP 	ItemNo: autoDraw = False
62.6598 	EXP 	Submit: autoDraw = False
62.6598 	EXP 	ResponseBox: text = 'default text'
62.6598 	EXP 	no3: autoDraw = True
62.8493 	DATA 	Mouse:  Left button up, pos=(1142,181)
63.6616 	EXP 	no3: autoDraw = False
63.6616 	EXP 	no3: autoDraw = False
63.6616 	EXP 	no2: autoDraw = True
64.6618 	EXP 	no2: autoDraw = False
64.6618 	EXP 	no2: autoDraw = False
64.6618 	EXP 	no1: autoDraw = True
65.7043 	EXP 	no1: autoDraw = False
65.7043 	EXP 	no1: autoDraw = False
65.7043 	EXP 	ResponseBox: text = '\n\n'
65.7043 	EXP 	ItemNo: text = '9/60'
65.7043 	EXP 	Question: autoDraw = True
65.7043 	EXP 	ResponseBox: autoDraw = True
65.7043 	EXP 	ClickTheButton: autoDraw = True
65.7043 	EXP 	ItemNo: autoDraw = True
65.7043 	EXP 	Submit: autoDraw = True
67.0647 	DATA 	Mouse: Left button down, pos=(1142,181)
67.0776 	EXP 	New trial (rep=0, index=9): OrderedDict([('SoundFiles', 'Siren_C.wav')])
67.0861 	EXP 	Question: autoDraw = False
67.0861 	EXP 	ResponseBox: autoDraw = False
67.0861 	EXP 	ClickTheButton: autoDraw = False
67.0861 	EXP 	ItemNo: autoDraw = False
67.0861 	EXP 	Submit: autoDraw = False
67.0861 	EXP 	ResponseBox: text = 'default text'
67.0861 	EXP 	no3: autoDraw = True
67.2834 	DATA 	Mouse:  Left button up, pos=(1142,181)
68.0950 	EXP 	no3: autoDraw = False
68.0950 	EXP 	no2: autoDraw = True
69.0949 	EXP 	no2: autoDraw = False
69.0949 	EXP 	no1: autoDraw = True
70.1310 	EXP 	no1: autoDraw = False
70.1310 	EXP 	ResponseBox: text = '\n\n'
70.1310 	EXP 	ItemNo: text = '10/60'
70.1310 	EXP 	Question: autoDraw = True
70.1310 	EXP 	ResponseBox: autoDraw = True
70.1310 	EXP 	ClickTheButton: autoDraw = True
70.1310 	EXP 	ItemNo: autoDraw = True
70.1310 	EXP 	Submit: autoDraw = True
72.6672 	DATA 	Mouse: Left button down, pos=(1142,181)
72.6885 	EXP 	New trial (rep=0, index=10): OrderedDict([('SoundFiles', 'Test/Foils/Bullfrog.wav')])
72.6980 	EXP 	Question: autoDraw = False
72.6980 	EXP 	ResponseBox: autoDraw = False
72.6980 	EXP 	ClickTheButton: autoDraw = False
72.6980 	EXP 	ItemNo: autoDraw = False
72.6980 	EXP 	Submit: autoDraw = False
72.6980 	EXP 	ResponseBox: text = 'default text'
72.6980 	EXP 	no3: autoDraw = True
72.8833 	DATA 	Mouse:  Left button up, pos=(1142,181)
73.7116 	EXP 	no3: autoDraw = False
73.7116 	EXP 	no2: autoDraw = True
74.7116 	EXP 	no2: autoDraw = False
74.7116 	EXP 	no1: autoDraw = True
75.7526 	EXP 	no1: autoDraw = False
75.7526 	EXP 	ResponseBox: text = '\n\n'
75.7526 	EXP 	ItemNo: text = '11/60'
75.7526 	EXP 	Question: autoDraw = True
75.7526 	EXP 	ResponseBox: autoDraw = True
75.7526 	EXP 	ClickTheButton: autoDraw = True
75.7526 	EXP 	ItemNo: autoDraw = True
75.7526 	EXP 	Submit: autoDraw = True
78.5091 	DATA 	Mouse: Left button down, pos=(1142,181)
78.5333 	EXP 	New trial (rep=0, index=11): OrderedDict([('SoundFiles', 'Initial/NoRepeat/Faucet_A.wav')])
78.5416 	EXP 	Question: autoDraw = False
78.5416 	EXP 	ResponseBox: autoDraw = False
78.5416 	EXP 	ClickTheButton: autoDraw = False
78.5416 	EXP 	ItemNo: autoDraw = False
78.5416 	EXP 	Submit: autoDraw = False
78.5416 	EXP 	ResponseBox: text = 'default text'
78.5416 	EXP 	no3: autoDraw = True
78.7336 	DATA 	Mouse:  Left button up, pos=(1142,181)
79.5448 	EXP 	no3: autoDraw = False
79.5448 	EXP 	no3: autoDraw = False
79.5448 	EXP 	no2: autoDraw = True
80.5449 	EXP 	no2: autoDraw = False
80.5449 	EXP 	no2: autoDraw = False
80.5449 	EXP 	no1: autoDraw = True
81.5784 	EXP 	no1: autoDraw = False
81.5784 	EXP 	no1: autoDraw = False
81.5784 	EXP 	ResponseBox: text = '\n\n'
81.5784 	EXP 	ItemNo: text = '12/60'
81.5784 	EXP 	Question: autoDraw = True
81.5784 	EXP 	ResponseBox: autoDraw = True
81.5784 	EXP 	ClickTheButton: autoDraw = True
81.5784 	EXP 	ItemNo: autoDraw = True
81.5784 	EXP 	Submit: autoDraw = True
83.9836 	DATA 	Mouse: Left button down, pos=(1142,181)
84.0057 	EXP 	New trial (rep=0, index=12): OrderedDict([('SoundFiles', 'Test/Foils/Typing.wav')])
84.0146 	EXP 	Question: autoDraw = False
84.0146 	EXP 	ResponseBox: autoDraw = False
84.0146 	EXP 	ClickTheButton: autoDraw = False
84.0146 	EXP 	ItemNo: autoDraw = False
84.0146 	EXP 	Submit: autoDraw = False
84.0146 	EXP 	ResponseBox: text = 'default text'
84.0146 	EXP 	no3: autoDraw = True
84.2008 	DATA 	Mouse:  Left button up, pos=(1142,181)
85.0283 	EXP 	no3: autoDraw = False
85.0283 	EXP 	no2: autoDraw = True
86.0287 	EXP 	no2: autoDraw = False
86.0287 	EXP 	no1: autoDraw = True
87.0555 	EXP 	no1: autoDraw = False
87.0555 	EXP 	ResponseBox: text = '\n\n'
87.0555 	EXP 	ItemNo: text = '13/60'
87.0555 	EXP 	Question: autoDraw = True
87.0555 	EXP 	ResponseBox: autoDraw = True
87.0555 	EXP 	ClickTheButton: autoDraw = True
87.0555 	EXP 	ItemNo: autoDraw = True
87.0555 	EXP 	Submit: autoDraw = True
89.4680 	DATA 	Mouse: Left button down, pos=(1142,181)
89.4933 	EXP 	New trial (rep=0, index=13): OrderedDict([('SoundFiles', 'Initial/NoRepeat/Baby_B.wav')])
89.5025 	EXP 	Question: autoDraw = False
89.5025 	EXP 	ResponseBox: autoDraw = False
89.5025 	EXP 	ClickTheButton: autoDraw = False
89.5025 	EXP 	ItemNo: autoDraw = False
89.5025 	EXP 	Submit: autoDraw = False
89.5025 	EXP 	ResponseBox: text = 'default text'
89.5025 	EXP 	no3: autoDraw = True
89.6851 	DATA 	Mouse:  Left button up, pos=(1142,181)
90.5114 	EXP 	no3: autoDraw = False
90.5114 	EXP 	no2: autoDraw = True
91.5114 	EXP 	no2: autoDraw = False
91.5114 	EXP 	no1: autoDraw = True
92.5445 	EXP 	no1: autoDraw = False
92.5445 	EXP 	ResponseBox: text = '\n\n'
92.5445 	EXP 	ItemNo: text = '14/60'
92.5445 	EXP 	Question: autoDraw = True
92.5445 	EXP 	ResponseBox: autoDraw = True
92.5445 	EXP 	ClickTheButton: autoDraw = True
92.5445 	EXP 	ItemNo: autoDraw = True
92.5445 	EXP 	Submit: autoDraw = True
94.3193 	DATA 	Mouse: Left button down, pos=(1142,181)
94.3427 	EXP 	New trial (rep=0, index=14): OrderedDict([('SoundFiles', 'Piano_B.wav')])
94.3518 	EXP 	Question: autoDraw = False
94.3518 	EXP 	ResponseBox: autoDraw = False
94.3518 	EXP 	ClickTheButton: autoDraw = False
94.3518 	EXP 	ItemNo: autoDraw = False
94.3518 	EXP 	Submit: autoDraw = False
94.3518 	EXP 	ResponseBox: text = 'default text'
94.3518 	EXP 	no3: autoDraw = True
94.5487 	DATA 	Mouse:  Left button up, pos=(1142,181)
95.3615 	EXP 	no3: autoDraw = False
95.3615 	EXP 	no2: autoDraw = True
96.3614 	EXP 	no2: autoDraw = False
96.3614 	EXP 	no1: autoDraw = True
97.3917 	EXP 	no1: autoDraw = False
97.3917 	EXP 	ResponseBox: text = '\n\n'
97.3917 	EXP 	ItemNo: text = '15/60'
97.3917 	EXP 	Question: autoDraw = True
97.3917 	EXP 	ResponseBox: autoDraw = True
97.3917 	EXP 	ClickTheButton: autoDraw = True
97.3917 	EXP 	ItemNo: autoDraw = True
97.3917 	EXP 	Submit: autoDraw = True
98.7305 	DATA 	Mouse: Left button down, pos=(1142,181)
98.7533 	EXP 	New trial (rep=0, index=15): OrderedDict([('SoundFiles', 'Test/Foils/Slurp.wav')])
98.7629 	EXP 	Question: autoDraw = False
98.7629 	EXP 	ResponseBox: autoDraw = False
98.7629 	EXP 	ClickTheButton: autoDraw = False
98.7629 	EXP 	ItemNo: autoDraw = False
98.7629 	EXP 	Submit: autoDraw = False
98.7629 	EXP 	ResponseBox: text = 'default text'
98.7629 	EXP 	no3: autoDraw = True
98.9492 	DATA 	Mouse:  Left button up, pos=(1142,181)
99.7781 	EXP 	no3: autoDraw = False
99.7781 	EXP 	no2: autoDraw = True
100.7781 	EXP 	no2: autoDraw = False
100.7781 	EXP 	no1: autoDraw = True
101.8080 	EXP 	no1: autoDraw = False
101.8080 	EXP 	ResponseBox: text = '\n\n'
101.8080 	EXP 	ItemNo: text = '16/60'
101.8080 	EXP 	Question: autoDraw = True
101.8080 	EXP 	ResponseBox: autoDraw = True
101.8080 	EXP 	ClickTheButton: autoDraw = True
101.8080 	EXP 	ItemNo: autoDraw = True
101.8080 	EXP 	Submit: autoDraw = True
103.2915 	DATA 	Mouse: Left button down, pos=(1142,181)
103.3042 	EXP 	New trial (rep=0, index=16): OrderedDict([('SoundFiles', 'Initial/NoRepeat/Snore_B.wav')])
103.3146 	EXP 	Question: autoDraw = False
103.3146 	EXP 	ResponseBox: autoDraw = False
103.3146 	EXP 	ClickTheButton: autoDraw = False
103.3146 	EXP 	ItemNo: autoDraw = False
103.3146 	EXP 	Submit: autoDraw = False
103.3146 	EXP 	ResponseBox: text = 'default text'
103.3146 	EXP 	no3: autoDraw = True
103.5227 	DATA 	Mouse:  Left button up, pos=(1142,181)
104.3279 	EXP 	no3: autoDraw = False
104.3279 	EXP 	no2: autoDraw = True
105.3279 	EXP 	no2: autoDraw = False
105.3279 	EXP 	no1: autoDraw = True
106.3600 	EXP 	no1: autoDraw = False
106.3600 	EXP 	ResponseBox: text = '\n\n'
106.3600 	EXP 	ItemNo: text = '17/60'
106.3600 	EXP 	Question: autoDraw = True
106.3600 	EXP 	ResponseBox: autoDraw = True
106.3600 	EXP 	ClickTheButton: autoDraw = True
106.3600 	EXP 	ItemNo: autoDraw = True
106.3600 	EXP 	Submit: autoDraw = True
108.4985 	DATA 	Mouse: Left button down, pos=(1142,181)
108.5114 	EXP 	New trial (rep=0, index=17): OrderedDict([('SoundFiles', 'Initial/Doubled/CarStart_A.wav')])
108.5210 	EXP 	Question: autoDraw = False
108.5210 	EXP 	ResponseBox: autoDraw = False
108.5210 	EXP 	ClickTheButton: autoDraw = False
108.5210 	EXP 	ItemNo: autoDraw = False
108.5210 	EXP 	Submit: autoDraw = False
108.5210 	EXP 	ResponseBox: text = 'default text'
108.5210 	EXP 	no3: autoDraw = True
108.7324 	DATA 	Mouse:  Left button up, pos=(1142,181)
109.5279 	EXP 	no3: autoDraw = False
109.5279 	EXP 	no2: autoDraw = True
110.5433 	EXP 	no2: autoDraw = False
110.5433 	EXP 	no1: autoDraw = True
111.5635 	EXP 	no1: autoDraw = False
111.5635 	EXP 	ResponseBox: text = '\n\n'
111.5635 	EXP 	ItemNo: text = '18/60'
111.5635 	EXP 	Question: autoDraw = True
111.5635 	EXP 	ResponseBox: autoDraw = True
111.5635 	EXP 	ClickTheButton: autoDraw = True
111.5635 	EXP 	ItemNo: autoDraw = True
111.5635 	EXP 	Submit: autoDraw = True
113.9184 	DATA 	Mouse: Left button down, pos=(1142,181)
113.9332 	EXP 	New trial (rep=0, index=18): OrderedDict([('SoundFiles', 'Initial/Doubled/Chicken_A.wav')])
113.9425 	EXP 	Question: autoDraw = False
113.9425 	EXP 	ResponseBox: autoDraw = False
113.9425 	EXP 	ClickTheButton: autoDraw = False
113.9425 	EXP 	ItemNo: autoDraw = False
113.9425 	EXP 	Submit: autoDraw = False
113.9425 	EXP 	ResponseBox: text = 'default text'
113.9425 	EXP 	no3: autoDraw = True
114.1513 	DATA 	Mouse:  Left button up, pos=(1142,181)
114.9438 	EXP 	no3: autoDraw = False
114.9438 	EXP 	no3: autoDraw = False
114.9438 	EXP 	no2: autoDraw = True
115.9442 	EXP 	no2: autoDraw = False
115.9442 	EXP 	no2: autoDraw = False
115.9442 	EXP 	no1: autoDraw = True
116.9716 	EXP 	no1: autoDraw = False
116.9716 	EXP 	no1: autoDraw = False
116.9716 	EXP 	ResponseBox: text = '\n\n'
116.9716 	EXP 	ItemNo: text = '19/60'
116.9716 	EXP 	Question: autoDraw = True
116.9716 	EXP 	ResponseBox: autoDraw = True
116.9716 	EXP 	ClickTheButton: autoDraw = True
116.9716 	EXP 	ItemNo: autoDraw = True
116.9716 	EXP 	Submit: autoDraw = True
118.2259 	DATA 	Mouse: Left button down, pos=(1142,181)
118.2510 	EXP 	New trial (rep=0, index=19): OrderedDict([('SoundFiles', 'Footsteps_C.wav')])
118.2605 	EXP 	Question: autoDraw = False
118.2605 	EXP 	ResponseBox: autoDraw = False
118.2605 	EXP 	ClickTheButton: autoDraw = False
118.2605 	EXP 	ItemNo: autoDraw = False
118.2605 	EXP 	Submit: autoDraw = False
118.2605 	EXP 	ResponseBox: text = 'default text'
118.2605 	EXP 	no3: autoDraw = True
118.4492 	DATA 	Mouse:  Left button up, pos=(1142,181)
119.2612 	EXP 	no3: autoDraw = False
119.2612 	EXP 	no3: autoDraw = False
119.2612 	EXP 	no2: autoDraw = True
120.2613 	EXP 	no2: autoDraw = False
120.2613 	EXP 	no2: autoDraw = False
120.2613 	EXP 	no1: autoDraw = True
121.2931 	EXP 	no1: autoDraw = False
121.2931 	EXP 	no1: autoDraw = False
121.2931 	EXP 	ResponseBox: text = '\n\n'
121.2931 	EXP 	ItemNo: text = '20/60'
121.2931 	EXP 	Question: autoDraw = True
121.2931 	EXP 	ResponseBox: autoDraw = True
121.2931 	EXP 	ClickTheButton: autoDraw = True
121.2931 	EXP 	ItemNo: autoDraw = True
121.2931 	EXP 	Submit: autoDraw = True
124.3295 	DATA 	Mouse: Left button down, pos=(1142,181)
124.3535 	EXP 	New trial (rep=0, index=20): OrderedDict([('SoundFiles', 'Dog_B.wav')])
124.3631 	EXP 	Question: autoDraw = False
124.3631 	EXP 	ResponseBox: autoDraw = False
124.3631 	EXP 	ClickTheButton: autoDraw = False
124.3631 	EXP 	ItemNo: autoDraw = False
124.3631 	EXP 	Submit: autoDraw = False
124.3631 	EXP 	ResponseBox: text = 'default text'
124.3631 	EXP 	no3: autoDraw = True
124.5497 	DATA 	Mouse:  Left button up, pos=(1142,181)
125.3779 	EXP 	no3: autoDraw = False
125.3779 	EXP 	no2: autoDraw = True
126.3779 	EXP 	no2: autoDraw = False
126.3779 	EXP 	no1: autoDraw = True
127.4105 	EXP 	no1: autoDraw = False
127.4105 	EXP 	ResponseBox: text = '\n\n'
127.4105 	EXP 	ItemNo: text = '21/60'
127.4105 	EXP 	Question: autoDraw = True
127.4105 	EXP 	ResponseBox: autoDraw = True
127.4105 	EXP 	ClickTheButton: autoDraw = True
127.4105 	EXP 	ItemNo: autoDraw = True
127.4105 	EXP 	Submit: autoDraw = True
128.9607 	DATA 	Mouse: Left button down, pos=(1142,181)
128.9784 	EXP 	New trial (rep=0, index=21): OrderedDict([('SoundFiles', 'Initial/NoRepeat/Elephant_A.wav')])
128.9874 	EXP 	Question: autoDraw = False
128.9874 	EXP 	ResponseBox: autoDraw = False
128.9874 	EXP 	ClickTheButton: autoDraw = False
128.9874 	EXP 	ItemNo: autoDraw = False
128.9874 	EXP 	Submit: autoDraw = False
128.9874 	EXP 	ResponseBox: text = 'default text'
128.9874 	EXP 	no3: autoDraw = True
129.1822 	DATA 	Mouse:  Left button up, pos=(1142,181)
129.9943 	EXP 	no3: autoDraw = False
129.9943 	EXP 	no2: autoDraw = True
130.9944 	EXP 	no2: autoDraw = False
130.9944 	EXP 	no1: autoDraw = True
132.0205 	EXP 	no1: autoDraw = False
132.0205 	EXP 	ResponseBox: text = '\n\n'
132.0205 	EXP 	ItemNo: text = '22/60'
132.0205 	EXP 	Question: autoDraw = True
132.0205 	EXP 	ResponseBox: autoDraw = True
132.0205 	EXP 	ClickTheButton: autoDraw = True
132.0205 	EXP 	ItemNo: autoDraw = True
132.0205 	EXP 	Submit: autoDraw = True
134.4806 	DATA 	Mouse: Left button down, pos=(1142,181)
134.5078 	EXP 	New trial (rep=0, index=22): OrderedDict([('SoundFiles', 'Baby_A.wav')])
134.5185 	EXP 	Question: autoDraw = False
134.5185 	EXP 	ResponseBox: autoDraw = False
134.5185 	EXP 	ClickTheButton: autoDraw = False
134.5185 	EXP 	ItemNo: autoDraw = False
134.5185 	EXP 	Submit: autoDraw = False
134.5185 	EXP 	ResponseBox: text = 'default text'
134.5185 	EXP 	no3: autoDraw = True
134.6996 	DATA 	Mouse:  Left button up, pos=(1142,181)
135.5277 	EXP 	no3: autoDraw = False
135.5277 	EXP 	no2: autoDraw = True
136.5276 	EXP 	no2: autoDraw = False
136.5276 	EXP 	no1: autoDraw = True
137.5488 	EXP 	no1: autoDraw = False
137.5488 	EXP 	ResponseBox: text = '\n\n'
137.5488 	EXP 	ItemNo: text = '23/60'
137.5488 	EXP 	Question: autoDraw = True
137.5488 	EXP 	ResponseBox: autoDraw = True
137.5488 	EXP 	ClickTheButton: autoDraw = True
137.5488 	EXP 	ItemNo: autoDraw = True
137.5488 	EXP 	Submit: autoDraw = True
140.0672 	DATA 	Mouse: Left button down, pos=(1142,181)
140.0895 	EXP 	New trial (rep=0, index=23): OrderedDict([('SoundFiles', 'Pour_D.wav')])
140.1035 	EXP 	Question: autoDraw = False
140.1035 	EXP 	ResponseBox: autoDraw = False
140.1035 	EXP 	ClickTheButton: autoDraw = False
140.1035 	EXP 	ItemNo: autoDraw = False
140.1035 	EXP 	Submit: autoDraw = False
140.1035 	EXP 	ResponseBox: text = 'default text'
140.1035 	EXP 	no3: autoDraw = True
140.2826 	DATA 	Mouse:  Left button up, pos=(1142,181)
141.1110 	EXP 	no3: autoDraw = False
141.1110 	EXP 	no2: autoDraw = True
142.1111 	EXP 	no2: autoDraw = False
142.1111 	EXP 	no1: autoDraw = True
143.1313 	EXP 	no1: autoDraw = False
143.1313 	EXP 	ResponseBox: text = '\n\n'
143.1313 	EXP 	ItemNo: text = '24/60'
143.1313 	EXP 	Question: autoDraw = True
143.1313 	EXP 	ResponseBox: autoDraw = True
143.1313 	EXP 	ClickTheButton: autoDraw = True
143.1313 	EXP 	ItemNo: autoDraw = True
143.1313 	EXP 	Submit: autoDraw = True
146.0921 	DATA 	Mouse: Left button down, pos=(1142,181)
146.1167 	EXP 	New trial (rep=0, index=24): OrderedDict([('SoundFiles', 'Chomp_B.wav')])
146.1258 	EXP 	Question: autoDraw = False
146.1258 	EXP 	ResponseBox: autoDraw = False
146.1258 	EXP 	ClickTheButton: autoDraw = False
146.1258 	EXP 	ItemNo: autoDraw = False
146.1258 	EXP 	Submit: autoDraw = False
146.1258 	EXP 	ResponseBox: text = 'default text'
146.1258 	EXP 	no3: autoDraw = True
146.3156 	DATA 	Mouse:  Left button up, pos=(1142,181)
147.1275 	EXP 	no3: autoDraw = False
147.1275 	EXP 	no3: autoDraw = False
147.1275 	EXP 	no2: autoDraw = True
148.1277 	EXP 	no2: autoDraw = False
148.1277 	EXP 	no2: autoDraw = False
148.1277 	EXP 	no1: autoDraw = True
149.1594 	EXP 	no1: autoDraw = False
149.1594 	EXP 	no1: autoDraw = False
149.1594 	EXP 	ResponseBox: text = '\n\n'
149.1594 	EXP 	ItemNo: text = '25/60'
149.1594 	EXP 	Question: autoDraw = True
149.1594 	EXP 	ResponseBox: autoDraw = True
149.1594 	EXP 	ClickTheButton: autoDraw = True
149.1594 	EXP 	ItemNo: autoDraw = True
149.1594 	EXP 	Submit: autoDraw = True
151.7342 	DATA 	Mouse: Left button down, pos=(1142,181)
151.7451 	EXP 	New trial (rep=0, index=25): OrderedDict([('SoundFiles', 'Siren_D.wav')])
151.7554 	EXP 	Question: autoDraw = False
151.7554 	EXP 	ResponseBox: autoDraw = False
151.7554 	EXP 	ClickTheButton: autoDraw = False
151.7554 	EXP 	ItemNo: autoDraw = False
151.7554 	EXP 	Submit: autoDraw = False
151.7554 	EXP 	ResponseBox: text = 'default text'
151.7554 	EXP 	no3: autoDraw = True
151.9490 	DATA 	Mouse:  Left button up, pos=(1142,181)
152.7611 	EXP 	no3: autoDraw = False
152.7611 	EXP 	no2: autoDraw = True
153.7609 	EXP 	no2: autoDraw = False
153.7609 	EXP 	no1: autoDraw = True
154.7810 	EXP 	no1: autoDraw = False
154.7810 	EXP 	ResponseBox: text = '\n\n'
154.7810 	EXP 	ItemNo: text = '26/60'
154.7810 	EXP 	Question: autoDraw = True
154.7810 	EXP 	ResponseBox: autoDraw = True
154.7810 	EXP 	ClickTheButton: autoDraw = True
154.7810 	EXP 	ItemNo: autoDraw = True
154.7810 	EXP 	Submit: autoDraw = True
157.2798 	DATA 	Mouse: Left button down, pos=(1142,181)
157.3022 	EXP 	New trial (rep=0, index=26): OrderedDict([('SoundFiles', 'Initial/Doubled/Cat_A.wav')])
157.3140 	EXP 	Question: autoDraw = False
157.3140 	EXP 	ResponseBox: autoDraw = False
157.3140 	EXP 	ClickTheButton: autoDraw = False
157.3140 	EXP 	ItemNo: autoDraw = False
157.3140 	EXP 	Submit: autoDraw = False
157.3140 	EXP 	ResponseBox: text = 'default text'
157.3140 	EXP 	no3: autoDraw = True
157.4990 	DATA 	Mouse:  Left button up, pos=(1142,181)
158.3275 	EXP 	no3: autoDraw = False
158.3275 	EXP 	no2: autoDraw = True
159.3275 	EXP 	no2: autoDraw = False
159.3275 	EXP 	no1: autoDraw = True
160.3583 	EXP 	no1: autoDraw = False
160.3583 	EXP 	ResponseBox: text = '\n\n'
160.3583 	EXP 	ItemNo: text = '27/60'
160.3583 	EXP 	Question: autoDraw = True
160.3583 	EXP 	ResponseBox: autoDraw = True
160.3583 	EXP 	ClickTheButton: autoDraw = True
160.3583 	EXP 	ItemNo: autoDraw = True
160.3583 	EXP 	Submit: autoDraw = True
162.1768 	DATA 	Mouse: Left button down, pos=(1142,181)
162.1959 	EXP 	New trial (rep=0, index=27): OrderedDict([('SoundFiles', 'Initial/NoRepeat/Mosquito_B.wav')])
162.2046 	EXP 	Question: autoDraw = False
162.2046 	EXP 	ResponseBox: autoDraw = False
162.2046 	EXP 	ClickTheButton: autoDraw = False
162.2046 	EXP 	ItemNo: autoDraw = False
162.2046 	EXP 	Submit: autoDraw = False
162.2046 	EXP 	ResponseBox: text = 'default text'
162.2046 	EXP 	no3: autoDraw = True
162.4009 	DATA 	Mouse:  Left button up, pos=(1142,181)
163.2108 	EXP 	no3: autoDraw = False
163.2108 	EXP 	no3: autoDraw = False
163.2108 	EXP 	no2: autoDraw = True
164.2110 	EXP 	no2: autoDraw = False
164.2110 	EXP 	no1: autoDraw = True
165.2374 	EXP 	no1: autoDraw = False
165.2374 	EXP 	no1: autoDraw = False
165.2374 	EXP 	ResponseBox: text = '\n\n'
165.2374 	EXP 	ItemNo: text = '28/60'
165.2374 	EXP 	Question: autoDraw = True
165.2374 	EXP 	ResponseBox: autoDraw = True
165.2374 	EXP 	ClickTheButton: autoDraw = True
165.2374 	EXP 	ItemNo: autoDraw = True
165.2374 	EXP 	Submit: autoDraw = True
167.4432 	DATA 	Mouse: Left button down, pos=(1142,181)
167.4662 	EXP 	New trial (rep=0, index=28): OrderedDict([('SoundFiles', 'Initial/Doubled/Chomp_A.wav')])
167.4757 	EXP 	Question: autoDraw = False
167.4757 	EXP 	ResponseBox: autoDraw = False
167.4757 	EXP 	ClickTheButton: autoDraw = False
167.4757 	EXP 	ItemNo: autoDraw = False
167.4757 	EXP 	Submit: autoDraw = False
167.4757 	EXP 	ResponseBox: text = 'default text'
167.4757 	EXP 	no3: autoDraw = True
167.6657 	DATA 	Mouse:  Left button up, pos=(1142,181)
168.4774 	EXP 	no3: autoDraw = False
168.4774 	EXP 	no3: autoDraw = False
168.4774 	EXP 	no2: autoDraw = True
169.4776 	EXP 	no2: autoDraw = False
169.4776 	EXP 	no2: autoDraw = False
169.4776 	EXP 	no1: autoDraw = True
170.8400 	EXP 	window1: mouseVisible = True
