3.1209 	WARNING 	We strongly recommend you activate the PTB sound engine in PsychoPy prefs as the preferred audio engine. Its timing is vastly superior. Your prefs are currently set to use ['sounddevice', 'PTB', 'pyo', 'pygame'] (in that order).
12.8657 	WARNING 	User requested fullscreen with size [1024  768], but screen is actually [2256, 1504]. Using actual size
15.1551 	EXP 	Created window1 = Window(allowGUI=False, allowStencil=False, args=UNKNOWN, autoLog=True, bitsMode=UNKNOWN, blendMode='avg', bpc=(8, 8, 8), color=array([0., 0., 0.]), colorSpace='rgb', depthBits=8, fullscr=<method-wrapper '__getattribute__' of attributeSetter object at 0x0000021490EB8780>, gamma=None, gammaErrorPolicy='raise', kwargs=UNKNOWN, lms=UNKNOWN, monitor=<psychopy.monitors.calibTools.Monitor object at 0x0000021490DF2EB8>, multiSample=False, name='window1', numSamples=2, pos=[0.0, 0.0], screen=0, size=array([2256, 1504]), stencilBits=0, stereo=False, units='height', useFBO=True, useRetina=False, viewOri=0.0, viewPos=None, viewScale=None, waitBlanking=True, winType='pyglet')
15.1562 	EXP 	window1: mouseVisible = True
15.1563 	EXP 	window1: recordFrameIntervals = False
15.3204 	EXP 	window1: recordFrameIntervals = True
15.5042 	EXP 	window1: recordFrameIntervals = False
16.0251 	EXP 	Created InstructionTxt = TextStim(__class__=<class 'psychopy.visual.text.TextStim'>, alignHoriz=method-wrapper(...), alignText='center', alignVert=method-wrapper(...), anchorHoriz='center', anchorVert='center', antialias=True, autoLog=True, bold=False, color='white', colorSpace='named', contrast=1.0, depth=0.0, flipHoriz=False, flipVert=False, font='Arial', fontFiles=[], height=0.04, italic=False, languageStyle='LTR', name='InstructionTxt', opacity=1.0, ori=0, pos=array([0., 0.]), rgb=array([255., 255., 255.]), text=str(...), units='height', win=Window(...), wrapWidth=1)
16.0355 	EXP 	Created WelcomContinue = TextStim(__class__=<class 'psychopy.visual.text.TextStim'>, alignHoriz=method-wrapper(...), alignText='center', alignVert=method-wrapper(...), anchorHoriz='center', anchorVert='center', antialias=True, autoLog=True, bold=False, color='white', colorSpace='named', contrast=1.0, depth=-3.0, flipHoriz=False, flipVert=False, font='Arial', fontFiles=[], height=0.04, italic=False, languageStyle='LTR', name='WelcomContinue', opacity=1.0, ori=0, pos=array([ 0. , -0.4]), rgb=array([255., 255., 255.]), text='Press SPACE to continue', units='height', win=Window(...), wrapWidth=1)
16.0493 	EXP 	Created VolumeBeginTxt = TextStim(__class__=<class 'psychopy.visual.text.TextStim'>, alignHoriz=method-wrapper(...), alignText='center', alignVert=method-wrapper(...), anchorHoriz='center', anchorVert='center', antialias=True, autoLog=True, bold=False, color='white', colorSpace='named', contrast=1.0, depth=0.0, flipHoriz=False, flipVert=False, font='Arial', fontFiles=[], height=0.04, italic=False, languageStyle='LTR', name='VolumeBeginTxt', opacity=1.0, ori=0, pos=array([0., 0.]), rgb=array([255., 255., 255.]), text=str(...), units='height', win=Window(...), wrapWidth=1)
16.0550 	EXP 	Created VolumeContinue = TextStim(__class__=<class 'psychopy.visual.text.TextStim'>, alignHoriz=method-wrapper(...), alignText='center', alignVert=method-wrapper(...), anchorHoriz='center', anchorVert='center', antialias=True, autoLog=True, bold=False, color='white', colorSpace='named', contrast=1.0, depth=-1.0, flipHoriz=False, flipVert=False, font='Arial', fontFiles=[], height=0.04, italic=False, languageStyle='LTR', name='VolumeContinue', opacity=1.0, ori=0, pos=array([ 0. , -0.4]), rgb=array([255., 255., 255.]), text=str(...), units='height', win=Window(...), wrapWidth=1)
16.0630 	EXP 	Created text = TextStim(__class__=<class 'psychopy.visual.text.TextStim'>, alignHoriz=method-wrapper(...), alignText='center', alignVert=method-wrapper(...), anchorHoriz='center', anchorVert='center', antialias=True, autoLog=True, bold=False, color='white', colorSpace='named', contrast=1.0, depth=0.0, flipHoriz=False, flipVert=False, font='Arial', fontFiles=[], height=0.04, italic=False, languageStyle='LTR', name='text', opacity=1.0, ori=0, pos=array([0., 0.]), rgb=array([255., 255., 255.]), text=str(...), units='height', win=Window(...), wrapWidth=1)
16.1903 	EXP 	Sound Music set volume 0.300
16.1987 	EXP 	Created AdjustContinue = TextStim(__class__=<class 'psychopy.visual.text.TextStim'>, alignHoriz=method-wrapper(...), alignText='center', alignVert=method-wrapper(...), anchorHoriz='center', anchorVert='center', antialias=True, autoLog=True, bold=False, color='white', colorSpace='named', contrast=1.0, depth=-3.0, flipHoriz=False, flipVert=False, font='Arial', fontFiles=[], height=0.04, italic=False, languageStyle='LTR', name='AdjustContinue', opacity=1.0, ori=0, pos=array([ 0. , -0.4]), rgb=array([255., 255., 255.]), text=str(...), units='height', win=Window(...), wrapWidth=1)
16.2344 	EXP 	Created WelcomeTxt1 = TextStim(__class__=<class 'psychopy.visual.text.TextStim'>, alignHoriz=method-wrapper(...), alignText='center', alignVert=method-wrapper(...), anchorHoriz='center', anchorVert='center', antialias=True, autoLog=True, bold=False, color='white', colorSpace='named', contrast=1.0, depth=0.0, flipHoriz=False, flipVert=False, font='Arial', fontFiles=[], height=0.04, italic=False, languageStyle='LTR', name='WelcomeTxt1', opacity=1.0, ori=0, pos=array([0., 0.]), rgb=array([255., 255., 255.]), text=str(...), units='height', win=Window(...), wrapWidth=1)
16.2384 	EXP 	Created ContinueKey1 = TextStim(__class__=<class 'psychopy.visual.text.TextStim'>, alignHoriz=method-wrapper(...), alignText='center', alignVert=method-wrapper(...), anchorHoriz='center', anchorVert='center', antialias=True, autoLog=True, bold=False, color='white', colorSpace='named', contrast=1.0, depth=-1.0, flipHoriz=False, flipVert=False, font='Arial', fontFiles=[], height=0.04, italic=False, languageStyle='LTR', name='ContinueKey1', opacity=1.0, ori=0, pos=array([ 0. , -0.4]), rgb=array([255., 255., 255.]), text='Press SPACE to continue', units='height', win=Window(...), wrapWidth=1)
16.2436 	EXP 	Created InstructionTxt2 = TextStim(__class__=<class 'psychopy.visual.text.TextStim'>, alignHoriz=method-wrapper(...), alignText='center', alignVert=method-wrapper(...), anchorHoriz='center', anchorVert='center', antialias=True, autoLog=True, bold=False, color='white', colorSpace='named', contrast=1.0, depth=0.0, flipHoriz=False, flipVert=False, font='Arial', fontFiles=[], height=0.04, italic=False, languageStyle='LTR', name='InstructionTxt2', opacity=1.0, ori=0, pos=array([0., 0.]), rgb=array([255., 255., 255.]), text=str(...), units='height', win=Window(...), wrapWidth=1)
16.2482 	EXP 	Created WelcomeContinue2 = TextStim(__class__=<class 'psychopy.visual.text.TextStim'>, alignHoriz=method-wrapper(...), alignText='center', alignVert=method-wrapper(...), anchorHoriz='center', anchorVert='center', antialias=True, autoLog=True, bold=False, color='white', colorSpace='named', contrast=1.0, depth=-1.0, flipHoriz=False, flipVert=False, font='Arial', fontFiles=[], height=0.04, italic=False, languageStyle='LTR', name='WelcomeContinue2', opacity=1.0, ori=0, pos=array([ 0. , -0.4]), rgb=array([255., 255., 255.]), text='Press SPACE to begin practice\n', units='height', win=Window(...), wrapWidth=1)
16.2514 	EXP 	Created TrialNumber = TextStim(__class__=<class 'psychopy.visual.text.TextStim'>, alignHoriz=method-wrapper(...), alignText='center', alignVert=method-wrapper(...), anchorHoriz='center', anchorVert='center', antialias=True, autoLog=True, bold=False, color='white', colorSpace='named', contrast=1.0, depth=0.0, flipHoriz=False, flipVert=False, font='Arial', fontFiles=[], height=0.04, italic=False, languageStyle='LTR', name='TrialNumber', opacity=1.0, ori=0, pos=array([0. , 0.3]), rgb=array([255., 255., 255.]), text='default text', units='height', win=Window(...), wrapWidth=1)
16.2515 	EXP 	Sound PracticeSound set volume 1.000
16.2653 	EXP 	Created PracticeCross = TextStim(__class__=<class 'psychopy.visual.text.TextStim'>, alignHoriz=method-wrapper(...), alignText='center', alignVert=method-wrapper(...), anchorHoriz='center', anchorVert='center', antialias=True, autoLog=True, bold=False, color='white', colorSpace='named', contrast=1.0, depth=-2.0, flipHoriz=False, flipVert=False, font='Arial', fontFiles=[], height=0.1, italic=False, languageStyle='LTR', name='PracticeCross', opacity=1.0, ori=0, pos=array([0., 0.]), rgb=array([255., 255., 255.]), text='+', units='height', win=Window(...), wrapWidth=1)
16.2688 	EXP 	Created PracticeMssg = TextStim(__class__=<class 'psychopy.visual.text.TextStim'>, alignHoriz=method-wrapper(...), alignText='center', alignVert=method-wrapper(...), anchorHoriz='center', anchorVert='center', antialias=True, autoLog=True, bold=False, color='white', colorSpace='named', contrast=1.0, depth=-2.0, flipHoriz=False, flipVert=False, font='Arial', fontFiles=[], height=0.04, italic=False, languageStyle='LTR', name='PracticeMssg', opacity=1.0, ori=0, pos=array([0. , 0.2]), rgb=array([255., 255., 255.]), text='default text', units='height', win=Window(...), wrapWidth=1)
16.2704 	EXP 	Created FeedbackCross = TextStim(__class__=<class 'psychopy.visual.text.TextStim'>, alignHoriz=method-wrapper(...), alignText='center', alignVert=method-wrapper(...), anchorHoriz='center', anchorVert='center', antialias=True, autoLog=True, bold=False, color='white', colorSpace='named', contrast=1.0, depth=-3.0, flipHoriz=False, flipVert=False, font='Arial', fontFiles=[], height=0.1, italic=False, languageStyle='LTR', name='FeedbackCross', opacity=1.0, ori=0, pos=array([0., 0.]), rgb=array([255., 255., 255.]), text='+', units='height', win=Window(...), wrapWidth=1)
16.2754 	EXP 	Created Continue = TextStim(__class__=<class 'psychopy.visual.text.TextStim'>, alignHoriz=method-wrapper(...), alignText='center', alignVert=method-wrapper(...), anchorHoriz='center', anchorVert='center', antialias=True, autoLog=True, bold=False, color='white', colorSpace='named', contrast=1.0, depth=-4.0, flipHoriz=False, flipVert=False, font='Arial', fontFiles=[], height=0.04, italic=False, languageStyle='LTR', name='Continue', opacity=1.0, ori=0, pos=array([ 0. , -0.4]), rgb=array([255., 255., 255.]), text='Press the right key on your keyboard', units='height', win=Window(...), wrapWidth=1)
16.2828 	EXP 	Created Options = TextStim(__class__=<class 'psychopy.visual.text.TextStim'>, alignHoriz=method-wrapper(...), alignText='center', alignVert=method-wrapper(...), anchorHoriz='center', anchorVert='center', antialias=True, autoLog=True, bold=False, color='white', colorSpace='named', contrast=1.0, depth=-5.0, flipHoriz=False, flipVert=False, font='Arial', fontFiles=[], height=0.04, italic=False, languageStyle='LTR', name='Options', opacity=1.0, ori=0, pos=array([ 0. , -0.2]), rgb=array([255., 255., 255.]), text='1 = REPEAT\n2 = SIMILAR\n3 = NEW', units='height', win=Window(...), wrapWidth=1)
16.2898 	EXP 	Created StartTxt = TextStim(__class__=<class 'psychopy.visual.text.TextStim'>, alignHoriz=method-wrapper(...), alignText='center', alignVert=method-wrapper(...), anchorHoriz='center', anchorVert='center', antialias=True, autoLog=True, bold=False, color='white', colorSpace='named', contrast=1.0, depth=0.0, flipHoriz=False, flipVert=False, font='Arial', fontFiles=[], height=0.04, italic=False, languageStyle='LTR', name='StartTxt', opacity=1.0, ori=0, pos=array([0., 0.]), rgb=array([255., 255., 255.]), text=str(...), units='height', win=Window(...), wrapWidth=1)
16.2948 	EXP 	Created ContinueStart = TextStim(__class__=<class 'psychopy.visual.text.TextStim'>, alignHoriz=method-wrapper(...), alignText='center', alignVert=method-wrapper(...), anchorHoriz='center', anchorVert='center', antialias=True, autoLog=True, bold=False, color='white', colorSpace='named', contrast=1.0, depth=-2.0, flipHoriz=False, flipVert=False, font='Arial', fontFiles=[], height=0.04, italic=False, languageStyle='LTR', name='ContinueStart', opacity=1.0, ori=0, pos=array([ 0. , -0.4]), rgb=array([255., 255., 255.]), text='Press SPACE to begin the task', units='height', win=Window(...), wrapWidth=1)
16.3049 	EXP 	Created no3 = TextStim(__class__=<class 'psychopy.visual.text.TextStim'>, alignHoriz=method-wrapper(...), alignText='center', alignVert=method-wrapper(...), anchorHoriz='center', anchorVert='center', antialias=True, autoLog=True, bold=False, color='white', colorSpace='named', contrast=1.0, depth=0.0, flipHoriz=False, flipVert=False, font='Arial', fontFiles=[], height=0.05, italic=False, languageStyle='LTR', name='no3', opacity=1.0, ori=0, pos=array([0., 0.]), rgb=array([255., 255., 255.]), text='3', units='height', win=Window(...), wrapWidth=1)
16.3078 	EXP 	Created no2 = TextStim(__class__=<class 'psychopy.visual.text.TextStim'>, alignHoriz=method-wrapper(...), alignText='center', alignVert=method-wrapper(...), anchorHoriz='center', anchorVert='center', antialias=True, autoLog=True, bold=False, color='white', colorSpace='named', contrast=1.0, depth=0.0, flipHoriz=False, flipVert=False, font='Arial', fontFiles=[], height=0.05, italic=False, languageStyle='LTR', name='no2', opacity=1.0, ori=0, pos=array([0., 0.]), rgb=array([255., 255., 255.]), text='2', units='height', win=Window(...), wrapWidth=1)
16.3113 	EXP 	Created no1 = TextStim(__class__=<class 'psychopy.visual.text.TextStim'>, alignHoriz=method-wrapper(...), alignText='center', alignVert=method-wrapper(...), anchorHoriz='center', anchorVert='center', antialias=True, autoLog=True, bold=False, color='white', colorSpace='named', contrast=1.0, depth=0.0, flipHoriz=False, flipVert=False, font='Arial', fontFiles=[], height=0.05, italic=False, languageStyle='LTR', name='no1', opacity=1.0, ori=0, pos=array([0., 0.]), rgb=array([255., 255., 255.]), text='1', units='height', win=Window(...), wrapWidth=1)
16.3114 	EXP 	Sound TargetSound set volume 1.000
16.3135 	EXP 	Created Cross = TextStim(__class__=<class 'psychopy.visual.text.TextStim'>, alignHoriz=method-wrapper(...), alignText='center', alignVert=method-wrapper(...), anchorHoriz='center', anchorVert='center', antialias=True, autoLog=True, bold=False, color='white', colorSpace='named', contrast=1.0, depth=-1.0, flipHoriz=False, flipVert=False, font='Arial', fontFiles=[], height=0.1, italic=False, languageStyle='LTR', name='Cross', opacity=1.0, ori=0, pos=array([0., 0.]), rgb=array([255., 255., 255.]), text='+', units='height', win=Window(...), wrapWidth=1)
16.3243 	EXP 	Created ItemNumber = TextStim(__class__=<class 'psychopy.visual.text.TextStim'>, alignHoriz=method-wrapper(...), alignText='center', alignVert=method-wrapper(...), anchorHoriz='center', anchorVert='center', antialias=True, autoLog=True, bold=False, color='white', colorSpace='named', contrast=1.0, depth=-2.0, flipHoriz=False, flipVert=False, font='Arial', fontFiles=[], height=0.04, italic=False, languageStyle='LTR', name='ItemNumber', opacity=1.0, ori=0, pos=array([0.  , 0.45]), rgb=array([255., 255., 255.]), text='default text', units='height', win=Window(...), wrapWidth=1)
16.3599 	EXP 	Created MSTQuestion = TextStim(__class__=<class 'psychopy.visual.text.TextStim'>, alignHoriz=method-wrapper(...), alignText='center', alignVert=method-wrapper(...), anchorHoriz='center', anchorVert='center', antialias=True, autoLog=True, bold=False, color='white', colorSpace='named', contrast=1.0, depth=0.0, flipHoriz=False, flipVert=False, font='Arial', fontFiles=[], height=0.04, italic=False, languageStyle='LTR', name='MSTQuestion', opacity=1.0, ori=0, pos=array([0., 0.]), rgb=array([255., 255., 255.]), text=str(...), units='height', win=Window(...), wrapWidth=1)
16.3751 	EXP 	Created ThankyouMssg = TextStim(__class__=<class 'psychopy.visual.text.TextStim'>, alignHoriz=method-wrapper(...), alignText='center', alignVert=method-wrapper(...), anchorHoriz='center', anchorVert='center', antialias=True, autoLog=True, bold=False, color='white', colorSpace='named', contrast=1.0, depth=0.0, flipHoriz=False, flipVert=False, font='Arial', fontFiles=[], height=0.04, italic=False, languageStyle='LTR', name='ThankyouMssg', opacity=1.0, ori=0, pos=array([0. , 0.2]), rgb=array([255., 255., 255.]), text=str(...), units='height', win=Window(...), wrapWidth=1)
16.4322 	EXP 	Created ExitTxt = TextStim(__class__=<class 'psychopy.visual.text.TextStim'>, alignHoriz=method-wrapper(...), alignText='center', alignVert=method-wrapper(...), anchorHoriz='center', anchorVert='center', antialias=True, autoLog=True, bold=False, color='white', colorSpace='named', contrast=1.0, depth=-2.0, flipHoriz=False, flipVert=False, font='Arial', fontFiles=[], height=0.04, italic=False, languageStyle='LTR', name='ExitTxt', opacity=1.0, ori=0, pos=array([ 0. , -0.4]), rgb=array([255., 255., 255.]), text='Press SPACE to exit the study', units='height', win=Window(...), wrapWidth=1)
16.4479 	EXP 	Created CodeTxt = TextStim(__class__=<class 'psychopy.visual.text.TextStim'>, alignHoriz=method-wrapper(...), alignText='center', alignVert=method-wrapper(...), anchorHoriz='center', anchorVert='center', antialias=True, autoLog=True, bold=False, color='white', colorSpace='named', contrast=1.0, depth=-4.0, flipHoriz=False, flipVert=False, font='Arial', fontFiles=[], height=0.04, italic=False, languageStyle='LTR', name='CodeTxt', opacity=1.0, ori=0, pos=array([ 0.  , -0.22]), rgb=array([255., 255., 255.]), text=str(...), units='height', win=Window(...), wrapWidth=1)
16.4912 	EXP 	CompletionCode: autoLog = True
16.4912 	EXP 	InstructionTxt: autoDraw = True
16.4912 	EXP 	WelcomContinue: autoDraw = True
17.3951 	DATA 	Keypress: space
17.4244 	EXP 	InstructionTxt: autoDraw = False
17.4244 	EXP 	WelcomContinue: autoDraw = False
17.4244 	EXP 	VolumeBeginTxt: autoDraw = True
17.4244 	EXP 	VolumeContinue: autoDraw = True
18.0540 	DATA 	Keypress: space
18.0565 	EXP 	VolumeBeginTxt: autoDraw = False
18.0565 	EXP 	VolumeContinue: autoDraw = False
18.0565 	EXP 	text: autoDraw = True
18.0565 	EXP 	AdjustContinue: autoDraw = True
18.5999 	DATA 	Keypress: space
18.6212 	EXP 	text: autoDraw = False
18.6212 	EXP 	AdjustContinue: autoDraw = False
18.6212 	EXP 	WelcomeTxt1: autoDraw = True
18.6212 	EXP 	ContinueKey1: autoDraw = True
19.4294 	DATA 	Keypress: space
19.4557 	EXP 	WelcomeTxt1: autoDraw = False
19.4557 	EXP 	ContinueKey1: autoDraw = False
19.4557 	EXP 	InstructionTxt2: autoDraw = True
19.4557 	EXP 	WelcomeContinue2: autoDraw = True
20.7068 	EXP 	Imported GuessSounds_conditions.xlsx as conditions, 5 conditions, 2 params
20.7072 	EXP 	Created sequence: sequential, trialTypes=5, nReps=1, seed=None
20.7076 	EXP 	New trial (rep=0, index=0): OrderedDict([('SoundFiles3', 'Practice/Seagull_A.wav'), ('Correct', 3)])
20.7253 	DATA 	Keypress: space
20.7295 	EXP 	InstructionTxt2: autoDraw = False
20.7295 	EXP 	WelcomeContinue2: autoDraw = False
20.7295 	EXP 	TrialNumber: text = 'Trial 1'
20.7295 	EXP 	TrialNumber: autoDraw = True
20.7295 	EXP 	PracticeCross: autoDraw = True
23.0334 	EXP 	TrialNumber: autoDraw = False
23.0334 	EXP 	PracticeCross: autoDraw = False
23.0334 	EXP 	TrialNumber: autoDraw = False
23.0334 	EXP 	PracticeCross: autoDraw = False
23.0334 	EXP 	PracticeMssg: text = 'This is a NEW sound. \nThis sound has never been presented before.'
23.0334 	EXP 	PracticeMssg: autoDraw = True
23.0334 	EXP 	FeedbackCross: autoDraw = True
23.0334 	EXP 	Continue: autoDraw = True
23.0334 	EXP 	Options: autoDraw = True
24.9103 	EXP 	New trial (rep=0, index=1): OrderedDict([('SoundFiles3', 'Practice/Skid_B.wav'), ('Correct', 3)])
24.9270 	DATA 	Keypress: 3
24.9308 	EXP 	PracticeMssg: autoDraw = False
24.9308 	EXP 	FeedbackCross: autoDraw = False
24.9308 	EXP 	Continue: autoDraw = False
24.9308 	EXP 	Options: autoDraw = False
24.9308 	EXP 	TrialNumber: text = 'Trial 2'
24.9308 	EXP 	TrialNumber: autoDraw = True
24.9308 	EXP 	PracticeCross: autoDraw = True
27.0363 	EXP 	TrialNumber: autoDraw = False
27.0363 	EXP 	PracticeCross: autoDraw = False
27.0534 	EXP 	TrialNumber: autoDraw = False
27.0534 	EXP 	PracticeCross: autoDraw = False
27.0534 	EXP 	PracticeMssg: text = 'This is a NEW sound. \nThis sound has never been presented before.'
27.0534 	EXP 	PracticeMssg: autoDraw = True
27.0534 	EXP 	FeedbackCross: autoDraw = True
27.0534 	EXP 	Continue: autoDraw = True
27.0534 	EXP 	Options: autoDraw = True
28.2618 	EXP 	New trial (rep=0, index=2): OrderedDict([('SoundFiles3', 'Practice/Seagull_A.wav'), ('Correct', 1)])
28.2858 	DATA 	Keypress: 3
28.2900 	EXP 	PracticeMssg: autoDraw = False
28.2900 	EXP 	FeedbackCross: autoDraw = False
28.2900 	EXP 	Continue: autoDraw = False
28.2900 	EXP 	Options: autoDraw = False
28.2900 	EXP 	TrialNumber: text = 'Trial 3'
28.2900 	EXP 	TrialNumber: autoDraw = True
28.2900 	EXP 	PracticeCross: autoDraw = True
30.5789 	EXP 	TrialNumber: autoDraw = False
30.5789 	EXP 	PracticeCross: autoDraw = False
30.5789 	EXP 	TrialNumber: autoDraw = False
30.5789 	EXP 	PracticeCross: autoDraw = False
30.5789 	EXP 	PracticeMssg: text = 'This is a REPEAT sound. \nThe exact same sound has been presented previously.'
30.5789 	EXP 	PracticeMssg: autoDraw = True
30.5789 	EXP 	FeedbackCross: autoDraw = True
30.5789 	EXP 	Continue: autoDraw = True
30.5789 	EXP 	Options: autoDraw = True
31.4458 	EXP 	New trial (rep=0, index=3): OrderedDict([('SoundFiles3', 'Practice/Gargle_A.wav'), ('Correct', 3)])
31.4944 	DATA 	Keypress: 1
31.4986 	EXP 	PracticeMssg: autoDraw = False
31.4986 	EXP 	FeedbackCross: autoDraw = False
31.4986 	EXP 	Continue: autoDraw = False
31.4986 	EXP 	Options: autoDraw = False
31.4986 	EXP 	TrialNumber: text = 'Trial 4'
31.4986 	EXP 	TrialNumber: autoDraw = True
31.4986 	EXP 	PracticeCross: autoDraw = True
33.7955 	EXP 	TrialNumber: autoDraw = False
33.7955 	EXP 	PracticeCross: autoDraw = False
33.7955 	EXP 	TrialNumber: autoDraw = False
33.7955 	EXP 	PracticeCross: autoDraw = False
33.7955 	EXP 	PracticeMssg: text = 'This is a NEW sound. \nThis sound has never been presented before.'
33.7955 	EXP 	PracticeMssg: autoDraw = True
33.7955 	EXP 	FeedbackCross: autoDraw = True
33.7955 	EXP 	Continue: autoDraw = True
33.7955 	EXP 	Options: autoDraw = True
35.2807 	EXP 	New trial (rep=0, index=4): OrderedDict([('SoundFiles3', 'Practice/Gargle_B.wav'), ('Correct', 2)])
35.3297 	DATA 	Keypress: 3
35.3341 	EXP 	PracticeMssg: autoDraw = False
35.3341 	EXP 	FeedbackCross: autoDraw = False
35.3341 	EXP 	Continue: autoDraw = False
35.3341 	EXP 	Options: autoDraw = False
35.3341 	EXP 	TrialNumber: text = 'Trial 5'
35.3341 	EXP 	TrialNumber: autoDraw = True
35.3341 	EXP 	PracticeCross: autoDraw = True
37.4199 	EXP 	TrialNumber: autoDraw = False
37.4199 	EXP 	PracticeCross: autoDraw = False
37.4199 	EXP 	TrialNumber: autoDraw = False
37.4199 	EXP 	PracticeCross: autoDraw = False
37.4199 	EXP 	PracticeMssg: text = 'This is a SIMILAR sound. \nThis sound is similar but not identical to a previously presented sound.'
37.4199 	EXP 	PracticeMssg: autoDraw = True
37.4199 	EXP 	FeedbackCross: autoDraw = True
37.4199 	EXP 	Continue: autoDraw = True
37.4199 	EXP 	Options: autoDraw = True
38.6539 	DATA 	Keypress: 2
38.6582 	EXP 	PracticeMssg: autoDraw = False
38.6582 	EXP 	FeedbackCross: autoDraw = False
38.6582 	EXP 	Continue: autoDraw = False
38.6582 	EXP 	Options: autoDraw = False
38.6582 	EXP 	StartTxt: autoDraw = True
38.6582 	EXP 	ContinueStart: autoDraw = True
40.2639 	EXP 	Imported GuessSounds_conditions.xlsx as conditions, 80 conditions, 2 params
40.2645 	EXP 	Created sequence: sequential, trialTypes=80, nReps=1, seed=None
40.2650 	EXP 	New trial (rep=0, index=0): OrderedDict([('SoundFiles3', 'Initial/Doubled/Coin_A.wav'), ('Correct', 3)])
40.2686 	DATA 	Keypress: space
40.2727 	EXP 	StartTxt: autoDraw = False
40.2727 	EXP 	ContinueStart: autoDraw = False
40.2727 	EXP 	no3: autoDraw = True
40.7367 	EXP 	no3: autoDraw = False
40.7367 	EXP 	no2: autoDraw = True
41.2368 	EXP 	no2: autoDraw = False
41.2368 	EXP 	no1: autoDraw = True
41.7881 	EXP 	no1: autoDraw = False
41.7881 	EXP 	ItemNumber: text = '1/80'
41.7881 	EXP 	Cross: autoDraw = True
41.7881 	EXP 	ItemNumber: autoDraw = True
54.9259 	DATA 	Keypress: escape
55.3913 	EXP 	window1: mouseVisible = True
