1.7224 	WARNING 	We strongly recommend you activate the PTB sound engine in PsychoPy prefs as the preferred audio engine. Its timing is vastly superior. Your prefs are currently set to use ['sounddevice', 'PTB', 'pyo', 'pygame'] (in that order).
13.9604 	WARNING 	User requested fullscreen with size [1024  768], but screen is actually [2256, 1504]. Using actual size
16.8082 	EXP 	Created window1 = Window(allowGUI=False, allowStencil=False, args=UNKNOWN, autoLog=True, bitsMode=UNKNOWN, blendMode='avg', bpc=(8, 8, 8), color=array([0., 0., 0.]), colorSpace='rgb', depthBits=8, fullscr=<method-wrapper '__getattribute__' of attributeSetter object at 0x000001C058C78DD8>, gamma=None, gammaErrorPolicy='raise', kwargs=UNKNOWN, lms=UNKNOWN, monitor=<psychopy.monitors.calibTools.Monitor object at 0x000001C058B45518>, multiSample=False, name='window1', numSamples=2, pos=[0.0, 0.0], screen=0, size=array([2256, 1504]), stencilBits=0, stereo=False, units='height', useFBO=True, useRetina=False, viewOri=0.0, viewPos=None, viewScale=None, waitBlanking=True, winType='pyglet')
16.8096 	EXP 	window1: mouseVisible = True
16.8098 	EXP 	window1: recordFrameIntervals = False
16.9603 	EXP 	window1: recordFrameIntervals = True
17.1441 	EXP 	window1: recordFrameIntervals = False
17.6491 	EXP 	Created InstructionTxt = TextStim(__class__=<class 'psychopy.visual.text.TextStim'>, alignHoriz=method-wrapper(...), alignText='center', alignVert=method-wrapper(...), anchorHoriz='center', anchorVert='center', antialias=True, autoLog=True, bold=False, color='white', colorSpace='named', contrast=1.0, depth=0.0, flipHoriz=False, flipVert=False, font='Arial', fontFiles=[], height=0.04, italic=False, languageStyle='LTR', name='InstructionTxt', opacity=1.0, ori=0, pos=array([0., 0.]), rgb=array([255., 255., 255.]), text=str(...), units='height', win=Window(...), wrapWidth=1)
17.6599 	EXP 	Created WelcomContinue = TextStim(__class__=<class 'psychopy.visual.text.TextStim'>, alignHoriz=method-wrapper(...), alignText='center', alignVert=method-wrapper(...), anchorHoriz='center', anchorVert='center', antialias=True, autoLog=True, bold=False, color='white', colorSpace='named', contrast=1.0, depth=-3.0, flipHoriz=False, flipVert=False, font='Arial', fontFiles=[], height=0.04, italic=False, languageStyle='LTR', name='WelcomContinue', opacity=1.0, ori=0, pos=array([ 0. , -0.4]), rgb=array([255., 255., 255.]), text='Press SPACE to continue', units='height', win=Window(...), wrapWidth=1)
17.6795 	EXP 	Created VolumeBeginTxt = TextStim(__class__=<class 'psychopy.visual.text.TextStim'>, alignHoriz=method-wrapper(...), alignText='center', alignVert=method-wrapper(...), anchorHoriz='center', anchorVert='center', antialias=True, autoLog=True, bold=False, color='white', colorSpace='named', contrast=1.0, depth=0.0, flipHoriz=False, flipVert=False, font='Arial', fontFiles=[], height=0.04, italic=False, languageStyle='LTR', name='VolumeBeginTxt', opacity=1.0, ori=0, pos=array([0., 0.]), rgb=array([255., 255., 255.]), text=str(...), units='height', win=Window(...), wrapWidth=1)
17.6873 	EXP 	Created text = TextStim(__class__=<class 'psychopy.visual.text.TextStim'>, alignHoriz=method-wrapper(...), alignText='center', alignVert=method-wrapper(...), anchorHoriz='center', anchorVert='center', antialias=True, autoLog=True, bold=False, color='white', colorSpace='named', contrast=1.0, depth=0.0, flipHoriz=False, flipVert=False, font='Arial', fontFiles=[], height=0.04, italic=False, languageStyle='LTR', name='text', opacity=1.0, ori=0, pos=array([0., 0.]), rgb=array([255., 255., 255.]), text=str(...), units='height', win=Window(...), wrapWidth=1)
17.7412 	EXP 	Sound Music set volume 0.300
17.7475 	EXP 	Created AdjustContinue = TextStim(__class__=<class 'psychopy.visual.text.TextStim'>, alignHoriz=method-wrapper(...), alignText='center', alignVert=method-wrapper(...), anchorHoriz='center', anchorVert='center', antialias=True, autoLog=True, bold=False, color='white', colorSpace='named', contrast=1.0, depth=-3.0, flipHoriz=False, flipVert=False, font='Arial', fontFiles=[], height=0.04, italic=False, languageStyle='LTR', name='AdjustContinue', opacity=1.0, ori=0, pos=array([ 0. , -0.4]), rgb=array([255., 255., 255.]), text=str(...), units='height', win=Window(...), wrapWidth=1)
17.7720 	EXP 	Created HeadphoneCheckBeing = TextStim(__class__=<class 'psychopy.visual.text.TextStim'>, alignHoriz=method-wrapper(...), alignText='center', alignVert=method-wrapper(...), anchorHoriz='center', anchorVert='center', antialias=True, autoLog=True, bold=False, color='white', colorSpace='named', contrast=1.0, depth=0.0, flipHoriz=False, flipVert=False, font='Arial', fontFiles=[], height=0.04, italic=False, languageStyle='LTR', name='HeadphoneCheckBeing', opacity=1.0, ori=0, pos=array([0., 0.]), rgb=array([255., 255., 255.]), text=str(...), units='height', win=Window(...), wrapWidth=1)
17.7763 	EXP 	Created HeadphoneContinue = TextStim(__class__=<class 'psychopy.visual.text.TextStim'>, alignHoriz=method-wrapper(...), alignText='center', alignVert=method-wrapper(...), anchorHoriz='center', anchorVert='center', antialias=True, autoLog=True, bold=False, color='white', colorSpace='named', contrast=1.0, depth=-1.0, flipHoriz=False, flipVert=False, font='Arial', fontFiles=[], height=0.04, italic=False, languageStyle='LTR', name='HeadphoneContinue', opacity=1.0, ori=0, pos=array([ 0. , -0.4]), rgb=array([255., 255., 255.]), text='Press SPACE to continue', units='height', win=Window(...), wrapWidth=1)
17.7992 	EXP 	Created WelcomeTxt1 = TextStim(__class__=<class 'psychopy.visual.text.TextStim'>, alignHoriz=method-wrapper(...), alignText='center', alignVert=method-wrapper(...), anchorHoriz='center', anchorVert='center', antialias=True, autoLog=True, bold=False, color='white', colorSpace='named', contrast=1.0, depth=0.0, flipHoriz=False, flipVert=False, font='Arial', fontFiles=[], height=0.04, italic=False, languageStyle='LTR', name='WelcomeTxt1', opacity=1.0, ori=0, pos=array([0., 0.]), rgb=array([255., 255., 255.]), text=str(...), units='height', win=Window(...), wrapWidth=1)
17.8036 	EXP 	Created ContinueKey1 = TextStim(__class__=<class 'psychopy.visual.text.TextStim'>, alignHoriz=method-wrapper(...), alignText='center', alignVert=method-wrapper(...), anchorHoriz='center', anchorVert='center', antialias=True, autoLog=True, bold=False, color='white', colorSpace='named', contrast=1.0, depth=-1.0, flipHoriz=False, flipVert=False, font='Arial', fontFiles=[], height=0.04, italic=False, languageStyle='LTR', name='ContinueKey1', opacity=1.0, ori=0, pos=array([ 0. , -0.4]), rgb=array([255., 255., 255.]), text='Press SPACE to continue', units='height', win=Window(...), wrapWidth=1)
17.8338 	EXP 	Created Welcome2Txt = TextStim(__class__=<class 'psychopy.visual.text.TextStim'>, alignHoriz=method-wrapper(...), alignText='center', alignVert=method-wrapper(...), anchorHoriz='center', anchorVert='center', antialias=True, autoLog=True, bold=False, color='white', colorSpace='named', contrast=1.0, depth=0.0, flipHoriz=False, flipVert=False, font='Arial', fontFiles=[], height=0.04, italic=False, languageStyle='LTR', name='Welcome2Txt', opacity=1.0, ori=0, pos=array([0., 0.]), rgb=array([255., 255., 255.]), text=str(...), units='height', win=Window(...), wrapWidth=1)
17.8381 	EXP 	Created Continue2 = TextStim(__class__=<class 'psychopy.visual.text.TextStim'>, alignHoriz=method-wrapper(...), alignText='center', alignVert=method-wrapper(...), anchorHoriz='center', anchorVert='center', antialias=True, autoLog=True, bold=False, color='white', colorSpace='named', contrast=1.0, depth=-2.0, flipHoriz=False, flipVert=False, font='Arial', fontFiles=[], height=0.04, italic=False, languageStyle='LTR', name='Continue2', opacity=1.0, ori=0, pos=array([ 0. , -0.4]), rgb=array([255., 255., 255.]), text='Press SPACE to continue', units='height', win=Window(...), wrapWidth=1)
17.8545 	EXP 	Created InstructionTxt2 = TextStim(__class__=<class 'psychopy.visual.text.TextStim'>, alignHoriz=method-wrapper(...), alignText='center', alignVert=method-wrapper(...), anchorHoriz='center', anchorVert='center', antialias=True, autoLog=True, bold=False, color='white', colorSpace='named', contrast=1.0, depth=0.0, flipHoriz=False, flipVert=False, font='Arial', fontFiles=[], height=0.04, italic=False, languageStyle='LTR', name='InstructionTxt2', opacity=1.0, ori=0, pos=array([0., 0.]), rgb=array([255., 255., 255.]), text=str(...), units='height', win=Window(...), wrapWidth=1)
17.8597 	EXP 	Created WelcomeContinue2 = TextStim(__class__=<class 'psychopy.visual.text.TextStim'>, alignHoriz=method-wrapper(...), alignText='center', alignVert=method-wrapper(...), anchorHoriz='center', anchorVert='center', antialias=True, autoLog=True, bold=False, color='white', colorSpace='named', contrast=1.0, depth=-1.0, flipHoriz=False, flipVert=False, font='Arial', fontFiles=[], height=0.04, italic=False, languageStyle='LTR', name='WelcomeContinue2', opacity=1.0, ori=0, pos=array([ 0. , -0.4]), rgb=array([255., 255., 255.]), text='Press SPACE to begin practice\n', units='height', win=Window(...), wrapWidth=1)
17.8801 	EXP 	Created StartTxt = TextStim(__class__=<class 'psychopy.visual.text.TextStim'>, alignHoriz=method-wrapper(...), alignText='center', alignVert=method-wrapper(...), anchorHoriz='center', anchorVert='center', antialias=True, autoLog=True, bold=False, color='white', colorSpace='named', contrast=1.0, depth=0.0, flipHoriz=False, flipVert=False, font='Arial', fontFiles=[], height=0.04, italic=False, languageStyle='LTR', name='StartTxt', opacity=1.0, ori=0, pos=array([0., 0.]), rgb=array([255., 255., 255.]), text=str(...), units='height', win=Window(...), wrapWidth=1)
17.8847 	EXP 	Created ContinueStart = TextStim(__class__=<class 'psychopy.visual.text.TextStim'>, alignHoriz=method-wrapper(...), alignText='center', alignVert=method-wrapper(...), anchorHoriz='center', anchorVert='center', antialias=True, autoLog=True, bold=False, color='white', colorSpace='named', contrast=1.0, depth=-2.0, flipHoriz=False, flipVert=False, font='Arial', fontFiles=[], height=0.04, italic=False, languageStyle='LTR', name='ContinueStart', opacity=1.0, ori=0, pos=array([ 0. , -0.4]), rgb=array([255., 255., 255.]), text='Press SPACE to begin the task', units='height', win=Window(...), wrapWidth=1)
17.9050 	EXP 	Created no_3 = TextStim(__class__=<class 'psychopy.visual.text.TextStim'>, alignHoriz=method-wrapper(...), alignText='center', alignVert=method-wrapper(...), anchorHoriz='center', anchorVert='center', antialias=True, autoLog=True, bold=False, color='white', colorSpace='named', contrast=1.0, depth=-1.0, flipHoriz=False, flipVert=False, font='Arial', fontFiles=[], height=0.1, italic=False, languageStyle='LTR', name='no_3', opacity=1.0, ori=0, pos=array([0., 0.]), rgb=array([255., 255., 255.]), text='+', units='height', win=Window(...), wrapWidth=1)
17.9051 	EXP 	Sound TargetSound set volume 1.000
17.9077 	EXP 	Created Cross = TextStim(__class__=<class 'psychopy.visual.text.TextStim'>, alignHoriz=method-wrapper(...), alignText='center', alignVert=method-wrapper(...), anchorHoriz='center', anchorVert='center', antialias=True, autoLog=True, bold=False, color='white', colorSpace='named', contrast=1.0, depth=-1.0, flipHoriz=False, flipVert=False, font='Arial', fontFiles=[], height=0.1, italic=False, languageStyle='LTR', name='Cross', opacity=1.0, ori=0, pos=array([0., 0.]), rgb=array([255., 255., 255.]), text='+', units='height', win=Window(...), wrapWidth=1)
17.9111 	EXP 	Created ItemNumber = TextStim(__class__=<class 'psychopy.visual.text.TextStim'>, alignHoriz=method-wrapper(...), alignText='center', alignVert=method-wrapper(...), anchorHoriz='center', anchorVert='center', antialias=True, autoLog=True, bold=False, color='white', colorSpace='named', contrast=1.0, depth=-2.0, flipHoriz=False, flipVert=False, font='Arial', fontFiles=[], height=0.04, italic=False, languageStyle='LTR', name='ItemNumber', opacity=1.0, ori=0, pos=array([0. , 0.3]), rgb=array([255., 255., 255.]), text='default text', units='height', win=Window(...), wrapWidth=1)
17.9375 	EXP 	Created MSTQuestion = TextStim(__class__=<class 'psychopy.visual.text.TextStim'>, alignHoriz=method-wrapper(...), alignText='center', alignVert=method-wrapper(...), anchorHoriz='center', anchorVert='center', antialias=True, autoLog=True, bold=False, color='white', colorSpace='named', contrast=1.0, depth=0.0, flipHoriz=False, flipVert=False, font='Arial', fontFiles=[], height=0.04, italic=False, languageStyle='LTR', name='MSTQuestion', opacity=1.0, ori=0, pos=array([0., 0.]), rgb=array([255., 255., 255.]), text=str(...), units='height', win=Window(...), wrapWidth=1)
17.9469 	EXP 	Created ThankyouMssg = TextStim(__class__=<class 'psychopy.visual.text.TextStim'>, alignHoriz=method-wrapper(...), alignText='center', alignVert=method-wrapper(...), anchorHoriz='center', anchorVert='center', antialias=True, autoLog=True, bold=False, color='white', colorSpace='named', contrast=1.0, depth=0.0, flipHoriz=False, flipVert=False, font='Arial', fontFiles=[], height=0.04, italic=False, languageStyle='LTR', name='ThankyouMssg', opacity=1.0, ori=0, pos=array([0. , 0.2]), rgb=array([255., 255., 255.]), text=str(...), units='height', win=Window(...), wrapWidth=1)
18.0150 	EXP 	Created ExitTxt = TextStim(__class__=<class 'psychopy.visual.text.TextStim'>, alignHoriz=method-wrapper(...), alignText='center', alignVert=method-wrapper(...), anchorHoriz='center', anchorVert='center', antialias=True, autoLog=True, bold=False, color='white', colorSpace='named', contrast=1.0, depth=-2.0, flipHoriz=False, flipVert=False, font='Arial', fontFiles=[], height=0.04, italic=False, languageStyle='LTR', name='ExitTxt', opacity=1.0, ori=0, pos=array([ 0. , -0.4]), rgb=array([255., 255., 255.]), text='Press SPACE to exit the study', units='height', win=Window(...), wrapWidth=1)
18.0239 	EXP 	Created CodeTxt = TextStim(__class__=<class 'psychopy.visual.text.TextStim'>, alignHoriz=method-wrapper(...), alignText='center', alignVert=method-wrapper(...), anchorHoriz='center', anchorVert='center', antialias=True, autoLog=True, bold=False, color='white', colorSpace='named', contrast=1.0, depth=-4.0, flipHoriz=False, flipVert=False, font='Arial', fontFiles=[], height=0.04, italic=False, languageStyle='LTR', name='CodeTxt', opacity=1.0, ori=0, pos=array([ 0.  , -0.22]), rgb=array([255., 255., 255.]), text=str(...), units='height', win=Window(...), wrapWidth=1)
18.0758 	EXP 	CompletionCode: autoLog = True
18.0758 	EXP 	InstructionTxt: autoDraw = True
18.0758 	EXP 	WelcomContinue: autoDraw = True
21.7116 	EXP 	InstructionTxt: autoDraw = False
21.7116 	EXP 	WelcomContinue: autoDraw = False
21.7116 	EXP 	VolumeBeginTxt: autoDraw = True
21.7327 	DATA 	Keypress: space
22.4292 	EXP 	VolumeBeginTxt: autoDraw = False
22.4292 	EXP 	text: autoDraw = True
22.4292 	EXP 	AdjustContinue: autoDraw = True
22.4374 	DATA 	Keypress: space
23.4786 	DATA 	Keypress: space
23.4841 	EXP 	text: autoDraw = False
23.4841 	EXP 	AdjustContinue: autoDraw = False
23.4841 	EXP 	HeadphoneCheckBeing: autoDraw = True
23.4841 	EXP 	HeadphoneContinue: autoDraw = True
24.0481 	EXP 	HeadphoneCheckBeing: autoDraw = False
24.0481 	EXP 	HeadphoneContinue: autoDraw = False
24.0481 	EXP 	WelcomeTxt1: autoDraw = True
24.0481 	EXP 	ContinueKey1: autoDraw = True
24.0592 	DATA 	Keypress: space
24.5112 	DATA 	Keypress: space
24.5167 	EXP 	WelcomeTxt1: autoDraw = False
24.5167 	EXP 	ContinueKey1: autoDraw = False
24.5167 	EXP 	Welcome2Txt: autoDraw = True
24.5167 	EXP 	Continue2: autoDraw = True
24.9456 	DATA 	Keypress: space
24.9506 	EXP 	Welcome2Txt: autoDraw = False
24.9506 	EXP 	Continue2: autoDraw = False
24.9506 	EXP 	InstructionTxt2: autoDraw = True
24.9506 	EXP 	WelcomeContinue2: autoDraw = True
25.3947 	DATA 	Keypress: space
25.4042 	EXP 	InstructionTxt2: autoDraw = False
25.4042 	EXP 	WelcomeContinue2: autoDraw = False
25.4042 	EXP 	StartTxt: autoDraw = True
25.4042 	EXP 	ContinueStart: autoDraw = True
26.4384 	EXP 	Imported GuessSounds_conditions.xlsx as conditions, 127 conditions, 5 params
26.4410 	EXP 	Created sequence: sequential, trialTypes=127, nReps=1, seed=None
26.4415 	EXP 	New trial (rep=0, index=0): OrderedDict([('SoundFile', 'Initial/Repeat/ManWhistle.wav'), ('Correct', 2), ('Correct2', 3), ('Type', 'NEW'), ('Trial', 'B')])
26.4502 	EXP 	StartTxt: autoDraw = False
26.4502 	EXP 	ContinueStart: autoDraw = False
26.4502 	EXP 	no_3: autoDraw = True
26.4535 	DATA 	Keypress: space
27.8196 	EXP 	no_3: autoDraw = False
27.8196 	EXP 	ItemNumber: text = '1/128'
27.8196 	EXP 	Cross: autoDraw = True
27.8196 	EXP 	ItemNumber: autoDraw = True
30.0451 	EXP 	Cross: autoDraw = False
30.0451 	EXP 	ItemNumber: autoDraw = False
30.0451 	EXP 	Cross: autoDraw = False
30.0451 	EXP 	ItemNumber: autoDraw = False
30.0451 	EXP 	MSTQuestion: autoDraw = True
30.3696 	EXP 	New trial (rep=0, index=1): OrderedDict([('SoundFile', 'Siren_E.wav'), ('Correct', 2), ('Correct2', 3), ('Type', 'NEW'), ('Trial', 'B')])
30.3811 	EXP 	MSTQuestion: autoDraw = False
30.3811 	EXP 	no_3: autoDraw = True
30.3858 	DATA 	Keypress: 3
31.9149 	EXP 	no_3: autoDraw = False
31.9149 	EXP 	ItemNumber: text = '2/128'
31.9149 	EXP 	Cross: autoDraw = True
31.9149 	EXP 	ItemNumber: autoDraw = True
34.1273 	EXP 	Cross: autoDraw = False
34.1273 	EXP 	ItemNumber: autoDraw = False
34.1273 	EXP 	Cross: autoDraw = False
34.1273 	EXP 	ItemNumber: autoDraw = False
34.1273 	EXP 	MSTQuestion: autoDraw = True
34.7666 	EXP 	New trial (rep=0, index=2): OrderedDict([('SoundFile', 'Footsteps_G.wav'), ('Correct', 2), ('Correct2', 3), ('Type', 'NEW'), ('Trial', 'B')])
34.7753 	DATA 	Keypress: 3
34.7803 	EXP 	MSTQuestion: autoDraw = False
34.7803 	EXP 	no_3: autoDraw = True
36.3280 	EXP 	no_3: autoDraw = False
36.3280 	EXP 	ItemNumber: text = '3/128'
36.3280 	EXP 	Cross: autoDraw = True
36.3280 	EXP 	ItemNumber: autoDraw = True
38.5431 	EXP 	Cross: autoDraw = False
38.5431 	EXP 	ItemNumber: autoDraw = False
38.5431 	EXP 	Cross: autoDraw = False
38.5431 	EXP 	ItemNumber: autoDraw = False
38.5431 	EXP 	MSTQuestion: autoDraw = True
38.6999 	EXP 	New trial (rep=0, index=3): OrderedDict([('SoundFile', 'Initial/Doubled/Chicken_A.wav'), ('Correct', 2), ('Correct2', 3), ('Type', 'NEW'), ('Trial', 'B')])
38.7088 	EXP 	MSTQuestion: autoDraw = False
38.7088 	EXP 	no_3: autoDraw = True
38.7131 	DATA 	Keypress: 3
40.2304 	EXP 	no_3: autoDraw = False
40.2304 	EXP 	no_3: autoDraw = False
40.2304 	EXP 	ItemNumber: text = '4/128'
40.2304 	EXP 	Cross: autoDraw = True
40.2304 	EXP 	ItemNumber: autoDraw = True
41.9107 	EXP 	Cross: autoDraw = False
41.9107 	EXP 	ItemNumber: autoDraw = False
41.9107 	EXP 	Cross: autoDraw = False
41.9107 	EXP 	ItemNumber: autoDraw = False
41.9107 	EXP 	MSTQuestion: autoDraw = True
41.9847 	EXP 	New trial (rep=0, index=4): OrderedDict([('SoundFile', 'Phone_D.wav'), ('Correct', 2), ('Correct2', 3), ('Type', 'NEW'), ('Trial', 'B')])
41.9918 	DATA 	Keypress: 3
41.9966 	EXP 	MSTQuestion: autoDraw = False
41.9966 	EXP 	no_3: autoDraw = True
43.5341 	EXP 	no_3: autoDraw = False
43.5341 	EXP 	ItemNumber: text = '5/128'
43.5341 	EXP 	Cross: autoDraw = True
43.5341 	EXP 	ItemNumber: autoDraw = True
45.7607 	EXP 	Cross: autoDraw = False
45.7607 	EXP 	ItemNumber: autoDraw = False
45.7607 	EXP 	Cross: autoDraw = False
45.7607 	EXP 	ItemNumber: autoDraw = False
45.7607 	EXP 	MSTQuestion: autoDraw = True
46.9506 	EXP 	New trial (rep=0, index=5): OrderedDict([('SoundFile', 'Initial/Repeat/Cup.wav'), ('Correct', 2), ('Correct2', 3), ('Type', 'NEW'), ('Trial', 'B')])
46.9596 	EXP 	MSTQuestion: autoDraw = False
46.9596 	EXP 	no_3: autoDraw = True
46.9671 	DATA 	Keypress: 3
48.4814 	EXP 	no_3: autoDraw = False
48.4814 	EXP 	no_3: autoDraw = False
48.4814 	EXP 	ItemNumber: text = '6/128'
48.4814 	EXP 	Cross: autoDraw = True
48.4814 	EXP 	ItemNumber: autoDraw = True
49.6647 	DATA 	Keypress: 3
49.8104 	EXP 	Cross: autoDraw = False
49.8104 	EXP 	ItemNumber: autoDraw = False
49.8104 	EXP 	Cross: autoDraw = False
49.8104 	EXP 	ItemNumber: autoDraw = False
49.8104 	EXP 	MSTQuestion: autoDraw = True
50.0680 	EXP 	New trial (rep=0, index=6): OrderedDict([('SoundFile', 'Test/Foils/Bowlingpins.wav'), ('Correct', 2), ('Correct2', 3), ('Type', 'NEW'), ('Trial', 'B')])
50.0752 	DATA 	Keypress: 3
50.0800 	EXP 	MSTQuestion: autoDraw = False
50.0800 	EXP 	no_3: autoDraw = True
51.6130 	EXP 	no_3: autoDraw = False
51.6130 	EXP 	ItemNumber: text = '7/128'
51.6130 	EXP 	Cross: autoDraw = True
51.6130 	EXP 	ItemNumber: autoDraw = True
53.8276 	EXP 	Cross: autoDraw = False
53.8276 	EXP 	ItemNumber: autoDraw = False
53.8276 	EXP 	Cross: autoDraw = False
53.8276 	EXP 	ItemNumber: autoDraw = False
53.8276 	EXP 	MSTQuestion: autoDraw = True
59.0345 	EXP 	New trial (rep=0, index=7): OrderedDict([('SoundFile', 'Bird_E.wav'), ('Correct', 2), ('Correct2', 3), ('Type', 'NEW'), ('Trial', 'B')])
59.0443 	EXP 	MSTQuestion: autoDraw = False
59.0443 	EXP 	no_3: autoDraw = True
59.0494 	DATA 	Keypress: 3
60.5740 	EXP 	no_3: autoDraw = False
60.5740 	EXP 	ItemNumber: text = '8/128'
60.5740 	EXP 	Cross: autoDraw = True
60.5740 	EXP 	ItemNumber: autoDraw = True
62.5105 	EXP 	Cross: autoDraw = False
62.5105 	EXP 	ItemNumber: autoDraw = False
62.5105 	EXP 	Cross: autoDraw = False
62.5105 	EXP 	ItemNumber: autoDraw = False
62.5105 	EXP 	MSTQuestion: autoDraw = True
62.8849 	EXP 	New trial (rep=0, index=8): OrderedDict([('SoundFile', 'Initial/Doubled/HairDryer_A.wav'), ('Correct', 2), ('Correct2', 3), ('Type', 'NEW'), ('Trial', 'B')])
62.8892 	DATA 	Keypress: 3
62.8935 	EXP 	MSTQuestion: autoDraw = False
62.8935 	EXP 	no_3: autoDraw = True
64.4212 	EXP 	no_3: autoDraw = False
64.4212 	EXP 	no_3: autoDraw = False
64.4212 	EXP 	ItemNumber: text = '9/128'
64.4212 	EXP 	Cross: autoDraw = True
64.4212 	EXP 	ItemNumber: autoDraw = True
66.6456 	EXP 	Cross: autoDraw = False
66.6456 	EXP 	ItemNumber: autoDraw = False
66.6456 	EXP 	Cross: autoDraw = False
66.6456 	EXP 	ItemNumber: autoDraw = False
66.6456 	EXP 	MSTQuestion: autoDraw = True
67.0728 	EXP 	New trial (rep=0, index=9): OrderedDict([('SoundFile', 'Faucet_D.wav'), ('Correct', 2), ('Correct2', 3), ('Type', 'NEW'), ('Trial', 'B')])
67.0780 	DATA 	Keypress: 3
67.0841 	EXP 	MSTQuestion: autoDraw = False
67.0841 	EXP 	no_3: autoDraw = True
68.6293 	EXP 	no_3: autoDraw = False
68.6293 	EXP 	ItemNumber: text = '10/128'
68.6293 	EXP 	Cross: autoDraw = True
68.6293 	EXP 	ItemNumber: autoDraw = True
70.8438 	EXP 	Cross: autoDraw = False
70.8438 	EXP 	ItemNumber: autoDraw = False
70.8438 	EXP 	Cross: autoDraw = False
70.8438 	EXP 	ItemNumber: autoDraw = False
70.8438 	EXP 	MSTQuestion: autoDraw = True
71.0692 	EXP 	New trial (rep=0, index=10): OrderedDict([('SoundFile', 'Siren_B.wav'), ('Correct', 2), ('Correct2', 2), ('Type', 'SIMILAR'), ('Trial', 'B')])
71.0776 	DATA 	Keypress: 3
71.0825 	EXP 	MSTQuestion: autoDraw = False
71.0825 	EXP 	no_3: autoDraw = True
72.6183 	EXP 	no_3: autoDraw = False
72.6183 	EXP 	ItemNumber: text = '11/128'
72.6183 	EXP 	Cross: autoDraw = True
72.6183 	EXP 	ItemNumber: autoDraw = True
74.8436 	EXP 	Cross: autoDraw = False
74.8436 	EXP 	ItemNumber: autoDraw = False
74.8436 	EXP 	Cross: autoDraw = False
74.8436 	EXP 	ItemNumber: autoDraw = False
74.8436 	EXP 	MSTQuestion: autoDraw = True
75.4172 	EXP 	New trial (rep=0, index=11): OrderedDict([('SoundFile', 'Laugh_C.wav'), ('Correct', 2), ('Correct2', 3), ('Type', 'NEW'), ('Trial', 'B')])
75.4232 	DATA 	Keypress: 2
75.4277 	EXP 	MSTQuestion: autoDraw = False
75.4277 	EXP 	no_3: autoDraw = True
76.9641 	EXP 	no_3: autoDraw = False
76.9641 	EXP 	ItemNumber: text = '12/128'
76.9641 	EXP 	Cross: autoDraw = True
76.9641 	EXP 	ItemNumber: autoDraw = True
79.1772 	EXP 	Cross: autoDraw = False
79.1772 	EXP 	ItemNumber: autoDraw = False
79.1772 	EXP 	Cross: autoDraw = False
79.1772 	EXP 	ItemNumber: autoDraw = False
79.1772 	EXP 	MSTQuestion: autoDraw = True
79.5513 	EXP 	New trial (rep=0, index=12): OrderedDict([('SoundFile', 'Initial/Repeat/ManWhistle.wav'), ('Correct', 1), ('Correct2', 1), ('Type', 'OLD'), ('Trial', 'B')])
79.5571 	DATA 	Keypress: 3
79.5619 	EXP 	MSTQuestion: autoDraw = False
79.5619 	EXP 	no_3: autoDraw = True
81.0894 	EXP 	no_3: autoDraw = False
81.0894 	EXP 	ItemNumber: text = '13/128'
81.0894 	EXP 	Cross: autoDraw = True
81.0894 	EXP 	ItemNumber: autoDraw = True
83.3102 	EXP 	Cross: autoDraw = False
83.3102 	EXP 	ItemNumber: autoDraw = False
83.3102 	EXP 	Cross: autoDraw = False
83.3102 	EXP 	ItemNumber: autoDraw = False
83.3102 	EXP 	MSTQuestion: autoDraw = True
83.6678 	EXP 	New trial (rep=0, index=13): OrderedDict([('SoundFile', 'Initial/NoRepeat/Cow.wav'), ('Correct', 2), ('Correct2', 3), ('Type', 'NEW'), ('Trial', 'B')])
83.6729 	DATA 	Keypress: 3
83.6776 	EXP 	MSTQuestion: autoDraw = False
83.6776 	EXP 	no_3: autoDraw = True
85.2083 	EXP 	no_3: autoDraw = False
85.2083 	EXP 	ItemNumber: text = '14/128'
85.2083 	EXP 	Cross: autoDraw = True
85.2083 	EXP 	ItemNumber: autoDraw = True
87.0435 	EXP 	Cross: autoDraw = False
87.0435 	EXP 	ItemNumber: autoDraw = False
87.0435 	EXP 	Cross: autoDraw = False
87.0435 	EXP 	ItemNumber: autoDraw = False
87.0435 	EXP 	MSTQuestion: autoDraw = True
87.2506 	EXP 	New trial (rep=0, index=14): OrderedDict([('SoundFile', 'Cough_G.wav'), ('Correct', 2), ('Correct2', 3), ('Type', 'NEW'), ('Trial', 'B')])
87.2618 	EXP 	MSTQuestion: autoDraw = False
87.2618 	EXP 	no_3: autoDraw = True
87.2667 	DATA 	Keypress: 3
88.7812 	EXP 	no_3: autoDraw = False
88.7812 	EXP 	ItemNumber: text = '15/128'
88.7812 	EXP 	Cross: autoDraw = True
88.7812 	EXP 	ItemNumber: autoDraw = True
90.1979 	EXP 	Cross: autoDraw = False
90.1979 	EXP 	ItemNumber: autoDraw = False
90.1979 	EXP 	Cross: autoDraw = False
90.1979 	EXP 	ItemNumber: autoDraw = False
90.1979 	EXP 	MSTQuestion: autoDraw = True
92.4212 	EXP 	New trial (rep=0, index=15): OrderedDict([('SoundFile', 'Phone_E.wav'), ('Correct', 2), ('Correct2', 2), ('Type', 'SIMILAR'), ('Trial', 'B')])
92.4335 	EXP 	MSTQuestion: autoDraw = False
92.4335 	EXP 	no_3: autoDraw = True
92.4383 	DATA 	Keypress: 3
93.9683 	EXP 	no_3: autoDraw = False
93.9683 	EXP 	ItemNumber: text = '16/128'
93.9683 	EXP 	Cross: autoDraw = True
93.9683 	EXP 	ItemNumber: autoDraw = True
96.1934 	EXP 	Cross: autoDraw = False
96.1934 	EXP 	ItemNumber: autoDraw = False
96.1934 	EXP 	Cross: autoDraw = False
96.1934 	EXP 	ItemNumber: autoDraw = False
96.1934 	EXP 	MSTQuestion: autoDraw = True
96.5505 	EXP 	New trial (rep=0, index=16): OrderedDict([('SoundFile', 'Chime_B.wav'), ('Correct', 2), ('Correct2', 3), ('Type', 'NEW'), ('Trial', 'B')])
96.5614 	EXP 	MSTQuestion: autoDraw = False
96.5614 	EXP 	no_3: autoDraw = True
96.5661 	DATA 	Keypress: 3
98.1042 	EXP 	no_3: autoDraw = False
98.1042 	EXP 	ItemNumber: text = '17/128'
98.1042 	EXP 	Cross: autoDraw = True
98.1042 	EXP 	ItemNumber: autoDraw = True
100.3269 	EXP 	Cross: autoDraw = False
100.3269 	EXP 	ItemNumber: autoDraw = False
100.3269 	EXP 	Cross: autoDraw = False
100.3269 	EXP 	ItemNumber: autoDraw = False
100.3269 	EXP 	MSTQuestion: autoDraw = True
100.8347 	EXP 	New trial (rep=0, index=17): OrderedDict([('SoundFile', 'Footsteps_F.wav'), ('Correct', 2), ('Correct2', 2), ('Type', 'SIMILAR'), ('Trial', 'B')])
100.8452 	EXP 	MSTQuestion: autoDraw = False
100.8452 	EXP 	no_3: autoDraw = True
100.8523 	DATA 	Keypress: 3
102.3841 	EXP 	no_3: autoDraw = False
102.3841 	EXP 	ItemNumber: text = '18/128'
102.3841 	EXP 	Cross: autoDraw = True
102.3841 	EXP 	ItemNumber: autoDraw = True
104.6101 	EXP 	Cross: autoDraw = False
104.6101 	EXP 	ItemNumber: autoDraw = False
104.6101 	EXP 	Cross: autoDraw = False
104.6101 	EXP 	ItemNumber: autoDraw = False
104.6101 	EXP 	MSTQuestion: autoDraw = True
106.4674 	EXP 	New trial (rep=0, index=18): OrderedDict([('SoundFile', 'Initial/NoRepeat/Toilet_B.wav'), ('Correct', 2), ('Correct2', 3), ('Type', 'NEW'), ('Trial', 'B')])
106.4718 	DATA 	Keypress: 2
106.4792 	EXP 	MSTQuestion: autoDraw = False
106.4792 	EXP 	no_3: autoDraw = True
108.0189 	EXP 	no_3: autoDraw = False
108.0189 	EXP 	ItemNumber: text = '19/128'
108.0189 	EXP 	Cross: autoDraw = True
108.0189 	EXP 	ItemNumber: autoDraw = True
110.2431 	EXP 	Cross: autoDraw = False
110.2431 	EXP 	ItemNumber: autoDraw = False
110.2431 	EXP 	Cross: autoDraw = False
110.2431 	EXP 	ItemNumber: autoDraw = False
110.2431 	EXP 	MSTQuestion: autoDraw = True
110.5676 	EXP 	New trial (rep=0, index=19): OrderedDict([('SoundFile', 'Piano_D.wav'), ('Correct', 2), ('Correct2', 3), ('Type', 'NEW'), ('Trial', 'B')])
110.5800 	EXP 	MSTQuestion: autoDraw = False
110.5800 	EXP 	no_3: autoDraw = True
110.5871 	DATA 	Keypress: 3
112.1031 	EXP 	no_3: autoDraw = False
112.1031 	EXP 	ItemNumber: text = '20/128'
112.1031 	EXP 	Cross: autoDraw = True
112.1031 	EXP 	ItemNumber: autoDraw = True
114.3266 	EXP 	Cross: autoDraw = False
114.3266 	EXP 	ItemNumber: autoDraw = False
114.3266 	EXP 	Cross: autoDraw = False
114.3266 	EXP 	ItemNumber: autoDraw = False
114.3266 	EXP 	MSTQuestion: autoDraw = True
114.6343 	EXP 	New trial (rep=0, index=20): OrderedDict([('SoundFile', 'Initial/Repeat/Cup.wav'), ('Correct', 1), ('Correct2', 1), ('Type', 'OLD'), ('Trial', 'B')])
114.6453 	EXP 	MSTQuestion: autoDraw = False
114.6453 	EXP 	no_3: autoDraw = True
114.6500 	DATA 	Keypress: 3
116.1645 	EXP 	no_3: autoDraw = False
116.1645 	EXP 	ItemNumber: text = '21/128'
116.1645 	EXP 	Cross: autoDraw = True
116.1645 	EXP 	ItemNumber: autoDraw = True
117.4932 	EXP 	Cross: autoDraw = False
117.4932 	EXP 	ItemNumber: autoDraw = False
117.4932 	EXP 	Cross: autoDraw = False
117.4932 	EXP 	ItemNumber: autoDraw = False
117.4932 	EXP 	MSTQuestion: autoDraw = True
117.8502 	EXP 	New trial (rep=0, index=21): OrderedDict([('SoundFile', 'Initial/Doubled/HairDryer_A.wav'), ('Correct', 1), ('Correct2', 1), ('Type', 'OLD'), ('Trial', 'B')])
117.8588 	EXP 	MSTQuestion: autoDraw = False
117.8588 	EXP 	no_3: autoDraw = True
117.8663 	DATA 	Keypress: 1
119.3660 	EXP 	no_3: autoDraw = False
119.3660 	EXP 	no_3: autoDraw = False
119.3660 	EXP 	ItemNumber: text = '22/128'
119.3660 	EXP 	Cross: autoDraw = True
119.3660 	EXP 	ItemNumber: autoDraw = True
121.5930 	EXP 	Cross: autoDraw = False
121.5930 	EXP 	ItemNumber: autoDraw = False
121.5930 	EXP 	Cross: autoDraw = False
121.5930 	EXP 	ItemNumber: autoDraw = False
121.5930 	EXP 	MSTQuestion: autoDraw = True
121.9350 	EXP 	New trial (rep=0, index=22): OrderedDict([('SoundFile', 'Initial/NoRepeat/Thunder_A.wav'), ('Correct', 2), ('Correct2', 3), ('Type', 'NEW'), ('Trial', 'B')])
121.9401 	DATA 	Keypress: 3
121.9445 	EXP 	MSTQuestion: autoDraw = False
121.9445 	EXP 	no_3: autoDraw = True
123.4806 	EXP 	no_3: autoDraw = False
123.4806 	EXP 	ItemNumber: text = '23/128'
123.4806 	EXP 	Cross: autoDraw = True
123.4806 	EXP 	ItemNumber: autoDraw = True
125.6930 	EXP 	Cross: autoDraw = False
125.6930 	EXP 	ItemNumber: autoDraw = False
125.6930 	EXP 	Cross: autoDraw = False
125.6930 	EXP 	ItemNumber: autoDraw = False
125.6930 	EXP 	MSTQuestion: autoDraw = True
126.0005 	EXP 	New trial (rep=0, index=23): OrderedDict([('SoundFile', 'Initial/Doubled/Chicken_A.wav'), ('Correct', 1), ('Correct2', 1), ('Type', 'OLD'), ('Trial', 'B')])
126.0081 	DATA 	Keypress: 3
126.0133 	EXP 	MSTQuestion: autoDraw = False
126.0133 	EXP 	no_3: autoDraw = True
127.5320 	EXP 	no_3: autoDraw = False
127.5320 	EXP 	ItemNumber: text = '24/128'
127.5320 	EXP 	Cross: autoDraw = True
127.5320 	EXP 	ItemNumber: autoDraw = True
129.2099 	EXP 	Cross: autoDraw = False
129.2099 	EXP 	ItemNumber: autoDraw = False
129.2099 	EXP 	Cross: autoDraw = False
129.2099 	EXP 	ItemNumber: autoDraw = False
129.2099 	EXP 	MSTQuestion: autoDraw = True
129.5671 	EXP 	New trial (rep=0, index=24): OrderedDict([('SoundFile', 'Whistle_A.wav'), ('Correct', 2), ('Correct2', 3), ('Type', 'NEW'), ('Trial', 'B')])
129.5830 	EXP 	MSTQuestion: autoDraw = False
129.5830 	EXP 	no_3: autoDraw = True
129.5877 	DATA 	Keypress: 3
131.1005 	EXP 	no_3: autoDraw = False
131.1005 	EXP 	ItemNumber: text = '25/128'
131.1005 	EXP 	Cross: autoDraw = True
131.1005 	EXP 	ItemNumber: autoDraw = True
132.7096 	EXP 	Cross: autoDraw = False
132.7096 	EXP 	ItemNumber: autoDraw = False
132.7096 	EXP 	Cross: autoDraw = False
132.7096 	EXP 	ItemNumber: autoDraw = False
132.7096 	EXP 	MSTQuestion: autoDraw = True
133.0996 	EXP 	New trial (rep=0, index=25): OrderedDict([('SoundFile', 'Bird_F.wav'), ('Correct', 2), ('Correct2', 2), ('Type', 'SIMILAR'), ('Trial', 'B')])
133.1069 	DATA 	Keypress: 3
133.1134 	EXP 	MSTQuestion: autoDraw = False
133.1134 	EXP 	no_3: autoDraw = True
134.6398 	EXP 	no_3: autoDraw = False
134.6398 	EXP 	ItemNumber: text = '26/128'
134.6398 	EXP 	Cross: autoDraw = True
134.6398 	EXP 	ItemNumber: autoDraw = True
136.5099 	EXP 	Cross: autoDraw = False
136.5099 	EXP 	ItemNumber: autoDraw = False
136.5099 	EXP 	Cross: autoDraw = False
136.5099 	EXP 	ItemNumber: autoDraw = False
136.5099 	EXP 	MSTQuestion: autoDraw = True
137.2997 	EXP 	New trial (rep=0, index=26): OrderedDict([('SoundFile', 'Dog_E.wav'), ('Correct', 2), ('Correct2', 3), ('Type', 'NEW'), ('Trial', 'B')])
137.3050 	DATA 	Keypress: 2
137.3094 	EXP 	MSTQuestion: autoDraw = False
137.3094 	EXP 	no_3: autoDraw = True
138.8254 	EXP 	no_3: autoDraw = False
138.8254 	EXP 	no_3: autoDraw = False
138.8254 	EXP 	ItemNumber: text = '27/128'
138.8254 	EXP 	Cross: autoDraw = True
138.8254 	EXP 	ItemNumber: autoDraw = True
140.5765 	EXP 	Cross: autoDraw = False
140.5765 	EXP 	ItemNumber: autoDraw = False
140.5765 	EXP 	Cross: autoDraw = False
140.5765 	EXP 	ItemNumber: autoDraw = False
140.5765 	EXP 	MSTQuestion: autoDraw = True
144.0171 	EXP 	New trial (rep=0, index=27): OrderedDict([('SoundFile', 'Test/Foils/Bowlingpins.wav'), ('Correct', 1), ('Correct2', 1), ('Type', 'OLD'), ('Trial', 'B')])
144.0298 	EXP 	MSTQuestion: autoDraw = False
144.0298 	EXP 	no_3: autoDraw = True
144.0345 	DATA 	Keypress: 3
145.5497 	EXP 	no_3: autoDraw = False
145.5497 	EXP 	ItemNumber: text = '28/128'
145.5497 	EXP 	Cross: autoDraw = True
145.5497 	EXP 	ItemNumber: autoDraw = True
147.7765 	EXP 	Cross: autoDraw = False
147.7765 	EXP 	ItemNumber: autoDraw = False
147.7765 	EXP 	Cross: autoDraw = False
147.7765 	EXP 	ItemNumber: autoDraw = False
147.7765 	EXP 	MSTQuestion: autoDraw = True
148.5667 	EXP 	New trial (rep=0, index=28): OrderedDict([('SoundFile', 'Initial/NoRepeat/Fireworks.wav'), ('Correct', 2), ('Correct2', 3), ('Type', 'NEW'), ('Trial', 'B')])
148.5750 	DATA 	Keypress: 3
148.5797 	EXP 	MSTQuestion: autoDraw = False
148.5797 	EXP 	no_3: autoDraw = True
150.1136 	EXP 	no_3: autoDraw = False
150.1136 	EXP 	ItemNumber: text = '29/128'
150.1136 	EXP 	Cross: autoDraw = True
150.1136 	EXP 	ItemNumber: autoDraw = True
152.3262 	EXP 	Cross: autoDraw = False
152.3262 	EXP 	ItemNumber: autoDraw = False
152.3262 	EXP 	Cross: autoDraw = False
152.3262 	EXP 	ItemNumber: autoDraw = False
152.3262 	EXP 	MSTQuestion: autoDraw = True
153.2665 	EXP 	New trial (rep=0, index=29): OrderedDict([('SoundFile', 'Initial/NoRepeat/Cow.wav'), ('Correct', 1), ('Correct2', 1), ('Type', 'OLD'), ('Trial', 'B')])
153.2792 	EXP 	MSTQuestion: autoDraw = False
153.2792 	EXP 	no_3: autoDraw = True
153.2838 	DATA 	Keypress: 3
154.7982 	EXP 	no_3: autoDraw = False
154.7982 	EXP 	ItemNumber: text = '30/128'
154.7982 	EXP 	Cross: autoDraw = True
154.7982 	EXP 	ItemNumber: autoDraw = True
156.6412 	EXP 	Cross: autoDraw = False
156.6412 	EXP 	ItemNumber: autoDraw = False
156.6412 	EXP 	Cross: autoDraw = False
156.6412 	EXP 	ItemNumber: autoDraw = False
156.6412 	EXP 	MSTQuestion: autoDraw = True
157.0831 	EXP 	New trial (rep=0, index=30): OrderedDict([('SoundFile', 'Snore_D.wav'), ('Correct', 2), ('Correct2', 3), ('Type', 'NEW'), ('Trial', 'B')])
157.0948 	EXP 	MSTQuestion: autoDraw = False
157.0948 	EXP 	no_3: autoDraw = True
157.1014 	DATA 	Keypress: 3
158.6269 	EXP 	no_3: autoDraw = False
158.6269 	EXP 	ItemNumber: text = '31/128'
158.6269 	EXP 	Cross: autoDraw = True
158.6269 	EXP 	ItemNumber: autoDraw = True
160.8420 	EXP 	Cross: autoDraw = False
160.8420 	EXP 	ItemNumber: autoDraw = False
160.8420 	EXP 	Cross: autoDraw = False
160.8420 	EXP 	ItemNumber: autoDraw = False
160.8420 	EXP 	MSTQuestion: autoDraw = True
161.3359 	DATA 	Keypress: 3
161.9673 	EXP 	New trial (rep=0, index=31): OrderedDict([('SoundFile', 'Faucet_C.wav'), ('Correct', 2), ('Correct2', 2), ('Type', 'SIMILAR'), ('Trial', 'B')])
161.9895 	EXP 	MSTQuestion: autoDraw = False
161.9895 	EXP 	no_3: autoDraw = True
161.9933 	DATA 	Keypress: 3
163.5142 	EXP 	no_3: autoDraw = False
163.5142 	EXP 	ItemNumber: text = '32/128'
163.5142 	EXP 	Cross: autoDraw = True
163.5142 	EXP 	ItemNumber: autoDraw = True
165.7428 	EXP 	Cross: autoDraw = False
165.7428 	EXP 	ItemNumber: autoDraw = False
165.7428 	EXP 	Cross: autoDraw = False
165.7428 	EXP 	ItemNumber: autoDraw = False
165.7428 	EXP 	MSTQuestion: autoDraw = True
166.1178 	EXP 	New trial (rep=0, index=32): OrderedDict([('SoundFile', 'Chime_A.wav'), ('Correct', 2), ('Correct2', 2), ('Type', 'SIMILAR'), ('Trial', 'B')])
166.1240 	DATA 	Keypress: 2
166.1292 	EXP 	MSTQuestion: autoDraw = False
166.1292 	EXP 	no_3: autoDraw = True
167.6663 	EXP 	no_3: autoDraw = False
167.6663 	EXP 	ItemNumber: text = '33/128'
167.6663 	EXP 	Cross: autoDraw = True
167.6663 	EXP 	ItemNumber: autoDraw = True
169.8928 	EXP 	Cross: autoDraw = False
169.8928 	EXP 	ItemNumber: autoDraw = False
169.8928 	EXP 	Cross: autoDraw = False
169.8928 	EXP 	ItemNumber: autoDraw = False
169.8928 	EXP 	MSTQuestion: autoDraw = True
170.1995 	EXP 	New trial (rep=0, index=33): OrderedDict([('SoundFile', 'Cough_H.wav'), ('Correct', 2), ('Correct2', 2), ('Type', 'SIMILAR'), ('Trial', 'B')])
170.2096 	DATA 	Keypress: 3
170.2142 	EXP 	MSTQuestion: autoDraw = False
170.2142 	EXP 	no_3: autoDraw = True
171.7301 	EXP 	no_3: autoDraw = False
171.7301 	EXP 	ItemNumber: text = '34/128'
171.7301 	EXP 	Cross: autoDraw = True
171.7301 	EXP 	ItemNumber: autoDraw = True
173.1427 	EXP 	Cross: autoDraw = False
173.1427 	EXP 	ItemNumber: autoDraw = False
173.1427 	EXP 	Cross: autoDraw = False
173.1427 	EXP 	ItemNumber: autoDraw = False
173.1427 	EXP 	MSTQuestion: autoDraw = True
173.6165 	EXP 	New trial (rep=0, index=34): OrderedDict([('SoundFile', 'Test/Foils/Heartbeat.wav'), ('Correct', 2), ('Correct2', 3), ('Type', 'NEW'), ('Trial', 'B')])
173.6228 	DATA 	Keypress: 3
173.6277 	EXP 	MSTQuestion: autoDraw = False
173.6277 	EXP 	no_3: autoDraw = True
175.1629 	EXP 	no_3: autoDraw = False
175.1629 	EXP 	ItemNumber: text = '35/128'
175.1629 	EXP 	Cross: autoDraw = True
175.1629 	EXP 	ItemNumber: autoDraw = True
177.3760 	EXP 	Cross: autoDraw = False
177.3760 	EXP 	ItemNumber: autoDraw = False
177.3760 	EXP 	Cross: autoDraw = False
177.3760 	EXP 	ItemNumber: autoDraw = False
177.3760 	EXP 	MSTQuestion: autoDraw = True
177.7665 	EXP 	New trial (rep=0, index=35): OrderedDict([('SoundFile', 'Laugh_F.wav'), ('Correct', 2), ('Correct2', 2), ('Type', 'SIMILAR'), ('Trial', 'B')])
177.7750 	DATA 	Keypress: 3
177.7797 	EXP 	MSTQuestion: autoDraw = False
177.7797 	EXP 	no_3: autoDraw = True
179.3134 	EXP 	no_3: autoDraw = False
179.3134 	EXP 	ItemNumber: text = '36/128'
179.3134 	EXP 	Cross: autoDraw = True
179.3134 	EXP 	ItemNumber: autoDraw = True
181.5260 	EXP 	Cross: autoDraw = False
181.5260 	EXP 	ItemNumber: autoDraw = False
181.5260 	EXP 	Cross: autoDraw = False
181.5260 	EXP 	ItemNumber: autoDraw = False
181.5260 	EXP 	MSTQuestion: autoDraw = True
181.8829 	EXP 	New trial (rep=0, index=36): OrderedDict([('SoundFile', 'Initial/Repeat/Cello.wav'), ('Correct', 2), ('Correct2', 3), ('Type', 'NEW'), ('Trial', 'B')])
181.8916 	EXP 	MSTQuestion: autoDraw = False
181.8916 	EXP 	no_3: autoDraw = True
181.8985 	DATA 	Keypress: 2
183.4137 	EXP 	no_3: autoDraw = False
183.4137 	EXP 	no_3: autoDraw = False
183.4137 	EXP 	ItemNumber: text = '37/128'
183.4137 	EXP 	Cross: autoDraw = True
183.4137 	EXP 	ItemNumber: autoDraw = True
185.6259 	EXP 	Cross: autoDraw = False
185.6259 	EXP 	ItemNumber: autoDraw = False
185.6259 	EXP 	Cross: autoDraw = False
185.6259 	EXP 	ItemNumber: autoDraw = False
185.6259 	EXP 	MSTQuestion: autoDraw = True
186.1166 	EXP 	New trial (rep=0, index=37): OrderedDict([('SoundFile', 'Piano_D.wav'), ('Correct', 1), ('Correct2', 1), ('Type', 'OLD'), ('Trial', 'B')])
186.1262 	EXP 	MSTQuestion: autoDraw = False
186.1262 	EXP 	no_3: autoDraw = True
186.1309 	DATA 	Keypress: 3
187.6486 	EXP 	no_3: autoDraw = False
187.6486 	EXP 	ItemNumber: text = '38/128'
187.6486 	EXP 	Cross: autoDraw = True
187.6486 	EXP 	ItemNumber: autoDraw = True
189.8759 	EXP 	Cross: autoDraw = False
189.8759 	EXP 	ItemNumber: autoDraw = False
189.8759 	EXP 	Cross: autoDraw = False
189.8759 	EXP 	ItemNumber: autoDraw = False
189.8759 	EXP 	MSTQuestion: autoDraw = True
190.6830 	EXP 	New trial (rep=0, index=38): OrderedDict([('SoundFile', 'Clap_B.wav'), ('Correct', 2), ('Correct2', 3), ('Type', 'NEW'), ('Trial', 'B')])
190.6943 	EXP 	MSTQuestion: autoDraw = False
190.6943 	EXP 	no_3: autoDraw = True
190.6986 	DATA 	Keypress: 3
192.2278 	EXP 	no_3: autoDraw = False
192.2278 	EXP 	ItemNumber: text = '39/128'
192.2278 	EXP 	Cross: autoDraw = True
192.2278 	EXP 	ItemNumber: autoDraw = True
194.4424 	EXP 	Cross: autoDraw = False
194.4424 	EXP 	ItemNumber: autoDraw = False
194.4424 	EXP 	Cross: autoDraw = False
194.4424 	EXP 	ItemNumber: autoDraw = False
194.4424 	EXP 	MSTQuestion: autoDraw = True
194.8661 	EXP 	New trial (rep=0, index=39): OrderedDict([('SoundFile', 'Initial/Repeat/Bagpipe.wav'), ('Correct', 2), ('Correct2', 3), ('Type', 'NEW'), ('Trial', 'B')])
194.8740 	DATA 	Keypress: 3
194.8788 	EXP 	MSTQuestion: autoDraw = False
194.8788 	EXP 	no_3: autoDraw = True
196.4130 	EXP 	no_3: autoDraw = False
196.4130 	EXP 	ItemNumber: text = '40/128'
196.4130 	EXP 	Cross: autoDraw = True
196.4130 	EXP 	ItemNumber: autoDraw = True
198.6257 	EXP 	Cross: autoDraw = False
198.6257 	EXP 	ItemNumber: autoDraw = False
198.6257 	EXP 	Cross: autoDraw = False
198.6257 	EXP 	ItemNumber: autoDraw = False
198.6257 	EXP 	MSTQuestion: autoDraw = True
199.2500 	EXP 	New trial (rep=0, index=40): OrderedDict([('SoundFile', 'Growl_G.wav'), ('Correct', 2), ('Correct2', 3), ('Type', 'NEW'), ('Trial', 'B')])
199.2601 	EXP 	MSTQuestion: autoDraw = False
199.2601 	EXP 	no_3: autoDraw = True
199.2649 	DATA 	Keypress: 3
200.7914 	EXP 	no_3: autoDraw = False
200.7914 	EXP 	ItemNumber: text = '41/128'
200.7914 	EXP 	Cross: autoDraw = True
200.7914 	EXP 	ItemNumber: autoDraw = True
203.0093 	EXP 	Cross: autoDraw = False
203.0093 	EXP 	ItemNumber: autoDraw = False
203.0093 	EXP 	Cross: autoDraw = False
203.0093 	EXP 	ItemNumber: autoDraw = False
203.0093 	EXP 	MSTQuestion: autoDraw = True
203.3671 	EXP 	New trial (rep=0, index=41): OrderedDict([('SoundFile', 'Initial/Repeat/Airplane_B.wav'), ('Correct', 2), ('Correct2', 3), ('Type', 'NEW'), ('Trial', 'B')])
203.3762 	EXP 	MSTQuestion: autoDraw = False
203.3762 	EXP 	no_3: autoDraw = True
203.3823 	DATA 	Keypress: 3
204.9110 	EXP 	no_3: autoDraw = False
204.9110 	EXP 	ItemNumber: text = '42/128'
204.9110 	EXP 	Cross: autoDraw = True
204.9110 	EXP 	ItemNumber: autoDraw = True
207.1258 	EXP 	Cross: autoDraw = False
207.1258 	EXP 	ItemNumber: autoDraw = False
207.1258 	EXP 	Cross: autoDraw = False
207.1258 	EXP 	ItemNumber: autoDraw = False
207.1258 	EXP 	MSTQuestion: autoDraw = True
207.3828 	EXP 	New trial (rep=0, index=42): OrderedDict([('SoundFile', 'Initial/NoRepeat/Toilet_B.wav'), ('Correct', 1), ('Correct2', 1), ('Type', 'OLD'), ('Trial', 'B')])
207.3877 	DATA 	Keypress: 3
207.3922 	EXP 	MSTQuestion: autoDraw = False
207.3922 	EXP 	no_3: autoDraw = True
208.9056 	EXP 	no_3: autoDraw = False
208.9056 	EXP 	no_3: autoDraw = False
208.9056 	EXP 	ItemNumber: text = '43/128'
208.9056 	EXP 	Cross: autoDraw = True
208.9056 	EXP 	ItemNumber: autoDraw = True
211.1258 	EXP 	Cross: autoDraw = False
211.1258 	EXP 	ItemNumber: autoDraw = False
211.1258 	EXP 	Cross: autoDraw = False
211.1258 	EXP 	ItemNumber: autoDraw = False
211.1258 	EXP 	MSTQuestion: autoDraw = True
211.4995 	EXP 	New trial (rep=0, index=43): OrderedDict([('SoundFile', 'Initial/NoRepeat/Hammer_A.wav'), ('Correct', 2), ('Correct2', 3), ('Type', 'NEW'), ('Trial', 'B')])
211.5103 	EXP 	MSTQuestion: autoDraw = False
211.5103 	EXP 	no_3: autoDraw = True
211.5153 	DATA 	Keypress: 1
213.0437 	EXP 	no_3: autoDraw = False
213.0437 	EXP 	ItemNumber: text = '44/128'
213.0437 	EXP 	Cross: autoDraw = True
213.0437 	EXP 	ItemNumber: autoDraw = True
215.2628 	EXP 	Cross: autoDraw = False
215.2628 	EXP 	ItemNumber: autoDraw = False
215.2628 	EXP 	Cross: autoDraw = False
215.2628 	EXP 	ItemNumber: autoDraw = False
215.2628 	EXP 	MSTQuestion: autoDraw = True
216.8006 	EXP 	New trial (rep=0, index=44): OrderedDict([('SoundFile', 'Goat_D.wav'), ('Correct', 2), ('Correct2', 3), ('Type', 'NEW'), ('Trial', 'B')])
216.8061 	DATA 	Keypress: 3
216.8162 	EXP 	MSTQuestion: autoDraw = False
216.8162 	EXP 	no_3: autoDraw = True
218.3474 	EXP 	no_3: autoDraw = False
218.3474 	EXP 	ItemNumber: text = '45/128'
218.3474 	EXP 	Cross: autoDraw = True
218.3474 	EXP 	ItemNumber: autoDraw = True
220.0753 	EXP 	Cross: autoDraw = False
220.0753 	EXP 	ItemNumber: autoDraw = False
220.0753 	EXP 	Cross: autoDraw = False
220.0753 	EXP 	ItemNumber: autoDraw = False
220.0753 	EXP 	MSTQuestion: autoDraw = True
222.1968 	EXP 	New trial (rep=0, index=45): OrderedDict([('SoundFile', 'Coin_D.wav'), ('Correct', 2), ('Correct2', 3), ('Type', 'NEW'), ('Trial', 'B')])
222.2087 	EXP 	MSTQuestion: autoDraw = False
222.2087 	EXP 	no_3: autoDraw = True
222.2115 	DATA 	Keypress: 3
223.7310 	EXP 	no_3: autoDraw = False
223.7310 	EXP 	no_3: autoDraw = False
223.7310 	EXP 	ItemNumber: text = '46/128'
223.7310 	EXP 	Cross: autoDraw = True
223.7310 	EXP 	ItemNumber: autoDraw = True
225.6964 	DATA 	Keypress: 3
225.9087 	EXP 	Cross: autoDraw = False
225.9087 	EXP 	ItemNumber: autoDraw = False
225.9087 	EXP 	Cross: autoDraw = False
225.9087 	EXP 	ItemNumber: autoDraw = False
225.9087 	EXP 	MSTQuestion: autoDraw = True
226.2663 	EXP 	New trial (rep=0, index=46): OrderedDict([('SoundFile', 'Initial/NoRepeat/Fireworks.wav'), ('Correct', 1), ('Correct2', 1), ('Type', 'OLD'), ('Trial', 'B')])
226.2794 	EXP 	MSTQuestion: autoDraw = False
226.2794 	EXP 	no_3: autoDraw = True
226.2844 	DATA 	Keypress: 3
227.7984 	EXP 	no_3: autoDraw = False
227.7984 	EXP 	ItemNumber: text = '47/128'
227.7984 	EXP 	Cross: autoDraw = True
227.7984 	EXP 	ItemNumber: autoDraw = True
230.0254 	EXP 	Cross: autoDraw = False
230.0254 	EXP 	ItemNumber: autoDraw = False
230.0254 	EXP 	Cross: autoDraw = False
230.0254 	EXP 	ItemNumber: autoDraw = False
230.0254 	EXP 	MSTQuestion: autoDraw = True
230.5662 	EXP 	New trial (rep=0, index=47): OrderedDict([('SoundFile', 'Test/Foils/Donkey.wav'), ('Correct', 2), ('Correct2', 3), ('Type', 'NEW'), ('Trial', 'B')])
230.5731 	DATA 	Keypress: 3
230.5788 	EXP 	MSTQuestion: autoDraw = False
230.5788 	EXP 	no_3: autoDraw = True
232.1204 	EXP 	no_3: autoDraw = False
232.1204 	EXP 	ItemNumber: text = '48/128'
232.1204 	EXP 	Cross: autoDraw = True
232.1204 	EXP 	ItemNumber: autoDraw = True
234.3419 	EXP 	Cross: autoDraw = False
234.3419 	EXP 	ItemNumber: autoDraw = False
234.3419 	EXP 	Cross: autoDraw = False
234.3419 	EXP 	ItemNumber: autoDraw = False
234.3419 	EXP 	MSTQuestion: autoDraw = True
234.6991 	EXP 	New trial (rep=0, index=48): OrderedDict([('SoundFile', 'Initial/Repeat/Howl.wav'), ('Correct', 2), ('Correct2', 3), ('Type', 'NEW'), ('Trial', 'B')])
234.7087 	EXP 	MSTQuestion: autoDraw = False
234.7087 	EXP 	no_3: autoDraw = True
234.7135 	DATA 	Keypress: 3
236.2228 	EXP 	no_3: autoDraw = False
236.2228 	EXP 	no_3: autoDraw = False
236.2228 	EXP 	ItemNumber: text = '49/128'
236.2228 	EXP 	Cross: autoDraw = True
236.2228 	EXP 	ItemNumber: autoDraw = True
238.4418 	EXP 	Cross: autoDraw = False
238.4418 	EXP 	ItemNumber: autoDraw = False
238.4418 	EXP 	Cross: autoDraw = False
238.4418 	EXP 	ItemNumber: autoDraw = False
238.4418 	EXP 	MSTQuestion: autoDraw = True
238.9657 	EXP 	New trial (rep=0, index=49): OrderedDict([('SoundFile', 'Initial/NoRepeat/Thunder_A.wav'), ('Correct', 1), ('Correct2', 1), ('Type', 'OLD'), ('Trial', 'B')])
238.9702 	DATA 	Keypress: 3
238.9746 	EXP 	MSTQuestion: autoDraw = False
238.9746 	EXP 	no_3: autoDraw = True
240.4821 	EXP 	no_3: autoDraw = False
240.4821 	EXP 	no_3: autoDraw = False
240.4821 	EXP 	ItemNumber: text = '50/128'
240.4821 	EXP 	Cross: autoDraw = True
240.4821 	EXP 	ItemNumber: autoDraw = True
242.7088 	EXP 	Cross: autoDraw = False
242.7088 	EXP 	ItemNumber: autoDraw = False
242.7088 	EXP 	Cross: autoDraw = False
242.7088 	EXP 	ItemNumber: autoDraw = False
242.7088 	EXP 	MSTQuestion: autoDraw = True
243.0321 	EXP 	New trial (rep=0, index=50): OrderedDict([('SoundFile', 'Whistle_C.wav'), ('Correct', 2), ('Correct2', 2), ('Type', 'SIMILAR'), ('Trial', 'B')])
243.0408 	DATA 	Keypress: 3
243.0453 	EXP 	MSTQuestion: autoDraw = False
243.0453 	EXP 	no_3: autoDraw = True
244.5751 	EXP 	no_3: autoDraw = False
244.5751 	EXP 	ItemNumber: text = '51/128'
244.5751 	EXP 	Cross: autoDraw = True
244.5751 	EXP 	ItemNumber: autoDraw = True
246.3754 	EXP 	Cross: autoDraw = False
246.3754 	EXP 	ItemNumber: autoDraw = False
246.3754 	EXP 	Cross: autoDraw = False
246.3754 	EXP 	ItemNumber: autoDraw = False
246.3754 	EXP 	MSTQuestion: autoDraw = True
246.9321 	EXP 	New trial (rep=0, index=51): OrderedDict([('SoundFile', 'Initial/NoRepeat/Helicopter_A.wav'), ('Correct', 2), ('Correct2', 3), ('Type', 'NEW'), ('Trial', 'B')])
246.9412 	EXP 	MSTQuestion: autoDraw = False
246.9412 	EXP 	no_3: autoDraw = True
246.9475 	DATA 	Keypress: 2
248.4643 	EXP 	no_3: autoDraw = False
248.4643 	EXP 	no_3: autoDraw = False
248.4643 	EXP 	ItemNumber: text = '52/128'
248.4643 	EXP 	Cross: autoDraw = True
248.4643 	EXP 	ItemNumber: autoDraw = True
250.6917 	EXP 	Cross: autoDraw = False
250.6917 	EXP 	ItemNumber: autoDraw = False
250.6917 	EXP 	Cross: autoDraw = False
250.6917 	EXP 	ItemNumber: autoDraw = False
250.6917 	EXP 	MSTQuestion: autoDraw = True
251.1657 	EXP 	New trial (rep=0, index=52): OrderedDict([('SoundFile', 'Dog_H.wav'), ('Correct', 2), ('Correct2', 2), ('Type', 'SIMILAR'), ('Trial', 'B')])
251.1756 	EXP 	MSTQuestion: autoDraw = False
251.1756 	EXP 	no_3: autoDraw = True
251.1809 	DATA 	Keypress: 3
252.7127 	EXP 	no_3: autoDraw = False
252.7127 	EXP 	ItemNumber: text = '53/128'
252.7127 	EXP 	Cross: autoDraw = True
252.7127 	EXP 	ItemNumber: autoDraw = True
254.9251 	EXP 	Cross: autoDraw = False
254.9251 	EXP 	ItemNumber: autoDraw = False
254.9251 	EXP 	Cross: autoDraw = False
254.9251 	EXP 	ItemNumber: autoDraw = False
254.9251 	EXP 	MSTQuestion: autoDraw = True
255.4321 	EXP 	New trial (rep=0, index=53): OrderedDict([('SoundFile', 'Test/Foils/Horse.wav'), ('Correct', 2), ('Correct2', 3), ('Type', 'NEW'), ('Trial', 'B')])
255.4413 	EXP 	MSTQuestion: autoDraw = False
255.4413 	EXP 	no_3: autoDraw = True
255.4461 	DATA 	Keypress: 3
256.9666 	EXP 	no_3: autoDraw = False
256.9666 	EXP 	no_3: autoDraw = False
256.9666 	EXP 	ItemNumber: text = '54/128'
256.9666 	EXP 	Cross: autoDraw = True
256.9666 	EXP 	ItemNumber: autoDraw = True
259.1586 	EXP 	Cross: autoDraw = False
259.1586 	EXP 	ItemNumber: autoDraw = False
259.1586 	EXP 	Cross: autoDraw = False
259.1586 	EXP 	ItemNumber: autoDraw = False
259.1586 	EXP 	MSTQuestion: autoDraw = True
259.3995 	EXP 	New trial (rep=0, index=54): OrderedDict([('SoundFile', 'Chomp_F.wav'), ('Correct', 2), ('Correct2', 3), ('Type', 'NEW'), ('Trial', 'B')])
259.4092 	EXP 	MSTQuestion: autoDraw = False
259.4092 	EXP 	no_3: autoDraw = True
259.4167 	DATA 	Keypress: 3
260.9450 	EXP 	no_3: autoDraw = False
260.9450 	EXP 	ItemNumber: text = '55/128'
260.9450 	EXP 	Cross: autoDraw = True
260.9450 	EXP 	ItemNumber: autoDraw = True
263.1583 	EXP 	Cross: autoDraw = False
263.1583 	EXP 	ItemNumber: autoDraw = False
263.1583 	EXP 	Cross: autoDraw = False
263.1583 	EXP 	ItemNumber: autoDraw = False
263.1583 	EXP 	MSTQuestion: autoDraw = True
263.5329 	EXP 	New trial (rep=0, index=55): OrderedDict([('SoundFile', 'Test/Foils/Heartbeat.wav'), ('Correct', 1), ('Correct2', 1), ('Type', 'OLD'), ('Trial', 'B')])
263.5443 	EXP 	MSTQuestion: autoDraw = False
263.5443 	EXP 	no_3: autoDraw = True
263.5487 	DATA 	Keypress: 3
265.0652 	EXP 	no_3: autoDraw = False
265.0652 	EXP 	ItemNumber: text = '56/128'
265.0652 	EXP 	Cross: autoDraw = True
265.0652 	EXP 	ItemNumber: autoDraw = True
267.2917 	EXP 	Cross: autoDraw = False
267.2917 	EXP 	ItemNumber: autoDraw = False
267.2917 	EXP 	Cross: autoDraw = False
267.2917 	EXP 	ItemNumber: autoDraw = False
267.2917 	EXP 	MSTQuestion: autoDraw = True
267.6823 	EXP 	New trial (rep=0, index=56): OrderedDict([('SoundFile', 'Clap_C.wav'), ('Correct', 2), ('Correct2', 2), ('Type', 'SIMILAR'), ('Trial', 'B')])
267.6913 	EXP 	MSTQuestion: autoDraw = False
267.6913 	EXP 	no_3: autoDraw = True
267.6957 	DATA 	Keypress: 3
269.2078 	EXP 	no_3: autoDraw = False
269.2078 	EXP 	no_3: autoDraw = False
269.2078 	EXP 	ItemNumber: text = '57/128'
269.2078 	EXP 	Cross: autoDraw = True
269.2078 	EXP 	ItemNumber: autoDraw = True
271.4251 	EXP 	Cross: autoDraw = False
271.4251 	EXP 	ItemNumber: autoDraw = False
271.4251 	EXP 	Cross: autoDraw = False
271.4251 	EXP 	ItemNumber: autoDraw = False
271.4251 	EXP 	MSTQuestion: autoDraw = True
271.9988 	EXP 	New trial (rep=0, index=57): OrderedDict([('SoundFile', 'Crow_B.wav'), ('Correct', 2), ('Correct2', 3), ('Type', 'NEW'), ('Trial', 'B')])
272.0074 	EXP 	MSTQuestion: autoDraw = False
272.0074 	EXP 	no_3: autoDraw = True
272.0118 	DATA 	Keypress: 3
273.5297 	EXP 	no_3: autoDraw = False
273.5297 	EXP 	no_3: autoDraw = False
273.5297 	EXP 	ItemNumber: text = '58/128'
273.5297 	EXP 	Cross: autoDraw = True
273.5297 	EXP 	ItemNumber: autoDraw = True
275.6084 	EXP 	Cross: autoDraw = False
275.6084 	EXP 	ItemNumber: autoDraw = False
275.6084 	EXP 	Cross: autoDraw = False
275.6084 	EXP 	ItemNumber: autoDraw = False
275.6084 	EXP 	MSTQuestion: autoDraw = True
275.9823 	EXP 	New trial (rep=0, index=58): OrderedDict([('SoundFile', 'Growl_H.wav'), ('Correct', 2), ('Correct2', 2), ('Type', 'SIMILAR'), ('Trial', 'B')])
275.9918 	EXP 	MSTQuestion: autoDraw = False
275.9918 	EXP 	no_3: autoDraw = True
275.9968 	DATA 	Keypress: 3
277.5379 	EXP 	no_3: autoDraw = False
277.5379 	EXP 	ItemNumber: text = '59/128'
277.5379 	EXP 	Cross: autoDraw = True
277.5379 	EXP 	ItemNumber: autoDraw = True
279.7568 	EXP 	Cross: autoDraw = False
279.7568 	EXP 	ItemNumber: autoDraw = False
279.7568 	EXP 	Cross: autoDraw = False
279.7568 	EXP 	ItemNumber: autoDraw = False
279.7568 	EXP 	MSTQuestion: autoDraw = True
280.2483 	EXP 	New trial (rep=0, index=59): OrderedDict([('SoundFile', 'Initial/Repeat/Printer.wav'), ('Correct', 2), ('Correct2', 3), ('Type', 'NEW'), ('Trial', 'B')])
280.2538 	DATA 	Keypress: 2
280.2575 	EXP 	MSTQuestion: autoDraw = False
280.2575 	EXP 	no_3: autoDraw = True
281.7889 	EXP 	no_3: autoDraw = False
281.7889 	EXP 	no_3: autoDraw = False
281.7889 	EXP 	ItemNumber: text = '60/128'
281.7889 	EXP 	Cross: autoDraw = True
281.7889 	EXP 	ItemNumber: autoDraw = True
284.0084 	EXP 	Cross: autoDraw = False
284.0084 	EXP 	ItemNumber: autoDraw = False
284.0084 	EXP 	Cross: autoDraw = False
284.0084 	EXP 	ItemNumber: autoDraw = False
284.0084 	EXP 	MSTQuestion: autoDraw = True
284.4322 	EXP 	New trial (rep=0, index=60): OrderedDict([('SoundFile', 'Initial/Repeat/Cello.wav'), ('Correct', 1), ('Correct2', 1), ('Type', 'OLD'), ('Trial', 'B')])
284.4375 	DATA 	Keypress: 3
284.4422 	EXP 	MSTQuestion: autoDraw = False
284.4422 	EXP 	no_3: autoDraw = True
285.9653 	EXP 	no_3: autoDraw = False
285.9653 	EXP 	ItemNumber: text = '61/128'
285.9653 	EXP 	Cross: autoDraw = True
285.9653 	EXP 	ItemNumber: autoDraw = True
288.1917 	EXP 	Cross: autoDraw = False
288.1917 	EXP 	ItemNumber: autoDraw = False
288.1917 	EXP 	Cross: autoDraw = False
288.1917 	EXP 	ItemNumber: autoDraw = False
288.1917 	EXP 	MSTQuestion: autoDraw = True
288.5995 	EXP 	New trial (rep=0, index=61): OrderedDict([('SoundFile', 'Snore_E.wav'), ('Correct', 2), ('Correct2', 2), ('Type', 'SIMILAR'), ('Trial', 'B')])
288.6066 	DATA 	Keypress: 3
288.6145 	EXP 	MSTQuestion: autoDraw = False
288.6145 	EXP 	no_3: autoDraw = True
290.1430 	EXP 	no_3: autoDraw = False
290.1430 	EXP 	ItemNumber: text = '62/128'
290.1430 	EXP 	Cross: autoDraw = True
290.1430 	EXP 	ItemNumber: autoDraw = True
292.3582 	EXP 	Cross: autoDraw = False
292.3582 	EXP 	ItemNumber: autoDraw = False
292.3582 	EXP 	Cross: autoDraw = False
292.3582 	EXP 	ItemNumber: autoDraw = False
292.3582 	EXP 	MSTQuestion: autoDraw = True
292.8644 	DATA 	Keypress: 3
293.5489 	EXP 	New trial (rep=0, index=62): OrderedDict([('SoundFile', 'CarStart_F.wav'), ('Correct', 2), ('Correct2', 3), ('Type', 'NEW'), ('Trial', 'B')])
293.5604 	EXP 	MSTQuestion: autoDraw = False
293.5604 	EXP 	no_3: autoDraw = True
293.5652 	DATA 	Keypress: 3
295.0919 	EXP 	no_3: autoDraw = False
295.0919 	EXP 	ItemNumber: text = '63/128'
295.0919 	EXP 	Cross: autoDraw = True
295.0919 	EXP 	ItemNumber: autoDraw = True
297.3084 	EXP 	Cross: autoDraw = False
297.3084 	EXP 	ItemNumber: autoDraw = False
297.3084 	EXP 	Cross: autoDraw = False
297.3084 	EXP 	ItemNumber: autoDraw = False
297.3084 	EXP 	MSTQuestion: autoDraw = True
297.5987 	EXP 	New trial (rep=0, index=63): OrderedDict([('SoundFile', 'Goat_E.wav'), ('Correct', 2), ('Correct2', 2), ('Type', 'SIMILAR'), ('Trial', 'B')])
297.6082 	EXP 	MSTQuestion: autoDraw = False
297.6082 	EXP 	no_3: autoDraw = True
297.6128 	DATA 	Keypress: 3
299.1390 	EXP 	no_3: autoDraw = False
299.1390 	EXP 	ItemNumber: text = '64/128'
299.1390 	EXP 	Cross: autoDraw = True
299.1390 	EXP 	ItemNumber: autoDraw = True
300.8413 	EXP 	Cross: autoDraw = False
300.8413 	EXP 	ItemNumber: autoDraw = False
300.8413 	EXP 	Cross: autoDraw = False
300.8413 	EXP 	ItemNumber: autoDraw = False
300.8413 	EXP 	MSTQuestion: autoDraw = True
301.1984 	EXP 	New trial (rep=0, index=64): OrderedDict([('SoundFile', 'Coin_E.wav'), ('Correct', 2), ('Correct2', 2), ('Type', 'SIMILAR'), ('Trial', 'B')])
301.2080 	EXP 	MSTQuestion: autoDraw = False
301.2080 	EXP 	no_3: autoDraw = True
301.2125 	DATA 	Keypress: 2
302.7442 	EXP 	no_3: autoDraw = False
302.7442 	EXP 	ItemNumber: text = '65/128'
302.7442 	EXP 	Cross: autoDraw = True
302.7442 	EXP 	ItemNumber: autoDraw = True
304.7748 	EXP 	Cross: autoDraw = False
304.7748 	EXP 	ItemNumber: autoDraw = False
304.7748 	EXP 	Cross: autoDraw = False
304.7748 	EXP 	ItemNumber: autoDraw = False
304.7748 	EXP 	MSTQuestion: autoDraw = True
304.9322 	EXP 	New trial (rep=0, index=65): OrderedDict([('SoundFile', 'Initial/Repeat/Howl.wav'), ('Correct', 1), ('Correct2', 1), ('Type', 'OLD'), ('Trial', 'B')])
304.9379 	DATA 	Keypress: 2
304.9425 	EXP 	MSTQuestion: autoDraw = False
304.9425 	EXP 	no_3: autoDraw = True
306.4663 	EXP 	no_3: autoDraw = False
306.4663 	EXP 	ItemNumber: text = '66/128'
306.4663 	EXP 	Cross: autoDraw = True
306.4663 	EXP 	ItemNumber: autoDraw = True
308.6912 	EXP 	Cross: autoDraw = False
308.6912 	EXP 	ItemNumber: autoDraw = False
308.6912 	EXP 	Cross: autoDraw = False
308.6912 	EXP 	ItemNumber: autoDraw = False
308.6912 	EXP 	MSTQuestion: autoDraw = True
309.1840 	EXP 	New trial (rep=0, index=66): OrderedDict([('SoundFile', 'Initial/Repeat/Airplane_B.wav'), ('Correct', 1), ('Correct2', 1), ('Type', 'OLD'), ('Trial', 'B')])
309.1944 	EXP 	MSTQuestion: autoDraw = False
309.1944 	EXP 	no_3: autoDraw = True
309.1999 	DATA 	Keypress: 3
310.7178 	EXP 	no_3: autoDraw = False
310.7178 	EXP 	ItemNumber: text = '67/128'
310.7178 	EXP 	Cross: autoDraw = True
310.7178 	EXP 	ItemNumber: autoDraw = True
312.9411 	EXP 	Cross: autoDraw = False
312.9411 	EXP 	ItemNumber: autoDraw = False
312.9411 	EXP 	Cross: autoDraw = False
312.9411 	EXP 	ItemNumber: autoDraw = False
312.9411 	EXP 	MSTQuestion: autoDraw = True
313.2815 	EXP 	New trial (rep=0, index=67): OrderedDict([('SoundFile', 'Initial/NoRepeat/Mosquito_B.wav'), ('Correct', 1), ('Correct2', 1), ('Type', 'OLD'), ('Trial', 'B')])
313.2914 	EXP 	MSTQuestion: autoDraw = False
313.2914 	EXP 	no_3: autoDraw = True
313.2955 	DATA 	Keypress: 3
314.8157 	EXP 	no_3: autoDraw = False
314.8157 	EXP 	no_3: autoDraw = False
314.8157 	EXP 	ItemNumber: text = '68/128'
314.8157 	EXP 	Cross: autoDraw = True
314.8157 	EXP 	ItemNumber: autoDraw = True
316.9577 	EXP 	Cross: autoDraw = False
316.9577 	EXP 	ItemNumber: autoDraw = False
316.9577 	EXP 	Cross: autoDraw = False
316.9577 	EXP 	ItemNumber: autoDraw = False
316.9577 	EXP 	MSTQuestion: autoDraw = True
317.3492 	EXP 	New trial (rep=0, index=68): OrderedDict([('SoundFile', 'Initial/NoRepeat/Droplet_B.wav'), ('Correct', 2), ('Correct2', 3), ('Type', 'NEW'), ('Trial', 'B')])
317.3594 	EXP 	MSTQuestion: autoDraw = False
317.3594 	EXP 	no_3: autoDraw = True
317.3656 	DATA 	Keypress: 3
318.8977 	EXP 	no_3: autoDraw = False
318.8977 	EXP 	ItemNumber: text = '69/128'
318.8977 	EXP 	Cross: autoDraw = True
318.8977 	EXP 	ItemNumber: autoDraw = True
321.0579 	EXP 	Cross: autoDraw = False
321.0579 	EXP 	ItemNumber: autoDraw = False
321.0579 	EXP 	Cross: autoDraw = False
321.0579 	EXP 	ItemNumber: autoDraw = False
321.0579 	EXP 	MSTQuestion: autoDraw = True
321.0846 	EXP 	New trial (rep=0, index=69): OrderedDict([('SoundFile', 'Test/Foils/Donkey.wav'), ('Correct', 1), ('Correct2', 1), ('Type', 'OLD'), ('Trial', 'B')])
321.0899 	DATA 	Keypress: 3
321.0944 	EXP 	MSTQuestion: autoDraw = False
321.0944 	EXP 	no_3: autoDraw = True
322.6157 	EXP 	no_3: autoDraw = False
322.6157 	EXP 	ItemNumber: text = '70/128'
322.6157 	EXP 	Cross: autoDraw = True
322.6157 	EXP 	ItemNumber: autoDraw = True
324.8410 	EXP 	Cross: autoDraw = False
324.8410 	EXP 	ItemNumber: autoDraw = False
324.8410 	EXP 	Cross: autoDraw = False
324.8410 	EXP 	ItemNumber: autoDraw = False
324.8410 	EXP 	MSTQuestion: autoDraw = True
325.6983 	EXP 	New trial (rep=0, index=70): OrderedDict([('SoundFile', 'Test/Lures/Guitar_B.wav'), ('Correct', 2), ('Correct2', 3), ('Type', 'NEW'), ('Trial', 'B')])
325.7087 	EXP 	MSTQuestion: autoDraw = False
325.7087 	EXP 	no_3: autoDraw = True
325.7135 	DATA 	Keypress: 1
327.2229 	EXP 	no_3: autoDraw = False
327.2229 	EXP 	ItemNumber: text = '71/128'
327.2229 	EXP 	Cross: autoDraw = True
327.2229 	EXP 	ItemNumber: autoDraw = True
329.4410 	EXP 	Cross: autoDraw = False
329.4410 	EXP 	ItemNumber: autoDraw = False
329.4410 	EXP 	Cross: autoDraw = False
329.4410 	EXP 	ItemNumber: autoDraw = False
329.4410 	EXP 	MSTQuestion: autoDraw = True
329.7487 	EXP 	New trial (rep=0, index=71): OrderedDict([('SoundFile', 'Initial/Repeat/Bagpipe.wav'), ('Correct', 1), ('Correct2', 1), ('Type', 'OLD'), ('Trial', 'B')])
329.7580 	EXP 	MSTQuestion: autoDraw = False
329.7580 	EXP 	no_3: autoDraw = True
329.7628 	DATA 	Keypress: 3
331.2822 	EXP 	no_3: autoDraw = False
331.2822 	EXP 	ItemNumber: text = '72/128'
331.2822 	EXP 	Cross: autoDraw = True
331.2822 	EXP 	ItemNumber: autoDraw = True
333.5074 	EXP 	Cross: autoDraw = False
333.5074 	EXP 	ItemNumber: autoDraw = False
333.5074 	EXP 	Cross: autoDraw = False
333.5074 	EXP 	ItemNumber: autoDraw = False
333.5074 	EXP 	MSTQuestion: autoDraw = True
334.2973 	EXP 	New trial (rep=0, index=72): OrderedDict([('SoundFile', 'Initial/NoRepeat/Hammer_A.wav'), ('Correct', 2), ('Correct2', 3), ('Type', 'NEW'), ('Trial', 'B')])
334.3081 	EXP 	MSTQuestion: autoDraw = False
334.3081 	EXP 	no_3: autoDraw = True
334.3116 	DATA 	Keypress: 1
335.8320 	EXP 	no_3: autoDraw = False
335.8320 	EXP 	ItemNumber: text = '73/128'
335.8320 	EXP 	Cross: autoDraw = True
335.8320 	EXP 	ItemNumber: autoDraw = True
338.0576 	EXP 	Cross: autoDraw = False
338.0576 	EXP 	ItemNumber: autoDraw = False
338.0576 	EXP 	Cross: autoDraw = False
338.0576 	EXP 	ItemNumber: autoDraw = False
338.0576 	EXP 	MSTQuestion: autoDraw = True
338.2152 	EXP 	New trial (rep=0, index=73): OrderedDict([('SoundFile', 'Initial/NoRepeat/Helicopter_A.wav'), ('Correct', 1), ('Correct2', 1), ('Type', 'OLD'), ('Trial', 'B')])
338.2200 	DATA 	Keypress: 3
338.2246 	EXP 	MSTQuestion: autoDraw = False
338.2246 	EXP 	no_3: autoDraw = True
339.7335 	EXP 	no_3: autoDraw = False
339.7335 	EXP 	no_3: autoDraw = False
339.7335 	EXP 	ItemNumber: text = '74/128'
339.7335 	EXP 	Cross: autoDraw = True
339.7335 	EXP 	ItemNumber: autoDraw = True
341.9575 	EXP 	Cross: autoDraw = False
341.9575 	EXP 	ItemNumber: autoDraw = False
341.9575 	EXP 	Cross: autoDraw = False
341.9575 	EXP 	ItemNumber: autoDraw = False
341.9575 	EXP 	MSTQuestion: autoDraw = True
342.2812 	EXP 	New trial (rep=0, index=74): OrderedDict([('SoundFile', 'Test/Foils/Camera.wav'), ('Correct', 2), ('Correct2', 3), ('Type', 'NEW'), ('Trial', 'B')])
342.2947 	EXP 	MSTQuestion: autoDraw = False
342.2947 	EXP 	no_3: autoDraw = True
342.2998 	DATA 	Keypress: 1
343.8179 	EXP 	no_3: autoDraw = False
343.8179 	EXP 	ItemNumber: text = '75/128'
343.8179 	EXP 	Cross: autoDraw = True
343.8179 	EXP 	ItemNumber: autoDraw = True
344.7908 	EXP 	Cross: autoDraw = False
344.7908 	EXP 	ItemNumber: autoDraw = False
344.7908 	EXP 	Cross: autoDraw = False
344.7908 	EXP 	ItemNumber: autoDraw = False
344.7908 	EXP 	MSTQuestion: autoDraw = True
345.1820 	EXP 	New trial (rep=0, index=75): OrderedDict([('SoundFile', 'Test/Foils/Steam.wav'), ('Correct', 2), ('Correct2', 3), ('Type', 'NEW'), ('Trial', 'B')])
345.1896 	DATA 	Keypress: 3
345.1944 	EXP 	MSTQuestion: autoDraw = False
345.1944 	EXP 	no_3: autoDraw = True
346.7259 	EXP 	no_3: autoDraw = False
346.7259 	EXP 	ItemNumber: text = '76/128'
346.7259 	EXP 	Cross: autoDraw = True
346.7259 	EXP 	ItemNumber: autoDraw = True
348.9407 	EXP 	Cross: autoDraw = False
348.9407 	EXP 	ItemNumber: autoDraw = False
348.9407 	EXP 	Cross: autoDraw = False
348.9407 	EXP 	ItemNumber: autoDraw = False
348.9407 	EXP 	MSTQuestion: autoDraw = True
349.1656 	EXP 	New trial (rep=0, index=76): OrderedDict([('SoundFile', 'Test/Foils/Horse.wav'), ('Correct', 1), ('Correct2', 1), ('Type', 'OLD'), ('Trial', 'B')])
349.1752 	EXP 	MSTQuestion: autoDraw = False
349.1752 	EXP 	no_3: autoDraw = True
349.1804 	DATA 	Keypress: 3
350.6893 	EXP 	no_3: autoDraw = False
350.6893 	EXP 	ItemNumber: text = '77/128'
350.6893 	EXP 	Cross: autoDraw = True
350.6893 	EXP 	ItemNumber: autoDraw = True
352.8451 	DATA 	Keypress: 1
352.8907 	EXP 	Cross: autoDraw = False
352.8907 	EXP 	ItemNumber: autoDraw = False
352.8907 	EXP 	Cross: autoDraw = False
352.8907 	EXP 	ItemNumber: autoDraw = False
352.8907 	EXP 	MSTQuestion: autoDraw = True
353.3640 	EXP 	New trial (rep=0, index=77): OrderedDict([('SoundFile', 'Elephant_C.wav'), ('Correct', 2), ('Correct2', 3), ('Type', 'NEW'), ('Trial', 'B')])
353.3737 	EXP 	MSTQuestion: autoDraw = False
353.3737 	EXP 	no_3: autoDraw = True
353.3814 	DATA 	Keypress: 1
354.8886 	EXP 	no_3: autoDraw = False
354.8886 	EXP 	no_3: autoDraw = False
354.8886 	EXP 	ItemNumber: text = '78/128'
354.8886 	EXP 	Cross: autoDraw = True
354.8886 	EXP 	ItemNumber: autoDraw = True
357.1073 	EXP 	Cross: autoDraw = False
357.1073 	EXP 	ItemNumber: autoDraw = False
357.1073 	EXP 	Cross: autoDraw = False
357.1073 	EXP 	ItemNumber: autoDraw = False
357.1073 	EXP 	MSTQuestion: autoDraw = True
357.5479 	EXP 	New trial (rep=0, index=78): OrderedDict([('SoundFile', 'Initial/Repeat/Printer.wav'), ('Correct', 1), ('Correct2', 1), ('Type', 'OLD'), ('Trial', 'B')])
357.5571 	EXP 	MSTQuestion: autoDraw = False
357.5571 	EXP 	no_3: autoDraw = True
357.5616 	DATA 	Keypress: 3
359.0662 	EXP 	no_3: autoDraw = False
359.0662 	EXP 	no_3: autoDraw = False
359.0662 	EXP 	ItemNumber: text = '79/128'
359.0662 	EXP 	Cross: autoDraw = True
359.0662 	EXP 	ItemNumber: autoDraw = True
361.2906 	EXP 	Cross: autoDraw = False
361.2906 	EXP 	ItemNumber: autoDraw = False
361.2906 	EXP 	Cross: autoDraw = False
361.2906 	EXP 	ItemNumber: autoDraw = False
361.2906 	EXP 	MSTQuestion: autoDraw = True
361.8639 	EXP 	New trial (rep=0, index=79): OrderedDict([('SoundFile', 'Crow_A.wav'), ('Correct', 2), ('Correct2', 2), ('Type', 'SIMILAR'), ('Trial', 'B')])
361.8708 	DATA 	Keypress: 3
361.8753 	EXP 	MSTQuestion: autoDraw = False
361.8753 	EXP 	no_3: autoDraw = True
363.4038 	EXP 	no_3: autoDraw = False
363.4038 	EXP 	ItemNumber: text = '80/128'
363.4038 	EXP 	Cross: autoDraw = True
363.4038 	EXP 	ItemNumber: autoDraw = True
365.2408 	EXP 	Cross: autoDraw = False
365.2408 	EXP 	ItemNumber: autoDraw = False
365.2408 	EXP 	Cross: autoDraw = False
365.2408 	EXP 	ItemNumber: autoDraw = False
365.2408 	EXP 	MSTQuestion: autoDraw = True
366.2146 	EXP 	New trial (rep=0, index=80): OrderedDict([('SoundFile', 'Initial/Doubled/Bubbles_A.wav'), ('Correct', 2), ('Correct2', 3), ('Type', 'NEW'), ('Trial', 'B')])
366.2197 	DATA 	Keypress: 3
366.2243 	EXP 	MSTQuestion: autoDraw = False
366.2243 	EXP 	no_3: autoDraw = True
367.7588 	EXP 	no_3: autoDraw = False
367.7588 	EXP 	ItemNumber: text = '81/128'
367.7588 	EXP 	Cross: autoDraw = True
367.7588 	EXP 	ItemNumber: autoDraw = True
369.9740 	EXP 	Cross: autoDraw = False
369.9740 	EXP 	ItemNumber: autoDraw = False
369.9740 	EXP 	Cross: autoDraw = False
369.9740 	EXP 	ItemNumber: autoDraw = False
369.9740 	EXP 	MSTQuestion: autoDraw = True
370.5309 	EXP 	New trial (rep=0, index=81): OrderedDict([('SoundFile', 'Chomp_E.wav'), ('Correct', 2), ('Correct2', 2), ('Type', 'SIMILAR'), ('Trial', 'B')])
370.5413 	EXP 	MSTQuestion: autoDraw = False
370.5413 	EXP 	no_3: autoDraw = True
370.5459 	DATA 	Keypress: 3
372.0987 	EXP 	no_3: autoDraw = False
372.0987 	EXP 	ItemNumber: text = '82/128'
372.0987 	EXP 	Cross: autoDraw = True
372.0987 	EXP 	ItemNumber: autoDraw = True
374.3073 	EXP 	Cross: autoDraw = False
374.3073 	EXP 	ItemNumber: autoDraw = False
374.3073 	EXP 	Cross: autoDraw = False
374.3073 	EXP 	ItemNumber: autoDraw = False
374.3073 	EXP 	MSTQuestion: autoDraw = True
374.8310 	EXP 	New trial (rep=0, index=82): OrderedDict([('SoundFile', 'Test/Foils/Airhorn.wav'), ('Correct', 2), ('Correct2', 3), ('Type', 'NEW'), ('Trial', 'B')])
374.8379 	DATA 	Keypress: 2
374.8425 	EXP 	MSTQuestion: autoDraw = False
374.8425 	EXP 	no_3: autoDraw = True
376.3737 	EXP 	no_3: autoDraw = False
376.3737 	EXP 	ItemNumber: text = '83/128'
376.3737 	EXP 	Cross: autoDraw = True
376.3737 	EXP 	ItemNumber: autoDraw = True
378.5905 	EXP 	Cross: autoDraw = False
378.5905 	EXP 	ItemNumber: autoDraw = False
378.5905 	EXP 	Cross: autoDraw = False
378.5905 	EXP 	ItemNumber: autoDraw = False
378.5905 	EXP 	MSTQuestion: autoDraw = True
379.3976 	EXP 	New trial (rep=0, index=83): OrderedDict([('SoundFile', 'Initial/Doubled/Writing_A.wav'), ('Correct', 2), ('Correct2', 3), ('Type', 'NEW'), ('Trial', 'B')])
379.4041 	DATA 	Keypress: 3
379.4086 	EXP 	MSTQuestion: autoDraw = False
379.4086 	EXP 	no_3: autoDraw = True
380.9455 	EXP 	no_3: autoDraw = False
380.9455 	EXP 	ItemNumber: text = '84/128'
380.9455 	EXP 	Cross: autoDraw = True
380.9455 	EXP 	ItemNumber: autoDraw = True
383.1737 	EXP 	Cross: autoDraw = False
383.1737 	EXP 	ItemNumber: autoDraw = False
383.1737 	EXP 	Cross: autoDraw = False
383.1737 	EXP 	ItemNumber: autoDraw = False
383.1737 	EXP 	MSTQuestion: autoDraw = True
383.4310 	EXP 	New trial (rep=0, index=84): OrderedDict([('SoundFile', 'Initial/Doubled/Cuckoo_A.wav'), ('Correct', 2), ('Correct2', 3), ('Type', 'NEW'), ('Trial', 'B')])
383.4397 	EXP 	MSTQuestion: autoDraw = False
383.4397 	EXP 	no_3: autoDraw = True
383.4469 	DATA 	Keypress: 3
384.9619 	EXP 	no_3: autoDraw = False
384.9619 	EXP 	no_3: autoDraw = False
384.9619 	EXP 	ItemNumber: text = '85/128'
384.9619 	EXP 	Cross: autoDraw = True
384.9619 	EXP 	ItemNumber: autoDraw = True
387.1904 	EXP 	Cross: autoDraw = False
387.1904 	EXP 	ItemNumber: autoDraw = False
387.1904 	EXP 	Cross: autoDraw = False
387.1904 	EXP 	ItemNumber: autoDraw = False
387.1904 	EXP 	MSTQuestion: autoDraw = True
387.6143 	EXP 	New trial (rep=0, index=85): OrderedDict([('SoundFile', 'Initial/Repeat/IceDrop.wav'), ('Correct', 2), ('Correct2', 3), ('Type', 'NEW'), ('Trial', 'B')])
387.6218 	DATA 	Keypress: 1
387.6271 	EXP 	MSTQuestion: autoDraw = False
387.6271 	EXP 	no_3: autoDraw = True
389.1659 	EXP 	no_3: autoDraw = False
389.1659 	EXP 	ItemNumber: text = '86/128'
389.1659 	EXP 	Cross: autoDraw = True
389.1659 	EXP 	ItemNumber: autoDraw = True
391.3903 	EXP 	Cross: autoDraw = False
391.3903 	EXP 	ItemNumber: autoDraw = False
391.3903 	EXP 	Cross: autoDraw = False
391.3903 	EXP 	ItemNumber: autoDraw = False
391.3903 	EXP 	MSTQuestion: autoDraw = True
391.9650 	EXP 	New trial (rep=0, index=86): OrderedDict([('SoundFile', 'CarStart_E.wav'), ('Correct', 2), ('Correct2', 2), ('Type', 'SIMILAR'), ('Trial', 'B')])
391.9711 	DATA 	Keypress: 3
391.9759 	EXP 	MSTQuestion: autoDraw = False
391.9759 	EXP 	no_3: autoDraw = True
393.5107 	EXP 	no_3: autoDraw = False
393.5107 	EXP 	ItemNumber: text = '87/128'
393.5107 	EXP 	Cross: autoDraw = True
393.5107 	EXP 	ItemNumber: autoDraw = True
395.7236 	EXP 	Cross: autoDraw = False
395.7236 	EXP 	ItemNumber: autoDraw = False
395.7236 	EXP 	Cross: autoDraw = False
395.7236 	EXP 	ItemNumber: autoDraw = False
395.7236 	EXP 	MSTQuestion: autoDraw = True
396.0980 	EXP 	New trial (rep=0, index=87): OrderedDict([('SoundFile', 'Baby_F.wav'), ('Correct', 2), ('Correct2', 3), ('Type', 'NEW'), ('Trial', 'B')])
396.1053 	DATA 	Keypress: 3
396.1108 	EXP 	MSTQuestion: autoDraw = False
396.1108 	EXP 	no_3: autoDraw = True
397.6360 	EXP 	no_3: autoDraw = False
397.6360 	EXP 	ItemNumber: text = '88/128'
397.6360 	EXP 	Cross: autoDraw = True
397.6360 	EXP 	ItemNumber: autoDraw = True
399.8554 	EXP 	Cross: autoDraw = False
399.8554 	EXP 	ItemNumber: autoDraw = False
399.8554 	EXP 	Cross: autoDraw = False
399.8554 	EXP 	ItemNumber: autoDraw = False
399.8554 	EXP 	MSTQuestion: autoDraw = True
400.2626 	EXP 	New trial (rep=0, index=88): OrderedDict([('SoundFile', 'Initial/NoRepeat/Puff_A.wav'), ('Correct', 2), ('Correct2', 3), ('Type', 'NEW'), ('Trial', 'B')])
400.2715 	EXP 	MSTQuestion: autoDraw = False
400.2715 	EXP 	no_3: autoDraw = True
400.2762 	DATA 	Keypress: 3
401.8222 	EXP 	no_3: autoDraw = False
401.8222 	EXP 	no_3: autoDraw = False
401.8222 	EXP 	ItemNumber: text = '89/128'
401.8222 	EXP 	Cross: autoDraw = True
401.8222 	EXP 	ItemNumber: autoDraw = True
403.5237 	EXP 	Cross: autoDraw = False
403.5237 	EXP 	ItemNumber: autoDraw = False
403.5237 	EXP 	Cross: autoDraw = False
403.5237 	EXP 	ItemNumber: autoDraw = False
403.5237 	EXP 	MSTQuestion: autoDraw = True
403.7151 	EXP 	New trial (rep=0, index=89): OrderedDict([('SoundFile', 'Initial/NoRepeat/Droplet_B.wav'), ('Correct', 1), ('Correct2', 1), ('Type', 'OLD'), ('Trial', 'B')])
403.7206 	DATA 	Keypress: 3
403.7251 	EXP 	MSTQuestion: autoDraw = False
403.7251 	EXP 	no_3: autoDraw = True
405.2474 	EXP 	no_3: autoDraw = False
405.2474 	EXP 	ItemNumber: text = '90/128'
405.2474 	EXP 	Cross: autoDraw = True
405.2474 	EXP 	ItemNumber: autoDraw = True
407.4068 	EXP 	Cross: autoDraw = False
407.4068 	EXP 	ItemNumber: autoDraw = False
407.4068 	EXP 	Cross: autoDraw = False
407.4068 	EXP 	ItemNumber: autoDraw = False
407.4068 	EXP 	MSTQuestion: autoDraw = True
408.0642 	EXP 	New trial (rep=0, index=90): OrderedDict([('SoundFile', 'Test/Lures/Guitar_B.wav'), ('Correct', 1), ('Correct2', 1), ('Type', 'OLD'), ('Trial', 'B')])
408.0776 	EXP 	MSTQuestion: autoDraw = False
408.0776 	EXP 	no_3: autoDraw = True
408.0833 	DATA 	Keypress: 1
409.5987 	EXP 	no_3: autoDraw = False
409.5987 	EXP 	ItemNumber: text = '91/128'
409.5987 	EXP 	Cross: autoDraw = True
409.5987 	EXP 	ItemNumber: autoDraw = True
411.8235 	EXP 	Cross: autoDraw = False
411.8235 	EXP 	ItemNumber: autoDraw = False
411.8235 	EXP 	Cross: autoDraw = False
411.8235 	EXP 	ItemNumber: autoDraw = False
411.8235 	EXP 	MSTQuestion: autoDraw = True
412.2307 	EXP 	New trial (rep=0, index=91): OrderedDict([('SoundFile', 'Initial/Repeat/PaperRip.wav'), ('Correct', 2), ('Correct2', 3), ('Type', 'NEW'), ('Trial', 'B')])
412.2395 	EXP 	MSTQuestion: autoDraw = False
412.2395 	EXP 	no_3: autoDraw = True
412.2444 	DATA 	Keypress: 3
413.7559 	EXP 	no_3: autoDraw = False
413.7559 	EXP 	no_3: autoDraw = False
413.7559 	EXP 	ItemNumber: text = '92/128'
413.7559 	EXP 	Cross: autoDraw = True
413.7559 	EXP 	ItemNumber: autoDraw = True
415.3572 	EXP 	Cross: autoDraw = False
415.3572 	EXP 	ItemNumber: autoDraw = False
415.3572 	EXP 	Cross: autoDraw = False
415.3572 	EXP 	ItemNumber: autoDraw = False
415.3572 	EXP 	MSTQuestion: autoDraw = True
415.9636 	EXP 	New trial (rep=0, index=92): OrderedDict([('SoundFile', 'Initial/NoRepeat/Mosquito_B.wav'), ('Correct', 1), ('Correct2', 1), ('Type', 'OLD'), ('Trial', 'B')])
415.9689 	DATA 	Keypress: 3
415.9734 	EXP 	MSTQuestion: autoDraw = False
415.9734 	EXP 	no_3: autoDraw = True
417.4821 	EXP 	no_3: autoDraw = False
417.4821 	EXP 	no_3: autoDraw = False
417.4821 	EXP 	ItemNumber: text = '93/128'
417.4821 	EXP 	Cross: autoDraw = True
417.4821 	EXP 	ItemNumber: autoDraw = True
419.6235 	EXP 	Cross: autoDraw = False
419.6235 	EXP 	ItemNumber: autoDraw = False
419.6235 	EXP 	Cross: autoDraw = False
419.6235 	EXP 	ItemNumber: autoDraw = False
419.6235 	EXP 	MSTQuestion: autoDraw = True
419.9145 	EXP 	New trial (rep=0, index=93): OrderedDict([('SoundFile', 'Initial/Repeat/Trumpet_B.wav'), ('Correct', 2), ('Correct2', 3), ('Type', 'NEW'), ('Trial', 'B')])
419.9238 	EXP 	MSTQuestion: autoDraw = False
419.9238 	EXP 	no_3: autoDraw = True
419.9307 	DATA 	Keypress: 3
421.4563 	EXP 	no_3: autoDraw = False
421.4563 	EXP 	ItemNumber: text = '94/128'
421.4563 	EXP 	Cross: autoDraw = True
421.4563 	EXP 	ItemNumber: autoDraw = True
423.6736 	EXP 	Cross: autoDraw = False
423.6736 	EXP 	ItemNumber: autoDraw = False
423.6736 	EXP 	Cross: autoDraw = False
423.6736 	EXP 	ItemNumber: autoDraw = False
423.6736 	EXP 	MSTQuestion: autoDraw = True
423.9474 	EXP 	New trial (rep=0, index=94): OrderedDict([('SoundFile', 'Test/Foils/Bullfrog.wav'), ('Correct', 2), ('Correct2', 3), ('Type', 'NEW'), ('Trial', 'B')])
423.9582 	EXP 	MSTQuestion: autoDraw = False
423.9582 	EXP 	no_3: autoDraw = True
423.9631 	DATA 	Keypress: 3
425.4944 	EXP 	no_3: autoDraw = False
425.4944 	EXP 	ItemNumber: text = '95/128'
425.4944 	EXP 	Cross: autoDraw = True
425.4944 	EXP 	ItemNumber: autoDraw = True
427.7067 	EXP 	Cross: autoDraw = False
427.7067 	EXP 	ItemNumber: autoDraw = False
427.7067 	EXP 	Cross: autoDraw = False
427.7067 	EXP 	ItemNumber: autoDraw = False
427.7067 	EXP 	MSTQuestion: autoDraw = True
428.4143 	EXP 	New trial (rep=0, index=95): OrderedDict([('SoundFile', 'Elephant_D.wav'), ('Correct', 2), ('Correct2', 2), ('Type', 'SIMILAR'), ('Trial', 'B')])
428.4223 	DATA 	Keypress: 3
428.4276 	EXP 	MSTQuestion: autoDraw = False
428.4276 	EXP 	no_3: autoDraw = True
429.9594 	EXP 	no_3: autoDraw = False
429.9594 	EXP 	ItemNumber: text = '96/128'
429.9594 	EXP 	Cross: autoDraw = True
429.9594 	EXP 	ItemNumber: autoDraw = True
432.1732 	EXP 	Cross: autoDraw = False
432.1732 	EXP 	ItemNumber: autoDraw = False
432.1732 	EXP 	Cross: autoDraw = False
432.1732 	EXP 	ItemNumber: autoDraw = False
432.1732 	EXP 	MSTQuestion: autoDraw = True
432.8469 	EXP 	New trial (rep=0, index=96): OrderedDict([('SoundFile', 'Initial/Repeat/Sneeze_B.wav'), ('Correct', 2), ('Correct2', 3), ('Type', 'NEW'), ('Trial', 'B')])
432.8589 	EXP 	MSTQuestion: autoDraw = False
432.8589 	EXP 	no_3: autoDraw = True
432.8668 	DATA 	Keypress: 2
434.3824 	EXP 	no_3: autoDraw = False
434.3824 	EXP 	ItemNumber: text = '97/128'
434.3824 	EXP 	Cross: autoDraw = True
434.3824 	EXP 	ItemNumber: autoDraw = True
435.6067 	EXP 	Cross: autoDraw = False
435.6067 	EXP 	ItemNumber: autoDraw = False
435.6067 	EXP 	Cross: autoDraw = False
435.6067 	EXP 	ItemNumber: autoDraw = False
435.6067 	EXP 	MSTQuestion: autoDraw = True
435.9970 	EXP 	New trial (rep=0, index=97): OrderedDict([('SoundFile', 'Test/Foils/Camera.wav'), ('Correct', 1), ('Correct2', 1), ('Type', 'OLD'), ('Trial', 'B')])
436.0060 	EXP 	MSTQuestion: autoDraw = False
436.0060 	EXP 	no_3: autoDraw = True
436.0116 	DATA 	Keypress: 3
437.5124 	EXP 	no_3: autoDraw = False
437.5124 	EXP 	no_3: autoDraw = False
437.5124 	EXP 	ItemNumber: text = '98/128'
437.5124 	EXP 	Cross: autoDraw = True
437.5124 	EXP 	ItemNumber: autoDraw = True
438.4731 	EXP 	Cross: autoDraw = False
438.4731 	EXP 	ItemNumber: autoDraw = False
438.4731 	EXP 	Cross: autoDraw = False
438.4731 	EXP 	ItemNumber: autoDraw = False
438.4731 	EXP 	MSTQuestion: autoDraw = True
439.1967 	EXP 	New trial (rep=0, index=98): OrderedDict([('SoundFile', 'Initial/Doubled/Cat_A.wav'), ('Correct', 2), ('Correct2', 3), ('Type', 'NEW'), ('Trial', 'B')])
439.2103 	EXP 	MSTQuestion: autoDraw = False
439.2103 	EXP 	no_3: autoDraw = True
439.2149 	DATA 	Keypress: 1
440.7356 	EXP 	no_3: autoDraw = False
440.7356 	EXP 	ItemNumber: text = '99/128'
440.7356 	EXP 	Cross: autoDraw = True
440.7356 	EXP 	ItemNumber: autoDraw = True
442.1567 	EXP 	Cross: autoDraw = False
442.1567 	EXP 	ItemNumber: autoDraw = False
442.1567 	EXP 	Cross: autoDraw = False
442.1567 	EXP 	ItemNumber: autoDraw = False
442.1567 	EXP 	MSTQuestion: autoDraw = True
442.4641 	EXP 	New trial (rep=0, index=99): OrderedDict([('SoundFile', 'Test/Foils/Steam.wav'), ('Correct', 1), ('Correct2', 1), ('Type', 'OLD'), ('Trial', 'B')])
442.4735 	EXP 	MSTQuestion: autoDraw = False
442.4735 	EXP 	no_3: autoDraw = True
442.4776 	DATA 	Keypress: 3
443.9836 	EXP 	no_3: autoDraw = False
443.9836 	EXP 	no_3: autoDraw = False
443.9836 	EXP 	ItemNumber: text = '100/128'
443.9836 	EXP 	Cross: autoDraw = True
443.9836 	EXP 	ItemNumber: autoDraw = True
446.2064 	EXP 	Cross: autoDraw = False
446.2064 	EXP 	ItemNumber: autoDraw = False
446.2064 	EXP 	Cross: autoDraw = False
446.2064 	EXP 	ItemNumber: autoDraw = False
446.2064 	EXP 	MSTQuestion: autoDraw = True
446.6297 	EXP 	New trial (rep=0, index=100): OrderedDict([('SoundFile', 'Writing_C.wav'), ('Correct', 2), ('Correct2', 2), ('Type', 'SIMILAR'), ('Trial', 'B')])
446.6403 	EXP 	MSTQuestion: autoDraw = False
446.6403 	EXP 	no_3: autoDraw = True
446.6461 	DATA 	Keypress: 3
448.1752 	EXP 	no_3: autoDraw = False
448.1752 	EXP 	ItemNumber: text = '101/128'
448.1752 	EXP 	Cross: autoDraw = True
448.1752 	EXP 	ItemNumber: autoDraw = True
450.3897 	EXP 	Cross: autoDraw = False
450.3897 	EXP 	ItemNumber: autoDraw = False
450.3897 	EXP 	Cross: autoDraw = False
450.3897 	EXP 	ItemNumber: autoDraw = False
450.3897 	EXP 	MSTQuestion: autoDraw = True
450.6977 	EXP 	New trial (rep=0, index=101): OrderedDict([('SoundFile', 'Initial/Repeat/IceDrop.wav'), ('Correct', 1), ('Correct2', 1), ('Type', 'OLD'), ('Trial', 'B')])
450.7070 	EXP 	MSTQuestion: autoDraw = False
450.7070 	EXP 	no_3: autoDraw = True
450.7113 	DATA 	Keypress: 2
452.2307 	EXP 	no_3: autoDraw = False
452.2307 	EXP 	ItemNumber: text = '102/128'
452.2307 	EXP 	Cross: autoDraw = True
452.2307 	EXP 	ItemNumber: autoDraw = True
454.4564 	EXP 	Cross: autoDraw = False
454.4564 	EXP 	ItemNumber: autoDraw = False
454.4564 	EXP 	Cross: autoDraw = False
454.4564 	EXP 	ItemNumber: autoDraw = False
454.4564 	EXP 	MSTQuestion: autoDraw = True
455.0469 	EXP 	New trial (rep=0, index=102): OrderedDict([('SoundFile', 'Test/Foils/Slurp.wav'), ('Correct', 2), ('Correct2', 3), ('Type', 'NEW'), ('Trial', 'B')])
455.0566 	EXP 	MSTQuestion: autoDraw = False
455.0566 	EXP 	no_3: autoDraw = True
455.0614 	DATA 	Keypress: 3
456.6146 	EXP 	no_3: autoDraw = False
456.6146 	EXP 	ItemNumber: text = '103/128'
456.6146 	EXP 	Cross: autoDraw = True
456.6146 	EXP 	ItemNumber: autoDraw = True
458.8396 	EXP 	Cross: autoDraw = False
458.8396 	EXP 	ItemNumber: autoDraw = False
458.8396 	EXP 	Cross: autoDraw = False
458.8396 	EXP 	ItemNumber: autoDraw = False
458.8396 	EXP 	MSTQuestion: autoDraw = True
459.4133 	EXP 	New trial (rep=0, index=103): OrderedDict([('SoundFile', 'Baby_E.wav'), ('Correct', 2), ('Correct2', 2), ('Type', 'SIMILAR'), ('Trial', 'B')])
459.4229 	EXP 	MSTQuestion: autoDraw = False
459.4229 	EXP 	no_3: autoDraw = True
459.4293 	DATA 	Keypress: 3
460.9433 	EXP 	no_3: autoDraw = False
460.9433 	EXP 	no_3: autoDraw = False
460.9433 	EXP 	ItemNumber: text = '104/128'
460.9433 	EXP 	Cross: autoDraw = True
460.9433 	EXP 	ItemNumber: autoDraw = True
463.1563 	EXP 	Cross: autoDraw = False
463.1563 	EXP 	ItemNumber: autoDraw = False
463.1563 	EXP 	Cross: autoDraw = False
463.1563 	EXP 	ItemNumber: autoDraw = False
463.1563 	EXP 	MSTQuestion: autoDraw = True
463.4299 	EXP 	New trial (rep=0, index=104): OrderedDict([('SoundFile', 'Test/Foils/DialTone.wav'), ('Correct', 2), ('Correct2', 3), ('Type', 'NEW'), ('Trial', 'B')])
463.4356 	DATA 	Keypress: 3
463.4404 	EXP 	MSTQuestion: autoDraw = False
463.4404 	EXP 	no_3: autoDraw = True
464.9786 	EXP 	no_3: autoDraw = False
464.9786 	EXP 	ItemNumber: text = '105/128'
464.9786 	EXP 	Cross: autoDraw = True
464.9786 	EXP 	ItemNumber: autoDraw = True
467.2010 	DATA 	Keypress: 3
467.2081 	EXP 	Cross: autoDraw = False
467.2081 	EXP 	ItemNumber: autoDraw = False
467.2081 	EXP 	Cross: autoDraw = False
467.2081 	EXP 	ItemNumber: autoDraw = False
467.2081 	EXP 	MSTQuestion: autoDraw = True
467.5969 	EXP 	New trial (rep=0, index=105): OrderedDict([('SoundFile', 'Initial/NoRepeat/Puff_A.wav'), ('Correct', 1), ('Correct2', 1), ('Type', 'OLD'), ('Trial', 'B')])
467.6044 	DATA 	Keypress: 3
467.6089 	EXP 	MSTQuestion: autoDraw = False
467.6089 	EXP 	no_3: autoDraw = True
469.1280 	EXP 	no_3: autoDraw = False
469.1280 	EXP 	ItemNumber: text = '106/128'
469.1280 	EXP 	Cross: autoDraw = True
469.1280 	EXP 	ItemNumber: autoDraw = True
470.8225 	EXP 	Cross: autoDraw = False
470.8225 	EXP 	ItemNumber: autoDraw = False
470.8225 	EXP 	Cross: autoDraw = False
470.8225 	EXP 	ItemNumber: autoDraw = False
470.8225 	EXP 	MSTQuestion: autoDraw = True
470.8442 	DATA 	Keypress: 3
471.2966 	EXP 	New trial (rep=0, index=106): OrderedDict([('SoundFile', 'Initial/Repeat/Buzz.wav'), ('Correct', 2), ('Correct2', 3), ('Type', 'NEW'), ('Trial', 'B')])
471.3077 	EXP 	MSTQuestion: autoDraw = False
471.3077 	EXP 	no_3: autoDraw = True
471.3119 	DATA 	Keypress: 3
472.8358 	EXP 	no_3: autoDraw = False
472.8358 	EXP 	ItemNumber: text = '107/128'
472.8358 	EXP 	Cross: autoDraw = True
472.8358 	EXP 	ItemNumber: autoDraw = True
475.0561 	EXP 	Cross: autoDraw = False
475.0561 	EXP 	ItemNumber: autoDraw = False
475.0561 	EXP 	Cross: autoDraw = False
475.0561 	EXP 	ItemNumber: autoDraw = False
475.0561 	EXP 	MSTQuestion: autoDraw = True
476.4802 	EXP 	New trial (rep=0, index=107): OrderedDict([('SoundFile', 'Test/Foils/Airhorn.wav'), ('Correct', 1), ('Correct2', 1), ('Type', 'OLD'), ('Trial', 'B')])
476.4901 	EXP 	MSTQuestion: autoDraw = False
476.4901 	EXP 	no_3: autoDraw = True
476.4943 	DATA 	Keypress: 3
478.0140 	EXP 	no_3: autoDraw = False
478.0140 	EXP 	ItemNumber: text = '108/128'
478.0140 	EXP 	Cross: autoDraw = True
478.0140 	EXP 	ItemNumber: autoDraw = True
480.2394 	EXP 	Cross: autoDraw = False
480.2394 	EXP 	ItemNumber: autoDraw = False
480.2394 	EXP 	Cross: autoDraw = False
480.2394 	EXP 	ItemNumber: autoDraw = False
480.2394 	EXP 	MSTQuestion: autoDraw = True
480.7605 	EXP 	New trial (rep=0, index=108): OrderedDict([('SoundFile', 'Initial/NoRepeat/Sleighbells_B.wav'), ('Correct', 2), ('Correct2', 3), ('Type', 'NEW'), ('Trial', 'B')])
480.7718 	EXP 	MSTQuestion: autoDraw = False
480.7718 	EXP 	no_3: autoDraw = True
480.7748 	DATA 	Keypress: 3
482.2946 	EXP 	no_3: autoDraw = False
482.2946 	EXP 	no_3: autoDraw = False
482.2946 	EXP 	ItemNumber: text = '109/128'
482.2946 	EXP 	Cross: autoDraw = True
482.2946 	EXP 	ItemNumber: autoDraw = True
484.5227 	EXP 	Cross: autoDraw = False
484.5227 	EXP 	ItemNumber: autoDraw = False
484.5227 	EXP 	Cross: autoDraw = False
484.5227 	EXP 	ItemNumber: autoDraw = False
484.5227 	EXP 	MSTQuestion: autoDraw = True
485.0477 	EXP 	New trial (rep=0, index=109): OrderedDict([('SoundFile', 'Initial/Doubled/Cuckoo_A.wav'), ('Correct', 1), ('Correct2', 1), ('Type', 'OLD'), ('Trial', 'B')])
485.0580 	EXP 	MSTQuestion: autoDraw = False
485.0580 	EXP 	no_3: autoDraw = True
485.0626 	DATA 	Keypress: 3
486.5820 	EXP 	no_3: autoDraw = False
486.5820 	EXP 	ItemNumber: text = '110/128'
486.5820 	EXP 	Cross: autoDraw = True
486.5820 	EXP 	ItemNumber: autoDraw = True
488.8062 	EXP 	Cross: autoDraw = False
488.8062 	EXP 	ItemNumber: autoDraw = False
488.8062 	EXP 	Cross: autoDraw = False
488.8062 	EXP 	ItemNumber: autoDraw = False
488.8062 	EXP 	MSTQuestion: autoDraw = True
489.7136 	EXP 	New trial (rep=0, index=110): OrderedDict([('SoundFile', 'Test/Foils/Wind_B.wav'), ('Correct', 2), ('Correct2', 3), ('Type', 'NEW'), ('Trial', 'B')])
489.7255 	EXP 	MSTQuestion: autoDraw = False
489.7255 	EXP 	no_3: autoDraw = True
489.7296 	DATA 	Keypress: 3
491.2648 	EXP 	no_3: autoDraw = False
491.2648 	EXP 	ItemNumber: text = '111/128'
491.2648 	EXP 	Cross: autoDraw = True
491.2648 	EXP 	ItemNumber: autoDraw = True
493.4892 	EXP 	Cross: autoDraw = False
493.4892 	EXP 	ItemNumber: autoDraw = False
493.4892 	EXP 	Cross: autoDraw = False
493.4892 	EXP 	ItemNumber: autoDraw = False
493.4892 	EXP 	MSTQuestion: autoDraw = True
493.9628 	EXP 	New trial (rep=0, index=111): OrderedDict([('SoundFile', 'Test/Foils/Typing.wav'), ('Correct', 2), ('Correct2', 3), ('Type', 'NEW'), ('Trial', 'B')])
493.9683 	DATA 	Keypress: 3
493.9731 	EXP 	MSTQuestion: autoDraw = False
493.9731 	EXP 	no_3: autoDraw = True
495.5064 	EXP 	no_3: autoDraw = False
495.5064 	EXP 	ItemNumber: text = '112/128'
495.5064 	EXP 	Cross: autoDraw = True
495.5064 	EXP 	ItemNumber: autoDraw = True
497.7226 	EXP 	Cross: autoDraw = False
497.7226 	EXP 	ItemNumber: autoDraw = False
497.7226 	EXP 	Cross: autoDraw = False
497.7226 	EXP 	ItemNumber: autoDraw = False
497.7226 	EXP 	MSTQuestion: autoDraw = True
498.3467 	EXP 	New trial (rep=0, index=112): OrderedDict([('SoundFile', 'Test/Lures/Bubbles_B.wav'), ('Correct', 2), ('Correct2', 2), ('Type', 'SIMILAR'), ('Trial', 'B')])
498.3579 	EXP 	MSTQuestion: autoDraw = False
498.3579 	EXP 	no_3: autoDraw = True
498.3623 	DATA 	Keypress: 3
499.8822 	EXP 	no_3: autoDraw = False
499.8822 	EXP 	ItemNumber: text = '113/128'
499.8822 	EXP 	Cross: autoDraw = True
499.8822 	EXP 	ItemNumber: autoDraw = True
502.1061 	EXP 	Cross: autoDraw = False
502.1061 	EXP 	ItemNumber: autoDraw = False
502.1061 	EXP 	Cross: autoDraw = False
502.1061 	EXP 	ItemNumber: autoDraw = False
502.1061 	EXP 	MSTQuestion: autoDraw = True
502.6636 	EXP 	New trial (rep=0, index=113): OrderedDict([('SoundFile', 'Duck_A.wav'), ('Correct', 2), ('Correct2', 3), ('Type', 'NEW'), ('Trial', 'B')])
502.6737 	EXP 	MSTQuestion: autoDraw = False
502.6737 	EXP 	no_3: autoDraw = True
502.6803 	DATA 	Keypress: 2
504.2001 	EXP 	no_3: autoDraw = False
504.2001 	EXP 	ItemNumber: text = '114/128'
504.2001 	EXP 	Cross: autoDraw = True
504.2001 	EXP 	ItemNumber: autoDraw = True
506.3059 	EXP 	Cross: autoDraw = False
506.3059 	EXP 	ItemNumber: autoDraw = False
506.3059 	EXP 	Cross: autoDraw = False
506.3059 	EXP 	ItemNumber: autoDraw = False
506.3059 	EXP 	MSTQuestion: autoDraw = True
506.8469 	EXP 	New trial (rep=0, index=114): OrderedDict([('SoundFile', 'Initial/Repeat/Trumpet_B.wav'), ('Correct', 1), ('Correct2', 1), ('Type', 'OLD'), ('Trial', 'B')])
506.8593 	EXP 	MSTQuestion: autoDraw = False
506.8593 	EXP 	no_3: autoDraw = True
506.8656 	DATA 	Keypress: 3
508.3806 	EXP 	no_3: autoDraw = False
508.3806 	EXP 	ItemNumber: text = '115/128'
508.3806 	EXP 	Cross: autoDraw = True
508.3806 	EXP 	ItemNumber: autoDraw = True
510.6061 	EXP 	Cross: autoDraw = False
510.6061 	EXP 	ItemNumber: autoDraw = False
510.6061 	EXP 	Cross: autoDraw = False
510.6061 	EXP 	ItemNumber: autoDraw = False
510.6061 	EXP 	MSTQuestion: autoDraw = True
511.1129 	DATA 	Keypress: 3
511.9301 	EXP 	New trial (rep=0, index=115): OrderedDict([('SoundFile', 'Initial/Repeat/PaperRip.wav'), ('Correct', 1), ('Correct2', 1), ('Type', 'OLD'), ('Trial', 'B')])
511.9396 	EXP 	MSTQuestion: autoDraw = False
511.9396 	EXP 	no_3: autoDraw = True
511.9479 	DATA 	Keypress: 3
513.4632 	EXP 	no_3: autoDraw = False
513.4632 	EXP 	ItemNumber: text = '116/128'
513.4632 	EXP 	Cross: autoDraw = True
513.4632 	EXP 	ItemNumber: autoDraw = True
515.0555 	EXP 	Cross: autoDraw = False
515.0555 	EXP 	ItemNumber: autoDraw = False
515.0555 	EXP 	Cross: autoDraw = False
515.0555 	EXP 	ItemNumber: autoDraw = False
515.0555 	EXP 	MSTQuestion: autoDraw = True
515.7132 	EXP 	New trial (rep=0, index=116): OrderedDict([('SoundFile', 'Initial/Repeat/Sneeze_B.wav'), ('Correct', 1), ('Correct2', 1), ('Type', 'OLD'), ('Trial', 'B')])
515.7189 	DATA 	Keypress: 3
515.7234 	EXP 	MSTQuestion: autoDraw = False
515.7234 	EXP 	no_3: autoDraw = True
517.2451 	EXP 	no_3: autoDraw = False
517.2451 	EXP 	ItemNumber: text = '117/128'
517.2451 	EXP 	Cross: autoDraw = True
517.2451 	EXP 	ItemNumber: autoDraw = True
518.4703 	EXP 	Cross: autoDraw = False
518.4703 	EXP 	ItemNumber: autoDraw = False
518.4703 	EXP 	Cross: autoDraw = False
518.4703 	EXP 	ItemNumber: autoDraw = False
518.4703 	EXP 	MSTQuestion: autoDraw = True
519.3117 	EXP 	New trial (rep=0, index=117): OrderedDict([('SoundFile', 'Pour_E.wav'), ('Correct', 2), ('Correct2', 3), ('Type', 'NEW'), ('Trial', 'B')])
519.3191 	DATA 	Keypress: 3
519.3242 	EXP 	MSTQuestion: autoDraw = False
519.3242 	EXP 	no_3: autoDraw = True
520.8555 	EXP 	no_3: autoDraw = False
520.8555 	EXP 	ItemNumber: text = '118/128'
520.8555 	EXP 	Cross: autoDraw = True
520.8555 	EXP 	ItemNumber: autoDraw = True
523.0715 	EXP 	Cross: autoDraw = False
523.0715 	EXP 	ItemNumber: autoDraw = False
523.0715 	EXP 	Cross: autoDraw = False
523.0715 	EXP 	ItemNumber: autoDraw = False
523.0715 	EXP 	MSTQuestion: autoDraw = True
523.5290 	EXP 	New trial (rep=0, index=118): OrderedDict([('SoundFile', 'Initial/Doubled/Cat_A.wav'), ('Correct', 1), ('Correct2', 1), ('Type', 'OLD'), ('Trial', 'B')])
523.5376 	EXP 	MSTQuestion: autoDraw = False
523.5376 	EXP 	no_3: autoDraw = True
523.5422 	DATA 	Keypress: 3
525.0385 	EXP 	no_3: autoDraw = False
525.0385 	EXP 	no_3: autoDraw = False
525.0385 	EXP 	ItemNumber: text = '119/128'
525.0385 	EXP 	Cross: autoDraw = True
525.0385 	EXP 	ItemNumber: autoDraw = True
526.4554 	EXP 	Cross: autoDraw = False
526.4554 	EXP 	ItemNumber: autoDraw = False
526.4554 	EXP 	Cross: autoDraw = False
526.4554 	EXP 	ItemNumber: autoDraw = False
526.4554 	EXP 	MSTQuestion: autoDraw = True
526.8128 	EXP 	New trial (rep=0, index=119): OrderedDict([('SoundFile', 'Test/Foils/Slurp.wav'), ('Correct', 1), ('Correct2', 1), ('Type', 'OLD'), ('Trial', 'B')])
526.8204 	DATA 	Keypress: 3
526.8252 	EXP 	MSTQuestion: autoDraw = False
526.8252 	EXP 	no_3: autoDraw = True
528.3475 	EXP 	no_3: autoDraw = False
528.3475 	EXP 	ItemNumber: text = '120/128'
528.3475 	EXP 	Cross: autoDraw = True
528.3475 	EXP 	ItemNumber: autoDraw = True
530.5723 	EXP 	Cross: autoDraw = False
530.5723 	EXP 	ItemNumber: autoDraw = False
530.5723 	EXP 	Cross: autoDraw = False
530.5723 	EXP 	ItemNumber: autoDraw = False
530.5723 	EXP 	MSTQuestion: autoDraw = True
530.9109 	EXP 	New trial (rep=0, index=120): OrderedDict([('SoundFile', 'Test/Foils/Bullfrog.wav'), ('Correct', 1), ('Correct2', 1), ('Type', 'OLD'), ('Trial', 'B')])
530.9214 	EXP 	MSTQuestion: autoDraw = False
530.9214 	EXP 	no_3: autoDraw = True
530.9258 	DATA 	Keypress: 3
532.4324 	EXP 	no_3: autoDraw = False
532.4324 	EXP 	no_3: autoDraw = False
532.4324 	EXP 	ItemNumber: text = '121/128'
532.4324 	EXP 	Cross: autoDraw = True
532.4324 	EXP 	ItemNumber: autoDraw = True
534.6554 	EXP 	Cross: autoDraw = False
534.6554 	EXP 	ItemNumber: autoDraw = False
534.6554 	EXP 	Cross: autoDraw = False
534.6554 	EXP 	ItemNumber: autoDraw = False
534.6554 	EXP 	MSTQuestion: autoDraw = True
535.2293 	EXP 	New trial (rep=0, index=121): OrderedDict([('SoundFile', 'Test/Foils/Wind_B.wav'), ('Correct', 1), ('Correct2', 1), ('Type', 'OLD'), ('Trial', 'B')])
535.2387 	EXP 	MSTQuestion: autoDraw = False
535.2387 	EXP 	no_3: autoDraw = True
535.2433 	DATA 	Keypress: 3
536.7480 	EXP 	no_3: autoDraw = False
536.7480 	EXP 	no_3: autoDraw = False
536.7480 	EXP 	ItemNumber: text = '122/128'
536.7480 	EXP 	Cross: autoDraw = True
536.7480 	EXP 	ItemNumber: autoDraw = True
538.9722 	EXP 	Cross: autoDraw = False
538.9722 	EXP 	ItemNumber: autoDraw = False
538.9722 	EXP 	Cross: autoDraw = False
538.9722 	EXP 	ItemNumber: autoDraw = False
538.9722 	EXP 	MSTQuestion: autoDraw = True
539.2129 	EXP 	New trial (rep=0, index=122): OrderedDict([('SoundFile', 'Duck_D.wav'), ('Correct', 2), ('Correct2', 2), ('Type', 'SIMILAR'), ('Trial', 'B')])
539.2196 	DATA 	Keypress: 3
539.2241 	EXP 	MSTQuestion: autoDraw = False
539.2241 	EXP 	no_3: autoDraw = True
540.7591 	EXP 	no_3: autoDraw = False
540.7591 	EXP 	ItemNumber: text = '123/128'
540.7591 	EXP 	Cross: autoDraw = True
540.7591 	EXP 	ItemNumber: autoDraw = True
542.9719 	EXP 	Cross: autoDraw = False
542.9719 	EXP 	ItemNumber: autoDraw = False
542.9719 	EXP 	Cross: autoDraw = False
542.9719 	EXP 	ItemNumber: autoDraw = False
542.9719 	EXP 	MSTQuestion: autoDraw = True
543.6629 	EXP 	New trial (rep=0, index=123): OrderedDict([('SoundFile', 'Test/Foils/DialTone.wav'), ('Correct', 1), ('Correct2', 1), ('Type', 'OLD'), ('Trial', 'B')])
543.6701 	DATA 	Keypress: 3
543.6749 	EXP 	MSTQuestion: autoDraw = False
543.6749 	EXP 	no_3: autoDraw = True
545.1987 	EXP 	no_3: autoDraw = False
545.1987 	EXP 	ItemNumber: text = '124/128'
545.1987 	EXP 	Cross: autoDraw = True
545.1987 	EXP 	ItemNumber: autoDraw = True
547.3272 	DATA 	Keypress: 3
547.4221 	EXP 	Cross: autoDraw = False
547.4221 	EXP 	ItemNumber: autoDraw = False
547.4221 	EXP 	Cross: autoDraw = False
547.4221 	EXP 	ItemNumber: autoDraw = False
547.4221 	EXP 	MSTQuestion: autoDraw = True
548.0455 	EXP 	New trial (rep=0, index=124): OrderedDict([('SoundFile', 'Initial/Repeat/Buzz.wav'), ('Correct', 1), ('Correct2', 1), ('Type', 'OLD'), ('Trial', 'B')])
548.0516 	DATA 	Keypress: 3
548.0562 	EXP 	MSTQuestion: autoDraw = False
548.0562 	EXP 	no_3: autoDraw = True
549.5803 	EXP 	no_3: autoDraw = False
549.5803 	EXP 	ItemNumber: text = '125/128'
549.5803 	EXP 	Cross: autoDraw = True
549.5803 	EXP 	ItemNumber: autoDraw = True
551.8054 	EXP 	Cross: autoDraw = False
551.8054 	EXP 	ItemNumber: autoDraw = False
551.8054 	EXP 	Cross: autoDraw = False
551.8054 	EXP 	ItemNumber: autoDraw = False
551.8054 	EXP 	MSTQuestion: autoDraw = True
552.1459 	EXP 	New trial (rep=0, index=125): OrderedDict([('SoundFile', 'Pour_C.wav'), ('Correct', 2), ('Correct2', 2), ('Type', 'SIMILAR'), ('Trial', 'B')])
552.1560 	EXP 	MSTQuestion: autoDraw = False
552.1560 	EXP 	no_3: autoDraw = True
552.1628 	DATA 	Keypress: 3
553.6911 	EXP 	no_3: autoDraw = False
553.6911 	EXP 	ItemNumber: text = '126/128'
553.6911 	EXP 	Cross: autoDraw = True
553.6911 	EXP 	ItemNumber: autoDraw = True
555.9055 	EXP 	Cross: autoDraw = False
555.9055 	EXP 	ItemNumber: autoDraw = False
555.9055 	EXP 	Cross: autoDraw = False
555.9055 	EXP 	ItemNumber: autoDraw = False
555.9055 	EXP 	MSTQuestion: autoDraw = True
556.3457 	EXP 	New trial (rep=0, index=126): OrderedDict([('SoundFile', 'Test/Foils/Typing.wav'), ('Correct', 1), ('Correct2', 1), ('Type', 'OLD'), ('Trial', 'B')])
556.3577 	EXP 	MSTQuestion: autoDraw = False
556.3577 	EXP 	no_3: autoDraw = True
556.3622 	DATA 	Keypress: 2
557.8805 	EXP 	no_3: autoDraw = False
557.8805 	EXP 	ItemNumber: text = '127/128'
557.8805 	EXP 	Cross: autoDraw = True
557.8805 	EXP 	ItemNumber: autoDraw = True
560.1055 	EXP 	Cross: autoDraw = False
560.1055 	EXP 	ItemNumber: autoDraw = False
560.1055 	EXP 	Cross: autoDraw = False
560.1055 	EXP 	ItemNumber: autoDraw = False
560.1055 	EXP 	MSTQuestion: autoDraw = True
560.5225 	EXP 	MSTQuestion: autoDraw = False
560.5225 	EXP 	ThankyouMssg: autoDraw = True
560.5225 	EXP 	CompletionCode: autoDraw = True
560.5225 	EXP 	ExitTxt: autoDraw = True
560.5225 	EXP 	CodeTxt: autoDraw = True
560.5367 	DATA 	Keypress: 3
564.8543 	DATA 	Keypress: escape
565.4098 	EXP 	window1: mouseVisible = True
