3.3841 	WARNING 	We strongly recommend you activate the PTB sound engine in PsychoPy prefs as the preferred audio engine. Its timing is vastly superior. Your prefs are currently set to use ['sounddevice', 'PTB', 'pyo', 'pygame'] (in that order).
15.7411 	WARNING 	User requested fullscreen with size [1024  768], but screen is actually [2256, 1504]. Using actual size
18.4660 	EXP 	Created window1 = Window(allowGUI=False, allowStencil=False, args=UNKNOWN, autoLog=True, bitsMode=UNKNOWN, blendMode='avg', bpc=(8, 8, 8), color=array([0., 0., 0.]), colorSpace='rgb', depthBits=8, fullscr=<method-wrapper '__getattribute__' of attributeSetter object at 0x0000020FC1482278>, gamma=None, gammaErrorPolicy='raise', kwargs=UNKNOWN, lms=UNKNOWN, monitor=<psychopy.monitors.calibTools.Monitor object at 0x0000020FC128A978>, multiSample=False, name='window1', numSamples=2, pos=[0.0, 0.0], screen=0, size=array([2256, 1504]), stencilBits=0, stereo=False, units='height', useFBO=True, useRetina=False, viewOri=0.0, viewPos=None, viewScale=None, waitBlanking=True, winType='pyglet')
18.4671 	EXP 	window1: mouseVisible = True
18.4672 	EXP 	window1: recordFrameIntervals = False
18.6222 	EXP 	window1: recordFrameIntervals = True
18.8060 	EXP 	window1: recordFrameIntervals = False
19.4509 	EXP 	Created InstructionTxt = TextStim(__class__=<class 'psychopy.visual.text.TextStim'>, alignHoriz=method-wrapper(...), alignText='center', alignVert=method-wrapper(...), anchorHoriz='center', anchorVert='center', antialias=True, autoLog=True, bold=False, color='white', colorSpace='named', contrast=1.0, depth=0.0, flipHoriz=False, flipVert=False, font='Arial', fontFiles=[], height=0.04, italic=False, languageStyle='LTR', name='InstructionTxt', opacity=1.0, ori=0, pos=array([0., 0.]), rgb=array([255., 255., 255.]), text=str(...), units='height', win=Window(...), wrapWidth=1)
19.4627 	EXP 	Created text = TextStim(__class__=<class 'psychopy.visual.text.TextStim'>, alignHoriz=method-wrapper(...), alignText='center', alignVert=method-wrapper(...), anchorHoriz='center', anchorVert='center', antialias=True, autoLog=True, bold=False, color='white', colorSpace='named', contrast=1.0, depth=0.0, flipHoriz=False, flipVert=False, font='Arial', fontFiles=[], height=0.04, italic=False, languageStyle='LTR', name='text', opacity=1.0, ori=0, pos=array([0., 0.]), rgb=array([255., 255., 255.]), text=str(...), units='height', win=Window(...), wrapWidth=1)
19.7809 	EXP 	Sound Music set volume 0.300
19.7874 	EXP 	Created StartTxt = TextStim(__class__=<class 'psychopy.visual.text.TextStim'>, alignHoriz=method-wrapper(...), alignText='center', alignVert=method-wrapper(...), anchorHoriz='center', anchorVert='center', antialias=True, autoLog=True, bold=False, color='white', colorSpace='named', contrast=1.0, depth=0.0, flipHoriz=False, flipVert=False, font='Arial', fontFiles=[], height=0.04, italic=False, languageStyle='LTR', name='StartTxt', opacity=1.0, ori=0, pos=array([0., 0.]), rgb=array([255., 255., 255.]), text='We will now begin the task', units='height', win=Window(...), wrapWidth=1)
19.7976 	EXP 	Created no3 = TextStim(__class__=<class 'psychopy.visual.text.TextStim'>, alignHoriz=method-wrapper(...), alignText='center', alignVert=method-wrapper(...), anchorHoriz='center', anchorVert='center', antialias=True, autoLog=True, bold=False, color='white', colorSpace='named', contrast=1.0, depth=0.0, flipHoriz=False, flipVert=False, font='Arial', fontFiles=[], height=0.05, italic=False, languageStyle='LTR', name='no3', opacity=1.0, ori=0, pos=array([0., 0.]), rgb=array([255., 255., 255.]), text='3', units='height', win=Window(...), wrapWidth=1)
19.8013 	EXP 	Created no2 = TextStim(__class__=<class 'psychopy.visual.text.TextStim'>, alignHoriz=method-wrapper(...), alignText='center', alignVert=method-wrapper(...), anchorHoriz='center', anchorVert='center', antialias=True, autoLog=True, bold=False, color='white', colorSpace='named', contrast=1.0, depth=0.0, flipHoriz=False, flipVert=False, font='Arial', fontFiles=[], height=0.05, italic=False, languageStyle='LTR', name='no2', opacity=1.0, ori=0, pos=array([0., 0.]), rgb=array([255., 255., 255.]), text='2', units='height', win=Window(...), wrapWidth=1)
19.8053 	EXP 	Created no1 = TextStim(__class__=<class 'psychopy.visual.text.TextStim'>, alignHoriz=method-wrapper(...), alignText='center', alignVert=method-wrapper(...), anchorHoriz='center', anchorVert='center', antialias=True, autoLog=True, bold=False, color='white', colorSpace='named', contrast=1.0, depth=0.0, flipHoriz=False, flipVert=False, font='Arial', fontFiles=[], height=0.05, italic=False, languageStyle='LTR', name='no1', opacity=1.0, ori=0, pos=array([0., 0.]), rgb=array([255., 255., 255.]), text='1', units='height', win=Window(...), wrapWidth=1)
19.8115 	EXP 	Created Question = TextStim(__class__=<class 'psychopy.visual.text.TextStim'>, alignHoriz=method-wrapper(...), alignText='center', alignVert=method-wrapper(...), anchorHoriz='center', anchorVert='center', antialias=True, autoLog=True, bold=False, color='white', colorSpace='named', contrast=1.0, depth=0.0, flipHoriz=False, flipVert=False, font='Arial', fontFiles=[], height=0.04, italic=False, languageStyle='LTR', name='Question', opacity=1.0, ori=0, pos=array([0., 0.]), rgb=array([255., 255., 255.]), text='What is this sound?\n', units='height', win=Window(...), wrapWidth=1)
19.8909 	EXP 	window1: mouseVisible = True
19.9647 	EXP 	Created ClickTheButton = TextStim(__class__=<class 'psychopy.visual.text.TextStim'>, alignHoriz=method-wrapper(...), alignText='center', alignVert=method-wrapper(...), anchorHoriz='center', anchorVert='center', antialias=True, autoLog=True, bold=False, color='white', colorSpace='named', contrast=1.0, depth=-5.0, flipHoriz=False, flipVert=False, font='Arial', fontFiles=[], height=0.025, italic=False, languageStyle='LTR', name='ClickTheButton', opacity=1.0, ori=0, pos=array([ 0.  , -0.03]), rgb=array([255., 255., 255.]), text="Click 'Submit' to begin the next trial.", units='height', win=Window(...), wrapWidth=1)
19.9648 	EXP 	Sound SoundItem set volume 1.000
19.9742 	EXP 	Created ItemNo = TextStim(__class__=<class 'psychopy.visual.text.TextStim'>, alignHoriz=method-wrapper(...), alignText='center', alignVert=method-wrapper(...), anchorHoriz='center', anchorVert='center', antialias=True, autoLog=True, bold=False, color='white', colorSpace='named', contrast=1.0, depth=-7.0, flipHoriz=False, flipVert=False, font='Arial', fontFiles=[], height=0.04, italic=False, languageStyle='LTR', name='ItemNo', opacity=1.0, ori=0, pos=array([0.  , 0.45]), rgb=array([255., 255., 255.]), text='default text', units='height', win=Window(...), wrapWidth=1)
19.9884 	EXP 	Created ThankyouMssg = TextStim(__class__=<class 'psychopy.visual.text.TextStim'>, alignHoriz=method-wrapper(...), alignText='center', alignVert=method-wrapper(...), anchorHoriz='center', anchorVert='center', antialias=True, autoLog=True, bold=False, color='white', colorSpace='named', contrast=1.0, depth=0.0, flipHoriz=False, flipVert=False, font='Arial', fontFiles=[], height=0.04, italic=False, languageStyle='LTR', name='ThankyouMssg', opacity=1.0, ori=0, pos=array([0., 0.]), rgb=array([255., 255., 255.]), text=str(...), units='height', win=Window(...), wrapWidth=1)
20.0217 	EXP 	ResponseBox: autoLog = True
20.0217 	EXP 	Submit: autoLog = True
20.0217 	EXP 	InstructionTxt: autoDraw = True
20.8225 	DATA 	Keypress: space
20.8274 	EXP 	InstructionTxt: autoDraw = False
20.8274 	EXP 	text: autoDraw = True
20.8274 	EXP 	ResponseBox: text = 'default text '
21.6625 	DATA 	Keypress: space
21.6719 	EXP 	ResponseBox: text = 'default text  '
21.6883 	EXP 	text: autoDraw = False
21.6883 	EXP 	StartTxt: autoDraw = True
23.9077 	EXP 	Imported GuessSounds_conditions.xlsx as conditions, 100 conditions, 2 params
23.9143 	EXP 	Created sequence: random, trialTypes=100, nReps=1, seed=None
23.9150 	EXP 	New trial (rep=0, index=0): OrderedDict([('SoundFiles', 'Initial/Doubled/Geese_A.wav'), ('Type', 'Extra')])
23.9232 	EXP 	StartTxt: autoDraw = False
23.9232 	EXP 	StartTxt: autoDraw = False
23.9232 	EXP 	no3: autoDraw = True
24.7049 	EXP 	no3: autoDraw = False
24.7049 	EXP 	no2: autoDraw = True
25.7049 	EXP 	no2: autoDraw = False
25.7049 	EXP 	no1: autoDraw = True
26.7490 	EXP 	no1: autoDraw = False
26.7490 	EXP 	ResponseBox: text = '\n\n'
26.7490 	EXP 	ItemNo: text = '1/60'
26.7490 	EXP 	Question: autoDraw = True
26.7490 	EXP 	ResponseBox: autoDraw = True
26.7490 	EXP 	Submit: autoDraw = True
26.7490 	EXP 	ClickTheButton: autoDraw = True
26.7490 	EXP 	ItemNo: autoDraw = True
29.2754 	DATA 	Mouse: Left button down, pos=(145,862)
29.2822 	EXP 	New trial (rep=0, index=1): OrderedDict([('SoundFiles', 'Initial/Doubled/Chicken_A.wav'), ('Type', 'Doubled')])
29.2887 	EXP 	Question: autoDraw = False
29.2887 	EXP 	ResponseBox: autoDraw = False
29.2887 	EXP 	Submit: autoDraw = False
29.2887 	EXP 	ClickTheButton: autoDraw = False
29.2887 	EXP 	ItemNo: autoDraw = False
29.2887 	EXP 	ResponseBox: text = 'default text'
29.2887 	EXP 	no3: autoDraw = True
29.5102 	DATA 	Mouse:  Left button up, pos=(145,862)
30.2886 	EXP 	no3: autoDraw = False
30.2886 	EXP 	no3: autoDraw = False
30.2886 	EXP 	no2: autoDraw = True
31.2884 	EXP 	no2: autoDraw = False
31.2884 	EXP 	no2: autoDraw = False
31.2884 	EXP 	no1: autoDraw = True
32.3356 	EXP 	no1: autoDraw = False
32.3356 	EXP 	no1: autoDraw = False
32.3356 	EXP 	ResponseBox: text = '\n\n'
32.3356 	EXP 	ItemNo: text = '2/60'
32.3356 	EXP 	Question: autoDraw = True
32.3356 	EXP 	ResponseBox: autoDraw = True
32.3356 	EXP 	Submit: autoDraw = True
32.3356 	EXP 	ClickTheButton: autoDraw = True
32.3356 	EXP 	ItemNo: autoDraw = True
33.2762 	DATA 	Mouse: Left button down, pos=(145,862)
33.2882 	EXP 	New trial (rep=0, index=2): OrderedDict([('SoundFiles', 'Initial/Doubled/Cricket_A.wav'), ('Type', 'Doubled')])
33.2966 	EXP 	Question: autoDraw = False
33.2966 	EXP 	ResponseBox: autoDraw = False
33.2966 	EXP 	Submit: autoDraw = False
33.2966 	EXP 	ClickTheButton: autoDraw = False
33.2966 	EXP 	ItemNo: autoDraw = False
33.2966 	EXP 	ResponseBox: text = 'default text'
33.2966 	EXP 	no3: autoDraw = True
33.4932 	DATA 	Mouse:  Left button up, pos=(145,862)
34.3049 	EXP 	no3: autoDraw = False
34.3049 	EXP 	no2: autoDraw = True
35.3053 	EXP 	no2: autoDraw = False
35.3053 	EXP 	no1: autoDraw = True
36.3462 	EXP 	no1: autoDraw = False
36.3462 	EXP 	ResponseBox: text = '\n\n'
36.3462 	EXP 	ItemNo: text = '3/60'
36.3462 	EXP 	Question: autoDraw = True
36.3462 	EXP 	ResponseBox: autoDraw = True
36.3462 	EXP 	Submit: autoDraw = True
36.3462 	EXP 	ClickTheButton: autoDraw = True
36.3462 	EXP 	ItemNo: autoDraw = True
38.2921 	DATA 	Mouse: Left button down, pos=(93,848)
38.3050 	EXP 	Question: autoDraw = False
38.3050 	EXP 	ResponseBox: autoDraw = False
38.3050 	EXP 	Submit: autoDraw = False
38.3050 	EXP 	ClickTheButton: autoDraw = False
38.3050 	EXP 	ItemNo: autoDraw = False
38.3050 	EXP 	ResponseBox: text = 'default text'
38.3050 	EXP 	ThankyouMssg: autoDraw = True
38.5071 	DATA 	Mouse:  Left button up, pos=(93,848)
41.3203 	EXP 	ThankyouMssg: autoDraw = False
41.5139 	EXP 	window1: mouseVisible = True
