1.3683 	WARNING 	We strongly recommend you activate the PTB sound engine in PsychoPy prefs as the preferred audio engine. Its timing is vastly superior. Your prefs are currently set to use ['sounddevice', 'PTB', 'pyo', 'pygame'] (in that order).
4.8604 	WARNING 	User requested fullscreen with size [1024  768], but screen is actually [2256, 1504]. Using actual size
7.0213 	EXP 	Created window1 = Window(allowGUI=False, allowStencil=False, args=UNKNOWN, autoLog=True, bitsMode=UNKNOWN, blendMode='avg', bpc=(8, 8, 8), color=array([0., 0., 0.]), colorSpace='rgb', depthBits=8, fullscr=<method-wrapper '__getattribute__' of attributeSetter object at 0x000002A14FCAB7F0>, gamma=None, gammaErrorPolicy='raise', kwargs=UNKNOWN, lms=UNKNOWN, monitor=<psychopy.monitors.calibTools.Monitor object at 0x000002A14FCE4EF0>, multiSample=False, name='window1', numSamples=2, pos=[0.0, 0.0], screen=0, size=array([2256, 1504]), stencilBits=0, stereo=False, units='height', useFBO=True, useRetina=False, viewOri=0.0, viewPos=None, viewScale=None, waitBlanking=True, winType='pyglet')
7.0226 	EXP 	window1: mouseVisible = True
7.0228 	EXP 	window1: recordFrameIntervals = False
7.1867 	EXP 	window1: recordFrameIntervals = True
7.3702 	EXP 	window1: recordFrameIntervals = False
7.7088 	EXP 	Created InstructionTxt = TextStim(__class__=<class 'psychopy.visual.text.TextStim'>, alignHoriz=method-wrapper(...), alignText='center', alignVert=method-wrapper(...), anchorHoriz='center', anchorVert='center', antialias=True, autoLog=True, bold=False, color='white', colorSpace='named', contrast=1.0, depth=0.0, flipHoriz=False, flipVert=False, font='Arial', fontFiles=[], height=0.04, italic=False, languageStyle='LTR', name='InstructionTxt', opacity=1.0, ori=0, pos=array([0., 0.]), rgb=array([255., 255., 255.]), text=str(...), units='height', win=Window(...), wrapWidth=1)
7.7189 	EXP 	Created WelcomContinue = TextStim(__class__=<class 'psychopy.visual.text.TextStim'>, alignHoriz=method-wrapper(...), alignText='center', alignVert=method-wrapper(...), anchorHoriz='center', anchorVert='center', antialias=True, autoLog=True, bold=False, color='white', colorSpace='named', contrast=1.0, depth=-3.0, flipHoriz=False, flipVert=False, font='Arial', fontFiles=[], height=0.04, italic=False, languageStyle='LTR', name='WelcomContinue', opacity=1.0, ori=0, pos=array([ 0. , -0.4]), rgb=array([255., 255., 255.]), text='Press SPACE to continue', units='height', win=Window(...), wrapWidth=1)
7.7376 	EXP 	Created VolumeBeginTxt = TextStim(__class__=<class 'psychopy.visual.text.TextStim'>, alignHoriz=method-wrapper(...), alignText='center', alignVert=method-wrapper(...), anchorHoriz='center', anchorVert='center', antialias=True, autoLog=True, bold=False, color='white', colorSpace='named', contrast=1.0, depth=0.0, flipHoriz=False, flipVert=False, font='Arial', fontFiles=[], height=0.04, italic=False, languageStyle='LTR', name='VolumeBeginTxt', opacity=1.0, ori=0, pos=array([0., 0.]), rgb=array([255., 255., 255.]), text=str(...), units='height', win=Window(...), wrapWidth=1)
7.7454 	EXP 	Created text = TextStim(__class__=<class 'psychopy.visual.text.TextStim'>, alignHoriz=method-wrapper(...), alignText='center', alignVert=method-wrapper(...), anchorHoriz='center', anchorVert='center', antialias=True, autoLog=True, bold=False, color='white', colorSpace='named', contrast=1.0, depth=0.0, flipHoriz=False, flipVert=False, font='Arial', fontFiles=[], height=0.04, italic=False, languageStyle='LTR', name='text', opacity=1.0, ori=0, pos=array([0., 0.]), rgb=array([255., 255., 255.]), text=str(...), units='height', win=Window(...), wrapWidth=1)
7.7893 	EXP 	Sound Music set volume 0.300
7.7953 	EXP 	Created AdjustContinue = TextStim(__class__=<class 'psychopy.visual.text.TextStim'>, alignHoriz=method-wrapper(...), alignText='center', alignVert=method-wrapper(...), anchorHoriz='center', anchorVert='center', antialias=True, autoLog=True, bold=False, color='white', colorSpace='named', contrast=1.0, depth=-3.0, flipHoriz=False, flipVert=False, font='Arial', fontFiles=[], height=0.04, italic=False, languageStyle='LTR', name='AdjustContinue', opacity=1.0, ori=0, pos=array([ 0. , -0.4]), rgb=array([255., 255., 255.]), text=str(...), units='height', win=Window(...), wrapWidth=1)
7.8184 	EXP 	Created HeadphoneCheckBeing = TextStim(__class__=<class 'psychopy.visual.text.TextStim'>, alignHoriz=method-wrapper(...), alignText='center', alignVert=method-wrapper(...), anchorHoriz='center', anchorVert='center', antialias=True, autoLog=True, bold=False, color='white', colorSpace='named', contrast=1.0, depth=0.0, flipHoriz=False, flipVert=False, font='Arial', fontFiles=[], height=0.04, italic=False, languageStyle='LTR', name='HeadphoneCheckBeing', opacity=1.0, ori=0, pos=array([0., 0.]), rgb=array([255., 255., 255.]), text=str(...), units='height', win=Window(...), wrapWidth=1)
7.8225 	EXP 	Created HeadphoneContinue = TextStim(__class__=<class 'psychopy.visual.text.TextStim'>, alignHoriz=method-wrapper(...), alignText='center', alignVert=method-wrapper(...), anchorHoriz='center', anchorVert='center', antialias=True, autoLog=True, bold=False, color='white', colorSpace='named', contrast=1.0, depth=-1.0, flipHoriz=False, flipVert=False, font='Arial', fontFiles=[], height=0.04, italic=False, languageStyle='LTR', name='HeadphoneContinue', opacity=1.0, ori=0, pos=array([ 0. , -0.4]), rgb=array([255., 255., 255.]), text='Press SPACE to continue', units='height', win=Window(...), wrapWidth=1)
7.8453 	EXP 	Created WelcomeTxt1 = TextStim(__class__=<class 'psychopy.visual.text.TextStim'>, alignHoriz=method-wrapper(...), alignText='center', alignVert=method-wrapper(...), anchorHoriz='center', anchorVert='center', antialias=True, autoLog=True, bold=False, color='white', colorSpace='named', contrast=1.0, depth=0.0, flipHoriz=False, flipVert=False, font='Arial', fontFiles=[], height=0.04, italic=False, languageStyle='LTR', name='WelcomeTxt1', opacity=1.0, ori=0, pos=array([0., 0.]), rgb=array([255., 255., 255.]), text=str(...), units='height', win=Window(...), wrapWidth=1)
7.8495 	EXP 	Created ContinueKey1 = TextStim(__class__=<class 'psychopy.visual.text.TextStim'>, alignHoriz=method-wrapper(...), alignText='center', alignVert=method-wrapper(...), anchorHoriz='center', anchorVert='center', antialias=True, autoLog=True, bold=False, color='white', colorSpace='named', contrast=1.0, depth=-1.0, flipHoriz=False, flipVert=False, font='Arial', fontFiles=[], height=0.04, italic=False, languageStyle='LTR', name='ContinueKey1', opacity=1.0, ori=0, pos=array([ 0. , -0.4]), rgb=array([255., 255., 255.]), text='Press SPACE to continue', units='height', win=Window(...), wrapWidth=1)
7.8792 	EXP 	Created Welcome2Txt = TextStim(__class__=<class 'psychopy.visual.text.TextStim'>, alignHoriz=method-wrapper(...), alignText='center', alignVert=method-wrapper(...), anchorHoriz='center', anchorVert='center', antialias=True, autoLog=True, bold=False, color='white', colorSpace='named', contrast=1.0, depth=0.0, flipHoriz=False, flipVert=False, font='Arial', fontFiles=[], height=0.04, italic=False, languageStyle='LTR', name='Welcome2Txt', opacity=1.0, ori=0, pos=array([0., 0.]), rgb=array([255., 255., 255.]), text=str(...), units='height', win=Window(...), wrapWidth=1)
7.8836 	EXP 	Created Continue2 = TextStim(__class__=<class 'psychopy.visual.text.TextStim'>, alignHoriz=method-wrapper(...), alignText='center', alignVert=method-wrapper(...), anchorHoriz='center', anchorVert='center', antialias=True, autoLog=True, bold=False, color='white', colorSpace='named', contrast=1.0, depth=-2.0, flipHoriz=False, flipVert=False, font='Arial', fontFiles=[], height=0.04, italic=False, languageStyle='LTR', name='Continue2', opacity=1.0, ori=0, pos=array([ 0. , -0.4]), rgb=array([255., 255., 255.]), text='Press SPACE to continue', units='height', win=Window(...), wrapWidth=1)
7.8993 	EXP 	Created InstructionTxt2 = TextStim(__class__=<class 'psychopy.visual.text.TextStim'>, alignHoriz=method-wrapper(...), alignText='center', alignVert=method-wrapper(...), anchorHoriz='center', anchorVert='center', antialias=True, autoLog=True, bold=False, color='white', colorSpace='named', contrast=1.0, depth=0.0, flipHoriz=False, flipVert=False, font='Arial', fontFiles=[], height=0.04, italic=False, languageStyle='LTR', name='InstructionTxt2', opacity=1.0, ori=0, pos=array([0., 0.]), rgb=array([255., 255., 255.]), text=str(...), units='height', win=Window(...), wrapWidth=1)
7.9040 	EXP 	Created WelcomeContinue2 = TextStim(__class__=<class 'psychopy.visual.text.TextStim'>, alignHoriz=method-wrapper(...), alignText='center', alignVert=method-wrapper(...), anchorHoriz='center', anchorVert='center', antialias=True, autoLog=True, bold=False, color='white', colorSpace='named', contrast=1.0, depth=-1.0, flipHoriz=False, flipVert=False, font='Arial', fontFiles=[], height=0.04, italic=False, languageStyle='LTR', name='WelcomeContinue2', opacity=1.0, ori=0, pos=array([ 0. , -0.4]), rgb=array([255., 255., 255.]), text='Press SPACE to begin practice\n', units='height', win=Window(...), wrapWidth=1)
7.9072 	EXP 	Created TrialNumber = TextStim(__class__=<class 'psychopy.visual.text.TextStim'>, alignHoriz=method-wrapper(...), alignText='center', alignVert=method-wrapper(...), anchorHoriz='center', anchorVert='center', antialias=True, autoLog=True, bold=False, color='white', colorSpace='named', contrast=1.0, depth=0.0, flipHoriz=False, flipVert=False, font='Arial', fontFiles=[], height=0.04, italic=False, languageStyle='LTR', name='TrialNumber', opacity=1.0, ori=0, pos=array([0. , 0.3]), rgb=array([255., 255., 255.]), text='default text', units='height', win=Window(...), wrapWidth=1)
7.9073 	EXP 	Sound PracticeSound set volume 1.000
7.9216 	EXP 	Created PracticeCross = TextStim(__class__=<class 'psychopy.visual.text.TextStim'>, alignHoriz=method-wrapper(...), alignText='center', alignVert=method-wrapper(...), anchorHoriz='center', anchorVert='center', antialias=True, autoLog=True, bold=False, color='white', colorSpace='named', contrast=1.0, depth=-2.0, flipHoriz=False, flipVert=False, font='Arial', fontFiles=[], height=0.1, italic=False, languageStyle='LTR', name='PracticeCross', opacity=1.0, ori=0, pos=array([0., 0.]), rgb=array([255., 255., 255.]), text='+', units='height', win=Window(...), wrapWidth=1)
7.9250 	EXP 	Created PracticeMssg = TextStim(__class__=<class 'psychopy.visual.text.TextStim'>, alignHoriz=method-wrapper(...), alignText='center', alignVert=method-wrapper(...), anchorHoriz='center', anchorVert='center', antialias=True, autoLog=True, bold=False, color='white', colorSpace='named', contrast=1.0, depth=-2.0, flipHoriz=False, flipVert=False, font='Arial', fontFiles=[], height=0.04, italic=False, languageStyle='LTR', name='PracticeMssg', opacity=1.0, ori=0, pos=array([0. , 0.2]), rgb=array([255., 255., 255.]), text='default text', units='height', win=Window(...), wrapWidth=1)
7.9267 	EXP 	Created FeedbackCross = TextStim(__class__=<class 'psychopy.visual.text.TextStim'>, alignHoriz=method-wrapper(...), alignText='center', alignVert=method-wrapper(...), anchorHoriz='center', anchorVert='center', antialias=True, autoLog=True, bold=False, color='white', colorSpace='named', contrast=1.0, depth=-3.0, flipHoriz=False, flipVert=False, font='Arial', fontFiles=[], height=0.1, italic=False, languageStyle='LTR', name='FeedbackCross', opacity=1.0, ori=0, pos=array([0., 0.]), rgb=array([255., 255., 255.]), text='+', units='height', win=Window(...), wrapWidth=1)
7.9317 	EXP 	Created Continue = TextStim(__class__=<class 'psychopy.visual.text.TextStim'>, alignHoriz=method-wrapper(...), alignText='center', alignVert=method-wrapper(...), anchorHoriz='center', anchorVert='center', antialias=True, autoLog=True, bold=False, color='white', colorSpace='named', contrast=1.0, depth=-4.0, flipHoriz=False, flipVert=False, font='Arial', fontFiles=[], height=0.04, italic=False, languageStyle='LTR', name='Continue', opacity=1.0, ori=0, pos=array([ 0. , -0.4]), rgb=array([255., 255., 255.]), text='Press the correct number on your keyboard', units='height', win=Window(...), wrapWidth=1)
7.9392 	EXP 	Created Options = TextStim(__class__=<class 'psychopy.visual.text.TextStim'>, alignHoriz=method-wrapper(...), alignText='center', alignVert=method-wrapper(...), anchorHoriz='center', anchorVert='center', antialias=True, autoLog=True, bold=False, color='white', colorSpace='named', contrast=1.0, depth=-5.0, flipHoriz=False, flipVert=False, font='Arial', fontFiles=[], height=0.04, italic=False, languageStyle='LTR', name='Options', opacity=1.0, ori=0, pos=array([ 0. , -0.2]), rgb=array([255., 255., 255.]), text='1 = OLD\n2 = SIMILAR\n3 = NEW', units='height', win=Window(...), wrapWidth=1)
7.9425 	EXP 	Created FeedbackMssg = TextStim(__class__=<class 'psychopy.visual.text.TextStim'>, alignHoriz=method-wrapper(...), alignText='center', alignVert=method-wrapper(...), anchorHoriz='center', anchorVert='center', antialias=True, autoLog=True, bold=False, color='white', colorSpace='named', contrast=1.0, depth=0.0, flipHoriz=False, flipVert=False, font='Arial', fontFiles=[], height=0.04, italic=False, languageStyle='LTR', name='FeedbackMssg', opacity=1.0, ori=0, pos=array([0., 0.]), rgb=array([255., 255., 255.]), text='default text', units='height', win=Window(...), wrapWidth=1)
7.9637 	EXP 	Created StartTxt = TextStim(__class__=<class 'psychopy.visual.text.TextStim'>, alignHoriz=method-wrapper(...), alignText='center', alignVert=method-wrapper(...), anchorHoriz='center', anchorVert='center', antialias=True, autoLog=True, bold=False, color='white', colorSpace='named', contrast=1.0, depth=0.0, flipHoriz=False, flipVert=False, font='Arial', fontFiles=[], height=0.04, italic=False, languageStyle='LTR', name='StartTxt', opacity=1.0, ori=0, pos=array([0., 0.]), rgb=array([255., 255., 255.]), text=str(...), units='height', win=Window(...), wrapWidth=1)
7.9687 	EXP 	Created ContinueStart = TextStim(__class__=<class 'psychopy.visual.text.TextStim'>, alignHoriz=method-wrapper(...), alignText='center', alignVert=method-wrapper(...), anchorHoriz='center', anchorVert='center', antialias=True, autoLog=True, bold=False, color='white', colorSpace='named', contrast=1.0, depth=-2.0, flipHoriz=False, flipVert=False, font='Arial', fontFiles=[], height=0.04, italic=False, languageStyle='LTR', name='ContinueStart', opacity=1.0, ori=0, pos=array([ 0. , -0.4]), rgb=array([255., 255., 255.]), text='Press SPACE to begin the task', units='height', win=Window(...), wrapWidth=1)
7.9701 	EXP 	Created no_3 = TextStim(__class__=<class 'psychopy.visual.text.TextStim'>, alignHoriz=method-wrapper(...), alignText='center', alignVert=method-wrapper(...), anchorHoriz='center', anchorVert='center', antialias=True, autoLog=True, bold=False, color='white', colorSpace='named', contrast=1.0, depth=-1.0, flipHoriz=False, flipVert=False, font='Arial', fontFiles=[], height=0.1, italic=False, languageStyle='LTR', name='no_3', opacity=1.0, ori=0, pos=array([0., 0.]), rgb=array([255., 255., 255.]), text='+', units='height', win=Window(...), wrapWidth=1)
7.9702 	EXP 	Sound TargetSound set volume 1.000
7.9716 	EXP 	Created Cross = TextStim(__class__=<class 'psychopy.visual.text.TextStim'>, alignHoriz=method-wrapper(...), alignText='center', alignVert=method-wrapper(...), anchorHoriz='center', anchorVert='center', antialias=True, autoLog=True, bold=False, color='white', colorSpace='named', contrast=1.0, depth=-1.0, flipHoriz=False, flipVert=False, font='Arial', fontFiles=[], height=0.1, italic=False, languageStyle='LTR', name='Cross', opacity=1.0, ori=0, pos=array([0., 0.]), rgb=array([255., 255., 255.]), text='+', units='height', win=Window(...), wrapWidth=1)
7.9750 	EXP 	Created ItemNumber = TextStim(__class__=<class 'psychopy.visual.text.TextStim'>, alignHoriz=method-wrapper(...), alignText='center', alignVert=method-wrapper(...), anchorHoriz='center', anchorVert='center', antialias=True, autoLog=True, bold=False, color='white', colorSpace='named', contrast=1.0, depth=-2.0, flipHoriz=False, flipVert=False, font='Arial', fontFiles=[], height=0.04, italic=False, languageStyle='LTR', name='ItemNumber', opacity=1.0, ori=0, pos=array([0. , 0.3]), rgb=array([255., 255., 255.]), text='default text', units='height', win=Window(...), wrapWidth=1)
7.9981 	EXP 	Created MSTQuestion = TextStim(__class__=<class 'psychopy.visual.text.TextStim'>, alignHoriz=method-wrapper(...), alignText='center', alignVert=method-wrapper(...), anchorHoriz='center', anchorVert='center', antialias=True, autoLog=True, bold=False, color='white', colorSpace='named', contrast=1.0, depth=0.0, flipHoriz=False, flipVert=False, font='Arial', fontFiles=[], height=0.04, italic=False, languageStyle='LTR', name='MSTQuestion', opacity=1.0, ori=0, pos=array([0., 0.]), rgb=array([255., 255., 255.]), text=str(...), units='height', win=Window(...), wrapWidth=1)
8.0072 	EXP 	Created ThankyouMssg = TextStim(__class__=<class 'psychopy.visual.text.TextStim'>, alignHoriz=method-wrapper(...), alignText='center', alignVert=method-wrapper(...), anchorHoriz='center', anchorVert='center', antialias=True, autoLog=True, bold=False, color='white', colorSpace='named', contrast=1.0, depth=0.0, flipHoriz=False, flipVert=False, font='Arial', fontFiles=[], height=0.04, italic=False, languageStyle='LTR', name='ThankyouMssg', opacity=1.0, ori=0, pos=array([0. , 0.2]), rgb=array([255., 255., 255.]), text=str(...), units='height', win=Window(...), wrapWidth=1)
8.1210 	EXP 	Created ExitTxt = TextStim(__class__=<class 'psychopy.visual.text.TextStim'>, alignHoriz=method-wrapper(...), alignText='center', alignVert=method-wrapper(...), anchorHoriz='center', anchorVert='center', antialias=True, autoLog=True, bold=False, color='white', colorSpace='named', contrast=1.0, depth=-2.0, flipHoriz=False, flipVert=False, font='Arial', fontFiles=[], height=0.04, italic=False, languageStyle='LTR', name='ExitTxt', opacity=1.0, ori=0, pos=array([ 0. , -0.4]), rgb=array([255., 255., 255.]), text='Press SPACE to exit the study', units='height', win=Window(...), wrapWidth=1)
8.1300 	EXP 	Created CodeTxt = TextStim(__class__=<class 'psychopy.visual.text.TextStim'>, alignHoriz=method-wrapper(...), alignText='center', alignVert=method-wrapper(...), anchorHoriz='center', anchorVert='center', antialias=True, autoLog=True, bold=False, color='white', colorSpace='named', contrast=1.0, depth=-4.0, flipHoriz=False, flipVert=False, font='Arial', fontFiles=[], height=0.04, italic=False, languageStyle='LTR', name='CodeTxt', opacity=1.0, ori=0, pos=array([ 0.  , -0.22]), rgb=array([255., 255., 255.]), text=str(...), units='height', win=Window(...), wrapWidth=1)
8.1784 	EXP 	CompletionCode: autoLog = True
8.1784 	EXP 	InstructionTxt: autoDraw = True
8.1784 	EXP 	WelcomContinue: autoDraw = True
8.8992 	DATA 	Keypress: space
8.9042 	EXP 	InstructionTxt: autoDraw = False
8.9042 	EXP 	WelcomContinue: autoDraw = False
8.9042 	EXP 	VolumeBeginTxt: autoDraw = True
9.4938 	DATA 	Keypress: space
9.5784 	EXP 	VolumeBeginTxt: autoDraw = False
9.5784 	EXP 	text: autoDraw = True
9.5784 	EXP 	AdjustContinue: autoDraw = True
10.1696 	DATA 	Keypress: space
10.1746 	EXP 	text: autoDraw = False
10.1746 	EXP 	AdjustContinue: autoDraw = False
10.1746 	EXP 	HeadphoneCheckBeing: autoDraw = True
10.1746 	EXP 	HeadphoneContinue: autoDraw = True
11.0370 	DATA 	Keypress: space
11.0423 	EXP 	HeadphoneCheckBeing: autoDraw = False
11.0423 	EXP 	HeadphoneContinue: autoDraw = False
11.0423 	EXP 	WelcomeTxt1: autoDraw = True
11.0423 	EXP 	ContinueKey1: autoDraw = True
11.5295 	DATA 	Keypress: space
11.5569 	EXP 	WelcomeTxt1: autoDraw = False
11.5569 	EXP 	ContinueKey1: autoDraw = False
11.5569 	EXP 	Welcome2Txt: autoDraw = True
11.5569 	EXP 	Continue2: autoDraw = True
19.7782 	DATA 	Keypress: space
19.8070 	EXP 	Welcome2Txt: autoDraw = False
19.8070 	EXP 	Continue2: autoDraw = False
19.8070 	EXP 	InstructionTxt2: autoDraw = True
19.8070 	EXP 	WelcomeContinue2: autoDraw = True
20.8558 	EXP 	Imported GuessSounds_conditions.xlsx as conditions, 5 conditions, 4 params
20.8562 	EXP 	Created sequence: sequential, trialTypes=5, nReps=1, seed=None
20.8565 	EXP 	New trial (rep=0, index=0): OrderedDict([('SoundFile5', 'Practice/Seagull_A.wav'), ('Correct', 2), ('Correct2', 3), ('Type', 'NEW')])
20.8869 	DATA 	Keypress: space
20.8910 	EXP 	InstructionTxt2: autoDraw = False
20.8910 	EXP 	WelcomeContinue2: autoDraw = False
20.8910 	EXP 	TrialNumber: text = 'Trial 1'
20.8910 	EXP 	TrialNumber: autoDraw = True
20.8910 	EXP 	PracticeCross: autoDraw = True
23.3514 	EXP 	TrialNumber: autoDraw = False
23.3514 	EXP 	PracticeCross: autoDraw = False
23.3514 	EXP 	TrialNumber: autoDraw = False
23.3514 	EXP 	PracticeCross: autoDraw = False
23.3514 	EXP 	PracticeMssg: text = 'This is a NEW sound. \nThis sound has never been played before.'
23.3514 	EXP 	PracticeMssg: autoDraw = True
23.3514 	EXP 	FeedbackCross: autoDraw = True
23.3514 	EXP 	Continue: autoDraw = True
23.3514 	EXP 	Options: autoDraw = True
25.2794 	DATA 	Keypress: 3
25.3241 	EXP 	PracticeMssg: autoDraw = False
25.3241 	EXP 	FeedbackCross: autoDraw = False
25.3241 	EXP 	Continue: autoDraw = False
25.3241 	EXP 	Options: autoDraw = False
25.3241 	EXP 	FeedbackMssg: text = 'CORRECT'
25.3241 	EXP 	FeedbackMssg: autoDraw = True
26.3076 	EXP 	New trial (rep=0, index=1): OrderedDict([('SoundFile5', 'Practice/Skid_B.wav'), ('Correct', 2), ('Correct2', 3), ('Type', 'NEW')])
26.3748 	EXP 	FeedbackMssg: autoDraw = False
26.3748 	EXP 	TrialNumber: text = 'Trial 2'
26.3748 	EXP 	TrialNumber: autoDraw = True
26.3748 	EXP 	PracticeCross: autoDraw = True
28.4923 	EXP 	TrialNumber: autoDraw = False
28.4923 	EXP 	PracticeCross: autoDraw = False
28.4923 	EXP 	TrialNumber: autoDraw = False
28.4923 	EXP 	PracticeCross: autoDraw = False
28.4923 	EXP 	PracticeMssg: text = 'This is a NEW sound. \nThis sound has never been played before.'
28.4923 	EXP 	PracticeMssg: autoDraw = True
28.4923 	EXP 	FeedbackCross: autoDraw = True
28.4923 	EXP 	Continue: autoDraw = True
28.4923 	EXP 	Options: autoDraw = True
31.4567 	DATA 	Keypress: 3
31.4626 	EXP 	PracticeMssg: autoDraw = False
31.4626 	EXP 	FeedbackCross: autoDraw = False
31.4626 	EXP 	Continue: autoDraw = False
31.4626 	EXP 	Options: autoDraw = False
31.4626 	EXP 	FeedbackMssg: text = 'CORRECT'
31.4626 	EXP 	FeedbackMssg: autoDraw = True
32.4574 	EXP 	New trial (rep=0, index=2): OrderedDict([('SoundFile5', 'Practice/Seagull_A.wav'), ('Correct', 1), ('Correct2', 1), ('Type', 'OLD')])
32.4920 	EXP 	FeedbackMssg: autoDraw = False
32.4920 	EXP 	TrialNumber: text = 'Trial 3'
32.4920 	EXP 	TrialNumber: autoDraw = True
32.4920 	EXP 	PracticeCross: autoDraw = True
34.7920 	EXP 	TrialNumber: autoDraw = False
34.7920 	EXP 	PracticeCross: autoDraw = False
34.7920 	EXP 	TrialNumber: autoDraw = False
34.7920 	EXP 	PracticeCross: autoDraw = False
34.7920 	EXP 	PracticeMssg: text = 'This is a REPEAT sound. \nThe exact same sound has been played previously.'
34.7920 	EXP 	PracticeMssg: autoDraw = True
34.7920 	EXP 	FeedbackCross: autoDraw = True
34.7920 	EXP 	Continue: autoDraw = True
34.7920 	EXP 	Options: autoDraw = True
35.8001 	DATA 	Keypress: 1
35.8088 	EXP 	PracticeMssg: autoDraw = False
35.8088 	EXP 	FeedbackCross: autoDraw = False
35.8088 	EXP 	Continue: autoDraw = False
35.8088 	EXP 	Options: autoDraw = False
35.8088 	EXP 	FeedbackMssg: text = 'CORRECT'
35.8088 	EXP 	FeedbackMssg: autoDraw = True
36.8038 	EXP 	New trial (rep=0, index=3): OrderedDict([('SoundFile5', 'Practice/Gargle_A.wav'), ('Correct', 2), ('Correct2', 3), ('Type', 'NEW')])
36.8671 	EXP 	FeedbackMssg: autoDraw = False
36.8671 	EXP 	TrialNumber: text = 'Trial 4'
36.8671 	EXP 	TrialNumber: autoDraw = True
36.8671 	EXP 	PracticeCross: autoDraw = True
39.1593 	EXP 	TrialNumber: autoDraw = False
39.1593 	EXP 	PracticeCross: autoDraw = False
39.1593 	EXP 	TrialNumber: autoDraw = False
39.1593 	EXP 	PracticeCross: autoDraw = False
39.1593 	EXP 	PracticeMssg: text = 'This is a NEW sound. \nThis sound has never been played before.'
39.1593 	EXP 	PracticeMssg: autoDraw = True
39.1593 	EXP 	FeedbackCross: autoDraw = True
39.1593 	EXP 	Continue: autoDraw = True
39.1593 	EXP 	Options: autoDraw = True
40.0803 	DATA 	Keypress: 3
40.1041 	EXP 	PracticeMssg: autoDraw = False
40.1041 	EXP 	FeedbackCross: autoDraw = False
40.1041 	EXP 	Continue: autoDraw = False
40.1041 	EXP 	Options: autoDraw = False
40.1041 	EXP 	FeedbackMssg: text = 'CORRECT'
40.1041 	EXP 	FeedbackMssg: autoDraw = True
41.0904 	EXP 	New trial (rep=0, index=4): OrderedDict([('SoundFile5', 'Practice/Gargle_B.wav'), ('Correct', 2), ('Correct2', 2), ('Type', 'SIMILAR')])
41.1582 	EXP 	FeedbackMssg: autoDraw = False
41.1582 	EXP 	FeedbackMssg: autoDraw = False
41.1582 	EXP 	TrialNumber: text = 'Trial 5'
41.1582 	EXP 	TrialNumber: autoDraw = True
41.1582 	EXP 	PracticeCross: autoDraw = True
43.2342 	EXP 	TrialNumber: autoDraw = False
43.2342 	EXP 	PracticeCross: autoDraw = False
43.2342 	EXP 	TrialNumber: autoDraw = False
43.2342 	EXP 	PracticeCross: autoDraw = False
43.2342 	EXP 	PracticeMssg: text = 'This is a SIMILAR sound. \nThis sound is similar but not identical to a previously played sound.'
43.2342 	EXP 	PracticeMssg: autoDraw = True
43.2342 	EXP 	FeedbackCross: autoDraw = True
43.2342 	EXP 	Continue: autoDraw = True
43.2342 	EXP 	Options: autoDraw = True
44.4636 	DATA 	Keypress: 2
44.4859 	EXP 	PracticeMssg: autoDraw = False
44.4859 	EXP 	FeedbackCross: autoDraw = False
44.4859 	EXP 	Continue: autoDraw = False
44.4859 	EXP 	Options: autoDraw = False
44.4859 	EXP 	FeedbackMssg: text = 'CORRECT'
44.4859 	EXP 	FeedbackMssg: autoDraw = True
45.4872 	EXP 	FeedbackMssg: autoDraw = False
45.4872 	EXP 	FeedbackMssg: autoDraw = False
45.4872 	EXP 	StartTxt: autoDraw = True
45.4872 	EXP 	ContinueStart: autoDraw = True
50.5465 	DATA 	Keypress: space
50.6383 	EXP 	Imported GuessSounds_conditions.xlsx as conditions, 128 conditions, 4 params
50.6388 	EXP 	Created sequence: sequential, trialTypes=128, nReps=1, seed=None
50.6391 	EXP 	New trial (rep=0, index=0): OrderedDict([('SoundFile5', 'Initial/NoRepeat/Elephant_A.wav'), ('Correct', 2), ('Correct2', 3), ('Type', 'NEW')])
50.6465 	EXP 	StartTxt: autoDraw = False
50.6465 	EXP 	ContinueStart: autoDraw = False
50.6465 	EXP 	no_3: autoDraw = True
52.1066 	EXP 	no_3: autoDraw = False
52.1066 	EXP 	ItemNumber: text = '1/128'
52.1066 	EXP 	Cross: autoDraw = True
52.1066 	EXP 	ItemNumber: autoDraw = True
55.1545 	EXP 	Cross: autoDraw = False
55.1545 	EXP 	ItemNumber: autoDraw = False
55.1545 	EXP 	Cross: autoDraw = False
55.1545 	EXP 	ItemNumber: autoDraw = False
55.1545 	EXP 	MSTQuestion: autoDraw = True
57.1797 	EXP 	New trial (rep=0, index=1): OrderedDict([('SoundFile5', 'Initial/NoRepeat/Thunder_A.wav'), ('Correct', 2), ('Correct2', 3), ('Type', 'NEW')])
57.1845 	DATA 	Keypress: 3
57.1904 	EXP 	MSTQuestion: autoDraw = False
57.1904 	EXP 	no_3: autoDraw = True
58.7236 	EXP 	no_3: autoDraw = False
58.7236 	EXP 	ItemNumber: text = '2/128'
58.7236 	EXP 	Cross: autoDraw = True
58.7236 	EXP 	ItemNumber: autoDraw = True
61.7200 	EXP 	Cross: autoDraw = False
61.7200 	EXP 	ItemNumber: autoDraw = False
61.7200 	EXP 	Cross: autoDraw = False
61.7200 	EXP 	ItemNumber: autoDraw = False
61.7200 	EXP 	MSTQuestion: autoDraw = True
62.3119 	DATA 	Keypress: 3
62.3270 	EXP 	New trial (rep=0, index=2): OrderedDict([('SoundFile5', 'Test/Lures/Chime_B.wav'), ('Correct', 2), ('Correct2', 3), ('Type', 'NEW')])
62.3358 	EXP 	MSTQuestion: autoDraw = False
62.3358 	EXP 	no_3: autoDraw = True
63.8807 	EXP 	no_3: autoDraw = False
63.8807 	EXP 	no_3: autoDraw = False
63.8807 	EXP 	ItemNumber: text = '3/128'
63.8807 	EXP 	Cross: autoDraw = True
63.8807 	EXP 	ItemNumber: autoDraw = True
66.7034 	EXP 	Cross: autoDraw = False
66.7034 	EXP 	ItemNumber: autoDraw = False
66.7034 	EXP 	Cross: autoDraw = False
66.7034 	EXP 	ItemNumber: autoDraw = False
66.7034 	EXP 	MSTQuestion: autoDraw = True
67.0606 	EXP 	New trial (rep=0, index=3): OrderedDict([('SoundFile5', 'Initial/NoRepeat/Toilet_B.wav'), ('Correct', 2), ('Correct2', 3), ('Type', 'NEW')])
67.0652 	DATA 	Keypress: 3
67.0722 	EXP 	MSTQuestion: autoDraw = False
67.0722 	EXP 	no_3: autoDraw = True
68.6060 	EXP 	no_3: autoDraw = False
68.6060 	EXP 	ItemNumber: text = '4/128'
68.6060 	EXP 	Cross: autoDraw = True
68.6060 	EXP 	ItemNumber: autoDraw = True
71.5198 	EXP 	Cross: autoDraw = False
71.5198 	EXP 	ItemNumber: autoDraw = False
71.5198 	EXP 	Cross: autoDraw = False
71.5198 	EXP 	ItemNumber: autoDraw = False
71.5198 	EXP 	MSTQuestion: autoDraw = True
71.8439 	EXP 	New trial (rep=0, index=4): OrderedDict([('SoundFile5', 'Test/Foils/Typing.wav'), ('Correct', 2), ('Correct2', 3), ('Type', 'NEW')])
71.8481 	DATA 	Keypress: 3
71.8522 	EXP 	MSTQuestion: autoDraw = False
71.8522 	EXP 	no_3: autoDraw = True
73.4049 	EXP 	no_3: autoDraw = False
73.4049 	EXP 	no_3: autoDraw = False
73.4049 	EXP 	ItemNumber: text = '5/128'
73.4049 	EXP 	Cross: autoDraw = True
73.4049 	EXP 	ItemNumber: autoDraw = True
76.2699 	EXP 	Cross: autoDraw = False
76.2699 	EXP 	ItemNumber: autoDraw = False
76.2699 	EXP 	Cross: autoDraw = False
76.2699 	EXP 	ItemNumber: autoDraw = False
76.2699 	EXP 	MSTQuestion: autoDraw = True
76.7605 	EXP 	New trial (rep=0, index=5): OrderedDict([('SoundFile5', 'Initial/Repeat/Pour.wav'), ('Correct', 2), ('Correct2', 3), ('Type', 'NEW')])
76.7655 	DATA 	Keypress: 3
76.7698 	EXP 	MSTQuestion: autoDraw = False
76.7698 	EXP 	no_3: autoDraw = True
78.3003 	EXP 	no_3: autoDraw = False
78.3003 	EXP 	no_3: autoDraw = False
78.3003 	EXP 	ItemNumber: text = '6/128'
78.3003 	EXP 	Cross: autoDraw = True
78.3003 	EXP 	ItemNumber: autoDraw = True
80.8699 	EXP 	Cross: autoDraw = False
80.8699 	EXP 	ItemNumber: autoDraw = False
80.8699 	EXP 	Cross: autoDraw = False
80.8699 	EXP 	ItemNumber: autoDraw = False
80.8699 	EXP 	MSTQuestion: autoDraw = True
81.8766 	DATA 	Keypress: 3
81.8948 	EXP 	New trial (rep=0, index=6): OrderedDict([('SoundFile5', 'Initial/NoRepeat/Sleighbells_B.wav'), ('Correct', 2), ('Correct2', 3), ('Type', 'NEW')])
81.9032 	EXP 	MSTQuestion: autoDraw = False
81.9032 	EXP 	no_3: autoDraw = True
83.4312 	EXP 	no_3: autoDraw = False
83.4312 	EXP 	no_3: autoDraw = False
83.4312 	EXP 	ItemNumber: text = '7/128'
83.4312 	EXP 	Cross: autoDraw = True
83.4312 	EXP 	ItemNumber: autoDraw = True
85.8534 	EXP 	Cross: autoDraw = False
85.8534 	EXP 	ItemNumber: autoDraw = False
85.8534 	EXP 	Cross: autoDraw = False
85.8534 	EXP 	ItemNumber: autoDraw = False
85.8534 	EXP 	MSTQuestion: autoDraw = True
86.5607 	EXP 	New trial (rep=0, index=7): OrderedDict([('SoundFile5', 'Initial/NoRepeat/Thunder_A.wav'), ('Correct', 1), ('Correct2', 1), ('Type', 'OLD')])
86.5660 	DATA 	Keypress: 3
86.5703 	EXP 	MSTQuestion: autoDraw = False
86.5703 	EXP 	no_3: autoDraw = True
88.0914 	EXP 	no_3: autoDraw = False
88.0914 	EXP 	ItemNumber: text = '8/128'
88.0914 	EXP 	Cross: autoDraw = True
88.0914 	EXP 	ItemNumber: autoDraw = True
91.0866 	EXP 	Cross: autoDraw = False
91.0866 	EXP 	ItemNumber: autoDraw = False
91.0866 	EXP 	Cross: autoDraw = False
91.0866 	EXP 	ItemNumber: autoDraw = False
91.0866 	EXP 	MSTQuestion: autoDraw = True
91.6110 	DATA 	Keypress: 1
91.6286 	EXP 	New trial (rep=0, index=8): OrderedDict([('SoundFile5', 'Initial/Repeat/Buzz.wav'), ('Correct', 2), ('Correct2', 3), ('Type', 'NEW')])
91.6364 	EXP 	MSTQuestion: autoDraw = False
91.6364 	EXP 	no_3: autoDraw = True
93.1564 	EXP 	no_3: autoDraw = False
93.1564 	EXP 	no_3: autoDraw = False
93.1564 	EXP 	ItemNumber: text = '9/128'
93.1564 	EXP 	Cross: autoDraw = True
93.1564 	EXP 	ItemNumber: autoDraw = True
95.4697 	EXP 	Cross: autoDraw = False
95.4697 	EXP 	ItemNumber: autoDraw = False
95.4697 	EXP 	Cross: autoDraw = False
95.4697 	EXP 	ItemNumber: autoDraw = False
95.4697 	EXP 	MSTQuestion: autoDraw = True
96.0116 	DATA 	Keypress: 3
96.0272 	EXP 	New trial (rep=0, index=9): OrderedDict([('SoundFile5', 'Initial/NoRepeat/Baby_B.wav'), ('Correct', 2), ('Correct2', 3), ('Type', 'NEW')])
96.0357 	EXP 	MSTQuestion: autoDraw = False
96.0357 	EXP 	no_3: autoDraw = True
97.5662 	EXP 	no_3: autoDraw = False
97.5662 	EXP 	no_3: autoDraw = False
97.5662 	EXP 	ItemNumber: text = '10/128'
97.5662 	EXP 	Cross: autoDraw = True
97.5662 	EXP 	ItemNumber: autoDraw = True
100.6031 	EXP 	Cross: autoDraw = False
100.6031 	EXP 	ItemNumber: autoDraw = False
100.6031 	EXP 	Cross: autoDraw = False
100.6031 	EXP 	ItemNumber: autoDraw = False
100.6031 	EXP 	MSTQuestion: autoDraw = True
100.6270 	EXP 	New trial (rep=0, index=10): OrderedDict([('SoundFile5', 'Initial/NoRepeat/Mosquito_B.wav'), ('Correct', 2), ('Correct2', 3), ('Type', 'NEW')])
100.6315 	DATA 	Keypress: 3
100.6358 	EXP 	MSTQuestion: autoDraw = False
100.6358 	EXP 	no_3: autoDraw = True
102.1589 	EXP 	no_3: autoDraw = False
102.1589 	EXP 	no_3: autoDraw = False
102.1589 	EXP 	ItemNumber: text = '11/128'
102.1589 	EXP 	Cross: autoDraw = True
102.1589 	EXP 	ItemNumber: autoDraw = True
104.3028 	EXP 	Cross: autoDraw = False
104.3028 	EXP 	ItemNumber: autoDraw = False
104.3028 	EXP 	Cross: autoDraw = False
104.3028 	EXP 	ItemNumber: autoDraw = False
104.3028 	EXP 	MSTQuestion: autoDraw = True
104.7602 	DATA 	Keypress: 3
104.7770 	EXP 	New trial (rep=0, index=11): OrderedDict([('SoundFile5', 'Test/Foils/Typing.wav'), ('Correct', 1), ('Correct2', 1), ('Type', 'OLD')])
104.7856 	EXP 	MSTQuestion: autoDraw = False
104.7856 	EXP 	no_3: autoDraw = True
106.2965 	EXP 	no_3: autoDraw = False
106.2965 	EXP 	no_3: autoDraw = False
106.2965 	EXP 	ItemNumber: text = '12/128'
106.2965 	EXP 	Cross: autoDraw = True
106.2965 	EXP 	ItemNumber: autoDraw = True
109.1529 	EXP 	Cross: autoDraw = False
109.1529 	EXP 	ItemNumber: autoDraw = False
109.1529 	EXP 	Cross: autoDraw = False
109.1529 	EXP 	ItemNumber: autoDraw = False
109.1529 	EXP 	MSTQuestion: autoDraw = True
109.5941 	DATA 	Keypress: 1
109.6094 	EXP 	New trial (rep=0, index=12): OrderedDict([('SoundFile5', 'Initial/Doubled/Chime_A.wav'), ('Correct', 2), ('Correct2', 2), ('Type', 'SIMILAR')])
109.6186 	EXP 	MSTQuestion: autoDraw = False
109.6186 	EXP 	no_3: autoDraw = True
111.1483 	EXP 	no_3: autoDraw = False
111.1483 	EXP 	no_3: autoDraw = False
111.1483 	EXP 	ItemNumber: text = '13/128'
111.1483 	EXP 	Cross: autoDraw = True
111.1483 	EXP 	ItemNumber: autoDraw = True
113.9693 	EXP 	Cross: autoDraw = False
113.9693 	EXP 	ItemNumber: autoDraw = False
113.9693 	EXP 	Cross: autoDraw = False
113.9693 	EXP 	ItemNumber: autoDraw = False
113.9693 	EXP 	MSTQuestion: autoDraw = True
114.5263 	EXP 	New trial (rep=0, index=13): OrderedDict([('SoundFile5', 'Test/Foils/DialTone.wav'), ('Correct', 2), ('Correct2', 3), ('Type', 'NEW')])
114.5307 	DATA 	Keypress: 1
114.5351 	EXP 	MSTQuestion: autoDraw = False
114.5351 	EXP 	no_3: autoDraw = True
116.0641 	EXP 	no_3: autoDraw = False
116.0641 	EXP 	no_3: autoDraw = False
116.0641 	EXP 	ItemNumber: text = '14/128'
116.0641 	EXP 	Cross: autoDraw = True
116.0641 	EXP 	ItemNumber: autoDraw = True
118.5693 	EXP 	Cross: autoDraw = False
118.5693 	EXP 	ItemNumber: autoDraw = False
118.5693 	EXP 	Cross: autoDraw = False
118.5693 	EXP 	ItemNumber: autoDraw = False
118.5693 	EXP 	MSTQuestion: autoDraw = True
118.9451 	EXP 	New trial (rep=0, index=14): OrderedDict([('SoundFile5', 'Elephant_B.wav'), ('Correct', 2), ('Correct2', 2), ('Type', 'SIMILAR')])
118.9508 	DATA 	Keypress: 3
118.9567 	EXP 	MSTQuestion: autoDraw = False
118.9567 	EXP 	no_3: autoDraw = True
120.4922 	EXP 	no_3: autoDraw = False
120.4922 	EXP 	ItemNumber: text = '15/128'
120.4922 	EXP 	Cross: autoDraw = True
120.4922 	EXP 	ItemNumber: autoDraw = True
123.3027 	EXP 	Cross: autoDraw = False
123.3027 	EXP 	ItemNumber: autoDraw = False
123.3027 	EXP 	Cross: autoDraw = False
123.3027 	EXP 	ItemNumber: autoDraw = False
123.3027 	EXP 	MSTQuestion: autoDraw = True
124.3271 	EXP 	New trial (rep=0, index=15): OrderedDict([('SoundFile5', 'Initial/Doubled/Writing_A.wav'), ('Correct', 2), ('Correct2', 3), ('Type', 'NEW')])
124.3323 	DATA 	Keypress: 2
124.3366 	EXP 	MSTQuestion: autoDraw = False
124.3366 	EXP 	no_3: autoDraw = True
125.8749 	EXP 	no_3: autoDraw = False
125.8749 	EXP 	ItemNumber: text = '16/128'
125.8749 	EXP 	Cross: autoDraw = True
125.8749 	EXP 	ItemNumber: autoDraw = True
128.5692 	EXP 	Cross: autoDraw = False
128.5692 	EXP 	ItemNumber: autoDraw = False
128.5692 	EXP 	Cross: autoDraw = False
128.5692 	EXP 	ItemNumber: autoDraw = False
128.5692 	EXP 	MSTQuestion: autoDraw = True
128.8942 	EXP 	New trial (rep=0, index=16): OrderedDict([('SoundFile5', 'Initial/NoRepeat/Faucet_A.wav'), ('Correct', 2), ('Correct2', 3), ('Type', 'NEW')])
128.8994 	DATA 	Keypress: 3
128.9063 	EXP 	MSTQuestion: autoDraw = False
128.9063 	EXP 	no_3: autoDraw = True
130.4389 	EXP 	no_3: autoDraw = False
130.4389 	EXP 	ItemNumber: text = '17/128'
130.4389 	EXP 	Cross: autoDraw = True
130.4389 	EXP 	ItemNumber: autoDraw = True
132.9191 	EXP 	Cross: autoDraw = False
132.9191 	EXP 	ItemNumber: autoDraw = False
132.9191 	EXP 	Cross: autoDraw = False
132.9191 	EXP 	ItemNumber: autoDraw = False
132.9191 	EXP 	MSTQuestion: autoDraw = True
133.6435 	EXP 	New trial (rep=0, index=17): OrderedDict([('SoundFile5', 'Initial/NoRepeat/Toilet_B.wav'), ('Correct', 1), ('Correct2', 1), ('Type', 'OLD')])
133.6495 	DATA 	Keypress: 3
133.6538 	EXP 	MSTQuestion: autoDraw = False
133.6538 	EXP 	no_3: autoDraw = True
135.1763 	EXP 	no_3: autoDraw = False
135.1763 	EXP 	ItemNumber: text = '18/128'
135.1763 	EXP 	Cross: autoDraw = True
135.1763 	EXP 	ItemNumber: autoDraw = True
138.1027 	EXP 	Cross: autoDraw = False
138.1027 	EXP 	ItemNumber: autoDraw = False
138.1027 	EXP 	Cross: autoDraw = False
138.1027 	EXP 	ItemNumber: autoDraw = False
138.1027 	EXP 	MSTQuestion: autoDraw = True
138.4926 	DATA 	Keypress: 1
138.5094 	EXP 	New trial (rep=0, index=18): OrderedDict([('SoundFile5', 'Initial/NoRepeat/Sleighbells_B.wav'), ('Correct', 1), ('Correct2', 1), ('Type', 'OLD')])
138.5183 	EXP 	MSTQuestion: autoDraw = False
138.5183 	EXP 	no_3: autoDraw = True
140.0283 	EXP 	no_3: autoDraw = False
140.0283 	EXP 	no_3: autoDraw = False
140.0283 	EXP 	ItemNumber: text = '19/128'
140.0283 	EXP 	Cross: autoDraw = True
140.0283 	EXP 	ItemNumber: autoDraw = True
142.4527 	EXP 	Cross: autoDraw = False
142.4527 	EXP 	ItemNumber: autoDraw = False
142.4527 	EXP 	Cross: autoDraw = False
142.4527 	EXP 	ItemNumber: autoDraw = False
142.4527 	EXP 	MSTQuestion: autoDraw = True
143.1096 	EXP 	New trial (rep=0, index=19): OrderedDict([('SoundFile5', 'Test/Foils/Wind_B.wav'), ('Correct', 2), ('Correct2', 3), ('Type', 'NEW')])
143.1162 	DATA 	Keypress: 1
143.1227 	EXP 	MSTQuestion: autoDraw = False
143.1227 	EXP 	no_3: autoDraw = True
144.6855 	EXP 	no_3: autoDraw = False
144.6855 	EXP 	ItemNumber: text = '20/128'
144.6855 	EXP 	Cross: autoDraw = True
144.6855 	EXP 	ItemNumber: autoDraw = True
147.4190 	EXP 	Cross: autoDraw = False
147.4190 	EXP 	ItemNumber: autoDraw = False
147.4190 	EXP 	Cross: autoDraw = False
147.4190 	EXP 	ItemNumber: autoDraw = False
147.4190 	EXP 	MSTQuestion: autoDraw = True
147.8274 	DATA 	Keypress: 3
147.8433 	EXP 	New trial (rep=0, index=20): OrderedDict([('SoundFile5', 'Pour_C.wav'), ('Correct', 2), ('Correct2', 2), ('Type', 'SIMILAR')])
147.8516 	EXP 	MSTQuestion: autoDraw = False
147.8516 	EXP 	no_3: autoDraw = True
149.3764 	EXP 	no_3: autoDraw = False
149.3764 	EXP 	no_3: autoDraw = False
149.3764 	EXP 	ItemNumber: text = '21/128'
149.3764 	EXP 	Cross: autoDraw = True
149.3764 	EXP 	ItemNumber: autoDraw = True
152.3859 	EXP 	Cross: autoDraw = False
152.3859 	EXP 	ItemNumber: autoDraw = False
152.3859 	EXP 	Cross: autoDraw = False
152.3859 	EXP 	ItemNumber: autoDraw = False
152.3859 	EXP 	MSTQuestion: autoDraw = True
153.0764 	EXP 	New trial (rep=0, index=21): OrderedDict([('SoundFile5', 'Initial/Repeat/Buzz.wav'), ('Correct', 1), ('Correct2', 1), ('Type', 'OLD')])
153.0823 	DATA 	Keypress: 2
153.0867 	EXP 	MSTQuestion: autoDraw = False
153.0867 	EXP 	no_3: autoDraw = True
154.6102 	EXP 	no_3: autoDraw = False
154.6102 	EXP 	ItemNumber: text = '22/128'
154.6102 	EXP 	Cross: autoDraw = True
154.6102 	EXP 	ItemNumber: autoDraw = True
156.9192 	EXP 	Cross: autoDraw = False
156.9192 	EXP 	ItemNumber: autoDraw = False
156.9192 	EXP 	Cross: autoDraw = False
156.9192 	EXP 	ItemNumber: autoDraw = False
156.9192 	EXP 	MSTQuestion: autoDraw = True
157.4928 	EXP 	New trial (rep=0, index=22): OrderedDict([('SoundFile5', 'Baby_A.wav'), ('Correct', 2), ('Correct2', 2), ('Type', 'SIMILAR')])
157.4980 	DATA 	Keypress: 1
157.5023 	EXP 	MSTQuestion: autoDraw = False
157.5023 	EXP 	no_3: autoDraw = True
159.0163 	EXP 	no_3: autoDraw = False
159.0163 	EXP 	no_3: autoDraw = False
159.0163 	EXP 	ItemNumber: text = '23/128'
159.0163 	EXP 	Cross: autoDraw = True
159.0163 	EXP 	ItemNumber: autoDraw = True
161.6191 	EXP 	Cross: autoDraw = False
161.6191 	EXP 	ItemNumber: autoDraw = False
161.6191 	EXP 	Cross: autoDraw = False
161.6191 	EXP 	ItemNumber: autoDraw = False
161.6191 	EXP 	MSTQuestion: autoDraw = True
162.2090 	EXP 	New trial (rep=0, index=23): OrderedDict([('SoundFile5', 'Writing_C.wav'), ('Correct', 2), ('Correct2', 2), ('Type', 'SIMILAR')])
162.2141 	DATA 	Keypress: 2
162.2184 	EXP 	MSTQuestion: autoDraw = False
162.2184 	EXP 	no_3: autoDraw = True
163.7486 	EXP 	no_3: autoDraw = False
163.7486 	EXP 	no_3: autoDraw = False
163.7486 	EXP 	ItemNumber: text = '24/128'
163.7486 	EXP 	Cross: autoDraw = True
163.7486 	EXP 	ItemNumber: autoDraw = True
166.4690 	EXP 	Cross: autoDraw = False
166.4690 	EXP 	ItemNumber: autoDraw = False
166.4690 	EXP 	Cross: autoDraw = False
166.4690 	EXP 	ItemNumber: autoDraw = False
166.4690 	EXP 	MSTQuestion: autoDraw = True
167.5594 	EXP 	New trial (rep=0, index=24): OrderedDict([('SoundFile5', 'Initial/NoRepeat/Mosquito_B.wav'), ('Correct', 1), ('Correct2', 1), ('Type', 'OLD')])
167.5637 	DATA 	Keypress: 2
167.5681 	EXP 	MSTQuestion: autoDraw = False
167.5681 	EXP 	no_3: autoDraw = True
169.0762 	EXP 	no_3: autoDraw = False
169.0762 	EXP 	no_3: autoDraw = False
169.0762 	EXP 	ItemNumber: text = '25/128'
169.0762 	EXP 	Cross: autoDraw = True
169.0762 	EXP 	ItemNumber: autoDraw = True
171.2190 	EXP 	Cross: autoDraw = False
171.2190 	EXP 	ItemNumber: autoDraw = False
171.2190 	EXP 	Cross: autoDraw = False
171.2190 	EXP 	ItemNumber: autoDraw = False
171.2190 	EXP 	MSTQuestion: autoDraw = True
173.7594 	EXP 	New trial (rep=0, index=25): OrderedDict([('SoundFile5', 'Initial/Doubled/Cough_A.wav'), ('Correct', 2), ('Correct2', 3), ('Type', 'NEW')])
173.7645 	DATA 	Keypress: 2
173.7690 	EXP 	MSTQuestion: autoDraw = False
173.7690 	EXP 	no_3: autoDraw = True
175.2795 	EXP 	no_3: autoDraw = False
175.2795 	EXP 	no_3: autoDraw = False
175.2795 	EXP 	ItemNumber: text = '26/128'
175.2795 	EXP 	Cross: autoDraw = True
175.2795 	EXP 	ItemNumber: autoDraw = True
176.9858 	EXP 	Cross: autoDraw = False
176.9858 	EXP 	ItemNumber: autoDraw = False
176.9858 	EXP 	Cross: autoDraw = False
176.9858 	EXP 	ItemNumber: autoDraw = False
176.9858 	EXP 	MSTQuestion: autoDraw = True
177.4927 	EXP 	New trial (rep=0, index=26): OrderedDict([('SoundFile5', 'Test/Foils/DialTone.wav'), ('Correct', 1), ('Correct2', 1), ('Type', 'OLD')])
177.4976 	DATA 	Keypress: 3
177.5019 	EXP 	MSTQuestion: autoDraw = False
177.5019 	EXP 	no_3: autoDraw = True
179.0098 	EXP 	no_3: autoDraw = False
179.0098 	EXP 	no_3: autoDraw = False
179.0098 	EXP 	ItemNumber: text = '27/128'
179.0098 	EXP 	Cross: autoDraw = True
179.0098 	EXP 	ItemNumber: autoDraw = True
181.5188 	EXP 	Cross: autoDraw = False
181.5188 	EXP 	ItemNumber: autoDraw = False
181.5188 	EXP 	Cross: autoDraw = False
181.5188 	EXP 	ItemNumber: autoDraw = False
181.5188 	EXP 	MSTQuestion: autoDraw = True
182.0588 	EXP 	New trial (rep=0, index=27): OrderedDict([('SoundFile5', 'Test/Foils/Heartbeat.wav'), ('Correct', 2), ('Correct2', 3), ('Type', 'NEW')])
182.0633 	DATA 	Keypress: 1
182.0679 	EXP 	MSTQuestion: autoDraw = False
182.0679 	EXP 	no_3: autoDraw = True
183.5904 	EXP 	no_3: autoDraw = False
183.5904 	EXP 	no_3: autoDraw = False
183.5904 	EXP 	ItemNumber: text = '28/128'
183.5904 	EXP 	Cross: autoDraw = True
183.5904 	EXP 	ItemNumber: autoDraw = True
186.0022 	EXP 	Cross: autoDraw = False
186.0022 	EXP 	ItemNumber: autoDraw = False
186.0022 	EXP 	Cross: autoDraw = False
186.0022 	EXP 	ItemNumber: autoDraw = False
186.0022 	EXP 	MSTQuestion: autoDraw = True
186.4751 	EXP 	New trial (rep=0, index=28): OrderedDict([('SoundFile5', 'Initial/Repeat/IceDrop.wav'), ('Correct', 2), ('Correct2', 3), ('Type', 'NEW')])
186.4802 	DATA 	Keypress: 3
186.4843 	EXP 	MSTQuestion: autoDraw = False
186.4843 	EXP 	no_3: autoDraw = True
188.0090 	EXP 	no_3: autoDraw = False
188.0090 	EXP 	no_3: autoDraw = False
188.0090 	EXP 	ItemNumber: text = '29/128'
188.0090 	EXP 	Cross: autoDraw = True
188.0090 	EXP 	ItemNumber: autoDraw = True
190.7688 	EXP 	Cross: autoDraw = False
190.7688 	EXP 	ItemNumber: autoDraw = False
190.7688 	EXP 	Cross: autoDraw = False
190.7688 	EXP 	ItemNumber: autoDraw = False
190.7688 	EXP 	MSTQuestion: autoDraw = True
191.2584 	DATA 	Keypress: 3
191.2764 	EXP 	New trial (rep=0, index=29): OrderedDict([('SoundFile5', 'Bird_B.wav'), ('Correct', 2), ('Correct2', 3), ('Type', 'NEW')])
191.2847 	EXP 	MSTQuestion: autoDraw = False
191.2847 	EXP 	no_3: autoDraw = True
192.8043 	EXP 	no_3: autoDraw = False
192.8043 	EXP 	no_3: autoDraw = False
192.8043 	EXP 	ItemNumber: text = '30/128'
192.8043 	EXP 	Cross: autoDraw = True
192.8043 	EXP 	ItemNumber: autoDraw = True
194.5354 	EXP 	Cross: autoDraw = False
194.5354 	EXP 	ItemNumber: autoDraw = False
194.5354 	EXP 	Cross: autoDraw = False
194.5354 	EXP 	ItemNumber: autoDraw = False
194.5354 	EXP 	MSTQuestion: autoDraw = True
195.2918 	EXP 	New trial (rep=0, index=30): OrderedDict([('SoundFile5', 'Initial/NoRepeat/Puff_A.wav'), ('Correct', 2), ('Correct2', 3), ('Type', 'NEW')])
195.2973 	DATA 	Keypress: 3
195.3042 	EXP 	MSTQuestion: autoDraw = False
195.3042 	EXP 	no_3: autoDraw = True
196.8341 	EXP 	no_3: autoDraw = False
196.8341 	EXP 	ItemNumber: text = '31/128'
196.8341 	EXP 	Cross: autoDraw = True
196.8341 	EXP 	ItemNumber: autoDraw = True
198.5351 	EXP 	Cross: autoDraw = False
198.5351 	EXP 	ItemNumber: autoDraw = False
198.5351 	EXP 	Cross: autoDraw = False
198.5351 	EXP 	ItemNumber: autoDraw = False
198.5351 	EXP 	MSTQuestion: autoDraw = True
199.1421 	EXP 	New trial (rep=0, index=31): OrderedDict([('SoundFile5', 'Faucet_B.wav'), ('Correct', 2), ('Correct2', 2), ('Type', 'SIMILAR')])
199.1476 	DATA 	Keypress: 3
199.1520 	EXP 	MSTQuestion: autoDraw = False
199.1520 	EXP 	no_3: autoDraw = True
200.6662 	EXP 	no_3: autoDraw = False
200.6662 	EXP 	no_3: autoDraw = False
200.6662 	EXP 	ItemNumber: text = '32/128'
200.6662 	EXP 	Cross: autoDraw = True
200.6662 	EXP 	ItemNumber: autoDraw = True
203.4686 	EXP 	Cross: autoDraw = False
203.4686 	EXP 	ItemNumber: autoDraw = False
203.4686 	EXP 	Cross: autoDraw = False
203.4686 	EXP 	ItemNumber: autoDraw = False
203.4686 	EXP 	MSTQuestion: autoDraw = True
204.5263 	EXP 	New trial (rep=0, index=32): OrderedDict([('SoundFile5', 'Initial/NoRepeat/Duck_A.wav'), ('Correct', 2), ('Correct2', 3), ('Type', 'NEW')])
204.5339 	DATA 	Keypress: 2
204.5382 	EXP 	MSTQuestion: autoDraw = False
204.5382 	EXP 	no_3: autoDraw = True
206.0710 	EXP 	no_3: autoDraw = False
206.0710 	EXP 	ItemNumber: text = '33/128'
206.0710 	EXP 	Cross: autoDraw = True
206.0710 	EXP 	ItemNumber: autoDraw = True
208.1685 	EXP 	Cross: autoDraw = False
208.1685 	EXP 	ItemNumber: autoDraw = False
208.1685 	EXP 	Cross: autoDraw = False
208.1685 	EXP 	ItemNumber: autoDraw = False
208.1685 	EXP 	MSTQuestion: autoDraw = True
208.5927 	EXP 	New trial (rep=0, index=33): OrderedDict([('SoundFile5', 'Initial/Doubled/Laugh_A.wav'), ('Correct', 2), ('Correct2', 3), ('Type', 'NEW')])
208.5976 	DATA 	Keypress: 3
208.6019 	EXP 	MSTQuestion: autoDraw = False
208.6019 	EXP 	no_3: autoDraw = True
210.1275 	EXP 	no_3: autoDraw = False
210.1275 	EXP 	no_3: autoDraw = False
210.1275 	EXP 	ItemNumber: text = '34/128'
210.1275 	EXP 	Cross: autoDraw = True
210.1275 	EXP 	ItemNumber: autoDraw = True
212.8344 	EXP 	Cross: autoDraw = False
212.8344 	EXP 	ItemNumber: autoDraw = False
212.8344 	EXP 	Cross: autoDraw = False
212.8344 	EXP 	ItemNumber: autoDraw = False
212.8344 	EXP 	MSTQuestion: autoDraw = True
213.3918 	DATA 	Keypress: 3
213.4096 	EXP 	New trial (rep=0, index=34): OrderedDict([('SoundFile5', 'Test/Foils/Wind_B.wav'), ('Correct', 1), ('Correct2', 1), ('Type', 'OLD')])
213.4181 	EXP 	MSTQuestion: autoDraw = False
213.4181 	EXP 	no_3: autoDraw = True
214.9297 	EXP 	no_3: autoDraw = False
214.9297 	EXP 	no_3: autoDraw = False
214.9297 	EXP 	ItemNumber: text = '35/128'
214.9297 	EXP 	Cross: autoDraw = True
214.9297 	EXP 	ItemNumber: autoDraw = True
217.6685 	EXP 	Cross: autoDraw = False
217.6685 	EXP 	ItemNumber: autoDraw = False
217.6685 	EXP 	Cross: autoDraw = False
217.6685 	EXP 	ItemNumber: autoDraw = False
217.6685 	EXP 	MSTQuestion: autoDraw = True
218.8931 	EXP 	New trial (rep=0, index=35): OrderedDict([('SoundFile5', 'Initial/Doubled/Chicken_A.wav'), ('Correct', 2), ('Correct2', 3), ('Type', 'NEW')])
218.8984 	DATA 	Keypress: 1
218.9028 	EXP 	MSTQuestion: autoDraw = False
218.9028 	EXP 	no_3: autoDraw = True
220.4334 	EXP 	no_3: autoDraw = False
220.4334 	EXP 	ItemNumber: text = '36/128'
220.4334 	EXP 	Cross: autoDraw = True
220.4334 	EXP 	ItemNumber: autoDraw = True
222.1184 	EXP 	Cross: autoDraw = False
222.1184 	EXP 	ItemNumber: autoDraw = False
222.1184 	EXP 	Cross: autoDraw = False
222.1184 	EXP 	ItemNumber: autoDraw = False
222.1184 	EXP 	MSTQuestion: autoDraw = True
222.6923 	DATA 	Keypress: 3
222.7085 	EXP 	New trial (rep=0, index=36): OrderedDict([('SoundFile5', 'Test/Lures/Guitar_B.wav'), ('Correct', 2), ('Correct2', 3), ('Type', 'NEW')])
222.7175 	EXP 	MSTQuestion: autoDraw = False
222.7175 	EXP 	no_3: autoDraw = True
224.2448 	EXP 	no_3: autoDraw = False
224.2448 	EXP 	no_3: autoDraw = False
224.2448 	EXP 	ItemNumber: text = '37/128'
224.2448 	EXP 	Cross: autoDraw = True
224.2448 	EXP 	ItemNumber: autoDraw = True
226.5686 	EXP 	Cross: autoDraw = False
226.5686 	EXP 	ItemNumber: autoDraw = False
226.5686 	EXP 	Cross: autoDraw = False
226.5686 	EXP 	ItemNumber: autoDraw = False
226.5686 	EXP 	MSTQuestion: autoDraw = True
226.8760 	EXP 	New trial (rep=0, index=37): OrderedDict([('SoundFile5', 'Initial/Repeat/Cello.wav'), ('Correct', 2), ('Correct2', 3), ('Type', 'NEW')])
226.8812 	DATA 	Keypress: 3
226.8855 	EXP 	MSTQuestion: autoDraw = False
226.8855 	EXP 	no_3: autoDraw = True
228.4248 	EXP 	no_3: autoDraw = False
228.4248 	EXP 	ItemNumber: text = '38/128'
228.4248 	EXP 	Cross: autoDraw = True
228.4248 	EXP 	ItemNumber: autoDraw = True
231.3183 	EXP 	Cross: autoDraw = False
231.3183 	EXP 	ItemNumber: autoDraw = False
231.3183 	EXP 	Cross: autoDraw = False
231.3183 	EXP 	ItemNumber: autoDraw = False
231.3183 	EXP 	MSTQuestion: autoDraw = True
231.5758 	DATA 	Keypress: 3
231.5924 	EXP 	New trial (rep=0, index=38): OrderedDict([('SoundFile5', 'Test/Foils/Heartbeat.wav'), ('Correct', 1), ('Correct2', 1), ('Type', 'OLD')])
231.6008 	EXP 	MSTQuestion: autoDraw = False
231.6008 	EXP 	no_3: autoDraw = True
233.1129 	EXP 	no_3: autoDraw = False
233.1129 	EXP 	no_3: autoDraw = False
233.1129 	EXP 	ItemNumber: text = '39/128'
233.1129 	EXP 	Cross: autoDraw = True
233.1129 	EXP 	ItemNumber: autoDraw = True
235.5182 	EXP 	Cross: autoDraw = False
235.5182 	EXP 	ItemNumber: autoDraw = False
235.5182 	EXP 	Cross: autoDraw = False
235.5182 	EXP 	ItemNumber: autoDraw = False
235.5182 	EXP 	MSTQuestion: autoDraw = True
235.9272 	DATA 	Keypress: 1
235.9428 	EXP 	New trial (rep=0, index=39): OrderedDict([('SoundFile5', 'Initial/Repeat/Airplane_B.wav'), ('Correct', 2), ('Correct2', 3), ('Type', 'NEW')])
235.9520 	EXP 	MSTQuestion: autoDraw = False
235.9520 	EXP 	no_3: autoDraw = True
237.4919 	EXP 	no_3: autoDraw = False
237.4919 	EXP 	ItemNumber: text = '40/128'
237.4919 	EXP 	Cross: autoDraw = True
237.4919 	EXP 	ItemNumber: autoDraw = True
240.1016 	EXP 	Cross: autoDraw = False
240.1016 	EXP 	ItemNumber: autoDraw = False
240.1016 	EXP 	Cross: autoDraw = False
240.1016 	EXP 	ItemNumber: autoDraw = False
240.1016 	EXP 	MSTQuestion: autoDraw = True
240.4918 	EXP 	New trial (rep=0, index=40): OrderedDict([('SoundFile5', 'Cough_E.wav'), ('Correct', 2), ('Correct2', 2), ('Type', 'SIMILAR')])
240.4972 	DATA 	Keypress: 3
240.5015 	EXP 	MSTQuestion: autoDraw = False
240.5015 	EXP 	no_3: autoDraw = True
242.0185 	EXP 	no_3: autoDraw = False
242.0185 	EXP 	no_3: autoDraw = False
242.0185 	EXP 	ItemNumber: text = '41/128'
242.0185 	EXP 	Cross: autoDraw = True
242.0185 	EXP 	ItemNumber: autoDraw = True
243.7514 	EXP 	Cross: autoDraw = False
243.7514 	EXP 	ItemNumber: autoDraw = False
243.7514 	EXP 	Cross: autoDraw = False
243.7514 	EXP 	ItemNumber: autoDraw = False
243.7514 	EXP 	MSTQuestion: autoDraw = True
244.3250 	DATA 	Keypress: 2
244.3427 	EXP 	New trial (rep=0, index=41): OrderedDict([('SoundFile5', 'Test/Foils/Bird.wav'), ('Correct', 2), ('Correct2', 2), ('Type', 'SIMILAR')])
244.3518 	EXP 	MSTQuestion: autoDraw = False
244.3518 	EXP 	no_3: autoDraw = True
245.8881 	EXP 	no_3: autoDraw = False
245.8881 	EXP 	ItemNumber: text = '42/128'
245.8881 	EXP 	Cross: autoDraw = True
245.8881 	EXP 	ItemNumber: autoDraw = True
248.6014 	EXP 	Cross: autoDraw = False
248.6014 	EXP 	ItemNumber: autoDraw = False
248.6014 	EXP 	Cross: autoDraw = False
248.6014 	EXP 	ItemNumber: autoDraw = False
248.6014 	EXP 	MSTQuestion: autoDraw = True
249.2429 	EXP 	New trial (rep=0, index=42): OrderedDict([('SoundFile5', 'Initial/Repeat/Trumpet_B.wav'), ('Correct', 2), ('Correct2', 3), ('Type', 'NEW')])
249.2481 	DATA 	Keypress: 2
249.2525 	EXP 	MSTQuestion: autoDraw = False
249.2525 	EXP 	no_3: autoDraw = True
250.7869 	EXP 	no_3: autoDraw = False
250.7869 	EXP 	ItemNumber: text = '43/128'
250.7869 	EXP 	Cross: autoDraw = True
250.7869 	EXP 	ItemNumber: autoDraw = True
253.0847 	EXP 	Cross: autoDraw = False
253.0847 	EXP 	ItemNumber: autoDraw = False
253.0847 	EXP 	Cross: autoDraw = False
253.0847 	EXP 	ItemNumber: autoDraw = False
253.0847 	EXP 	MSTQuestion: autoDraw = True
253.7255 	EXP 	New trial (rep=0, index=43): OrderedDict([('SoundFile5', 'Initial/Repeat/IceDrop.wav'), ('Correct', 1), ('Correct2', 1), ('Type', 'OLD')])
253.7326 	DATA 	Keypress: 3
253.7369 	EXP 	MSTQuestion: autoDraw = False
253.7369 	EXP 	no_3: autoDraw = True
255.2609 	EXP 	no_3: autoDraw = False
255.2609 	EXP 	ItemNumber: text = '44/128'
255.2609 	EXP 	Cross: autoDraw = True
255.2609 	EXP 	ItemNumber: autoDraw = True
258.0179 	EXP 	Cross: autoDraw = False
258.0179 	EXP 	ItemNumber: autoDraw = False
258.0179 	EXP 	Cross: autoDraw = False
258.0179 	EXP 	ItemNumber: autoDraw = False
258.0179 	EXP 	MSTQuestion: autoDraw = True
258.4094 	EXP 	New trial (rep=0, index=44): OrderedDict([('SoundFile5', 'Initial/Repeat/Sneeze_B.wav'), ('Correct', 2), ('Correct2', 3), ('Type', 'NEW')])
258.4138 	DATA 	Keypress: 1
258.4182 	EXP 	MSTQuestion: autoDraw = False
258.4182 	EXP 	no_3: autoDraw = True
259.9517 	EXP 	no_3: autoDraw = False
259.9517 	EXP 	ItemNumber: text = '45/128'
259.9517 	EXP 	Cross: autoDraw = True
259.9517 	EXP 	ItemNumber: autoDraw = True
261.1847 	EXP 	Cross: autoDraw = False
261.1847 	EXP 	ItemNumber: autoDraw = False
261.1847 	EXP 	Cross: autoDraw = False
261.1847 	EXP 	ItemNumber: autoDraw = False
261.1847 	EXP 	MSTQuestion: autoDraw = True
262.7416 	EXP 	New trial (rep=0, index=45): OrderedDict([('SoundFile5', 'Initial/NoRepeat/Puff_A.wav'), ('Correct', 1), ('Correct2', 1), ('Type', 'OLD')])
262.7480 	DATA 	Keypress: 3
262.7523 	EXP 	MSTQuestion: autoDraw = False
262.7523 	EXP 	no_3: autoDraw = True
264.2729 	EXP 	no_3: autoDraw = False
264.2729 	EXP 	ItemNumber: text = '46/128'
264.2729 	EXP 	Cross: autoDraw = True
264.2729 	EXP 	ItemNumber: autoDraw = True
265.9681 	EXP 	Cross: autoDraw = False
265.9681 	EXP 	ItemNumber: autoDraw = False
265.9681 	EXP 	Cross: autoDraw = False
265.9681 	EXP 	ItemNumber: autoDraw = False
265.9681 	EXP 	MSTQuestion: autoDraw = True
266.4753 	EXP 	New trial (rep=0, index=46): OrderedDict([('SoundFile5', 'Snore_A.wav'), ('Correct', 2), ('Correct2', 3), ('Type', 'NEW')])
266.4812 	DATA 	Keypress: 1
266.4856 	EXP 	MSTQuestion: autoDraw = False
266.4856 	EXP 	no_3: autoDraw = True
268.0236 	EXP 	no_3: autoDraw = False
268.0236 	EXP 	ItemNumber: text = '47/128'
268.0236 	EXP 	Cross: autoDraw = True
268.0236 	EXP 	ItemNumber: autoDraw = True
270.7847 	EXP 	Cross: autoDraw = False
270.7847 	EXP 	ItemNumber: autoDraw = False
270.7847 	EXP 	Cross: autoDraw = False
270.7847 	EXP 	ItemNumber: autoDraw = False
270.7847 	EXP 	MSTQuestion: autoDraw = True
271.4775 	DATA 	Keypress: 3
271.4916 	EXP 	New trial (rep=0, index=47): OrderedDict([('SoundFile5', 'Test/Lures/Guitar_B.wav'), ('Correct', 1), ('Correct2', 1), ('Type', 'OLD')])
271.5002 	EXP 	MSTQuestion: autoDraw = False
271.5002 	EXP 	no_3: autoDraw = True
273.0103 	EXP 	no_3: autoDraw = False
273.0103 	EXP 	no_3: autoDraw = False
273.0103 	EXP 	ItemNumber: text = '48/128'
273.0103 	EXP 	Cross: autoDraw = True
273.0103 	EXP 	ItemNumber: autoDraw = True
275.3347 	EXP 	Cross: autoDraw = False
275.3347 	EXP 	ItemNumber: autoDraw = False
275.3347 	EXP 	Cross: autoDraw = False
275.3347 	EXP 	ItemNumber: autoDraw = False
275.3347 	EXP 	MSTQuestion: autoDraw = True
275.6755 	EXP 	New trial (rep=0, index=48): OrderedDict([('SoundFile5', 'Initial/Doubled/Cat_A.wav'), ('Correct', 2), ('Correct2', 3), ('Type', 'NEW')])
275.6807 	DATA 	Keypress: 1
275.6874 	EXP 	MSTQuestion: autoDraw = False
275.6874 	EXP 	no_3: autoDraw = True
277.2135 	EXP 	no_3: autoDraw = False
277.2135 	EXP 	ItemNumber: text = '49/128'
277.2135 	EXP 	Cross: autoDraw = True
277.2135 	EXP 	ItemNumber: autoDraw = True
278.6343 	EXP 	Cross: autoDraw = False
278.6343 	EXP 	ItemNumber: autoDraw = False
278.6343 	EXP 	Cross: autoDraw = False
278.6343 	EXP 	ItemNumber: autoDraw = False
278.6343 	EXP 	MSTQuestion: autoDraw = True
279.0915 	EXP 	New trial (rep=0, index=49): OrderedDict([('SoundFile5', 'Initial/Repeat/Whistle_A.wav'), ('Correct', 2), ('Correct2', 3), ('Type', 'NEW')])
279.0977 	DATA 	Keypress: 3
279.1019 	EXP 	MSTQuestion: autoDraw = False
279.1019 	EXP 	no_3: autoDraw = True
280.6269 	EXP 	no_3: autoDraw = False
280.6269 	EXP 	ItemNumber: text = '50/128'
280.6269 	EXP 	Cross: autoDraw = True
280.6269 	EXP 	ItemNumber: autoDraw = True
282.1178 	EXP 	Cross: autoDraw = False
282.1178 	EXP 	ItemNumber: autoDraw = False
282.1178 	EXP 	Cross: autoDraw = False
282.1178 	EXP 	ItemNumber: autoDraw = False
282.1178 	EXP 	MSTQuestion: autoDraw = True
282.5414 	DATA 	Keypress: 3
282.5577 	EXP 	New trial (rep=0, index=50): OrderedDict([('SoundFile5', 'Duck_B.wav'), ('Correct', 2), ('Correct2', 2), ('Type', 'SIMILAR')])
282.5668 	EXP 	MSTQuestion: autoDraw = False
282.5668 	EXP 	no_3: autoDraw = True
284.0859 	EXP 	no_3: autoDraw = False
284.0859 	EXP 	no_3: autoDraw = False
284.0859 	EXP 	ItemNumber: text = '51/128'
284.0859 	EXP 	Cross: autoDraw = True
284.0859 	EXP 	ItemNumber: autoDraw = True
285.8009 	EXP 	Cross: autoDraw = False
285.8009 	EXP 	ItemNumber: autoDraw = False
285.8009 	EXP 	Cross: autoDraw = False
285.8009 	EXP 	ItemNumber: autoDraw = False
285.8009 	EXP 	MSTQuestion: autoDraw = True
286.7253 	EXP 	New trial (rep=0, index=51): OrderedDict([('SoundFile5', 'Laugh_D.wav'), ('Correct', 2), ('Correct2', 2), ('Type', 'SIMILAR')])
286.7303 	DATA 	Keypress: 3
286.7346 	EXP 	MSTQuestion: autoDraw = False
286.7346 	EXP 	no_3: autoDraw = True
288.2705 	EXP 	no_3: autoDraw = False
288.2705 	EXP 	ItemNumber: text = '52/128'
288.2705 	EXP 	Cross: autoDraw = True
288.2705 	EXP 	ItemNumber: autoDraw = True
291.2009 	EXP 	Cross: autoDraw = False
291.2009 	EXP 	ItemNumber: autoDraw = False
291.2009 	EXP 	Cross: autoDraw = False
291.2009 	EXP 	ItemNumber: autoDraw = False
291.2009 	EXP 	MSTQuestion: autoDraw = True
291.8249 	DATA 	Keypress: 2
291.8417 	EXP 	New trial (rep=0, index=52): OrderedDict([('SoundFile5', 'Initial/Doubled/Chicken_A.wav'), ('Correct', 1), ('Correct2', 1), ('Type', 'OLD')])
291.8508 	EXP 	MSTQuestion: autoDraw = False
291.8508 	EXP 	no_3: autoDraw = True
293.3587 	EXP 	no_3: autoDraw = False
293.3587 	EXP 	no_3: autoDraw = False
293.3587 	EXP 	ItemNumber: text = '53/128'
293.3587 	EXP 	Cross: autoDraw = True
293.3587 	EXP 	ItemNumber: autoDraw = True
295.0344 	EXP 	Cross: autoDraw = False
295.0344 	EXP 	ItemNumber: autoDraw = False
295.0344 	EXP 	Cross: autoDraw = False
295.0344 	EXP 	ItemNumber: autoDraw = False
295.0344 	EXP 	MSTQuestion: autoDraw = True
295.8080 	EXP 	New trial (rep=0, index=53): OrderedDict([('SoundFile5', 'Initial/Repeat/Cello.wav'), ('Correct', 1), ('Correct2', 1), ('Type', 'OLD')])
295.8132 	DATA 	Keypress: 1
295.8175 	EXP 	MSTQuestion: autoDraw = False
295.8175 	EXP 	no_3: autoDraw = True
297.3278 	EXP 	no_3: autoDraw = False
297.3278 	EXP 	no_3: autoDraw = False
297.3278 	EXP 	ItemNumber: text = '54/128'
297.3278 	EXP 	Cross: autoDraw = True
297.3278 	EXP 	ItemNumber: autoDraw = True
300.2344 	EXP 	Cross: autoDraw = False
300.2344 	EXP 	ItemNumber: autoDraw = False
300.2344 	EXP 	Cross: autoDraw = False
300.2344 	EXP 	ItemNumber: autoDraw = False
300.2344 	EXP 	MSTQuestion: autoDraw = True
300.5580 	EXP 	New trial (rep=0, index=54): OrderedDict([('SoundFile5', 'Test/Foils/Slurp.wav'), ('Correct', 2), ('Correct2', 3), ('Type', 'NEW')])
300.5631 	DATA 	Keypress: 1
300.5674 	EXP 	MSTQuestion: autoDraw = False
300.5674 	EXP 	no_3: autoDraw = True
302.1167 	EXP 	no_3: autoDraw = False
302.1167 	EXP 	no_3: autoDraw = False
302.1167 	EXP 	ItemNumber: text = '55/128'
302.1167 	EXP 	Cross: autoDraw = True
302.1167 	EXP 	ItemNumber: autoDraw = True
304.5009 	EXP 	Cross: autoDraw = False
304.5009 	EXP 	ItemNumber: autoDraw = False
304.5009 	EXP 	Cross: autoDraw = False
304.5009 	EXP 	ItemNumber: autoDraw = False
304.5009 	EXP 	MSTQuestion: autoDraw = True
307.9417 	EXP 	New trial (rep=0, index=55): OrderedDict([('SoundFile5', 'Initial/Doubled/Chomp_A.wav'), ('Correct', 2), ('Correct2', 3), ('Type', 'NEW')])
307.9482 	DATA 	Keypress: 3
307.9525 	EXP 	MSTQuestion: autoDraw = False
307.9525 	EXP 	no_3: autoDraw = True
309.4978 	EXP 	no_3: autoDraw = False
309.4978 	EXP 	ItemNumber: text = '56/128'
309.4978 	EXP 	Cross: autoDraw = True
309.4978 	EXP 	ItemNumber: autoDraw = True
312.1842 	EXP 	Cross: autoDraw = False
312.1842 	EXP 	ItemNumber: autoDraw = False
312.1842 	EXP 	Cross: autoDraw = False
312.1842 	EXP 	ItemNumber: autoDraw = False
312.1842 	EXP 	MSTQuestion: autoDraw = True
312.7079 	EXP 	New trial (rep=0, index=56): OrderedDict([('SoundFile5', 'Initial/Repeat/Airplane_B.wav'), ('Correct', 1), ('Correct2', 1), ('Type', 'OLD')])
312.7131 	DATA 	Keypress: 3
312.7201 	EXP 	MSTQuestion: autoDraw = False
312.7201 	EXP 	no_3: autoDraw = True
314.2447 	EXP 	no_3: autoDraw = False
314.2447 	EXP 	ItemNumber: text = '57/128'
314.2447 	EXP 	Cross: autoDraw = True
314.2447 	EXP 	ItemNumber: autoDraw = True
315.0050 	DATA 	Keypress: 3
316.8509 	EXP 	Cross: autoDraw = False
316.8509 	EXP 	ItemNumber: autoDraw = False
316.8509 	EXP 	Cross: autoDraw = False
316.8509 	EXP 	ItemNumber: autoDraw = False
316.8509 	EXP 	MSTQuestion: autoDraw = True
317.3911 	EXP 	New trial (rep=0, index=57): OrderedDict([('SoundFile5', 'Initial/Doubled/Bubbles_A.wav'), ('Correct', 2), ('Correct2', 3), ('Type', 'NEW')])
317.3968 	DATA 	Keypress: 1
317.4011 	EXP 	MSTQuestion: autoDraw = False
317.4011 	EXP 	no_3: autoDraw = True
318.9320 	EXP 	no_3: autoDraw = False
318.9320 	EXP 	ItemNumber: text = '58/128'
318.9320 	EXP 	Cross: autoDraw = True
318.9320 	EXP 	ItemNumber: autoDraw = True
321.3505 	EXP 	Cross: autoDraw = False
321.3505 	EXP 	ItemNumber: autoDraw = False
321.3505 	EXP 	Cross: autoDraw = False
321.3505 	EXP 	ItemNumber: autoDraw = False
321.3505 	EXP 	MSTQuestion: autoDraw = True
321.8252 	EXP 	New trial (rep=0, index=58): OrderedDict([('SoundFile5', 'Initial/Repeat/Trumpet_B.wav'), ('Correct', 1), ('Correct2', 1), ('Type', 'OLD')])
321.8324 	DATA 	Keypress: 3
321.8368 	EXP 	MSTQuestion: autoDraw = False
321.8368 	EXP 	no_3: autoDraw = True
323.3608 	EXP 	no_3: autoDraw = False
323.3608 	EXP 	ItemNumber: text = '59/128'
323.3608 	EXP 	Cross: autoDraw = True
323.3608 	EXP 	ItemNumber: autoDraw = True
325.6675 	EXP 	Cross: autoDraw = False
325.6675 	EXP 	ItemNumber: autoDraw = False
325.6675 	EXP 	Cross: autoDraw = False
325.6675 	EXP 	ItemNumber: autoDraw = False
325.6675 	EXP 	MSTQuestion: autoDraw = True
326.1413 	EXP 	New trial (rep=0, index=59): OrderedDict([('SoundFile5', 'Initial/Repeat/Cup.wav'), ('Correct', 2), ('Correct2', 3), ('Type', 'NEW')])
326.1472 	DATA 	Keypress: 1
326.1516 	EXP 	MSTQuestion: autoDraw = False
326.1516 	EXP 	no_3: autoDraw = True
327.7073 	EXP 	no_3: autoDraw = False
327.7073 	EXP 	ItemNumber: text = '60/128'
327.7073 	EXP 	Cross: autoDraw = True
327.7073 	EXP 	ItemNumber: autoDraw = True
329.0342 	EXP 	Cross: autoDraw = False
329.0342 	EXP 	ItemNumber: autoDraw = False
329.0342 	EXP 	Cross: autoDraw = False
329.0342 	EXP 	ItemNumber: autoDraw = False
329.0342 	EXP 	MSTQuestion: autoDraw = True
329.5243 	DATA 	Keypress: 3
329.5411 	EXP 	New trial (rep=0, index=60): OrderedDict([('SoundFile5', 'Snore_C.wav'), ('Correct', 2), ('Correct2', 2), ('Type', 'SIMILAR')])
329.5497 	EXP 	MSTQuestion: autoDraw = False
329.5497 	EXP 	no_3: autoDraw = True
331.0599 	EXP 	no_3: autoDraw = False
331.0599 	EXP 	no_3: autoDraw = False
331.0599 	EXP 	ItemNumber: text = '61/128'
331.0599 	EXP 	Cross: autoDraw = True
331.0599 	EXP 	ItemNumber: autoDraw = True
333.9503 	EXP 	Cross: autoDraw = False
333.9503 	EXP 	ItemNumber: autoDraw = False
333.9503 	EXP 	Cross: autoDraw = False
333.9503 	EXP 	ItemNumber: autoDraw = False
333.9503 	EXP 	MSTQuestion: autoDraw = True
334.4751 	EXP 	New trial (rep=0, index=61): OrderedDict([('SoundFile5', 'Test/Foils/Airhorn.wav'), ('Correct', 2), ('Correct2', 3), ('Type', 'NEW')])
334.4824 	DATA 	Keypress: 3
334.4867 	EXP 	MSTQuestion: autoDraw = False
334.4867 	EXP 	no_3: autoDraw = True
336.0174 	EXP 	no_3: autoDraw = False
336.0174 	EXP 	ItemNumber: text = '62/128'
336.0174 	EXP 	Cross: autoDraw = True
336.0174 	EXP 	ItemNumber: autoDraw = True
338.5832 	EXP 	Cross: autoDraw = False
338.5832 	EXP 	ItemNumber: autoDraw = False
338.5832 	EXP 	Cross: autoDraw = False
338.5832 	EXP 	ItemNumber: autoDraw = False
338.5832 	EXP 	MSTQuestion: autoDraw = True
339.0061 	DATA 	Keypress: 3
339.0235 	EXP 	New trial (rep=0, index=62): OrderedDict([('SoundFile5', 'Whistle_C.wav'), ('Correct', 2), ('Correct2', 2), ('Type', 'SIMILAR')])
339.0317 	EXP 	MSTQuestion: autoDraw = False
339.0317 	EXP 	no_3: autoDraw = True
340.5542 	EXP 	no_3: autoDraw = False
340.5542 	EXP 	no_3: autoDraw = False
340.5542 	EXP 	ItemNumber: text = '63/128'
340.5542 	EXP 	Cross: autoDraw = True
340.5542 	EXP 	ItemNumber: autoDraw = True
343.3003 	EXP 	Cross: autoDraw = False
343.3003 	EXP 	ItemNumber: autoDraw = False
343.3003 	EXP 	Cross: autoDraw = False
343.3003 	EXP 	ItemNumber: autoDraw = False
343.3003 	EXP 	MSTQuestion: autoDraw = True
344.2076 	EXP 	New trial (rep=0, index=63): OrderedDict([('SoundFile5', 'Initial/Repeat/Sneeze_B.wav'), ('Correct', 1), ('Correct2', 1), ('Type', 'OLD')])
344.2130 	DATA 	Keypress: 2
344.2174 	EXP 	MSTQuestion: autoDraw = False
344.2174 	EXP 	no_3: autoDraw = True
345.7370 	EXP 	no_3: autoDraw = False
345.7370 	EXP 	ItemNumber: text = '64/128'
345.7370 	EXP 	Cross: autoDraw = True
345.7370 	EXP 	ItemNumber: autoDraw = True
346.9672 	EXP 	Cross: autoDraw = False
346.9672 	EXP 	ItemNumber: autoDraw = False
346.9672 	EXP 	Cross: autoDraw = False
346.9672 	EXP 	ItemNumber: autoDraw = False
346.9672 	EXP 	MSTQuestion: autoDraw = True
347.7899 	DATA 	Keypress: 1
347.8069 	EXP 	New trial (rep=0, index=64): OrderedDict([('SoundFile5', 'Initial/Doubled/Cat_A.wav'), ('Correct', 1), ('Correct2', 1), ('Type', 'OLD')])
347.8160 	EXP 	MSTQuestion: autoDraw = False
347.8160 	EXP 	no_3: autoDraw = True
349.3261 	EXP 	no_3: autoDraw = False
349.3261 	EXP 	no_3: autoDraw = False
349.3261 	EXP 	ItemNumber: text = '65/128'
349.3261 	EXP 	Cross: autoDraw = True
349.3261 	EXP 	ItemNumber: autoDraw = True
350.7504 	EXP 	Cross: autoDraw = False
350.7504 	EXP 	ItemNumber: autoDraw = False
350.7504 	EXP 	Cross: autoDraw = False
350.7504 	EXP 	ItemNumber: autoDraw = False
350.7504 	EXP 	MSTQuestion: autoDraw = True
351.4068 	DATA 	Keypress: 1
351.4237 	EXP 	New trial (rep=0, index=65): OrderedDict([('SoundFile5', 'Phone_D.wav'), ('Correct', 2), ('Correct2', 3), ('Type', 'NEW')])
351.4325 	EXP 	MSTQuestion: autoDraw = False
351.4325 	EXP 	no_3: autoDraw = True
352.9523 	EXP 	no_3: autoDraw = False
352.9523 	EXP 	no_3: autoDraw = False
352.9523 	EXP 	ItemNumber: text = '66/128'
352.9523 	EXP 	Cross: autoDraw = True
352.9523 	EXP 	ItemNumber: autoDraw = True
355.5001 	EXP 	Cross: autoDraw = False
355.5001 	EXP 	ItemNumber: autoDraw = False
355.5001 	EXP 	Cross: autoDraw = False
355.5001 	EXP 	ItemNumber: autoDraw = False
355.5001 	EXP 	MSTQuestion: autoDraw = True
355.7412 	EXP 	New trial (rep=0, index=66): OrderedDict([('SoundFile5', 'Initial/Repeat/Bagpipe.wav'), ('Correct', 2), ('Correct2', 3), ('Type', 'NEW')])
355.7469 	DATA 	Keypress: 3
355.7512 	EXP 	MSTQuestion: autoDraw = False
355.7512 	EXP 	no_3: autoDraw = True
357.2991 	EXP 	no_3: autoDraw = False
357.2991 	EXP 	ItemNumber: text = '67/128'
357.2991 	EXP 	Cross: autoDraw = True
357.2991 	EXP 	ItemNumber: autoDraw = True
359.6836 	EXP 	Cross: autoDraw = False
359.6836 	EXP 	ItemNumber: autoDraw = False
359.6836 	EXP 	Cross: autoDraw = False
359.6836 	EXP 	ItemNumber: autoDraw = False
359.6836 	EXP 	MSTQuestion: autoDraw = True
360.0744 	EXP 	New trial (rep=0, index=67): OrderedDict([('SoundFile5', 'Chomp_C.wav'), ('Correct', 2), ('Correct2', 2), ('Type', 'SIMILAR')])
360.0801 	DATA 	Keypress: 3
360.0845 	EXP 	MSTQuestion: autoDraw = False
360.0845 	EXP 	no_3: autoDraw = True
361.6175 	EXP 	no_3: autoDraw = False
361.6175 	EXP 	ItemNumber: text = '68/128'
361.6175 	EXP 	Cross: autoDraw = True
361.6175 	EXP 	ItemNumber: autoDraw = True
364.3835 	EXP 	Cross: autoDraw = False
364.3835 	EXP 	ItemNumber: autoDraw = False
364.3835 	EXP 	Cross: autoDraw = False
364.3835 	EXP 	ItemNumber: autoDraw = False
364.3835 	EXP 	MSTQuestion: autoDraw = True
365.0574 	EXP 	New trial (rep=0, index=68): OrderedDict([('SoundFile5', 'Test/Foils/Slurp.wav'), ('Correct', 1), ('Correct2', 1), ('Type', 'OLD')])
365.0629 	DATA 	Keypress: 2
365.0673 	EXP 	MSTQuestion: autoDraw = False
365.0673 	EXP 	no_3: autoDraw = True
366.5888 	EXP 	no_3: autoDraw = False
366.5888 	EXP 	ItemNumber: text = '69/128'
366.5888 	EXP 	Cross: autoDraw = True
366.5888 	EXP 	ItemNumber: autoDraw = True
368.9670 	EXP 	Cross: autoDraw = False
368.9670 	EXP 	ItemNumber: autoDraw = False
368.9670 	EXP 	Cross: autoDraw = False
368.9670 	EXP 	ItemNumber: autoDraw = False
368.9670 	EXP 	MSTQuestion: autoDraw = True
369.5243 	EXP 	New trial (rep=0, index=69): OrderedDict([('SoundFile5', 'Test/Foils/Bowlingpins.wav'), ('Correct', 2), ('Correct2', 3), ('Type', 'NEW')])
369.5294 	DATA 	Keypress: 1
369.5336 	EXP 	MSTQuestion: autoDraw = False
369.5336 	EXP 	no_3: autoDraw = True
371.0477 	EXP 	no_3: autoDraw = False
371.0477 	EXP 	no_3: autoDraw = False
371.0477 	EXP 	ItemNumber: text = '70/128'
371.0477 	EXP 	Cross: autoDraw = True
371.0477 	EXP 	ItemNumber: autoDraw = True
373.4835 	EXP 	Cross: autoDraw = False
373.4835 	EXP 	ItemNumber: autoDraw = False
373.4835 	EXP 	Cross: autoDraw = False
373.4835 	EXP 	ItemNumber: autoDraw = False
373.4835 	EXP 	MSTQuestion: autoDraw = True
373.8405 	EXP 	New trial (rep=0, index=70): OrderedDict([('SoundFile5', 'Initial/Doubled/Bubbles_A.wav'), ('Correct', 1), ('Correct2', 1), ('Type', 'OLD')])
373.8450 	DATA 	Keypress: 3
373.8498 	EXP 	MSTQuestion: autoDraw = False
373.8498 	EXP 	no_3: autoDraw = True
375.3575 	EXP 	no_3: autoDraw = False
375.3575 	EXP 	no_3: autoDraw = False
375.3575 	EXP 	ItemNumber: text = '71/128'
375.3575 	EXP 	Cross: autoDraw = True
375.3575 	EXP 	ItemNumber: autoDraw = True
377.7835 	EXP 	Cross: autoDraw = False
377.7835 	EXP 	ItemNumber: autoDraw = False
377.7835 	EXP 	Cross: autoDraw = False
377.7835 	EXP 	ItemNumber: autoDraw = False
377.7835 	EXP 	MSTQuestion: autoDraw = True
378.1582 	DATA 	Keypress: 1
378.1711 	EXP 	New trial (rep=0, index=71): OrderedDict([('SoundFile5', 'Initial/NoRepeat/Cow.wav'), ('Correct', 2), ('Correct2', 3), ('Type', 'NEW')])
378.1823 	EXP 	MSTQuestion: autoDraw = False
378.1823 	EXP 	no_3: autoDraw = True
379.7010 	EXP 	no_3: autoDraw = False
379.7010 	EXP 	no_3: autoDraw = False
379.7010 	EXP 	ItemNumber: text = '72/128'
379.7010 	EXP 	Cross: autoDraw = True
379.7010 	EXP 	ItemNumber: autoDraw = True
381.5333 	EXP 	Cross: autoDraw = False
381.5333 	EXP 	ItemNumber: autoDraw = False
381.5333 	EXP 	Cross: autoDraw = False
381.5333 	EXP 	ItemNumber: autoDraw = False
381.5333 	EXP 	MSTQuestion: autoDraw = True
381.8903 	EXP 	New trial (rep=0, index=72): OrderedDict([('SoundFile5', 'Initial/Doubled/Siren_A.wav'), ('Correct', 2), ('Correct2', 3), ('Type', 'NEW')])
381.8955 	DATA 	Keypress: 3
381.9001 	EXP 	MSTQuestion: autoDraw = False
381.9001 	EXP 	no_3: autoDraw = True
383.4369 	EXP 	no_3: autoDraw = False
383.4369 	EXP 	ItemNumber: text = '73/128'
383.4369 	EXP 	Cross: autoDraw = True
383.4369 	EXP 	ItemNumber: autoDraw = True
386.2332 	EXP 	Cross: autoDraw = False
386.2332 	EXP 	ItemNumber: autoDraw = False
386.2332 	EXP 	Cross: autoDraw = False
386.2332 	EXP 	ItemNumber: autoDraw = False
386.2332 	EXP 	MSTQuestion: autoDraw = True
386.4241 	EXP 	New trial (rep=0, index=73): OrderedDict([('SoundFile5', 'Initial/Repeat/Crow_B.wav'), ('Correct', 2), ('Correct2', 3), ('Type', 'NEW')])
386.4306 	DATA 	Keypress: 3
386.4352 	EXP 	MSTQuestion: autoDraw = False
386.4352 	EXP 	no_3: autoDraw = True
387.9671 	EXP 	no_3: autoDraw = False
387.9671 	EXP 	ItemNumber: text = '74/128'
387.9671 	EXP 	Cross: autoDraw = True
387.9671 	EXP 	ItemNumber: autoDraw = True
390.0333 	EXP 	Cross: autoDraw = False
390.0333 	EXP 	ItemNumber: autoDraw = False
390.0333 	EXP 	Cross: autoDraw = False
390.0333 	EXP 	ItemNumber: autoDraw = False
390.0333 	EXP 	MSTQuestion: autoDraw = True
390.9212 	EXP 	New trial (rep=0, index=74): OrderedDict([('SoundFile5', 'Initial/Repeat/Bagpipe.wav'), ('Correct', 1), ('Correct2', 1), ('Type', 'OLD')])
390.9239 	DATA 	Keypress: 3
390.9318 	EXP 	MSTQuestion: autoDraw = False
390.9318 	EXP 	no_3: autoDraw = True
392.4427 	EXP 	no_3: autoDraw = False
392.4427 	EXP 	no_3: autoDraw = False
392.4427 	EXP 	ItemNumber: text = '75/128'
392.4427 	EXP 	Cross: autoDraw = True
392.4427 	EXP 	ItemNumber: autoDraw = True
394.8167 	EXP 	Cross: autoDraw = False
394.8167 	EXP 	ItemNumber: autoDraw = False
394.8167 	EXP 	Cross: autoDraw = False
394.8167 	EXP 	ItemNumber: autoDraw = False
394.8167 	EXP 	MSTQuestion: autoDraw = True
395.7068 	DATA 	Keypress: 1
395.7236 	EXP 	New trial (rep=0, index=75): OrderedDict([('SoundFile5', 'Initial/Repeat/Cup.wav'), ('Correct', 1), ('Correct2', 1), ('Type', 'OLD')])
395.7330 	EXP 	MSTQuestion: autoDraw = False
395.7330 	EXP 	no_3: autoDraw = True
397.2422 	EXP 	no_3: autoDraw = False
397.2422 	EXP 	no_3: autoDraw = False
397.2422 	EXP 	ItemNumber: text = '76/128'
397.2422 	EXP 	Cross: autoDraw = True
397.2422 	EXP 	ItemNumber: autoDraw = True
398.5667 	EXP 	Cross: autoDraw = False
398.5667 	EXP 	ItemNumber: autoDraw = False
398.5667 	EXP 	Cross: autoDraw = False
398.5667 	EXP 	ItemNumber: autoDraw = False
398.5667 	EXP 	MSTQuestion: autoDraw = True
398.9743 	EXP 	New trial (rep=0, index=76): OrderedDict([('SoundFile5', 'Test/Foils/Bullfrog.wav'), ('Correct', 2), ('Correct2', 3), ('Type', 'NEW')])
398.9823 	DATA 	Keypress: 1
398.9866 	EXP 	MSTQuestion: autoDraw = False
398.9866 	EXP 	no_3: autoDraw = True
400.5460 	EXP 	no_3: autoDraw = False
400.5460 	EXP 	ItemNumber: text = '77/128'
400.5460 	EXP 	Cross: autoDraw = True
400.5460 	EXP 	ItemNumber: autoDraw = True
403.4667 	EXP 	Cross: autoDraw = False
403.4667 	EXP 	ItemNumber: autoDraw = False
403.4667 	EXP 	Cross: autoDraw = False
403.4667 	EXP 	ItemNumber: autoDraw = False
403.4667 	EXP 	MSTQuestion: autoDraw = True
403.8571 	EXP 	New trial (rep=0, index=77): OrderedDict([('SoundFile5', 'Initial/Repeat/Phone_A.wav'), ('Correct', 2), ('Correct2', 2), ('Type', 'SIMILAR')])
403.8631 	DATA 	Keypress: 1
403.8674 	EXP 	MSTQuestion: autoDraw = False
403.8674 	EXP 	no_3: autoDraw = True
405.4040 	EXP 	no_3: autoDraw = False
405.4040 	EXP 	ItemNumber: text = '78/128'
405.4040 	EXP 	Cross: autoDraw = True
405.4040 	EXP 	ItemNumber: autoDraw = True
408.3497 	EXP 	Cross: autoDraw = False
408.3497 	EXP 	ItemNumber: autoDraw = False
408.3497 	EXP 	Cross: autoDraw = False
408.3497 	EXP 	ItemNumber: autoDraw = False
408.3497 	EXP 	MSTQuestion: autoDraw = True
409.1091 	DATA 	Keypress: 3
409.1242 	EXP 	New trial (rep=0, index=78): OrderedDict([('SoundFile5', 'Initial/Doubled/HairDryer_A.wav'), ('Correct', 2), ('Correct2', 3), ('Type', 'NEW')])
409.1333 	EXP 	MSTQuestion: autoDraw = False
409.1333 	EXP 	no_3: autoDraw = True
410.6593 	EXP 	no_3: autoDraw = False
410.6593 	EXP 	no_3: autoDraw = False
410.6593 	EXP 	ItemNumber: text = '79/128'
410.6593 	EXP 	Cross: autoDraw = True
410.6593 	EXP 	ItemNumber: autoDraw = True
413.2330 	EXP 	Cross: autoDraw = False
413.2330 	EXP 	ItemNumber: autoDraw = False
413.2330 	EXP 	Cross: autoDraw = False
413.2330 	EXP 	ItemNumber: autoDraw = False
413.2330 	EXP 	MSTQuestion: autoDraw = True
413.8740 	EXP 	New trial (rep=0, index=79): OrderedDict([('SoundFile5', 'Test/Foils/Airhorn.wav'), ('Correct', 1), ('Correct2', 1), ('Type', 'OLD')])
413.8806 	DATA 	Keypress: 3
413.8848 	EXP 	MSTQuestion: autoDraw = False
413.8848 	EXP 	no_3: autoDraw = True
415.4086 	EXP 	no_3: autoDraw = False
415.4086 	EXP 	ItemNumber: text = '80/128'
415.4086 	EXP 	Cross: autoDraw = True
415.4086 	EXP 	ItemNumber: autoDraw = True
417.9666 	EXP 	Cross: autoDraw = False
417.9666 	EXP 	ItemNumber: autoDraw = False
417.9666 	EXP 	Cross: autoDraw = False
417.9666 	EXP 	ItemNumber: autoDraw = False
417.9666 	EXP 	MSTQuestion: autoDraw = True
418.3736 	EXP 	New trial (rep=0, index=80): OrderedDict([('SoundFile5', 'Initial/Doubled/Cuckoo_A.wav'), ('Correct', 2), ('Correct2', 3), ('Type', 'NEW')])
418.3788 	DATA 	Keypress: 1
418.3829 	EXP 	MSTQuestion: autoDraw = False
418.3829 	EXP 	no_3: autoDraw = True
419.9033 	EXP 	no_3: autoDraw = False
419.9033 	EXP 	no_3: autoDraw = False
419.9033 	EXP 	ItemNumber: text = '81/128'
419.9033 	EXP 	Cross: autoDraw = True
419.9033 	EXP 	ItemNumber: autoDraw = True
422.3830 	EXP 	Cross: autoDraw = False
422.3830 	EXP 	ItemNumber: autoDraw = False
422.3830 	EXP 	Cross: autoDraw = False
422.3830 	EXP 	ItemNumber: autoDraw = False
422.3830 	EXP 	MSTQuestion: autoDraw = True
422.7077 	DATA 	Keypress: 3
422.7261 	EXP 	New trial (rep=0, index=81): OrderedDict([('SoundFile5', 'Initial/NoRepeat/Cow.wav'), ('Correct', 1), ('Correct2', 1), ('Type', 'OLD')])
422.7350 	EXP 	MSTQuestion: autoDraw = False
422.7350 	EXP 	no_3: autoDraw = True
424.2482 	EXP 	no_3: autoDraw = False
424.2482 	EXP 	ItemNumber: text = '82/128'
424.2482 	EXP 	Cross: autoDraw = True
424.2482 	EXP 	ItemNumber: autoDraw = True
426.0827 	EXP 	Cross: autoDraw = False
426.0827 	EXP 	ItemNumber: autoDraw = False
426.0827 	EXP 	Cross: autoDraw = False
426.0827 	EXP 	ItemNumber: autoDraw = False
426.0827 	EXP 	MSTQuestion: autoDraw = True
426.6231 	EXP 	New trial (rep=0, index=82): OrderedDict([('SoundFile5', 'Initial/NoRepeat/Hammer_A.wav'), ('Correct', 2), ('Correct2', 3), ('Type', 'NEW')])
426.6279 	DATA 	Keypress: 1
426.6322 	EXP 	MSTQuestion: autoDraw = False
426.6322 	EXP 	no_3: autoDraw = True
428.1378 	EXP 	no_3: autoDraw = False
428.1378 	EXP 	no_3: autoDraw = False
428.1378 	EXP 	ItemNumber: text = '83/128'
428.1378 	EXP 	Cross: autoDraw = True
428.1378 	EXP 	ItemNumber: autoDraw = True
430.6161 	EXP 	Cross: autoDraw = False
430.6161 	EXP 	ItemNumber: autoDraw = False
430.6161 	EXP 	Cross: autoDraw = False
430.6161 	EXP 	ItemNumber: autoDraw = False
430.6161 	EXP 	MSTQuestion: autoDraw = True
431.0376 	DATA 	Keypress: 3
431.0542 	EXP 	New trial (rep=0, index=83): OrderedDict([('SoundFile5', 'Initial/NoRepeat/Footsteps_B.wav'), ('Correct', 2), ('Correct2', 3), ('Type', 'NEW')])
431.0646 	EXP 	MSTQuestion: autoDraw = False
431.0646 	EXP 	no_3: autoDraw = True
432.5661 	EXP 	no_3: autoDraw = False
432.5661 	EXP 	no_3: autoDraw = False
432.5661 	EXP 	ItemNumber: text = '84/128'
432.5661 	EXP 	Cross: autoDraw = True
432.5661 	EXP 	ItemNumber: autoDraw = True
435.2159 	EXP 	Cross: autoDraw = False
435.2159 	EXP 	ItemNumber: autoDraw = False
435.2159 	EXP 	Cross: autoDraw = False
435.2159 	EXP 	ItemNumber: autoDraw = False
435.2159 	EXP 	MSTQuestion: autoDraw = True
435.4706 	EXP 	New trial (rep=0, index=84): OrderedDict([('SoundFile5', 'Initial/Doubled/Dog_A.wav'), ('Correct', 2), ('Correct2', 3), ('Type', 'NEW')])
435.4742 	DATA 	Keypress: 3
435.4821 	EXP 	MSTQuestion: autoDraw = False
435.4821 	EXP 	no_3: autoDraw = True
436.9816 	EXP 	no_3: autoDraw = False
436.9816 	EXP 	no_3: autoDraw = False
436.9816 	EXP 	ItemNumber: text = '85/128'
436.9816 	EXP 	Cross: autoDraw = True
436.9816 	EXP 	ItemNumber: autoDraw = True
439.5989 	EXP 	Cross: autoDraw = False
439.5989 	EXP 	ItemNumber: autoDraw = False
439.5989 	EXP 	Cross: autoDraw = False
439.5989 	EXP 	ItemNumber: autoDraw = False
439.5989 	EXP 	MSTQuestion: autoDraw = True
439.9876 	DATA 	Keypress: 3
440.0036 	EXP 	New trial (rep=0, index=85): OrderedDict([('SoundFile5', 'Test/Foils/Bowlingpins.wav'), ('Correct', 1), ('Correct2', 1), ('Type', 'OLD')])
440.0147 	EXP 	MSTQuestion: autoDraw = False
440.0147 	EXP 	no_3: autoDraw = True
441.5149 	EXP 	no_3: autoDraw = False
441.5149 	EXP 	no_3: autoDraw = False
441.5149 	EXP 	ItemNumber: text = '86/128'
441.5149 	EXP 	Cross: autoDraw = True
441.5149 	EXP 	ItemNumber: autoDraw = True
443.9487 	EXP 	Cross: autoDraw = False
443.9487 	EXP 	ItemNumber: autoDraw = False
443.9487 	EXP 	Cross: autoDraw = False
443.9487 	EXP 	ItemNumber: autoDraw = False
443.9487 	EXP 	MSTQuestion: autoDraw = True
445.5366 	DATA 	Keypress: 1
445.5532 	EXP 	New trial (rep=0, index=86): OrderedDict([('SoundFile5', 'Initial/Doubled/Clap_A.wav'), ('Correct', 2), ('Correct2', 3), ('Type', 'NEW')])
445.5649 	EXP 	MSTQuestion: autoDraw = False
445.5649 	EXP 	no_3: autoDraw = True
447.0648 	EXP 	no_3: autoDraw = False
447.0648 	EXP 	no_3: autoDraw = False
447.0648 	EXP 	ItemNumber: text = '87/128'
447.0648 	EXP 	Cross: autoDraw = True
447.0648 	EXP 	ItemNumber: autoDraw = True
449.5657 	EXP 	Cross: autoDraw = False
449.5657 	EXP 	ItemNumber: autoDraw = False
449.5657 	EXP 	Cross: autoDraw = False
449.5657 	EXP 	ItemNumber: autoDraw = False
449.5657 	EXP 	MSTQuestion: autoDraw = True
449.9705 	DATA 	Keypress: 3
449.9865 	EXP 	New trial (rep=0, index=87): OrderedDict([('SoundFile5', 'Initial/NoRepeat/Fireworks.wav'), ('Correct', 2), ('Correct2', 3), ('Type', 'NEW')])
449.9980 	EXP 	MSTQuestion: autoDraw = False
449.9980 	EXP 	no_3: autoDraw = True
451.5089 	EXP 	no_3: autoDraw = False
451.5089 	EXP 	no_3: autoDraw = False
451.5089 	EXP 	ItemNumber: text = '88/128'
451.5089 	EXP 	Cross: autoDraw = True
451.5089 	EXP 	ItemNumber: autoDraw = True
454.4819 	EXP 	Cross: autoDraw = False
454.4819 	EXP 	ItemNumber: autoDraw = False
454.4819 	EXP 	Cross: autoDraw = False
454.4819 	EXP 	ItemNumber: autoDraw = False
454.4819 	EXP 	MSTQuestion: autoDraw = True
454.9205 	DATA 	Keypress: 1
454.9397 	EXP 	New trial (rep=0, index=88): OrderedDict([('SoundFile5', 'Test/Foils/Bullfrog.wav'), ('Correct', 1), ('Correct2', 1), ('Type', 'OLD')])
454.9480 	EXP 	MSTQuestion: autoDraw = False
454.9480 	EXP 	no_3: autoDraw = True
456.4478 	EXP 	no_3: autoDraw = False
456.4478 	EXP 	no_3: autoDraw = False
456.4478 	EXP 	ItemNumber: text = '89/128'
456.4478 	EXP 	Cross: autoDraw = True
456.4478 	EXP 	ItemNumber: autoDraw = True
459.3659 	EXP 	Cross: autoDraw = False
459.3659 	EXP 	ItemNumber: autoDraw = False
459.3659 	EXP 	Cross: autoDraw = False
459.3659 	EXP 	ItemNumber: autoDraw = False
459.3659 	EXP 	MSTQuestion: autoDraw = True
459.9367 	DATA 	Keypress: 1
459.9532 	EXP 	New trial (rep=0, index=89): OrderedDict([('SoundFile5', 'Siren_C.wav'), ('Correct', 2), ('Correct2', 2), ('Type', 'SIMILAR')])
459.9647 	EXP 	MSTQuestion: autoDraw = False
459.9647 	EXP 	no_3: autoDraw = True
461.5433 	EXP 	no_3: autoDraw = False
461.5433 	EXP 	no_3: autoDraw = False
461.5433 	EXP 	ItemNumber: text = '90/128'
461.5433 	EXP 	Cross: autoDraw = True
461.5433 	EXP 	ItemNumber: autoDraw = True
464.0155 	EXP 	Cross: autoDraw = False
464.0155 	EXP 	ItemNumber: autoDraw = False
464.0155 	EXP 	Cross: autoDraw = False
464.0155 	EXP 	ItemNumber: autoDraw = False
464.0155 	EXP 	MSTQuestion: autoDraw = True
464.6709 	DATA 	Keypress: 2
464.6871 	EXP 	New trial (rep=0, index=90): OrderedDict([('SoundFile5', 'Crow_A.wav'), ('Correct', 2), ('Correct2', 2), ('Type', 'SIMILAR')])
464.6980 	EXP 	MSTQuestion: autoDraw = False
464.6980 	EXP 	no_3: autoDraw = True
466.1999 	EXP 	no_3: autoDraw = False
466.1999 	EXP 	no_3: autoDraw = False
466.1999 	EXP 	ItemNumber: text = '91/128'
466.1999 	EXP 	Cross: autoDraw = True
466.1999 	EXP 	ItemNumber: autoDraw = True
467.8985 	EXP 	Cross: autoDraw = False
467.8985 	EXP 	ItemNumber: autoDraw = False
467.8985 	EXP 	Cross: autoDraw = False
467.8985 	EXP 	ItemNumber: autoDraw = False
467.8985 	EXP 	MSTQuestion: autoDraw = True
468.5868 	EXP 	New trial (rep=0, index=91): OrderedDict([('SoundFile5', 'Goat_B.wav'), ('Correct', 2), ('Correct2', 3), ('Type', 'NEW')])
468.5899 	DATA 	Keypress: 2
468.5977 	EXP 	MSTQuestion: autoDraw = False
468.5977 	EXP 	no_3: autoDraw = True
470.3592 	EXP 	window1: mouseVisible = True
