1.1582 	WARNING 	We strongly recommend you activate the PTB sound engine in PsychoPy prefs as the preferred audio engine. Its timing is vastly superior. Your prefs are currently set to use ['sounddevice', 'PTB', 'pyo', 'pygame'] (in that order).
6.8001 	WARNING 	User requested fullscreen with size [1024  768], but screen is actually [2256, 1504]. Using actual size
8.6746 	EXP 	Created window1 = Window(allowGUI=False, allowStencil=False, args=UNKNOWN, autoLog=True, bitsMode=UNKNOWN, blendMode='avg', bpc=(8, 8, 8), color=array([0., 0., 0.]), colorSpace='rgb', depthBits=8, fullscr=<method-wrapper '__getattribute__' of attributeSetter object at 0x000001BF43C4C160>, gamma=None, gammaErrorPolicy='raise', kwargs=UNKNOWN, lms=UNKNOWN, monitor=<psychopy.monitors.calibTools.Monitor object at 0x000001BF43B53860>, multiSample=False, name='window1', numSamples=2, pos=[0.0, 0.0], screen=0, size=array([2256, 1504]), stencilBits=0, stereo=False, units='height', useFBO=True, useRetina=False, viewOri=0.0, viewPos=None, viewScale=None, waitBlanking=True, winType='pyglet')
8.6748 	EXP 	window1: mouseVisible = True
8.6749 	EXP 	window1: recordFrameIntervals = False
8.8407 	EXP 	window1: recordFrameIntervals = True
9.0235 	EXP 	window1: recordFrameIntervals = False
9.4058 	EXP 	Created InstructionTxt = TextStim(__class__=<class 'psychopy.visual.text.TextStim'>, alignHoriz=method-wrapper(...), alignText='center', alignVert=method-wrapper(...), anchorHoriz='center', anchorVert='center', antialias=True, autoLog=True, bold=False, color='white', colorSpace='named', contrast=1.0, depth=0.0, flipHoriz=False, flipVert=False, font='Arial', fontFiles=[], height=0.04, italic=False, languageStyle='LTR', name='InstructionTxt', opacity=1.0, ori=0, pos=array([0., 0.]), rgb=array([255., 255., 255.]), text=str(...), units='height', win=Window(...), wrapWidth=1)
9.4157 	EXP 	Created WelcomContinue = TextStim(__class__=<class 'psychopy.visual.text.TextStim'>, alignHoriz=method-wrapper(...), alignText='center', alignVert=method-wrapper(...), anchorHoriz='center', anchorVert='center', antialias=True, autoLog=True, bold=False, color='white', colorSpace='named', contrast=1.0, depth=-3.0, flipHoriz=False, flipVert=False, font='Arial', fontFiles=[], height=0.04, italic=False, languageStyle='LTR', name='WelcomContinue', opacity=1.0, ori=0, pos=array([ 0. , -0.4]), rgb=array([255., 255., 255.]), text='Press SPACE to continue', units='height', win=Window(...), wrapWidth=1)
9.4383 	EXP 	Created WelcomeTxt1 = TextStim(__class__=<class 'psychopy.visual.text.TextStim'>, alignHoriz=method-wrapper(...), alignText='center', alignVert=method-wrapper(...), anchorHoriz='center', anchorVert='center', antialias=True, autoLog=True, bold=False, color='white', colorSpace='named', contrast=1.0, depth=0.0, flipHoriz=False, flipVert=False, font='Arial', fontFiles=[], height=0.04, italic=False, languageStyle='LTR', name='WelcomeTxt1', opacity=1.0, ori=0, pos=array([0., 0.]), rgb=array([255., 255., 255.]), text=str(...), units='height', win=Window(...), wrapWidth=1)
9.4423 	EXP 	Created ContinueKey1 = TextStim(__class__=<class 'psychopy.visual.text.TextStim'>, alignHoriz=method-wrapper(...), alignText='center', alignVert=method-wrapper(...), anchorHoriz='center', anchorVert='center', antialias=True, autoLog=True, bold=False, color='white', colorSpace='named', contrast=1.0, depth=-1.0, flipHoriz=False, flipVert=False, font='Arial', fontFiles=[], height=0.04, italic=False, languageStyle='LTR', name='ContinueKey1', opacity=1.0, ori=0, pos=array([ 0. , -0.4]), rgb=array([255., 255., 255.]), text='Press SPACE to continue', units='height', win=Window(...), wrapWidth=1)
9.4591 	EXP 	Created InstructionTxt2 = TextStim(__class__=<class 'psychopy.visual.text.TextStim'>, alignHoriz=method-wrapper(...), alignText='center', alignVert=method-wrapper(...), anchorHoriz='center', anchorVert='center', antialias=True, autoLog=True, bold=False, color='white', colorSpace='named', contrast=1.0, depth=0.0, flipHoriz=False, flipVert=False, font='Arial', fontFiles=[], height=0.04, italic=False, languageStyle='LTR', name='InstructionTxt2', opacity=1.0, ori=0, pos=array([0., 0.]), rgb=array([255., 255., 255.]), text=str(...), units='height', win=Window(...), wrapWidth=1)
9.4632 	EXP 	Created WelcomeContinue2 = TextStim(__class__=<class 'psychopy.visual.text.TextStim'>, alignHoriz=method-wrapper(...), alignText='center', alignVert=method-wrapper(...), anchorHoriz='center', anchorVert='center', antialias=True, autoLog=True, bold=False, color='white', colorSpace='named', contrast=1.0, depth=-1.0, flipHoriz=False, flipVert=False, font='Arial', fontFiles=[], height=0.04, italic=False, languageStyle='LTR', name='WelcomeContinue2', opacity=1.0, ori=0, pos=array([ 0. , -0.4]), rgb=array([255., 255., 255.]), text='Press SPACE to continue', units='height', win=Window(...), wrapWidth=1)
9.4712 	EXP 	Created VolumeBeginTxt = TextStim(__class__=<class 'psychopy.visual.text.TextStim'>, alignHoriz=method-wrapper(...), alignText='center', alignVert=method-wrapper(...), anchorHoriz='center', anchorVert='center', antialias=True, autoLog=True, bold=False, color='white', colorSpace='named', contrast=1.0, depth=0.0, flipHoriz=False, flipVert=False, font='Arial', fontFiles=[], height=0.04, italic=False, languageStyle='LTR', name='VolumeBeginTxt', opacity=1.0, ori=0, pos=array([0., 0.]), rgb=array([255., 255., 255.]), text=str(...), units='height', win=Window(...), wrapWidth=1)
9.4769 	EXP 	Created VolumeContinue = TextStim(__class__=<class 'psychopy.visual.text.TextStim'>, alignHoriz=method-wrapper(...), alignText='center', alignVert=method-wrapper(...), anchorHoriz='center', anchorVert='center', antialias=True, autoLog=True, bold=False, color='white', colorSpace='named', contrast=1.0, depth=-1.0, flipHoriz=False, flipVert=False, font='Arial', fontFiles=[], height=0.04, italic=False, languageStyle='LTR', name='VolumeContinue', opacity=1.0, ori=0, pos=array([ 0. , -0.4]), rgb=array([255., 255., 255.]), text=str(...), units='height', win=Window(...), wrapWidth=1)
9.4853 	EXP 	Created text = TextStim(__class__=<class 'psychopy.visual.text.TextStim'>, alignHoriz=method-wrapper(...), alignText='center', alignVert=method-wrapper(...), anchorHoriz='center', anchorVert='center', antialias=True, autoLog=True, bold=False, color='white', colorSpace='named', contrast=1.0, depth=0.0, flipHoriz=False, flipVert=False, font='Arial', fontFiles=[], height=0.04, italic=False, languageStyle='LTR', name='text', opacity=1.0, ori=0, pos=array([0., 0.]), rgb=array([255., 255., 255.]), text=str(...), units='height', win=Window(...), wrapWidth=1)
9.6010 	EXP 	Sound Music set volume 0.300
9.6116 	EXP 	Created AdjustContinue = TextStim(__class__=<class 'psychopy.visual.text.TextStim'>, alignHoriz=method-wrapper(...), alignText='center', alignVert=method-wrapper(...), anchorHoriz='center', anchorVert='center', antialias=True, autoLog=True, bold=False, color='white', colorSpace='named', contrast=1.0, depth=-3.0, flipHoriz=False, flipVert=False, font='Arial', fontFiles=[], height=0.04, italic=False, languageStyle='LTR', name='AdjustContinue', opacity=1.0, ori=0, pos=array([ 0. , -0.4]), rgb=array([255., 255., 255.]), text=str(...), units='height', win=Window(...), wrapWidth=1)
9.6193 	EXP 	Created StartTxt = TextStim(__class__=<class 'psychopy.visual.text.TextStim'>, alignHoriz=method-wrapper(...), alignText='center', alignVert=method-wrapper(...), anchorHoriz='center', anchorVert='center', antialias=True, autoLog=True, bold=False, color='white', colorSpace='named', contrast=1.0, depth=0.0, flipHoriz=False, flipVert=False, font='Arial', fontFiles=[], height=0.04, italic=False, languageStyle='LTR', name='StartTxt', opacity=1.0, ori=0, pos=array([0., 0.]), rgb=array([255., 255., 255.]), text='We will now begin the task', units='height', win=Window(...), wrapWidth=1)
9.6289 	EXP 	Created no3 = TextStim(__class__=<class 'psychopy.visual.text.TextStim'>, alignHoriz=method-wrapper(...), alignText='center', alignVert=method-wrapper(...), anchorHoriz='center', anchorVert='center', antialias=True, autoLog=True, bold=False, color='white', colorSpace='named', contrast=1.0, depth=0.0, flipHoriz=False, flipVert=False, font='Arial', fontFiles=[], height=0.05, italic=False, languageStyle='LTR', name='no3', opacity=1.0, ori=0, pos=array([0., 0.]), rgb=array([255., 255., 255.]), text='3', units='height', win=Window(...), wrapWidth=1)
9.6332 	EXP 	Created no2 = TextStim(__class__=<class 'psychopy.visual.text.TextStim'>, alignHoriz=method-wrapper(...), alignText='center', alignVert=method-wrapper(...), anchorHoriz='center', anchorVert='center', antialias=True, autoLog=True, bold=False, color='white', colorSpace='named', contrast=1.0, depth=0.0, flipHoriz=False, flipVert=False, font='Arial', fontFiles=[], height=0.05, italic=False, languageStyle='LTR', name='no2', opacity=1.0, ori=0, pos=array([0., 0.]), rgb=array([255., 255., 255.]), text='2', units='height', win=Window(...), wrapWidth=1)
9.6371 	EXP 	Created no1 = TextStim(__class__=<class 'psychopy.visual.text.TextStim'>, alignHoriz=method-wrapper(...), alignText='center', alignVert=method-wrapper(...), anchorHoriz='center', anchorVert='center', antialias=True, autoLog=True, bold=False, color='white', colorSpace='named', contrast=1.0, depth=0.0, flipHoriz=False, flipVert=False, font='Arial', fontFiles=[], height=0.05, italic=False, languageStyle='LTR', name='no1', opacity=1.0, ori=0, pos=array([0., 0.]), rgb=array([255., 255., 255.]), text='1', units='height', win=Window(...), wrapWidth=1)
9.6431 	EXP 	Created Question = TextStim(__class__=<class 'psychopy.visual.text.TextStim'>, alignHoriz=method-wrapper(...), alignText='center', alignVert=method-wrapper(...), anchorHoriz='center', anchorVert='center', antialias=True, autoLog=True, bold=False, color='white', colorSpace='named', contrast=1.0, depth=0.0, flipHoriz=False, flipVert=False, font='Arial', fontFiles=[], height=0.04, italic=False, languageStyle='LTR', name='Question', opacity=1.0, ori=0, pos=array([0., 0.]), rgb=array([255., 255., 255.]), text='What is this sound?\n', units='height', win=Window(...), wrapWidth=1)
9.7023 	EXP 	window1: mouseVisible = True
9.7247 	EXP 	Created ClickTheButton = TextStim(__class__=<class 'psychopy.visual.text.TextStim'>, alignHoriz=method-wrapper(...), alignText='center', alignVert=method-wrapper(...), anchorHoriz='center', anchorVert='center', antialias=True, autoLog=True, bold=False, color='white', colorSpace='named', contrast=1.0, depth=-3.0, flipHoriz=False, flipVert=False, font='Arial', fontFiles=[], height=0.025, italic=False, languageStyle='LTR', name='ClickTheButton', opacity=1.0, ori=0, pos=array([ 0.  , -0.03]), rgb=array([255., 255., 255.]), text="Click 'Submit' to continue.", units='height', win=Window(...), wrapWidth=1)
9.7248 	EXP 	Sound SoundItem set volume 1.000
9.7350 	EXP 	Created ItemNo = TextStim(__class__=<class 'psychopy.visual.text.TextStim'>, alignHoriz=method-wrapper(...), alignText='center', alignVert=method-wrapper(...), anchorHoriz='center', anchorVert='center', antialias=True, autoLog=True, bold=False, color='white', colorSpace='named', contrast=1.0, depth=-5.0, flipHoriz=False, flipVert=False, font='Arial', fontFiles=[], height=0.04, italic=False, languageStyle='LTR', name='ItemNo', opacity=1.0, ori=0, pos=array([0.  , 0.45]), rgb=array([255., 255., 255.]), text='default text', units='height', win=Window(...), wrapWidth=1)
9.8104 	EXP 	Created MSTQuestion = TextStim(__class__=<class 'psychopy.visual.text.TextStim'>, alignHoriz=method-wrapper(...), alignText='center', alignVert=method-wrapper(...), anchorHoriz='center', anchorVert='center', antialias=True, autoLog=True, bold=False, color='white', colorSpace='named', contrast=1.0, depth=0.0, flipHoriz=False, flipVert=False, font='Arial', fontFiles=[], height=0.04, italic=False, languageStyle='LTR', name='MSTQuestion', opacity=1.0, ori=0, pos=array([0., 0.]), rgb=array([255., 255., 255.]), text=str(...), units='height', win=Window(...), wrapWidth=1)
9.8230 	EXP 	Created ThankyouMssg = TextStim(__class__=<class 'psychopy.visual.text.TextStim'>, alignHoriz=method-wrapper(...), alignText='center', alignVert=method-wrapper(...), anchorHoriz='center', anchorVert='center', antialias=True, autoLog=True, bold=False, color='white', colorSpace='named', contrast=1.0, depth=0.0, flipHoriz=False, flipVert=False, font='Arial', fontFiles=[], height=0.04, italic=False, languageStyle='LTR', name='ThankyouMssg', opacity=1.0, ori=0, pos=array([0. , 0.2]), rgb=array([255., 255., 255.]), text=str(...), units='height', win=Window(...), wrapWidth=1)
9.8962 	EXP 	Created ExitTxt = TextStim(__class__=<class 'psychopy.visual.text.TextStim'>, alignHoriz=method-wrapper(...), alignText='center', alignVert=method-wrapper(...), anchorHoriz='center', anchorVert='center', antialias=True, autoLog=True, bold=False, color='white', colorSpace='named', contrast=1.0, depth=-2.0, flipHoriz=False, flipVert=False, font='Arial', fontFiles=[], height=0.04, italic=False, languageStyle='LTR', name='ExitTxt', opacity=1.0, ori=0, pos=array([ 0. , -0.4]), rgb=array([255., 255., 255.]), text='Press SPACE to exit the study', units='height', win=Window(...), wrapWidth=1)
9.9076 	EXP 	Created CodeTxt = TextStim(__class__=<class 'psychopy.visual.text.TextStim'>, alignHoriz=method-wrapper(...), alignText='center', alignVert=method-wrapper(...), anchorHoriz='center', anchorVert='center', antialias=True, autoLog=True, bold=False, color='white', colorSpace='named', contrast=1.0, depth=-4.0, flipHoriz=False, flipVert=False, font='Arial', fontFiles=[], height=0.04, italic=False, languageStyle='LTR', name='CodeTxt', opacity=1.0, ori=0, pos=array([ 0.  , -0.22]), rgb=array([255., 255., 255.]), text=str(...), units='height', win=Window(...), wrapWidth=1)
9.9413 	EXP 	ResponseBox: autoLog = True
9.9413 	EXP 	Submit: autoLog = True
9.9413 	EXP 	CompletionCode: autoLog = True
9.9413 	EXP 	InstructionTxt: autoDraw = True
9.9413 	EXP 	WelcomContinue: autoDraw = True
11.0490 	DATA 	Keypress: space
11.0578 	EXP 	InstructionTxt: autoDraw = False
11.0578 	EXP 	WelcomContinue: autoDraw = False
11.0578 	EXP 	WelcomeTxt1: autoDraw = True
11.0578 	EXP 	ContinueKey1: autoDraw = True
11.0578 	EXP 	ResponseBox: text = 'default text '
11.6704 	DATA 	Keypress: space
11.6769 	EXP 	WelcomeTxt1: autoDraw = False
11.6769 	EXP 	ContinueKey1: autoDraw = False
11.6769 	EXP 	InstructionTxt2: autoDraw = True
11.6769 	EXP 	WelcomeContinue2: autoDraw = True
11.6769 	EXP 	ResponseBox: text = 'default text  '
12.3669 	DATA 	Keypress: space
12.3737 	EXP 	InstructionTxt2: autoDraw = False
12.3737 	EXP 	WelcomeContinue2: autoDraw = False
12.3737 	EXP 	VolumeBeginTxt: autoDraw = True
12.3737 	EXP 	VolumeContinue: autoDraw = True
12.3737 	EXP 	ResponseBox: text = 'default text   '
13.1954 	DATA 	Keypress: space
13.2068 	EXP 	ResponseBox: text = 'default text    '
13.2429 	EXP 	VolumeBeginTxt: autoDraw = False
13.2429 	EXP 	VolumeContinue: autoDraw = False
13.2429 	EXP 	text: autoDraw = True
13.2429 	EXP 	AdjustContinue: autoDraw = True
14.6806 	DATA 	Keypress: space
14.6902 	EXP 	text: autoDraw = False
14.6902 	EXP 	AdjustContinue: autoDraw = False
14.6902 	EXP 	StartTxt: autoDraw = True
14.6902 	EXP 	ResponseBox: text = 'default text     '
16.7197 	EXP 	Imported GuessSounds_conditions.xlsx as conditions, 80 conditions, 2 params
16.7202 	EXP 	Created sequence: sequential, trialTypes=80, nReps=1, seed=None
16.7205 	EXP 	New trial (rep=0, index=0): OrderedDict([('SoundFiles3', 'Test/Foils/Slurp.wav'), ('Correct', 3)])
16.7267 	EXP 	StartTxt: autoDraw = False
16.7267 	EXP 	StartTxt: autoDraw = False
16.7267 	EXP 	no3: autoDraw = True
17.7066 	EXP 	no3: autoDraw = False
17.7066 	EXP 	no2: autoDraw = True
18.7065 	EXP 	no2: autoDraw = False
18.7065 	EXP 	no1: autoDraw = True
19.7251 	EXP 	no1: autoDraw = False
19.7251 	EXP 	ResponseBox: text = '\n\n'
19.7251 	EXP 	ItemNo: text = '1/80'
19.7251 	EXP 	Question: autoDraw = True
19.7251 	EXP 	ResponseBox: autoDraw = True
19.7251 	EXP 	ClickTheButton: autoDraw = True
19.7251 	EXP 	ItemNo: autoDraw = True
19.7251 	EXP 	Submit: autoDraw = True
22.7756 	DATA 	Keypress: space
22.7913 	EXP 	ResponseBox: text = '\n\n '
23.8258 	DATA 	Mouse: Left button down, pos=(1113,196)
23.8408 	EXP 	Question: autoDraw = False
23.8408 	EXP 	ResponseBox: autoDraw = False
23.8408 	EXP 	ClickTheButton: autoDraw = False
23.8408 	EXP 	ItemNo: autoDraw = False
23.8408 	EXP 	Submit: autoDraw = False
23.8408 	EXP 	ResponseBox: text = 'default text'
23.8408 	EXP 	MSTQuestion: autoDraw = True
24.0619 	DATA 	Mouse:  Left button up, pos=(1113,196)
25.5796 	EXP 	New trial (rep=0, index=1): OrderedDict([('SoundFiles3', 'Initial/Repeat/ManWhistle.wav'), ('Correct', 3)])
25.5824 	DATA 	Keypress: 3
25.5969 	EXP 	MSTQuestion: autoDraw = False
25.5969 	EXP 	no3: autoDraw = True
25.5969 	EXP 	ResponseBox: text = 'def3ault text'
26.6067 	EXP 	no3: autoDraw = False
26.6067 	EXP 	no2: autoDraw = True
27.6065 	EXP 	no2: autoDraw = False
27.6065 	EXP 	no1: autoDraw = True
28.6079 	EXP 	no1: autoDraw = False
28.6079 	EXP 	ResponseBox: text = '\n\n'
28.6079 	EXP 	ItemNo: text = '2/80'
28.6079 	EXP 	Question: autoDraw = True
28.6079 	EXP 	ResponseBox: autoDraw = True
28.6079 	EXP 	ClickTheButton: autoDraw = True
28.6079 	EXP 	ItemNo: autoDraw = True
28.6079 	EXP 	Submit: autoDraw = True
30.5265 	DATA 	Mouse: Left button down, pos=(1149,177)
30.5410 	EXP 	Question: autoDraw = False
30.5410 	EXP 	ResponseBox: autoDraw = False
30.5410 	EXP 	ClickTheButton: autoDraw = False
30.5410 	EXP 	ItemNo: autoDraw = False
30.5410 	EXP 	Submit: autoDraw = False
30.5410 	EXP 	ResponseBox: text = 'default text'
30.5410 	EXP 	MSTQuestion: autoDraw = True
30.7457 	DATA 	Mouse:  Left button up, pos=(1149,177)
32.5117 	EXP 	New trial (rep=0, index=2): OrderedDict([('SoundFiles3', 'Test/Foils/Airhorn.wav'), ('Correct', 3)])
32.5134 	DATA 	Keypress: 3
32.5234 	EXP 	MSTQuestion: autoDraw = False
32.5234 	EXP 	no3: autoDraw = True
32.5234 	EXP 	ResponseBox: text = 'de3fault text'
33.5234 	EXP 	no3: autoDraw = False
33.5234 	EXP 	no3: autoDraw = False
33.5234 	EXP 	no2: autoDraw = True
34.5238 	EXP 	no2: autoDraw = False
34.5238 	EXP 	no2: autoDraw = False
34.5238 	EXP 	no1: autoDraw = True
35.5245 	EXP 	no1: autoDraw = False
35.5245 	EXP 	no1: autoDraw = False
35.5245 	EXP 	ResponseBox: text = '\n\n'
35.5245 	EXP 	ItemNo: text = '3/80'
35.5245 	EXP 	Question: autoDraw = True
35.5245 	EXP 	ResponseBox: autoDraw = True
35.5245 	EXP 	ClickTheButton: autoDraw = True
35.5245 	EXP 	ItemNo: autoDraw = True
35.5245 	EXP 	Submit: autoDraw = True
37.8917 	DATA 	Mouse: Left button down, pos=(1143,177)
37.9073 	EXP 	Question: autoDraw = False
37.9073 	EXP 	ResponseBox: autoDraw = False
37.9073 	EXP 	ClickTheButton: autoDraw = False
37.9073 	EXP 	ItemNo: autoDraw = False
37.9073 	EXP 	Submit: autoDraw = False
37.9073 	EXP 	ResponseBox: text = 'default text'
37.9073 	EXP 	MSTQuestion: autoDraw = True
38.1114 	DATA 	Mouse:  Left button up, pos=(1143,177)
40.8286 	EXP 	New trial (rep=0, index=3): OrderedDict([('SoundFiles3', 'Initial/Doubled/Piano_A.wav'), ('Correct', 3)])
40.8305 	DATA 	Keypress: 3
40.8396 	EXP 	MSTQuestion: autoDraw = False
40.8396 	EXP 	no3: autoDraw = True
40.8396 	EXP 	ResponseBox: text = 'de3fault text'
41.8397 	EXP 	no3: autoDraw = False
41.8397 	EXP 	no3: autoDraw = False
41.8397 	EXP 	no2: autoDraw = True
42.8394 	EXP 	no2: autoDraw = False
42.8394 	EXP 	no2: autoDraw = False
42.8394 	EXP 	no1: autoDraw = True
43.8422 	EXP 	no1: autoDraw = False
43.8422 	EXP 	no1: autoDraw = False
43.8422 	EXP 	ResponseBox: text = '\n\n'
43.8422 	EXP 	ItemNo: text = '4/80'
43.8422 	EXP 	Question: autoDraw = True
43.8422 	EXP 	ResponseBox: autoDraw = True
43.8422 	EXP 	ClickTheButton: autoDraw = True
43.8422 	EXP 	ItemNo: autoDraw = True
43.8422 	EXP 	Submit: autoDraw = True
46.2581 	DATA 	Mouse: Left button down, pos=(1143,177)
46.2739 	EXP 	Question: autoDraw = False
46.2739 	EXP 	ResponseBox: autoDraw = False
46.2739 	EXP 	ClickTheButton: autoDraw = False
46.2739 	EXP 	ItemNo: autoDraw = False
46.2739 	EXP 	Submit: autoDraw = False
46.2739 	EXP 	ResponseBox: text = 'default text'
46.2739 	EXP 	MSTQuestion: autoDraw = True
46.4783 	DATA 	Mouse:  Left button up, pos=(1143,177)
48.9425 	EXP 	New trial (rep=0, index=4): OrderedDict([('SoundFiles3', 'Initial/Doubled/Siren_A.wav'), ('Correct', 3)])
48.9445 	DATA 	Keypress: 3
48.9549 	EXP 	MSTQuestion: autoDraw = False
48.9549 	EXP 	no3: autoDraw = True
48.9549 	EXP 	ResponseBox: text = 'de3fault text'
49.9564 	EXP 	no3: autoDraw = False
49.9564 	EXP 	no3: autoDraw = False
49.9564 	EXP 	no2: autoDraw = True
50.9561 	EXP 	no2: autoDraw = False
50.9561 	EXP 	no2: autoDraw = False
50.9561 	EXP 	no1: autoDraw = True
51.9597 	EXP 	no1: autoDraw = False
51.9597 	EXP 	no1: autoDraw = False
51.9597 	EXP 	ResponseBox: text = '\n\n'
51.9597 	EXP 	ItemNo: text = '5/80'
51.9597 	EXP 	Question: autoDraw = True
51.9597 	EXP 	ResponseBox: autoDraw = True
51.9597 	EXP 	ClickTheButton: autoDraw = True
51.9597 	EXP 	ItemNo: autoDraw = True
51.9597 	EXP 	Submit: autoDraw = True
54.6772 	DATA 	Mouse: Left button down, pos=(1132,198)
54.6903 	EXP 	Question: autoDraw = False
54.6903 	EXP 	ResponseBox: autoDraw = False
54.6903 	EXP 	ClickTheButton: autoDraw = False
54.6903 	EXP 	ItemNo: autoDraw = False
54.6903 	EXP 	Submit: autoDraw = False
54.6903 	EXP 	ResponseBox: text = 'default text'
54.6903 	EXP 	MSTQuestion: autoDraw = True
54.8951 	DATA 	Mouse:  Left button up, pos=(1132,198)
56.6612 	DATA 	Keypress: 3
56.6733 	EXP 	ResponseBox: text = 'de3fault text'
56.6776 	EXP 	New trial (rep=0, index=5): OrderedDict([('SoundFiles3', 'Test/Foils/Bird.wav'), ('Correct', 3)])
56.6893 	EXP 	MSTQuestion: autoDraw = False
56.6893 	EXP 	no3: autoDraw = True
57.6895 	EXP 	no3: autoDraw = False
57.6895 	EXP 	no3: autoDraw = False
57.6895 	EXP 	no2: autoDraw = True
58.6894 	EXP 	no2: autoDraw = False
58.6894 	EXP 	no2: autoDraw = False
58.6894 	EXP 	no1: autoDraw = True
59.6995 	EXP 	no1: autoDraw = False
59.6995 	EXP 	no1: autoDraw = False
59.6995 	EXP 	ResponseBox: text = '\n\n'
59.6995 	EXP 	ItemNo: text = '6/80'
59.6995 	EXP 	Question: autoDraw = True
59.6995 	EXP 	ResponseBox: autoDraw = True
59.6995 	EXP 	ClickTheButton: autoDraw = True
59.6995 	EXP 	ItemNo: autoDraw = True
59.6995 	EXP 	Submit: autoDraw = True
62.4462 	DATA 	Mouse: Left button down, pos=(1134,184)
62.4740 	EXP 	Question: autoDraw = False
62.4740 	EXP 	ResponseBox: autoDraw = False
62.4740 	EXP 	ClickTheButton: autoDraw = False
62.4740 	EXP 	ItemNo: autoDraw = False
62.4740 	EXP 	Submit: autoDraw = False
62.4740 	EXP 	ResponseBox: text = 'default text'
62.4740 	EXP 	MSTQuestion: autoDraw = True
62.6783 	DATA 	Mouse:  Left button up, pos=(1134,184)
63.6452 	EXP 	New trial (rep=0, index=6): OrderedDict([('SoundFiles3', 'Initial/Doubled/Cat_A.wav'), ('Correct', 3)])
63.6481 	DATA 	Keypress: 3
63.6562 	EXP 	MSTQuestion: autoDraw = False
63.6562 	EXP 	no3: autoDraw = True
63.6562 	EXP 	ResponseBox: text = 'de3fault text'
64.6560 	EXP 	no3: autoDraw = False
64.6560 	EXP 	no3: autoDraw = False
64.6560 	EXP 	no2: autoDraw = True
65.6561 	EXP 	no2: autoDraw = False
65.6561 	EXP 	no2: autoDraw = False
65.6561 	EXP 	no1: autoDraw = True
66.6577 	EXP 	no1: autoDraw = False
66.6577 	EXP 	no1: autoDraw = False
66.6577 	EXP 	ResponseBox: text = '\n\n'
66.6577 	EXP 	ItemNo: text = '7/80'
66.6577 	EXP 	Question: autoDraw = True
66.6577 	EXP 	ResponseBox: autoDraw = True
66.6577 	EXP 	ClickTheButton: autoDraw = True
66.6577 	EXP 	ItemNo: autoDraw = True
66.6577 	EXP 	Submit: autoDraw = True
68.7248 	DATA 	Mouse: Left button down, pos=(1134,184)
68.7405 	EXP 	Question: autoDraw = False
68.7405 	EXP 	ResponseBox: autoDraw = False
68.7405 	EXP 	ClickTheButton: autoDraw = False
68.7405 	EXP 	ItemNo: autoDraw = False
68.7405 	EXP 	Submit: autoDraw = False
68.7405 	EXP 	ResponseBox: text = 'default text'
68.7405 	EXP 	MSTQuestion: autoDraw = True
68.9446 	DATA 	Mouse:  Left button up, pos=(1134,184)
69.9444 	DATA 	Keypress: 3
69.9568 	EXP 	ResponseBox: text = 'de3fault text'
69.9614 	EXP 	New trial (rep=0, index=7): OrderedDict([('SoundFiles3', 'Initial/NoRepeat/Baby_B.wav'), ('Correct', 3)])
69.9728 	EXP 	MSTQuestion: autoDraw = False
69.9728 	EXP 	no3: autoDraw = True
70.9729 	EXP 	no3: autoDraw = False
70.9729 	EXP 	no3: autoDraw = False
70.9729 	EXP 	no2: autoDraw = True
71.9729 	EXP 	no2: autoDraw = False
71.9729 	EXP 	no2: autoDraw = False
71.9729 	EXP 	no1: autoDraw = True
72.9740 	EXP 	no1: autoDraw = False
72.9740 	EXP 	no1: autoDraw = False
72.9740 	EXP 	ResponseBox: text = '\n\n'
72.9740 	EXP 	ItemNo: text = '8/80'
72.9740 	EXP 	Question: autoDraw = True
72.9740 	EXP 	ResponseBox: autoDraw = True
72.9740 	EXP 	ClickTheButton: autoDraw = True
72.9740 	EXP 	ItemNo: autoDraw = True
72.9740 	EXP 	Submit: autoDraw = True
75.6080 	DATA 	Mouse: Left button down, pos=(1147,187)
75.6233 	EXP 	Question: autoDraw = False
75.6233 	EXP 	ResponseBox: autoDraw = False
75.6233 	EXP 	ClickTheButton: autoDraw = False
75.6233 	EXP 	ItemNo: autoDraw = False
75.6233 	EXP 	Submit: autoDraw = False
75.6233 	EXP 	ResponseBox: text = 'default text'
75.6233 	EXP 	MSTQuestion: autoDraw = True
75.8287 	DATA 	Mouse:  Left button up, pos=(1147,187)
76.8613 	EXP 	New trial (rep=0, index=8): OrderedDict([('SoundFiles3', 'Initial/Doubled/Writing_A.wav'), ('Correct', 3)])
76.8639 	DATA 	Keypress: 3
76.8728 	EXP 	MSTQuestion: autoDraw = False
76.8728 	EXP 	no3: autoDraw = True
76.8728 	EXP 	ResponseBox: text = 'de3fault text'
77.8727 	EXP 	no3: autoDraw = False
77.8727 	EXP 	no3: autoDraw = False
77.8727 	EXP 	no2: autoDraw = True
78.8728 	EXP 	no2: autoDraw = False
78.8728 	EXP 	no2: autoDraw = False
78.8728 	EXP 	no1: autoDraw = True
79.8747 	EXP 	no1: autoDraw = False
79.8747 	EXP 	no1: autoDraw = False
79.8747 	EXP 	ResponseBox: text = '\n\n'
79.8747 	EXP 	ItemNo: text = '9/80'
79.8747 	EXP 	Question: autoDraw = True
79.8747 	EXP 	ResponseBox: autoDraw = True
79.8747 	EXP 	ClickTheButton: autoDraw = True
79.8747 	EXP 	ItemNo: autoDraw = True
79.8747 	EXP 	Submit: autoDraw = True
82.3088 	DATA 	Mouse: Left button down, pos=(1120,181)
82.3238 	EXP 	Question: autoDraw = False
82.3238 	EXP 	ResponseBox: autoDraw = False
82.3238 	EXP 	ClickTheButton: autoDraw = False
82.3238 	EXP 	ItemNo: autoDraw = False
82.3238 	EXP 	Submit: autoDraw = False
82.3238 	EXP 	ResponseBox: text = 'default text'
82.3238 	EXP 	MSTQuestion: autoDraw = True
82.5456 	DATA 	Mouse:  Left button up, pos=(1120,181)
83.7778 	EXP 	New trial (rep=0, index=9): OrderedDict([('SoundFiles3', 'Initial/NoRepeat/Mosquito_B.wav'), ('Correct', 3)])
83.7806 	DATA 	Keypress: 3
83.7892 	EXP 	MSTQuestion: autoDraw = False
83.7892 	EXP 	no3: autoDraw = True
83.7892 	EXP 	ResponseBox: text = 'de3fault text'
84.7892 	EXP 	no3: autoDraw = False
84.7892 	EXP 	no3: autoDraw = False
84.7892 	EXP 	no2: autoDraw = True
85.7892 	EXP 	no2: autoDraw = False
85.7892 	EXP 	no2: autoDraw = False
85.7892 	EXP 	no1: autoDraw = True
86.7905 	EXP 	no1: autoDraw = False
86.7905 	EXP 	no1: autoDraw = False
86.7905 	EXP 	ResponseBox: text = '\n\n'
86.7905 	EXP 	ItemNo: text = '10/80'
86.7905 	EXP 	Question: autoDraw = True
86.7905 	EXP 	ResponseBox: autoDraw = True
86.7905 	EXP 	ClickTheButton: autoDraw = True
86.7905 	EXP 	ItemNo: autoDraw = True
86.7905 	EXP 	Submit: autoDraw = True
89.1091 	DATA 	Mouse: Left button down, pos=(1120,181)
89.1235 	EXP 	Question: autoDraw = False
89.1235 	EXP 	ResponseBox: autoDraw = False
89.1235 	EXP 	ClickTheButton: autoDraw = False
89.1235 	EXP 	ItemNo: autoDraw = False
89.1235 	EXP 	Submit: autoDraw = False
89.1235 	EXP 	ResponseBox: text = 'default text'
89.1235 	EXP 	MSTQuestion: autoDraw = True
89.3279 	DATA 	Mouse:  Left button up, pos=(1120,181)
90.2109 	DATA 	Keypress: 3
90.2235 	EXP 	ResponseBox: text = 'de3fault text'
90.2285 	EXP 	New trial (rep=0, index=10): OrderedDict([('SoundFiles3', 'Test/Foils/Typing.wav'), ('Correct', 3)])
90.2391 	EXP 	MSTQuestion: autoDraw = False
90.2391 	EXP 	no3: autoDraw = True
91.2392 	EXP 	no3: autoDraw = False
91.2392 	EXP 	no3: autoDraw = False
91.2392 	EXP 	no2: autoDraw = True
92.2392 	EXP 	no2: autoDraw = False
92.2392 	EXP 	no2: autoDraw = False
92.2392 	EXP 	no1: autoDraw = True
93.2405 	EXP 	no1: autoDraw = False
93.2405 	EXP 	no1: autoDraw = False
93.2405 	EXP 	ResponseBox: text = '\n\n'
93.2405 	EXP 	ItemNo: text = '11/80'
93.2405 	EXP 	Question: autoDraw = True
93.2405 	EXP 	ResponseBox: autoDraw = True
93.2405 	EXP 	ClickTheButton: autoDraw = True
93.2405 	EXP 	ItemNo: autoDraw = True
93.2405 	EXP 	Submit: autoDraw = True
95.0259 	DATA 	Mouse: Left button down, pos=(1120,181)
95.0400 	EXP 	Question: autoDraw = False
95.0400 	EXP 	ResponseBox: autoDraw = False
95.0400 	EXP 	ClickTheButton: autoDraw = False
95.0400 	EXP 	ItemNo: autoDraw = False
95.0400 	EXP 	Submit: autoDraw = False
95.0400 	EXP 	ResponseBox: text = 'default text'
95.0400 	EXP 	MSTQuestion: autoDraw = True
95.2616 	DATA 	Mouse:  Left button up, pos=(1120,181)
96.0110 	DATA 	Keypress: 3
96.0232 	EXP 	ResponseBox: text = 'de3fault text'
96.0280 	EXP 	New trial (rep=0, index=11): OrderedDict([('SoundFiles3', 'Initial/Repeat/Pour.wav'), ('Correct', 3)])
96.0391 	EXP 	MSTQuestion: autoDraw = False
96.0391 	EXP 	no3: autoDraw = True
97.0391 	EXP 	no3: autoDraw = False
97.0391 	EXP 	no3: autoDraw = False
97.0391 	EXP 	no2: autoDraw = True
98.0402 	EXP 	no2: autoDraw = False
98.0402 	EXP 	no2: autoDraw = False
98.0402 	EXP 	no1: autoDraw = True
99.0574 	EXP 	no1: autoDraw = False
99.0574 	EXP 	ResponseBox: text = '\n\n'
99.0574 	EXP 	ItemNo: text = '12/80'
99.0574 	EXP 	Question: autoDraw = True
99.0574 	EXP 	ResponseBox: autoDraw = True
99.0574 	EXP 	ClickTheButton: autoDraw = True
99.0574 	EXP 	ItemNo: autoDraw = True
99.0574 	EXP 	Submit: autoDraw = True
101.8411 	DATA 	Mouse: Left button down, pos=(1120,181)
101.8565 	EXP 	Question: autoDraw = False
101.8565 	EXP 	ResponseBox: autoDraw = False
101.8565 	EXP 	ClickTheButton: autoDraw = False
101.8565 	EXP 	ItemNo: autoDraw = False
101.8565 	EXP 	Submit: autoDraw = False
101.8565 	EXP 	ResponseBox: text = 'default text'
101.8565 	EXP 	MSTQuestion: autoDraw = True
102.0623 	DATA 	Mouse:  Left button up, pos=(1120,181)
103.4941 	EXP 	New trial (rep=0, index=12): OrderedDict([('SoundFiles3', 'Initial/Doubled/HairDryer_A.wav'), ('Correct', 3)])
103.4967 	DATA 	Keypress: 3
103.5057 	EXP 	MSTQuestion: autoDraw = False
103.5057 	EXP 	no3: autoDraw = True
103.5057 	EXP 	ResponseBox: text = 'de3fault text'
104.5056 	EXP 	no3: autoDraw = False
104.5056 	EXP 	no3: autoDraw = False
104.5056 	EXP 	no2: autoDraw = True
105.5055 	EXP 	no2: autoDraw = False
105.5055 	EXP 	no2: autoDraw = False
105.5055 	EXP 	no1: autoDraw = True
106.5070 	EXP 	no1: autoDraw = False
106.5070 	EXP 	no1: autoDraw = False
106.5070 	EXP 	ResponseBox: text = '\n\n'
106.5070 	EXP 	ItemNo: text = '13/80'
106.5070 	EXP 	Question: autoDraw = True
106.5070 	EXP 	ResponseBox: autoDraw = True
106.5070 	EXP 	ClickTheButton: autoDraw = True
106.5070 	EXP 	ItemNo: autoDraw = True
106.5070 	EXP 	Submit: autoDraw = True
109.1749 	DATA 	Mouse: Left button down, pos=(1133,189)
109.1897 	EXP 	Question: autoDraw = False
109.1897 	EXP 	ResponseBox: autoDraw = False
109.1897 	EXP 	ClickTheButton: autoDraw = False
109.1897 	EXP 	ItemNo: autoDraw = False
109.1897 	EXP 	Submit: autoDraw = False
109.1897 	EXP 	ResponseBox: text = 'default text'
109.1897 	EXP 	MSTQuestion: autoDraw = True
109.3936 	DATA 	Mouse:  Left button up, pos=(1133,189)
111.4441 	EXP 	New trial (rep=0, index=13): OrderedDict([('SoundFiles3', 'Test/Foils/Airhorn.wav'), ('Correct', 1)])
111.4468 	DATA 	Keypress: 3
111.4557 	EXP 	MSTQuestion: autoDraw = False
111.4557 	EXP 	no3: autoDraw = True
111.4557 	EXP 	ResponseBox: text = 'de3fault text'
112.4556 	EXP 	no3: autoDraw = False
112.4556 	EXP 	no3: autoDraw = False
112.4556 	EXP 	no2: autoDraw = True
113.4556 	EXP 	no2: autoDraw = False
113.4556 	EXP 	no2: autoDraw = False
113.4556 	EXP 	no1: autoDraw = True
114.4571 	EXP 	no1: autoDraw = False
114.4571 	EXP 	no1: autoDraw = False
114.4571 	EXP 	ResponseBox: text = '\n\n'
114.4571 	EXP 	ItemNo: text = '14/80'
114.4571 	EXP 	Question: autoDraw = True
114.4571 	EXP 	ResponseBox: autoDraw = True
114.4571 	EXP 	ClickTheButton: autoDraw = True
114.4571 	EXP 	ItemNo: autoDraw = True
114.4571 	EXP 	Submit: autoDraw = True
119.0079 	DATA 	Mouse: Left button down, pos=(1112,183)
119.0237 	EXP 	Question: autoDraw = False
119.0237 	EXP 	ResponseBox: autoDraw = False
119.0237 	EXP 	ClickTheButton: autoDraw = False
119.0237 	EXP 	ItemNo: autoDraw = False
119.0237 	EXP 	Submit: autoDraw = False
119.0237 	EXP 	ResponseBox: text = 'default text'
119.0237 	EXP 	MSTQuestion: autoDraw = True
119.2287 	DATA 	Mouse:  Left button up, pos=(1112,183)
119.7775 	EXP 	New trial (rep=0, index=14): OrderedDict([('SoundFiles3', 'Piano_D.wav'), ('Correct', 2)])
119.7792 	DATA 	Keypress: 2
119.7984 	EXP 	MSTQuestion: autoDraw = False
119.7984 	EXP 	no3: autoDraw = True
119.7984 	EXP 	ResponseBox: text = 'de2fault text'
120.8056 	EXP 	no3: autoDraw = False
120.8056 	EXP 	no2: autoDraw = True
121.8067 	EXP 	no2: autoDraw = False
121.8067 	EXP 	no1: autoDraw = True
122.8069 	EXP 	no1: autoDraw = False
122.8069 	EXP 	ResponseBox: text = '\n\n'
122.8069 	EXP 	ItemNo: text = '15/80'
122.8069 	EXP 	Question: autoDraw = True
122.8069 	EXP 	ResponseBox: autoDraw = True
122.8069 	EXP 	ClickTheButton: autoDraw = True
122.8069 	EXP 	ItemNo: autoDraw = True
122.8069 	EXP 	Submit: autoDraw = True
125.6088 	DATA 	Mouse: Left button down, pos=(1112,183)
125.6229 	EXP 	Question: autoDraw = False
125.6229 	EXP 	ResponseBox: autoDraw = False
125.6229 	EXP 	ClickTheButton: autoDraw = False
125.6229 	EXP 	ItemNo: autoDraw = False
125.6229 	EXP 	Submit: autoDraw = False
125.6229 	EXP 	ResponseBox: text = 'default text'
125.6229 	EXP 	MSTQuestion: autoDraw = True
125.8278 	DATA 	Mouse:  Left button up, pos=(1112,183)
126.4106 	EXP 	New trial (rep=0, index=15): OrderedDict([('SoundFiles3', 'Initial/Doubled/Chime_A.wav'), ('Correct', 3)])
126.4126 	DATA 	Keypress: 2
126.4221 	EXP 	MSTQuestion: autoDraw = False
126.4221 	EXP 	no3: autoDraw = True
126.4221 	EXP 	ResponseBox: text = 'de2fault text'
127.4220 	EXP 	no3: autoDraw = False
127.4220 	EXP 	no3: autoDraw = False
127.4220 	EXP 	no2: autoDraw = True
128.4220 	EXP 	no2: autoDraw = False
128.4220 	EXP 	no2: autoDraw = False
128.4220 	EXP 	no1: autoDraw = True
129.4403 	EXP 	no1: autoDraw = False
129.4403 	EXP 	no1: autoDraw = False
129.4403 	EXP 	ResponseBox: text = '\n\n'
129.4403 	EXP 	ItemNo: text = '16/80'
129.4403 	EXP 	Question: autoDraw = True
129.4403 	EXP 	ResponseBox: autoDraw = True
129.4403 	EXP 	ClickTheButton: autoDraw = True
129.4403 	EXP 	ItemNo: autoDraw = True
129.4403 	EXP 	Submit: autoDraw = True
131.9907 	DATA 	Mouse: Left button down, pos=(1112,183)
132.0064 	EXP 	Question: autoDraw = False
132.0064 	EXP 	ResponseBox: autoDraw = False
132.0064 	EXP 	ClickTheButton: autoDraw = False
132.0064 	EXP 	ItemNo: autoDraw = False
132.0064 	EXP 	Submit: autoDraw = False
132.0064 	EXP 	ResponseBox: text = 'default text'
132.0064 	EXP 	MSTQuestion: autoDraw = True
132.2104 	DATA 	Mouse:  Left button up, pos=(1112,183)
132.7448 	EXP 	New trial (rep=0, index=16): OrderedDict([('SoundFiles3', 'Initial/NoRepeat/Fireworks.wav'), ('Correct', 3)])
132.7476 	DATA 	Keypress: 3
132.7555 	EXP 	MSTQuestion: autoDraw = False
132.7555 	EXP 	no3: autoDraw = True
132.7555 	EXP 	ResponseBox: text = 'de3fault text'
133.7554 	EXP 	no3: autoDraw = False
133.7554 	EXP 	no3: autoDraw = False
133.7554 	EXP 	no2: autoDraw = True
134.7553 	EXP 	no2: autoDraw = False
134.7553 	EXP 	no2: autoDraw = False
134.7553 	EXP 	no1: autoDraw = True
135.7568 	EXP 	no1: autoDraw = False
135.7568 	EXP 	no1: autoDraw = False
135.7568 	EXP 	ResponseBox: text = '\n\n'
135.7568 	EXP 	ItemNo: text = '17/80'
135.7568 	EXP 	Question: autoDraw = True
135.7568 	EXP 	ResponseBox: autoDraw = True
135.7568 	EXP 	ClickTheButton: autoDraw = True
135.7568 	EXP 	ItemNo: autoDraw = True
135.7568 	EXP 	Submit: autoDraw = True
137.8581 	DATA 	Keypress: escape
138.2806 	EXP 	window1: mouseVisible = True
