1.2141 	WARNING 	We strongly recommend you activate the PTB sound engine in PsychoPy prefs as the preferred audio engine. Its timing is vastly superior. Your prefs are currently set to use ['sounddevice', 'PTB', 'pyo', 'pygame'] (in that order).
6.1020 	WARNING 	User requested fullscreen with size [1024  768], but screen is actually [2256, 1504]. Using actual size
7.9591 	EXP 	Created window1 = Window(allowGUI=False, allowStencil=False, args=UNKNOWN, autoLog=True, bitsMode=UNKNOWN, blendMode='avg', bpc=(8, 8, 8), color=array([0., 0., 0.]), colorSpace='rgb', depthBits=8, fullscr=<method-wrapper '__getattribute__' of attributeSetter object at 0x000002E81550D7F0>, gamma=None, gammaErrorPolicy='raise', kwargs=UNKNOWN, lms=UNKNOWN, monitor=<psychopy.monitors.calibTools.Monitor object at 0x000002E815486EF0>, multiSample=False, name='window1', numSamples=2, pos=[0.0, 0.0], screen=0, size=array([2256, 1504]), stencilBits=0, stereo=False, units='height', useFBO=True, useRetina=False, viewOri=0.0, viewPos=None, viewScale=None, waitBlanking=True, winType='pyglet')
7.9598 	EXP 	window1: mouseVisible = True
7.9599 	EXP 	window1: recordFrameIntervals = False
8.1239 	EXP 	window1: recordFrameIntervals = True
8.3082 	EXP 	window1: recordFrameIntervals = False
8.6469 	EXP 	Created InstructionTxt = TextStim(__class__=<class 'psychopy.visual.text.TextStim'>, alignHoriz=method-wrapper(...), alignText='center', alignVert=method-wrapper(...), anchorHoriz='center', anchorVert='center', antialias=True, autoLog=True, bold=False, color='white', colorSpace='named', contrast=1.0, depth=0.0, flipHoriz=False, flipVert=False, font='Arial', fontFiles=[], height=0.04, italic=False, languageStyle='LTR', name='InstructionTxt', opacity=1.0, ori=0, pos=array([0., 0.]), rgb=array([255., 255., 255.]), text=str(...), units='height', win=Window(...), wrapWidth=1)
8.6570 	EXP 	Created WelcomContinue = TextStim(__class__=<class 'psychopy.visual.text.TextStim'>, alignHoriz=method-wrapper(...), alignText='center', alignVert=method-wrapper(...), anchorHoriz='center', anchorVert='center', antialias=True, autoLog=True, bold=False, color='white', colorSpace='named', contrast=1.0, depth=-3.0, flipHoriz=False, flipVert=False, font='Arial', fontFiles=[], height=0.04, italic=False, languageStyle='LTR', name='WelcomContinue', opacity=1.0, ori=0, pos=array([ 0. , -0.4]), rgb=array([255., 255., 255.]), text='Press SPACE to continue', units='height', win=Window(...), wrapWidth=1)
8.6756 	EXP 	Created VolumeBeginTxt = TextStim(__class__=<class 'psychopy.visual.text.TextStim'>, alignHoriz=method-wrapper(...), alignText='center', alignVert=method-wrapper(...), anchorHoriz='center', anchorVert='center', antialias=True, autoLog=True, bold=False, color='white', colorSpace='named', contrast=1.0, depth=0.0, flipHoriz=False, flipVert=False, font='Arial', fontFiles=[], height=0.04, italic=False, languageStyle='LTR', name='VolumeBeginTxt', opacity=1.0, ori=0, pos=array([0., 0.]), rgb=array([255., 255., 255.]), text=str(...), units='height', win=Window(...), wrapWidth=1)
8.6828 	EXP 	Created text = TextStim(__class__=<class 'psychopy.visual.text.TextStim'>, alignHoriz=method-wrapper(...), alignText='center', alignVert=method-wrapper(...), anchorHoriz='center', anchorVert='center', antialias=True, autoLog=True, bold=False, color='white', colorSpace='named', contrast=1.0, depth=0.0, flipHoriz=False, flipVert=False, font='Arial', fontFiles=[], height=0.04, italic=False, languageStyle='LTR', name='text', opacity=1.0, ori=0, pos=array([0., 0.]), rgb=array([255., 255., 255.]), text=str(...), units='height', win=Window(...), wrapWidth=1)
8.7234 	EXP 	Sound Music set volume 0.300
8.7295 	EXP 	Created AdjustContinue = TextStim(__class__=<class 'psychopy.visual.text.TextStim'>, alignHoriz=method-wrapper(...), alignText='center', alignVert=method-wrapper(...), anchorHoriz='center', anchorVert='center', antialias=True, autoLog=True, bold=False, color='white', colorSpace='named', contrast=1.0, depth=-3.0, flipHoriz=False, flipVert=False, font='Arial', fontFiles=[], height=0.04, italic=False, languageStyle='LTR', name='AdjustContinue', opacity=1.0, ori=0, pos=array([ 0. , -0.4]), rgb=array([255., 255., 255.]), text=str(...), units='height', win=Window(...), wrapWidth=1)
8.7521 	EXP 	Created HeadphoneCheckBeing = TextStim(__class__=<class 'psychopy.visual.text.TextStim'>, alignHoriz=method-wrapper(...), alignText='center', alignVert=method-wrapper(...), anchorHoriz='center', anchorVert='center', antialias=True, autoLog=True, bold=False, color='white', colorSpace='named', contrast=1.0, depth=0.0, flipHoriz=False, flipVert=False, font='Arial', fontFiles=[], height=0.04, italic=False, languageStyle='LTR', name='HeadphoneCheckBeing', opacity=1.0, ori=0, pos=array([0., 0.]), rgb=array([255., 255., 255.]), text=str(...), units='height', win=Window(...), wrapWidth=1)
8.7564 	EXP 	Created HeadphoneContinue = TextStim(__class__=<class 'psychopy.visual.text.TextStim'>, alignHoriz=method-wrapper(...), alignText='center', alignVert=method-wrapper(...), anchorHoriz='center', anchorVert='center', antialias=True, autoLog=True, bold=False, color='white', colorSpace='named', contrast=1.0, depth=-1.0, flipHoriz=False, flipVert=False, font='Arial', fontFiles=[], height=0.04, italic=False, languageStyle='LTR', name='HeadphoneContinue', opacity=1.0, ori=0, pos=array([ 0. , -0.4]), rgb=array([255., 255., 255.]), text='Press SPACE to continue', units='height', win=Window(...), wrapWidth=1)
8.7772 	EXP 	Created WelcomeTxt1 = TextStim(__class__=<class 'psychopy.visual.text.TextStim'>, alignHoriz=method-wrapper(...), alignText='center', alignVert=method-wrapper(...), anchorHoriz='center', anchorVert='center', antialias=True, autoLog=True, bold=False, color='white', colorSpace='named', contrast=1.0, depth=0.0, flipHoriz=False, flipVert=False, font='Arial', fontFiles=[], height=0.04, italic=False, languageStyle='LTR', name='WelcomeTxt1', opacity=1.0, ori=0, pos=array([0., 0.]), rgb=array([255., 255., 255.]), text=str(...), units='height', win=Window(...), wrapWidth=1)
8.7810 	EXP 	Created ContinueKey1 = TextStim(__class__=<class 'psychopy.visual.text.TextStim'>, alignHoriz=method-wrapper(...), alignText='center', alignVert=method-wrapper(...), anchorHoriz='center', anchorVert='center', antialias=True, autoLog=True, bold=False, color='white', colorSpace='named', contrast=1.0, depth=-1.0, flipHoriz=False, flipVert=False, font='Arial', fontFiles=[], height=0.04, italic=False, languageStyle='LTR', name='ContinueKey1', opacity=1.0, ori=0, pos=array([ 0. , -0.4]), rgb=array([255., 255., 255.]), text='Press SPACE to continue', units='height', win=Window(...), wrapWidth=1)
8.8070 	EXP 	Created Welcome2Txt = TextStim(__class__=<class 'psychopy.visual.text.TextStim'>, alignHoriz=method-wrapper(...), alignText='center', alignVert=method-wrapper(...), anchorHoriz='center', anchorVert='center', antialias=True, autoLog=True, bold=False, color='white', colorSpace='named', contrast=1.0, depth=0.0, flipHoriz=False, flipVert=False, font='Arial', fontFiles=[], height=0.04, italic=False, languageStyle='LTR', name='Welcome2Txt', opacity=1.0, ori=0, pos=array([0., 0.]), rgb=array([255., 255., 255.]), text=str(...), units='height', win=Window(...), wrapWidth=1)
8.8109 	EXP 	Created Continue2 = TextStim(__class__=<class 'psychopy.visual.text.TextStim'>, alignHoriz=method-wrapper(...), alignText='center', alignVert=method-wrapper(...), anchorHoriz='center', anchorVert='center', antialias=True, autoLog=True, bold=False, color='white', colorSpace='named', contrast=1.0, depth=-2.0, flipHoriz=False, flipVert=False, font='Arial', fontFiles=[], height=0.04, italic=False, languageStyle='LTR', name='Continue2', opacity=1.0, ori=0, pos=array([ 0. , -0.4]), rgb=array([255., 255., 255.]), text='Press SPACE to continue', units='height', win=Window(...), wrapWidth=1)
8.8240 	EXP 	Created InstructionTxt2 = TextStim(__class__=<class 'psychopy.visual.text.TextStim'>, alignHoriz=method-wrapper(...), alignText='center', alignVert=method-wrapper(...), anchorHoriz='center', anchorVert='center', antialias=True, autoLog=True, bold=False, color='white', colorSpace='named', contrast=1.0, depth=0.0, flipHoriz=False, flipVert=False, font='Arial', fontFiles=[], height=0.04, italic=False, languageStyle='LTR', name='InstructionTxt2', opacity=1.0, ori=0, pos=array([0., 0.]), rgb=array([255., 255., 255.]), text=str(...), units='height', win=Window(...), wrapWidth=1)
8.8282 	EXP 	Created WelcomeContinue2 = TextStim(__class__=<class 'psychopy.visual.text.TextStim'>, alignHoriz=method-wrapper(...), alignText='center', alignVert=method-wrapper(...), anchorHoriz='center', anchorVert='center', antialias=True, autoLog=True, bold=False, color='white', colorSpace='named', contrast=1.0, depth=-1.0, flipHoriz=False, flipVert=False, font='Arial', fontFiles=[], height=0.04, italic=False, languageStyle='LTR', name='WelcomeContinue2', opacity=1.0, ori=0, pos=array([ 0. , -0.4]), rgb=array([255., 255., 255.]), text='Press SPACE to begin practice\n', units='height', win=Window(...), wrapWidth=1)
8.8311 	EXP 	Created TrialNumber = TextStim(__class__=<class 'psychopy.visual.text.TextStim'>, alignHoriz=method-wrapper(...), alignText='center', alignVert=method-wrapper(...), anchorHoriz='center', anchorVert='center', antialias=True, autoLog=True, bold=False, color='white', colorSpace='named', contrast=1.0, depth=0.0, flipHoriz=False, flipVert=False, font='Arial', fontFiles=[], height=0.04, italic=False, languageStyle='LTR', name='TrialNumber', opacity=1.0, ori=0, pos=array([0. , 0.3]), rgb=array([255., 255., 255.]), text='default text', units='height', win=Window(...), wrapWidth=1)
8.8312 	EXP 	Sound PracticeSound set volume 1.000
8.8449 	EXP 	Created PracticeCross = TextStim(__class__=<class 'psychopy.visual.text.TextStim'>, alignHoriz=method-wrapper(...), alignText='center', alignVert=method-wrapper(...), anchorHoriz='center', anchorVert='center', antialias=True, autoLog=True, bold=False, color='white', colorSpace='named', contrast=1.0, depth=-2.0, flipHoriz=False, flipVert=False, font='Arial', fontFiles=[], height=0.1, italic=False, languageStyle='LTR', name='PracticeCross', opacity=1.0, ori=0, pos=array([0., 0.]), rgb=array([255., 255., 255.]), text='+', units='height', win=Window(...), wrapWidth=1)
8.8479 	EXP 	Created PracticeMssg = TextStim(__class__=<class 'psychopy.visual.text.TextStim'>, alignHoriz=method-wrapper(...), alignText='center', alignVert=method-wrapper(...), anchorHoriz='center', anchorVert='center', antialias=True, autoLog=True, bold=False, color='white', colorSpace='named', contrast=1.0, depth=-2.0, flipHoriz=False, flipVert=False, font='Arial', fontFiles=[], height=0.04, italic=False, languageStyle='LTR', name='PracticeMssg', opacity=1.0, ori=0, pos=array([0. , 0.2]), rgb=array([255., 255., 255.]), text='default text', units='height', win=Window(...), wrapWidth=1)
8.8501 	EXP 	Created FeedbackCross = TextStim(__class__=<class 'psychopy.visual.text.TextStim'>, alignHoriz=method-wrapper(...), alignText='center', alignVert=method-wrapper(...), anchorHoriz='center', anchorVert='center', antialias=True, autoLog=True, bold=False, color='white', colorSpace='named', contrast=1.0, depth=-3.0, flipHoriz=False, flipVert=False, font='Arial', fontFiles=[], height=0.1, italic=False, languageStyle='LTR', name='FeedbackCross', opacity=1.0, ori=0, pos=array([0., 0.]), rgb=array([255., 255., 255.]), text='+', units='height', win=Window(...), wrapWidth=1)
8.8543 	EXP 	Created Continue = TextStim(__class__=<class 'psychopy.visual.text.TextStim'>, alignHoriz=method-wrapper(...), alignText='center', alignVert=method-wrapper(...), anchorHoriz='center', anchorVert='center', antialias=True, autoLog=True, bold=False, color='white', colorSpace='named', contrast=1.0, depth=-4.0, flipHoriz=False, flipVert=False, font='Arial', fontFiles=[], height=0.04, italic=False, languageStyle='LTR', name='Continue', opacity=1.0, ori=0, pos=array([ 0. , -0.4]), rgb=array([255., 255., 255.]), text='Press the correct number on your keyboard', units='height', win=Window(...), wrapWidth=1)
8.8619 	EXP 	Created Options = TextStim(__class__=<class 'psychopy.visual.text.TextStim'>, alignHoriz=method-wrapper(...), alignText='center', alignVert=method-wrapper(...), anchorHoriz='center', anchorVert='center', antialias=True, autoLog=True, bold=False, color='white', colorSpace='named', contrast=1.0, depth=-5.0, flipHoriz=False, flipVert=False, font='Arial', fontFiles=[], height=0.04, italic=False, languageStyle='LTR', name='Options', opacity=1.0, ori=0, pos=array([ 0. , -0.2]), rgb=array([255., 255., 255.]), text='1 = REPEAT\n2 = SIMILAR\n3 = NEW', units='height', win=Window(...), wrapWidth=1)
8.8647 	EXP 	Created FeedbackMssg = TextStim(__class__=<class 'psychopy.visual.text.TextStim'>, alignHoriz=method-wrapper(...), alignText='center', alignVert=method-wrapper(...), anchorHoriz='center', anchorVert='center', antialias=True, autoLog=True, bold=False, color='white', colorSpace='named', contrast=1.0, depth=0.0, flipHoriz=False, flipVert=False, font='Arial', fontFiles=[], height=0.04, italic=False, languageStyle='LTR', name='FeedbackMssg', opacity=1.0, ori=0, pos=array([0., 0.]), rgb=array([255., 255., 255.]), text='default text', units='height', win=Window(...), wrapWidth=1)
8.8822 	EXP 	Created StartTxt = TextStim(__class__=<class 'psychopy.visual.text.TextStim'>, alignHoriz=method-wrapper(...), alignText='center', alignVert=method-wrapper(...), anchorHoriz='center', anchorVert='center', antialias=True, autoLog=True, bold=False, color='white', colorSpace='named', contrast=1.0, depth=0.0, flipHoriz=False, flipVert=False, font='Arial', fontFiles=[], height=0.04, italic=False, languageStyle='LTR', name='StartTxt', opacity=1.0, ori=0, pos=array([0., 0.]), rgb=array([255., 255., 255.]), text=str(...), units='height', win=Window(...), wrapWidth=1)
8.8862 	EXP 	Created ContinueStart = TextStim(__class__=<class 'psychopy.visual.text.TextStim'>, alignHoriz=method-wrapper(...), alignText='center', alignVert=method-wrapper(...), anchorHoriz='center', anchorVert='center', antialias=True, autoLog=True, bold=False, color='white', colorSpace='named', contrast=1.0, depth=-2.0, flipHoriz=False, flipVert=False, font='Arial', fontFiles=[], height=0.04, italic=False, languageStyle='LTR', name='ContinueStart', opacity=1.0, ori=0, pos=array([ 0. , -0.4]), rgb=array([255., 255., 255.]), text='Press SPACE to begin the task', units='height', win=Window(...), wrapWidth=1)
8.8883 	EXP 	Created no_3 = TextStim(__class__=<class 'psychopy.visual.text.TextStim'>, alignHoriz=method-wrapper(...), alignText='center', alignVert=method-wrapper(...), anchorHoriz='center', anchorVert='center', antialias=True, autoLog=True, bold=False, color='white', colorSpace='named', contrast=1.0, depth=-1.0, flipHoriz=False, flipVert=False, font='Arial', fontFiles=[], height=0.1, italic=False, languageStyle='LTR', name='no_3', opacity=1.0, ori=0, pos=array([0., 0.]), rgb=array([255., 255., 255.]), text='+', units='height', win=Window(...), wrapWidth=1)
8.8884 	EXP 	Sound TargetSound set volume 1.000
8.8899 	EXP 	Created Cross = TextStim(__class__=<class 'psychopy.visual.text.TextStim'>, alignHoriz=method-wrapper(...), alignText='center', alignVert=method-wrapper(...), anchorHoriz='center', anchorVert='center', antialias=True, autoLog=True, bold=False, color='white', colorSpace='named', contrast=1.0, depth=-1.0, flipHoriz=False, flipVert=False, font='Arial', fontFiles=[], height=0.1, italic=False, languageStyle='LTR', name='Cross', opacity=1.0, ori=0, pos=array([0., 0.]), rgb=array([255., 255., 255.]), text='+', units='height', win=Window(...), wrapWidth=1)
8.8927 	EXP 	Created ItemNumber = TextStim(__class__=<class 'psychopy.visual.text.TextStim'>, alignHoriz=method-wrapper(...), alignText='center', alignVert=method-wrapper(...), anchorHoriz='center', anchorVert='center', antialias=True, autoLog=True, bold=False, color='white', colorSpace='named', contrast=1.0, depth=-2.0, flipHoriz=False, flipVert=False, font='Arial', fontFiles=[], height=0.04, italic=False, languageStyle='LTR', name='ItemNumber', opacity=1.0, ori=0, pos=array([0. , 0.3]), rgb=array([255., 255., 255.]), text='default text', units='height', win=Window(...), wrapWidth=1)
8.9149 	EXP 	Created MSTQuestion = TextStim(__class__=<class 'psychopy.visual.text.TextStim'>, alignHoriz=method-wrapper(...), alignText='center', alignVert=method-wrapper(...), anchorHoriz='center', anchorVert='center', antialias=True, autoLog=True, bold=False, color='white', colorSpace='named', contrast=1.0, depth=0.0, flipHoriz=False, flipVert=False, font='Arial', fontFiles=[], height=0.04, italic=False, languageStyle='LTR', name='MSTQuestion', opacity=1.0, ori=0, pos=array([0., 0.]), rgb=array([255., 255., 255.]), text=str(...), units='height', win=Window(...), wrapWidth=1)
8.9235 	EXP 	Created ThankyouMssg = TextStim(__class__=<class 'psychopy.visual.text.TextStim'>, alignHoriz=method-wrapper(...), alignText='center', alignVert=method-wrapper(...), anchorHoriz='center', anchorVert='center', antialias=True, autoLog=True, bold=False, color='white', colorSpace='named', contrast=1.0, depth=0.0, flipHoriz=False, flipVert=False, font='Arial', fontFiles=[], height=0.04, italic=False, languageStyle='LTR', name='ThankyouMssg', opacity=1.0, ori=0, pos=array([0. , 0.2]), rgb=array([255., 255., 255.]), text=str(...), units='height', win=Window(...), wrapWidth=1)
8.9751 	EXP 	Created ExitTxt = TextStim(__class__=<class 'psychopy.visual.text.TextStim'>, alignHoriz=method-wrapper(...), alignText='center', alignVert=method-wrapper(...), anchorHoriz='center', anchorVert='center', antialias=True, autoLog=True, bold=False, color='white', colorSpace='named', contrast=1.0, depth=-2.0, flipHoriz=False, flipVert=False, font='Arial', fontFiles=[], height=0.04, italic=False, languageStyle='LTR', name='ExitTxt', opacity=1.0, ori=0, pos=array([ 0. , -0.4]), rgb=array([255., 255., 255.]), text='Press SPACE to exit the study', units='height', win=Window(...), wrapWidth=1)
8.9846 	EXP 	Created CodeTxt = TextStim(__class__=<class 'psychopy.visual.text.TextStim'>, alignHoriz=method-wrapper(...), alignText='center', alignVert=method-wrapper(...), anchorHoriz='center', anchorVert='center', antialias=True, autoLog=True, bold=False, color='white', colorSpace='named', contrast=1.0, depth=-4.0, flipHoriz=False, flipVert=False, font='Arial', fontFiles=[], height=0.04, italic=False, languageStyle='LTR', name='CodeTxt', opacity=1.0, ori=0, pos=array([ 0.  , -0.22]), rgb=array([255., 255., 255.]), text=str(...), units='height', win=Window(...), wrapWidth=1)
9.0334 	EXP 	CompletionCode: autoLog = True
9.0334 	EXP 	InstructionTxt: autoDraw = True
9.0334 	EXP 	WelcomContinue: autoDraw = True
11.8685 	DATA 	Keypress: space
11.8749 	EXP 	InstructionTxt: autoDraw = False
11.8749 	EXP 	WelcomContinue: autoDraw = False
11.8749 	EXP 	VolumeBeginTxt: autoDraw = True
13.4821 	DATA 	Keypress: space
13.5771 	EXP 	VolumeBeginTxt: autoDraw = False
13.5771 	EXP 	text: autoDraw = True
13.5771 	EXP 	AdjustContinue: autoDraw = True
14.0742 	DATA 	Keypress: space
14.0793 	EXP 	text: autoDraw = False
14.0793 	EXP 	AdjustContinue: autoDraw = False
14.0793 	EXP 	HeadphoneCheckBeing: autoDraw = True
14.0793 	EXP 	HeadphoneContinue: autoDraw = True
14.6327 	DATA 	Keypress: space
14.6623 	EXP 	HeadphoneCheckBeing: autoDraw = False
14.6623 	EXP 	HeadphoneContinue: autoDraw = False
14.6623 	EXP 	WelcomeTxt1: autoDraw = True
14.6623 	EXP 	ContinueKey1: autoDraw = True
15.3910 	DATA 	Keypress: space
15.3962 	EXP 	WelcomeTxt1: autoDraw = False
15.3962 	EXP 	ContinueKey1: autoDraw = False
15.3962 	EXP 	Welcome2Txt: autoDraw = True
15.3962 	EXP 	Continue2: autoDraw = True
16.2911 	DATA 	Keypress: space
16.2959 	EXP 	Welcome2Txt: autoDraw = False
16.2959 	EXP 	Continue2: autoDraw = False
16.2959 	EXP 	InstructionTxt2: autoDraw = True
16.2959 	EXP 	WelcomeContinue2: autoDraw = True
16.9897 	EXP 	Imported GuessSounds_conditions.xlsx as conditions, 5 conditions, 5 params
16.9952 	EXP 	Created sequence: sequential, trialTypes=5, nReps=1, seed=None
16.9955 	EXP 	New trial (rep=0, index=0): OrderedDict([('SoundFile', 'Practice/Seagull_A.wav'), ('Correct', 2), ('Correct2', 3), ('Type', 'NEW'), ('Trial', 'Practice')])
17.0180 	DATA 	Keypress: space
17.0222 	EXP 	InstructionTxt2: autoDraw = False
17.0222 	EXP 	WelcomeContinue2: autoDraw = False
17.0222 	EXP 	TrialNumber: text = 'Trial 1'
17.0222 	EXP 	TrialNumber: autoDraw = True
17.0222 	EXP 	PracticeCross: autoDraw = True
19.3400 	EXP 	TrialNumber: autoDraw = False
19.3400 	EXP 	PracticeCross: autoDraw = False
19.3400 	EXP 	TrialNumber: autoDraw = False
19.3400 	EXP 	PracticeCross: autoDraw = False
19.3400 	EXP 	PracticeMssg: text = 'This is a NEW sound. \nThis sound has never been played before.'
19.3400 	EXP 	PracticeMssg: autoDraw = True
19.3400 	EXP 	FeedbackCross: autoDraw = True
19.3400 	EXP 	Continue: autoDraw = True
19.3400 	EXP 	Options: autoDraw = True
20.8385 	DATA 	Keypress: 3
20.8429 	EXP 	PracticeMssg: autoDraw = False
20.8429 	EXP 	FeedbackCross: autoDraw = False
20.8429 	EXP 	Continue: autoDraw = False
20.8429 	EXP 	Options: autoDraw = False
20.8429 	EXP 	FeedbackMssg: text = 'CORRECT'
20.8429 	EXP 	FeedbackMssg: autoDraw = True
21.8267 	EXP 	New trial (rep=0, index=1): OrderedDict([('SoundFile', 'Practice/Skid_B.wav'), ('Correct', 2), ('Correct2', 3), ('Type', 'NEW'), ('Trial', 'Practice')])
21.8893 	EXP 	FeedbackMssg: autoDraw = False
21.8893 	EXP 	TrialNumber: text = 'Trial 2'
21.8893 	EXP 	TrialNumber: autoDraw = True
21.8893 	EXP 	PracticeCross: autoDraw = True
23.9927 	EXP 	TrialNumber: autoDraw = False
23.9927 	EXP 	PracticeCross: autoDraw = False
23.9927 	EXP 	TrialNumber: autoDraw = False
23.9927 	EXP 	PracticeCross: autoDraw = False
23.9927 	EXP 	PracticeMssg: text = 'This is a NEW sound. \nThis sound has never been played before.'
23.9927 	EXP 	PracticeMssg: autoDraw = True
23.9927 	EXP 	FeedbackCross: autoDraw = True
23.9927 	EXP 	Continue: autoDraw = True
23.9927 	EXP 	Options: autoDraw = True
24.7890 	DATA 	Keypress: 3
24.8110 	EXP 	PracticeMssg: autoDraw = False
24.8110 	EXP 	FeedbackCross: autoDraw = False
24.8110 	EXP 	Continue: autoDraw = False
24.8110 	EXP 	Options: autoDraw = False
24.8110 	EXP 	FeedbackMssg: text = 'CORRECT'
24.8110 	EXP 	FeedbackMssg: autoDraw = True
25.8104 	EXP 	New trial (rep=0, index=2): OrderedDict([('SoundFile', 'Practice/Seagull_A.wav'), ('Correct', 1), ('Correct2', 1), ('Type', 'OLD'), ('Trial', 'Practice')])
25.8423 	EXP 	FeedbackMssg: autoDraw = False
25.8423 	EXP 	TrialNumber: text = 'Trial 3'
25.8423 	EXP 	TrialNumber: autoDraw = True
25.8423 	EXP 	PracticeCross: autoDraw = True
28.1450 	EXP 	TrialNumber: autoDraw = False
28.1450 	EXP 	PracticeCross: autoDraw = False
28.1450 	EXP 	TrialNumber: autoDraw = False
28.1450 	EXP 	PracticeCross: autoDraw = False
28.1450 	EXP 	PracticeMssg: text = 'This is a REPEAT sound. \nThe exact same sound has been played previously.'
28.1450 	EXP 	PracticeMssg: autoDraw = True
28.1450 	EXP 	FeedbackCross: autoDraw = True
28.1450 	EXP 	Continue: autoDraw = True
28.1450 	EXP 	Options: autoDraw = True
28.5375 	DATA 	Keypress: 1
28.5418 	EXP 	PracticeMssg: autoDraw = False
28.5418 	EXP 	FeedbackCross: autoDraw = False
28.5418 	EXP 	Continue: autoDraw = False
28.5418 	EXP 	Options: autoDraw = False
28.5418 	EXP 	FeedbackMssg: text = 'CORRECT'
28.5418 	EXP 	FeedbackMssg: autoDraw = True
29.5280 	EXP 	New trial (rep=0, index=3): OrderedDict([('SoundFile', 'Practice/Gargle_A.wav'), ('Correct', 2), ('Correct2', 3), ('Type', 'NEW'), ('Trial', 'Practice')])
29.6078 	EXP 	FeedbackMssg: autoDraw = False
29.6078 	EXP 	FeedbackMssg: autoDraw = False
29.6078 	EXP 	TrialNumber: text = 'Trial 4'
29.6078 	EXP 	TrialNumber: autoDraw = True
29.6078 	EXP 	PracticeCross: autoDraw = True
31.8990 	EXP 	TrialNumber: autoDraw = False
31.8990 	EXP 	PracticeCross: autoDraw = False
31.8990 	EXP 	TrialNumber: autoDraw = False
31.8990 	EXP 	PracticeCross: autoDraw = False
31.8990 	EXP 	PracticeMssg: text = 'This is a NEW sound. \nThis sound has never been played before.'
31.8990 	EXP 	PracticeMssg: autoDraw = True
31.8990 	EXP 	FeedbackCross: autoDraw = True
31.8990 	EXP 	Continue: autoDraw = True
31.8990 	EXP 	Options: autoDraw = True
32.3878 	DATA 	Keypress: 3
32.3921 	EXP 	PracticeMssg: autoDraw = False
32.3921 	EXP 	FeedbackCross: autoDraw = False
32.3921 	EXP 	Continue: autoDraw = False
32.3921 	EXP 	Options: autoDraw = False
32.3921 	EXP 	FeedbackMssg: text = 'CORRECT'
32.3921 	EXP 	FeedbackMssg: autoDraw = True
33.3924 	EXP 	New trial (rep=0, index=4): OrderedDict([('SoundFile', 'Practice/Gargle_B.wav'), ('Correct', 2), ('Correct2', 2), ('Type', 'SIMILAR'), ('Trial', 'Practice')])
33.4738 	EXP 	FeedbackMssg: autoDraw = False
33.4738 	EXP 	TrialNumber: text = 'Trial 5'
33.4738 	EXP 	TrialNumber: autoDraw = True
33.4738 	EXP 	PracticeCross: autoDraw = True
35.5239 	EXP 	TrialNumber: autoDraw = False
35.5239 	EXP 	PracticeCross: autoDraw = False
35.5819 	EXP 	TrialNumber: autoDraw = False
35.5819 	EXP 	PracticeCross: autoDraw = False
35.5819 	EXP 	PracticeMssg: text = 'This is a SIMILAR sound. \nThis sound is similar but not identical to a previously played sound.'
35.5819 	EXP 	PracticeMssg: autoDraw = True
35.5819 	EXP 	FeedbackCross: autoDraw = True
35.5819 	EXP 	Continue: autoDraw = True
35.5819 	EXP 	Options: autoDraw = True
36.5727 	DATA 	Keypress: 2
36.5770 	EXP 	PracticeMssg: autoDraw = False
36.5770 	EXP 	FeedbackCross: autoDraw = False
36.5770 	EXP 	Continue: autoDraw = False
36.5770 	EXP 	Options: autoDraw = False
36.5770 	EXP 	FeedbackMssg: text = 'CORRECT'
36.5770 	EXP 	FeedbackMssg: autoDraw = True
37.5913 	EXP 	FeedbackMssg: autoDraw = False
37.5913 	EXP 	StartTxt: autoDraw = True
37.5913 	EXP 	ContinueStart: autoDraw = True
38.4000 	DATA 	Keypress: space
38.5102 	EXP 	Imported GuessSounds_conditions.xlsx as conditions, 128 conditions, 5 params
38.5107 	EXP 	Created sequence: sequential, trialTypes=128, nReps=1, seed=None
38.5110 	EXP 	New trial (rep=0, index=0): OrderedDict([('SoundFile', 'Siren_E.wav'), ('Correct', 2), ('Correct2', 3), ('Type', 'NEW'), ('Trial', 'B')])
38.5175 	EXP 	StartTxt: autoDraw = False
38.5175 	EXP 	ContinueStart: autoDraw = False
38.5175 	EXP 	no_3: autoDraw = True
40.2692 	EXP 	window1: mouseVisible = True
