1.1659 	WARNING 	We strongly recommend you activate the PTB sound engine in PsychoPy prefs as the preferred audio engine. Its timing is vastly superior. Your prefs are currently set to use ['sounddevice', 'PTB', 'pyo', 'pygame'] (in that order).
5.9743 	WARNING 	User requested fullscreen with size [1024  768], but screen is actually [2256, 1504]. Using actual size
7.8493 	EXP 	Created window1 = Window(allowGUI=False, allowStencil=False, args=UNKNOWN, autoLog=True, bitsMode=UNKNOWN, blendMode='avg', bpc=(8, 8, 8), color=array([0., 0., 0.]), colorSpace='rgb', depthBits=8, fullscr=<method-wrapper '__getattribute__' of attributeSetter object at 0x000001E498242C88>, gamma=None, gammaErrorPolicy='raise', kwargs=UNKNOWN, lms=UNKNOWN, monitor=<psychopy.monitors.calibTools.Monitor object at 0x000001E4981503C8>, multiSample=False, name='window1', numSamples=2, pos=[0.0, 0.0], screen=0, size=array([2256, 1504]), stencilBits=0, stereo=False, units='height', useFBO=True, useRetina=False, viewOri=0.0, viewPos=None, viewScale=None, waitBlanking=True, winType='pyglet')
7.8495 	EXP 	window1: mouseVisible = True
7.8496 	EXP 	window1: recordFrameIntervals = False
8.0157 	EXP 	window1: recordFrameIntervals = True
8.1989 	EXP 	window1: recordFrameIntervals = False
8.5209 	EXP 	Created InstructionTxt = TextStim(__class__=<class 'psychopy.visual.text.TextStim'>, alignHoriz=method-wrapper(...), alignText='center', alignVert=method-wrapper(...), anchorHoriz='center', anchorVert='center', antialias=True, autoLog=True, bold=False, color='white', colorSpace='named', contrast=1.0, depth=0.0, flipHoriz=False, flipVert=False, font='Arial', fontFiles=[], height=0.04, italic=False, languageStyle='LTR', name='InstructionTxt', opacity=1.0, ori=0, pos=array([0., 0.]), rgb=array([255., 255., 255.]), text=str(...), units='height', win=Window(...), wrapWidth=1)
8.5315 	EXP 	Created WelcomContinue = TextStim(__class__=<class 'psychopy.visual.text.TextStim'>, alignHoriz=method-wrapper(...), alignText='center', alignVert=method-wrapper(...), anchorHoriz='center', anchorVert='center', antialias=True, autoLog=True, bold=False, color='white', colorSpace='named', contrast=1.0, depth=-3.0, flipHoriz=False, flipVert=False, font='Arial', fontFiles=[], height=0.04, italic=False, languageStyle='LTR', name='WelcomContinue', opacity=1.0, ori=0, pos=array([ 0. , -0.4]), rgb=array([255., 255., 255.]), text='Press SPACE to continue', units='height', win=Window(...), wrapWidth=1)
8.5483 	EXP 	Created InstructionTxt2 = TextStim(__class__=<class 'psychopy.visual.text.TextStim'>, alignHoriz=method-wrapper(...), alignText='center', alignVert=method-wrapper(...), anchorHoriz='center', anchorVert='center', antialias=True, autoLog=True, bold=False, color='white', colorSpace='named', contrast=1.0, depth=0.0, flipHoriz=False, flipVert=False, font='Arial', fontFiles=[], height=0.04, italic=False, languageStyle='LTR', name='InstructionTxt2', opacity=1.0, ori=0, pos=array([0., 0.]), rgb=array([255., 255., 255.]), text=str(...), units='height', win=Window(...), wrapWidth=1)
8.5524 	EXP 	Created WelcomeContinue2 = TextStim(__class__=<class 'psychopy.visual.text.TextStim'>, alignHoriz=method-wrapper(...), alignText='center', alignVert=method-wrapper(...), anchorHoriz='center', anchorVert='center', antialias=True, autoLog=True, bold=False, color='white', colorSpace='named', contrast=1.0, depth=-1.0, flipHoriz=False, flipVert=False, font='Arial', fontFiles=[], height=0.04, italic=False, languageStyle='LTR', name='WelcomeContinue2', opacity=1.0, ori=0, pos=array([ 0. , -0.4]), rgb=array([255., 255., 255.]), text='Press SPACE to continue', units='height', win=Window(...), wrapWidth=1)
8.5612 	EXP 	Created VolumeBeginTxt = TextStim(__class__=<class 'psychopy.visual.text.TextStim'>, alignHoriz=method-wrapper(...), alignText='center', alignVert=method-wrapper(...), anchorHoriz='center', anchorVert='center', antialias=True, autoLog=True, bold=False, color='white', colorSpace='named', contrast=1.0, depth=0.0, flipHoriz=False, flipVert=False, font='Arial', fontFiles=[], height=0.04, italic=False, languageStyle='LTR', name='VolumeBeginTxt', opacity=1.0, ori=0, pos=array([0., 0.]), rgb=array([255., 255., 255.]), text=str(...), units='height', win=Window(...), wrapWidth=1)
8.5672 	EXP 	Created VolumeContinue = TextStim(__class__=<class 'psychopy.visual.text.TextStim'>, alignHoriz=method-wrapper(...), alignText='center', alignVert=method-wrapper(...), anchorHoriz='center', anchorVert='center', antialias=True, autoLog=True, bold=False, color='white', colorSpace='named', contrast=1.0, depth=-1.0, flipHoriz=False, flipVert=False, font='Arial', fontFiles=[], height=0.04, italic=False, languageStyle='LTR', name='VolumeContinue', opacity=1.0, ori=0, pos=array([ 0. , -0.4]), rgb=array([255., 255., 255.]), text=str(...), units='height', win=Window(...), wrapWidth=1)
8.5760 	EXP 	Created text = TextStim(__class__=<class 'psychopy.visual.text.TextStim'>, alignHoriz=method-wrapper(...), alignText='center', alignVert=method-wrapper(...), anchorHoriz='center', anchorVert='center', antialias=True, autoLog=True, bold=False, color='white', colorSpace='named', contrast=1.0, depth=0.0, flipHoriz=False, flipVert=False, font='Arial', fontFiles=[], height=0.04, italic=False, languageStyle='LTR', name='text', opacity=1.0, ori=0, pos=array([0., 0.]), rgb=array([255., 255., 255.]), text=str(...), units='height', win=Window(...), wrapWidth=1)
8.6946 	EXP 	Sound Music set volume 0.300
8.7016 	EXP 	Created AdjustContinue = TextStim(__class__=<class 'psychopy.visual.text.TextStim'>, alignHoriz=method-wrapper(...), alignText='center', alignVert=method-wrapper(...), anchorHoriz='center', anchorVert='center', antialias=True, autoLog=True, bold=False, color='white', colorSpace='named', contrast=1.0, depth=-3.0, flipHoriz=False, flipVert=False, font='Arial', fontFiles=[], height=0.04, italic=False, languageStyle='LTR', name='AdjustContinue', opacity=1.0, ori=0, pos=array([ 0. , -0.4]), rgb=array([255., 255., 255.]), text=str(...), units='height', win=Window(...), wrapWidth=1)
8.7058 	EXP 	Created StartTxt = TextStim(__class__=<class 'psychopy.visual.text.TextStim'>, alignHoriz=method-wrapper(...), alignText='center', alignVert=method-wrapper(...), anchorHoriz='center', anchorVert='center', antialias=True, autoLog=True, bold=False, color='white', colorSpace='named', contrast=1.0, depth=0.0, flipHoriz=False, flipVert=False, font='Arial', fontFiles=[], height=0.04, italic=False, languageStyle='LTR', name='StartTxt', opacity=1.0, ori=0, pos=array([0., 0.]), rgb=array([255., 255., 255.]), text='We will now begin the task', units='height', win=Window(...), wrapWidth=1)
8.7166 	EXP 	Created no3 = TextStim(__class__=<class 'psychopy.visual.text.TextStim'>, alignHoriz=method-wrapper(...), alignText='center', alignVert=method-wrapper(...), anchorHoriz='center', anchorVert='center', antialias=True, autoLog=True, bold=False, color='white', colorSpace='named', contrast=1.0, depth=0.0, flipHoriz=False, flipVert=False, font='Arial', fontFiles=[], height=0.05, italic=False, languageStyle='LTR', name='no3', opacity=1.0, ori=0, pos=array([0., 0.]), rgb=array([255., 255., 255.]), text='3', units='height', win=Window(...), wrapWidth=1)
8.7204 	EXP 	Created no2 = TextStim(__class__=<class 'psychopy.visual.text.TextStim'>, alignHoriz=method-wrapper(...), alignText='center', alignVert=method-wrapper(...), anchorHoriz='center', anchorVert='center', antialias=True, autoLog=True, bold=False, color='white', colorSpace='named', contrast=1.0, depth=0.0, flipHoriz=False, flipVert=False, font='Arial', fontFiles=[], height=0.05, italic=False, languageStyle='LTR', name='no2', opacity=1.0, ori=0, pos=array([0., 0.]), rgb=array([255., 255., 255.]), text='2', units='height', win=Window(...), wrapWidth=1)
8.7242 	EXP 	Created no1 = TextStim(__class__=<class 'psychopy.visual.text.TextStim'>, alignHoriz=method-wrapper(...), alignText='center', alignVert=method-wrapper(...), anchorHoriz='center', anchorVert='center', antialias=True, autoLog=True, bold=False, color='white', colorSpace='named', contrast=1.0, depth=0.0, flipHoriz=False, flipVert=False, font='Arial', fontFiles=[], height=0.05, italic=False, languageStyle='LTR', name='no1', opacity=1.0, ori=0, pos=array([0., 0.]), rgb=array([255., 255., 255.]), text='1', units='height', win=Window(...), wrapWidth=1)
8.7305 	EXP 	Created Question = TextStim(__class__=<class 'psychopy.visual.text.TextStim'>, alignHoriz=method-wrapper(...), alignText='center', alignVert=method-wrapper(...), anchorHoriz='center', anchorVert='center', antialias=True, autoLog=True, bold=False, color='white', colorSpace='named', contrast=1.0, depth=0.0, flipHoriz=False, flipVert=False, font='Arial', fontFiles=[], height=0.04, italic=False, languageStyle='LTR', name='Question', opacity=1.0, ori=0, pos=array([0., 0.]), rgb=array([255., 255., 255.]), text='What is this sound?\n', units='height', win=Window(...), wrapWidth=1)
8.7788 	EXP 	window1: mouseVisible = True
8.8010 	EXP 	Created ClickTheButton = TextStim(__class__=<class 'psychopy.visual.text.TextStim'>, alignHoriz=method-wrapper(...), alignText='center', alignVert=method-wrapper(...), anchorHoriz='center', anchorVert='center', antialias=True, autoLog=True, bold=False, color='white', colorSpace='named', contrast=1.0, depth=-3.0, flipHoriz=False, flipVert=False, font='Arial', fontFiles=[], height=0.025, italic=False, languageStyle='LTR', name='ClickTheButton', opacity=1.0, ori=0, pos=array([ 0.  , -0.03]), rgb=array([255., 255., 255.]), text="Click 'Submit' to continue.", units='height', win=Window(...), wrapWidth=1)
8.8011 	EXP 	Sound SoundItem set volume 1.000
8.8112 	EXP 	Created ItemNo = TextStim(__class__=<class 'psychopy.visual.text.TextStim'>, alignHoriz=method-wrapper(...), alignText='center', alignVert=method-wrapper(...), anchorHoriz='center', anchorVert='center', antialias=True, autoLog=True, bold=False, color='white', colorSpace='named', contrast=1.0, depth=-5.0, flipHoriz=False, flipVert=False, font='Arial', fontFiles=[], height=0.04, italic=False, languageStyle='LTR', name='ItemNo', opacity=1.0, ori=0, pos=array([0.  , 0.45]), rgb=array([255., 255., 255.]), text='default text', units='height', win=Window(...), wrapWidth=1)
8.8675 	EXP 	Created ThankyouMssg = TextStim(__class__=<class 'psychopy.visual.text.TextStim'>, alignHoriz=method-wrapper(...), alignText='center', alignVert=method-wrapper(...), anchorHoriz='center', anchorVert='center', antialias=True, autoLog=True, bold=False, color='white', colorSpace='named', contrast=1.0, depth=0.0, flipHoriz=False, flipVert=False, font='Arial', fontFiles=[], height=0.04, italic=False, languageStyle='LTR', name='ThankyouMssg', opacity=1.0, ori=0, pos=array([0. , 0.2]), rgb=array([255., 255., 255.]), text=str(...), units='height', win=Window(...), wrapWidth=1)
8.9204 	EXP 	Created ExitTxt = TextStim(__class__=<class 'psychopy.visual.text.TextStim'>, alignHoriz=method-wrapper(...), alignText='center', alignVert=method-wrapper(...), anchorHoriz='center', anchorVert='center', antialias=True, autoLog=True, bold=False, color='white', colorSpace='named', contrast=1.0, depth=-2.0, flipHoriz=False, flipVert=False, font='Arial', fontFiles=[], height=0.04, italic=False, languageStyle='LTR', name='ExitTxt', opacity=1.0, ori=0, pos=array([ 0. , -0.4]), rgb=array([255., 255., 255.]), text='Press SPACE to exit the study', units='height', win=Window(...), wrapWidth=1)
8.9329 	EXP 	Created CodeTxt = TextStim(__class__=<class 'psychopy.visual.text.TextStim'>, alignHoriz=method-wrapper(...), alignText='center', alignVert=method-wrapper(...), anchorHoriz='center', anchorVert='center', antialias=True, autoLog=True, bold=False, color='white', colorSpace='named', contrast=1.0, depth=-4.0, flipHoriz=False, flipVert=False, font='Arial', fontFiles=[], height=0.04, italic=False, languageStyle='LTR', name='CodeTxt', opacity=1.0, ori=0, pos=array([ 0.  , -0.22]), rgb=array([255., 255., 255.]), text=str(...), units='height', win=Window(...), wrapWidth=1)
8.9672 	EXP 	ResponseBox: autoLog = True
8.9672 	EXP 	Submit: autoLog = True
8.9672 	EXP 	CompletionCode: autoLog = True
8.9672 	EXP 	InstructionTxt: autoDraw = True
8.9672 	EXP 	WelcomContinue: autoDraw = True
10.1244 	DATA 	Keypress: space
10.1325 	EXP 	InstructionTxt: autoDraw = False
10.1325 	EXP 	WelcomContinue: autoDraw = False
10.1325 	EXP 	InstructionTxt2: autoDraw = True
10.1325 	EXP 	WelcomeContinue2: autoDraw = True
10.1325 	EXP 	ResponseBox: text = 'default text '
10.6234 	DATA 	Keypress: space
10.6322 	EXP 	InstructionTxt2: autoDraw = False
10.6322 	EXP 	WelcomeContinue2: autoDraw = False
10.6322 	EXP 	VolumeBeginTxt: autoDraw = True
10.6322 	EXP 	VolumeContinue: autoDraw = True
10.6322 	EXP 	ResponseBox: text = 'default text  '
11.2707 	DATA 	Keypress: space
11.2823 	EXP 	ResponseBox: text = 'default text   '
11.3144 	EXP 	VolumeBeginTxt: autoDraw = False
11.3144 	EXP 	VolumeContinue: autoDraw = False
11.3144 	EXP 	text: autoDraw = True
11.3144 	EXP 	AdjustContinue: autoDraw = True
12.1225 	DATA 	Keypress: space
12.1320 	EXP 	text: autoDraw = False
12.1320 	EXP 	AdjustContinue: autoDraw = False
12.1320 	EXP 	StartTxt: autoDraw = True
12.1320 	EXP 	ResponseBox: text = 'default text    '
14.1544 	EXP 	Imported GuessSounds_conditions.xlsx as conditions, 44 conditions, 1 params
14.1547 	EXP 	Created sequence: sequential, trialTypes=44, nReps=1, seed=None
14.1549 	EXP 	New trial (rep=0, index=0): OrderedDict([('SoundFiles', 'Initial/Doubled/Laugh_A.wav')])
14.1621 	EXP 	StartTxt: autoDraw = False
14.1621 	EXP 	StartTxt: autoDraw = False
14.1621 	EXP 	no3: autoDraw = True
15.1495 	EXP 	no3: autoDraw = False
15.1495 	EXP 	no2: autoDraw = True
16.1486 	EXP 	no2: autoDraw = False
16.1486 	EXP 	no1: autoDraw = True
17.1692 	EXP 	no1: autoDraw = False
17.1692 	EXP 	ResponseBox: text = '\n\n'
17.1692 	EXP 	ItemNo: text = '1/60'
17.1692 	EXP 	Question: autoDraw = True
17.1692 	EXP 	ResponseBox: autoDraw = True
17.1692 	EXP 	ClickTheButton: autoDraw = True
17.1692 	EXP 	ItemNo: autoDraw = True
17.1692 	EXP 	Submit: autoDraw = True
18.5850 	DATA 	Mouse: Left button down, pos=(1131,193)
18.5904 	EXP 	New trial (rep=0, index=1): OrderedDict([('SoundFiles', 'Initial/NoRepeat/Sleighbells_B.wav')])
18.5989 	EXP 	Question: autoDraw = False
18.5989 	EXP 	ResponseBox: autoDraw = False
18.5989 	EXP 	ClickTheButton: autoDraw = False
18.5989 	EXP 	ItemNo: autoDraw = False
18.5989 	EXP 	Submit: autoDraw = False
18.5989 	EXP 	ResponseBox: text = 'default text'
18.5989 	EXP 	no3: autoDraw = True
18.8179 	DATA 	Mouse:  Left button up, pos=(1131,193)
19.5984 	EXP 	no3: autoDraw = False
19.5984 	EXP 	no3: autoDraw = False
19.5984 	EXP 	no2: autoDraw = True
20.5992 	EXP 	no2: autoDraw = False
20.5992 	EXP 	no2: autoDraw = False
20.5992 	EXP 	no1: autoDraw = True
21.6230 	EXP 	no1: autoDraw = False
21.6230 	EXP 	no1: autoDraw = False
21.6230 	EXP 	ResponseBox: text = '\n\n'
21.6230 	EXP 	ItemNo: text = '2/60'
21.6230 	EXP 	Question: autoDraw = True
21.6230 	EXP 	ResponseBox: autoDraw = True
21.6230 	EXP 	ClickTheButton: autoDraw = True
21.6230 	EXP 	ItemNo: autoDraw = True
21.6230 	EXP 	Submit: autoDraw = True
22.3240 	DATA 	Mouse: Left button down, pos=(1131,193)
22.3290 	EXP 	New trial (rep=0, index=2): OrderedDict([('SoundFiles', 'Initial/NoRepeat/Faucet_A.wav')])
22.3352 	EXP 	Question: autoDraw = False
22.3352 	EXP 	ResponseBox: autoDraw = False
22.3352 	EXP 	ClickTheButton: autoDraw = False
22.3352 	EXP 	ItemNo: autoDraw = False
22.3352 	EXP 	Submit: autoDraw = False
22.3352 	EXP 	ResponseBox: text = 'default text'
22.3352 	EXP 	no3: autoDraw = True
22.5363 	DATA 	Mouse:  Left button up, pos=(1131,193)
23.3486 	EXP 	no3: autoDraw = False
23.3486 	EXP 	no2: autoDraw = True
24.3484 	EXP 	no2: autoDraw = False
24.3484 	EXP 	no1: autoDraw = True
25.3510 	EXP 	no1: autoDraw = False
25.3510 	EXP 	ResponseBox: text = '\n\n'
25.3510 	EXP 	ItemNo: text = '3/60'
25.3510 	EXP 	Question: autoDraw = True
25.3510 	EXP 	ResponseBox: autoDraw = True
25.3510 	EXP 	ClickTheButton: autoDraw = True
25.3510 	EXP 	ItemNo: autoDraw = True
25.3510 	EXP 	Submit: autoDraw = True
26.3338 	DATA 	Mouse: Left button down, pos=(1131,193)
26.3380 	EXP 	New trial (rep=0, index=3): OrderedDict([('SoundFiles', 'Initial/Doubled/Cat_A.wav')])
26.3488 	EXP 	Question: autoDraw = False
26.3488 	EXP 	ResponseBox: autoDraw = False
26.3488 	EXP 	ClickTheButton: autoDraw = False
26.3488 	EXP 	ItemNo: autoDraw = False
26.3488 	EXP 	Submit: autoDraw = False
26.3488 	EXP 	ResponseBox: text = 'default text'
26.3488 	EXP 	no3: autoDraw = True
26.5680 	DATA 	Mouse:  Left button up, pos=(1131,193)
27.3485 	EXP 	no3: autoDraw = False
27.3485 	EXP 	no3: autoDraw = False
27.3485 	EXP 	no2: autoDraw = True
28.3486 	EXP 	no2: autoDraw = False
28.3486 	EXP 	no2: autoDraw = False
28.3486 	EXP 	no1: autoDraw = True
29.3502 	EXP 	no1: autoDraw = False
29.3502 	EXP 	no1: autoDraw = False
29.3502 	EXP 	ResponseBox: text = '\n\n'
29.3502 	EXP 	ItemNo: text = '4/60'
29.3502 	EXP 	Question: autoDraw = True
29.3502 	EXP 	ResponseBox: autoDraw = True
29.3502 	EXP 	ClickTheButton: autoDraw = True
29.3502 	EXP 	ItemNo: autoDraw = True
29.3502 	EXP 	Submit: autoDraw = True
30.5516 	DATA 	Mouse: Left button down, pos=(1131,193)
30.5561 	EXP 	New trial (rep=0, index=4): OrderedDict([('SoundFiles', 'Initial/Doubled/Cough_A.wav')])
30.5655 	EXP 	Question: autoDraw = False
30.5655 	EXP 	ResponseBox: autoDraw = False
30.5655 	EXP 	ClickTheButton: autoDraw = False
30.5655 	EXP 	ItemNo: autoDraw = False
30.5655 	EXP 	Submit: autoDraw = False
30.5655 	EXP 	ResponseBox: text = 'default text'
30.5655 	EXP 	no3: autoDraw = True
30.7681 	DATA 	Mouse:  Left button up, pos=(1131,193)
31.5658 	EXP 	no3: autoDraw = False
31.5658 	EXP 	no3: autoDraw = False
31.5658 	EXP 	no2: autoDraw = True
32.5654 	EXP 	no2: autoDraw = False
32.5654 	EXP 	no2: autoDraw = False
32.5654 	EXP 	no1: autoDraw = True
33.5670 	EXP 	no1: autoDraw = False
33.5670 	EXP 	no1: autoDraw = False
33.5670 	EXP 	ResponseBox: text = '\n\n'
33.5670 	EXP 	ItemNo: text = '5/60'
33.5670 	EXP 	Question: autoDraw = True
33.5670 	EXP 	ResponseBox: autoDraw = True
33.5670 	EXP 	ClickTheButton: autoDraw = True
33.5670 	EXP 	ItemNo: autoDraw = True
33.5670 	EXP 	Submit: autoDraw = True
34.4681 	DATA 	Mouse: Left button down, pos=(1131,193)
34.4723 	EXP 	New trial (rep=0, index=5): OrderedDict([('SoundFiles', 'Initial/NoRepeat/Helicopter_A.wav')])
34.4820 	EXP 	Question: autoDraw = False
34.4820 	EXP 	ResponseBox: autoDraw = False
34.4820 	EXP 	ClickTheButton: autoDraw = False
34.4820 	EXP 	ItemNo: autoDraw = False
34.4820 	EXP 	Submit: autoDraw = False
34.4820 	EXP 	ResponseBox: text = 'default text'
34.4820 	EXP 	no3: autoDraw = True
34.6844 	DATA 	Mouse:  Left button up, pos=(1131,193)
35.4816 	EXP 	no3: autoDraw = False
35.4816 	EXP 	no3: autoDraw = False
35.4816 	EXP 	no2: autoDraw = True
36.4822 	EXP 	no2: autoDraw = False
36.4822 	EXP 	no2: autoDraw = False
36.4822 	EXP 	no1: autoDraw = True
37.4832 	EXP 	no1: autoDraw = False
37.4832 	EXP 	no1: autoDraw = False
37.4832 	EXP 	ResponseBox: text = '\n\n'
37.4832 	EXP 	ItemNo: text = '6/60'
37.4832 	EXP 	Question: autoDraw = True
37.4832 	EXP 	ResponseBox: autoDraw = True
37.4832 	EXP 	ClickTheButton: autoDraw = True
37.4832 	EXP 	ItemNo: autoDraw = True
37.4832 	EXP 	Submit: autoDraw = True
39.0011 	DATA 	Mouse: Left button down, pos=(1131,193)
39.0054 	EXP 	New trial (rep=0, index=6): OrderedDict([('SoundFiles', 'Initial/NoRepeat/Toilet_B.wav')])
39.0165 	EXP 	Question: autoDraw = False
39.0165 	EXP 	ResponseBox: autoDraw = False
39.0165 	EXP 	ClickTheButton: autoDraw = False
39.0165 	EXP 	ItemNo: autoDraw = False
39.0165 	EXP 	Submit: autoDraw = False
39.0165 	EXP 	ResponseBox: text = 'default text'
39.0165 	EXP 	no3: autoDraw = True
39.2179 	DATA 	Mouse:  Left button up, pos=(1131,193)
40.0316 	EXP 	no3: autoDraw = False
40.0316 	EXP 	no2: autoDraw = True
41.0315 	EXP 	no2: autoDraw = False
41.0315 	EXP 	no1: autoDraw = True
42.0449 	EXP 	no1: autoDraw = False
42.0449 	EXP 	ResponseBox: text = '\n\n'
42.0449 	EXP 	ItemNo: text = '7/60'
42.0449 	EXP 	Question: autoDraw = True
42.0449 	EXP 	ResponseBox: autoDraw = True
42.0449 	EXP 	ClickTheButton: autoDraw = True
42.0449 	EXP 	ItemNo: autoDraw = True
42.0449 	EXP 	Submit: autoDraw = True
43.6181 	DATA 	Mouse: Left button down, pos=(1131,193)
43.6226 	EXP 	New trial (rep=0, index=7): OrderedDict([('SoundFiles', 'Initial/Doubled/Clap_A.wav')])
43.6320 	EXP 	Question: autoDraw = False
43.6320 	EXP 	ResponseBox: autoDraw = False
43.6320 	EXP 	ClickTheButton: autoDraw = False
43.6320 	EXP 	ItemNo: autoDraw = False
43.6320 	EXP 	Submit: autoDraw = False
43.6320 	EXP 	ResponseBox: text = 'default text'
43.6320 	EXP 	no3: autoDraw = True
43.8340 	DATA 	Mouse:  Left button up, pos=(1131,193)
44.6316 	EXP 	no3: autoDraw = False
44.6316 	EXP 	no3: autoDraw = False
44.6316 	EXP 	no2: autoDraw = True
45.6316 	EXP 	no2: autoDraw = False
45.6316 	EXP 	no2: autoDraw = False
45.6316 	EXP 	no1: autoDraw = True
46.6332 	EXP 	no1: autoDraw = False
46.6332 	EXP 	no1: autoDraw = False
46.6332 	EXP 	ResponseBox: text = '\n\n'
46.6332 	EXP 	ItemNo: text = '8/60'
46.6332 	EXP 	Question: autoDraw = True
46.6332 	EXP 	ResponseBox: autoDraw = True
46.6332 	EXP 	ClickTheButton: autoDraw = True
46.6332 	EXP 	ItemNo: autoDraw = True
46.6332 	EXP 	Submit: autoDraw = True
47.7856 	DATA 	Mouse: Left button down, pos=(1131,193)
47.8022 	EXP 	New trial (rep=0, index=8): OrderedDict([('SoundFiles', 'Test/Foils/Wind_B.wav')])
47.8088 	EXP 	Question: autoDraw = False
47.8088 	EXP 	ResponseBox: autoDraw = False
47.8088 	EXP 	ClickTheButton: autoDraw = False
47.8088 	EXP 	ItemNo: autoDraw = False
47.8088 	EXP 	Submit: autoDraw = False
47.8088 	EXP 	ResponseBox: text = 'default text'
47.8088 	EXP 	no3: autoDraw = True
48.0011 	DATA 	Mouse:  Left button up, pos=(1131,193)
48.8149 	EXP 	no3: autoDraw = False
48.8149 	EXP 	no3: autoDraw = False
48.8149 	EXP 	no2: autoDraw = True
49.8147 	EXP 	no2: autoDraw = False
49.8147 	EXP 	no2: autoDraw = False
49.8147 	EXP 	no1: autoDraw = True
50.8178 	EXP 	no1: autoDraw = False
50.8178 	EXP 	no1: autoDraw = False
50.8178 	EXP 	ResponseBox: text = '\n\n'
50.8178 	EXP 	ItemNo: text = '9/60'
50.8178 	EXP 	Question: autoDraw = True
50.8178 	EXP 	ResponseBox: autoDraw = True
50.8178 	EXP 	ClickTheButton: autoDraw = True
50.8178 	EXP 	ItemNo: autoDraw = True
50.8178 	EXP 	Submit: autoDraw = True
51.7844 	DATA 	Mouse: Left button down, pos=(1131,193)
51.7883 	EXP 	New trial (rep=0, index=9): OrderedDict([('SoundFiles', 'Initial/NoRepeat/Thunder_A.wav')])
51.7986 	EXP 	Question: autoDraw = False
51.7986 	EXP 	ResponseBox: autoDraw = False
51.7986 	EXP 	ClickTheButton: autoDraw = False
51.7986 	EXP 	ItemNo: autoDraw = False
51.7986 	EXP 	Submit: autoDraw = False
51.7986 	EXP 	ResponseBox: text = 'default text'
51.7986 	EXP 	no3: autoDraw = True
52.0010 	DATA 	Mouse:  Left button up, pos=(1131,193)
52.7985 	EXP 	no3: autoDraw = False
52.7985 	EXP 	no3: autoDraw = False
52.7985 	EXP 	no2: autoDraw = True
53.8135 	EXP 	no2: autoDraw = False
53.8135 	EXP 	no1: autoDraw = True
54.8200 	EXP 	no1: autoDraw = False
54.8200 	EXP 	ResponseBox: text = '\n\n'
54.8200 	EXP 	ItemNo: text = '10/60'
54.8200 	EXP 	Question: autoDraw = True
54.8200 	EXP 	ResponseBox: autoDraw = True
54.8200 	EXP 	ClickTheButton: autoDraw = True
54.8200 	EXP 	ItemNo: autoDraw = True
54.8200 	EXP 	Submit: autoDraw = True
57.4335 	DATA 	Mouse: Left button down, pos=(1131,193)
57.4379 	EXP 	New trial (rep=0, index=10): OrderedDict([('SoundFiles', 'Initial/Doubled/Cuckoo_A.wav')])
57.4476 	EXP 	Question: autoDraw = False
57.4476 	EXP 	ResponseBox: autoDraw = False
57.4476 	EXP 	ClickTheButton: autoDraw = False
57.4476 	EXP 	ItemNo: autoDraw = False
57.4476 	EXP 	Submit: autoDraw = False
57.4476 	EXP 	ResponseBox: text = 'default text'
57.4476 	EXP 	no3: autoDraw = True
57.6515 	DATA 	Mouse:  Left button up, pos=(1131,193)
58.4477 	EXP 	no3: autoDraw = False
58.4477 	EXP 	no3: autoDraw = False
58.4477 	EXP 	no2: autoDraw = True
59.4489 	EXP 	no2: autoDraw = False
59.4489 	EXP 	no2: autoDraw = False
59.4489 	EXP 	no1: autoDraw = True
60.4498 	EXP 	no1: autoDraw = False
60.4498 	EXP 	no1: autoDraw = False
60.4498 	EXP 	ResponseBox: text = '\n\n'
60.4498 	EXP 	ItemNo: text = '11/60'
60.4498 	EXP 	Question: autoDraw = True
60.4498 	EXP 	ResponseBox: autoDraw = True
60.4498 	EXP 	ClickTheButton: autoDraw = True
60.4498 	EXP 	ItemNo: autoDraw = True
60.4498 	EXP 	Submit: autoDraw = True
61.4168 	DATA 	Mouse: Left button down, pos=(1131,193)
61.4205 	EXP 	New trial (rep=0, index=11): OrderedDict([('SoundFiles', 'Initial/Repeat/Howl.wav')])
61.4318 	EXP 	Question: autoDraw = False
61.4318 	EXP 	ResponseBox: autoDraw = False
61.4318 	EXP 	ClickTheButton: autoDraw = False
61.4318 	EXP 	ItemNo: autoDraw = False
61.4318 	EXP 	Submit: autoDraw = False
61.4318 	EXP 	ResponseBox: text = 'default text'
61.4318 	EXP 	no3: autoDraw = True
61.6350 	DATA 	Mouse:  Left button up, pos=(1131,193)
62.4316 	EXP 	no3: autoDraw = False
62.4316 	EXP 	no3: autoDraw = False
62.4316 	EXP 	no2: autoDraw = True
63.4315 	EXP 	no2: autoDraw = False
63.4315 	EXP 	no2: autoDraw = False
63.4315 	EXP 	no1: autoDraw = True
64.4337 	EXP 	no1: autoDraw = False
64.4337 	EXP 	no1: autoDraw = False
64.4337 	EXP 	ResponseBox: text = '\n\n'
64.4337 	EXP 	ItemNo: text = '12/60'
64.4337 	EXP 	Question: autoDraw = True
64.4337 	EXP 	ResponseBox: autoDraw = True
64.4337 	EXP 	ClickTheButton: autoDraw = True
64.4337 	EXP 	ItemNo: autoDraw = True
64.4337 	EXP 	Submit: autoDraw = True
66.5664 	DATA 	Mouse: Left button down, pos=(1131,193)
66.5707 	EXP 	New trial (rep=0, index=12): OrderedDict([('SoundFiles', 'Initial/NoRepeat/Cow.wav')])
66.5826 	EXP 	Question: autoDraw = False
66.5826 	EXP 	ResponseBox: autoDraw = False
66.5826 	EXP 	ClickTheButton: autoDraw = False
66.5826 	EXP 	ItemNo: autoDraw = False
66.5826 	EXP 	Submit: autoDraw = False
66.5826 	EXP 	ResponseBox: text = 'default text'
66.5826 	EXP 	no3: autoDraw = True
66.7852 	DATA 	Mouse:  Left button up, pos=(1131,193)
67.5826 	EXP 	no3: autoDraw = False
67.5826 	EXP 	no3: autoDraw = False
67.5826 	EXP 	no2: autoDraw = True
68.5813 	EXP 	no2: autoDraw = False
68.5813 	EXP 	no2: autoDraw = False
68.5813 	EXP 	no1: autoDraw = True
69.5862 	EXP 	no1: autoDraw = False
69.5862 	EXP 	no1: autoDraw = False
69.5862 	EXP 	ResponseBox: text = '\n\n'
69.5862 	EXP 	ItemNo: text = '13/60'
69.5862 	EXP 	Question: autoDraw = True
69.5862 	EXP 	ResponseBox: autoDraw = True
69.5862 	EXP 	ClickTheButton: autoDraw = True
69.5862 	EXP 	ItemNo: autoDraw = True
69.5862 	EXP 	Submit: autoDraw = True
70.7349 	DATA 	Mouse: Left button down, pos=(1131,193)
70.7400 	EXP 	New trial (rep=0, index=13): OrderedDict([('SoundFiles', 'Initial/Doubled/Gargle_A.wav')])
70.7482 	EXP 	Question: autoDraw = False
70.7482 	EXP 	ResponseBox: autoDraw = False
70.7482 	EXP 	ClickTheButton: autoDraw = False
70.7482 	EXP 	ItemNo: autoDraw = False
70.7482 	EXP 	Submit: autoDraw = False
70.7482 	EXP 	ResponseBox: text = 'default text'
70.7482 	EXP 	no3: autoDraw = True
70.9506 	DATA 	Mouse:  Left button up, pos=(1131,193)
71.7480 	EXP 	no3: autoDraw = False
71.7480 	EXP 	no3: autoDraw = False
71.7480 	EXP 	no2: autoDraw = True
72.7477 	EXP 	no2: autoDraw = False
72.7477 	EXP 	no2: autoDraw = False
72.7477 	EXP 	no1: autoDraw = True
73.7544 	EXP 	no1: autoDraw = False
73.7544 	EXP 	no1: autoDraw = False
73.7544 	EXP 	ResponseBox: text = '\n\n'
73.7544 	EXP 	ItemNo: text = '14/60'
73.7544 	EXP 	Question: autoDraw = True
73.7544 	EXP 	ResponseBox: autoDraw = True
73.7544 	EXP 	ClickTheButton: autoDraw = True
73.7544 	EXP 	ItemNo: autoDraw = True
73.7544 	EXP 	Submit: autoDraw = True
74.9357 	DATA 	Mouse: Left button down, pos=(1131,193)
74.9395 	EXP 	New trial (rep=0, index=14): OrderedDict([('SoundFiles', 'Initial/NoRepeat/Elephant_A.wav')])
74.9485 	EXP 	Question: autoDraw = False
74.9485 	EXP 	ResponseBox: autoDraw = False
74.9485 	EXP 	ClickTheButton: autoDraw = False
74.9485 	EXP 	ItemNo: autoDraw = False
74.9485 	EXP 	Submit: autoDraw = False
74.9485 	EXP 	ResponseBox: text = 'default text'
74.9485 	EXP 	no3: autoDraw = True
75.1506 	DATA 	Mouse:  Left button up, pos=(1131,193)
75.9482 	EXP 	no3: autoDraw = False
75.9482 	EXP 	no3: autoDraw = False
75.9482 	EXP 	no2: autoDraw = True
76.9482 	EXP 	no2: autoDraw = False
76.9482 	EXP 	no2: autoDraw = False
76.9482 	EXP 	no1: autoDraw = True
77.9520 	EXP 	no1: autoDraw = False
77.9520 	EXP 	no1: autoDraw = False
77.9520 	EXP 	ResponseBox: text = '\n\n'
77.9520 	EXP 	ItemNo: text = '15/60'
77.9520 	EXP 	Question: autoDraw = True
77.9520 	EXP 	ResponseBox: autoDraw = True
77.9520 	EXP 	ClickTheButton: autoDraw = True
77.9520 	EXP 	ItemNo: autoDraw = True
77.9520 	EXP 	Submit: autoDraw = True
79.0009 	DATA 	Mouse: Left button down, pos=(1131,193)
79.0056 	EXP 	New trial (rep=0, index=15): OrderedDict([('SoundFiles', 'Initial/Repeat/Trumpet_B.wav')])
79.0152 	EXP 	Question: autoDraw = False
79.0152 	EXP 	ResponseBox: autoDraw = False
79.0152 	EXP 	ClickTheButton: autoDraw = False
79.0152 	EXP 	ItemNo: autoDraw = False
79.0152 	EXP 	Submit: autoDraw = False
79.0152 	EXP 	ResponseBox: text = 'default text'
79.0152 	EXP 	no3: autoDraw = True
79.2183 	DATA 	Mouse:  Left button up, pos=(1131,193)
80.0145 	EXP 	no3: autoDraw = False
80.0145 	EXP 	no3: autoDraw = False
80.0145 	EXP 	no2: autoDraw = True
81.0147 	EXP 	no2: autoDraw = False
81.0147 	EXP 	no2: autoDraw = False
81.0147 	EXP 	no1: autoDraw = True
82.0167 	EXP 	no1: autoDraw = False
82.0167 	EXP 	no1: autoDraw = False
82.0167 	EXP 	ResponseBox: text = '\n\n'
82.0167 	EXP 	ItemNo: text = '16/60'
82.0167 	EXP 	Question: autoDraw = True
82.0167 	EXP 	ResponseBox: autoDraw = True
82.0167 	EXP 	ClickTheButton: autoDraw = True
82.0167 	EXP 	ItemNo: autoDraw = True
82.0167 	EXP 	Submit: autoDraw = True
82.9500 	DATA 	Mouse: Left button down, pos=(1131,193)
82.9544 	EXP 	New trial (rep=0, index=16): OrderedDict([('SoundFiles', 'Pour_C.wav')])
82.9646 	EXP 	Question: autoDraw = False
82.9646 	EXP 	ResponseBox: autoDraw = False
82.9646 	EXP 	ClickTheButton: autoDraw = False
82.9646 	EXP 	ItemNo: autoDraw = False
82.9646 	EXP 	Submit: autoDraw = False
82.9646 	EXP 	ResponseBox: text = 'default text'
82.9646 	EXP 	no3: autoDraw = True
83.1675 	DATA 	Mouse:  Left button up, pos=(1131,193)
83.9645 	EXP 	no3: autoDraw = False
83.9645 	EXP 	no3: autoDraw = False
83.9645 	EXP 	no2: autoDraw = True
84.9644 	EXP 	no2: autoDraw = False
84.9644 	EXP 	no2: autoDraw = False
84.9644 	EXP 	no1: autoDraw = True
85.9661 	EXP 	no1: autoDraw = False
85.9661 	EXP 	no1: autoDraw = False
85.9661 	EXP 	ResponseBox: text = '\n\n'
85.9661 	EXP 	ItemNo: text = '17/60'
85.9661 	EXP 	Question: autoDraw = True
85.9661 	EXP 	ResponseBox: autoDraw = True
85.9661 	EXP 	ClickTheButton: autoDraw = True
85.9661 	EXP 	ItemNo: autoDraw = True
85.9661 	EXP 	Submit: autoDraw = True
88.6670 	DATA 	Mouse: Left button down, pos=(1131,193)
88.6715 	EXP 	New trial (rep=0, index=17): OrderedDict([('SoundFiles', 'Pour_D.wav')])
88.6813 	EXP 	Question: autoDraw = False
88.6813 	EXP 	ResponseBox: autoDraw = False
88.6813 	EXP 	ClickTheButton: autoDraw = False
88.6813 	EXP 	ItemNo: autoDraw = False
88.6813 	EXP 	Submit: autoDraw = False
88.6813 	EXP 	ResponseBox: text = 'default text'
88.6813 	EXP 	no3: autoDraw = True
88.9004 	DATA 	Mouse:  Left button up, pos=(1131,193)
89.6811 	EXP 	no3: autoDraw = False
89.6811 	EXP 	no3: autoDraw = False
89.6811 	EXP 	no2: autoDraw = True
90.6821 	EXP 	no2: autoDraw = False
90.6821 	EXP 	no2: autoDraw = False
90.6821 	EXP 	no1: autoDraw = True
91.6993 	EXP 	no1: autoDraw = False
91.6993 	EXP 	ResponseBox: text = '\n\n'
91.6993 	EXP 	ItemNo: text = '18/60'
91.6993 	EXP 	Question: autoDraw = True
91.6993 	EXP 	ResponseBox: autoDraw = True
91.6993 	EXP 	ClickTheButton: autoDraw = True
91.6993 	EXP 	ItemNo: autoDraw = True
91.6993 	EXP 	Submit: autoDraw = True
94.2998 	DATA 	Mouse: Left button down, pos=(1131,193)
94.3044 	EXP 	New trial (rep=0, index=18): OrderedDict([('SoundFiles', 'Pour_B.wav')])
94.3146 	EXP 	Question: autoDraw = False
94.3146 	EXP 	ResponseBox: autoDraw = False
94.3146 	EXP 	ClickTheButton: autoDraw = False
94.3146 	EXP 	ItemNo: autoDraw = False
94.3146 	EXP 	Submit: autoDraw = False
94.3146 	EXP 	ResponseBox: text = 'default text'
94.3146 	EXP 	no3: autoDraw = True
94.5177 	DATA 	Mouse:  Left button up, pos=(1131,193)
95.3145 	EXP 	no3: autoDraw = False
95.3145 	EXP 	no3: autoDraw = False
95.3145 	EXP 	no2: autoDraw = True
96.3146 	EXP 	no2: autoDraw = False
96.3146 	EXP 	no2: autoDraw = False
96.3146 	EXP 	no1: autoDraw = True
97.3161 	EXP 	no1: autoDraw = False
97.3161 	EXP 	no1: autoDraw = False
97.3161 	EXP 	ResponseBox: text = '\n\n'
97.3161 	EXP 	ItemNo: text = '19/60'
97.3161 	EXP 	Question: autoDraw = True
97.3161 	EXP 	ResponseBox: autoDraw = True
97.3161 	EXP 	ClickTheButton: autoDraw = True
97.3161 	EXP 	ItemNo: autoDraw = True
97.3161 	EXP 	Submit: autoDraw = True
100.3172 	DATA 	Mouse: Left button down, pos=(1131,193)
100.3210 	EXP 	New trial (rep=0, index=19): OrderedDict([('SoundFiles', 'Siren_B.wav')])
100.3322 	EXP 	Question: autoDraw = False
100.3322 	EXP 	ResponseBox: autoDraw = False
100.3322 	EXP 	ClickTheButton: autoDraw = False
100.3322 	EXP 	ItemNo: autoDraw = False
100.3322 	EXP 	Submit: autoDraw = False
100.3322 	EXP 	ResponseBox: text = 'default text'
100.3322 	EXP 	no3: autoDraw = True
100.5178 	DATA 	Mouse:  Left button up, pos=(1131,193)
101.3480 	EXP 	no3: autoDraw = False
101.3480 	EXP 	no2: autoDraw = True
102.3478 	EXP 	no2: autoDraw = False
102.3478 	EXP 	no1: autoDraw = True
103.3546 	EXP 	no1: autoDraw = False
103.3546 	EXP 	ResponseBox: text = '\n\n'
103.3546 	EXP 	ItemNo: text = '20/60'
103.3546 	EXP 	Question: autoDraw = True
103.3546 	EXP 	ResponseBox: autoDraw = True
103.3546 	EXP 	ClickTheButton: autoDraw = True
103.3546 	EXP 	ItemNo: autoDraw = True
103.3546 	EXP 	Submit: autoDraw = True
105.8164 	DATA 	Mouse: Left button down, pos=(1131,193)
105.8202 	EXP 	New trial (rep=0, index=20): OrderedDict([('SoundFiles', 'Siren_C.wav')])
105.8312 	EXP 	Question: autoDraw = False
105.8312 	EXP 	ResponseBox: autoDraw = False
105.8312 	EXP 	ClickTheButton: autoDraw = False
105.8312 	EXP 	ItemNo: autoDraw = False
105.8312 	EXP 	Submit: autoDraw = False
105.8312 	EXP 	ResponseBox: text = 'default text'
105.8312 	EXP 	no3: autoDraw = True
106.0330 	DATA 	Mouse:  Left button up, pos=(1131,193)
106.8308 	EXP 	no3: autoDraw = False
106.8308 	EXP 	no3: autoDraw = False
106.8308 	EXP 	no2: autoDraw = True
107.8311 	EXP 	no2: autoDraw = False
107.8311 	EXP 	no2: autoDraw = False
107.8311 	EXP 	no1: autoDraw = True
108.8326 	EXP 	no1: autoDraw = False
108.8326 	EXP 	no1: autoDraw = False
108.8326 	EXP 	ResponseBox: text = '\n\n'
108.8326 	EXP 	ItemNo: text = '21/60'
108.8326 	EXP 	Question: autoDraw = True
108.8326 	EXP 	ResponseBox: autoDraw = True
108.8326 	EXP 	ClickTheButton: autoDraw = True
108.8326 	EXP 	ItemNo: autoDraw = True
108.8326 	EXP 	Submit: autoDraw = True
111.4677 	DATA 	Mouse: Left button down, pos=(1131,193)
111.4724 	EXP 	New trial (rep=0, index=21): OrderedDict([('SoundFiles', 'Siren_D.wav')])
111.4816 	EXP 	Question: autoDraw = False
111.4816 	EXP 	ResponseBox: autoDraw = False
111.4816 	EXP 	ClickTheButton: autoDraw = False
111.4816 	EXP 	ItemNo: autoDraw = False
111.4816 	EXP 	Submit: autoDraw = False
111.4816 	EXP 	ResponseBox: text = 'default text'
111.4816 	EXP 	no3: autoDraw = True
111.6831 	DATA 	Mouse:  Left button up, pos=(1131,193)
112.4810 	EXP 	no3: autoDraw = False
112.4810 	EXP 	no3: autoDraw = False
112.4810 	EXP 	no2: autoDraw = True
113.4962 	EXP 	no2: autoDraw = False
113.4962 	EXP 	no1: autoDraw = True
114.4972 	EXP 	no1: autoDraw = False
114.4972 	EXP 	ResponseBox: text = '\n\n'
114.4972 	EXP 	ItemNo: text = '22/60'
114.4972 	EXP 	Question: autoDraw = True
114.4972 	EXP 	ResponseBox: autoDraw = True
114.4972 	EXP 	ClickTheButton: autoDraw = True
114.4972 	EXP 	ItemNo: autoDraw = True
114.4972 	EXP 	Submit: autoDraw = True
115.3477 	DATA 	Mouse: Left button down, pos=(1131,193)
115.3519 	EXP 	New trial (rep=0, index=22): OrderedDict([('SoundFiles', 'Baby_A.wav')])
115.3632 	EXP 	Question: autoDraw = False
115.3632 	EXP 	ResponseBox: autoDraw = False
115.3632 	EXP 	ClickTheButton: autoDraw = False
115.3632 	EXP 	ItemNo: autoDraw = False
115.3632 	EXP 	Submit: autoDraw = False
115.3632 	EXP 	ResponseBox: text = 'default text'
115.3632 	EXP 	no3: autoDraw = True
115.5659 	DATA 	Mouse:  Left button up, pos=(1131,193)
116.3633 	EXP 	no3: autoDraw = False
116.3633 	EXP 	no3: autoDraw = False
116.3633 	EXP 	no2: autoDraw = True
117.3633 	EXP 	no2: autoDraw = False
117.3633 	EXP 	no2: autoDraw = False
117.3633 	EXP 	no1: autoDraw = True
118.3646 	EXP 	no1: autoDraw = False
118.3646 	EXP 	no1: autoDraw = False
118.3646 	EXP 	ResponseBox: text = '\n\n'
118.3646 	EXP 	ItemNo: text = '23/60'
118.3646 	EXP 	Question: autoDraw = True
118.3646 	EXP 	ResponseBox: autoDraw = True
118.3646 	EXP 	ClickTheButton: autoDraw = True
118.3646 	EXP 	ItemNo: autoDraw = True
118.3646 	EXP 	Submit: autoDraw = True
120.2175 	DATA 	Mouse: Left button down, pos=(1131,193)
120.2219 	EXP 	New trial (rep=0, index=23): OrderedDict([('SoundFiles', 'Baby_C.wav')])
120.2310 	EXP 	Question: autoDraw = False
120.2310 	EXP 	ResponseBox: autoDraw = False
120.2310 	EXP 	ClickTheButton: autoDraw = False
120.2310 	EXP 	ItemNo: autoDraw = False
120.2310 	EXP 	Submit: autoDraw = False
120.2310 	EXP 	ResponseBox: text = 'default text'
120.2310 	EXP 	no3: autoDraw = True
120.4337 	DATA 	Mouse:  Left button up, pos=(1131,193)
121.2312 	EXP 	no3: autoDraw = False
121.2312 	EXP 	no3: autoDraw = False
121.2312 	EXP 	no2: autoDraw = True
122.2312 	EXP 	no2: autoDraw = False
122.2312 	EXP 	no2: autoDraw = False
122.2312 	EXP 	no1: autoDraw = True
123.2564 	EXP 	no1: autoDraw = False
123.2564 	EXP 	no1: autoDraw = False
123.2564 	EXP 	ResponseBox: text = '\n\n'
123.2564 	EXP 	ItemNo: text = '24/60'
123.2564 	EXP 	Question: autoDraw = True
123.2564 	EXP 	ResponseBox: autoDraw = True
123.2564 	EXP 	ClickTheButton: autoDraw = True
123.2564 	EXP 	ItemNo: autoDraw = True
123.2564 	EXP 	Submit: autoDraw = True
125.4487 	DATA 	Mouse: Left button down, pos=(1131,193)
125.4724 	EXP 	New trial (rep=0, index=24): OrderedDict([('SoundFiles', 'Baby_D.wav')])
125.4836 	EXP 	Question: autoDraw = False
125.4836 	EXP 	ResponseBox: autoDraw = False
125.4836 	EXP 	ClickTheButton: autoDraw = False
125.4836 	EXP 	ItemNo: autoDraw = False
125.4836 	EXP 	Submit: autoDraw = False
125.4836 	EXP 	ResponseBox: text = 'default text'
125.4836 	EXP 	no3: autoDraw = True
125.6695 	DATA 	Mouse:  Left button up, pos=(1131,193)
126.4979 	EXP 	no3: autoDraw = False
126.4979 	EXP 	no2: autoDraw = True
127.4975 	EXP 	no2: autoDraw = False
127.4975 	EXP 	no1: autoDraw = True
128.5186 	EXP 	no1: autoDraw = False
128.5186 	EXP 	ResponseBox: text = '\n\n'
128.5186 	EXP 	ItemNo: text = '25/60'
128.5186 	EXP 	Question: autoDraw = True
128.5186 	EXP 	ResponseBox: autoDraw = True
128.5186 	EXP 	ClickTheButton: autoDraw = True
128.5186 	EXP 	ItemNo: autoDraw = True
128.5186 	EXP 	Submit: autoDraw = True
130.0149 	DATA 	Mouse: Left button down, pos=(1131,193)
130.0326 	EXP 	New trial (rep=0, index=25): OrderedDict([('SoundFiles', 'Footsteps_A.wav')])
130.0415 	EXP 	Question: autoDraw = False
130.0415 	EXP 	ResponseBox: autoDraw = False
130.0415 	EXP 	ClickTheButton: autoDraw = False
130.0415 	EXP 	ItemNo: autoDraw = False
130.0415 	EXP 	Submit: autoDraw = False
130.0415 	EXP 	ResponseBox: text = 'default text'
130.0415 	EXP 	no3: autoDraw = True
130.2351 	DATA 	Mouse:  Left button up, pos=(1131,193)
131.0478 	EXP 	no3: autoDraw = False
131.0478 	EXP 	no3: autoDraw = False
131.0478 	EXP 	no2: autoDraw = True
132.0480 	EXP 	no2: autoDraw = False
132.0480 	EXP 	no2: autoDraw = False
132.0480 	EXP 	no1: autoDraw = True
133.0708 	EXP 	no1: autoDraw = False
133.0708 	EXP 	no1: autoDraw = False
133.0708 	EXP 	ResponseBox: text = '\n\n'
133.0708 	EXP 	ItemNo: text = '26/60'
133.0708 	EXP 	Question: autoDraw = True
133.0708 	EXP 	ResponseBox: autoDraw = True
133.0708 	EXP 	ClickTheButton: autoDraw = True
133.0708 	EXP 	ItemNo: autoDraw = True
133.0708 	EXP 	Submit: autoDraw = True
138.5247 	DATA 	Mouse: Left button down, pos=(1131,193)
138.5370 	EXP 	New trial (rep=0, index=26): OrderedDict([('SoundFiles', 'Footsteps_C.wav')])
138.5465 	EXP 	Question: autoDraw = False
138.5465 	EXP 	ResponseBox: autoDraw = False
138.5465 	EXP 	ClickTheButton: autoDraw = False
138.5465 	EXP 	ItemNo: autoDraw = False
138.5465 	EXP 	Submit: autoDraw = False
138.5465 	EXP 	ResponseBox: text = 'default text'
138.5465 	EXP 	no3: autoDraw = True
138.7525 	DATA 	Mouse:  Left button up, pos=(1131,193)
139.5479 	EXP 	no3: autoDraw = False
139.5479 	EXP 	no3: autoDraw = False
139.5479 	EXP 	no2: autoDraw = True
140.5478 	EXP 	no2: autoDraw = False
140.5478 	EXP 	no2: autoDraw = False
140.5478 	EXP 	no1: autoDraw = True
141.5742 	EXP 	no1: autoDraw = False
141.5742 	EXP 	no1: autoDraw = False
141.5742 	EXP 	ResponseBox: text = '\n\n'
141.5742 	EXP 	ItemNo: text = '27/60'
141.5742 	EXP 	Question: autoDraw = True
141.5742 	EXP 	ResponseBox: autoDraw = True
141.5742 	EXP 	ClickTheButton: autoDraw = True
141.5742 	EXP 	ItemNo: autoDraw = True
141.5742 	EXP 	Submit: autoDraw = True
143.6460 	DATA 	Mouse: Left button down, pos=(1131,193)
143.6584 	EXP 	New trial (rep=0, index=27): OrderedDict([('SoundFiles', 'Footsteps_D.wav')])
143.6677 	EXP 	Question: autoDraw = False
143.6677 	EXP 	ResponseBox: autoDraw = False
143.6677 	EXP 	ClickTheButton: autoDraw = False
143.6677 	EXP 	ItemNo: autoDraw = False
143.6677 	EXP 	Submit: autoDraw = False
143.6677 	EXP 	ResponseBox: text = 'default text'
143.6677 	EXP 	no3: autoDraw = True
143.8694 	DATA 	Mouse:  Left button up, pos=(1131,193)
144.6810 	EXP 	no3: autoDraw = False
144.6810 	EXP 	no2: autoDraw = True
145.6809 	EXP 	no2: autoDraw = False
145.6809 	EXP 	no1: autoDraw = True
146.6946 	EXP 	no1: autoDraw = False
146.6946 	EXP 	ResponseBox: text = '\n\n'
146.6946 	EXP 	ItemNo: text = '28/60'
146.6946 	EXP 	Question: autoDraw = True
146.6946 	EXP 	ResponseBox: autoDraw = True
146.6946 	EXP 	ClickTheButton: autoDraw = True
146.6946 	EXP 	ItemNo: autoDraw = True
146.6946 	EXP 	Submit: autoDraw = True
149.8489 	DATA 	Mouse: Left button down, pos=(1131,193)
149.8597 	EXP 	New trial (rep=0, index=28): OrderedDict([('SoundFiles', 'Bird_B.wav')])
149.8697 	EXP 	Question: autoDraw = False
149.8697 	EXP 	ResponseBox: autoDraw = False
149.8697 	EXP 	ClickTheButton: autoDraw = False
149.8697 	EXP 	ItemNo: autoDraw = False
149.8697 	EXP 	Submit: autoDraw = False
149.8697 	EXP 	ResponseBox: text = 'default text'
149.8697 	EXP 	no3: autoDraw = True
150.0884 	DATA 	Mouse:  Left button up, pos=(1131,193)
150.8809 	EXP 	no3: autoDraw = False
150.8809 	EXP 	no2: autoDraw = True
151.8809 	EXP 	no2: autoDraw = False
151.8809 	EXP 	no1: autoDraw = True
152.8984 	EXP 	no1: autoDraw = False
152.8984 	EXP 	ResponseBox: text = '\n\n'
152.8984 	EXP 	ItemNo: text = '29/60'
152.8984 	EXP 	Question: autoDraw = True
152.8984 	EXP 	ResponseBox: autoDraw = True
152.8984 	EXP 	ClickTheButton: autoDraw = True
152.8984 	EXP 	ItemNo: autoDraw = True
152.8984 	EXP 	Submit: autoDraw = True
154.7207 	DATA 	Mouse: Left button down, pos=(1131,193)
154.7412 	EXP 	New trial (rep=0, index=29): OrderedDict([('SoundFiles', 'Bird_C.wav')])
154.7511 	EXP 	Question: autoDraw = False
154.7511 	EXP 	ResponseBox: autoDraw = False
154.7511 	EXP 	ClickTheButton: autoDraw = False
154.7511 	EXP 	ItemNo: autoDraw = False
154.7511 	EXP 	Submit: autoDraw = False
154.7511 	EXP 	ResponseBox: text = 'default text'
154.7511 	EXP 	no3: autoDraw = True
154.9523 	DATA 	Mouse:  Left button up, pos=(1131,193)
155.7641 	EXP 	no3: autoDraw = False
155.7641 	EXP 	no2: autoDraw = True
156.7642 	EXP 	no2: autoDraw = False
156.7642 	EXP 	no1: autoDraw = True
157.7786 	EXP 	no1: autoDraw = False
157.7786 	EXP 	ResponseBox: text = '\n\n'
157.7786 	EXP 	ItemNo: text = '30/60'
157.7786 	EXP 	Question: autoDraw = True
157.7786 	EXP 	ResponseBox: autoDraw = True
157.7786 	EXP 	ClickTheButton: autoDraw = True
157.7786 	EXP 	ItemNo: autoDraw = True
157.7786 	EXP 	Submit: autoDraw = True
159.1671 	DATA 	Mouse: Left button down, pos=(1131,193)
159.1861 	EXP 	New trial (rep=0, index=30): OrderedDict([('SoundFiles', 'Bird_D.wav')])
159.1955 	EXP 	Question: autoDraw = False
159.1955 	EXP 	ResponseBox: autoDraw = False
159.1955 	EXP 	ClickTheButton: autoDraw = False
159.1955 	EXP 	ItemNo: autoDraw = False
159.1955 	EXP 	Submit: autoDraw = False
159.1955 	EXP 	ResponseBox: text = 'default text'
159.1955 	EXP 	no3: autoDraw = True
159.4024 	DATA 	Mouse:  Left button up, pos=(1131,193)
160.1977 	EXP 	no3: autoDraw = False
160.1977 	EXP 	no3: autoDraw = False
160.1977 	EXP 	no2: autoDraw = True
161.1975 	EXP 	no2: autoDraw = False
161.1975 	EXP 	no2: autoDraw = False
161.1975 	EXP 	no1: autoDraw = True
162.2155 	EXP 	no1: autoDraw = False
162.2155 	EXP 	no1: autoDraw = False
162.2155 	EXP 	ResponseBox: text = '\n\n'
162.2155 	EXP 	ItemNo: text = '31/60'
162.2155 	EXP 	Question: autoDraw = True
162.2155 	EXP 	ResponseBox: autoDraw = True
162.2155 	EXP 	ClickTheButton: autoDraw = True
162.2155 	EXP 	ItemNo: autoDraw = True
162.2155 	EXP 	Submit: autoDraw = True
163.6687 	DATA 	Mouse: Left button down, pos=(1131,193)
163.6892 	EXP 	New trial (rep=0, index=31): OrderedDict([('SoundFiles', 'CarStart_B.wav')])
163.6990 	EXP 	Question: autoDraw = False
163.6990 	EXP 	ResponseBox: autoDraw = False
163.6990 	EXP 	ClickTheButton: autoDraw = False
163.6990 	EXP 	ItemNo: autoDraw = False
163.6990 	EXP 	Submit: autoDraw = False
163.6990 	EXP 	ResponseBox: text = 'default text'
163.6990 	EXP 	no3: autoDraw = True
163.9021 	DATA 	Mouse:  Left button up, pos=(1131,193)
164.7142 	EXP 	no3: autoDraw = False
164.7142 	EXP 	no2: autoDraw = True
165.7141 	EXP 	no2: autoDraw = False
165.7141 	EXP 	no1: autoDraw = True
166.7314 	EXP 	no1: autoDraw = False
166.7314 	EXP 	ResponseBox: text = '\n\n'
166.7314 	EXP 	ItemNo: text = '32/60'
166.7314 	EXP 	Question: autoDraw = True
166.7314 	EXP 	ResponseBox: autoDraw = True
166.7314 	EXP 	ClickTheButton: autoDraw = True
166.7314 	EXP 	ItemNo: autoDraw = True
166.7314 	EXP 	Submit: autoDraw = True
168.9876 	DATA 	Mouse: Left button down, pos=(1131,193)
168.9995 	EXP 	New trial (rep=0, index=32): OrderedDict([('SoundFiles', 'Carstart_C.wav')])
169.0091 	EXP 	Question: autoDraw = False
169.0091 	EXP 	ResponseBox: autoDraw = False
169.0091 	EXP 	ClickTheButton: autoDraw = False
169.0091 	EXP 	ItemNo: autoDraw = False
169.0091 	EXP 	Submit: autoDraw = False
169.0091 	EXP 	ResponseBox: text = 'default text'
169.0091 	EXP 	no3: autoDraw = True
169.2188 	DATA 	Mouse:  Left button up, pos=(1131,193)
170.0142 	EXP 	no3: autoDraw = False
170.0142 	EXP 	no3: autoDraw = False
170.0142 	EXP 	no2: autoDraw = True
171.0141 	EXP 	no2: autoDraw = False
171.0141 	EXP 	no2: autoDraw = False
171.0141 	EXP 	no1: autoDraw = True
172.0370 	EXP 	no1: autoDraw = False
172.0370 	EXP 	no1: autoDraw = False
172.0370 	EXP 	ResponseBox: text = '\n\n'
172.0370 	EXP 	ItemNo: text = '33/60'
172.0370 	EXP 	Question: autoDraw = True
172.0370 	EXP 	ResponseBox: autoDraw = True
172.0370 	EXP 	ClickTheButton: autoDraw = True
172.0370 	EXP 	ItemNo: autoDraw = True
172.0370 	EXP 	Submit: autoDraw = True
174.8465 	DATA 	Mouse: Left button down, pos=(1131,193)
174.8676 	EXP 	New trial (rep=0, index=33): OrderedDict([('SoundFiles', 'CarStart_D.wav')])
174.8772 	EXP 	Question: autoDraw = False
174.8772 	EXP 	ResponseBox: autoDraw = False
174.8772 	EXP 	ClickTheButton: autoDraw = False
174.8772 	EXP 	ItemNo: autoDraw = False
174.8772 	EXP 	Submit: autoDraw = False
174.8772 	EXP 	ResponseBox: text = 'default text'
174.8772 	EXP 	no3: autoDraw = True
175.0702 	DATA 	Mouse:  Left button up, pos=(1131,193)
175.8807 	EXP 	no3: autoDraw = False
175.8807 	EXP 	no3: autoDraw = False
175.8807 	EXP 	no2: autoDraw = True
176.8807 	EXP 	no2: autoDraw = False
176.8807 	EXP 	no2: autoDraw = False
176.8807 	EXP 	no1: autoDraw = True
177.9037 	EXP 	no1: autoDraw = False
177.9037 	EXP 	no1: autoDraw = False
177.9037 	EXP 	ResponseBox: text = '\n\n'
177.9037 	EXP 	ItemNo: text = '34/60'
177.9037 	EXP 	Question: autoDraw = True
177.9037 	EXP 	ResponseBox: autoDraw = True
177.9037 	EXP 	ClickTheButton: autoDraw = True
177.9037 	EXP 	ItemNo: autoDraw = True
177.9037 	EXP 	Submit: autoDraw = True
180.9086 	DATA 	Mouse: Left button down, pos=(1131,193)
180.9281 	EXP 	New trial (rep=0, index=34): OrderedDict([('SoundFiles', 'Dog_B.wav')])
180.9373 	EXP 	Question: autoDraw = False
180.9373 	EXP 	ResponseBox: autoDraw = False
180.9373 	EXP 	ClickTheButton: autoDraw = False
180.9373 	EXP 	ItemNo: autoDraw = False
180.9373 	EXP 	Submit: autoDraw = False
180.9373 	EXP 	ResponseBox: text = 'default text'
180.9373 	EXP 	no3: autoDraw = True
181.1347 	DATA 	Mouse:  Left button up, pos=(1131,193)
181.9474 	EXP 	no3: autoDraw = False
181.9474 	EXP 	no2: autoDraw = True
182.9475 	EXP 	no2: autoDraw = False
182.9475 	EXP 	no1: autoDraw = True
183.9655 	EXP 	no1: autoDraw = False
183.9655 	EXP 	ResponseBox: text = '\n\n'
183.9655 	EXP 	ItemNo: text = '35/60'
183.9655 	EXP 	Question: autoDraw = True
183.9655 	EXP 	ResponseBox: autoDraw = True
183.9655 	EXP 	ClickTheButton: autoDraw = True
183.9655 	EXP 	ItemNo: autoDraw = True
183.9655 	EXP 	Submit: autoDraw = True
185.7320 	DATA 	Mouse: Left button down, pos=(1131,193)
185.7500 	EXP 	New trial (rep=0, index=35): OrderedDict([('SoundFiles', 'Dog_C.wav')])
185.7600 	EXP 	Question: autoDraw = False
185.7600 	EXP 	ResponseBox: autoDraw = False
185.7600 	EXP 	ClickTheButton: autoDraw = False
185.7600 	EXP 	ItemNo: autoDraw = False
185.7600 	EXP 	Submit: autoDraw = False
185.7600 	EXP 	ResponseBox: text = 'default text'
185.7600 	EXP 	no3: autoDraw = True
185.9561 	DATA 	Mouse:  Left button up, pos=(1131,193)
186.7639 	EXP 	no3: autoDraw = False
186.7639 	EXP 	no3: autoDraw = False
186.7639 	EXP 	no2: autoDraw = True
187.7641 	EXP 	no2: autoDraw = False
187.7641 	EXP 	no2: autoDraw = False
187.7641 	EXP 	no1: autoDraw = True
188.7833 	EXP 	no1: autoDraw = False
188.7833 	EXP 	no1: autoDraw = False
188.7833 	EXP 	ResponseBox: text = '\n\n'
188.7833 	EXP 	ItemNo: text = '36/60'
188.7833 	EXP 	Question: autoDraw = True
188.7833 	EXP 	ResponseBox: autoDraw = True
188.7833 	EXP 	ClickTheButton: autoDraw = True
188.7833 	EXP 	ItemNo: autoDraw = True
188.7833 	EXP 	Submit: autoDraw = True
191.3973 	DATA 	Mouse: Left button down, pos=(1131,193)
191.4195 	EXP 	New trial (rep=0, index=36): OrderedDict([('SoundFiles', 'Dog_D.wav')])
191.4296 	EXP 	Question: autoDraw = False
191.4296 	EXP 	ResponseBox: autoDraw = False
191.4296 	EXP 	ClickTheButton: autoDraw = False
191.4296 	EXP 	ItemNo: autoDraw = False
191.4296 	EXP 	Submit: autoDraw = False
191.4296 	EXP 	ResponseBox: text = 'default text'
191.4296 	EXP 	no3: autoDraw = True
191.6186 	DATA 	Mouse:  Left button up, pos=(1131,193)
192.4306 	EXP 	no3: autoDraw = False
192.4306 	EXP 	no3: autoDraw = False
192.4306 	EXP 	no2: autoDraw = True
193.4305 	EXP 	no2: autoDraw = False
193.4305 	EXP 	no2: autoDraw = False
193.4305 	EXP 	no1: autoDraw = True
194.4560 	EXP 	no1: autoDraw = False
194.4560 	EXP 	no1: autoDraw = False
194.4560 	EXP 	ResponseBox: text = '\n\n'
194.4560 	EXP 	ItemNo: text = '37/60'
194.4560 	EXP 	Question: autoDraw = True
194.4560 	EXP 	ResponseBox: autoDraw = True
194.4560 	EXP 	ClickTheButton: autoDraw = True
194.4560 	EXP 	ItemNo: autoDraw = True
194.4560 	EXP 	Submit: autoDraw = True
196.2207 	DATA 	Mouse: Left button down, pos=(1131,193)
196.2438 	EXP 	New trial (rep=0, index=37): OrderedDict([('SoundFiles', 'Chomp_B.wav')])
196.2529 	EXP 	Question: autoDraw = False
196.2529 	EXP 	ResponseBox: autoDraw = False
196.2529 	EXP 	ClickTheButton: autoDraw = False
196.2529 	EXP 	ItemNo: autoDraw = False
196.2529 	EXP 	Submit: autoDraw = False
196.2529 	EXP 	ResponseBox: text = 'default text'
196.2529 	EXP 	no3: autoDraw = True
196.4352 	DATA 	Mouse:  Left button up, pos=(1131,193)
197.2638 	EXP 	no3: autoDraw = False
197.2638 	EXP 	no2: autoDraw = True
198.2639 	EXP 	no2: autoDraw = False
198.2639 	EXP 	no1: autoDraw = True
199.2871 	EXP 	no1: autoDraw = False
199.2871 	EXP 	ResponseBox: text = '\n\n'
199.2871 	EXP 	ItemNo: text = '38/60'
199.2871 	EXP 	Question: autoDraw = True
199.2871 	EXP 	ResponseBox: autoDraw = True
199.2871 	EXP 	ClickTheButton: autoDraw = True
199.2871 	EXP 	ItemNo: autoDraw = True
199.2871 	EXP 	Submit: autoDraw = True
201.6624 	DATA 	Mouse: Left button down, pos=(1131,193)
201.6742 	EXP 	New trial (rep=0, index=38): OrderedDict([('SoundFiles', 'Chomp_C.wav')])
201.6833 	EXP 	Question: autoDraw = False
201.6833 	EXP 	ResponseBox: autoDraw = False
201.6833 	EXP 	ClickTheButton: autoDraw = False
201.6833 	EXP 	ItemNo: autoDraw = False
201.6833 	EXP 	Submit: autoDraw = False
201.6833 	EXP 	ResponseBox: text = 'default text'
201.6833 	EXP 	no3: autoDraw = True
201.8854 	DATA 	Mouse:  Left button up, pos=(1131,193)
202.6971 	EXP 	no3: autoDraw = False
202.6971 	EXP 	no2: autoDraw = True
203.6971 	EXP 	no2: autoDraw = False
203.6971 	EXP 	no1: autoDraw = True
204.7171 	EXP 	no1: autoDraw = False
204.7171 	EXP 	ResponseBox: text = '\n\n'
204.7171 	EXP 	ItemNo: text = '39/60'
204.7171 	EXP 	Question: autoDraw = True
204.7171 	EXP 	ResponseBox: autoDraw = True
204.7171 	EXP 	ClickTheButton: autoDraw = True
204.7171 	EXP 	ItemNo: autoDraw = True
204.7171 	EXP 	Submit: autoDraw = True
206.9727 	DATA 	Mouse: Left button down, pos=(1131,193)
206.9935 	EXP 	New trial (rep=0, index=39): OrderedDict([('SoundFiles', 'Chomp_D.wav')])
207.0035 	EXP 	Question: autoDraw = False
207.0035 	EXP 	ResponseBox: autoDraw = False
207.0035 	EXP 	ClickTheButton: autoDraw = False
207.0035 	EXP 	ItemNo: autoDraw = False
207.0035 	EXP 	Submit: autoDraw = False
207.0035 	EXP 	ResponseBox: text = 'default text'
207.0035 	EXP 	no3: autoDraw = True
207.1867 	DATA 	Mouse:  Left button up, pos=(1131,193)
208.0139 	EXP 	no3: autoDraw = False
208.0139 	EXP 	no2: autoDraw = True
209.0139 	EXP 	no2: autoDraw = False
209.0139 	EXP 	no1: autoDraw = True
210.2955 	EXP 	window1: mouseVisible = True
