1.3825 	WARNING 	We strongly recommend you activate the PTB sound engine in PsychoPy prefs as the preferred audio engine. Its timing is vastly superior. Your prefs are currently set to use ['sounddevice', 'PTB', 'pyo', 'pygame'] (in that order).
6.2792 	WARNING 	User requested fullscreen with size [1024  768], but screen is actually [2256, 1504]. Using actual size
8.3783 	EXP 	Created window1 = Window(allowGUI=False, allowStencil=False, args=UNKNOWN, autoLog=True, bitsMode=UNKNOWN, blendMode='avg', bpc=(8, 8, 8), color=array([0., 0., 0.]), colorSpace='rgb', depthBits=8, fullscr=<method-wrapper '__getattribute__' of attributeSetter object at 0x000002416DD8F7F0>, gamma=None, gammaErrorPolicy='raise', kwargs=UNKNOWN, lms=UNKNOWN, monitor=<psychopy.monitors.calibTools.Monitor object at 0x000002416DD06EF0>, multiSample=False, name='window1', numSamples=2, pos=[0.0, 0.0], screen=0, size=array([2256, 1504]), stencilBits=0, stereo=False, units='height', useFBO=True, useRetina=False, viewOri=0.0, viewPos=None, viewScale=None, waitBlanking=True, winType='pyglet')
8.3786 	EXP 	window1: mouseVisible = True
8.3787 	EXP 	window1: recordFrameIntervals = False
8.5443 	EXP 	window1: recordFrameIntervals = True
8.8113 	EXP 	window1: recordFrameIntervals = False
9.1574 	EXP 	Created InstructionTxt = TextStim(__class__=<class 'psychopy.visual.text.TextStim'>, alignHoriz=method-wrapper(...), alignText='center', alignVert=method-wrapper(...), anchorHoriz='center', anchorVert='center', antialias=True, autoLog=True, bold=False, color='white', colorSpace='named', contrast=1.0, depth=0.0, flipHoriz=False, flipVert=False, font='Arial', fontFiles=[], height=0.04, italic=False, languageStyle='LTR', name='InstructionTxt', opacity=1.0, ori=0, pos=array([0., 0.]), rgb=array([255., 255., 255.]), text=str(...), units='height', win=Window(...), wrapWidth=1)
9.1682 	EXP 	Created WelcomContinue = TextStim(__class__=<class 'psychopy.visual.text.TextStim'>, alignHoriz=method-wrapper(...), alignText='center', alignVert=method-wrapper(...), anchorHoriz='center', anchorVert='center', antialias=True, autoLog=True, bold=False, color='white', colorSpace='named', contrast=1.0, depth=-3.0, flipHoriz=False, flipVert=False, font='Arial', fontFiles=[], height=0.04, italic=False, languageStyle='LTR', name='WelcomContinue', opacity=1.0, ori=0, pos=array([ 0. , -0.4]), rgb=array([255., 255., 255.]), text='Press SPACE to continue', units='height', win=Window(...), wrapWidth=1)
9.1885 	EXP 	Created VolumeBeginTxt = TextStim(__class__=<class 'psychopy.visual.text.TextStim'>, alignHoriz=method-wrapper(...), alignText='center', alignVert=method-wrapper(...), anchorHoriz='center', anchorVert='center', antialias=True, autoLog=True, bold=False, color='white', colorSpace='named', contrast=1.0, depth=0.0, flipHoriz=False, flipVert=False, font='Arial', fontFiles=[], height=0.04, italic=False, languageStyle='LTR', name='VolumeBeginTxt', opacity=1.0, ori=0, pos=array([0., 0.]), rgb=array([255., 255., 255.]), text=str(...), units='height', win=Window(...), wrapWidth=1)
9.1972 	EXP 	Created text = TextStim(__class__=<class 'psychopy.visual.text.TextStim'>, alignHoriz=method-wrapper(...), alignText='center', alignVert=method-wrapper(...), anchorHoriz='center', anchorVert='center', antialias=True, autoLog=True, bold=False, color='white', colorSpace='named', contrast=1.0, depth=0.0, flipHoriz=False, flipVert=False, font='Arial', fontFiles=[], height=0.04, italic=False, languageStyle='LTR', name='text', opacity=1.0, ori=0, pos=array([0., 0.]), rgb=array([255., 255., 255.]), text=str(...), units='height', win=Window(...), wrapWidth=1)
9.2732 	EXP 	Sound Music set volume 0.300
9.2795 	EXP 	Created AdjustContinue = TextStim(__class__=<class 'psychopy.visual.text.TextStim'>, alignHoriz=method-wrapper(...), alignText='center', alignVert=method-wrapper(...), anchorHoriz='center', anchorVert='center', antialias=True, autoLog=True, bold=False, color='white', colorSpace='named', contrast=1.0, depth=-3.0, flipHoriz=False, flipVert=False, font='Arial', fontFiles=[], height=0.04, italic=False, languageStyle='LTR', name='AdjustContinue', opacity=1.0, ori=0, pos=array([ 0. , -0.4]), rgb=array([255., 255., 255.]), text=str(...), units='height', win=Window(...), wrapWidth=1)
9.3048 	EXP 	Created HeadphoneCheckBeing = TextStim(__class__=<class 'psychopy.visual.text.TextStim'>, alignHoriz=method-wrapper(...), alignText='center', alignVert=method-wrapper(...), anchorHoriz='center', anchorVert='center', antialias=True, autoLog=True, bold=False, color='white', colorSpace='named', contrast=1.0, depth=0.0, flipHoriz=False, flipVert=False, font='Arial', fontFiles=[], height=0.04, italic=False, languageStyle='LTR', name='HeadphoneCheckBeing', opacity=1.0, ori=0, pos=array([0., 0.]), rgb=array([255., 255., 255.]), text=str(...), units='height', win=Window(...), wrapWidth=1)
9.3090 	EXP 	Created HeadphoneContinue = TextStim(__class__=<class 'psychopy.visual.text.TextStim'>, alignHoriz=method-wrapper(...), alignText='center', alignVert=method-wrapper(...), anchorHoriz='center', anchorVert='center', antialias=True, autoLog=True, bold=False, color='white', colorSpace='named', contrast=1.0, depth=-1.0, flipHoriz=False, flipVert=False, font='Arial', fontFiles=[], height=0.04, italic=False, languageStyle='LTR', name='HeadphoneContinue', opacity=1.0, ori=0, pos=array([ 0. , -0.4]), rgb=array([255., 255., 255.]), text='Press SPACE to continue', units='height', win=Window(...), wrapWidth=1)
9.3306 	EXP 	Created WelcomeTxt1 = TextStim(__class__=<class 'psychopy.visual.text.TextStim'>, alignHoriz=method-wrapper(...), alignText='center', alignVert=method-wrapper(...), anchorHoriz='center', anchorVert='center', antialias=True, autoLog=True, bold=False, color='white', colorSpace='named', contrast=1.0, depth=0.0, flipHoriz=False, flipVert=False, font='Arial', fontFiles=[], height=0.04, italic=False, languageStyle='LTR', name='WelcomeTxt1', opacity=1.0, ori=0, pos=array([0., 0.]), rgb=array([255., 255., 255.]), text=str(...), units='height', win=Window(...), wrapWidth=1)
9.3352 	EXP 	Created ContinueKey1 = TextStim(__class__=<class 'psychopy.visual.text.TextStim'>, alignHoriz=method-wrapper(...), alignText='center', alignVert=method-wrapper(...), anchorHoriz='center', anchorVert='center', antialias=True, autoLog=True, bold=False, color='white', colorSpace='named', contrast=1.0, depth=-1.0, flipHoriz=False, flipVert=False, font='Arial', fontFiles=[], height=0.04, italic=False, languageStyle='LTR', name='ContinueKey1', opacity=1.0, ori=0, pos=array([ 0. , -0.4]), rgb=array([255., 255., 255.]), text='Press SPACE to continue', units='height', win=Window(...), wrapWidth=1)
9.3672 	EXP 	Created Welcome2Txt = TextStim(__class__=<class 'psychopy.visual.text.TextStim'>, alignHoriz=method-wrapper(...), alignText='center', alignVert=method-wrapper(...), anchorHoriz='center', anchorVert='center', antialias=True, autoLog=True, bold=False, color='white', colorSpace='named', contrast=1.0, depth=0.0, flipHoriz=False, flipVert=False, font='Arial', fontFiles=[], height=0.04, italic=False, languageStyle='LTR', name='Welcome2Txt', opacity=1.0, ori=0, pos=array([0., 0.]), rgb=array([255., 255., 255.]), text=str(...), units='height', win=Window(...), wrapWidth=1)
9.3716 	EXP 	Created Continue2 = TextStim(__class__=<class 'psychopy.visual.text.TextStim'>, alignHoriz=method-wrapper(...), alignText='center', alignVert=method-wrapper(...), anchorHoriz='center', anchorVert='center', antialias=True, autoLog=True, bold=False, color='white', colorSpace='named', contrast=1.0, depth=-2.0, flipHoriz=False, flipVert=False, font='Arial', fontFiles=[], height=0.04, italic=False, languageStyle='LTR', name='Continue2', opacity=1.0, ori=0, pos=array([ 0. , -0.4]), rgb=array([255., 255., 255.]), text='Press SPACE to continue', units='height', win=Window(...), wrapWidth=1)
9.3887 	EXP 	Created InstructionTxt2 = TextStim(__class__=<class 'psychopy.visual.text.TextStim'>, alignHoriz=method-wrapper(...), alignText='center', alignVert=method-wrapper(...), anchorHoriz='center', anchorVert='center', antialias=True, autoLog=True, bold=False, color='white', colorSpace='named', contrast=1.0, depth=0.0, flipHoriz=False, flipVert=False, font='Arial', fontFiles=[], height=0.04, italic=False, languageStyle='LTR', name='InstructionTxt2', opacity=1.0, ori=0, pos=array([0., 0.]), rgb=array([255., 255., 255.]), text=str(...), units='height', win=Window(...), wrapWidth=1)
9.3941 	EXP 	Created WelcomeContinue2 = TextStim(__class__=<class 'psychopy.visual.text.TextStim'>, alignHoriz=method-wrapper(...), alignText='center', alignVert=method-wrapper(...), anchorHoriz='center', anchorVert='center', antialias=True, autoLog=True, bold=False, color='white', colorSpace='named', contrast=1.0, depth=-1.0, flipHoriz=False, flipVert=False, font='Arial', fontFiles=[], height=0.04, italic=False, languageStyle='LTR', name='WelcomeContinue2', opacity=1.0, ori=0, pos=array([ 0. , -0.4]), rgb=array([255., 255., 255.]), text='Press SPACE to begin practice\n', units='height', win=Window(...), wrapWidth=1)
9.3982 	EXP 	Created TrialNumber = TextStim(__class__=<class 'psychopy.visual.text.TextStim'>, alignHoriz=method-wrapper(...), alignText='center', alignVert=method-wrapper(...), anchorHoriz='center', anchorVert='center', antialias=True, autoLog=True, bold=False, color='white', colorSpace='named', contrast=1.0, depth=0.0, flipHoriz=False, flipVert=False, font='Arial', fontFiles=[], height=0.04, italic=False, languageStyle='LTR', name='TrialNumber', opacity=1.0, ori=0, pos=array([0. , 0.3]), rgb=array([255., 255., 255.]), text='default text', units='height', win=Window(...), wrapWidth=1)
9.3983 	EXP 	Sound PracticeSound set volume 1.000
9.4163 	EXP 	Created PracticeCross = TextStim(__class__=<class 'psychopy.visual.text.TextStim'>, alignHoriz=method-wrapper(...), alignText='center', alignVert=method-wrapper(...), anchorHoriz='center', anchorVert='center', antialias=True, autoLog=True, bold=False, color='white', colorSpace='named', contrast=1.0, depth=-2.0, flipHoriz=False, flipVert=False, font='Arial', fontFiles=[], height=0.1, italic=False, languageStyle='LTR', name='PracticeCross', opacity=1.0, ori=0, pos=array([0., 0.]), rgb=array([255., 255., 255.]), text='+', units='height', win=Window(...), wrapWidth=1)
9.4199 	EXP 	Created PracticeMssg = TextStim(__class__=<class 'psychopy.visual.text.TextStim'>, alignHoriz=method-wrapper(...), alignText='center', alignVert=method-wrapper(...), anchorHoriz='center', anchorVert='center', antialias=True, autoLog=True, bold=False, color='white', colorSpace='named', contrast=1.0, depth=-2.0, flipHoriz=False, flipVert=False, font='Arial', fontFiles=[], height=0.04, italic=False, languageStyle='LTR', name='PracticeMssg', opacity=1.0, ori=0, pos=array([0. , 0.2]), rgb=array([255., 255., 255.]), text='default text', units='height', win=Window(...), wrapWidth=1)
9.4218 	EXP 	Created FeedbackCross = TextStim(__class__=<class 'psychopy.visual.text.TextStim'>, alignHoriz=method-wrapper(...), alignText='center', alignVert=method-wrapper(...), anchorHoriz='center', anchorVert='center', antialias=True, autoLog=True, bold=False, color='white', colorSpace='named', contrast=1.0, depth=-3.0, flipHoriz=False, flipVert=False, font='Arial', fontFiles=[], height=0.1, italic=False, languageStyle='LTR', name='FeedbackCross', opacity=1.0, ori=0, pos=array([0., 0.]), rgb=array([255., 255., 255.]), text='+', units='height', win=Window(...), wrapWidth=1)
9.4275 	EXP 	Created Continue = TextStim(__class__=<class 'psychopy.visual.text.TextStim'>, alignHoriz=method-wrapper(...), alignText='center', alignVert=method-wrapper(...), anchorHoriz='center', anchorVert='center', antialias=True, autoLog=True, bold=False, color='white', colorSpace='named', contrast=1.0, depth=-4.0, flipHoriz=False, flipVert=False, font='Arial', fontFiles=[], height=0.04, italic=False, languageStyle='LTR', name='Continue', opacity=1.0, ori=0, pos=array([ 0. , -0.4]), rgb=array([255., 255., 255.]), text='Press the correct number on your keyboard', units='height', win=Window(...), wrapWidth=1)
9.4367 	EXP 	Created Options = TextStim(__class__=<class 'psychopy.visual.text.TextStim'>, alignHoriz=method-wrapper(...), alignText='center', alignVert=method-wrapper(...), anchorHoriz='center', anchorVert='center', antialias=True, autoLog=True, bold=False, color='white', colorSpace='named', contrast=1.0, depth=-5.0, flipHoriz=False, flipVert=False, font='Arial', fontFiles=[], height=0.04, italic=False, languageStyle='LTR', name='Options', opacity=1.0, ori=0, pos=array([ 0. , -0.2]), rgb=array([255., 255., 255.]), text='1 = REPEAT\n2 = SIMILAR\n3 = NEW', units='height', win=Window(...), wrapWidth=1)
9.4402 	EXP 	Created FeedbackMssg = TextStim(__class__=<class 'psychopy.visual.text.TextStim'>, alignHoriz=method-wrapper(...), alignText='center', alignVert=method-wrapper(...), anchorHoriz='center', anchorVert='center', antialias=True, autoLog=True, bold=False, color='white', colorSpace='named', contrast=1.0, depth=0.0, flipHoriz=False, flipVert=False, font='Arial', fontFiles=[], height=0.04, italic=False, languageStyle='LTR', name='FeedbackMssg', opacity=1.0, ori=0, pos=array([0., 0.]), rgb=array([255., 255., 255.]), text='default text', units='height', win=Window(...), wrapWidth=1)
9.4635 	EXP 	Created StartTxt = TextStim(__class__=<class 'psychopy.visual.text.TextStim'>, alignHoriz=method-wrapper(...), alignText='center', alignVert=method-wrapper(...), anchorHoriz='center', anchorVert='center', antialias=True, autoLog=True, bold=False, color='white', colorSpace='named', contrast=1.0, depth=0.0, flipHoriz=False, flipVert=False, font='Arial', fontFiles=[], height=0.04, italic=False, languageStyle='LTR', name='StartTxt', opacity=1.0, ori=0, pos=array([0., 0.]), rgb=array([255., 255., 255.]), text=str(...), units='height', win=Window(...), wrapWidth=1)
9.4682 	EXP 	Created ContinueStart = TextStim(__class__=<class 'psychopy.visual.text.TextStim'>, alignHoriz=method-wrapper(...), alignText='center', alignVert=method-wrapper(...), anchorHoriz='center', anchorVert='center', antialias=True, autoLog=True, bold=False, color='white', colorSpace='named', contrast=1.0, depth=-2.0, flipHoriz=False, flipVert=False, font='Arial', fontFiles=[], height=0.04, italic=False, languageStyle='LTR', name='ContinueStart', opacity=1.0, ori=0, pos=array([ 0. , -0.4]), rgb=array([255., 255., 255.]), text='Press SPACE to begin the task', units='height', win=Window(...), wrapWidth=1)
9.4698 	EXP 	Created no_3 = TextStim(__class__=<class 'psychopy.visual.text.TextStim'>, alignHoriz=method-wrapper(...), alignText='center', alignVert=method-wrapper(...), anchorHoriz='center', anchorVert='center', antialias=True, autoLog=True, bold=False, color='white', colorSpace='named', contrast=1.0, depth=-1.0, flipHoriz=False, flipVert=False, font='Arial', fontFiles=[], height=0.1, italic=False, languageStyle='LTR', name='no_3', opacity=1.0, ori=0, pos=array([0., 0.]), rgb=array([255., 255., 255.]), text='+', units='height', win=Window(...), wrapWidth=1)
9.4699 	EXP 	Sound TargetSound set volume 1.000
9.4713 	EXP 	Created Cross = TextStim(__class__=<class 'psychopy.visual.text.TextStim'>, alignHoriz=method-wrapper(...), alignText='center', alignVert=method-wrapper(...), anchorHoriz='center', anchorVert='center', antialias=True, autoLog=True, bold=False, color='white', colorSpace='named', contrast=1.0, depth=-1.0, flipHoriz=False, flipVert=False, font='Arial', fontFiles=[], height=0.1, italic=False, languageStyle='LTR', name='Cross', opacity=1.0, ori=0, pos=array([0., 0.]), rgb=array([255., 255., 255.]), text='+', units='height', win=Window(...), wrapWidth=1)
9.4749 	EXP 	Created ItemNumber = TextStim(__class__=<class 'psychopy.visual.text.TextStim'>, alignHoriz=method-wrapper(...), alignText='center', alignVert=method-wrapper(...), anchorHoriz='center', anchorVert='center', antialias=True, autoLog=True, bold=False, color='white', colorSpace='named', contrast=1.0, depth=-2.0, flipHoriz=False, flipVert=False, font='Arial', fontFiles=[], height=0.04, italic=False, languageStyle='LTR', name='ItemNumber', opacity=1.0, ori=0, pos=array([0. , 0.3]), rgb=array([255., 255., 255.]), text='default text', units='height', win=Window(...), wrapWidth=1)
9.5029 	EXP 	Created MSTQuestion = TextStim(__class__=<class 'psychopy.visual.text.TextStim'>, alignHoriz=method-wrapper(...), alignText='center', alignVert=method-wrapper(...), anchorHoriz='center', anchorVert='center', antialias=True, autoLog=True, bold=False, color='white', colorSpace='named', contrast=1.0, depth=0.0, flipHoriz=False, flipVert=False, font='Arial', fontFiles=[], height=0.04, italic=False, languageStyle='LTR', name='MSTQuestion', opacity=1.0, ori=0, pos=array([0., 0.]), rgb=array([255., 255., 255.]), text=str(...), units='height', win=Window(...), wrapWidth=1)
9.5128 	EXP 	Created ThankyouMssg = TextStim(__class__=<class 'psychopy.visual.text.TextStim'>, alignHoriz=method-wrapper(...), alignText='center', alignVert=method-wrapper(...), anchorHoriz='center', anchorVert='center', antialias=True, autoLog=True, bold=False, color='white', colorSpace='named', contrast=1.0, depth=0.0, flipHoriz=False, flipVert=False, font='Arial', fontFiles=[], height=0.04, italic=False, languageStyle='LTR', name='ThankyouMssg', opacity=1.0, ori=0, pos=array([0. , 0.2]), rgb=array([255., 255., 255.]), text=str(...), units='height', win=Window(...), wrapWidth=1)
9.5962 	EXP 	Created ExitTxt = TextStim(__class__=<class 'psychopy.visual.text.TextStim'>, alignHoriz=method-wrapper(...), alignText='center', alignVert=method-wrapper(...), anchorHoriz='center', anchorVert='center', antialias=True, autoLog=True, bold=False, color='white', colorSpace='named', contrast=1.0, depth=-2.0, flipHoriz=False, flipVert=False, font='Arial', fontFiles=[], height=0.04, italic=False, languageStyle='LTR', name='ExitTxt', opacity=1.0, ori=0, pos=array([ 0. , -0.4]), rgb=array([255., 255., 255.]), text='Press SPACE to exit the study', units='height', win=Window(...), wrapWidth=1)
9.6065 	EXP 	Created CodeTxt = TextStim(__class__=<class 'psychopy.visual.text.TextStim'>, alignHoriz=method-wrapper(...), alignText='center', alignVert=method-wrapper(...), anchorHoriz='center', anchorVert='center', antialias=True, autoLog=True, bold=False, color='white', colorSpace='named', contrast=1.0, depth=-4.0, flipHoriz=False, flipVert=False, font='Arial', fontFiles=[], height=0.04, italic=False, languageStyle='LTR', name='CodeTxt', opacity=1.0, ori=0, pos=array([ 0.  , -0.22]), rgb=array([255., 255., 255.]), text=str(...), units='height', win=Window(...), wrapWidth=1)
9.6432 	EXP 	CompletionCode: autoLog = True
9.6432 	EXP 	InstructionTxt: autoDraw = True
9.6432 	EXP 	WelcomContinue: autoDraw = True
10.1782 	EXP 	InstructionTxt: autoDraw = False
10.1782 	EXP 	WelcomContinue: autoDraw = False
10.1782 	EXP 	VolumeBeginTxt: autoDraw = True
10.1850 	DATA 	Keypress: space
10.5130 	EXP 	VolumeBeginTxt: autoDraw = False
10.5130 	EXP 	text: autoDraw = True
10.5130 	EXP 	AdjustContinue: autoDraw = True
10.5200 	DATA 	Keypress: space
10.7783 	EXP 	text: autoDraw = False
10.7783 	EXP 	AdjustContinue: autoDraw = False
10.7783 	EXP 	HeadphoneCheckBeing: autoDraw = True
10.7783 	EXP 	HeadphoneContinue: autoDraw = True
10.7862 	DATA 	Keypress: space
11.0333 	DATA 	Keypress: space
11.3216 	DATA 	Keypress: space
11.3285 	EXP 	HeadphoneCheckBeing: autoDraw = False
11.3285 	EXP 	HeadphoneContinue: autoDraw = False
11.3285 	EXP 	WelcomeTxt1: autoDraw = True
11.3285 	EXP 	ContinueKey1: autoDraw = True
11.8454 	EXP 	WelcomeTxt1: autoDraw = False
11.8454 	EXP 	ContinueKey1: autoDraw = False
11.8454 	EXP 	Welcome2Txt: autoDraw = True
11.8454 	EXP 	Continue2: autoDraw = True
11.8524 	DATA 	Keypress: space
12.2209 	DATA 	Keypress: space
12.2282 	EXP 	Welcome2Txt: autoDraw = False
12.2282 	EXP 	Continue2: autoDraw = False
12.2282 	EXP 	InstructionTxt2: autoDraw = True
12.2282 	EXP 	WelcomeContinue2: autoDraw = True
12.8344 	EXP 	Imported GuessSounds_conditions.xlsx as conditions, 5 conditions, 5 params
12.8360 	EXP 	Created sequence: sequential, trialTypes=5, nReps=1, seed=None
12.8363 	EXP 	New trial (rep=0, index=0): OrderedDict([('SoundFile', 'Practice/Seagull_A.wav'), ('Correct', 2), ('Correct2', 3), ('Type', 'NEW'), ('Trial', 'Practice')])
12.8614 	EXP 	InstructionTxt2: autoDraw = False
12.8614 	EXP 	WelcomeContinue2: autoDraw = False
12.8614 	EXP 	TrialNumber: text = 'Trial 1'
12.8614 	EXP 	TrialNumber: autoDraw = True
12.8614 	EXP 	PracticeCross: autoDraw = True
12.8652 	DATA 	Keypress: space
15.1414 	EXP 	TrialNumber: autoDraw = False
15.1414 	EXP 	PracticeCross: autoDraw = False
15.1414 	EXP 	TrialNumber: autoDraw = False
15.1414 	EXP 	PracticeCross: autoDraw = False
15.1414 	EXP 	PracticeMssg: text = 'This is a NEW sound. \nThis sound has never been played before.'
15.1414 	EXP 	PracticeMssg: autoDraw = True
15.1414 	EXP 	FeedbackCross: autoDraw = True
15.1414 	EXP 	Continue: autoDraw = True
15.1414 	EXP 	Options: autoDraw = True
16.4218 	DATA 	Keypress: 3
16.4275 	EXP 	PracticeMssg: autoDraw = False
16.4275 	EXP 	FeedbackCross: autoDraw = False
16.4275 	EXP 	Continue: autoDraw = False
16.4275 	EXP 	Options: autoDraw = False
16.4275 	EXP 	FeedbackMssg: text = 'CORRECT'
16.4275 	EXP 	FeedbackMssg: autoDraw = True
17.4131 	EXP 	New trial (rep=0, index=1): OrderedDict([('SoundFile', 'Practice/Skid_B.wav'), ('Correct', 2), ('Correct2', 3), ('Type', 'NEW'), ('Trial', 'Practice')])
17.4437 	EXP 	FeedbackMssg: autoDraw = False
17.4437 	EXP 	FeedbackMssg: autoDraw = False
17.4437 	EXP 	TrialNumber: text = 'Trial 2'
17.4437 	EXP 	TrialNumber: autoDraw = True
17.4437 	EXP 	PracticeCross: autoDraw = True
19.5445 	EXP 	TrialNumber: autoDraw = False
19.5445 	EXP 	PracticeCross: autoDraw = False
19.5617 	EXP 	TrialNumber: autoDraw = False
19.5617 	EXP 	PracticeCross: autoDraw = False
19.5617 	EXP 	PracticeMssg: text = 'This is a NEW sound. \nThis sound has never been played before.'
19.5617 	EXP 	PracticeMssg: autoDraw = True
19.5617 	EXP 	FeedbackCross: autoDraw = True
19.5617 	EXP 	Continue: autoDraw = True
19.5617 	EXP 	Options: autoDraw = True
20.2529 	DATA 	Keypress: 3
20.2607 	EXP 	PracticeMssg: autoDraw = False
20.2607 	EXP 	FeedbackCross: autoDraw = False
20.2607 	EXP 	Continue: autoDraw = False
20.2607 	EXP 	Options: autoDraw = False
20.2607 	EXP 	FeedbackMssg: text = 'CORRECT'
20.2607 	EXP 	FeedbackMssg: autoDraw = True
21.2471 	EXP 	New trial (rep=0, index=2): OrderedDict([('SoundFile', 'Practice/Seagull_A.wav'), ('Correct', 1), ('Correct2', 1), ('Type', 'OLD'), ('Trial', 'Practice')])
21.2608 	EXP 	FeedbackMssg: autoDraw = False
21.2608 	EXP 	FeedbackMssg: autoDraw = False
21.2608 	EXP 	TrialNumber: text = 'Trial 3'
21.2608 	EXP 	TrialNumber: autoDraw = True
21.2608 	EXP 	PracticeCross: autoDraw = True
23.5276 	EXP 	TrialNumber: autoDraw = False
23.5276 	EXP 	PracticeCross: autoDraw = False
23.5463 	EXP 	TrialNumber: autoDraw = False
23.5463 	EXP 	PracticeCross: autoDraw = False
23.5463 	EXP 	PracticeMssg: text = 'This is a REPEAT sound. \nThe exact same sound has been played previously.'
23.5463 	EXP 	PracticeMssg: autoDraw = True
23.5463 	EXP 	FeedbackCross: autoDraw = True
23.5463 	EXP 	Continue: autoDraw = True
23.5463 	EXP 	Options: autoDraw = True
24.0134 	EXP 	PracticeMssg: autoDraw = False
24.0134 	EXP 	FeedbackCross: autoDraw = False
24.0134 	EXP 	Continue: autoDraw = False
24.0134 	EXP 	Options: autoDraw = False
24.0134 	EXP 	FeedbackMssg: text = 'INCORRECT'
24.0134 	EXP 	FeedbackMssg: autoDraw = True
24.0162 	DATA 	Keypress: 2
24.9977 	EXP 	New trial (rep=0, index=3): OrderedDict([('SoundFile', 'Practice/Gargle_A.wav'), ('Correct', 2), ('Correct2', 3), ('Type', 'NEW'), ('Trial', 'Practice')])
25.0158 	EXP 	FeedbackMssg: autoDraw = False
25.0158 	EXP 	FeedbackMssg: autoDraw = False
25.0158 	EXP 	TrialNumber: text = 'Trial 4'
25.0158 	EXP 	TrialNumber: autoDraw = True
25.0158 	EXP 	PracticeCross: autoDraw = True
27.2773 	EXP 	TrialNumber: autoDraw = False
27.2773 	EXP 	PracticeCross: autoDraw = False
27.2961 	EXP 	TrialNumber: autoDraw = False
27.2961 	EXP 	PracticeCross: autoDraw = False
27.2961 	EXP 	PracticeMssg: text = 'This is a NEW sound. \nThis sound has never been played before.'
27.2961 	EXP 	PracticeMssg: autoDraw = True
27.2961 	EXP 	FeedbackCross: autoDraw = True
27.2961 	EXP 	Continue: autoDraw = True
27.2961 	EXP 	Options: autoDraw = True
27.8450 	EXP 	PracticeMssg: autoDraw = False
27.8450 	EXP 	FeedbackCross: autoDraw = False
27.8450 	EXP 	Continue: autoDraw = False
27.8450 	EXP 	Options: autoDraw = False
27.8450 	EXP 	FeedbackMssg: text = 'CORRECT'
27.8450 	EXP 	FeedbackMssg: autoDraw = True
27.8482 	DATA 	Keypress: 3
28.8297 	EXP 	New trial (rep=0, index=4): OrderedDict([('SoundFile', 'Practice/Gargle_B.wav'), ('Correct', 2), ('Correct2', 2), ('Type', 'SIMILAR'), ('Trial', 'Practice')])
28.8492 	EXP 	FeedbackMssg: autoDraw = False
28.8492 	EXP 	FeedbackMssg: autoDraw = False
28.8492 	EXP 	TrialNumber: text = 'Trial 5'
28.8492 	EXP 	TrialNumber: autoDraw = True
28.8492 	EXP 	PracticeCross: autoDraw = True
30.8939 	EXP 	TrialNumber: autoDraw = False
30.8939 	EXP 	PracticeCross: autoDraw = False
30.9229 	EXP 	TrialNumber: autoDraw = False
30.9229 	EXP 	PracticeCross: autoDraw = False
30.9229 	EXP 	PracticeMssg: text = 'This is a SIMILAR sound. \nThis sound is similar but not identical to a previously played sound.'
30.9229 	EXP 	PracticeMssg: autoDraw = True
30.9229 	EXP 	FeedbackCross: autoDraw = True
30.9229 	EXP 	Continue: autoDraw = True
30.9229 	EXP 	Options: autoDraw = True
31.4797 	EXP 	PracticeMssg: autoDraw = False
31.4797 	EXP 	FeedbackCross: autoDraw = False
31.4797 	EXP 	Continue: autoDraw = False
31.4797 	EXP 	Options: autoDraw = False
31.4797 	EXP 	FeedbackMssg: text = 'CORRECT'
31.4797 	EXP 	FeedbackMssg: autoDraw = True
31.4843 	DATA 	Keypress: 2
32.4953 	EXP 	FeedbackMssg: autoDraw = False
32.4953 	EXP 	StartTxt: autoDraw = True
32.4953 	EXP 	ContinueStart: autoDraw = True
33.7710 	EXP 	Imported GuessSounds_conditions.xlsx as conditions, 128 conditions, 5 params
33.7715 	EXP 	Created sequence: sequential, trialTypes=128, nReps=1, seed=None
33.7719 	EXP 	New trial (rep=0, index=0): OrderedDict([('SoundFile', 'Initial/Repeat/ManWhistle.wav'), ('Correct', 2), ('Correct2', 3), ('Type', 'NEW'), ('Trial', 'B')])
33.7760 	DATA 	Keypress: space
33.7800 	EXP 	StartTxt: autoDraw = False
33.7800 	EXP 	ContinueStart: autoDraw = False
33.7800 	EXP 	no_3: autoDraw = True
35.2528 	EXP 	no_3: autoDraw = False
35.2528 	EXP 	ItemNumber: text = '1/128'
35.2528 	EXP 	Cross: autoDraw = True
35.2528 	EXP 	ItemNumber: autoDraw = True
37.4782 	EXP 	Cross: autoDraw = False
37.4782 	EXP 	ItemNumber: autoDraw = False
37.4782 	EXP 	Cross: autoDraw = False
37.4782 	EXP 	ItemNumber: autoDraw = False
37.4782 	EXP 	MSTQuestion: autoDraw = True
37.8670 	EXP 	New trial (rep=0, index=1): OrderedDict([('SoundFile', 'Siren_E.wav'), ('Correct', 2), ('Correct2', 3), ('Type', 'NEW'), ('Trial', 'B')])
37.8773 	EXP 	MSTQuestion: autoDraw = False
37.8773 	EXP 	no_3: autoDraw = True
37.8807 	DATA 	Keypress: 3
39.3894 	EXP 	no_3: autoDraw = False
39.3894 	EXP 	no_3: autoDraw = False
39.3894 	EXP 	ItemNumber: text = '2/128'
39.3894 	EXP 	Cross: autoDraw = True
39.3894 	EXP 	ItemNumber: autoDraw = True
41.6119 	EXP 	Cross: autoDraw = False
41.6119 	EXP 	ItemNumber: autoDraw = False
41.6119 	EXP 	Cross: autoDraw = False
41.6119 	EXP 	ItemNumber: autoDraw = False
41.6119 	EXP 	MSTQuestion: autoDraw = True
42.4824 	EXP 	New trial (rep=0, index=2): OrderedDict([('SoundFile', 'Footsteps_G.wav'), ('Correct', 2), ('Correct2', 3), ('Type', 'NEW'), ('Trial', 'B')])
42.4853 	DATA 	Keypress: 3
42.4943 	EXP 	MSTQuestion: autoDraw = False
42.4943 	EXP 	no_3: autoDraw = True
44.0009 	EXP 	no_3: autoDraw = False
44.0009 	EXP 	no_3: autoDraw = False
44.0009 	EXP 	ItemNumber: text = '3/128'
44.0009 	EXP 	Cross: autoDraw = True
44.0009 	EXP 	ItemNumber: autoDraw = True
46.2282 	EXP 	Cross: autoDraw = False
46.2282 	EXP 	ItemNumber: autoDraw = False
46.2282 	EXP 	Cross: autoDraw = False
46.2282 	EXP 	ItemNumber: autoDraw = False
46.2282 	EXP 	MSTQuestion: autoDraw = True
46.4997 	EXP 	New trial (rep=0, index=3): OrderedDict([('SoundFile', 'Initial/Doubled/Chicken_A.wav'), ('Correct', 2), ('Correct2', 3), ('Type', 'NEW'), ('Trial', 'B')])
46.5105 	EXP 	MSTQuestion: autoDraw = False
46.5105 	EXP 	no_3: autoDraw = True
46.5134 	DATA 	Keypress: 3
48.0106 	EXP 	no_3: autoDraw = False
48.0106 	EXP 	no_3: autoDraw = False
48.0106 	EXP 	ItemNumber: text = '4/128'
48.0106 	EXP 	Cross: autoDraw = True
48.0106 	EXP 	ItemNumber: autoDraw = True
49.6950 	EXP 	Cross: autoDraw = False
49.6950 	EXP 	ItemNumber: autoDraw = False
49.6950 	EXP 	Cross: autoDraw = False
49.6950 	EXP 	ItemNumber: autoDraw = False
49.6950 	EXP 	MSTQuestion: autoDraw = True
49.9656 	EXP 	New trial (rep=0, index=4): OrderedDict([('SoundFile', 'Phone_D.wav'), ('Correct', 2), ('Correct2', 3), ('Type', 'NEW'), ('Trial', 'B')])
49.9772 	EXP 	MSTQuestion: autoDraw = False
49.9772 	EXP 	no_3: autoDraw = True
49.9795 	DATA 	Keypress: 3
51.4839 	EXP 	no_3: autoDraw = False
51.4839 	EXP 	no_3: autoDraw = False
51.4839 	EXP 	ItemNumber: text = '5/128'
51.4839 	EXP 	Cross: autoDraw = True
51.4839 	EXP 	ItemNumber: autoDraw = True
53.7112 	EXP 	Cross: autoDraw = False
53.7112 	EXP 	ItemNumber: autoDraw = False
53.7112 	EXP 	Cross: autoDraw = False
53.7112 	EXP 	ItemNumber: autoDraw = False
53.7112 	EXP 	MSTQuestion: autoDraw = True
53.8665 	EXP 	New trial (rep=0, index=5): OrderedDict([('SoundFile', 'Initial/Repeat/Cup.wav'), ('Correct', 2), ('Correct2', 3), ('Type', 'NEW'), ('Trial', 'B')])
53.8773 	EXP 	MSTQuestion: autoDraw = False
53.8773 	EXP 	no_3: autoDraw = True
53.8794 	DATA 	Keypress: 3
55.3804 	EXP 	no_3: autoDraw = False
55.3804 	EXP 	no_3: autoDraw = False
55.3804 	EXP 	ItemNumber: text = '6/128'
55.3804 	EXP 	Cross: autoDraw = True
55.3804 	EXP 	ItemNumber: autoDraw = True
56.7112 	EXP 	Cross: autoDraw = False
56.7112 	EXP 	ItemNumber: autoDraw = False
56.7112 	EXP 	Cross: autoDraw = False
56.7112 	EXP 	ItemNumber: autoDraw = False
56.7112 	EXP 	MSTQuestion: autoDraw = True
57.4994 	EXP 	New trial (rep=0, index=6): OrderedDict([('SoundFile', 'Test/Foils/Bowlingpins.wav'), ('Correct', 2), ('Correct2', 3), ('Type', 'NEW'), ('Trial', 'B')])
57.5105 	EXP 	MSTQuestion: autoDraw = False
57.5105 	EXP 	no_3: autoDraw = True
57.5135 	DATA 	Keypress: 3
59.0259 	EXP 	no_3: autoDraw = False
59.0259 	EXP 	no_3: autoDraw = False
59.0259 	EXP 	ItemNumber: text = '7/128'
59.0259 	EXP 	Cross: autoDraw = True
59.0259 	EXP 	ItemNumber: autoDraw = True
61.2451 	EXP 	Cross: autoDraw = False
61.2451 	EXP 	ItemNumber: autoDraw = False
61.2451 	EXP 	Cross: autoDraw = False
61.2451 	EXP 	ItemNumber: autoDraw = False
61.2451 	EXP 	MSTQuestion: autoDraw = True
61.5329 	EXP 	New trial (rep=0, index=7): OrderedDict([('SoundFile', 'Bird_D.wav'), ('Correct', 2), ('Correct2', 3), ('Type', 'NEW'), ('Trial', 'B')])
61.5440 	EXP 	MSTQuestion: autoDraw = False
61.5440 	EXP 	no_3: autoDraw = True
61.5468 	DATA 	Keypress: 3
63.0642 	EXP 	no_3: autoDraw = False
63.0642 	EXP 	no_3: autoDraw = False
63.0642 	EXP 	ItemNumber: text = '8/128'
63.0642 	EXP 	Cross: autoDraw = True
63.0642 	EXP 	ItemNumber: autoDraw = True
64.4114 	EXP 	Cross: autoDraw = False
64.4114 	EXP 	ItemNumber: autoDraw = False
64.4114 	EXP 	Cross: autoDraw = False
64.4114 	EXP 	ItemNumber: autoDraw = False
64.4114 	EXP 	MSTQuestion: autoDraw = True
64.5847 	EXP 	New trial (rep=0, index=8): OrderedDict([('SoundFile', 'Initial/Doubled/HairDryer_A.wav'), ('Correct', 2), ('Correct2', 3), ('Type', 'NEW'), ('Trial', 'B')])
64.5939 	EXP 	MSTQuestion: autoDraw = False
64.5939 	EXP 	no_3: autoDraw = True
64.5978 	DATA 	Keypress: 3
66.0949 	EXP 	no_3: autoDraw = False
66.0949 	EXP 	no_3: autoDraw = False
66.0949 	EXP 	ItemNumber: text = '9/128'
66.0949 	EXP 	Cross: autoDraw = True
66.0949 	EXP 	ItemNumber: autoDraw = True
68.3114 	EXP 	Cross: autoDraw = False
68.3114 	EXP 	ItemNumber: autoDraw = False
68.3114 	EXP 	Cross: autoDraw = False
68.3114 	EXP 	ItemNumber: autoDraw = False
68.3114 	EXP 	MSTQuestion: autoDraw = True
68.6992 	EXP 	New trial (rep=0, index=9): OrderedDict([('SoundFile', 'Faucet_D.wav'), ('Correct', 2), ('Correct2', 3), ('Type', 'NEW'), ('Trial', 'B')])
68.7021 	DATA 	Keypress: 3
68.7108 	EXP 	MSTQuestion: autoDraw = False
68.7108 	EXP 	no_3: autoDraw = True
70.2246 	EXP 	no_3: autoDraw = False
70.2246 	EXP 	no_3: autoDraw = False
70.2246 	EXP 	ItemNumber: text = '10/128'
70.2246 	EXP 	Cross: autoDraw = True
70.2246 	EXP 	ItemNumber: autoDraw = True
72.4450 	EXP 	Cross: autoDraw = False
72.4450 	EXP 	ItemNumber: autoDraw = False
72.4450 	EXP 	Cross: autoDraw = False
72.4450 	EXP 	ItemNumber: autoDraw = False
72.4450 	EXP 	MSTQuestion: autoDraw = True
72.7522 	EXP 	New trial (rep=0, index=10): OrderedDict([('SoundFile', 'Siren_B.wav'), ('Correct', 2), ('Correct2', 2), ('Type', 'SIMILAR'), ('Trial', 'B')])
72.7646 	EXP 	MSTQuestion: autoDraw = False
72.7646 	EXP 	no_3: autoDraw = True
72.7682 	DATA 	Keypress: 3
74.2878 	EXP 	no_3: autoDraw = False
74.2878 	EXP 	ItemNumber: text = '11/128'
74.2878 	EXP 	Cross: autoDraw = True
74.2878 	EXP 	ItemNumber: autoDraw = True
76.5121 	EXP 	Cross: autoDraw = False
76.5121 	EXP 	ItemNumber: autoDraw = False
76.5121 	EXP 	Cross: autoDraw = False
76.5121 	EXP 	ItemNumber: autoDraw = False
76.5121 	EXP 	MSTQuestion: autoDraw = True
77.7690 	EXP 	New trial (rep=0, index=11): OrderedDict([('SoundFile', 'Laugh_C.wav'), ('Correct', 2), ('Correct2', 3), ('Type', 'NEW'), ('Trial', 'B')])
77.7792 	EXP 	MSTQuestion: autoDraw = False
77.7792 	EXP 	no_3: autoDraw = True
77.7839 	DATA 	Keypress: 2
79.3126 	EXP 	no_3: autoDraw = False
79.3126 	EXP 	ItemNumber: text = '12/128'
79.3126 	EXP 	Cross: autoDraw = True
79.3126 	EXP 	ItemNumber: autoDraw = True
81.5283 	EXP 	Cross: autoDraw = False
81.5283 	EXP 	ItemNumber: autoDraw = False
81.5283 	EXP 	Cross: autoDraw = False
81.5283 	EXP 	ItemNumber: autoDraw = False
81.5283 	EXP 	MSTQuestion: autoDraw = True
82.1386 	EXP 	New trial (rep=0, index=12): OrderedDict([('SoundFile', 'Initial/Repeat/ManWhistle.wav'), ('Correct', 1), ('Correct2', 1), ('Type', 'OLD'), ('Trial', 'B')])
82.1430 	DATA 	Keypress: 3
82.1481 	EXP 	MSTQuestion: autoDraw = False
82.1481 	EXP 	no_3: autoDraw = True
83.6664 	EXP 	no_3: autoDraw = False
83.6664 	EXP 	ItemNumber: text = '13/128'
83.6664 	EXP 	Cross: autoDraw = True
83.6664 	EXP 	ItemNumber: autoDraw = True
85.8632 	DATA 	Keypress: 1
85.8943 	EXP 	Cross: autoDraw = False
85.8943 	EXP 	ItemNumber: autoDraw = False
85.8943 	EXP 	Cross: autoDraw = False
85.8943 	EXP 	ItemNumber: autoDraw = False
85.8943 	EXP 	MSTQuestion: autoDraw = True
86.3846 	EXP 	New trial (rep=0, index=13): OrderedDict([('SoundFile', 'Initial/NoRepeat/Cow.wav'), ('Correct', 2), ('Correct2', 3), ('Type', 'NEW'), ('Trial', 'B')])
86.3892 	DATA 	Keypress: 1
86.3939 	EXP 	MSTQuestion: autoDraw = False
86.3939 	EXP 	no_3: autoDraw = True
87.9045 	EXP 	no_3: autoDraw = False
87.9045 	EXP 	no_3: autoDraw = False
87.9045 	EXP 	ItemNumber: text = '14/128'
87.9045 	EXP 	Cross: autoDraw = True
87.9045 	EXP 	ItemNumber: autoDraw = True
88.8325 	DATA 	Keypress: 1
89.7450 	EXP 	Cross: autoDraw = False
89.7450 	EXP 	ItemNumber: autoDraw = False
89.7450 	EXP 	Cross: autoDraw = False
89.7450 	EXP 	ItemNumber: autoDraw = False
89.7450 	EXP 	MSTQuestion: autoDraw = True
89.8182 	EXP 	New trial (rep=0, index=14): OrderedDict([('SoundFile', 'Cough_A.wav'), ('Correct', 2), ('Correct2', 3), ('Type', 'NEW'), ('Trial', 'B')])
89.8325 	EXP 	MSTQuestion: autoDraw = False
89.8325 	EXP 	no_3: autoDraw = True
89.8373 	DATA 	Keypress: 3
91.3433 	EXP 	no_3: autoDraw = False
91.3433 	EXP 	ItemNumber: text = '15/128'
91.3433 	EXP 	Cross: autoDraw = True
91.3433 	EXP 	ItemNumber: autoDraw = True
93.0451 	EXP 	Cross: autoDraw = False
93.0451 	EXP 	ItemNumber: autoDraw = False
93.0451 	EXP 	Cross: autoDraw = False
93.0451 	EXP 	ItemNumber: autoDraw = False
93.0451 	EXP 	MSTQuestion: autoDraw = True
93.3352 	EXP 	New trial (rep=0, index=15): OrderedDict([('SoundFile', 'Initial/Repeat/Phone_A.wav'), ('Correct', 2), ('Correct2', 2), ('Type', 'SIMILAR'), ('Trial', 'B')])
93.3473 	EXP 	MSTQuestion: autoDraw = False
93.3473 	EXP 	no_3: autoDraw = True
93.3527 	DATA 	Keypress: 3
94.8759 	EXP 	no_3: autoDraw = False
94.8759 	EXP 	ItemNumber: text = '16/128'
94.8759 	EXP 	Cross: autoDraw = True
94.8759 	EXP 	ItemNumber: autoDraw = True
97.0935 	EXP 	Cross: autoDraw = False
97.0935 	EXP 	ItemNumber: autoDraw = False
97.0935 	EXP 	Cross: autoDraw = False
97.0935 	EXP 	ItemNumber: autoDraw = False
97.0935 	EXP 	MSTQuestion: autoDraw = True
97.5181 	EXP 	New trial (rep=0, index=16): OrderedDict([('SoundFile', 'Chime_B.wav'), ('Correct', 2), ('Correct2', 3), ('Type', 'NEW'), ('Trial', 'B')])
97.5263 	DATA 	Keypress: 3
97.5300 	EXP 	MSTQuestion: autoDraw = False
97.5300 	EXP 	no_3: autoDraw = True
99.0592 	EXP 	no_3: autoDraw = False
99.0592 	EXP 	ItemNumber: text = '17/128'
99.0592 	EXP 	Cross: autoDraw = True
99.0592 	EXP 	ItemNumber: autoDraw = True
101.2781 	EXP 	Cross: autoDraw = False
101.2781 	EXP 	ItemNumber: autoDraw = False
101.2781 	EXP 	Cross: autoDraw = False
101.2781 	EXP 	ItemNumber: autoDraw = False
101.2781 	EXP 	MSTQuestion: autoDraw = True
101.5683 	EXP 	New trial (rep=0, index=17): OrderedDict([('SoundFile', 'Footsteps_F.wav'), ('Correct', 2), ('Correct2', 2), ('Type', 'SIMILAR'), ('Trial', 'B')])
101.5786 	EXP 	MSTQuestion: autoDraw = False
101.5786 	EXP 	no_3: autoDraw = True
101.5863 	DATA 	Keypress: 3
103.1339 	EXP 	no_3: autoDraw = False
103.1339 	EXP 	ItemNumber: text = '18/128'
103.1339 	EXP 	Cross: autoDraw = True
103.1339 	EXP 	ItemNumber: autoDraw = True
105.3613 	EXP 	Cross: autoDraw = False
105.3613 	EXP 	ItemNumber: autoDraw = False
105.3613 	EXP 	Cross: autoDraw = False
105.3613 	EXP 	ItemNumber: autoDraw = False
105.3613 	EXP 	MSTQuestion: autoDraw = True
105.6853 	EXP 	New trial (rep=0, index=18): OrderedDict([('SoundFile', 'Initial/NoRepeat/Toilet_B.wav'), ('Correct', 2), ('Correct2', 3), ('Type', 'NEW'), ('Trial', 'B')])
105.6912 	DATA 	Keypress: 3
105.6956 	EXP 	MSTQuestion: autoDraw = False
105.6956 	EXP 	no_3: autoDraw = True
107.2314 	EXP 	no_3: autoDraw = False
107.2314 	EXP 	ItemNumber: text = '19/128'
107.2314 	EXP 	Cross: autoDraw = True
107.2314 	EXP 	ItemNumber: autoDraw = True
109.4447 	EXP 	Cross: autoDraw = False
109.4447 	EXP 	ItemNumber: autoDraw = False
109.4447 	EXP 	Cross: autoDraw = False
109.4447 	EXP 	ItemNumber: autoDraw = False
109.4447 	EXP 	MSTQuestion: autoDraw = True
109.6855 	EXP 	New trial (rep=0, index=19): OrderedDict([('SoundFile', 'Piano_D.wav'), ('Correct', 2), ('Correct2', 3), ('Type', 'NEW'), ('Trial', 'B')])
109.6963 	DATA 	Keypress: 3
109.7011 	EXP 	MSTQuestion: autoDraw = False
109.7011 	EXP 	no_3: autoDraw = True
111.2236 	EXP 	no_3: autoDraw = False
111.2236 	EXP 	ItemNumber: text = '20/128'
111.2236 	EXP 	Cross: autoDraw = True
111.2236 	EXP 	ItemNumber: autoDraw = True
112.3491 	DATA 	Keypress: escape
112.8456 	EXP 	window1: mouseVisible = True
