2.8140 	WARNING 	We strongly recommend you activate the PTB sound engine in PsychoPy prefs as the preferred audio engine. Its timing is vastly superior. Your prefs are currently set to use ['sounddevice', 'PTB', 'pyo', 'pygame'] (in that order).
29.7299 	WARNING 	User requested fullscreen with size [1024  768], but screen is actually [2256, 1504]. Using actual size
32.9205 	EXP 	Created window1 = Window(allowGUI=False, allowStencil=False, args=UNKNOWN, autoLog=True, bitsMode=UNKNOWN, blendMode='avg', bpc=(8, 8, 8), color=array([0., 0., 0.]), colorSpace='rgb', depthBits=8, fullscr=<method-wrapper '__getattribute__' of attributeSetter object at 0x0000026D494B2C88>, gamma=None, gammaErrorPolicy='raise', kwargs=UNKNOWN, lms=UNKNOWN, monitor=<psychopy.monitors.calibTools.Monitor object at 0x0000026D493C03C8>, multiSample=False, name='window1', numSamples=2, pos=[0.0, 0.0], screen=0, size=array([2256, 1504]), stencilBits=0, stereo=False, units='height', useFBO=True, useRetina=False, viewOri=0.0, viewPos=None, viewScale=None, waitBlanking=True, winType='pyglet')
32.9216 	EXP 	window1: mouseVisible = True
32.9217 	EXP 	window1: recordFrameIntervals = False
33.0834 	EXP 	window1: recordFrameIntervals = True
33.2671 	EXP 	window1: recordFrameIntervals = False
34.0053 	EXP 	Created InstructionTxt = TextStim(__class__=<class 'psychopy.visual.text.TextStim'>, alignHoriz=method-wrapper(...), alignText='center', alignVert=method-wrapper(...), anchorHoriz='center', anchorVert='center', antialias=True, autoLog=True, bold=False, color='white', colorSpace='named', contrast=1.0, depth=0.0, flipHoriz=False, flipVert=False, font='Arial', fontFiles=[], height=0.04, italic=False, languageStyle='LTR', name='InstructionTxt', opacity=1.0, ori=0, pos=array([0., 0.]), rgb=array([255., 255., 255.]), text=str(...), units='height', win=Window(...), wrapWidth=1)
34.0255 	EXP 	Created WelcomContinue = TextStim(__class__=<class 'psychopy.visual.text.TextStim'>, alignHoriz=method-wrapper(...), alignText='center', alignVert=method-wrapper(...), anchorHoriz='center', anchorVert='center', antialias=True, autoLog=True, bold=False, color='white', colorSpace='named', contrast=1.0, depth=-3.0, flipHoriz=False, flipVert=False, font='Arial', fontFiles=[], height=0.04, italic=False, languageStyle='LTR', name='WelcomContinue', opacity=1.0, ori=0, pos=array([ 0. , -0.4]), rgb=array([255., 255., 255.]), text='Press SPACE to continue', units='height', win=Window(...), wrapWidth=1)
34.0626 	EXP 	Created InstructionTxt2 = TextStim(__class__=<class 'psychopy.visual.text.TextStim'>, alignHoriz=method-wrapper(...), alignText='center', alignVert=method-wrapper(...), anchorHoriz='center', anchorVert='center', antialias=True, autoLog=True, bold=False, color='white', colorSpace='named', contrast=1.0, depth=0.0, flipHoriz=False, flipVert=False, font='Arial', fontFiles=[], height=0.04, italic=False, languageStyle='LTR', name='InstructionTxt2', opacity=1.0, ori=0, pos=array([0., 0.]), rgb=array([255., 255., 255.]), text=str(...), units='height', win=Window(...), wrapWidth=1)
34.0712 	EXP 	Created WelcomeContinue2 = TextStim(__class__=<class 'psychopy.visual.text.TextStim'>, alignHoriz=method-wrapper(...), alignText='center', alignVert=method-wrapper(...), anchorHoriz='center', anchorVert='center', antialias=True, autoLog=True, bold=False, color='white', colorSpace='named', contrast=1.0, depth=-1.0, flipHoriz=False, flipVert=False, font='Arial', fontFiles=[], height=0.04, italic=False, languageStyle='LTR', name='WelcomeContinue2', opacity=1.0, ori=0, pos=array([ 0. , -0.4]), rgb=array([255., 255., 255.]), text='Press SPACE to continue', units='height', win=Window(...), wrapWidth=1)
34.0880 	EXP 	Created VolumeBeginTxt = TextStim(__class__=<class 'psychopy.visual.text.TextStim'>, alignHoriz=method-wrapper(...), alignText='center', alignVert=method-wrapper(...), anchorHoriz='center', anchorVert='center', antialias=True, autoLog=True, bold=False, color='white', colorSpace='named', contrast=1.0, depth=0.0, flipHoriz=False, flipVert=False, font='Arial', fontFiles=[], height=0.04, italic=False, languageStyle='LTR', name='VolumeBeginTxt', opacity=1.0, ori=0, pos=array([0., 0.]), rgb=array([255., 255., 255.]), text=str(...), units='height', win=Window(...), wrapWidth=1)
34.0998 	EXP 	Created VolumeContinue = TextStim(__class__=<class 'psychopy.visual.text.TextStim'>, alignHoriz=method-wrapper(...), alignText='center', alignVert=method-wrapper(...), anchorHoriz='center', anchorVert='center', antialias=True, autoLog=True, bold=False, color='white', colorSpace='named', contrast=1.0, depth=-1.0, flipHoriz=False, flipVert=False, font='Arial', fontFiles=[], height=0.04, italic=False, languageStyle='LTR', name='VolumeContinue', opacity=1.0, ori=0, pos=array([ 0. , -0.4]), rgb=array([255., 255., 255.]), text=str(...), units='height', win=Window(...), wrapWidth=1)
34.1175 	EXP 	Created text = TextStim(__class__=<class 'psychopy.visual.text.TextStim'>, alignHoriz=method-wrapper(...), alignText='center', alignVert=method-wrapper(...), anchorHoriz='center', anchorVert='center', antialias=True, autoLog=True, bold=False, color='white', colorSpace='named', contrast=1.0, depth=0.0, flipHoriz=False, flipVert=False, font='Arial', fontFiles=[], height=0.04, italic=False, languageStyle='LTR', name='text', opacity=1.0, ori=0, pos=array([0., 0.]), rgb=array([255., 255., 255.]), text=str(...), units='height', win=Window(...), wrapWidth=1)
34.2157 	EXP 	Sound Music set volume 0.300
34.2298 	EXP 	Created AdjustContinue = TextStim(__class__=<class 'psychopy.visual.text.TextStim'>, alignHoriz=method-wrapper(...), alignText='center', alignVert=method-wrapper(...), anchorHoriz='center', anchorVert='center', antialias=True, autoLog=True, bold=False, color='white', colorSpace='named', contrast=1.0, depth=-3.0, flipHoriz=False, flipVert=False, font='Arial', fontFiles=[], height=0.04, italic=False, languageStyle='LTR', name='AdjustContinue', opacity=1.0, ori=0, pos=array([ 0. , -0.4]), rgb=array([255., 255., 255.]), text=str(...), units='height', win=Window(...), wrapWidth=1)
34.2383 	EXP 	Created StartTxt = TextStim(__class__=<class 'psychopy.visual.text.TextStim'>, alignHoriz=method-wrapper(...), alignText='center', alignVert=method-wrapper(...), anchorHoriz='center', anchorVert='center', antialias=True, autoLog=True, bold=False, color='white', colorSpace='named', contrast=1.0, depth=0.0, flipHoriz=False, flipVert=False, font='Arial', fontFiles=[], height=0.04, italic=False, languageStyle='LTR', name='StartTxt', opacity=1.0, ori=0, pos=array([0., 0.]), rgb=array([255., 255., 255.]), text='We will now begin the task', units='height', win=Window(...), wrapWidth=1)
34.2584 	EXP 	Created no3 = TextStim(__class__=<class 'psychopy.visual.text.TextStim'>, alignHoriz=method-wrapper(...), alignText='center', alignVert=method-wrapper(...), anchorHoriz='center', anchorVert='center', antialias=True, autoLog=True, bold=False, color='white', colorSpace='named', contrast=1.0, depth=0.0, flipHoriz=False, flipVert=False, font='Arial', fontFiles=[], height=0.05, italic=False, languageStyle='LTR', name='no3', opacity=1.0, ori=0, pos=array([0., 0.]), rgb=array([255., 255., 255.]), text='3', units='height', win=Window(...), wrapWidth=1)
34.2659 	EXP 	Created no2 = TextStim(__class__=<class 'psychopy.visual.text.TextStim'>, alignHoriz=method-wrapper(...), alignText='center', alignVert=method-wrapper(...), anchorHoriz='center', anchorVert='center', antialias=True, autoLog=True, bold=False, color='white', colorSpace='named', contrast=1.0, depth=0.0, flipHoriz=False, flipVert=False, font='Arial', fontFiles=[], height=0.05, italic=False, languageStyle='LTR', name='no2', opacity=1.0, ori=0, pos=array([0., 0.]), rgb=array([255., 255., 255.]), text='2', units='height', win=Window(...), wrapWidth=1)
34.2738 	EXP 	Created no1 = TextStim(__class__=<class 'psychopy.visual.text.TextStim'>, alignHoriz=method-wrapper(...), alignText='center', alignVert=method-wrapper(...), anchorHoriz='center', anchorVert='center', antialias=True, autoLog=True, bold=False, color='white', colorSpace='named', contrast=1.0, depth=0.0, flipHoriz=False, flipVert=False, font='Arial', fontFiles=[], height=0.05, italic=False, languageStyle='LTR', name='no1', opacity=1.0, ori=0, pos=array([0., 0.]), rgb=array([255., 255., 255.]), text='1', units='height', win=Window(...), wrapWidth=1)
34.2849 	EXP 	Created Question = TextStim(__class__=<class 'psychopy.visual.text.TextStim'>, alignHoriz=method-wrapper(...), alignText='center', alignVert=method-wrapper(...), anchorHoriz='center', anchorVert='center', antialias=True, autoLog=True, bold=False, color='white', colorSpace='named', contrast=1.0, depth=0.0, flipHoriz=False, flipVert=False, font='Arial', fontFiles=[], height=0.04, italic=False, languageStyle='LTR', name='Question', opacity=1.0, ori=0, pos=array([0., 0.]), rgb=array([255., 255., 255.]), text='What is this sound?\n', units='height', win=Window(...), wrapWidth=1)
34.4251 	EXP 	window1: mouseVisible = True
34.4695 	EXP 	Created ClickTheButton = TextStim(__class__=<class 'psychopy.visual.text.TextStim'>, alignHoriz=method-wrapper(...), alignText='center', alignVert=method-wrapper(...), anchorHoriz='center', anchorVert='center', antialias=True, autoLog=True, bold=False, color='white', colorSpace='named', contrast=1.0, depth=-3.0, flipHoriz=False, flipVert=False, font='Arial', fontFiles=[], height=0.025, italic=False, languageStyle='LTR', name='ClickTheButton', opacity=1.0, ori=0, pos=array([ 0.  , -0.03]), rgb=array([255., 255., 255.]), text="Click 'Submit' to continue.", units='height', win=Window(...), wrapWidth=1)
34.4697 	EXP 	Sound SoundItem set volume 1.000
34.4898 	EXP 	Created ItemNo = TextStim(__class__=<class 'psychopy.visual.text.TextStim'>, alignHoriz=method-wrapper(...), alignText='center', alignVert=method-wrapper(...), anchorHoriz='center', anchorVert='center', antialias=True, autoLog=True, bold=False, color='white', colorSpace='named', contrast=1.0, depth=-5.0, flipHoriz=False, flipVert=False, font='Arial', fontFiles=[], height=0.04, italic=False, languageStyle='LTR', name='ItemNo', opacity=1.0, ori=0, pos=array([0.  , 0.45]), rgb=array([255., 255., 255.]), text='default text', units='height', win=Window(...), wrapWidth=1)
34.5919 	EXP 	Created ThankyouMssg = TextStim(__class__=<class 'psychopy.visual.text.TextStim'>, alignHoriz=method-wrapper(...), alignText='center', alignVert=method-wrapper(...), anchorHoriz='center', anchorVert='center', antialias=True, autoLog=True, bold=False, color='white', colorSpace='named', contrast=1.0, depth=0.0, flipHoriz=False, flipVert=False, font='Arial', fontFiles=[], height=0.04, italic=False, languageStyle='LTR', name='ThankyouMssg', opacity=1.0, ori=0, pos=array([0. , 0.2]), rgb=array([255., 255., 255.]), text=str(...), units='height', win=Window(...), wrapWidth=1)
34.6922 	EXP 	Created ExitTxt = TextStim(__class__=<class 'psychopy.visual.text.TextStim'>, alignHoriz=method-wrapper(...), alignText='center', alignVert=method-wrapper(...), anchorHoriz='center', anchorVert='center', antialias=True, autoLog=True, bold=False, color='white', colorSpace='named', contrast=1.0, depth=-2.0, flipHoriz=False, flipVert=False, font='Arial', fontFiles=[], height=0.04, italic=False, languageStyle='LTR', name='ExitTxt', opacity=1.0, ori=0, pos=array([ 0. , -0.4]), rgb=array([255., 255., 255.]), text='Press SPACE to exit the study', units='height', win=Window(...), wrapWidth=1)
34.7080 	EXP 	Created CodeTxt = TextStim(__class__=<class 'psychopy.visual.text.TextStim'>, alignHoriz=method-wrapper(...), alignText='center', alignVert=method-wrapper(...), anchorHoriz='center', anchorVert='center', antialias=True, autoLog=True, bold=False, color='white', colorSpace='named', contrast=1.0, depth=-4.0, flipHoriz=False, flipVert=False, font='Arial', fontFiles=[], height=0.04, italic=False, languageStyle='LTR', name='CodeTxt', opacity=1.0, ori=0, pos=array([ 0.  , -0.22]), rgb=array([255., 255., 255.]), text=str(...), units='height', win=Window(...), wrapWidth=1)
34.7517 	EXP 	ResponseBox: autoLog = True
34.7517 	EXP 	Submit: autoLog = True
34.7517 	EXP 	CompletionCode: autoLog = True
34.7517 	EXP 	InstructionTxt: autoDraw = True
34.7517 	EXP 	WelcomContinue: autoDraw = True
35.8753 	DATA 	Keypress: space
35.8841 	EXP 	ResponseBox: text = 'default text '
35.9004 	EXP 	InstructionTxt: autoDraw = False
35.9004 	EXP 	WelcomContinue: autoDraw = False
35.9004 	EXP 	InstructionTxt2: autoDraw = True
35.9004 	EXP 	WelcomeContinue2: autoDraw = True
36.5070 	DATA 	Keypress: space
36.5169 	EXP 	ResponseBox: text = 'default text  '
36.5335 	EXP 	InstructionTxt2: autoDraw = False
36.5335 	EXP 	WelcomeContinue2: autoDraw = False
36.5335 	EXP 	VolumeBeginTxt: autoDraw = True
36.5335 	EXP 	VolumeContinue: autoDraw = True
37.7529 	DATA 	Keypress: space
37.7575 	EXP 	VolumeBeginTxt: autoDraw = False
37.7575 	EXP 	VolumeContinue: autoDraw = False
37.7575 	EXP 	text: autoDraw = True
37.7575 	EXP 	AdjustContinue: autoDraw = True
37.7575 	EXP 	ResponseBox: text = 'default text   '
38.2613 	DATA 	Keypress: space
38.2674 	EXP 	ResponseBox: text = 'default text    '
38.2832 	EXP 	text: autoDraw = False
38.2832 	EXP 	AdjustContinue: autoDraw = False
38.2832 	EXP 	StartTxt: autoDraw = True
40.3965 	EXP 	Imported GuessSounds_conditions.xlsx as conditions, 10 conditions, 1 params
40.3983 	EXP 	Created sequence: sequential, trialTypes=10, nReps=1, seed=None
40.3987 	EXP 	New trial (rep=0, index=0): OrderedDict([('SoundFiles2', 'Laugh_C.wav')])
40.4059 	EXP 	StartTxt: autoDraw = False
40.4059 	EXP 	StartTxt: autoDraw = False
40.4059 	EXP 	no3: autoDraw = True
41.2997 	EXP 	no3: autoDraw = False
41.2997 	EXP 	no2: autoDraw = True
42.2999 	EXP 	no2: autoDraw = False
42.2999 	EXP 	no1: autoDraw = True
43.3446 	EXP 	no1: autoDraw = False
43.3446 	EXP 	ResponseBox: text = '\n\n'
43.3446 	EXP 	ItemNo: text = '1/60'
43.3446 	EXP 	Question: autoDraw = True
43.3446 	EXP 	ResponseBox: autoDraw = True
43.3446 	EXP 	ClickTheButton: autoDraw = True
43.3446 	EXP 	ItemNo: autoDraw = True
43.3446 	EXP 	Submit: autoDraw = True
46.3527 	DATA 	Mouse: Left button down, pos=(1138,184)
46.3629 	EXP 	New trial (rep=0, index=1): OrderedDict([('SoundFiles2', 'Laugh_D.wav')])
46.3702 	EXP 	Question: autoDraw = False
46.3702 	EXP 	ResponseBox: autoDraw = False
46.3702 	EXP 	ClickTheButton: autoDraw = False
46.3702 	EXP 	ItemNo: autoDraw = False
46.3702 	EXP 	Submit: autoDraw = False
46.3702 	EXP 	ResponseBox: text = 'default text'
46.3702 	EXP 	no3: autoDraw = True
46.5690 	DATA 	Mouse:  Left button up, pos=(1138,184)
47.3831 	EXP 	no3: autoDraw = False
47.3831 	EXP 	no2: autoDraw = True
48.3831 	EXP 	no2: autoDraw = False
48.3831 	EXP 	no1: autoDraw = True
49.3994 	EXP 	no1: autoDraw = False
49.3994 	EXP 	ResponseBox: text = '\n\n'
49.3994 	EXP 	ItemNo: text = '2/60'
49.3994 	EXP 	Question: autoDraw = True
49.3994 	EXP 	ResponseBox: autoDraw = True
49.3994 	EXP 	ClickTheButton: autoDraw = True
49.3994 	EXP 	ItemNo: autoDraw = True
49.3994 	EXP 	Submit: autoDraw = True
53.4691 	DATA 	Mouse: Left button down, pos=(1138,184)
53.4777 	EXP 	New trial (rep=0, index=2): OrderedDict([('SoundFiles2', 'Bird_B.wav')])
53.4867 	EXP 	Question: autoDraw = False
53.4867 	EXP 	ResponseBox: autoDraw = False
53.4867 	EXP 	ClickTheButton: autoDraw = False
53.4867 	EXP 	ItemNo: autoDraw = False
53.4867 	EXP 	Submit: autoDraw = False
53.4867 	EXP 	ResponseBox: text = 'default text'
53.4867 	EXP 	no3: autoDraw = True
53.7031 	DATA 	Mouse:  Left button up, pos=(1138,184)
54.4996 	EXP 	no3: autoDraw = False
54.4996 	EXP 	no2: autoDraw = True
55.4994 	EXP 	no2: autoDraw = False
55.4994 	EXP 	no1: autoDraw = True
56.5158 	EXP 	no1: autoDraw = False
56.5158 	EXP 	ResponseBox: text = '\n\n'
56.5158 	EXP 	ItemNo: text = '3/60'
56.5158 	EXP 	Question: autoDraw = True
56.5158 	EXP 	ResponseBox: autoDraw = True
56.5158 	EXP 	ClickTheButton: autoDraw = True
56.5158 	EXP 	ItemNo: autoDraw = True
56.5158 	EXP 	Submit: autoDraw = True
59.8687 	DATA 	Mouse: Left button down, pos=(1138,184)
59.8773 	EXP 	New trial (rep=0, index=3): OrderedDict([('SoundFiles2', 'Bird_C.wav')])
59.8853 	EXP 	Question: autoDraw = False
59.8853 	EXP 	ResponseBox: autoDraw = False
59.8853 	EXP 	ClickTheButton: autoDraw = False
59.8853 	EXP 	ItemNo: autoDraw = False
59.8853 	EXP 	Submit: autoDraw = False
59.8853 	EXP 	ResponseBox: text = 'default text'
59.8853 	EXP 	no3: autoDraw = True
60.0698 	DATA 	Mouse:  Left button up, pos=(1138,184)
60.8996 	EXP 	no3: autoDraw = False
60.8996 	EXP 	no2: autoDraw = True
61.8995 	EXP 	no2: autoDraw = False
61.8995 	EXP 	no1: autoDraw = True
62.9167 	EXP 	no1: autoDraw = False
62.9167 	EXP 	ResponseBox: text = '\n\n'
62.9167 	EXP 	ItemNo: text = '4/60'
62.9167 	EXP 	Question: autoDraw = True
62.9167 	EXP 	ResponseBox: autoDraw = True
62.9167 	EXP 	ClickTheButton: autoDraw = True
62.9167 	EXP 	ItemNo: autoDraw = True
62.9167 	EXP 	Submit: autoDraw = True
64.1907 	DATA 	Keypress: escape
64.7138 	EXP 	window1: mouseVisible = True
