1.4472 	WARNING 	We strongly recommend you activate the PTB sound engine in PsychoPy prefs as the preferred audio engine. Its timing is vastly superior. Your prefs are currently set to use ['sounddevice', 'PTB', 'pyo', 'pygame'] (in that order).
20.2312 	WARNING 	User requested fullscreen with size [1024  768], but screen is actually [2256, 1504]. Using actual size
22.1219 	EXP 	Created window1 = Window(allowGUI=False, allowStencil=False, args=UNKNOWN, autoLog=True, bitsMode=UNKNOWN, blendMode='avg', bpc=(8, 8, 8), color=array([0., 0., 0.]), colorSpace='rgb', depthBits=8, fullscr=<method-wrapper '__getattribute__' of attributeSetter object at 0x0000026B6367BAC8>, gamma=None, gammaErrorPolicy='raise', kwargs=UNKNOWN, lms=UNKNOWN, monitor=<psychopy.monitors.calibTools.Monitor object at 0x0000026B63643208>, multiSample=False, name='window1', numSamples=2, pos=[0.0, 0.0], screen=0, size=array([2256, 1504]), stencilBits=0, stereo=False, units='height', useFBO=True, useRetina=False, viewOri=0.0, viewPos=None, viewScale=None, waitBlanking=True, winType='pyglet')
22.1226 	EXP 	window1: mouseVisible = True
22.1227 	EXP 	window1: recordFrameIntervals = False
22.2868 	EXP 	window1: recordFrameIntervals = True
22.4708 	EXP 	window1: recordFrameIntervals = False
22.8086 	EXP 	Created InstructionTxt = TextStim(__class__=<class 'psychopy.visual.text.TextStim'>, alignHoriz=method-wrapper(...), alignText='center', alignVert=method-wrapper(...), anchorHoriz='center', anchorVert='center', antialias=True, autoLog=True, bold=False, color='white', colorSpace='named', contrast=1.0, depth=0.0, flipHoriz=False, flipVert=False, font='Arial', fontFiles=[], height=0.04, italic=False, languageStyle='LTR', name='InstructionTxt', opacity=1.0, ori=0, pos=array([0., 0.]), rgb=array([255., 255., 255.]), text=str(...), units='height', win=Window(...), wrapWidth=1)
22.8189 	EXP 	Created WelcomContinue = TextStim(__class__=<class 'psychopy.visual.text.TextStim'>, alignHoriz=method-wrapper(...), alignText='center', alignVert=method-wrapper(...), anchorHoriz='center', anchorVert='center', antialias=True, autoLog=True, bold=False, color='white', colorSpace='named', contrast=1.0, depth=-3.0, flipHoriz=False, flipVert=False, font='Arial', fontFiles=[], height=0.04, italic=False, languageStyle='LTR', name='WelcomContinue', opacity=1.0, ori=0, pos=array([ 0. , -0.4]), rgb=array([255., 255., 255.]), text='Press SPACE to continue', units='height', win=Window(...), wrapWidth=1)
22.8373 	EXP 	Created VolumeBeginTxt = TextStim(__class__=<class 'psychopy.visual.text.TextStim'>, alignHoriz=method-wrapper(...), alignText='center', alignVert=method-wrapper(...), anchorHoriz='center', anchorVert='center', antialias=True, autoLog=True, bold=False, color='white', colorSpace='named', contrast=1.0, depth=0.0, flipHoriz=False, flipVert=False, font='Arial', fontFiles=[], height=0.04, italic=False, languageStyle='LTR', name='VolumeBeginTxt', opacity=1.0, ori=0, pos=array([0., 0.]), rgb=array([255., 255., 255.]), text=str(...), units='height', win=Window(...), wrapWidth=1)
22.8445 	EXP 	Created text = TextStim(__class__=<class 'psychopy.visual.text.TextStim'>, alignHoriz=method-wrapper(...), alignText='center', alignVert=method-wrapper(...), anchorHoriz='center', anchorVert='center', antialias=True, autoLog=True, bold=False, color='white', colorSpace='named', contrast=1.0, depth=0.0, flipHoriz=False, flipVert=False, font='Arial', fontFiles=[], height=0.04, italic=False, languageStyle='LTR', name='text', opacity=1.0, ori=0, pos=array([0., 0.]), rgb=array([255., 255., 255.]), text=str(...), units='height', win=Window(...), wrapWidth=1)
22.9838 	EXP 	Sound Music set volume 0.300
22.9919 	EXP 	Created AdjustContinue = TextStim(__class__=<class 'psychopy.visual.text.TextStim'>, alignHoriz=method-wrapper(...), alignText='center', alignVert=method-wrapper(...), anchorHoriz='center', anchorVert='center', antialias=True, autoLog=True, bold=False, color='white', colorSpace='named', contrast=1.0, depth=-3.0, flipHoriz=False, flipVert=False, font='Arial', fontFiles=[], height=0.04, italic=False, languageStyle='LTR', name='AdjustContinue', opacity=1.0, ori=0, pos=array([ 0. , -0.4]), rgb=array([255., 255., 255.]), text=str(...), units='height', win=Window(...), wrapWidth=1)
23.0223 	EXP 	Created HeadphoneCheckBeing = TextStim(__class__=<class 'psychopy.visual.text.TextStim'>, alignHoriz=method-wrapper(...), alignText='center', alignVert=method-wrapper(...), anchorHoriz='center', anchorVert='center', antialias=True, autoLog=True, bold=False, color='white', colorSpace='named', contrast=1.0, depth=0.0, flipHoriz=False, flipVert=False, font='Arial', fontFiles=[], height=0.04, italic=False, languageStyle='LTR', name='HeadphoneCheckBeing', opacity=1.0, ori=0, pos=array([0., 0.]), rgb=array([255., 255., 255.]), text=str(...), units='height', win=Window(...), wrapWidth=1)
23.0283 	EXP 	Created HeadphoneContinue = TextStim(__class__=<class 'psychopy.visual.text.TextStim'>, alignHoriz=method-wrapper(...), alignText='center', alignVert=method-wrapper(...), anchorHoriz='center', anchorVert='center', antialias=True, autoLog=True, bold=False, color='white', colorSpace='named', contrast=1.0, depth=-1.0, flipHoriz=False, flipVert=False, font='Arial', fontFiles=[], height=0.04, italic=False, languageStyle='LTR', name='HeadphoneContinue', opacity=1.0, ori=0, pos=array([ 0. , -0.4]), rgb=array([255., 255., 255.]), text='Press SPACE to continue', units='height', win=Window(...), wrapWidth=1)
23.0809 	EXP 	Created text_3 = TextStim(__class__=<class 'psychopy.visual.text.TextStim'>, alignHoriz=method-wrapper(...), alignText='center', alignVert=method-wrapper(...), anchorHoriz='center', anchorVert='center', antialias=True, autoLog=True, bold=False, color='white', colorSpace='named', contrast=1.0, depth=0.0, flipHoriz=False, flipVert=False, font='Arial', fontFiles=[], height=0.04, italic=False, languageStyle='LTR', name='text_3', opacity=1.0, ori=0, pos=array([0., 0.]), rgb=array([255., 255., 255.]), text=str(...), units='height', win=Window(...), wrapWidth=1)
23.0857 	EXP 	Created text_4 = TextStim(__class__=<class 'psychopy.visual.text.TextStim'>, alignHoriz=method-wrapper(...), alignText='center', alignVert=method-wrapper(...), anchorHoriz='center', anchorVert='center', antialias=True, autoLog=True, bold=False, color='white', colorSpace='named', contrast=1.0, depth=-1.0, flipHoriz=False, flipVert=False, font='Arial', fontFiles=[], height=0.04, italic=False, languageStyle='LTR', name='text_4', opacity=1.0, ori=0, pos=array([ 0. , -0.4]), rgb=array([255., 255., 255.]), text='Press SPACE to continue', units='height', win=Window(...), wrapWidth=1)
23.1056 	EXP 	Created text_5 = TextStim(__class__=<class 'psychopy.visual.text.TextStim'>, alignHoriz=method-wrapper(...), alignText='center', alignVert=method-wrapper(...), anchorHoriz='center', anchorVert='center', antialias=True, autoLog=True, bold=False, color='white', colorSpace='named', contrast=1.0, depth=0.0, flipHoriz=False, flipVert=False, font='Arial', fontFiles=[], height=0.04, italic=False, languageStyle='LTR', name='text_5', opacity=1.0, ori=0, pos=array([0., 0.]), rgb=array([255., 255., 255.]), text=str(...), units='height', win=Window(...), wrapWidth=1)
23.1096 	EXP 	Created text_6 = TextStim(__class__=<class 'psychopy.visual.text.TextStim'>, alignHoriz=method-wrapper(...), alignText='center', alignVert=method-wrapper(...), anchorHoriz='center', anchorVert='center', antialias=True, autoLog=True, bold=False, color='white', colorSpace='named', contrast=1.0, depth=-1.0, flipHoriz=False, flipVert=False, font='Arial', fontFiles=[], height=0.04, italic=False, languageStyle='LTR', name='text_6', opacity=1.0, ori=0, pos=array([ 0. , -0.4]), rgb=array([255., 255., 255.]), text='Press SPACE to continue', units='height', win=Window(...), wrapWidth=1)
23.1244 	EXP 	Created InstructionTxt2 = TextStim(__class__=<class 'psychopy.visual.text.TextStim'>, alignHoriz=method-wrapper(...), alignText='center', alignVert=method-wrapper(...), anchorHoriz='center', anchorVert='center', antialias=True, autoLog=True, bold=False, color='white', colorSpace='named', contrast=1.0, depth=0.0, flipHoriz=False, flipVert=False, font='Arial', fontFiles=[], height=0.04, italic=False, languageStyle='LTR', name='InstructionTxt2', opacity=1.0, ori=0, pos=array([0., 0.]), rgb=array([255., 255., 255.]), text=str(...), units='height', win=Window(...), wrapWidth=1)
23.1289 	EXP 	Created WelcomeContinue2 = TextStim(__class__=<class 'psychopy.visual.text.TextStim'>, alignHoriz=method-wrapper(...), alignText='center', alignVert=method-wrapper(...), anchorHoriz='center', anchorVert='center', antialias=True, autoLog=True, bold=False, color='white', colorSpace='named', contrast=1.0, depth=-1.0, flipHoriz=False, flipVert=False, font='Arial', fontFiles=[], height=0.04, italic=False, languageStyle='LTR', name='WelcomeContinue2', opacity=1.0, ori=0, pos=array([ 0. , -0.4]), rgb=array([255., 255., 255.]), text='Press SPACE to begin practice\n', units='height', win=Window(...), wrapWidth=1)
23.1323 	EXP 	Created TrialNumber = TextStim(__class__=<class 'psychopy.visual.text.TextStim'>, alignHoriz=method-wrapper(...), alignText='center', alignVert=method-wrapper(...), anchorHoriz='center', anchorVert='center', antialias=True, autoLog=True, bold=False, color='white', colorSpace='named', contrast=1.0, depth=0.0, flipHoriz=False, flipVert=False, font='Arial', fontFiles=[], height=0.04, italic=False, languageStyle='LTR', name='TrialNumber', opacity=1.0, ori=0, pos=array([0. , 0.3]), rgb=array([255., 255., 255.]), text='default text', units='height', win=Window(...), wrapWidth=1)
23.1324 	EXP 	Sound PracticeSound set volume 1.000
23.1497 	EXP 	Created PracticeCross = TextStim(__class__=<class 'psychopy.visual.text.TextStim'>, alignHoriz=method-wrapper(...), alignText='center', alignVert=method-wrapper(...), anchorHoriz='center', anchorVert='center', antialias=True, autoLog=True, bold=False, color='white', colorSpace='named', contrast=1.0, depth=-2.0, flipHoriz=False, flipVert=False, font='Arial', fontFiles=[], height=0.1, italic=False, languageStyle='LTR', name='PracticeCross', opacity=1.0, ori=0, pos=array([0., 0.]), rgb=array([255., 255., 255.]), text='+', units='height', win=Window(...), wrapWidth=1)
23.1530 	EXP 	Created PracticeMssg = TextStim(__class__=<class 'psychopy.visual.text.TextStim'>, alignHoriz=method-wrapper(...), alignText='center', alignVert=method-wrapper(...), anchorHoriz='center', anchorVert='center', antialias=True, autoLog=True, bold=False, color='white', colorSpace='named', contrast=1.0, depth=-2.0, flipHoriz=False, flipVert=False, font='Arial', fontFiles=[], height=0.04, italic=False, languageStyle='LTR', name='PracticeMssg', opacity=1.0, ori=0, pos=array([0. , 0.2]), rgb=array([255., 255., 255.]), text='default text', units='height', win=Window(...), wrapWidth=1)
23.1548 	EXP 	Created FeedbackCross = TextStim(__class__=<class 'psychopy.visual.text.TextStim'>, alignHoriz=method-wrapper(...), alignText='center', alignVert=method-wrapper(...), anchorHoriz='center', anchorVert='center', antialias=True, autoLog=True, bold=False, color='white', colorSpace='named', contrast=1.0, depth=-3.0, flipHoriz=False, flipVert=False, font='Arial', fontFiles=[], height=0.1, italic=False, languageStyle='LTR', name='FeedbackCross', opacity=1.0, ori=0, pos=array([0., 0.]), rgb=array([255., 255., 255.]), text='+', units='height', win=Window(...), wrapWidth=1)
23.1597 	EXP 	Created Continue = TextStim(__class__=<class 'psychopy.visual.text.TextStim'>, alignHoriz=method-wrapper(...), alignText='center', alignVert=method-wrapper(...), anchorHoriz='center', anchorVert='center', antialias=True, autoLog=True, bold=False, color='white', colorSpace='named', contrast=1.0, depth=-4.0, flipHoriz=False, flipVert=False, font='Arial', fontFiles=[], height=0.04, italic=False, languageStyle='LTR', name='Continue', opacity=1.0, ori=0, pos=array([ 0. , -0.4]), rgb=array([255., 255., 255.]), text='Press the correct number on your keyboard', units='height', win=Window(...), wrapWidth=1)
23.1712 	EXP 	Created Options = TextStim(__class__=<class 'psychopy.visual.text.TextStim'>, alignHoriz=method-wrapper(...), alignText='center', alignVert=method-wrapper(...), anchorHoriz='center', anchorVert='center', antialias=True, autoLog=True, bold=False, color='white', colorSpace='named', contrast=1.0, depth=-5.0, flipHoriz=False, flipVert=False, font='Arial', fontFiles=[], height=0.04, italic=False, languageStyle='LTR', name='Options', opacity=1.0, ori=0, pos=array([ 0. , -0.2]), rgb=array([255., 255., 255.]), text='1 = REPEAT\n2 = SIMILAR\n3 = NEW', units='height', win=Window(...), wrapWidth=1)
23.1749 	EXP 	Created FeedbackMssg = TextStim(__class__=<class 'psychopy.visual.text.TextStim'>, alignHoriz=method-wrapper(...), alignText='center', alignVert=method-wrapper(...), anchorHoriz='center', anchorVert='center', antialias=True, autoLog=True, bold=False, color='white', colorSpace='named', contrast=1.0, depth=0.0, flipHoriz=False, flipVert=False, font='Arial', fontFiles=[], height=0.04, italic=False, languageStyle='LTR', name='FeedbackMssg', opacity=1.0, ori=0, pos=array([0., 0.]), rgb=array([255., 255., 255.]), text='default text', units='height', win=Window(...), wrapWidth=1)
23.1949 	EXP 	Created StartTxt = TextStim(__class__=<class 'psychopy.visual.text.TextStim'>, alignHoriz=method-wrapper(...), alignText='center', alignVert=method-wrapper(...), anchorHoriz='center', anchorVert='center', antialias=True, autoLog=True, bold=False, color='white', colorSpace='named', contrast=1.0, depth=0.0, flipHoriz=False, flipVert=False, font='Arial', fontFiles=[], height=0.04, italic=False, languageStyle='LTR', name='StartTxt', opacity=1.0, ori=0, pos=array([0., 0.]), rgb=array([255., 255., 255.]), text=str(...), units='height', win=Window(...), wrapWidth=1)
23.1996 	EXP 	Created ContinueStart = TextStim(__class__=<class 'psychopy.visual.text.TextStim'>, alignHoriz=method-wrapper(...), alignText='center', alignVert=method-wrapper(...), anchorHoriz='center', anchorVert='center', antialias=True, autoLog=True, bold=False, color='white', colorSpace='named', contrast=1.0, depth=-2.0, flipHoriz=False, flipVert=False, font='Arial', fontFiles=[], height=0.04, italic=False, languageStyle='LTR', name='ContinueStart', opacity=1.0, ori=0, pos=array([ 0. , -0.4]), rgb=array([255., 255., 255.]), text='Press SPACE to begin the task', units='height', win=Window(...), wrapWidth=1)
23.2012 	EXP 	Created no_3 = TextStim(__class__=<class 'psychopy.visual.text.TextStim'>, alignHoriz=method-wrapper(...), alignText='center', alignVert=method-wrapper(...), anchorHoriz='center', anchorVert='center', antialias=True, autoLog=True, bold=False, color='white', colorSpace='named', contrast=1.0, depth=-1.0, flipHoriz=False, flipVert=False, font='Arial', fontFiles=[], height=0.1, italic=False, languageStyle='LTR', name='no_3', opacity=1.0, ori=0, pos=array([0., 0.]), rgb=array([255., 255., 255.]), text='+', units='height', win=Window(...), wrapWidth=1)
23.2013 	EXP 	Sound TargetSound set volume 1.000
23.2028 	EXP 	Created Cross = TextStim(__class__=<class 'psychopy.visual.text.TextStim'>, alignHoriz=method-wrapper(...), alignText='center', alignVert=method-wrapper(...), anchorHoriz='center', anchorVert='center', antialias=True, autoLog=True, bold=False, color='white', colorSpace='named', contrast=1.0, depth=-1.0, flipHoriz=False, flipVert=False, font='Arial', fontFiles=[], height=0.1, italic=False, languageStyle='LTR', name='Cross', opacity=1.0, ori=0, pos=array([0., 0.]), rgb=array([255., 255., 255.]), text='+', units='height', win=Window(...), wrapWidth=1)
23.2062 	EXP 	Created ItemNumber = TextStim(__class__=<class 'psychopy.visual.text.TextStim'>, alignHoriz=method-wrapper(...), alignText='center', alignVert=method-wrapper(...), anchorHoriz='center', anchorVert='center', antialias=True, autoLog=True, bold=False, color='white', colorSpace='named', contrast=1.0, depth=-2.0, flipHoriz=False, flipVert=False, font='Arial', fontFiles=[], height=0.04, italic=False, languageStyle='LTR', name='ItemNumber', opacity=1.0, ori=0, pos=array([0. , 0.3]), rgb=array([255., 255., 255.]), text='default text', units='height', win=Window(...), wrapWidth=1)
23.2166 	EXP 	Created text_2 = TextStim(__class__=<class 'psychopy.visual.text.TextStim'>, alignHoriz=method-wrapper(...), alignText='center', alignVert=method-wrapper(...), anchorHoriz='center', anchorVert='center', antialias=True, autoLog=True, bold=False, color='white', colorSpace='named', contrast=1.0, depth=0.0, flipHoriz=False, flipVert=False, font='Arial', fontFiles=[], height=0.04, italic=False, languageStyle='LTR', name='text_2', opacity=1.0, ori=0, pos=array([0., 0.]), rgb=array([255., 255., 255.]), text=str(...), units='height', win=Window(...), wrapWidth=1)
23.2258 	EXP 	Created ThankyouMssg = TextStim(__class__=<class 'psychopy.visual.text.TextStim'>, alignHoriz=method-wrapper(...), alignText='center', alignVert=method-wrapper(...), anchorHoriz='center', anchorVert='center', antialias=True, autoLog=True, bold=False, color='white', colorSpace='named', contrast=1.0, depth=0.0, flipHoriz=False, flipVert=False, font='Arial', fontFiles=[], height=0.04, italic=False, languageStyle='LTR', name='ThankyouMssg', opacity=1.0, ori=0, pos=array([0. , 0.2]), rgb=array([255., 255., 255.]), text=str(...), units='height', win=Window(...), wrapWidth=1)
23.3068 	EXP 	Created ExitTxt = TextStim(__class__=<class 'psychopy.visual.text.TextStim'>, alignHoriz=method-wrapper(...), alignText='center', alignVert=method-wrapper(...), anchorHoriz='center', anchorVert='center', antialias=True, autoLog=True, bold=False, color='white', colorSpace='named', contrast=1.0, depth=-2.0, flipHoriz=False, flipVert=False, font='Arial', fontFiles=[], height=0.04, italic=False, languageStyle='LTR', name='ExitTxt', opacity=1.0, ori=0, pos=array([ 0. , -0.4]), rgb=array([255., 255., 255.]), text='Press SPACE to exit the study', units='height', win=Window(...), wrapWidth=1)
23.3160 	EXP 	Created CodeTxt = TextStim(__class__=<class 'psychopy.visual.text.TextStim'>, alignHoriz=method-wrapper(...), alignText='center', alignVert=method-wrapper(...), anchorHoriz='center', anchorVert='center', antialias=True, autoLog=True, bold=False, color='white', colorSpace='named', contrast=1.0, depth=-4.0, flipHoriz=False, flipVert=False, font='Arial', fontFiles=[], height=0.04, italic=False, languageStyle='LTR', name='CodeTxt', opacity=1.0, ori=0, pos=array([ 0.  , -0.22]), rgb=array([255., 255., 255.]), text=str(...), units='height', win=Window(...), wrapWidth=1)
23.3708 	EXP 	CompletionCode: autoLog = True
23.3708 	EXP 	InstructionTxt: autoDraw = True
23.3708 	EXP 	WelcomContinue: autoDraw = True
24.4300 	DATA 	Keypress: space
24.4548 	EXP 	InstructionTxt: autoDraw = False
24.4548 	EXP 	WelcomContinue: autoDraw = False
24.4548 	EXP 	VolumeBeginTxt: autoDraw = True
25.1902 	DATA 	Keypress: space
25.1945 	EXP 	VolumeBeginTxt: autoDraw = False
25.1945 	EXP 	text: autoDraw = True
25.1945 	EXP 	AdjustContinue: autoDraw = True
25.5173 	DATA 	Keypress: space
25.5222 	EXP 	text: autoDraw = False
25.5222 	EXP 	AdjustContinue: autoDraw = False
25.5222 	EXP 	HeadphoneCheckBeing: autoDraw = True
25.5222 	EXP 	HeadphoneContinue: autoDraw = True
25.8288 	DATA 	Keypress: space
25.8575 	EXP 	HeadphoneCheckBeing: autoDraw = False
25.8575 	EXP 	HeadphoneContinue: autoDraw = False
25.8575 	EXP 	text_3: autoDraw = True
25.8575 	EXP 	text_4: autoDraw = True
28.0183 	DATA 	Keypress: space
28.0234 	EXP 	text_3: autoDraw = False
28.0234 	EXP 	text_4: autoDraw = False
28.0234 	EXP 	text_5: autoDraw = True
28.0234 	EXP 	text_6: autoDraw = True
28.5459 	DATA 	Keypress: space
28.5738 	EXP 	text_5: autoDraw = False
28.5738 	EXP 	text_6: autoDraw = False
28.5738 	EXP 	InstructionTxt2: autoDraw = True
28.5738 	EXP 	WelcomeContinue2: autoDraw = True
29.2897 	EXP 	Imported GuessSounds_conditions.xlsx as conditions, 5 conditions, 5 params
29.2904 	EXP 	Created sequence: sequential, trialTypes=5, nReps=1, seed=None
29.2907 	EXP 	New trial (rep=0, index=0): OrderedDict([('SoundFile', 'Practice/Seagull_A.wav'), ('SoundCorrect', 2), ('Correct2', 3), ('SoundType', 'NEW'), ('Trial', 'Practice')])
29.3022 	DATA 	Keypress: space
29.3062 	EXP 	InstructionTxt2: autoDraw = False
29.3062 	EXP 	WelcomeContinue2: autoDraw = False
29.3062 	EXP 	TrialNumber: text = 'Trial 1'
29.3062 	EXP 	TrialNumber: autoDraw = True
29.3062 	EXP 	PracticeCross: autoDraw = True
31.5699 	EXP 	TrialNumber: autoDraw = False
31.5699 	EXP 	PracticeCross: autoDraw = False
31.6179 	EXP 	TrialNumber: autoDraw = False
31.6179 	EXP 	PracticeCross: autoDraw = False
31.6179 	EXP 	PracticeMssg: text = 'This is a NEW word. \nThis is your first time hearing this sound.'
31.6179 	EXP 	PracticeMssg: autoDraw = True
31.6179 	EXP 	FeedbackCross: autoDraw = True
31.6179 	EXP 	Continue: autoDraw = True
31.6179 	EXP 	Options: autoDraw = True
33.2122 	DATA 	Keypress: 2
33.2487 	EXP 	PracticeMssg: autoDraw = False
33.2487 	EXP 	FeedbackCross: autoDraw = False
33.2487 	EXP 	Continue: autoDraw = False
33.2487 	EXP 	Options: autoDraw = False
33.2487 	EXP 	FeedbackMssg: text = 'CORRECT'
33.2487 	EXP 	FeedbackMssg: autoDraw = True
34.2387 	EXP 	New trial (rep=0, index=1): OrderedDict([('SoundFile', 'Practice/Skid_B.wav'), ('SoundCorrect', 2), ('Correct2', 3), ('SoundType', 'NEW'), ('Trial', 'Practice')])
34.2720 	EXP 	FeedbackMssg: autoDraw = False
34.2720 	EXP 	TrialNumber: text = 'Trial 2'
34.2720 	EXP 	TrialNumber: autoDraw = True
34.2720 	EXP 	PracticeCross: autoDraw = True
36.3882 	EXP 	TrialNumber: autoDraw = False
36.3882 	EXP 	PracticeCross: autoDraw = False
36.3882 	EXP 	TrialNumber: autoDraw = False
36.3882 	EXP 	PracticeCross: autoDraw = False
36.3882 	EXP 	PracticeMssg: text = 'This is a NEW word. \nThis is your first time hearing this sound.'
36.3882 	EXP 	PracticeMssg: autoDraw = True
36.3882 	EXP 	FeedbackCross: autoDraw = True
36.3882 	EXP 	Continue: autoDraw = True
36.3882 	EXP 	Options: autoDraw = True
38.0508 	DATA 	Keypress: 2
38.0551 	EXP 	PracticeMssg: autoDraw = False
38.0551 	EXP 	FeedbackCross: autoDraw = False
38.0551 	EXP 	Continue: autoDraw = False
38.0551 	EXP 	Options: autoDraw = False
38.0551 	EXP 	FeedbackMssg: text = 'CORRECT'
38.0551 	EXP 	FeedbackMssg: autoDraw = True
39.0553 	EXP 	New trial (rep=0, index=2): OrderedDict([('SoundFile', 'Practice/Seagull_A.wav'), ('SoundCorrect', 1), ('Correct2', 1), ('SoundType', 'OLD'), ('Trial', 'Practice')])
39.0881 	EXP 	FeedbackMssg: autoDraw = False
39.0881 	EXP 	TrialNumber: text = 'Trial 3'
39.0881 	EXP 	TrialNumber: autoDraw = True
39.0881 	EXP 	PracticeCross: autoDraw = True
41.3804 	EXP 	TrialNumber: autoDraw = False
41.3804 	EXP 	PracticeCross: autoDraw = False
41.3804 	EXP 	TrialNumber: autoDraw = False
41.3804 	EXP 	PracticeCross: autoDraw = False
41.3804 	EXP 	PracticeMssg: text = 'This is an OLD word. \nThis sound is exactly the same as the first sound.'
41.3804 	EXP 	PracticeMssg: autoDraw = True
41.3804 	EXP 	FeedbackCross: autoDraw = True
41.3804 	EXP 	Continue: autoDraw = True
41.3804 	EXP 	Options: autoDraw = True
42.4490 	DATA 	Keypress: 1
42.4531 	EXP 	PracticeMssg: autoDraw = False
42.4531 	EXP 	FeedbackCross: autoDraw = False
42.4531 	EXP 	Continue: autoDraw = False
42.4531 	EXP 	Options: autoDraw = False
42.4531 	EXP 	FeedbackMssg: text = 'CORRECT'
42.4531 	EXP 	FeedbackMssg: autoDraw = True
43.4401 	EXP 	New trial (rep=0, index=3): OrderedDict([('SoundFile', 'Practice/Gargle_A.wav'), ('SoundCorrect', 2), ('Correct2', 3), ('SoundType', 'NEW'), ('Trial', 'Practice')])
43.4863 	EXP 	FeedbackMssg: autoDraw = False
43.4863 	EXP 	FeedbackMssg: autoDraw = False
43.4863 	EXP 	TrialNumber: text = 'Trial 4'
43.4863 	EXP 	TrialNumber: autoDraw = True
43.4863 	EXP 	PracticeCross: autoDraw = True
45.7771 	EXP 	TrialNumber: autoDraw = False
45.7771 	EXP 	PracticeCross: autoDraw = False
45.7771 	EXP 	TrialNumber: autoDraw = False
45.7771 	EXP 	PracticeCross: autoDraw = False
45.7771 	EXP 	PracticeMssg: text = 'This is a NEW word. \nThis is your first time hearing this sound.'
45.7771 	EXP 	PracticeMssg: autoDraw = True
45.7771 	EXP 	FeedbackCross: autoDraw = True
45.7771 	EXP 	Continue: autoDraw = True
45.7771 	EXP 	Options: autoDraw = True
46.9174 	DATA 	Keypress: 2
46.9216 	EXP 	PracticeMssg: autoDraw = False
46.9216 	EXP 	FeedbackCross: autoDraw = False
46.9216 	EXP 	Continue: autoDraw = False
46.9216 	EXP 	Options: autoDraw = False
46.9216 	EXP 	FeedbackMssg: text = 'CORRECT'
46.9216 	EXP 	FeedbackMssg: autoDraw = True
47.9217 	EXP 	New trial (rep=0, index=4): OrderedDict([('SoundFile', 'Practice/Gargle_B.wav'), ('SoundCorrect', 2), ('Correct2', 2), ('SoundType', 'SIMILAR'), ('Trial', 'Practice')])
47.9636 	EXP 	FeedbackMssg: autoDraw = False
47.9636 	EXP 	TrialNumber: text = 'Trial 5'
47.9636 	EXP 	TrialNumber: autoDraw = True
47.9636 	EXP 	PracticeCross: autoDraw = True
50.0537 	EXP 	TrialNumber: autoDraw = False
50.0537 	EXP 	PracticeCross: autoDraw = False
50.0537 	EXP 	TrialNumber: autoDraw = False
50.0537 	EXP 	PracticeCross: autoDraw = False
50.0537 	EXP 	PracticeMssg: text = 'This is a NEW word. \nNotice that this one sounds similar to the previous sound but is not exactly the same.'
50.0537 	EXP 	PracticeMssg: autoDraw = True
50.0537 	EXP 	FeedbackCross: autoDraw = True
50.0537 	EXP 	Continue: autoDraw = True
50.0537 	EXP 	Options: autoDraw = True
51.8541 	DATA 	Keypress: 2
51.8764 	EXP 	PracticeMssg: autoDraw = False
51.8764 	EXP 	FeedbackCross: autoDraw = False
51.8764 	EXP 	Continue: autoDraw = False
51.8764 	EXP 	Options: autoDraw = False
51.8764 	EXP 	FeedbackMssg: text = 'CORRECT'
51.8764 	EXP 	FeedbackMssg: autoDraw = True
52.8873 	EXP 	FeedbackMssg: autoDraw = False
52.8873 	EXP 	StartTxt: autoDraw = True
52.8873 	EXP 	ContinueStart: autoDraw = True
54.5844 	EXP 	Imported GuessSounds_conditions.xlsx as conditions, 128 conditions, 5 params
54.5860 	EXP 	Created sequence: sequential, trialTypes=128, nReps=1, seed=None
54.5870 	EXP 	New trial (rep=0, index=0): OrderedDict([('SoundFile', 'SoundMST/ManWhistle.wav'), ('SoundCorrect', 2), ('Correct2', 3), ('SoundType', 'NEW'), ('Trial', 'B')])
54.5925 	DATA 	Keypress: space
54.5981 	EXP 	StartTxt: autoDraw = False
54.5981 	EXP 	ContinueStart: autoDraw = False
54.5981 	EXP 	no_3: autoDraw = True
56.0133 	EXP 	no_3: autoDraw = False
56.0133 	EXP 	ItemNumber: text = '1/128'
56.0133 	EXP 	Cross: autoDraw = True
56.0133 	EXP 	ItemNumber: autoDraw = True
58.2391 	EXP 	Cross: autoDraw = False
58.2391 	EXP 	ItemNumber: autoDraw = False
58.2391 	EXP 	Cross: autoDraw = False
58.2391 	EXP 	ItemNumber: autoDraw = False
58.2391 	EXP 	text_2: autoDraw = True
59.0965 	EXP 	New trial (rep=0, index=1): OrderedDict([('SoundFile', 'SoundMST/Siren_E.wav'), ('SoundCorrect', 2), ('Correct2', 3), ('SoundType', 'NEW'), ('Trial', 'B')])
59.1033 	DATA 	Keypress: 2
59.1076 	EXP 	text_2: autoDraw = False
59.1076 	EXP 	no_3: autoDraw = True
60.6378 	EXP 	no_3: autoDraw = False
60.6378 	EXP 	ItemNumber: text = '2/128'
60.6378 	EXP 	Cross: autoDraw = True
60.6378 	EXP 	ItemNumber: autoDraw = True
62.8529 	EXP 	Cross: autoDraw = False
62.8529 	EXP 	ItemNumber: autoDraw = False
62.8529 	EXP 	Cross: autoDraw = False
62.8529 	EXP 	ItemNumber: autoDraw = False
62.8529 	EXP 	text_2: autoDraw = True
63.5269 	EXP 	New trial (rep=0, index=2): OrderedDict([('SoundFile', 'SoundMST/Footsteps_G.wav'), ('SoundCorrect', 2), ('Correct2', 3), ('SoundType', 'NEW'), ('Trial', 'B')])
63.5316 	DATA 	Keypress: 2
63.5362 	EXP 	text_2: autoDraw = False
63.5362 	EXP 	no_3: autoDraw = True
65.0826 	EXP 	no_3: autoDraw = False
65.0826 	EXP 	no_3: autoDraw = False
65.0826 	EXP 	ItemNumber: text = '3/128'
65.0826 	EXP 	Cross: autoDraw = True
65.0826 	EXP 	ItemNumber: autoDraw = True
67.3034 	EXP 	Cross: autoDraw = False
67.3034 	EXP 	ItemNumber: autoDraw = False
67.3034 	EXP 	Cross: autoDraw = False
67.3034 	EXP 	ItemNumber: autoDraw = False
67.3034 	EXP 	text_2: autoDraw = True
67.6769 	EXP 	New trial (rep=0, index=3): OrderedDict([('SoundFile', 'SoundMST/Chicken_A.wav'), ('SoundCorrect', 2), ('Correct2', 3), ('SoundType', 'NEW'), ('Trial', 'B')])
67.6819 	DATA 	Keypress: 2
67.6863 	EXP 	text_2: autoDraw = False
67.6863 	EXP 	no_3: autoDraw = True
69.2055 	EXP 	no_3: autoDraw = False
69.2055 	EXP 	no_3: autoDraw = False
69.2055 	EXP 	ItemNumber: text = '4/128'
69.2055 	EXP 	Cross: autoDraw = True
69.2055 	EXP 	ItemNumber: autoDraw = True
69.9751 	DATA 	Keypress: escape
70.4273 	EXP 	window1: mouseVisible = True
