1.1873 	WARNING 	We strongly recommend you activate the PTB sound engine in PsychoPy prefs as the preferred audio engine. Its timing is vastly superior. Your prefs are currently set to use ['sounddevice', 'PTB', 'pyo', 'pygame'] (in that order).
5.5686 	WARNING 	User requested fullscreen with size [1024  768], but screen is actually [2256, 1504]. Using actual size
7.5241 	EXP 	Created window1 = Window(allowGUI=False, allowStencil=False, args=UNKNOWN, autoLog=True, bitsMode=UNKNOWN, blendMode='avg', bpc=(8, 8, 8), color=array([0., 0., 0.]), colorSpace='rgb', depthBits=8, fullscr=<method-wrapper '__getattribute__' of attributeSetter object at 0x000002658F6F2C50>, gamma=None, gammaErrorPolicy='raise', kwargs=UNKNOWN, lms=UNKNOWN, monitor=<psychopy.monitors.calibTools.Monitor object at 0x000002658F600390>, multiSample=False, name='window1', numSamples=2, pos=[0.0, 0.0], screen=0, size=array([2256, 1504]), stencilBits=0, stereo=False, units='height', useFBO=True, useRetina=False, viewOri=0.0, viewPos=None, viewScale=None, waitBlanking=True, winType='pyglet')
7.5243 	EXP 	window1: mouseVisible = True
7.5244 	EXP 	window1: recordFrameIntervals = False
7.6901 	EXP 	window1: recordFrameIntervals = True
7.8737 	EXP 	window1: recordFrameIntervals = False
8.2096 	EXP 	Created InstructionTxt = TextStim(__class__=<class 'psychopy.visual.text.TextStim'>, alignHoriz=method-wrapper(...), alignText='center', alignVert=method-wrapper(...), anchorHoriz='center', anchorVert='center', antialias=True, autoLog=True, bold=False, color='white', colorSpace='named', contrast=1.0, depth=0.0, flipHoriz=False, flipVert=False, font='Arial', fontFiles=[], height=0.04, italic=False, languageStyle='LTR', name='InstructionTxt', opacity=1.0, ori=0, pos=array([0., 0.]), rgb=array([255., 255., 255.]), text=str(...), units='height', win=Window(...), wrapWidth=1)
8.2211 	EXP 	Created WelcomContinue = TextStim(__class__=<class 'psychopy.visual.text.TextStim'>, alignHoriz=method-wrapper(...), alignText='center', alignVert=method-wrapper(...), anchorHoriz='center', anchorVert='center', antialias=True, autoLog=True, bold=False, color='white', colorSpace='named', contrast=1.0, depth=-3.0, flipHoriz=False, flipVert=False, font='Arial', fontFiles=[], height=0.04, italic=False, languageStyle='LTR', name='WelcomContinue', opacity=1.0, ori=0, pos=array([ 0. , -0.4]), rgb=array([255., 255., 255.]), text='Press SPACE to continue', units='height', win=Window(...), wrapWidth=1)
8.2398 	EXP 	Created InstructionTxt2 = TextStim(__class__=<class 'psychopy.visual.text.TextStim'>, alignHoriz=method-wrapper(...), alignText='center', alignVert=method-wrapper(...), anchorHoriz='center', anchorVert='center', antialias=True, autoLog=True, bold=False, color='white', colorSpace='named', contrast=1.0, depth=0.0, flipHoriz=False, flipVert=False, font='Arial', fontFiles=[], height=0.04, italic=False, languageStyle='LTR', name='InstructionTxt2', opacity=1.0, ori=0, pos=array([0., 0.]), rgb=array([255., 255., 255.]), text=str(...), units='height', win=Window(...), wrapWidth=1)
8.2441 	EXP 	Created WelcomeContinue2 = TextStim(__class__=<class 'psychopy.visual.text.TextStim'>, alignHoriz=method-wrapper(...), alignText='center', alignVert=method-wrapper(...), anchorHoriz='center', anchorVert='center', antialias=True, autoLog=True, bold=False, color='white', colorSpace='named', contrast=1.0, depth=-1.0, flipHoriz=False, flipVert=False, font='Arial', fontFiles=[], height=0.04, italic=False, languageStyle='LTR', name='WelcomeContinue2', opacity=1.0, ori=0, pos=array([ 0. , -0.4]), rgb=array([255., 255., 255.]), text='Press SPACE to continue', units='height', win=Window(...), wrapWidth=1)
8.2525 	EXP 	Created VolumeBeginTxt = TextStim(__class__=<class 'psychopy.visual.text.TextStim'>, alignHoriz=method-wrapper(...), alignText='center', alignVert=method-wrapper(...), anchorHoriz='center', anchorVert='center', antialias=True, autoLog=True, bold=False, color='white', colorSpace='named', contrast=1.0, depth=0.0, flipHoriz=False, flipVert=False, font='Arial', fontFiles=[], height=0.04, italic=False, languageStyle='LTR', name='VolumeBeginTxt', opacity=1.0, ori=0, pos=array([0., 0.]), rgb=array([255., 255., 255.]), text=str(...), units='height', win=Window(...), wrapWidth=1)
8.2590 	EXP 	Created VolumeContinue = TextStim(__class__=<class 'psychopy.visual.text.TextStim'>, alignHoriz=method-wrapper(...), alignText='center', alignVert=method-wrapper(...), anchorHoriz='center', anchorVert='center', antialias=True, autoLog=True, bold=False, color='white', colorSpace='named', contrast=1.0, depth=-1.0, flipHoriz=False, flipVert=False, font='Arial', fontFiles=[], height=0.04, italic=False, languageStyle='LTR', name='VolumeContinue', opacity=1.0, ori=0, pos=array([ 0. , -0.4]), rgb=array([255., 255., 255.]), text=str(...), units='height', win=Window(...), wrapWidth=1)
8.2669 	EXP 	Created text = TextStim(__class__=<class 'psychopy.visual.text.TextStim'>, alignHoriz=method-wrapper(...), alignText='center', alignVert=method-wrapper(...), anchorHoriz='center', anchorVert='center', antialias=True, autoLog=True, bold=False, color='white', colorSpace='named', contrast=1.0, depth=0.0, flipHoriz=False, flipVert=False, font='Arial', fontFiles=[], height=0.04, italic=False, languageStyle='LTR', name='text', opacity=1.0, ori=0, pos=array([0., 0.]), rgb=array([255., 255., 255.]), text=str(...), units='height', win=Window(...), wrapWidth=1)
8.3863 	EXP 	Sound Music set volume 0.300
8.3929 	EXP 	Created AdjustContinue = TextStim(__class__=<class 'psychopy.visual.text.TextStim'>, alignHoriz=method-wrapper(...), alignText='center', alignVert=method-wrapper(...), anchorHoriz='center', anchorVert='center', antialias=True, autoLog=True, bold=False, color='white', colorSpace='named', contrast=1.0, depth=-3.0, flipHoriz=False, flipVert=False, font='Arial', fontFiles=[], height=0.04, italic=False, languageStyle='LTR', name='AdjustContinue', opacity=1.0, ori=0, pos=array([ 0. , -0.4]), rgb=array([255., 255., 255.]), text=str(...), units='height', win=Window(...), wrapWidth=1)
8.3971 	EXP 	Created StartTxt = TextStim(__class__=<class 'psychopy.visual.text.TextStim'>, alignHoriz=method-wrapper(...), alignText='center', alignVert=method-wrapper(...), anchorHoriz='center', anchorVert='center', antialias=True, autoLog=True, bold=False, color='white', colorSpace='named', contrast=1.0, depth=0.0, flipHoriz=False, flipVert=False, font='Arial', fontFiles=[], height=0.04, italic=False, languageStyle='LTR', name='StartTxt', opacity=1.0, ori=0, pos=array([0., 0.]), rgb=array([255., 255., 255.]), text='We will now begin the task', units='height', win=Window(...), wrapWidth=1)
8.4070 	EXP 	Created no3 = TextStim(__class__=<class 'psychopy.visual.text.TextStim'>, alignHoriz=method-wrapper(...), alignText='center', alignVert=method-wrapper(...), anchorHoriz='center', anchorVert='center', antialias=True, autoLog=True, bold=False, color='white', colorSpace='named', contrast=1.0, depth=0.0, flipHoriz=False, flipVert=False, font='Arial', fontFiles=[], height=0.05, italic=False, languageStyle='LTR', name='no3', opacity=1.0, ori=0, pos=array([0., 0.]), rgb=array([255., 255., 255.]), text='3', units='height', win=Window(...), wrapWidth=1)
8.4111 	EXP 	Created no2 = TextStim(__class__=<class 'psychopy.visual.text.TextStim'>, alignHoriz=method-wrapper(...), alignText='center', alignVert=method-wrapper(...), anchorHoriz='center', anchorVert='center', antialias=True, autoLog=True, bold=False, color='white', colorSpace='named', contrast=1.0, depth=0.0, flipHoriz=False, flipVert=False, font='Arial', fontFiles=[], height=0.05, italic=False, languageStyle='LTR', name='no2', opacity=1.0, ori=0, pos=array([0., 0.]), rgb=array([255., 255., 255.]), text='2', units='height', win=Window(...), wrapWidth=1)
8.4151 	EXP 	Created no1 = TextStim(__class__=<class 'psychopy.visual.text.TextStim'>, alignHoriz=method-wrapper(...), alignText='center', alignVert=method-wrapper(...), anchorHoriz='center', anchorVert='center', antialias=True, autoLog=True, bold=False, color='white', colorSpace='named', contrast=1.0, depth=0.0, flipHoriz=False, flipVert=False, font='Arial', fontFiles=[], height=0.05, italic=False, languageStyle='LTR', name='no1', opacity=1.0, ori=0, pos=array([0., 0.]), rgb=array([255., 255., 255.]), text='1', units='height', win=Window(...), wrapWidth=1)
8.4233 	EXP 	Created Question = TextStim(__class__=<class 'psychopy.visual.text.TextStim'>, alignHoriz=method-wrapper(...), alignText='center', alignVert=method-wrapper(...), anchorHoriz='center', anchorVert='center', antialias=True, autoLog=True, bold=False, color='white', colorSpace='named', contrast=1.0, depth=0.0, flipHoriz=False, flipVert=False, font='Arial', fontFiles=[], height=0.04, italic=False, languageStyle='LTR', name='Question', opacity=1.0, ori=0, pos=array([0., 0.]), rgb=array([255., 255., 255.]), text='What is this sound?\n', units='height', win=Window(...), wrapWidth=1)
8.4770 	EXP 	window1: mouseVisible = True
8.5004 	EXP 	Created ClickTheButton = TextStim(__class__=<class 'psychopy.visual.text.TextStim'>, alignHoriz=method-wrapper(...), alignText='center', alignVert=method-wrapper(...), anchorHoriz='center', anchorVert='center', antialias=True, autoLog=True, bold=False, color='white', colorSpace='named', contrast=1.0, depth=-3.0, flipHoriz=False, flipVert=False, font='Arial', fontFiles=[], height=0.025, italic=False, languageStyle='LTR', name='ClickTheButton', opacity=1.0, ori=0, pos=array([ 0.  , -0.03]), rgb=array([255., 255., 255.]), text="Click 'Submit' to continue.", units='height', win=Window(...), wrapWidth=1)
8.5005 	EXP 	Sound SoundItem set volume 1.000
8.5107 	EXP 	Created ItemNo = TextStim(__class__=<class 'psychopy.visual.text.TextStim'>, alignHoriz=method-wrapper(...), alignText='center', alignVert=method-wrapper(...), anchorHoriz='center', anchorVert='center', antialias=True, autoLog=True, bold=False, color='white', colorSpace='named', contrast=1.0, depth=-5.0, flipHoriz=False, flipVert=False, font='Arial', fontFiles=[], height=0.04, italic=False, languageStyle='LTR', name='ItemNo', opacity=1.0, ori=0, pos=array([0.  , 0.45]), rgb=array([255., 255., 255.]), text='default text', units='height', win=Window(...), wrapWidth=1)
8.5653 	EXP 	Created ThankyouMssg = TextStim(__class__=<class 'psychopy.visual.text.TextStim'>, alignHoriz=method-wrapper(...), alignText='center', alignVert=method-wrapper(...), anchorHoriz='center', anchorVert='center', antialias=True, autoLog=True, bold=False, color='white', colorSpace='named', contrast=1.0, depth=0.0, flipHoriz=False, flipVert=False, font='Arial', fontFiles=[], height=0.04, italic=False, languageStyle='LTR', name='ThankyouMssg', opacity=1.0, ori=0, pos=array([0. , 0.2]), rgb=array([255., 255., 255.]), text=str(...), units='height', win=Window(...), wrapWidth=1)
8.6233 	EXP 	Created ExitTxt = TextStim(__class__=<class 'psychopy.visual.text.TextStim'>, alignHoriz=method-wrapper(...), alignText='center', alignVert=method-wrapper(...), anchorHoriz='center', anchorVert='center', antialias=True, autoLog=True, bold=False, color='white', colorSpace='named', contrast=1.0, depth=-2.0, flipHoriz=False, flipVert=False, font='Arial', fontFiles=[], height=0.04, italic=False, languageStyle='LTR', name='ExitTxt', opacity=1.0, ori=0, pos=array([ 0. , -0.4]), rgb=array([255., 255., 255.]), text='Press SPACE to exit the study', units='height', win=Window(...), wrapWidth=1)
8.6356 	EXP 	Created CodeTxt = TextStim(__class__=<class 'psychopy.visual.text.TextStim'>, alignHoriz=method-wrapper(...), alignText='center', alignVert=method-wrapper(...), anchorHoriz='center', anchorVert='center', antialias=True, autoLog=True, bold=False, color='white', colorSpace='named', contrast=1.0, depth=-4.0, flipHoriz=False, flipVert=False, font='Arial', fontFiles=[], height=0.04, italic=False, languageStyle='LTR', name='CodeTxt', opacity=1.0, ori=0, pos=array([ 0.  , -0.22]), rgb=array([255., 255., 255.]), text=str(...), units='height', win=Window(...), wrapWidth=1)
8.6697 	EXP 	ResponseBox: autoLog = True
8.6697 	EXP 	Submit: autoLog = True
8.6697 	EXP 	CompletionCode: autoLog = True
8.6697 	EXP 	InstructionTxt: autoDraw = True
8.6697 	EXP 	WelcomContinue: autoDraw = True
9.6160 	DATA 	Keypress: space
9.6241 	EXP 	InstructionTxt: autoDraw = False
9.6241 	EXP 	WelcomContinue: autoDraw = False
9.6241 	EXP 	InstructionTxt2: autoDraw = True
9.6241 	EXP 	WelcomeContinue2: autoDraw = True
9.6241 	EXP 	ResponseBox: text = 'default text '
10.2497 	DATA 	Keypress: space
10.2572 	EXP 	InstructionTxt2: autoDraw = False
10.2572 	EXP 	WelcomeContinue2: autoDraw = False
10.2572 	EXP 	VolumeBeginTxt: autoDraw = True
10.2572 	EXP 	VolumeContinue: autoDraw = True
10.2572 	EXP 	ResponseBox: text = 'default text  '
11.2286 	DATA 	Keypress: space
11.2343 	EXP 	VolumeBeginTxt: autoDraw = False
11.2343 	EXP 	VolumeContinue: autoDraw = False
11.2343 	EXP 	text: autoDraw = True
11.2343 	EXP 	AdjustContinue: autoDraw = True
11.2343 	EXP 	ResponseBox: text = 'default text   '
11.9644 	DATA 	Keypress: space
11.9734 	EXP 	text: autoDraw = False
11.9734 	EXP 	AdjustContinue: autoDraw = False
11.9734 	EXP 	StartTxt: autoDraw = True
11.9734 	EXP 	ResponseBox: text = 'default text    '
13.9989 	EXP 	Imported GuessSounds_conditions.xlsx as conditions, 78 conditions, 1 params
13.9993 	EXP 	Created sequence: random, trialTypes=78, nReps=1, seed=None
13.9996 	EXP 	New trial (rep=0, index=0): OrderedDict([('SoundFiles', 'Initial/Repeat/Trumpet_B.wav')])
14.0065 	EXP 	StartTxt: autoDraw = False
14.0065 	EXP 	StartTxt: autoDraw = False
14.0065 	EXP 	no3: autoDraw = True
14.9900 	EXP 	no3: autoDraw = False
14.9900 	EXP 	no2: autoDraw = True
15.9899 	EXP 	no2: autoDraw = False
15.9899 	EXP 	no1: autoDraw = True
17.0285 	EXP 	no1: autoDraw = False
17.0285 	EXP 	ResponseBox: text = '\n\n'
17.0285 	EXP 	ItemNo: text = '1/60'
17.0285 	EXP 	Question: autoDraw = True
17.0285 	EXP 	ResponseBox: autoDraw = True
17.0285 	EXP 	ClickTheButton: autoDraw = True
17.0285 	EXP 	ItemNo: autoDraw = True
17.0285 	EXP 	Submit: autoDraw = True
18.6436 	DATA 	Mouse: Left button down, pos=(1097,185)
18.6493 	EXP 	New trial (rep=0, index=1): OrderedDict([('SoundFiles', 'Piano_B.wav')])
18.6566 	EXP 	Question: autoDraw = False
18.6566 	EXP 	ResponseBox: autoDraw = False
18.6566 	EXP 	ClickTheButton: autoDraw = False
18.6566 	EXP 	ItemNo: autoDraw = False
18.6566 	EXP 	Submit: autoDraw = False
18.6566 	EXP 	ResponseBox: text = 'default text'
18.6566 	EXP 	no3: autoDraw = True
18.8757 	DATA 	Mouse:  Left button up, pos=(1097,185)
19.6569 	EXP 	no3: autoDraw = False
19.6569 	EXP 	no3: autoDraw = False
19.6569 	EXP 	no2: autoDraw = True
20.6562 	EXP 	no2: autoDraw = False
20.6562 	EXP 	no2: autoDraw = False
20.6562 	EXP 	no1: autoDraw = True
21.6579 	EXP 	no1: autoDraw = False
21.6579 	EXP 	no1: autoDraw = False
21.6579 	EXP 	ResponseBox: text = '\n\n'
21.6579 	EXP 	ItemNo: text = '2/60'
21.6579 	EXP 	Question: autoDraw = True
21.6579 	EXP 	ResponseBox: autoDraw = True
21.6579 	EXP 	ClickTheButton: autoDraw = True
21.6579 	EXP 	ItemNo: autoDraw = True
21.6579 	EXP 	Submit: autoDraw = True
22.6753 	DATA 	Mouse: Left button down, pos=(1097,185)
22.6797 	EXP 	New trial (rep=0, index=2): OrderedDict([('SoundFiles', 'Initial/NoRepeat/Footsteps_B.wav')])
22.6901 	EXP 	Question: autoDraw = False
22.6901 	EXP 	ResponseBox: autoDraw = False
22.6901 	EXP 	ClickTheButton: autoDraw = False
22.6901 	EXP 	ItemNo: autoDraw = False
22.6901 	EXP 	Submit: autoDraw = False
22.6901 	EXP 	ResponseBox: text = 'default text'
22.6901 	EXP 	no3: autoDraw = True
22.8922 	DATA 	Mouse:  Left button up, pos=(1097,185)
23.6896 	EXP 	no3: autoDraw = False
23.6896 	EXP 	no3: autoDraw = False
23.6896 	EXP 	no2: autoDraw = True
24.6897 	EXP 	no2: autoDraw = False
24.6897 	EXP 	no2: autoDraw = False
24.6897 	EXP 	no1: autoDraw = True
25.7137 	EXP 	no1: autoDraw = False
25.7137 	EXP 	no1: autoDraw = False
25.7137 	EXP 	ResponseBox: text = '\n\n'
25.7137 	EXP 	ItemNo: text = '3/60'
25.7137 	EXP 	Question: autoDraw = True
25.7137 	EXP 	ResponseBox: autoDraw = True
25.7137 	EXP 	ClickTheButton: autoDraw = True
25.7137 	EXP 	ItemNo: autoDraw = True
25.7137 	EXP 	Submit: autoDraw = True
28.1605 	DATA 	Mouse: Left button down, pos=(1097,185)
28.1651 	EXP 	New trial (rep=0, index=3): OrderedDict([('SoundFiles', 'Initial/Repeat/Pour.wav')])
28.1731 	EXP 	Question: autoDraw = False
28.1731 	EXP 	ResponseBox: autoDraw = False
28.1731 	EXP 	ClickTheButton: autoDraw = False
28.1731 	EXP 	ItemNo: autoDraw = False
28.1731 	EXP 	Submit: autoDraw = False
28.1731 	EXP 	ResponseBox: text = 'default text'
28.1731 	EXP 	no3: autoDraw = True
28.3758 	DATA 	Mouse:  Left button up, pos=(1097,185)
29.1732 	EXP 	no3: autoDraw = False
29.1732 	EXP 	no3: autoDraw = False
29.1732 	EXP 	no2: autoDraw = True
30.1731 	EXP 	no2: autoDraw = False
30.1731 	EXP 	no2: autoDraw = False
30.1731 	EXP 	no1: autoDraw = True
31.1873 	EXP 	no1: autoDraw = False
31.1873 	EXP 	no1: autoDraw = False
31.1873 	EXP 	ResponseBox: text = '\n\n'
31.1873 	EXP 	ItemNo: text = '4/60'
31.1873 	EXP 	Question: autoDraw = True
31.1873 	EXP 	ResponseBox: autoDraw = True
31.1873 	EXP 	ClickTheButton: autoDraw = True
31.1873 	EXP 	ItemNo: autoDraw = True
31.1873 	EXP 	Submit: autoDraw = True
33.6103 	DATA 	Mouse: Left button down, pos=(1097,185)
33.6142 	EXP 	New trial (rep=0, index=4): OrderedDict([('SoundFiles', 'Test/Foils/Bullfrog.wav')])
33.6233 	EXP 	Question: autoDraw = False
33.6233 	EXP 	ResponseBox: autoDraw = False
33.6233 	EXP 	ClickTheButton: autoDraw = False
33.6233 	EXP 	ItemNo: autoDraw = False
33.6233 	EXP 	Submit: autoDraw = False
33.6233 	EXP 	ResponseBox: text = 'default text'
33.6233 	EXP 	no3: autoDraw = True
33.8252 	DATA 	Mouse:  Left button up, pos=(1097,185)
34.6230 	EXP 	no3: autoDraw = False
34.6230 	EXP 	no3: autoDraw = False
34.6230 	EXP 	no2: autoDraw = True
35.6230 	EXP 	no2: autoDraw = False
35.6230 	EXP 	no2: autoDraw = False
35.6230 	EXP 	no1: autoDraw = True
36.6467 	EXP 	no1: autoDraw = False
36.6467 	EXP 	no1: autoDraw = False
36.6467 	EXP 	ResponseBox: text = '\n\n'
36.6467 	EXP 	ItemNo: text = '5/60'
36.6467 	EXP 	Question: autoDraw = True
36.6467 	EXP 	ResponseBox: autoDraw = True
36.6467 	EXP 	ClickTheButton: autoDraw = True
36.6467 	EXP 	ItemNo: autoDraw = True
36.6467 	EXP 	Submit: autoDraw = True
39.2089 	DATA 	Mouse: Left button down, pos=(1097,185)
39.2209 	EXP 	New trial (rep=0, index=5): OrderedDict([('SoundFiles', 'Test/Foils/Typing.wav')])
39.2294 	EXP 	Question: autoDraw = False
39.2294 	EXP 	ResponseBox: autoDraw = False
39.2294 	EXP 	ClickTheButton: autoDraw = False
39.2294 	EXP 	ItemNo: autoDraw = False
39.2294 	EXP 	Submit: autoDraw = False
39.2294 	EXP 	ResponseBox: text = 'default text'
39.2294 	EXP 	no3: autoDraw = True
39.4316 	DATA 	Mouse:  Left button up, pos=(1097,185)
40.2393 	EXP 	no3: autoDraw = False
40.2393 	EXP 	no2: autoDraw = True
41.2399 	EXP 	no2: autoDraw = False
41.2399 	EXP 	no1: autoDraw = True
42.2780 	EXP 	no1: autoDraw = False
42.2780 	EXP 	ResponseBox: text = '\n\n'
42.2780 	EXP 	ItemNo: text = '6/60'
42.2780 	EXP 	Question: autoDraw = True
42.2780 	EXP 	ResponseBox: autoDraw = True
42.2780 	EXP 	ClickTheButton: autoDraw = True
42.2780 	EXP 	ItemNo: autoDraw = True
42.2780 	EXP 	Submit: autoDraw = True
43.6054 	DATA 	Mouse: Left button down, pos=(1097,185)
43.6278 	EXP 	New trial (rep=0, index=6): OrderedDict([('SoundFiles', 'Initial/Doubled/Gargle_A.wav')])
43.6373 	EXP 	Question: autoDraw = False
43.6373 	EXP 	ResponseBox: autoDraw = False
43.6373 	EXP 	ClickTheButton: autoDraw = False
43.6373 	EXP 	ItemNo: autoDraw = False
43.6373 	EXP 	Submit: autoDraw = False
43.6373 	EXP 	ResponseBox: text = 'default text'
43.6373 	EXP 	no3: autoDraw = True
43.8456 	DATA 	Mouse:  Left button up, pos=(1097,185)
44.6399 	EXP 	no3: autoDraw = False
44.6399 	EXP 	no3: autoDraw = False
44.6399 	EXP 	no2: autoDraw = True
45.6400 	EXP 	no2: autoDraw = False
45.6400 	EXP 	no2: autoDraw = False
45.6400 	EXP 	no1: autoDraw = True
46.6801 	EXP 	no1: autoDraw = False
46.6801 	EXP 	no1: autoDraw = False
46.6801 	EXP 	ResponseBox: text = '\n\n'
46.6801 	EXP 	ItemNo: text = '7/60'
46.6801 	EXP 	Question: autoDraw = True
46.6801 	EXP 	ResponseBox: autoDraw = True
46.6801 	EXP 	ClickTheButton: autoDraw = True
46.6801 	EXP 	ItemNo: autoDraw = True
46.6801 	EXP 	Submit: autoDraw = True
47.6109 	DATA 	Mouse: Left button down, pos=(1097,185)
47.6227 	EXP 	New trial (rep=0, index=7): OrderedDict([('SoundFiles', 'Test/Foils/DialTone.wav')])
47.6335 	EXP 	Question: autoDraw = False
47.6335 	EXP 	ResponseBox: autoDraw = False
47.6335 	EXP 	ClickTheButton: autoDraw = False
47.6335 	EXP 	ItemNo: autoDraw = False
47.6335 	EXP 	Submit: autoDraw = False
47.6335 	EXP 	ResponseBox: text = 'default text'
47.6335 	EXP 	no3: autoDraw = True
47.8278 	DATA 	Mouse:  Left button up, pos=(1097,185)
48.6400 	EXP 	no3: autoDraw = False
48.6400 	EXP 	no2: autoDraw = True
49.6398 	EXP 	no2: autoDraw = False
49.6398 	EXP 	no1: autoDraw = True
50.6688 	EXP 	no1: autoDraw = False
50.6688 	EXP 	ResponseBox: text = '\n\n'
50.6688 	EXP 	ItemNo: text = '8/60'
50.6688 	EXP 	Question: autoDraw = True
50.6688 	EXP 	ResponseBox: autoDraw = True
50.6688 	EXP 	ClickTheButton: autoDraw = True
50.6688 	EXP 	ItemNo: autoDraw = True
50.6688 	EXP 	Submit: autoDraw = True
51.7926 	DATA 	Mouse: Left button down, pos=(1097,185)
51.8139 	EXP 	New trial (rep=0, index=8): OrderedDict([('SoundFiles', 'Initial/NoRepeat/Mosquito_B.wav')])
51.8228 	EXP 	Question: autoDraw = False
51.8228 	EXP 	ResponseBox: autoDraw = False
51.8228 	EXP 	ClickTheButton: autoDraw = False
51.8228 	EXP 	ItemNo: autoDraw = False
51.8228 	EXP 	Submit: autoDraw = False
51.8228 	EXP 	ResponseBox: text = 'default text'
51.8228 	EXP 	no3: autoDraw = True
52.0121 	DATA 	Mouse:  Left button up, pos=(1097,185)
52.8231 	EXP 	no3: autoDraw = False
52.8231 	EXP 	no3: autoDraw = False
52.8231 	EXP 	no2: autoDraw = True
53.8232 	EXP 	no2: autoDraw = False
53.8232 	EXP 	no2: autoDraw = False
53.8232 	EXP 	no1: autoDraw = True
54.8503 	EXP 	no1: autoDraw = False
54.8503 	EXP 	no1: autoDraw = False
54.8503 	EXP 	ResponseBox: text = '\n\n'
54.8503 	EXP 	ItemNo: text = '9/60'
54.8503 	EXP 	Question: autoDraw = True
54.8503 	EXP 	ResponseBox: autoDraw = True
54.8503 	EXP 	ClickTheButton: autoDraw = True
54.8503 	EXP 	ItemNo: autoDraw = True
54.8503 	EXP 	Submit: autoDraw = True
55.9589 	DATA 	Mouse: Left button down, pos=(1097,185)
55.9752 	EXP 	New trial (rep=0, index=9): OrderedDict([('SoundFiles', 'Pour_C.wav')])
55.9847 	EXP 	Question: autoDraw = False
55.9847 	EXP 	ResponseBox: autoDraw = False
55.9847 	EXP 	ClickTheButton: autoDraw = False
55.9847 	EXP 	ItemNo: autoDraw = False
55.9847 	EXP 	Submit: autoDraw = False
55.9847 	EXP 	ResponseBox: text = 'default text'
55.9847 	EXP 	no3: autoDraw = True
56.1777 	DATA 	Mouse:  Left button up, pos=(1097,185)
56.9899 	EXP 	no3: autoDraw = False
56.9899 	EXP 	no3: autoDraw = False
56.9899 	EXP 	no2: autoDraw = True
58.0051 	EXP 	no2: autoDraw = False
58.0051 	EXP 	no1: autoDraw = True
59.0245 	EXP 	no1: autoDraw = False
59.0245 	EXP 	ResponseBox: text = '\n\n'
59.0245 	EXP 	ItemNo: text = '10/60'
59.0245 	EXP 	Question: autoDraw = True
59.0245 	EXP 	ResponseBox: autoDraw = True
59.0245 	EXP 	ClickTheButton: autoDraw = True
59.0245 	EXP 	ItemNo: autoDraw = True
59.0245 	EXP 	Submit: autoDraw = True
61.8413 	DATA 	Mouse: Left button down, pos=(1097,185)
61.8529 	EXP 	New trial (rep=0, index=10): OrderedDict([('SoundFiles', 'Dog_B.wav')])
61.8603 	EXP 	Question: autoDraw = False
61.8603 	EXP 	ResponseBox: autoDraw = False
61.8603 	EXP 	ClickTheButton: autoDraw = False
61.8603 	EXP 	ItemNo: autoDraw = False
61.8603 	EXP 	Submit: autoDraw = False
61.8603 	EXP 	ResponseBox: text = 'default text'
61.8603 	EXP 	no3: autoDraw = True
62.0772 	DATA 	Mouse:  Left button up, pos=(1097,185)
62.8725 	EXP 	no3: autoDraw = False
62.8725 	EXP 	no2: autoDraw = True
63.8729 	EXP 	no2: autoDraw = False
63.8729 	EXP 	no1: autoDraw = True
64.8921 	EXP 	no1: autoDraw = False
64.8921 	EXP 	ResponseBox: text = '\n\n'
64.8921 	EXP 	ItemNo: text = '11/60'
64.8921 	EXP 	Question: autoDraw = True
64.8921 	EXP 	ResponseBox: autoDraw = True
64.8921 	EXP 	ClickTheButton: autoDraw = True
64.8921 	EXP 	ItemNo: autoDraw = True
64.8921 	EXP 	Submit: autoDraw = True
67.0052 	DATA 	Mouse: Left button down, pos=(1097,185)
67.0260 	EXP 	New trial (rep=0, index=11): OrderedDict([('SoundFiles', 'Initial/Doubled/Cuckoo_A.wav')])
67.0355 	EXP 	Question: autoDraw = False
67.0355 	EXP 	ResponseBox: autoDraw = False
67.0355 	EXP 	ClickTheButton: autoDraw = False
67.0355 	EXP 	ItemNo: autoDraw = False
67.0355 	EXP 	Submit: autoDraw = False
67.0355 	EXP 	ResponseBox: text = 'default text'
67.0355 	EXP 	no3: autoDraw = True
67.2324 	DATA 	Mouse:  Left button up, pos=(1097,185)
68.0396 	EXP 	no3: autoDraw = False
68.0396 	EXP 	no3: autoDraw = False
68.0396 	EXP 	no2: autoDraw = True
69.0398 	EXP 	no2: autoDraw = False
69.0398 	EXP 	no2: autoDraw = False
69.0398 	EXP 	no1: autoDraw = True
70.0758 	EXP 	no1: autoDraw = False
70.0758 	EXP 	no1: autoDraw = False
70.0758 	EXP 	ResponseBox: text = '\n\n'
70.0758 	EXP 	ItemNo: text = '12/60'
70.0758 	EXP 	Question: autoDraw = True
70.0758 	EXP 	ResponseBox: autoDraw = True
70.0758 	EXP 	ClickTheButton: autoDraw = True
70.0758 	EXP 	ItemNo: autoDraw = True
70.0758 	EXP 	Submit: autoDraw = True
72.2777 	DATA 	Mouse: Left button down, pos=(1097,185)
72.3000 	EXP 	New trial (rep=0, index=12): OrderedDict([('SoundFiles', 'Test/Foils/Buzz.wav')])
72.3098 	EXP 	Question: autoDraw = False
72.3098 	EXP 	ResponseBox: autoDraw = False
72.3098 	EXP 	ClickTheButton: autoDraw = False
72.3098 	EXP 	ItemNo: autoDraw = False
72.3098 	EXP 	Submit: autoDraw = False
72.3098 	EXP 	ResponseBox: text = 'default text'
72.3098 	EXP 	no3: autoDraw = True
72.5117 	DATA 	Mouse:  Left button up, pos=(1097,185)
73.3229 	EXP 	no3: autoDraw = False
73.3229 	EXP 	no2: autoDraw = True
74.3229 	EXP 	no2: autoDraw = False
74.3229 	EXP 	no1: autoDraw = True
75.3538 	EXP 	no1: autoDraw = False
75.3538 	EXP 	ResponseBox: text = '\n\n'
75.3538 	EXP 	ItemNo: text = '13/60'
75.3538 	EXP 	Question: autoDraw = True
75.3538 	EXP 	ResponseBox: autoDraw = True
75.3538 	EXP 	ClickTheButton: autoDraw = True
75.3538 	EXP 	ItemNo: autoDraw = True
75.3538 	EXP 	Submit: autoDraw = True
77.6061 	DATA 	Mouse: Left button down, pos=(1097,185)
77.6275 	EXP 	New trial (rep=0, index=13): OrderedDict([('SoundFiles', 'Test/Foils/Wind_B.wav')])
77.6372 	EXP 	Question: autoDraw = False
77.6372 	EXP 	ResponseBox: autoDraw = False
77.6372 	EXP 	ClickTheButton: autoDraw = False
77.6372 	EXP 	ItemNo: autoDraw = False
77.6372 	EXP 	Submit: autoDraw = False
77.6372 	EXP 	ResponseBox: text = 'default text'
77.6372 	EXP 	no3: autoDraw = True
77.8280 	DATA 	Mouse:  Left button up, pos=(1097,185)
78.6397 	EXP 	no3: autoDraw = False
78.6397 	EXP 	no3: autoDraw = False
78.6397 	EXP 	no2: autoDraw = True
79.6395 	EXP 	no2: autoDraw = False
79.6395 	EXP 	no2: autoDraw = False
79.6395 	EXP 	no1: autoDraw = True
80.7008 	EXP 	no1: autoDraw = False
80.7008 	EXP 	no1: autoDraw = False
80.7008 	EXP 	ResponseBox: text = '\n\n'
80.7008 	EXP 	ItemNo: text = '14/60'
80.7008 	EXP 	Question: autoDraw = True
80.7008 	EXP 	ResponseBox: autoDraw = True
80.7008 	EXP 	ClickTheButton: autoDraw = True
80.7008 	EXP 	ItemNo: autoDraw = True
80.7008 	EXP 	Submit: autoDraw = True
83.1363 	DATA 	Mouse: Left button down, pos=(1097,185)
83.1492 	EXP 	New trial (rep=0, index=14): OrderedDict([('SoundFiles', 'Initial/Doubled/Cat_A.wav')])
83.1577 	EXP 	Question: autoDraw = False
83.1577 	EXP 	ResponseBox: autoDraw = False
83.1577 	EXP 	ClickTheButton: autoDraw = False
83.1577 	EXP 	ItemNo: autoDraw = False
83.1577 	EXP 	Submit: autoDraw = False
83.1577 	EXP 	ResponseBox: text = 'default text'
83.1577 	EXP 	no3: autoDraw = True
83.3614 	DATA 	Mouse:  Left button up, pos=(1097,185)
84.1731 	EXP 	no3: autoDraw = False
84.1731 	EXP 	no2: autoDraw = True
85.1729 	EXP 	no2: autoDraw = False
85.1729 	EXP 	no1: autoDraw = True
86.1996 	EXP 	no1: autoDraw = False
86.1996 	EXP 	ResponseBox: text = '\n\n'
86.1996 	EXP 	ItemNo: text = '15/60'
86.1996 	EXP 	Question: autoDraw = True
86.1996 	EXP 	ResponseBox: autoDraw = True
86.1996 	EXP 	ClickTheButton: autoDraw = True
86.1996 	EXP 	ItemNo: autoDraw = True
86.1996 	EXP 	Submit: autoDraw = True
87.5554 	DATA 	Mouse: Left button down, pos=(1097,185)
87.5683 	EXP 	New trial (rep=0, index=15): OrderedDict([('SoundFiles', 'Cough_C.wav')])
87.5775 	EXP 	Question: autoDraw = False
87.5775 	EXP 	ResponseBox: autoDraw = False
87.5775 	EXP 	ClickTheButton: autoDraw = False
87.5775 	EXP 	ItemNo: autoDraw = False
87.5775 	EXP 	Submit: autoDraw = False
87.5775 	EXP 	ResponseBox: text = 'default text'
87.5775 	EXP 	no3: autoDraw = True
87.7939 	DATA 	Mouse:  Left button up, pos=(1097,185)
88.5895 	EXP 	no3: autoDraw = False
88.5895 	EXP 	no2: autoDraw = True
89.5894 	EXP 	no2: autoDraw = False
89.5894 	EXP 	no1: autoDraw = True
90.6051 	EXP 	no1: autoDraw = False
90.6051 	EXP 	ResponseBox: text = '\n\n'
90.6051 	EXP 	ItemNo: text = '16/60'
90.6051 	EXP 	Question: autoDraw = True
90.6051 	EXP 	ResponseBox: autoDraw = True
90.6051 	EXP 	ClickTheButton: autoDraw = True
90.6051 	EXP 	ItemNo: autoDraw = True
90.6051 	EXP 	Submit: autoDraw = True
92.2612 	DATA 	Mouse: Left button down, pos=(1130,197)
92.2786 	EXP 	New trial (rep=0, index=16): OrderedDict([('SoundFiles', 'Test/Foils/Slurp.wav')])
92.2875 	EXP 	Question: autoDraw = False
92.2875 	EXP 	ResponseBox: autoDraw = False
92.2875 	EXP 	ClickTheButton: autoDraw = False
92.2875 	EXP 	ItemNo: autoDraw = False
92.2875 	EXP 	Submit: autoDraw = False
92.2875 	EXP 	ResponseBox: text = 'default text'
92.2875 	EXP 	no3: autoDraw = True
92.4781 	DATA 	Mouse:  Left button up, pos=(1130,197)
93.2895 	EXP 	no3: autoDraw = False
93.2895 	EXP 	no3: autoDraw = False
93.2895 	EXP 	no2: autoDraw = True
94.2895 	EXP 	no2: autoDraw = False
94.2895 	EXP 	no2: autoDraw = False
94.2895 	EXP 	no1: autoDraw = True
95.3146 	EXP 	no1: autoDraw = False
95.3146 	EXP 	no1: autoDraw = False
95.3146 	EXP 	ResponseBox: text = '\n\n'
95.3146 	EXP 	ItemNo: text = '17/60'
95.3146 	EXP 	Question: autoDraw = True
95.3146 	EXP 	ResponseBox: autoDraw = True
95.3146 	EXP 	ClickTheButton: autoDraw = True
95.3146 	EXP 	ItemNo: autoDraw = True
95.3146 	EXP 	Submit: autoDraw = True
96.9469 	DATA 	Mouse: Left button down, pos=(1130,197)
96.9587 	EXP 	New trial (rep=0, index=17): OrderedDict([('SoundFiles', 'Initial/Doubled/Chicken_A.wav')])
96.9675 	EXP 	Question: autoDraw = False
96.9675 	EXP 	ResponseBox: autoDraw = False
96.9675 	EXP 	ClickTheButton: autoDraw = False
96.9675 	EXP 	ItemNo: autoDraw = False
96.9675 	EXP 	Submit: autoDraw = False
96.9675 	EXP 	ResponseBox: text = 'default text'
96.9675 	EXP 	no3: autoDraw = True
97.1781 	DATA 	Mouse:  Left button up, pos=(1130,197)
97.9727 	EXP 	no3: autoDraw = False
97.9727 	EXP 	no3: autoDraw = False
97.9727 	EXP 	no2: autoDraw = True
98.9727 	EXP 	no2: autoDraw = False
98.9727 	EXP 	no2: autoDraw = False
98.9727 	EXP 	no1: autoDraw = True
99.9901 	EXP 	no1: autoDraw = False
99.9901 	EXP 	no1: autoDraw = False
99.9901 	EXP 	ResponseBox: text = '\n\n'
99.9901 	EXP 	ItemNo: text = '18/60'
99.9901 	EXP 	Question: autoDraw = True
99.9901 	EXP 	ResponseBox: autoDraw = True
99.9901 	EXP 	ClickTheButton: autoDraw = True
99.9901 	EXP 	ItemNo: autoDraw = True
99.9901 	EXP 	Submit: autoDraw = True
101.2103 	DATA 	Mouse: Left button down, pos=(1130,197)
101.2369 	EXP 	New trial (rep=0, index=18): OrderedDict([('SoundFiles', 'Initial/Repeat/ManWhistle.wav')])
101.2483 	EXP 	Question: autoDraw = False
101.2483 	EXP 	ResponseBox: autoDraw = False
101.2483 	EXP 	ClickTheButton: autoDraw = False
101.2483 	EXP 	ItemNo: autoDraw = False
101.2483 	EXP 	Submit: autoDraw = False
101.2483 	EXP 	ResponseBox: text = 'default text'
101.2483 	EXP 	no3: autoDraw = True
101.4293 	DATA 	Mouse:  Left button up, pos=(1130,197)
102.2561 	EXP 	no3: autoDraw = False
102.2561 	EXP 	no2: autoDraw = True
103.2559 	EXP 	no2: autoDraw = False
103.2559 	EXP 	no1: autoDraw = True
104.2758 	EXP 	no1: autoDraw = False
104.2758 	EXP 	ResponseBox: text = '\n\n'
104.2758 	EXP 	ItemNo: text = '19/60'
104.2758 	EXP 	Question: autoDraw = True
104.2758 	EXP 	ResponseBox: autoDraw = True
104.2758 	EXP 	ClickTheButton: autoDraw = True
104.2758 	EXP 	ItemNo: autoDraw = True
104.2758 	EXP 	Submit: autoDraw = True
105.4594 	DATA 	Mouse: Left button down, pos=(1130,197)
105.4828 	EXP 	New trial (rep=0, index=19): OrderedDict([('SoundFiles', 'Initial/Doubled/Growl_A.wav')])
105.4927 	EXP 	Question: autoDraw = False
105.4927 	EXP 	ResponseBox: autoDraw = False
105.4927 	EXP 	ClickTheButton: autoDraw = False
105.4927 	EXP 	ItemNo: autoDraw = False
105.4927 	EXP 	Submit: autoDraw = False
105.4927 	EXP 	ResponseBox: text = 'default text'
105.4927 	EXP 	no3: autoDraw = True
105.6943 	DATA 	Mouse:  Left button up, pos=(1130,197)
106.5059 	EXP 	no3: autoDraw = False
106.5059 	EXP 	no2: autoDraw = True
107.5061 	EXP 	no2: autoDraw = False
107.5061 	EXP 	no1: autoDraw = True
108.5291 	EXP 	no1: autoDraw = False
108.5291 	EXP 	ResponseBox: text = '\n\n'
108.5291 	EXP 	ItemNo: text = '20/60'
108.5291 	EXP 	Question: autoDraw = True
108.5291 	EXP 	ResponseBox: autoDraw = True
108.5291 	EXP 	ClickTheButton: autoDraw = True
108.5291 	EXP 	ItemNo: autoDraw = True
108.5291 	EXP 	Submit: autoDraw = True
110.3548 	DATA 	Mouse: Left button down, pos=(1130,197)
110.3799 	EXP 	New trial (rep=0, index=20): OrderedDict([('SoundFiles', 'Initial/Doubled/Laugh_A.wav')])
110.3894 	EXP 	Question: autoDraw = False
110.3894 	EXP 	ResponseBox: autoDraw = False
110.3894 	EXP 	ClickTheButton: autoDraw = False
110.3894 	EXP 	ItemNo: autoDraw = False
110.3894 	EXP 	Submit: autoDraw = False
110.3894 	EXP 	ResponseBox: text = 'default text'
110.3894 	EXP 	no3: autoDraw = True
110.5769 	DATA 	Mouse:  Left button up, pos=(1130,197)
111.3893 	EXP 	no3: autoDraw = False
111.3893 	EXP 	no3: autoDraw = False
111.3893 	EXP 	no2: autoDraw = True
112.3893 	EXP 	no2: autoDraw = False
112.3893 	EXP 	no2: autoDraw = False
112.3893 	EXP 	no1: autoDraw = True
113.4179 	EXP 	no1: autoDraw = False
113.4179 	EXP 	no1: autoDraw = False
113.4179 	EXP 	ResponseBox: text = '\n\n'
113.4179 	EXP 	ItemNo: text = '21/60'
113.4179 	EXP 	Question: autoDraw = True
113.4179 	EXP 	ResponseBox: autoDraw = True
113.4179 	EXP 	ClickTheButton: autoDraw = True
113.4179 	EXP 	ItemNo: autoDraw = True
113.4179 	EXP 	Submit: autoDraw = True
114.5707 	DATA 	Mouse: Left button down, pos=(1130,197)
114.5906 	EXP 	New trial (rep=0, index=21): OrderedDict([('SoundFiles', 'Initial/Repeat/IceDrop.wav')])
114.6002 	EXP 	Question: autoDraw = False
114.6002 	EXP 	ResponseBox: autoDraw = False
114.6002 	EXP 	ClickTheButton: autoDraw = False
114.6002 	EXP 	ItemNo: autoDraw = False
114.6002 	EXP 	Submit: autoDraw = False
114.6002 	EXP 	ResponseBox: text = 'default text'
114.6002 	EXP 	no3: autoDraw = True
114.7940 	DATA 	Mouse:  Left button up, pos=(1130,197)
115.6059 	EXP 	no3: autoDraw = False
115.6059 	EXP 	no3: autoDraw = False
115.6059 	EXP 	no2: autoDraw = True
116.6060 	EXP 	no2: autoDraw = False
116.6060 	EXP 	no2: autoDraw = False
116.6060 	EXP 	no1: autoDraw = True
117.6284 	EXP 	no1: autoDraw = False
117.6284 	EXP 	no1: autoDraw = False
117.6284 	EXP 	ResponseBox: text = '\n\n'
117.6284 	EXP 	ItemNo: text = '22/60'
117.6284 	EXP 	Question: autoDraw = True
117.6284 	EXP 	ResponseBox: autoDraw = True
117.6284 	EXP 	ClickTheButton: autoDraw = True
117.6284 	EXP 	ItemNo: autoDraw = True
117.6284 	EXP 	Submit: autoDraw = True
119.8138 	DATA 	Mouse: Left button down, pos=(1130,197)
119.8345 	EXP 	New trial (rep=0, index=22): OrderedDict([('SoundFiles', 'Initial/NoRepeat/Helicopter_A.wav')])
119.8419 	EXP 	Question: autoDraw = False
119.8419 	EXP 	ResponseBox: autoDraw = False
119.8419 	EXP 	ClickTheButton: autoDraw = False
119.8419 	EXP 	ItemNo: autoDraw = False
119.8419 	EXP 	Submit: autoDraw = False
119.8419 	EXP 	ResponseBox: text = 'default text'
119.8419 	EXP 	no3: autoDraw = True
120.0428 	DATA 	Mouse:  Left button up, pos=(1130,197)
120.8548 	EXP 	no3: autoDraw = False
120.8548 	EXP 	no2: autoDraw = True
121.8547 	EXP 	no2: autoDraw = False
121.8547 	EXP 	no1: autoDraw = True
122.8787 	EXP 	no1: autoDraw = False
122.8787 	EXP 	ResponseBox: text = '\n\n'
122.8787 	EXP 	ItemNo: text = '23/60'
122.8787 	EXP 	Question: autoDraw = True
122.8787 	EXP 	ResponseBox: autoDraw = True
122.8787 	EXP 	ClickTheButton: autoDraw = True
122.8787 	EXP 	ItemNo: autoDraw = True
122.8787 	EXP 	Submit: autoDraw = True
124.1288 	DATA 	Mouse: Left button down, pos=(1130,197)
124.1508 	EXP 	New trial (rep=0, index=23): OrderedDict([('SoundFiles', 'Initial/Doubled/Writing_A.wav')])
124.1599 	EXP 	Question: autoDraw = False
124.1599 	EXP 	ResponseBox: autoDraw = False
124.1599 	EXP 	ClickTheButton: autoDraw = False
124.1599 	EXP 	ItemNo: autoDraw = False
124.1599 	EXP 	Submit: autoDraw = False
124.1599 	EXP 	ResponseBox: text = 'default text'
124.1599 	EXP 	no3: autoDraw = True
124.3433 	DATA 	Mouse:  Left button up, pos=(1130,197)
125.1726 	EXP 	no3: autoDraw = False
125.1726 	EXP 	no2: autoDraw = True
126.1725 	EXP 	no2: autoDraw = False
126.1725 	EXP 	no1: autoDraw = True
127.2042 	EXP 	no1: autoDraw = False
127.2042 	EXP 	ResponseBox: text = '\n\n'
127.2042 	EXP 	ItemNo: text = '24/60'
127.2042 	EXP 	Question: autoDraw = True
127.2042 	EXP 	ResponseBox: autoDraw = True
127.2042 	EXP 	ClickTheButton: autoDraw = True
127.2042 	EXP 	ItemNo: autoDraw = True
127.2042 	EXP 	Submit: autoDraw = True
129.1267 	DATA 	Mouse: Left button down, pos=(1130,197)
129.1504 	EXP 	New trial (rep=0, index=24): OrderedDict([('SoundFiles', 'Initial/NoRepeat/Elephant_A.wav')])
129.1598 	EXP 	Question: autoDraw = False
129.1598 	EXP 	ResponseBox: autoDraw = False
129.1598 	EXP 	ClickTheButton: autoDraw = False
129.1598 	EXP 	ItemNo: autoDraw = False
129.1598 	EXP 	Submit: autoDraw = False
129.1598 	EXP 	ResponseBox: text = 'default text'
129.1598 	EXP 	no3: autoDraw = True
129.3603 	DATA 	Mouse:  Left button up, pos=(1130,197)
130.1724 	EXP 	no3: autoDraw = False
130.1724 	EXP 	no2: autoDraw = True
131.1724 	EXP 	no2: autoDraw = False
131.1724 	EXP 	no1: autoDraw = True
132.1948 	EXP 	no1: autoDraw = False
132.1948 	EXP 	ResponseBox: text = '\n\n'
132.1948 	EXP 	ItemNo: text = '25/60'
132.1948 	EXP 	Question: autoDraw = True
132.1948 	EXP 	ResponseBox: autoDraw = True
132.1948 	EXP 	ClickTheButton: autoDraw = True
132.1948 	EXP 	ItemNo: autoDraw = True
132.1948 	EXP 	Submit: autoDraw = True
134.3699 	DATA 	Mouse: Left button down, pos=(1130,197)
134.3928 	EXP 	New trial (rep=0, index=25): OrderedDict([('SoundFiles', 'Test/Foils/PaperRip.wav')])
134.4022 	EXP 	Question: autoDraw = False
134.4022 	EXP 	ResponseBox: autoDraw = False
134.4022 	EXP 	ClickTheButton: autoDraw = False
134.4022 	EXP 	ItemNo: autoDraw = False
134.4022 	EXP 	Submit: autoDraw = False
134.4022 	EXP 	ResponseBox: text = 'default text'
134.4022 	EXP 	no3: autoDraw = True
134.5934 	DATA 	Mouse:  Left button up, pos=(1130,197)
135.4057 	EXP 	no3: autoDraw = False
135.4057 	EXP 	no3: autoDraw = False
135.4057 	EXP 	no2: autoDraw = True
136.4056 	EXP 	no2: autoDraw = False
136.4056 	EXP 	no2: autoDraw = False
136.4056 	EXP 	no1: autoDraw = True
137.4323 	EXP 	no1: autoDraw = False
137.4323 	EXP 	no1: autoDraw = False
137.4323 	EXP 	ResponseBox: text = '\n\n'
137.4323 	EXP 	ItemNo: text = '26/60'
137.4323 	EXP 	Question: autoDraw = True
137.4323 	EXP 	ResponseBox: autoDraw = True
137.4323 	EXP 	ClickTheButton: autoDraw = True
137.4323 	EXP 	ItemNo: autoDraw = True
137.4323 	EXP 	Submit: autoDraw = True
139.3022 	DATA 	Mouse: Left button down, pos=(1130,197)
139.3208 	EXP 	New trial (rep=0, index=26): OrderedDict([('SoundFiles', 'Initial/NoRepeat/Sleighbells_B.wav')])
139.3300 	EXP 	Question: autoDraw = False
139.3300 	EXP 	ResponseBox: autoDraw = False
139.3300 	EXP 	ClickTheButton: autoDraw = False
139.3300 	EXP 	ItemNo: autoDraw = False
139.3300 	EXP 	Submit: autoDraw = False
139.3300 	EXP 	ResponseBox: text = 'default text'
139.3300 	EXP 	no3: autoDraw = True
139.5266 	DATA 	Mouse:  Left button up, pos=(1130,197)
140.3390 	EXP 	no3: autoDraw = False
140.3390 	EXP 	no2: autoDraw = True
141.3390 	EXP 	no2: autoDraw = False
141.3390 	EXP 	no1: autoDraw = True
142.3650 	EXP 	no1: autoDraw = False
142.3650 	EXP 	ResponseBox: text = '\n\n'
142.3650 	EXP 	ItemNo: text = '27/60'
142.3650 	EXP 	Question: autoDraw = True
142.3650 	EXP 	ResponseBox: autoDraw = True
142.3650 	EXP 	ClickTheButton: autoDraw = True
142.3650 	EXP 	ItemNo: autoDraw = True
142.3650 	EXP 	Submit: autoDraw = True
143.5841 	DATA 	Mouse: Left button down, pos=(1130,197)
143.6049 	EXP 	New trial (rep=0, index=27): OrderedDict([('SoundFiles', 'Footsteps_D.wav')])
143.6143 	EXP 	Question: autoDraw = False
143.6143 	EXP 	ResponseBox: autoDraw = False
143.6143 	EXP 	ClickTheButton: autoDraw = False
143.6143 	EXP 	ItemNo: autoDraw = False
143.6143 	EXP 	Submit: autoDraw = False
143.6143 	EXP 	ResponseBox: text = 'default text'
143.6143 	EXP 	no3: autoDraw = True
143.8112 	DATA 	Mouse:  Left button up, pos=(1130,197)
144.6223 	EXP 	no3: autoDraw = False
144.6223 	EXP 	no2: autoDraw = True
145.6223 	EXP 	no2: autoDraw = False
145.6223 	EXP 	no1: autoDraw = True
146.6406 	EXP 	no1: autoDraw = False
146.6406 	EXP 	ResponseBox: text = '\n\n'
146.6406 	EXP 	ItemNo: text = '28/60'
146.6406 	EXP 	Question: autoDraw = True
146.6406 	EXP 	ResponseBox: autoDraw = True
146.6406 	EXP 	ClickTheButton: autoDraw = True
146.6406 	EXP 	ItemNo: autoDraw = True
146.6406 	EXP 	Submit: autoDraw = True
152.5305 	DATA 	Mouse: Left button down, pos=(1130,197)
152.5429 	EXP 	New trial (rep=0, index=28): OrderedDict([('SoundFiles', 'CarStart_B.wav')])
152.5520 	EXP 	Question: autoDraw = False
152.5520 	EXP 	ResponseBox: autoDraw = False
152.5520 	EXP 	ClickTheButton: autoDraw = False
152.5520 	EXP 	ItemNo: autoDraw = False
152.5520 	EXP 	Submit: autoDraw = False
152.5520 	EXP 	ResponseBox: text = 'default text'
152.5520 	EXP 	no3: autoDraw = True
152.7440 	DATA 	Mouse:  Left button up, pos=(1130,197)
153.5555 	EXP 	no3: autoDraw = False
153.5555 	EXP 	no3: autoDraw = False
153.5555 	EXP 	no2: autoDraw = True
154.5555 	EXP 	no2: autoDraw = False
154.5555 	EXP 	no2: autoDraw = False
154.5555 	EXP 	no1: autoDraw = True
155.5838 	EXP 	no1: autoDraw = False
155.5838 	EXP 	no1: autoDraw = False
155.5838 	EXP 	ResponseBox: text = '\n\n'
155.5838 	EXP 	ItemNo: text = '29/60'
155.5838 	EXP 	Question: autoDraw = True
155.5838 	EXP 	ResponseBox: autoDraw = True
155.5838 	EXP 	ClickTheButton: autoDraw = True
155.5838 	EXP 	ItemNo: autoDraw = True
155.5838 	EXP 	Submit: autoDraw = True
157.4448 	DATA 	Mouse: Left button down, pos=(1130,197)
157.4696 	EXP 	New trial (rep=0, index=29): OrderedDict([('SoundFiles', 'Initial/NoRepeat/Fireworks.wav')])
157.4787 	EXP 	Question: autoDraw = False
157.4787 	EXP 	ResponseBox: autoDraw = False
157.4787 	EXP 	ClickTheButton: autoDraw = False
157.4787 	EXP 	ItemNo: autoDraw = False
157.4787 	EXP 	Submit: autoDraw = False
157.4787 	EXP 	ResponseBox: text = 'default text'
157.4787 	EXP 	no3: autoDraw = True
157.6761 	DATA 	Mouse:  Left button up, pos=(1130,197)
158.4888 	EXP 	no3: autoDraw = False
158.4888 	EXP 	no2: autoDraw = True
159.4887 	EXP 	no2: autoDraw = False
159.4887 	EXP 	no1: autoDraw = True
160.5081 	EXP 	no1: autoDraw = False
160.5081 	EXP 	ResponseBox: text = '\n\n'
160.5081 	EXP 	ItemNo: text = '30/60'
160.5081 	EXP 	Question: autoDraw = True
160.5081 	EXP 	ResponseBox: autoDraw = True
160.5081 	EXP 	ClickTheButton: autoDraw = True
160.5081 	EXP 	ItemNo: autoDraw = True
160.5081 	EXP 	Submit: autoDraw = True
161.8642 	DATA 	Mouse: Left button down, pos=(1130,197)
161.8860 	EXP 	New trial (rep=0, index=30): OrderedDict([('SoundFiles', 'Siren_B.wav')])
161.8951 	EXP 	Question: autoDraw = False
161.8951 	EXP 	ResponseBox: autoDraw = False
161.8951 	EXP 	ClickTheButton: autoDraw = False
161.8951 	EXP 	ItemNo: autoDraw = False
161.8951 	EXP 	Submit: autoDraw = False
161.8951 	EXP 	ResponseBox: text = 'default text'
161.8951 	EXP 	no3: autoDraw = True
162.0943 	DATA 	Mouse:  Left button up, pos=(1130,197)
162.9055 	EXP 	no3: autoDraw = False
162.9055 	EXP 	no2: autoDraw = True
163.9053 	EXP 	no2: autoDraw = False
163.9053 	EXP 	no1: autoDraw = True
164.9249 	EXP 	no1: autoDraw = False
164.9249 	EXP 	ResponseBox: text = '\n\n'
164.9249 	EXP 	ItemNo: text = '31/60'
164.9249 	EXP 	Question: autoDraw = True
164.9249 	EXP 	ResponseBox: autoDraw = True
164.9249 	EXP 	ClickTheButton: autoDraw = True
164.9249 	EXP 	ItemNo: autoDraw = True
164.9249 	EXP 	Submit: autoDraw = True
166.6313 	DATA 	Mouse: Left button down, pos=(1130,197)
166.6427 	EXP 	New trial (rep=0, index=31): OrderedDict([('SoundFiles', 'Pour_B.wav')])
166.6521 	EXP 	Question: autoDraw = False
166.6521 	EXP 	ResponseBox: autoDraw = False
166.6521 	EXP 	ClickTheButton: autoDraw = False
166.6521 	EXP 	ItemNo: autoDraw = False
166.6521 	EXP 	Submit: autoDraw = False
166.6521 	EXP 	ResponseBox: text = 'default text'
166.6521 	EXP 	no3: autoDraw = True
166.8428 	DATA 	Mouse:  Left button up, pos=(1130,197)
167.6554 	EXP 	no3: autoDraw = False
167.6554 	EXP 	no3: autoDraw = False
167.6554 	EXP 	no2: autoDraw = True
168.6579 	EXP 	no2: autoDraw = False
168.6579 	EXP 	no2: autoDraw = False
168.6579 	EXP 	no1: autoDraw = True
169.6927 	EXP 	no1: autoDraw = False
169.6927 	EXP 	ResponseBox: text = '\n\n'
169.6927 	EXP 	ItemNo: text = '32/60'
169.6927 	EXP 	Question: autoDraw = True
169.6927 	EXP 	ResponseBox: autoDraw = True
169.6927 	EXP 	ClickTheButton: autoDraw = True
169.6927 	EXP 	ItemNo: autoDraw = True
169.6927 	EXP 	Submit: autoDraw = True
172.1597 	DATA 	Mouse: Left button down, pos=(1130,197)
172.1826 	EXP 	New trial (rep=0, index=32): OrderedDict([('SoundFiles', 'Siren_C.wav')])
172.1920 	EXP 	Question: autoDraw = False
172.1920 	EXP 	ResponseBox: autoDraw = False
172.1920 	EXP 	ClickTheButton: autoDraw = False
172.1920 	EXP 	ItemNo: autoDraw = False
172.1920 	EXP 	Submit: autoDraw = False
172.1920 	EXP 	ResponseBox: text = 'default text'
172.1920 	EXP 	no3: autoDraw = True
172.3765 	DATA 	Mouse:  Left button up, pos=(1130,197)
173.2053 	EXP 	no3: autoDraw = False
173.2053 	EXP 	no2: autoDraw = True
174.2055 	EXP 	no2: autoDraw = False
174.2055 	EXP 	no1: autoDraw = True
175.2251 	EXP 	no1: autoDraw = False
175.2251 	EXP 	ResponseBox: text = '\n\n'
175.2251 	EXP 	ItemNo: text = '33/60'
175.2251 	EXP 	Question: autoDraw = True
175.2251 	EXP 	ResponseBox: autoDraw = True
175.2251 	EXP 	ClickTheButton: autoDraw = True
175.2251 	EXP 	ItemNo: autoDraw = True
175.2251 	EXP 	Submit: autoDraw = True
176.4794 	DATA 	Mouse: Left button down, pos=(1130,197)
176.4910 	EXP 	New trial (rep=0, index=33): OrderedDict([('SoundFiles', 'Initial/Repeat/Airplane_B.wav')])
176.5022 	EXP 	Question: autoDraw = False
176.5022 	EXP 	ResponseBox: autoDraw = False
176.5022 	EXP 	ClickTheButton: autoDraw = False
176.5022 	EXP 	ItemNo: autoDraw = False
176.5022 	EXP 	Submit: autoDraw = False
176.5022 	EXP 	ResponseBox: text = 'default text'
176.5022 	EXP 	no3: autoDraw = True
176.7099 	DATA 	Mouse:  Left button up, pos=(1130,197)
177.5053 	EXP 	no3: autoDraw = False
177.5053 	EXP 	no3: autoDraw = False
177.5053 	EXP 	no2: autoDraw = True
178.5052 	EXP 	no2: autoDraw = False
178.5052 	EXP 	no2: autoDraw = False
178.5052 	EXP 	no1: autoDraw = True
179.5543 	EXP 	no1: autoDraw = False
179.5543 	EXP 	no1: autoDraw = False
179.5543 	EXP 	ResponseBox: text = '\n\n'
179.5543 	EXP 	ItemNo: text = '34/60'
179.5543 	EXP 	Question: autoDraw = True
179.5543 	EXP 	ResponseBox: autoDraw = True
179.5543 	EXP 	ClickTheButton: autoDraw = True
179.5543 	EXP 	ItemNo: autoDraw = True
179.5543 	EXP 	Submit: autoDraw = True
181.9662 	DATA 	Mouse: Left button down, pos=(1130,197)
181.9878 	EXP 	New trial (rep=0, index=34): OrderedDict([('SoundFiles', 'Initial/NoRepeat/Duck_A.wav')])
181.9973 	EXP 	Question: autoDraw = False
181.9973 	EXP 	ResponseBox: autoDraw = False
181.9973 	EXP 	ClickTheButton: autoDraw = False
181.9973 	EXP 	ItemNo: autoDraw = False
181.9973 	EXP 	Submit: autoDraw = False
181.9973 	EXP 	ResponseBox: text = 'default text'
181.9973 	EXP 	no3: autoDraw = True
182.1928 	DATA 	Mouse:  Left button up, pos=(1130,197)
183.0054 	EXP 	no3: autoDraw = False
183.0054 	EXP 	no2: autoDraw = True
184.0053 	EXP 	no2: autoDraw = False
184.0053 	EXP 	no1: autoDraw = True
185.0236 	EXP 	no1: autoDraw = False
185.0236 	EXP 	ResponseBox: text = '\n\n'
185.0236 	EXP 	ItemNo: text = '35/60'
185.0236 	EXP 	Question: autoDraw = True
185.0236 	EXP 	ResponseBox: autoDraw = True
185.0236 	EXP 	ClickTheButton: autoDraw = True
185.0236 	EXP 	ItemNo: autoDraw = True
185.0236 	EXP 	Submit: autoDraw = True
187.9041 	DATA 	Mouse: Left button down, pos=(1130,197)
187.9163 	EXP 	New trial (rep=0, index=35): OrderedDict([('SoundFiles', 'Baby_A.wav')])
187.9255 	EXP 	Question: autoDraw = False
187.9255 	EXP 	ResponseBox: autoDraw = False
187.9255 	EXP 	ClickTheButton: autoDraw = False
187.9255 	EXP 	ItemNo: autoDraw = False
187.9255 	EXP 	Submit: autoDraw = False
187.9255 	EXP 	ResponseBox: text = 'default text'
187.9255 	EXP 	no3: autoDraw = True
188.1291 	DATA 	Mouse:  Left button up, pos=(1130,197)
188.9383 	EXP 	no3: autoDraw = False
188.9383 	EXP 	no2: autoDraw = True
189.9384 	EXP 	no2: autoDraw = False
189.9384 	EXP 	no1: autoDraw = True
190.9580 	EXP 	no1: autoDraw = False
190.9580 	EXP 	ResponseBox: text = '\n\n'
190.9580 	EXP 	ItemNo: text = '36/60'
190.9580 	EXP 	Question: autoDraw = True
190.9580 	EXP 	ResponseBox: autoDraw = True
190.9580 	EXP 	ClickTheButton: autoDraw = True
190.9580 	EXP 	ItemNo: autoDraw = True
190.9580 	EXP 	Submit: autoDraw = True
193.2845 	DATA 	Mouse: Left button down, pos=(1130,197)
193.3070 	EXP 	New trial (rep=0, index=36): OrderedDict([('SoundFiles', 'Initial/Doubled/Clap_A.wav')])
193.3163 	EXP 	Question: autoDraw = False
193.3163 	EXP 	ResponseBox: autoDraw = False
193.3163 	EXP 	ClickTheButton: autoDraw = False
193.3163 	EXP 	ItemNo: autoDraw = False
193.3163 	EXP 	Submit: autoDraw = False
193.3163 	EXP 	ResponseBox: text = 'default text'
193.3163 	EXP 	no3: autoDraw = True
193.5266 	DATA 	Mouse:  Left button up, pos=(1130,197)
194.3218 	EXP 	no3: autoDraw = False
194.3218 	EXP 	no3: autoDraw = False
194.3218 	EXP 	no2: autoDraw = True
195.3215 	EXP 	no2: autoDraw = False
195.3215 	EXP 	no2: autoDraw = False
195.3215 	EXP 	no1: autoDraw = True
196.3592 	EXP 	no1: autoDraw = False
196.3592 	EXP 	no1: autoDraw = False
196.3592 	EXP 	ResponseBox: text = '\n\n'
196.3592 	EXP 	ItemNo: text = '37/60'
196.3592 	EXP 	Question: autoDraw = True
196.3592 	EXP 	ResponseBox: autoDraw = True
196.3592 	EXP 	ClickTheButton: autoDraw = True
196.3592 	EXP 	ItemNo: autoDraw = True
196.3592 	EXP 	Submit: autoDraw = True
197.8016 	DATA 	Mouse: Left button down, pos=(1130,197)
197.8138 	EXP 	New trial (rep=0, index=37): OrderedDict([('SoundFiles', 'Siren_D.wav')])
197.8234 	EXP 	Question: autoDraw = False
197.8234 	EXP 	ResponseBox: autoDraw = False
197.8234 	EXP 	ClickTheButton: autoDraw = False
197.8234 	EXP 	ItemNo: autoDraw = False
197.8234 	EXP 	Submit: autoDraw = False
197.8234 	EXP 	ResponseBox: text = 'default text'
197.8234 	EXP 	no3: autoDraw = True
198.0439 	DATA 	Mouse:  Left button up, pos=(1130,197)
198.8384 	EXP 	no3: autoDraw = False
198.8384 	EXP 	no2: autoDraw = True
199.8383 	EXP 	no2: autoDraw = False
199.8383 	EXP 	no1: autoDraw = True
200.8573 	EXP 	no1: autoDraw = False
200.8573 	EXP 	ResponseBox: text = '\n\n'
200.8573 	EXP 	ItemNo: text = '38/60'
200.8573 	EXP 	Question: autoDraw = True
200.8573 	EXP 	ResponseBox: autoDraw = True
200.8573 	EXP 	ClickTheButton: autoDraw = True
200.8573 	EXP 	ItemNo: autoDraw = True
200.8573 	EXP 	Submit: autoDraw = True
202.8372 	DATA 	Mouse: Left button down, pos=(1130,197)
202.8575 	EXP 	New trial (rep=0, index=38): OrderedDict([('SoundFiles', 'Initial/Doubled/Guitar_A.wav')])
202.8674 	EXP 	Question: autoDraw = False
202.8674 	EXP 	ResponseBox: autoDraw = False
202.8674 	EXP 	ClickTheButton: autoDraw = False
202.8674 	EXP 	ItemNo: autoDraw = False
202.8674 	EXP 	Submit: autoDraw = False
202.8674 	EXP 	ResponseBox: text = 'default text'
202.8674 	EXP 	no3: autoDraw = True
203.0620 	DATA 	Mouse:  Left button up, pos=(1130,197)
203.8716 	EXP 	no3: autoDraw = False
203.8716 	EXP 	no3: autoDraw = False
203.8716 	EXP 	no2: autoDraw = True
204.8717 	EXP 	no2: autoDraw = False
204.8717 	EXP 	no2: autoDraw = False
204.8717 	EXP 	no1: autoDraw = True
205.9164 	EXP 	no1: autoDraw = False
205.9164 	EXP 	no1: autoDraw = False
205.9164 	EXP 	ResponseBox: text = '\n\n'
205.9164 	EXP 	ItemNo: text = '39/60'
205.9164 	EXP 	Question: autoDraw = True
205.9164 	EXP 	ResponseBox: autoDraw = True
205.9164 	EXP 	ClickTheButton: autoDraw = True
205.9164 	EXP 	ItemNo: autoDraw = True
205.9164 	EXP 	Submit: autoDraw = True
207.4436 	DATA 	Mouse: Left button down, pos=(1114,197)
207.4615 	EXP 	New trial (rep=0, index=39): OrderedDict([('SoundFiles', 'Bird_B.wav')])
207.4683 	EXP 	Question: autoDraw = False
207.4683 	EXP 	ResponseBox: autoDraw = False
207.4683 	EXP 	ClickTheButton: autoDraw = False
207.4683 	EXP 	ItemNo: autoDraw = False
207.4683 	EXP 	Submit: autoDraw = False
207.4683 	EXP 	ResponseBox: text = 'default text'
207.4683 	EXP 	no3: autoDraw = True
207.6600 	DATA 	Mouse:  Left button up, pos=(1114,197)
208.4715 	EXP 	no3: autoDraw = False
208.4715 	EXP 	no3: autoDraw = False
208.4715 	EXP 	no2: autoDraw = True
209.4715 	EXP 	no2: autoDraw = False
209.4715 	EXP 	no2: autoDraw = False
209.4715 	EXP 	no1: autoDraw = True
210.4906 	EXP 	no1: autoDraw = False
210.4906 	EXP 	no1: autoDraw = False
210.4906 	EXP 	ResponseBox: text = '\n\n'
210.4906 	EXP 	ItemNo: text = '40/60'
210.4906 	EXP 	Question: autoDraw = True
210.4906 	EXP 	ResponseBox: autoDraw = True
210.4906 	EXP 	ClickTheButton: autoDraw = True
210.4906 	EXP 	ItemNo: autoDraw = True
210.4906 	EXP 	Submit: autoDraw = True
212.6462 	DATA 	Mouse: Left button down, pos=(1114,197)
212.6675 	EXP 	New trial (rep=0, index=40): OrderedDict([('SoundFiles', 'Test/Foils/Heartbeat.wav')])
212.6773 	EXP 	Question: autoDraw = False
212.6773 	EXP 	ResponseBox: autoDraw = False
212.6773 	EXP 	ClickTheButton: autoDraw = False
212.6773 	EXP 	ItemNo: autoDraw = False
212.6773 	EXP 	Submit: autoDraw = False
212.6773 	EXP 	ResponseBox: text = 'default text'
212.6773 	EXP 	no3: autoDraw = True
212.8601 	DATA 	Mouse:  Left button up, pos=(1114,197)
213.6883 	EXP 	no3: autoDraw = False
213.6883 	EXP 	no2: autoDraw = True
214.6884 	EXP 	no2: autoDraw = False
214.6884 	EXP 	no1: autoDraw = True
215.7093 	EXP 	no1: autoDraw = False
215.7093 	EXP 	ResponseBox: text = '\n\n'
215.7093 	EXP 	ItemNo: text = '41/60'
215.7093 	EXP 	Question: autoDraw = True
215.7093 	EXP 	ResponseBox: autoDraw = True
215.7093 	EXP 	ClickTheButton: autoDraw = True
215.7093 	EXP 	ItemNo: autoDraw = True
215.7093 	EXP 	Submit: autoDraw = True
218.0306 	DATA 	Mouse: Left button down, pos=(1114,197)
218.0490 	EXP 	New trial (rep=0, index=41): OrderedDict([('SoundFiles', 'Initial/NoRepeat/Droplet_B.wav')])
218.0587 	EXP 	Question: autoDraw = False
218.0587 	EXP 	ResponseBox: autoDraw = False
218.0587 	EXP 	ClickTheButton: autoDraw = False
218.0587 	EXP 	ItemNo: autoDraw = False
218.0587 	EXP 	Submit: autoDraw = False
218.0587 	EXP 	ResponseBox: text = 'default text'
218.0587 	EXP 	no3: autoDraw = True
218.2593 	DATA 	Mouse:  Left button up, pos=(1114,197)
219.0715 	EXP 	no3: autoDraw = False
219.0715 	EXP 	no2: autoDraw = True
220.0714 	EXP 	no2: autoDraw = False
220.0714 	EXP 	no1: autoDraw = True
221.0922 	EXP 	no1: autoDraw = False
221.0922 	EXP 	ResponseBox: text = '\n\n'
221.0922 	EXP 	ItemNo: text = '42/60'
221.0922 	EXP 	Question: autoDraw = True
221.0922 	EXP 	ResponseBox: autoDraw = True
221.0922 	EXP 	ClickTheButton: autoDraw = True
221.0922 	EXP 	ItemNo: autoDraw = True
221.0922 	EXP 	Submit: autoDraw = True
223.9288 	DATA 	Mouse: Left button down, pos=(1114,197)
223.9389 	EXP 	New trial (rep=0, index=42): OrderedDict([('SoundFiles', 'CarStart_D.wav')])
223.9478 	EXP 	Question: autoDraw = False
223.9478 	EXP 	ResponseBox: autoDraw = False
223.9478 	EXP 	ClickTheButton: autoDraw = False
223.9478 	EXP 	ItemNo: autoDraw = False
223.9478 	EXP 	Submit: autoDraw = False
223.9478 	EXP 	ResponseBox: text = 'default text'
223.9478 	EXP 	no3: autoDraw = True
224.1595 	DATA 	Mouse:  Left button up, pos=(1114,197)
224.9549 	EXP 	no3: autoDraw = False
224.9549 	EXP 	no2: autoDraw = True
225.9549 	EXP 	no2: autoDraw = False
225.9549 	EXP 	no2: autoDraw = False
225.9549 	EXP 	no1: autoDraw = True
226.9761 	EXP 	no1: autoDraw = False
226.9761 	EXP 	no1: autoDraw = False
226.9761 	EXP 	ResponseBox: text = '\n\n'
226.9761 	EXP 	ItemNo: text = '43/60'
226.9761 	EXP 	Question: autoDraw = True
226.9761 	EXP 	ResponseBox: autoDraw = True
226.9761 	EXP 	ClickTheButton: autoDraw = True
226.9761 	EXP 	ItemNo: autoDraw = True
226.9761 	EXP 	Submit: autoDraw = True
231.2408 	DATA 	Mouse: Left button down, pos=(1114,197)
231.2534 	EXP 	New trial (rep=0, index=43): OrderedDict([('SoundFiles', 'Initial/Doubled/Chomp_A.wav')])
231.2624 	EXP 	Question: autoDraw = False
231.2624 	EXP 	ResponseBox: autoDraw = False
231.2624 	EXP 	ClickTheButton: autoDraw = False
231.2624 	EXP 	ItemNo: autoDraw = False
231.2624 	EXP 	Submit: autoDraw = False
231.2624 	EXP 	ResponseBox: text = 'default text'
231.2624 	EXP 	no3: autoDraw = True
231.4594 	DATA 	Mouse:  Left button up, pos=(1114,197)
232.2714 	EXP 	no3: autoDraw = False
232.2714 	EXP 	no2: autoDraw = True
233.2715 	EXP 	no2: autoDraw = False
233.2715 	EXP 	no1: autoDraw = True
234.6003 	EXP 	window1: mouseVisible = True
