1.1633 	WARNING 	We strongly recommend you activate the PTB sound engine in PsychoPy prefs as the preferred audio engine. Its timing is vastly superior. Your prefs are currently set to use ['sounddevice', 'PTB', 'pyo', 'pygame'] (in that order).
12.1948 	WARNING 	User requested fullscreen with size [1024  768], but screen is actually [2256, 1504]. Using actual size
14.0817 	EXP 	Created window1 = Window(allowGUI=False, allowStencil=False, args=UNKNOWN, autoLog=True, bitsMode=UNKNOWN, blendMode='avg', bpc=(8, 8, 8), color=array([0., 0., 0.]), colorSpace='rgb', depthBits=8, fullscr=<method-wrapper '__getattribute__' of attributeSetter object at 0x000001580D6F1EB8>, gamma=None, gammaErrorPolicy='raise', kwargs=UNKNOWN, lms=UNKNOWN, monitor=<psychopy.monitors.calibTools.Monitor object at 0x000001580D6005F8>, multiSample=False, name='window1', numSamples=2, pos=[0.0, 0.0], screen=0, size=array([2256, 1504]), stencilBits=0, stereo=False, units='height', useFBO=True, useRetina=False, viewOri=0.0, viewPos=None, viewScale=None, waitBlanking=True, winType='pyglet')
14.0824 	EXP 	window1: mouseVisible = True
14.0825 	EXP 	window1: recordFrameIntervals = False
14.2468 	EXP 	window1: recordFrameIntervals = True
14.4306 	EXP 	window1: recordFrameIntervals = False
14.7828 	EXP 	Created InstructionTxt = TextStim(__class__=<class 'psychopy.visual.text.TextStim'>, alignHoriz=method-wrapper(...), alignText='center', alignVert=method-wrapper(...), anchorHoriz='center', anchorVert='center', antialias=True, autoLog=True, bold=False, color='white', colorSpace='named', contrast=1.0, depth=0.0, flipHoriz=False, flipVert=False, font='Arial', fontFiles=[], height=0.04, italic=False, languageStyle='LTR', name='InstructionTxt', opacity=1.0, ori=0, pos=array([0., 0.]), rgb=array([255., 255., 255.]), text=str(...), units='height', win=Window(...), wrapWidth=1)
14.7930 	EXP 	Created WelcomContinue = TextStim(__class__=<class 'psychopy.visual.text.TextStim'>, alignHoriz=method-wrapper(...), alignText='center', alignVert=method-wrapper(...), anchorHoriz='center', anchorVert='center', antialias=True, autoLog=True, bold=False, color='white', colorSpace='named', contrast=1.0, depth=-3.0, flipHoriz=False, flipVert=False, font='Arial', fontFiles=[], height=0.04, italic=False, languageStyle='LTR', name='WelcomContinue', opacity=1.0, ori=0, pos=array([ 0. , -0.4]), rgb=array([255., 255., 255.]), text='Press SPACE to continue', units='height', win=Window(...), wrapWidth=1)
14.8112 	EXP 	Created InstructionTxt2 = TextStim(__class__=<class 'psychopy.visual.text.TextStim'>, alignHoriz=method-wrapper(...), alignText='center', alignVert=method-wrapper(...), anchorHoriz='center', anchorVert='center', antialias=True, autoLog=True, bold=False, color='white', colorSpace='named', contrast=1.0, depth=0.0, flipHoriz=False, flipVert=False, font='Arial', fontFiles=[], height=0.04, italic=False, languageStyle='LTR', name='InstructionTxt2', opacity=1.0, ori=0, pos=array([0., 0.]), rgb=array([255., 255., 255.]), text=str(...), units='height', win=Window(...), wrapWidth=1)
14.8156 	EXP 	Created WelcomeContinue2 = TextStim(__class__=<class 'psychopy.visual.text.TextStim'>, alignHoriz=method-wrapper(...), alignText='center', alignVert=method-wrapper(...), anchorHoriz='center', anchorVert='center', antialias=True, autoLog=True, bold=False, color='white', colorSpace='named', contrast=1.0, depth=-1.0, flipHoriz=False, flipVert=False, font='Arial', fontFiles=[], height=0.04, italic=False, languageStyle='LTR', name='WelcomeContinue2', opacity=1.0, ori=0, pos=array([ 0. , -0.4]), rgb=array([255., 255., 255.]), text='Press SPACE to continue', units='height', win=Window(...), wrapWidth=1)
14.8288 	EXP 	Created VolumeBeginTxt = TextStim(__class__=<class 'psychopy.visual.text.TextStim'>, alignHoriz=method-wrapper(...), alignText='center', alignVert=method-wrapper(...), anchorHoriz='center', anchorVert='center', antialias=True, autoLog=True, bold=False, color='white', colorSpace='named', contrast=1.0, depth=0.0, flipHoriz=False, flipVert=False, font='Arial', fontFiles=[], height=0.04, italic=False, languageStyle='LTR', name='VolumeBeginTxt', opacity=1.0, ori=0, pos=array([0., 0.]), rgb=array([255., 255., 255.]), text=str(...), units='height', win=Window(...), wrapWidth=1)
14.8340 	EXP 	Created VolumeContinue = TextStim(__class__=<class 'psychopy.visual.text.TextStim'>, alignHoriz=method-wrapper(...), alignText='center', alignVert=method-wrapper(...), anchorHoriz='center', anchorVert='center', antialias=True, autoLog=True, bold=False, color='white', colorSpace='named', contrast=1.0, depth=-1.0, flipHoriz=False, flipVert=False, font='Arial', fontFiles=[], height=0.04, italic=False, languageStyle='LTR', name='VolumeContinue', opacity=1.0, ori=0, pos=array([ 0. , -0.4]), rgb=array([255., 255., 255.]), text=str(...), units='height', win=Window(...), wrapWidth=1)
14.8412 	EXP 	Created text = TextStim(__class__=<class 'psychopy.visual.text.TextStim'>, alignHoriz=method-wrapper(...), alignText='center', alignVert=method-wrapper(...), anchorHoriz='center', anchorVert='center', antialias=True, autoLog=True, bold=False, color='white', colorSpace='named', contrast=1.0, depth=0.0, flipHoriz=False, flipVert=False, font='Arial', fontFiles=[], height=0.04, italic=False, languageStyle='LTR', name='text', opacity=1.0, ori=0, pos=array([0., 0.]), rgb=array([255., 255., 255.]), text=str(...), units='height', win=Window(...), wrapWidth=1)
14.9627 	EXP 	Sound Music set volume 0.300
14.9688 	EXP 	Created AdjustContinue = TextStim(__class__=<class 'psychopy.visual.text.TextStim'>, alignHoriz=method-wrapper(...), alignText='center', alignVert=method-wrapper(...), anchorHoriz='center', anchorVert='center', antialias=True, autoLog=True, bold=False, color='white', colorSpace='named', contrast=1.0, depth=-3.0, flipHoriz=False, flipVert=False, font='Arial', fontFiles=[], height=0.04, italic=False, languageStyle='LTR', name='AdjustContinue', opacity=1.0, ori=0, pos=array([ 0. , -0.4]), rgb=array([255., 255., 255.]), text=str(...), units='height', win=Window(...), wrapWidth=1)
14.9730 	EXP 	Created StartTxt = TextStim(__class__=<class 'psychopy.visual.text.TextStim'>, alignHoriz=method-wrapper(...), alignText='center', alignVert=method-wrapper(...), anchorHoriz='center', anchorVert='center', antialias=True, autoLog=True, bold=False, color='white', colorSpace='named', contrast=1.0, depth=0.0, flipHoriz=False, flipVert=False, font='Arial', fontFiles=[], height=0.04, italic=False, languageStyle='LTR', name='StartTxt', opacity=1.0, ori=0, pos=array([0., 0.]), rgb=array([255., 255., 255.]), text='We will now begin the task', units='height', win=Window(...), wrapWidth=1)
14.9830 	EXP 	Created no3 = TextStim(__class__=<class 'psychopy.visual.text.TextStim'>, alignHoriz=method-wrapper(...), alignText='center', alignVert=method-wrapper(...), anchorHoriz='center', anchorVert='center', antialias=True, autoLog=True, bold=False, color='white', colorSpace='named', contrast=1.0, depth=0.0, flipHoriz=False, flipVert=False, font='Arial', fontFiles=[], height=0.05, italic=False, languageStyle='LTR', name='no3', opacity=1.0, ori=0, pos=array([0., 0.]), rgb=array([255., 255., 255.]), text='3', units='height', win=Window(...), wrapWidth=1)
14.9873 	EXP 	Created no2 = TextStim(__class__=<class 'psychopy.visual.text.TextStim'>, alignHoriz=method-wrapper(...), alignText='center', alignVert=method-wrapper(...), anchorHoriz='center', anchorVert='center', antialias=True, autoLog=True, bold=False, color='white', colorSpace='named', contrast=1.0, depth=0.0, flipHoriz=False, flipVert=False, font='Arial', fontFiles=[], height=0.05, italic=False, languageStyle='LTR', name='no2', opacity=1.0, ori=0, pos=array([0., 0.]), rgb=array([255., 255., 255.]), text='2', units='height', win=Window(...), wrapWidth=1)
14.9916 	EXP 	Created no1 = TextStim(__class__=<class 'psychopy.visual.text.TextStim'>, alignHoriz=method-wrapper(...), alignText='center', alignVert=method-wrapper(...), anchorHoriz='center', anchorVert='center', antialias=True, autoLog=True, bold=False, color='white', colorSpace='named', contrast=1.0, depth=0.0, flipHoriz=False, flipVert=False, font='Arial', fontFiles=[], height=0.05, italic=False, languageStyle='LTR', name='no1', opacity=1.0, ori=0, pos=array([0., 0.]), rgb=array([255., 255., 255.]), text='1', units='height', win=Window(...), wrapWidth=1)
14.9992 	EXP 	Created Question = TextStim(__class__=<class 'psychopy.visual.text.TextStim'>, alignHoriz=method-wrapper(...), alignText='center', alignVert=method-wrapper(...), anchorHoriz='center', anchorVert='center', antialias=True, autoLog=True, bold=False, color='white', colorSpace='named', contrast=1.0, depth=0.0, flipHoriz=False, flipVert=False, font='Arial', fontFiles=[], height=0.04, italic=False, languageStyle='LTR', name='Question', opacity=1.0, ori=0, pos=array([0., 0.]), rgb=array([255., 255., 255.]), text='What is this sound?\n', units='height', win=Window(...), wrapWidth=1)
15.0530 	EXP 	window1: mouseVisible = True
15.0749 	EXP 	Created ClickTheButton = TextStim(__class__=<class 'psychopy.visual.text.TextStim'>, alignHoriz=method-wrapper(...), alignText='center', alignVert=method-wrapper(...), anchorHoriz='center', anchorVert='center', antialias=True, autoLog=True, bold=False, color='white', colorSpace='named', contrast=1.0, depth=-3.0, flipHoriz=False, flipVert=False, font='Arial', fontFiles=[], height=0.025, italic=False, languageStyle='LTR', name='ClickTheButton', opacity=1.0, ori=0, pos=array([ 0.  , -0.03]), rgb=array([255., 255., 255.]), text="Click 'Submit' to continue.", units='height', win=Window(...), wrapWidth=1)
15.0750 	EXP 	Sound SoundItem set volume 1.000
15.0861 	EXP 	Created ItemNo = TextStim(__class__=<class 'psychopy.visual.text.TextStim'>, alignHoriz=method-wrapper(...), alignText='center', alignVert=method-wrapper(...), anchorHoriz='center', anchorVert='center', antialias=True, autoLog=True, bold=False, color='white', colorSpace='named', contrast=1.0, depth=-5.0, flipHoriz=False, flipVert=False, font='Arial', fontFiles=[], height=0.04, italic=False, languageStyle='LTR', name='ItemNo', opacity=1.0, ori=0, pos=array([0.  , 0.45]), rgb=array([255., 255., 255.]), text='default text', units='height', win=Window(...), wrapWidth=1)
15.1525 	EXP 	Created MSTQuestion = TextStim(__class__=<class 'psychopy.visual.text.TextStim'>, alignHoriz=method-wrapper(...), alignText='center', alignVert=method-wrapper(...), anchorHoriz='center', anchorVert='center', antialias=True, autoLog=True, bold=False, color='white', colorSpace='named', contrast=1.0, depth=0.0, flipHoriz=False, flipVert=False, font='Arial', fontFiles=[], height=0.04, italic=False, languageStyle='LTR', name='MSTQuestion', opacity=1.0, ori=0, pos=array([0., 0.]), rgb=array([255., 255., 255.]), text=str(...), units='height', win=Window(...), wrapWidth=1)
15.1652 	EXP 	Created ThankyouMssg = TextStim(__class__=<class 'psychopy.visual.text.TextStim'>, alignHoriz=method-wrapper(...), alignText='center', alignVert=method-wrapper(...), anchorHoriz='center', anchorVert='center', antialias=True, autoLog=True, bold=False, color='white', colorSpace='named', contrast=1.0, depth=0.0, flipHoriz=False, flipVert=False, font='Arial', fontFiles=[], height=0.04, italic=False, languageStyle='LTR', name='ThankyouMssg', opacity=1.0, ori=0, pos=array([0. , 0.2]), rgb=array([255., 255., 255.]), text=str(...), units='height', win=Window(...), wrapWidth=1)
15.2265 	EXP 	Created ExitTxt = TextStim(__class__=<class 'psychopy.visual.text.TextStim'>, alignHoriz=method-wrapper(...), alignText='center', alignVert=method-wrapper(...), anchorHoriz='center', anchorVert='center', antialias=True, autoLog=True, bold=False, color='white', colorSpace='named', contrast=1.0, depth=-2.0, flipHoriz=False, flipVert=False, font='Arial', fontFiles=[], height=0.04, italic=False, languageStyle='LTR', name='ExitTxt', opacity=1.0, ori=0, pos=array([ 0. , -0.4]), rgb=array([255., 255., 255.]), text='Press SPACE to exit the study', units='height', win=Window(...), wrapWidth=1)
15.2370 	EXP 	Created CodeTxt = TextStim(__class__=<class 'psychopy.visual.text.TextStim'>, alignHoriz=method-wrapper(...), alignText='center', alignVert=method-wrapper(...), anchorHoriz='center', anchorVert='center', antialias=True, autoLog=True, bold=False, color='white', colorSpace='named', contrast=1.0, depth=-4.0, flipHoriz=False, flipVert=False, font='Arial', fontFiles=[], height=0.04, italic=False, languageStyle='LTR', name='CodeTxt', opacity=1.0, ori=0, pos=array([ 0.  , -0.22]), rgb=array([255., 255., 255.]), text=str(...), units='height', win=Window(...), wrapWidth=1)
15.2870 	EXP 	ResponseBox: autoLog = True
15.2870 	EXP 	Submit: autoLog = True
15.2870 	EXP 	CompletionCode: autoLog = True
15.2870 	EXP 	InstructionTxt: autoDraw = True
15.2870 	EXP 	WelcomContinue: autoDraw = True
17.5452 	DATA 	Keypress: space
17.5548 	EXP 	InstructionTxt: autoDraw = False
17.5548 	EXP 	WelcomContinue: autoDraw = False
17.5548 	EXP 	InstructionTxt2: autoDraw = True
17.5548 	EXP 	WelcomeContinue2: autoDraw = True
17.5548 	EXP 	ResponseBox: text = 'default text '
18.1802 	DATA 	Keypress: space
18.1880 	EXP 	InstructionTxt2: autoDraw = False
18.1880 	EXP 	WelcomeContinue2: autoDraw = False
18.1880 	EXP 	VolumeBeginTxt: autoDraw = True
18.1880 	EXP 	VolumeContinue: autoDraw = True
18.1880 	EXP 	ResponseBox: text = 'default text  '
18.9918 	DATA 	Keypress: space
18.9995 	EXP 	VolumeBeginTxt: autoDraw = False
18.9995 	EXP 	VolumeContinue: autoDraw = False
18.9995 	EXP 	text: autoDraw = True
18.9995 	EXP 	AdjustContinue: autoDraw = True
18.9995 	EXP 	ResponseBox: text = 'default text   '
20.1238 	DATA 	Keypress: space
20.1373 	EXP 	ResponseBox: text = 'default text    '
20.1554 	EXP 	text: autoDraw = False
20.1554 	EXP 	AdjustContinue: autoDraw = False
20.1554 	EXP 	StartTxt: autoDraw = True
22.2794 	EXP 	Imported GuessSounds_conditions.xlsx as conditions, 80 conditions, 1 params
22.2804 	EXP 	Created sequence: random, trialTypes=80, nReps=1, seed=None
22.2810 	EXP 	New trial (rep=0, index=0): OrderedDict([('SoundFiles2', 'Initial/Doubled/Growl_A.wav')])
22.2888 	EXP 	StartTxt: autoDraw = False
22.2888 	EXP 	no3: autoDraw = True
23.1631 	EXP 	no3: autoDraw = False
23.1631 	EXP 	no2: autoDraw = True
24.1633 	EXP 	no2: autoDraw = False
24.1633 	EXP 	no1: autoDraw = True
25.2173 	EXP 	no1: autoDraw = False
25.2173 	EXP 	ResponseBox: text = '\n\n'
25.2173 	EXP 	ItemNo: text = '1/60'
25.2173 	EXP 	Question: autoDraw = True
25.2173 	EXP 	ResponseBox: autoDraw = True
25.2173 	EXP 	ClickTheButton: autoDraw = True
25.2173 	EXP 	ItemNo: autoDraw = True
25.2173 	EXP 	Submit: autoDraw = True
27.4833 	DATA 	Mouse: Left button down, pos=(1112,177)
27.5032 	EXP 	Question: autoDraw = False
27.5032 	EXP 	ResponseBox: autoDraw = False
27.5032 	EXP 	ClickTheButton: autoDraw = False
27.5032 	EXP 	ItemNo: autoDraw = False
27.5032 	EXP 	Submit: autoDraw = False
27.5032 	EXP 	ResponseBox: text = 'default text'
27.5032 	EXP 	MSTQuestion: autoDraw = True
27.7039 	DATA 	Mouse:  Left button up, pos=(1112,177)
50.3545 	DATA 	Keypress: space
50.3635 	EXP 	ResponseBox: text = 'de fault text'
51.3385 	EXP 	New trial (rep=0, index=1): OrderedDict([('SoundFiles2', 'Initial/Doubled/HairDryer_A.wav')])
51.3442 	DATA 	Keypress: 3
51.3813 	EXP 	MSTQuestion: autoDraw = False
51.3813 	EXP 	no3: autoDraw = True
51.3813 	EXP 	ResponseBox: text = 'de 3fault text'
52.3629 	EXP 	no3: autoDraw = False
52.3629 	EXP 	no2: autoDraw = True
53.3629 	EXP 	no2: autoDraw = False
53.3629 	EXP 	no1: autoDraw = True
54.3968 	EXP 	no1: autoDraw = False
54.3968 	EXP 	ResponseBox: text = '\n\n'
54.3968 	EXP 	ItemNo: text = '2/60'
54.3968 	EXP 	Question: autoDraw = True
54.3968 	EXP 	ResponseBox: autoDraw = True
54.3968 	EXP 	ClickTheButton: autoDraw = True
54.3968 	EXP 	ItemNo: autoDraw = True
54.3968 	EXP 	Submit: autoDraw = True
55.3643 	DATA 	Mouse: Left button down, pos=(1112,177)
55.3949 	EXP 	Question: autoDraw = False
55.3949 	EXP 	ResponseBox: autoDraw = False
55.3949 	EXP 	ClickTheButton: autoDraw = False
55.3949 	EXP 	ItemNo: autoDraw = False
55.3949 	EXP 	Submit: autoDraw = False
55.3949 	EXP 	ResponseBox: text = 'default text'
55.3949 	EXP 	MSTQuestion: autoDraw = True
55.5701 	DATA 	Mouse:  Left button up, pos=(1112,177)
57.3866 	EXP 	New trial (rep=0, index=2): OrderedDict([('SoundFiles2', 'Piano_C.wav')])
57.3914 	DATA 	Keypress: 3
57.3989 	EXP 	MSTQuestion: autoDraw = False
57.3989 	EXP 	no3: autoDraw = True
57.3989 	EXP 	ResponseBox: text = 'de3fault text'
58.4129 	EXP 	no3: autoDraw = False
58.4129 	EXP 	no2: autoDraw = True
59.4130 	EXP 	no2: autoDraw = False
59.4130 	EXP 	no1: autoDraw = True
60.7473 	EXP 	window1: mouseVisible = True
