1.1423 	WARNING 	We strongly recommend you activate the PTB sound engine in PsychoPy prefs as the preferred audio engine. Its timing is vastly superior. Your prefs are currently set to use ['sounddevice', 'PTB', 'pyo', 'pygame'] (in that order).
4.3115 	WARNING 	User requested fullscreen with size [1024  768], but screen is actually [2256, 1504]. Using actual size
6.0748 	EXP 	Created window1 = Window(allowGUI=False, allowStencil=False, args=UNKNOWN, autoLog=True, bitsMode=UNKNOWN, blendMode='avg', bpc=(8, 8, 8), color=array([0., 0., 0.]), colorSpace='rgb', depthBits=8, fullscr=<method-wrapper '__getattribute__' of attributeSetter object at 0x0000023009178B38>, gamma=None, gammaErrorPolicy='raise', kwargs=UNKNOWN, lms=UNKNOWN, monitor=<psychopy.monitors.calibTools.Monitor object at 0x00000230091452B0>, multiSample=False, name='window1', numSamples=2, pos=[0.0, 0.0], screen=0, size=array([2256, 1504]), stencilBits=0, stereo=False, units='height', useFBO=True, useRetina=False, viewOri=0.0, viewPos=None, viewScale=None, waitBlanking=True, winType='pyglet')
6.0754 	EXP 	window1: mouseVisible = True
6.0755 	EXP 	window1: recordFrameIntervals = False
6.2396 	EXP 	window1: recordFrameIntervals = True
6.4234 	EXP 	window1: recordFrameIntervals = False
6.7409 	EXP 	Created InstructionTxt = TextStim(__class__=<class 'psychopy.visual.text.TextStim'>, alignHoriz=method-wrapper(...), alignText='center', alignVert=method-wrapper(...), anchorHoriz='center', anchorVert='center', antialias=True, autoLog=True, bold=False, color='white', colorSpace='named', contrast=1.0, depth=0.0, flipHoriz=False, flipVert=False, font='Arial', fontFiles=[], height=0.04, italic=False, languageStyle='LTR', name='InstructionTxt', opacity=1.0, ori=0, pos=array([0., 0.]), rgb=array([255., 255., 255.]), text=str(...), units='height', win=Window(...), wrapWidth=1)
6.7527 	EXP 	Created WelcomContinue = TextStim(__class__=<class 'psychopy.visual.text.TextStim'>, alignHoriz=method-wrapper(...), alignText='center', alignVert=method-wrapper(...), anchorHoriz='center', anchorVert='center', antialias=True, autoLog=True, bold=False, color='white', colorSpace='named', contrast=1.0, depth=-3.0, flipHoriz=False, flipVert=False, font='Arial', fontFiles=[], height=0.04, italic=False, languageStyle='LTR', name='WelcomContinue', opacity=1.0, ori=0, pos=array([ 0. , -0.4]), rgb=array([255., 255., 255.]), text='Press SPACE to continue', units='height', win=Window(...), wrapWidth=1)
6.7668 	EXP 	Created VolumeBeginTxt = TextStim(__class__=<class 'psychopy.visual.text.TextStim'>, alignHoriz=method-wrapper(...), alignText='center', alignVert=method-wrapper(...), anchorHoriz='center', anchorVert='center', antialias=True, autoLog=True, bold=False, color='white', colorSpace='named', contrast=1.0, depth=0.0, flipHoriz=False, flipVert=False, font='Arial', fontFiles=[], height=0.04, italic=False, languageStyle='LTR', name='VolumeBeginTxt', opacity=1.0, ori=0, pos=array([0., 0.]), rgb=array([255., 255., 255.]), text=str(...), units='height', win=Window(...), wrapWidth=1)
6.7734 	EXP 	Created VolumeContinue = TextStim(__class__=<class 'psychopy.visual.text.TextStim'>, alignHoriz=method-wrapper(...), alignText='center', alignVert=method-wrapper(...), anchorHoriz='center', anchorVert='center', antialias=True, autoLog=True, bold=False, color='white', colorSpace='named', contrast=1.0, depth=-1.0, flipHoriz=False, flipVert=False, font='Arial', fontFiles=[], height=0.04, italic=False, languageStyle='LTR', name='VolumeContinue', opacity=1.0, ori=0, pos=array([ 0. , -0.4]), rgb=array([255., 255., 255.]), text=str(...), units='height', win=Window(...), wrapWidth=1)
6.7802 	EXP 	Created text = TextStim(__class__=<class 'psychopy.visual.text.TextStim'>, alignHoriz=method-wrapper(...), alignText='center', alignVert=method-wrapper(...), anchorHoriz='center', anchorVert='center', antialias=True, autoLog=True, bold=False, color='white', colorSpace='named', contrast=1.0, depth=0.0, flipHoriz=False, flipVert=False, font='Arial', fontFiles=[], height=0.04, italic=False, languageStyle='LTR', name='text', opacity=1.0, ori=0, pos=array([0., 0.]), rgb=array([255., 255., 255.]), text=str(...), units='height', win=Window(...), wrapWidth=1)
6.9005 	EXP 	Sound Music set volume 0.300
6.9096 	EXP 	Created AdjustContinue = TextStim(__class__=<class 'psychopy.visual.text.TextStim'>, alignHoriz=method-wrapper(...), alignText='center', alignVert=method-wrapper(...), anchorHoriz='center', anchorVert='center', antialias=True, autoLog=True, bold=False, color='white', colorSpace='named', contrast=1.0, depth=-3.0, flipHoriz=False, flipVert=False, font='Arial', fontFiles=[], height=0.04, italic=False, languageStyle='LTR', name='AdjustContinue', opacity=1.0, ori=0, pos=array([ 0. , -0.4]), rgb=array([255., 255., 255.]), text=str(...), units='height', win=Window(...), wrapWidth=1)
6.9455 	EXP 	Created WelcomeTxt1 = TextStim(__class__=<class 'psychopy.visual.text.TextStim'>, alignHoriz=method-wrapper(...), alignText='center', alignVert=method-wrapper(...), anchorHoriz='center', anchorVert='center', antialias=True, autoLog=True, bold=False, color='white', colorSpace='named', contrast=1.0, depth=0.0, flipHoriz=False, flipVert=False, font='Arial', fontFiles=[], height=0.04, italic=False, languageStyle='LTR', name='WelcomeTxt1', opacity=1.0, ori=0, pos=array([0., 0.]), rgb=array([255., 255., 255.]), text=str(...), units='height', win=Window(...), wrapWidth=1)
6.9497 	EXP 	Created ContinueKey1 = TextStim(__class__=<class 'psychopy.visual.text.TextStim'>, alignHoriz=method-wrapper(...), alignText='center', alignVert=method-wrapper(...), anchorHoriz='center', anchorVert='center', antialias=True, autoLog=True, bold=False, color='white', colorSpace='named', contrast=1.0, depth=-1.0, flipHoriz=False, flipVert=False, font='Arial', fontFiles=[], height=0.04, italic=False, languageStyle='LTR', name='ContinueKey1', opacity=1.0, ori=0, pos=array([ 0. , -0.4]), rgb=array([255., 255., 255.]), text='Press SPACE to continue', units='height', win=Window(...), wrapWidth=1)
6.9560 	EXP 	Created InstructionTxt2 = TextStim(__class__=<class 'psychopy.visual.text.TextStim'>, alignHoriz=method-wrapper(...), alignText='center', alignVert=method-wrapper(...), anchorHoriz='center', anchorVert='center', antialias=True, autoLog=True, bold=False, color='white', colorSpace='named', contrast=1.0, depth=0.0, flipHoriz=False, flipVert=False, font='Arial', fontFiles=[], height=0.04, italic=False, languageStyle='LTR', name='InstructionTxt2', opacity=1.0, ori=0, pos=array([0., 0.]), rgb=array([255., 255., 255.]), text=str(...), units='height', win=Window(...), wrapWidth=1)
6.9616 	EXP 	Created WelcomeContinue2 = TextStim(__class__=<class 'psychopy.visual.text.TextStim'>, alignHoriz=method-wrapper(...), alignText='center', alignVert=method-wrapper(...), anchorHoriz='center', anchorVert='center', antialias=True, autoLog=True, bold=False, color='white', colorSpace='named', contrast=1.0, depth=-1.0, flipHoriz=False, flipVert=False, font='Arial', fontFiles=[], height=0.04, italic=False, languageStyle='LTR', name='WelcomeContinue2', opacity=1.0, ori=0, pos=array([ 0. , -0.4]), rgb=array([255., 255., 255.]), text='Press SPACE to begin practice\n', units='height', win=Window(...), wrapWidth=1)
6.9649 	EXP 	Created TrialNumber = TextStim(__class__=<class 'psychopy.visual.text.TextStim'>, alignHoriz=method-wrapper(...), alignText='center', alignVert=method-wrapper(...), anchorHoriz='center', anchorVert='center', antialias=True, autoLog=True, bold=False, color='white', colorSpace='named', contrast=1.0, depth=0.0, flipHoriz=False, flipVert=False, font='Arial', fontFiles=[], height=0.04, italic=False, languageStyle='LTR', name='TrialNumber', opacity=1.0, ori=0, pos=array([0. , 0.3]), rgb=array([255., 255., 255.]), text='default text', units='height', win=Window(...), wrapWidth=1)
6.9650 	EXP 	Sound PracticeSound set volume 1.000
6.9785 	EXP 	Created PracticeCross = TextStim(__class__=<class 'psychopy.visual.text.TextStim'>, alignHoriz=method-wrapper(...), alignText='center', alignVert=method-wrapper(...), anchorHoriz='center', anchorVert='center', antialias=True, autoLog=True, bold=False, color='white', colorSpace='named', contrast=1.0, depth=-2.0, flipHoriz=False, flipVert=False, font='Arial', fontFiles=[], height=0.1, italic=False, languageStyle='LTR', name='PracticeCross', opacity=1.0, ori=0, pos=array([0., 0.]), rgb=array([255., 255., 255.]), text='+', units='height', win=Window(...), wrapWidth=1)
6.9817 	EXP 	Created PracticeMssg = TextStim(__class__=<class 'psychopy.visual.text.TextStim'>, alignHoriz=method-wrapper(...), alignText='center', alignVert=method-wrapper(...), anchorHoriz='center', anchorVert='center', antialias=True, autoLog=True, bold=False, color='white', colorSpace='named', contrast=1.0, depth=-2.0, flipHoriz=False, flipVert=False, font='Arial', fontFiles=[], height=0.04, italic=False, languageStyle='LTR', name='PracticeMssg', opacity=1.0, ori=0, pos=array([0. , 0.2]), rgb=array([255., 255., 255.]), text='default text', units='height', win=Window(...), wrapWidth=1)
6.9840 	EXP 	Created FeedbackCross = TextStim(__class__=<class 'psychopy.visual.text.TextStim'>, alignHoriz=method-wrapper(...), alignText='center', alignVert=method-wrapper(...), anchorHoriz='center', anchorVert='center', antialias=True, autoLog=True, bold=False, color='white', colorSpace='named', contrast=1.0, depth=-3.0, flipHoriz=False, flipVert=False, font='Arial', fontFiles=[], height=0.1, italic=False, languageStyle='LTR', name='FeedbackCross', opacity=1.0, ori=0, pos=array([0., 0.]), rgb=array([255., 255., 255.]), text='+', units='height', win=Window(...), wrapWidth=1)
6.9898 	EXP 	Created Continue = TextStim(__class__=<class 'psychopy.visual.text.TextStim'>, alignHoriz=method-wrapper(...), alignText='center', alignVert=method-wrapper(...), anchorHoriz='center', anchorVert='center', antialias=True, autoLog=True, bold=False, color='white', colorSpace='named', contrast=1.0, depth=-4.0, flipHoriz=False, flipVert=False, font='Arial', fontFiles=[], height=0.04, italic=False, languageStyle='LTR', name='Continue', opacity=1.0, ori=0, pos=array([ 0. , -0.4]), rgb=array([255., 255., 255.]), text='Press the right key on your keyboard', units='height', win=Window(...), wrapWidth=1)
6.9977 	EXP 	Created Options = TextStim(__class__=<class 'psychopy.visual.text.TextStim'>, alignHoriz=method-wrapper(...), alignText='center', alignVert=method-wrapper(...), anchorHoriz='center', anchorVert='center', antialias=True, autoLog=True, bold=False, color='white', colorSpace='named', contrast=1.0, depth=-5.0, flipHoriz=False, flipVert=False, font='Arial', fontFiles=[], height=0.04, italic=False, languageStyle='LTR', name='Options', opacity=1.0, ori=0, pos=array([ 0. , -0.2]), rgb=array([255., 255., 255.]), text='1 = REPEAT\n2 = SIMILAR\n3 = NEW', units='height', win=Window(...), wrapWidth=1)
7.0048 	EXP 	Created StartTxt = TextStim(__class__=<class 'psychopy.visual.text.TextStim'>, alignHoriz=method-wrapper(...), alignText='center', alignVert=method-wrapper(...), anchorHoriz='center', anchorVert='center', antialias=True, autoLog=True, bold=False, color='white', colorSpace='named', contrast=1.0, depth=0.0, flipHoriz=False, flipVert=False, font='Arial', fontFiles=[], height=0.04, italic=False, languageStyle='LTR', name='StartTxt', opacity=1.0, ori=0, pos=array([0., 0.]), rgb=array([255., 255., 255.]), text=str(...), units='height', win=Window(...), wrapWidth=1)
7.0095 	EXP 	Created ContinueStart = TextStim(__class__=<class 'psychopy.visual.text.TextStim'>, alignHoriz=method-wrapper(...), alignText='center', alignVert=method-wrapper(...), anchorHoriz='center', anchorVert='center', antialias=True, autoLog=True, bold=False, color='white', colorSpace='named', contrast=1.0, depth=-2.0, flipHoriz=False, flipVert=False, font='Arial', fontFiles=[], height=0.04, italic=False, languageStyle='LTR', name='ContinueStart', opacity=1.0, ori=0, pos=array([ 0. , -0.4]), rgb=array([255., 255., 255.]), text='Press SPACE to begin the task', units='height', win=Window(...), wrapWidth=1)
7.0204 	EXP 	Created no3 = TextStim(__class__=<class 'psychopy.visual.text.TextStim'>, alignHoriz=method-wrapper(...), alignText='center', alignVert=method-wrapper(...), anchorHoriz='center', anchorVert='center', antialias=True, autoLog=True, bold=False, color='white', colorSpace='named', contrast=1.0, depth=0.0, flipHoriz=False, flipVert=False, font='Arial', fontFiles=[], height=0.05, italic=False, languageStyle='LTR', name='no3', opacity=1.0, ori=0, pos=array([0., 0.]), rgb=array([255., 255., 255.]), text='3', units='height', win=Window(...), wrapWidth=1)
7.0237 	EXP 	Created no2 = TextStim(__class__=<class 'psychopy.visual.text.TextStim'>, alignHoriz=method-wrapper(...), alignText='center', alignVert=method-wrapper(...), anchorHoriz='center', anchorVert='center', antialias=True, autoLog=True, bold=False, color='white', colorSpace='named', contrast=1.0, depth=0.0, flipHoriz=False, flipVert=False, font='Arial', fontFiles=[], height=0.05, italic=False, languageStyle='LTR', name='no2', opacity=1.0, ori=0, pos=array([0., 0.]), rgb=array([255., 255., 255.]), text='2', units='height', win=Window(...), wrapWidth=1)
7.0264 	EXP 	Created no1 = TextStim(__class__=<class 'psychopy.visual.text.TextStim'>, alignHoriz=method-wrapper(...), alignText='center', alignVert=method-wrapper(...), anchorHoriz='center', anchorVert='center', antialias=True, autoLog=True, bold=False, color='white', colorSpace='named', contrast=1.0, depth=0.0, flipHoriz=False, flipVert=False, font='Arial', fontFiles=[], height=0.05, italic=False, languageStyle='LTR', name='no1', opacity=1.0, ori=0, pos=array([0., 0.]), rgb=array([255., 255., 255.]), text='1', units='height', win=Window(...), wrapWidth=1)
7.0394 	EXP 	Created Question = TextStim(__class__=<class 'psychopy.visual.text.TextStim'>, alignHoriz=method-wrapper(...), alignText='center', alignVert=method-wrapper(...), anchorHoriz='center', anchorVert='center', antialias=True, autoLog=True, bold=False, color='white', colorSpace='named', contrast=1.0, depth=0.0, flipHoriz=False, flipVert=False, font='Arial', fontFiles=[], height=0.04, italic=False, languageStyle='LTR', name='Question', opacity=1.0, ori=0, pos=array([0., 0.]), rgb=array([255., 255., 255.]), text='What is this sound?\n', units='height', win=Window(...), wrapWidth=1)
7.0932 	EXP 	window1: mouseVisible = True
7.1109 	EXP 	Created ClickTheButton = TextStim(__class__=<class 'psychopy.visual.text.TextStim'>, alignHoriz=method-wrapper(...), alignText='center', alignVert=method-wrapper(...), anchorHoriz='center', anchorVert='center', antialias=True, autoLog=True, bold=False, color='white', colorSpace='named', contrast=1.0, depth=-3.0, flipHoriz=False, flipVert=False, font='Arial', fontFiles=[], height=0.025, italic=False, languageStyle='LTR', name='ClickTheButton', opacity=1.0, ori=0, pos=array([ 0.  , -0.03]), rgb=array([255., 255., 255.]), text="Click 'Submit' to continue.", units='height', win=Window(...), wrapWidth=1)
7.1110 	EXP 	Sound SoundItem set volume 1.000
7.1187 	EXP 	Created ItemNo = TextStim(__class__=<class 'psychopy.visual.text.TextStim'>, alignHoriz=method-wrapper(...), alignText='center', alignVert=method-wrapper(...), anchorHoriz='center', anchorVert='center', antialias=True, autoLog=True, bold=False, color='white', colorSpace='named', contrast=1.0, depth=-5.0, flipHoriz=False, flipVert=False, font='Arial', fontFiles=[], height=0.04, italic=False, languageStyle='LTR', name='ItemNo', opacity=1.0, ori=0, pos=array([0.  , 0.45]), rgb=array([255., 255., 255.]), text='default text', units='height', win=Window(...), wrapWidth=1)
7.1857 	EXP 	Created MSTQuestion = TextStim(__class__=<class 'psychopy.visual.text.TextStim'>, alignHoriz=method-wrapper(...), alignText='center', alignVert=method-wrapper(...), anchorHoriz='center', anchorVert='center', antialias=True, autoLog=True, bold=False, color='white', colorSpace='named', contrast=1.0, depth=0.0, flipHoriz=False, flipVert=False, font='Arial', fontFiles=[], height=0.04, italic=False, languageStyle='LTR', name='MSTQuestion', opacity=1.0, ori=0, pos=array([0., 0.]), rgb=array([255., 255., 255.]), text=str(...), units='height', win=Window(...), wrapWidth=1)
7.1976 	EXP 	Created ThankyouMssg = TextStim(__class__=<class 'psychopy.visual.text.TextStim'>, alignHoriz=method-wrapper(...), alignText='center', alignVert=method-wrapper(...), anchorHoriz='center', anchorVert='center', antialias=True, autoLog=True, bold=False, color='white', colorSpace='named', contrast=1.0, depth=0.0, flipHoriz=False, flipVert=False, font='Arial', fontFiles=[], height=0.04, italic=False, languageStyle='LTR', name='ThankyouMssg', opacity=1.0, ori=0, pos=array([0. , 0.2]), rgb=array([255., 255., 255.]), text=str(...), units='height', win=Window(...), wrapWidth=1)
7.2591 	EXP 	Created ExitTxt = TextStim(__class__=<class 'psychopy.visual.text.TextStim'>, alignHoriz=method-wrapper(...), alignText='center', alignVert=method-wrapper(...), anchorHoriz='center', anchorVert='center', antialias=True, autoLog=True, bold=False, color='white', colorSpace='named', contrast=1.0, depth=-2.0, flipHoriz=False, flipVert=False, font='Arial', fontFiles=[], height=0.04, italic=False, languageStyle='LTR', name='ExitTxt', opacity=1.0, ori=0, pos=array([ 0. , -0.4]), rgb=array([255., 255., 255.]), text='Press SPACE to exit the study', units='height', win=Window(...), wrapWidth=1)
7.2690 	EXP 	Created CodeTxt = TextStim(__class__=<class 'psychopy.visual.text.TextStim'>, alignHoriz=method-wrapper(...), alignText='center', alignVert=method-wrapper(...), anchorHoriz='center', anchorVert='center', antialias=True, autoLog=True, bold=False, color='white', colorSpace='named', contrast=1.0, depth=-4.0, flipHoriz=False, flipVert=False, font='Arial', fontFiles=[], height=0.04, italic=False, languageStyle='LTR', name='CodeTxt', opacity=1.0, ori=0, pos=array([ 0.  , -0.22]), rgb=array([255., 255., 255.]), text=str(...), units='height', win=Window(...), wrapWidth=1)
7.3164 	EXP 	ResponseBox: autoLog = True
7.3164 	EXP 	Submit: autoLog = True
7.3164 	EXP 	CompletionCode: autoLog = True
7.3164 	EXP 	InstructionTxt: autoDraw = True
7.3164 	EXP 	WelcomContinue: autoDraw = True
8.0862 	DATA 	Keypress: space
8.0922 	EXP 	InstructionTxt: autoDraw = False
8.0922 	EXP 	WelcomContinue: autoDraw = False
8.0922 	EXP 	VolumeBeginTxt: autoDraw = True
8.0922 	EXP 	VolumeContinue: autoDraw = True
8.0922 	EXP 	ResponseBox: text = 'default text '
8.5761 	DATA 	Keypress: space
8.5808 	EXP 	VolumeBeginTxt: autoDraw = False
8.5808 	EXP 	VolumeContinue: autoDraw = False
8.5808 	EXP 	text: autoDraw = True
8.5808 	EXP 	AdjustContinue: autoDraw = True
8.5808 	EXP 	ResponseBox: text = 'default text  '
8.9719 	DATA 	Keypress: space
8.9789 	EXP 	text: autoDraw = False
8.9789 	EXP 	AdjustContinue: autoDraw = False
8.9789 	EXP 	WelcomeTxt1: autoDraw = True
8.9789 	EXP 	ContinueKey1: autoDraw = True
8.9789 	EXP 	ResponseBox: text = 'default text   '
9.4555 	DATA 	Keypress: space
9.4615 	EXP 	WelcomeTxt1: autoDraw = False
9.4615 	EXP 	ContinueKey1: autoDraw = False
9.4615 	EXP 	InstructionTxt2: autoDraw = True
9.4615 	EXP 	WelcomeContinue2: autoDraw = True
9.4615 	EXP 	ResponseBox: text = 'default text    '
10.1807 	EXP 	Imported GuessSounds_conditions.xlsx as conditions, 5 conditions, 2 params
10.1810 	EXP 	Created sequence: sequential, trialTypes=5, nReps=1, seed=None
10.1813 	EXP 	New trial (rep=0, index=0): OrderedDict([('SoundFiles3', 'Practice/Seagull_A.wav'), ('Correct', 3)])
10.1901 	DATA 	Keypress: space
10.1945 	EXP 	InstructionTxt2: autoDraw = False
10.1945 	EXP 	WelcomeContinue2: autoDraw = False
10.1945 	EXP 	TrialNumber: text = 'Trial 1'
10.1945 	EXP 	TrialNumber: autoDraw = True
10.1945 	EXP 	PracticeCross: autoDraw = True
10.1945 	EXP 	ResponseBox: text = 'default text     '
10.9964 	DATA 	Keypress: space
11.0063 	EXP 	ResponseBox: text = 'default text      '
12.4562 	EXP 	TrialNumber: autoDraw = False
12.4562 	EXP 	PracticeCross: autoDraw = False
12.5010 	EXP 	TrialNumber: autoDraw = False
12.5010 	EXP 	PracticeCross: autoDraw = False
12.5010 	EXP 	PracticeMssg: text = 'This is a NEW sound. \nThis sound has never been presented before.'
12.5010 	EXP 	PracticeMssg: autoDraw = True
12.5010 	EXP 	FeedbackCross: autoDraw = True
12.5010 	EXP 	Continue: autoDraw = True
12.5010 	EXP 	Options: autoDraw = True
17.1666 	DATA 	Keypress: 3
17.2012 	EXP 	ResponseBox: text = 'default text      3'
17.2109 	EXP 	New trial (rep=0, index=1): OrderedDict([('SoundFiles3', 'Practice/Skid_B.wav'), ('Correct', 3)])
17.2358 	EXP 	PracticeMssg: autoDraw = False
17.2358 	EXP 	FeedbackCross: autoDraw = False
17.2358 	EXP 	Continue: autoDraw = False
17.2358 	EXP 	Options: autoDraw = False
17.2358 	EXP 	TrialNumber: text = 'Trial 2'
17.2358 	EXP 	TrialNumber: autoDraw = True
17.2358 	EXP 	PracticeCross: autoDraw = True
19.3399 	EXP 	TrialNumber: autoDraw = False
19.3399 	EXP 	PracticeCross: autoDraw = False
19.3399 	EXP 	TrialNumber: autoDraw = False
19.3399 	EXP 	PracticeCross: autoDraw = False
19.3399 	EXP 	PracticeMssg: text = 'This is a NEW sound. \nThis sound has never been presented before.'
19.3399 	EXP 	PracticeMssg: autoDraw = True
19.3399 	EXP 	FeedbackCross: autoDraw = True
19.3399 	EXP 	Continue: autoDraw = True
19.3399 	EXP 	Options: autoDraw = True
23.5149 	EXP 	New trial (rep=0, index=2): OrderedDict([('SoundFiles3', 'Practice/Seagull_A.wav'), ('Correct', 1)])
23.5371 	DATA 	Keypress: 3
23.5430 	EXP 	PracticeMssg: autoDraw = False
23.5430 	EXP 	FeedbackCross: autoDraw = False
23.5430 	EXP 	Continue: autoDraw = False
23.5430 	EXP 	Options: autoDraw = False
23.5430 	EXP 	TrialNumber: text = 'Trial 3'
23.5430 	EXP 	TrialNumber: autoDraw = True
23.5430 	EXP 	PracticeCross: autoDraw = True
23.5430 	EXP 	ResponseBox: text = 'default text      33'
25.8386 	EXP 	TrialNumber: autoDraw = False
25.8386 	EXP 	PracticeCross: autoDraw = False
25.8386 	EXP 	TrialNumber: autoDraw = False
25.8386 	EXP 	PracticeCross: autoDraw = False
25.8386 	EXP 	PracticeMssg: text = 'This is a REPEAT sound. \nThe exact same sound has been presented previously.'
25.8386 	EXP 	PracticeMssg: autoDraw = True
25.8386 	EXP 	FeedbackCross: autoDraw = True
25.8386 	EXP 	Continue: autoDraw = True
25.8386 	EXP 	Options: autoDraw = True
28.6651 	DATA 	Keypress: 1
28.7013 	EXP 	ResponseBox: text = 'default text      331'
28.7057 	EXP 	New trial (rep=0, index=3): OrderedDict([('SoundFiles3', 'Practice/Gargle_A.wav'), ('Correct', 3)])
28.7206 	EXP 	PracticeMssg: autoDraw = False
28.7206 	EXP 	FeedbackCross: autoDraw = False
28.7206 	EXP 	Continue: autoDraw = False
28.7206 	EXP 	Options: autoDraw = False
28.7206 	EXP 	TrialNumber: text = 'Trial 4'
28.7206 	EXP 	TrialNumber: autoDraw = True
28.7206 	EXP 	PracticeCross: autoDraw = True
30.9893 	EXP 	TrialNumber: autoDraw = False
30.9893 	EXP 	PracticeCross: autoDraw = False
31.0262 	EXP 	TrialNumber: autoDraw = False
31.0262 	EXP 	PracticeCross: autoDraw = False
31.0262 	EXP 	PracticeMssg: text = 'This is a NEW sound. \nThis sound has never been presented before.'
31.0262 	EXP 	PracticeMssg: autoDraw = True
31.0262 	EXP 	FeedbackCross: autoDraw = True
31.0262 	EXP 	Continue: autoDraw = True
31.0262 	EXP 	Options: autoDraw = True
32.8986 	EXP 	New trial (rep=0, index=4): OrderedDict([('SoundFiles3', 'Practice/Gargle_B.wav'), ('Correct', 2)])
32.9273 	DATA 	Keypress: 3
32.9331 	EXP 	PracticeMssg: autoDraw = False
32.9331 	EXP 	FeedbackCross: autoDraw = False
32.9331 	EXP 	Continue: autoDraw = False
32.9331 	EXP 	Options: autoDraw = False
32.9331 	EXP 	TrialNumber: text = 'Trial 5'
32.9331 	EXP 	TrialNumber: autoDraw = True
32.9331 	EXP 	PracticeCross: autoDraw = True
32.9331 	EXP 	ResponseBox: text = 'default text      3313'
35.0210 	EXP 	TrialNumber: autoDraw = False
35.0210 	EXP 	PracticeCross: autoDraw = False
35.0210 	EXP 	TrialNumber: autoDraw = False
35.0210 	EXP 	PracticeCross: autoDraw = False
35.0210 	EXP 	PracticeMssg: text = 'This is a SIMILAR sound. \nThis sound is similar but not identical to a previously presented sound.'
35.0210 	EXP 	PracticeMssg: autoDraw = True
35.0210 	EXP 	FeedbackCross: autoDraw = True
35.0210 	EXP 	Continue: autoDraw = True
35.0210 	EXP 	Options: autoDraw = True
37.2893 	DATA 	Keypress: 2
37.3227 	EXP 	PracticeMssg: autoDraw = False
37.3227 	EXP 	FeedbackCross: autoDraw = False
37.3227 	EXP 	Continue: autoDraw = False
37.3227 	EXP 	Options: autoDraw = False
37.3227 	EXP 	StartTxt: autoDraw = True
37.3227 	EXP 	ContinueStart: autoDraw = True
37.3227 	EXP 	ResponseBox: text = 'default text      33132'
40.9401 	EXP 	Imported GuessSounds_conditions.xlsx as conditions, 85 conditions, 2 params
40.9414 	EXP 	Created sequence: sequential, trialTypes=85, nReps=1, seed=None
40.9423 	EXP 	New trial (rep=0, index=0): OrderedDict([('SoundFiles3', 'Practice/Seagull_A.wav'), ('Correct', 3)])
40.9506 	DATA 	Keypress: space
40.9579 	EXP 	StartTxt: autoDraw = False
40.9579 	EXP 	ContinueStart: autoDraw = False
40.9579 	EXP 	no3: autoDraw = True
40.9579 	EXP 	ResponseBox: text = 'default text      33132 '
41.9059 	EXP 	no3: autoDraw = False
41.9059 	EXP 	no2: autoDraw = True
42.9058 	EXP 	no2: autoDraw = False
42.9058 	EXP 	no1: autoDraw = True
43.9324 	EXP 	no1: autoDraw = False
43.9324 	EXP 	ResponseBox: text = '\n\n'
43.9324 	EXP 	ItemNo: text = '1/80'
43.9324 	EXP 	Question: autoDraw = True
43.9324 	EXP 	ResponseBox: autoDraw = True
43.9324 	EXP 	ClickTheButton: autoDraw = True
43.9324 	EXP 	ItemNo: autoDraw = True
43.9324 	EXP 	Submit: autoDraw = True
49.0075 	DATA 	Keypress: escape
49.4465 	EXP 	window1: mouseVisible = True
