1.1978 	WARNING 	We strongly recommend you activate the PTB sound engine in PsychoPy prefs as the preferred audio engine. Its timing is vastly superior. Your prefs are currently set to use ['sounddevice', 'PTB', 'pyo', 'pygame'] (in that order).
7.0193 	WARNING 	User requested fullscreen with size [1024  768], but screen is actually [2256, 1504]. Using actual size
8.9566 	EXP 	Created window1 = Window(allowGUI=False, allowStencil=False, args=UNKNOWN, autoLog=True, bitsMode=UNKNOWN, blendMode='avg', bpc=(8, 8, 8), color=array([0., 0., 0.]), colorSpace='rgb', depthBits=8, fullscr=<method-wrapper '__getattribute__' of attributeSetter object at 0x000001BBE324C7F0>, gamma=None, gammaErrorPolicy='raise', kwargs=UNKNOWN, lms=UNKNOWN, monitor=<psychopy.monitors.calibTools.Monitor object at 0x000001BBE31C5EF0>, multiSample=False, name='window1', numSamples=2, pos=[0.0, 0.0], screen=0, size=array([2256, 1504]), stencilBits=0, stereo=False, units='height', useFBO=True, useRetina=False, viewOri=0.0, viewPos=None, viewScale=None, waitBlanking=True, winType='pyglet')
8.9572 	EXP 	window1: mouseVisible = True
8.9572 	EXP 	window1: recordFrameIntervals = False
9.1227 	EXP 	window1: recordFrameIntervals = True
9.3058 	EXP 	window1: recordFrameIntervals = False
9.6301 	EXP 	Created InstructionTxt = TextStim(__class__=<class 'psychopy.visual.text.TextStim'>, alignHoriz=method-wrapper(...), alignText='center', alignVert=method-wrapper(...), anchorHoriz='center', anchorVert='center', antialias=True, autoLog=True, bold=False, color='white', colorSpace='named', contrast=1.0, depth=0.0, flipHoriz=False, flipVert=False, font='Arial', fontFiles=[], height=0.04, italic=False, languageStyle='LTR', name='InstructionTxt', opacity=1.0, ori=0, pos=array([0., 0.]), rgb=array([255., 255., 255.]), text=str(...), units='height', win=Window(...), wrapWidth=1)
9.6413 	EXP 	Created WelcomContinue = TextStim(__class__=<class 'psychopy.visual.text.TextStim'>, alignHoriz=method-wrapper(...), alignText='center', alignVert=method-wrapper(...), anchorHoriz='center', anchorVert='center', antialias=True, autoLog=True, bold=False, color='white', colorSpace='named', contrast=1.0, depth=-3.0, flipHoriz=False, flipVert=False, font='Arial', fontFiles=[], height=0.04, italic=False, languageStyle='LTR', name='WelcomContinue', opacity=1.0, ori=0, pos=array([ 0. , -0.4]), rgb=array([255., 255., 255.]), text='Press SPACE to continue', units='height', win=Window(...), wrapWidth=1)
9.6636 	EXP 	Created VolumeBeginTxt = TextStim(__class__=<class 'psychopy.visual.text.TextStim'>, alignHoriz=method-wrapper(...), alignText='center', alignVert=method-wrapper(...), anchorHoriz='center', anchorVert='center', antialias=True, autoLog=True, bold=False, color='white', colorSpace='named', contrast=1.0, depth=0.0, flipHoriz=False, flipVert=False, font='Arial', fontFiles=[], height=0.04, italic=False, languageStyle='LTR', name='VolumeBeginTxt', opacity=1.0, ori=0, pos=array([0., 0.]), rgb=array([255., 255., 255.]), text=str(...), units='height', win=Window(...), wrapWidth=1)
9.6732 	EXP 	Created text = TextStim(__class__=<class 'psychopy.visual.text.TextStim'>, alignHoriz=method-wrapper(...), alignText='center', alignVert=method-wrapper(...), anchorHoriz='center', anchorVert='center', antialias=True, autoLog=True, bold=False, color='white', colorSpace='named', contrast=1.0, depth=0.0, flipHoriz=False, flipVert=False, font='Arial', fontFiles=[], height=0.04, italic=False, languageStyle='LTR', name='text', opacity=1.0, ori=0, pos=array([0., 0.]), rgb=array([255., 255., 255.]), text=str(...), units='height', win=Window(...), wrapWidth=1)
9.7135 	EXP 	Sound Music set volume 0.300
9.7200 	EXP 	Created AdjustContinue = TextStim(__class__=<class 'psychopy.visual.text.TextStim'>, alignHoriz=method-wrapper(...), alignText='center', alignVert=method-wrapper(...), anchorHoriz='center', anchorVert='center', antialias=True, autoLog=True, bold=False, color='white', colorSpace='named', contrast=1.0, depth=-3.0, flipHoriz=False, flipVert=False, font='Arial', fontFiles=[], height=0.04, italic=False, languageStyle='LTR', name='AdjustContinue', opacity=1.0, ori=0, pos=array([ 0. , -0.4]), rgb=array([255., 255., 255.]), text=str(...), units='height', win=Window(...), wrapWidth=1)
9.7454 	EXP 	Created HeadphoneCheckBeing = TextStim(__class__=<class 'psychopy.visual.text.TextStim'>, alignHoriz=method-wrapper(...), alignText='center', alignVert=method-wrapper(...), anchorHoriz='center', anchorVert='center', antialias=True, autoLog=True, bold=False, color='white', colorSpace='named', contrast=1.0, depth=0.0, flipHoriz=False, flipVert=False, font='Arial', fontFiles=[], height=0.04, italic=False, languageStyle='LTR', name='HeadphoneCheckBeing', opacity=1.0, ori=0, pos=array([0., 0.]), rgb=array([255., 255., 255.]), text=str(...), units='height', win=Window(...), wrapWidth=1)
9.7499 	EXP 	Created HeadphoneContinue = TextStim(__class__=<class 'psychopy.visual.text.TextStim'>, alignHoriz=method-wrapper(...), alignText='center', alignVert=method-wrapper(...), anchorHoriz='center', anchorVert='center', antialias=True, autoLog=True, bold=False, color='white', colorSpace='named', contrast=1.0, depth=-1.0, flipHoriz=False, flipVert=False, font='Arial', fontFiles=[], height=0.04, italic=False, languageStyle='LTR', name='HeadphoneContinue', opacity=1.0, ori=0, pos=array([ 0. , -0.4]), rgb=array([255., 255., 255.]), text='Press SPACE to continue', units='height', win=Window(...), wrapWidth=1)
9.7722 	EXP 	Created WelcomeTxt1 = TextStim(__class__=<class 'psychopy.visual.text.TextStim'>, alignHoriz=method-wrapper(...), alignText='center', alignVert=method-wrapper(...), anchorHoriz='center', anchorVert='center', antialias=True, autoLog=True, bold=False, color='white', colorSpace='named', contrast=1.0, depth=0.0, flipHoriz=False, flipVert=False, font='Arial', fontFiles=[], height=0.04, italic=False, languageStyle='LTR', name='WelcomeTxt1', opacity=1.0, ori=0, pos=array([0., 0.]), rgb=array([255., 255., 255.]), text=str(...), units='height', win=Window(...), wrapWidth=1)
9.7770 	EXP 	Created ContinueKey1 = TextStim(__class__=<class 'psychopy.visual.text.TextStim'>, alignHoriz=method-wrapper(...), alignText='center', alignVert=method-wrapper(...), anchorHoriz='center', anchorVert='center', antialias=True, autoLog=True, bold=False, color='white', colorSpace='named', contrast=1.0, depth=-1.0, flipHoriz=False, flipVert=False, font='Arial', fontFiles=[], height=0.04, italic=False, languageStyle='LTR', name='ContinueKey1', opacity=1.0, ori=0, pos=array([ 0. , -0.4]), rgb=array([255., 255., 255.]), text='Press SPACE to continue', units='height', win=Window(...), wrapWidth=1)
9.8098 	EXP 	Created Welcome2Txt = TextStim(__class__=<class 'psychopy.visual.text.TextStim'>, alignHoriz=method-wrapper(...), alignText='center', alignVert=method-wrapper(...), anchorHoriz='center', anchorVert='center', antialias=True, autoLog=True, bold=False, color='white', colorSpace='named', contrast=1.0, depth=0.0, flipHoriz=False, flipVert=False, font='Arial', fontFiles=[], height=0.04, italic=False, languageStyle='LTR', name='Welcome2Txt', opacity=1.0, ori=0, pos=array([0., 0.]), rgb=array([255., 255., 255.]), text=str(...), units='height', win=Window(...), wrapWidth=1)
9.8144 	EXP 	Created Continue2 = TextStim(__class__=<class 'psychopy.visual.text.TextStim'>, alignHoriz=method-wrapper(...), alignText='center', alignVert=method-wrapper(...), anchorHoriz='center', anchorVert='center', antialias=True, autoLog=True, bold=False, color='white', colorSpace='named', contrast=1.0, depth=-2.0, flipHoriz=False, flipVert=False, font='Arial', fontFiles=[], height=0.04, italic=False, languageStyle='LTR', name='Continue2', opacity=1.0, ori=0, pos=array([ 0. , -0.4]), rgb=array([255., 255., 255.]), text='Press SPACE to continue', units='height', win=Window(...), wrapWidth=1)
9.8306 	EXP 	Created InstructionTxt2 = TextStim(__class__=<class 'psychopy.visual.text.TextStim'>, alignHoriz=method-wrapper(...), alignText='center', alignVert=method-wrapper(...), anchorHoriz='center', anchorVert='center', antialias=True, autoLog=True, bold=False, color='white', colorSpace='named', contrast=1.0, depth=0.0, flipHoriz=False, flipVert=False, font='Arial', fontFiles=[], height=0.04, italic=False, languageStyle='LTR', name='InstructionTxt2', opacity=1.0, ori=0, pos=array([0., 0.]), rgb=array([255., 255., 255.]), text=str(...), units='height', win=Window(...), wrapWidth=1)
9.8364 	EXP 	Created WelcomeContinue2 = TextStim(__class__=<class 'psychopy.visual.text.TextStim'>, alignHoriz=method-wrapper(...), alignText='center', alignVert=method-wrapper(...), anchorHoriz='center', anchorVert='center', antialias=True, autoLog=True, bold=False, color='white', colorSpace='named', contrast=1.0, depth=-1.0, flipHoriz=False, flipVert=False, font='Arial', fontFiles=[], height=0.04, italic=False, languageStyle='LTR', name='WelcomeContinue2', opacity=1.0, ori=0, pos=array([ 0. , -0.4]), rgb=array([255., 255., 255.]), text='Press SPACE to begin practice\n', units='height', win=Window(...), wrapWidth=1)
9.8401 	EXP 	Created TrialNumber = TextStim(__class__=<class 'psychopy.visual.text.TextStim'>, alignHoriz=method-wrapper(...), alignText='center', alignVert=method-wrapper(...), anchorHoriz='center', anchorVert='center', antialias=True, autoLog=True, bold=False, color='white', colorSpace='named', contrast=1.0, depth=0.0, flipHoriz=False, flipVert=False, font='Arial', fontFiles=[], height=0.04, italic=False, languageStyle='LTR', name='TrialNumber', opacity=1.0, ori=0, pos=array([0. , 0.3]), rgb=array([255., 255., 255.]), text='default text', units='height', win=Window(...), wrapWidth=1)
9.8402 	EXP 	Sound PracticeSound set volume 1.000
9.8562 	EXP 	Created PracticeCross = TextStim(__class__=<class 'psychopy.visual.text.TextStim'>, alignHoriz=method-wrapper(...), alignText='center', alignVert=method-wrapper(...), anchorHoriz='center', anchorVert='center', antialias=True, autoLog=True, bold=False, color='white', colorSpace='named', contrast=1.0, depth=-2.0, flipHoriz=False, flipVert=False, font='Arial', fontFiles=[], height=0.1, italic=False, languageStyle='LTR', name='PracticeCross', opacity=1.0, ori=0, pos=array([0., 0.]), rgb=array([255., 255., 255.]), text='+', units='height', win=Window(...), wrapWidth=1)
9.8596 	EXP 	Created PracticeMssg = TextStim(__class__=<class 'psychopy.visual.text.TextStim'>, alignHoriz=method-wrapper(...), alignText='center', alignVert=method-wrapper(...), anchorHoriz='center', anchorVert='center', antialias=True, autoLog=True, bold=False, color='white', colorSpace='named', contrast=1.0, depth=-2.0, flipHoriz=False, flipVert=False, font='Arial', fontFiles=[], height=0.04, italic=False, languageStyle='LTR', name='PracticeMssg', opacity=1.0, ori=0, pos=array([0. , 0.2]), rgb=array([255., 255., 255.]), text='default text', units='height', win=Window(...), wrapWidth=1)
9.8613 	EXP 	Created FeedbackCross = TextStim(__class__=<class 'psychopy.visual.text.TextStim'>, alignHoriz=method-wrapper(...), alignText='center', alignVert=method-wrapper(...), anchorHoriz='center', anchorVert='center', antialias=True, autoLog=True, bold=False, color='white', colorSpace='named', contrast=1.0, depth=-3.0, flipHoriz=False, flipVert=False, font='Arial', fontFiles=[], height=0.1, italic=False, languageStyle='LTR', name='FeedbackCross', opacity=1.0, ori=0, pos=array([0., 0.]), rgb=array([255., 255., 255.]), text='+', units='height', win=Window(...), wrapWidth=1)
9.8671 	EXP 	Created Continue = TextStim(__class__=<class 'psychopy.visual.text.TextStim'>, alignHoriz=method-wrapper(...), alignText='center', alignVert=method-wrapper(...), anchorHoriz='center', anchorVert='center', antialias=True, autoLog=True, bold=False, color='white', colorSpace='named', contrast=1.0, depth=-4.0, flipHoriz=False, flipVert=False, font='Arial', fontFiles=[], height=0.04, italic=False, languageStyle='LTR', name='Continue', opacity=1.0, ori=0, pos=array([ 0. , -0.4]), rgb=array([255., 255., 255.]), text='Press the correct number on your keyboard', units='height', win=Window(...), wrapWidth=1)
9.8755 	EXP 	Created Options = TextStim(__class__=<class 'psychopy.visual.text.TextStim'>, alignHoriz=method-wrapper(...), alignText='center', alignVert=method-wrapper(...), anchorHoriz='center', anchorVert='center', antialias=True, autoLog=True, bold=False, color='white', colorSpace='named', contrast=1.0, depth=-5.0, flipHoriz=False, flipVert=False, font='Arial', fontFiles=[], height=0.04, italic=False, languageStyle='LTR', name='Options', opacity=1.0, ori=0, pos=array([ 0. , -0.2]), rgb=array([255., 255., 255.]), text='1 = REPEAT\n2 = SIMILAR\n3 = NEW', units='height', win=Window(...), wrapWidth=1)
9.8790 	EXP 	Created FeedbackMssg = TextStim(__class__=<class 'psychopy.visual.text.TextStim'>, alignHoriz=method-wrapper(...), alignText='center', alignVert=method-wrapper(...), anchorHoriz='center', anchorVert='center', antialias=True, autoLog=True, bold=False, color='white', colorSpace='named', contrast=1.0, depth=0.0, flipHoriz=False, flipVert=False, font='Arial', fontFiles=[], height=0.04, italic=False, languageStyle='LTR', name='FeedbackMssg', opacity=1.0, ori=0, pos=array([0., 0.]), rgb=array([255., 255., 255.]), text='default text', units='height', win=Window(...), wrapWidth=1)
9.9004 	EXP 	Created StartTxt = TextStim(__class__=<class 'psychopy.visual.text.TextStim'>, alignHoriz=method-wrapper(...), alignText='center', alignVert=method-wrapper(...), anchorHoriz='center', anchorVert='center', antialias=True, autoLog=True, bold=False, color='white', colorSpace='named', contrast=1.0, depth=0.0, flipHoriz=False, flipVert=False, font='Arial', fontFiles=[], height=0.04, italic=False, languageStyle='LTR', name='StartTxt', opacity=1.0, ori=0, pos=array([0., 0.]), rgb=array([255., 255., 255.]), text=str(...), units='height', win=Window(...), wrapWidth=1)
9.9055 	EXP 	Created ContinueStart = TextStim(__class__=<class 'psychopy.visual.text.TextStim'>, alignHoriz=method-wrapper(...), alignText='center', alignVert=method-wrapper(...), anchorHoriz='center', anchorVert='center', antialias=True, autoLog=True, bold=False, color='white', colorSpace='named', contrast=1.0, depth=-2.0, flipHoriz=False, flipVert=False, font='Arial', fontFiles=[], height=0.04, italic=False, languageStyle='LTR', name='ContinueStart', opacity=1.0, ori=0, pos=array([ 0. , -0.4]), rgb=array([255., 255., 255.]), text='Press SPACE to begin the task', units='height', win=Window(...), wrapWidth=1)
9.9076 	EXP 	Created no_3 = TextStim(__class__=<class 'psychopy.visual.text.TextStim'>, alignHoriz=method-wrapper(...), alignText='center', alignVert=method-wrapper(...), anchorHoriz='center', anchorVert='center', antialias=True, autoLog=True, bold=False, color='white', colorSpace='named', contrast=1.0, depth=-1.0, flipHoriz=False, flipVert=False, font='Arial', fontFiles=[], height=0.1, italic=False, languageStyle='LTR', name='no_3', opacity=1.0, ori=0, pos=array([0., 0.]), rgb=array([255., 255., 255.]), text='+', units='height', win=Window(...), wrapWidth=1)
9.9077 	EXP 	Sound TargetSound set volume 1.000
9.9096 	EXP 	Created Cross = TextStim(__class__=<class 'psychopy.visual.text.TextStim'>, alignHoriz=method-wrapper(...), alignText='center', alignVert=method-wrapper(...), anchorHoriz='center', anchorVert='center', antialias=True, autoLog=True, bold=False, color='white', colorSpace='named', contrast=1.0, depth=-1.0, flipHoriz=False, flipVert=False, font='Arial', fontFiles=[], height=0.1, italic=False, languageStyle='LTR', name='Cross', opacity=1.0, ori=0, pos=array([0., 0.]), rgb=array([255., 255., 255.]), text='+', units='height', win=Window(...), wrapWidth=1)
9.9132 	EXP 	Created ItemNumber = TextStim(__class__=<class 'psychopy.visual.text.TextStim'>, alignHoriz=method-wrapper(...), alignText='center', alignVert=method-wrapper(...), anchorHoriz='center', anchorVert='center', antialias=True, autoLog=True, bold=False, color='white', colorSpace='named', contrast=1.0, depth=-2.0, flipHoriz=False, flipVert=False, font='Arial', fontFiles=[], height=0.04, italic=False, languageStyle='LTR', name='ItemNumber', opacity=1.0, ori=0, pos=array([0. , 0.3]), rgb=array([255., 255., 255.]), text='default text', units='height', win=Window(...), wrapWidth=1)
9.9410 	EXP 	Created MSTQuestion = TextStim(__class__=<class 'psychopy.visual.text.TextStim'>, alignHoriz=method-wrapper(...), alignText='center', alignVert=method-wrapper(...), anchorHoriz='center', anchorVert='center', antialias=True, autoLog=True, bold=False, color='white', colorSpace='named', contrast=1.0, depth=0.0, flipHoriz=False, flipVert=False, font='Arial', fontFiles=[], height=0.04, italic=False, languageStyle='LTR', name='MSTQuestion', opacity=1.0, ori=0, pos=array([0., 0.]), rgb=array([255., 255., 255.]), text=str(...), units='height', win=Window(...), wrapWidth=1)
9.9509 	EXP 	Created ThankyouMssg = TextStim(__class__=<class 'psychopy.visual.text.TextStim'>, alignHoriz=method-wrapper(...), alignText='center', alignVert=method-wrapper(...), anchorHoriz='center', anchorVert='center', antialias=True, autoLog=True, bold=False, color='white', colorSpace='named', contrast=1.0, depth=0.0, flipHoriz=False, flipVert=False, font='Arial', fontFiles=[], height=0.04, italic=False, languageStyle='LTR', name='ThankyouMssg', opacity=1.0, ori=0, pos=array([0. , 0.2]), rgb=array([255., 255., 255.]), text=str(...), units='height', win=Window(...), wrapWidth=1)
10.0140 	EXP 	Created ExitTxt = TextStim(__class__=<class 'psychopy.visual.text.TextStim'>, alignHoriz=method-wrapper(...), alignText='center', alignVert=method-wrapper(...), anchorHoriz='center', anchorVert='center', antialias=True, autoLog=True, bold=False, color='white', colorSpace='named', contrast=1.0, depth=-2.0, flipHoriz=False, flipVert=False, font='Arial', fontFiles=[], height=0.04, italic=False, languageStyle='LTR', name='ExitTxt', opacity=1.0, ori=0, pos=array([ 0. , -0.4]), rgb=array([255., 255., 255.]), text='Press SPACE to exit the study', units='height', win=Window(...), wrapWidth=1)
10.0240 	EXP 	Created CodeTxt = TextStim(__class__=<class 'psychopy.visual.text.TextStim'>, alignHoriz=method-wrapper(...), alignText='center', alignVert=method-wrapper(...), anchorHoriz='center', anchorVert='center', antialias=True, autoLog=True, bold=False, color='white', colorSpace='named', contrast=1.0, depth=-4.0, flipHoriz=False, flipVert=False, font='Arial', fontFiles=[], height=0.04, italic=False, languageStyle='LTR', name='CodeTxt', opacity=1.0, ori=0, pos=array([ 0.  , -0.22]), rgb=array([255., 255., 255.]), text=str(...), units='height', win=Window(...), wrapWidth=1)
10.0589 	EXP 	CompletionCode: autoLog = True
10.0589 	EXP 	InstructionTxt: autoDraw = True
10.0589 	EXP 	WelcomContinue: autoDraw = True
10.8306 	DATA 	Keypress: space
10.8396 	EXP 	InstructionTxt: autoDraw = False
10.8396 	EXP 	WelcomContinue: autoDraw = False
10.8396 	EXP 	VolumeBeginTxt: autoDraw = True
11.4183 	DATA 	Keypress: space
11.4223 	EXP 	VolumeBeginTxt: autoDraw = False
11.4223 	EXP 	text: autoDraw = True
11.4223 	EXP 	AdjustContinue: autoDraw = True
11.9109 	DATA 	Keypress: space
11.9398 	EXP 	text: autoDraw = False
11.9398 	EXP 	AdjustContinue: autoDraw = False
11.9398 	EXP 	HeadphoneCheckBeing: autoDraw = True
11.9398 	EXP 	HeadphoneContinue: autoDraw = True
12.4318 	DATA 	Keypress: space
12.4398 	EXP 	HeadphoneCheckBeing: autoDraw = False
12.4398 	EXP 	HeadphoneContinue: autoDraw = False
12.4398 	EXP 	WelcomeTxt1: autoDraw = True
12.4398 	EXP 	ContinueKey1: autoDraw = True
12.8850 	DATA 	Keypress: space
12.8899 	EXP 	WelcomeTxt1: autoDraw = False
12.8899 	EXP 	ContinueKey1: autoDraw = False
12.8899 	EXP 	Welcome2Txt: autoDraw = True
12.8899 	EXP 	Continue2: autoDraw = True
13.4828 	DATA 	Keypress: space
13.4894 	EXP 	Welcome2Txt: autoDraw = False
13.4894 	EXP 	Continue2: autoDraw = False
13.4894 	EXP 	InstructionTxt2: autoDraw = True
13.4894 	EXP 	WelcomeContinue2: autoDraw = True
13.9940 	DATA 	Keypress: space
14.0987 	EXP 	Imported GuessSounds_conditions.xlsx as conditions, 5 conditions, 5 params
14.0991 	EXP 	Created sequence: sequential, trialTypes=5, nReps=1, seed=None
14.0994 	EXP 	New trial (rep=0, index=0): OrderedDict([('SoundFile', 'Practice/Seagull_A.wav'), ('Correct', 2), ('Correct2', 3), ('Type', 'NEW'), ('Trial', 'Practice')])
14.1135 	EXP 	InstructionTxt2: autoDraw = False
14.1135 	EXP 	WelcomeContinue2: autoDraw = False
14.1135 	EXP 	TrialNumber: text = 'Trial 1'
14.1135 	EXP 	TrialNumber: autoDraw = True
14.1135 	EXP 	PracticeCross: autoDraw = True
16.3974 	EXP 	TrialNumber: autoDraw = False
16.3974 	EXP 	PracticeCross: autoDraw = False
16.3974 	EXP 	TrialNumber: autoDraw = False
16.3974 	EXP 	PracticeCross: autoDraw = False
16.3974 	EXP 	PracticeMssg: text = 'This is a NEW sound. \nThis sound has never been played before.'
16.3974 	EXP 	PracticeMssg: autoDraw = True
16.3974 	EXP 	FeedbackCross: autoDraw = True
16.3974 	EXP 	Continue: autoDraw = True
16.3974 	EXP 	Options: autoDraw = True
17.4682 	DATA 	Keypress: 3
17.4724 	EXP 	PracticeMssg: autoDraw = False
17.4724 	EXP 	FeedbackCross: autoDraw = False
17.4724 	EXP 	Continue: autoDraw = False
17.4724 	EXP 	Options: autoDraw = False
17.4724 	EXP 	FeedbackMssg: text = 'CORRECT'
17.4724 	EXP 	FeedbackMssg: autoDraw = True
18.4596 	EXP 	New trial (rep=0, index=1): OrderedDict([('SoundFile', 'Practice/Skid_B.wav'), ('Correct', 2), ('Correct2', 3), ('Type', 'NEW'), ('Trial', 'Practice')])
18.4861 	EXP 	FeedbackMssg: autoDraw = False
18.4861 	EXP 	FeedbackMssg: autoDraw = False
18.4861 	EXP 	TrialNumber: text = 'Trial 2'
18.4861 	EXP 	TrialNumber: autoDraw = True
18.4861 	EXP 	PracticeCross: autoDraw = True
20.5887 	EXP 	TrialNumber: autoDraw = False
20.5887 	EXP 	PracticeCross: autoDraw = False
20.6059 	EXP 	TrialNumber: autoDraw = False
20.6059 	EXP 	PracticeCross: autoDraw = False
20.6059 	EXP 	PracticeMssg: text = 'This is a NEW sound. \nThis sound has never been played before.'
20.6059 	EXP 	PracticeMssg: autoDraw = True
20.6059 	EXP 	FeedbackCross: autoDraw = True
20.6059 	EXP 	Continue: autoDraw = True
20.6059 	EXP 	Options: autoDraw = True
22.4119 	DATA 	Keypress: 3
22.4388 	EXP 	PracticeMssg: autoDraw = False
22.4388 	EXP 	FeedbackCross: autoDraw = False
22.4388 	EXP 	Continue: autoDraw = False
22.4388 	EXP 	Options: autoDraw = False
22.4388 	EXP 	FeedbackMssg: text = 'CORRECT'
22.4388 	EXP 	FeedbackMssg: autoDraw = True
23.4242 	EXP 	New trial (rep=0, index=2): OrderedDict([('SoundFile', 'Practice/Seagull_A.wav'), ('Correct', 1), ('Correct2', 1), ('Type', 'OLD'), ('Trial', 'Practice')])
23.4387 	EXP 	FeedbackMssg: autoDraw = False
23.4387 	EXP 	FeedbackMssg: autoDraw = False
23.4387 	EXP 	TrialNumber: text = 'Trial 3'
23.4387 	EXP 	TrialNumber: autoDraw = True
23.4387 	EXP 	PracticeCross: autoDraw = True
25.7054 	EXP 	TrialNumber: autoDraw = False
25.7054 	EXP 	PracticeCross: autoDraw = False
25.7276 	EXP 	TrialNumber: autoDraw = False
25.7276 	EXP 	PracticeCross: autoDraw = False
25.7276 	EXP 	PracticeMssg: text = 'This is a REPEAT sound. \nThe exact same sound has been played previously.'
25.7276 	EXP 	PracticeMssg: autoDraw = True
25.7276 	EXP 	FeedbackCross: autoDraw = True
25.7276 	EXP 	Continue: autoDraw = True
25.7276 	EXP 	Options: autoDraw = True
26.1693 	DATA 	Keypress: 3
26.1731 	EXP 	PracticeMssg: autoDraw = False
26.1731 	EXP 	FeedbackCross: autoDraw = False
26.1731 	EXP 	Continue: autoDraw = False
26.1731 	EXP 	Options: autoDraw = False
26.1731 	EXP 	FeedbackMssg: text = 'INCORRECT'
26.1731 	EXP 	FeedbackMssg: autoDraw = True
27.1727 	EXP 	New trial (rep=0, index=3): OrderedDict([('SoundFile', 'Practice/Gargle_A.wav'), ('Correct', 2), ('Correct2', 3), ('Type', 'NEW'), ('Trial', 'Practice')])
27.1896 	EXP 	FeedbackMssg: autoDraw = False
27.1896 	EXP 	TrialNumber: text = 'Trial 4'
27.1896 	EXP 	TrialNumber: autoDraw = True
27.1896 	EXP 	PracticeCross: autoDraw = True
29.4557 	EXP 	TrialNumber: autoDraw = False
29.4557 	EXP 	PracticeCross: autoDraw = False
29.4557 	EXP 	TrialNumber: autoDraw = False
29.4557 	EXP 	PracticeCross: autoDraw = False
29.4557 	EXP 	PracticeMssg: text = 'This is a NEW sound. \nThis sound has never been played before.'
29.4557 	EXP 	PracticeMssg: autoDraw = True
29.4557 	EXP 	FeedbackCross: autoDraw = True
29.4557 	EXP 	Continue: autoDraw = True
29.4557 	EXP 	Options: autoDraw = True
30.6441 	DATA 	Keypress: 3
30.6722 	EXP 	PracticeMssg: autoDraw = False
30.6722 	EXP 	FeedbackCross: autoDraw = False
30.6722 	EXP 	Continue: autoDraw = False
30.6722 	EXP 	Options: autoDraw = False
30.6722 	EXP 	FeedbackMssg: text = 'CORRECT'
30.6722 	EXP 	FeedbackMssg: autoDraw = True
31.6578 	EXP 	New trial (rep=0, index=4): OrderedDict([('SoundFile', 'Practice/Gargle_B.wav'), ('Correct', 2), ('Correct2', 2), ('Type', 'SIMILAR'), ('Trial', 'Practice')])
31.6726 	EXP 	FeedbackMssg: autoDraw = False
31.6726 	EXP 	FeedbackMssg: autoDraw = False
31.6726 	EXP 	TrialNumber: text = 'Trial 5'
31.6726 	EXP 	TrialNumber: autoDraw = True
31.6726 	EXP 	PracticeCross: autoDraw = True
33.7270 	EXP 	TrialNumber: autoDraw = False
33.7270 	EXP 	PracticeCross: autoDraw = False
33.7270 	EXP 	TrialNumber: autoDraw = False
33.7270 	EXP 	PracticeCross: autoDraw = False
33.7270 	EXP 	PracticeMssg: text = 'This is a SIMILAR sound. \nThis sound is similar but not identical to a previously played sound.'
33.7270 	EXP 	PracticeMssg: autoDraw = True
33.7270 	EXP 	FeedbackCross: autoDraw = True
33.7270 	EXP 	Continue: autoDraw = True
33.7270 	EXP 	Options: autoDraw = True
34.2115 	DATA 	Keypress: 2
34.2388 	EXP 	PracticeMssg: autoDraw = False
34.2388 	EXP 	FeedbackCross: autoDraw = False
34.2388 	EXP 	Continue: autoDraw = False
34.2388 	EXP 	Options: autoDraw = False
34.2388 	EXP 	FeedbackMssg: text = 'CORRECT'
34.2388 	EXP 	FeedbackMssg: autoDraw = True
35.2395 	EXP 	FeedbackMssg: autoDraw = False
35.2395 	EXP 	FeedbackMssg: autoDraw = False
35.2395 	EXP 	StartTxt: autoDraw = True
35.2395 	EXP 	ContinueStart: autoDraw = True
46.8309 	EXP 	Imported GuessSounds_conditions.xlsx as conditions, 128 conditions, 5 params
46.8315 	EXP 	Created sequence: sequential, trialTypes=128, nReps=1, seed=None
46.8318 	EXP 	New trial (rep=0, index=0): OrderedDict([('SoundFile', 'Siren_E.wav'), ('Correct', 2), ('Correct2', 3), ('Type', 'NEW'), ('Trial', 'B')])
46.8352 	DATA 	Keypress: space
46.8391 	EXP 	StartTxt: autoDraw = False
46.8391 	EXP 	ContinueStart: autoDraw = False
46.8391 	EXP 	no_3: autoDraw = True
48.3052 	EXP 	no_3: autoDraw = False
48.3052 	EXP 	ItemNumber: text = '1/128'
48.3052 	EXP 	Cross: autoDraw = True
48.3052 	EXP 	ItemNumber: autoDraw = True
51.3393 	EXP 	Cross: autoDraw = False
51.3393 	EXP 	ItemNumber: autoDraw = False
51.3393 	EXP 	Cross: autoDraw = False
51.3393 	EXP 	ItemNumber: autoDraw = False
51.3393 	EXP 	MSTQuestion: autoDraw = True
52.3278 	EXP 	New trial (rep=0, index=1): OrderedDict([('SoundFile', 'Initial/Repeat/ManWhistle.wav'), ('Correct', 2), ('Correct2', 3), ('Type', 'NEW'), ('Trial', 'B')])
52.3299 	DATA 	Keypress: 3
52.3386 	EXP 	MSTQuestion: autoDraw = False
52.3386 	EXP 	no_3: autoDraw = True
53.8497 	EXP 	no_3: autoDraw = False
53.8497 	EXP 	no_3: autoDraw = False
53.8497 	EXP 	ItemNumber: text = '2/128'
53.8497 	EXP 	Cross: autoDraw = True
53.8497 	EXP 	ItemNumber: autoDraw = True
56.0725 	EXP 	Cross: autoDraw = False
56.0725 	EXP 	ItemNumber: autoDraw = False
56.0725 	EXP 	Cross: autoDraw = False
56.0725 	EXP 	ItemNumber: autoDraw = False
56.0725 	EXP 	MSTQuestion: autoDraw = True
56.6938 	EXP 	New trial (rep=0, index=2): OrderedDict([('SoundFile', 'Footsteps_E.wav'), ('Correct', 2), ('Correct2', 3), ('Type', 'NEW'), ('Trial', 'B')])
56.6968 	DATA 	Keypress: 3
56.7050 	EXP 	MSTQuestion: autoDraw = False
56.7050 	EXP 	no_3: autoDraw = True
58.2051 	EXP 	no_3: autoDraw = False
58.2051 	EXP 	no_3: autoDraw = False
58.2051 	EXP 	ItemNumber: text = '3/128'
58.2051 	EXP 	Cross: autoDraw = True
58.2051 	EXP 	ItemNumber: autoDraw = True
60.8730 	EXP 	Cross: autoDraw = False
60.8730 	EXP 	ItemNumber: autoDraw = False
60.8730 	EXP 	Cross: autoDraw = False
60.8730 	EXP 	ItemNumber: autoDraw = False
60.8730 	EXP 	MSTQuestion: autoDraw = True
63.3440 	EXP 	New trial (rep=0, index=3): OrderedDict([('SoundFile', 'Initial/Doubled/Chicken_A.wav'), ('Correct', 2), ('Correct2', 3), ('Type', 'NEW'), ('Trial', 'B')])
63.3460 	DATA 	Keypress: 3
63.3552 	EXP 	MSTQuestion: autoDraw = False
63.3552 	EXP 	no_3: autoDraw = True
64.8620 	EXP 	no_3: autoDraw = False
64.8620 	EXP 	no_3: autoDraw = False
64.8620 	EXP 	ItemNumber: text = '4/128'
64.8620 	EXP 	Cross: autoDraw = True
64.8620 	EXP 	ItemNumber: autoDraw = True
66.5395 	EXP 	Cross: autoDraw = False
66.5395 	EXP 	ItemNumber: autoDraw = False
66.5395 	EXP 	Cross: autoDraw = False
66.5395 	EXP 	ItemNumber: autoDraw = False
66.5395 	EXP 	MSTQuestion: autoDraw = True
68.1437 	EXP 	New trial (rep=0, index=4): OrderedDict([('SoundFile', 'Phone_D.wav'), ('Correct', 2), ('Correct2', 3), ('Type', 'NEW'), ('Trial', 'B')])
68.1468 	DATA 	Keypress: 3
68.1549 	EXP 	MSTQuestion: autoDraw = False
68.1549 	EXP 	no_3: autoDraw = True
69.6634 	EXP 	no_3: autoDraw = False
69.6634 	EXP 	no_3: autoDraw = False
69.6634 	EXP 	ItemNumber: text = '5/128'
69.6634 	EXP 	Cross: autoDraw = True
69.6634 	EXP 	ItemNumber: autoDraw = True
70.8417 	DATA 	Keypress: lctrl
72.2060 	EXP 	Cross: autoDraw = False
72.2060 	EXP 	ItemNumber: autoDraw = False
72.2060 	EXP 	Cross: autoDraw = False
72.2060 	EXP 	ItemNumber: autoDraw = False
72.2060 	EXP 	MSTQuestion: autoDraw = True
72.6107 	EXP 	New trial (rep=0, index=5): OrderedDict([('SoundFile', 'Initial/Repeat/Cup.wav'), ('Correct', 2), ('Correct2', 3), ('Type', 'NEW'), ('Trial', 'B')])
72.6134 	DATA 	Keypress: 3
72.6215 	EXP 	MSTQuestion: autoDraw = False
72.6215 	EXP 	no_3: autoDraw = True
74.1267 	EXP 	no_3: autoDraw = False
74.1267 	EXP 	no_3: autoDraw = False
74.1267 	EXP 	ItemNumber: text = '6/128'
74.1267 	EXP 	Cross: autoDraw = True
74.1267 	EXP 	ItemNumber: autoDraw = True
75.4561 	EXP 	Cross: autoDraw = False
75.4561 	EXP 	ItemNumber: autoDraw = False
75.4561 	EXP 	Cross: autoDraw = False
75.4561 	EXP 	ItemNumber: autoDraw = False
75.4561 	EXP 	MSTQuestion: autoDraw = True
76.6111 	EXP 	New trial (rep=0, index=6): OrderedDict([('SoundFile', 'Test/Foils/Bowlingpins.wav'), ('Correct', 2), ('Correct2', 3), ('Type', 'NEW'), ('Trial', 'B')])
76.6139 	DATA 	Keypress: 3
76.6214 	EXP 	MSTQuestion: autoDraw = False
76.6214 	EXP 	no_3: autoDraw = True
78.1390 	EXP 	no_3: autoDraw = False
78.1390 	EXP 	no_3: autoDraw = False
78.1390 	EXP 	ItemNumber: text = '7/128'
78.1390 	EXP 	Cross: autoDraw = True
78.1390 	EXP 	ItemNumber: autoDraw = True
80.6299 	EXP 	Cross: autoDraw = False
80.6299 	EXP 	ItemNumber: autoDraw = False
80.6299 	EXP 	Cross: autoDraw = False
80.6299 	EXP 	ItemNumber: autoDraw = False
80.6299 	EXP 	MSTQuestion: autoDraw = True
80.9773 	DATA 	Keypress: 3
80.9941 	EXP 	New trial (rep=0, index=7): OrderedDict([('SoundFile', 'Bird_D.wav'), ('Correct', 2), ('Correct2', 3), ('Type', 'NEW'), ('Trial', 'B')])
81.0054 	EXP 	MSTQuestion: autoDraw = False
81.0054 	EXP 	no_3: autoDraw = True
82.5079 	EXP 	no_3: autoDraw = False
82.5079 	EXP 	no_3: autoDraw = False
82.5079 	EXP 	ItemNumber: text = '8/128'
82.5079 	EXP 	Cross: autoDraw = True
82.5079 	EXP 	ItemNumber: autoDraw = True
83.8557 	EXP 	Cross: autoDraw = False
83.8557 	EXP 	ItemNumber: autoDraw = False
83.8557 	EXP 	Cross: autoDraw = False
83.8557 	EXP 	ItemNumber: autoDraw = False
83.8557 	EXP 	MSTQuestion: autoDraw = True
84.3929 	EXP 	New trial (rep=0, index=8): OrderedDict([('SoundFile', 'Initial/Doubled/HairDryer_A.wav'), ('Correct', 2), ('Correct2', 3), ('Type', 'NEW'), ('Trial', 'B')])
84.3959 	DATA 	Keypress: 3
84.4048 	EXP 	MSTQuestion: autoDraw = False
84.4048 	EXP 	no_3: autoDraw = True
85.9059 	EXP 	no_3: autoDraw = False
85.9059 	EXP 	no_3: autoDraw = False
85.9059 	EXP 	ItemNumber: text = '9/128'
85.9059 	EXP 	Cross: autoDraw = True
85.9059 	EXP 	ItemNumber: autoDraw = True
88.4722 	EXP 	Cross: autoDraw = False
88.4722 	EXP 	ItemNumber: autoDraw = False
88.4722 	EXP 	Cross: autoDraw = False
88.4722 	EXP 	ItemNumber: autoDraw = False
88.4722 	EXP 	MSTQuestion: autoDraw = True
88.9935 	EXP 	New trial (rep=0, index=9): OrderedDict([('SoundFile', 'Initial/NoRepeat/Faucet_A.wav'), ('Correct', 2), ('Correct2', 3), ('Type', 'NEW'), ('Trial', 'B')])
88.9964 	DATA 	Keypress: 3
89.0047 	EXP 	MSTQuestion: autoDraw = False
89.0047 	EXP 	no_3: autoDraw = True
90.7284 	EXP 	window1: mouseVisible = True
