1.1768 	WARNING 	We strongly recommend you activate the PTB sound engine in PsychoPy prefs as the preferred audio engine. Its timing is vastly superior. Your prefs are currently set to use ['sounddevice', 'PTB', 'pyo', 'pygame'] (in that order).
7.8653 	WARNING 	User requested fullscreen with size [1024  768], but screen is actually [2256, 1504]. Using actual size
10.7302 	EXP 	Created window1 = Window(allowGUI=False, allowStencil=False, args=UNKNOWN, autoLog=True, bitsMode=UNKNOWN, blendMode='avg', bpc=(8, 8, 8), color=array([0., 0., 0.]), colorSpace='rgb', depthBits=8, fullscr=<method-wrapper '__getattribute__' of attributeSetter object at 0x000001A75D955EB8>, gamma=None, gammaErrorPolicy='raise', kwargs=UNKNOWN, lms=UNKNOWN, monitor=<psychopy.monitors.calibTools.Monitor object at 0x000001A75D9A65F8>, multiSample=False, name='window1', numSamples=2, pos=[0.0, 0.0], screen=0, size=array([2256, 1504]), stencilBits=0, stereo=False, units='height', useFBO=True, useRetina=False, viewOri=0.0, viewPos=None, viewScale=None, waitBlanking=True, winType='pyglet')
10.7315 	EXP 	window1: mouseVisible = True
10.7316 	EXP 	window1: recordFrameIntervals = False
10.8789 	EXP 	window1: recordFrameIntervals = True
11.0628 	EXP 	window1: recordFrameIntervals = False
11.4913 	EXP 	Created InstructionTxt = TextStim(__class__=<class 'psychopy.visual.text.TextStim'>, alignHoriz=method-wrapper(...), alignText='center', alignVert=method-wrapper(...), anchorHoriz='center', anchorVert='center', antialias=True, autoLog=True, bold=False, color='white', colorSpace='named', contrast=1.0, depth=0.0, flipHoriz=False, flipVert=False, font='Arial', fontFiles=[], height=0.04, italic=False, languageStyle='LTR', name='InstructionTxt', opacity=1.0, ori=0, pos=array([0., 0.]), rgb=array([255., 255., 255.]), text=str(...), units='height', win=Window(...), wrapWidth=1)
11.5007 	EXP 	Created WelcomContinue = TextStim(__class__=<class 'psychopy.visual.text.TextStim'>, alignHoriz=method-wrapper(...), alignText='center', alignVert=method-wrapper(...), anchorHoriz='center', anchorVert='center', antialias=True, autoLog=True, bold=False, color='white', colorSpace='named', contrast=1.0, depth=-3.0, flipHoriz=False, flipVert=False, font='Arial', fontFiles=[], height=0.04, italic=False, languageStyle='LTR', name='WelcomContinue', opacity=1.0, ori=0, pos=array([ 0. , -0.4]), rgb=array([255., 255., 255.]), text='Press SPACE to continue', units='height', win=Window(...), wrapWidth=1)
11.5188 	EXP 	Created VolumeBeginTxt = TextStim(__class__=<class 'psychopy.visual.text.TextStim'>, alignHoriz=method-wrapper(...), alignText='center', alignVert=method-wrapper(...), anchorHoriz='center', anchorVert='center', antialias=True, autoLog=True, bold=False, color='white', colorSpace='named', contrast=1.0, depth=0.0, flipHoriz=False, flipVert=False, font='Arial', fontFiles=[], height=0.04, italic=False, languageStyle='LTR', name='VolumeBeginTxt', opacity=1.0, ori=0, pos=array([0., 0.]), rgb=array([255., 255., 255.]), text=str(...), units='height', win=Window(...), wrapWidth=1)
11.5246 	EXP 	Created VolumeContinue = TextStim(__class__=<class 'psychopy.visual.text.TextStim'>, alignHoriz=method-wrapper(...), alignText='center', alignVert=method-wrapper(...), anchorHoriz='center', anchorVert='center', antialias=True, autoLog=True, bold=False, color='white', colorSpace='named', contrast=1.0, depth=-1.0, flipHoriz=False, flipVert=False, font='Arial', fontFiles=[], height=0.04, italic=False, languageStyle='LTR', name='VolumeContinue', opacity=1.0, ori=0, pos=array([ 0. , -0.4]), rgb=array([255., 255., 255.]), text=str(...), units='height', win=Window(...), wrapWidth=1)
11.5325 	EXP 	Created text = TextStim(__class__=<class 'psychopy.visual.text.TextStim'>, alignHoriz=method-wrapper(...), alignText='center', alignVert=method-wrapper(...), anchorHoriz='center', anchorVert='center', antialias=True, autoLog=True, bold=False, color='white', colorSpace='named', contrast=1.0, depth=0.0, flipHoriz=False, flipVert=False, font='Arial', fontFiles=[], height=0.04, italic=False, languageStyle='LTR', name='text', opacity=1.0, ori=0, pos=array([0., 0.]), rgb=array([255., 255., 255.]), text=str(...), units='height', win=Window(...), wrapWidth=1)
11.7032 	EXP 	Sound Music set volume 0.300
11.7153 	EXP 	Created AdjustContinue = TextStim(__class__=<class 'psychopy.visual.text.TextStim'>, alignHoriz=method-wrapper(...), alignText='center', alignVert=method-wrapper(...), anchorHoriz='center', anchorVert='center', antialias=True, autoLog=True, bold=False, color='white', colorSpace='named', contrast=1.0, depth=-3.0, flipHoriz=False, flipVert=False, font='Arial', fontFiles=[], height=0.04, italic=False, languageStyle='LTR', name='AdjustContinue', opacity=1.0, ori=0, pos=array([ 0. , -0.4]), rgb=array([255., 255., 255.]), text=str(...), units='height', win=Window(...), wrapWidth=1)
11.7629 	EXP 	Created HeadphoneCheckBeing = TextStim(__class__=<class 'psychopy.visual.text.TextStim'>, alignHoriz=method-wrapper(...), alignText='center', alignVert=method-wrapper(...), anchorHoriz='center', anchorVert='center', antialias=True, autoLog=True, bold=False, color='white', colorSpace='named', contrast=1.0, depth=0.0, flipHoriz=False, flipVert=False, font='Arial', fontFiles=[], height=0.04, italic=False, languageStyle='LTR', name='HeadphoneCheckBeing', opacity=1.0, ori=0, pos=array([0., 0.]), rgb=array([255., 255., 255.]), text=str(...), units='height', win=Window(...), wrapWidth=1)
11.7693 	EXP 	Created HeadphoneContinue = TextStim(__class__=<class 'psychopy.visual.text.TextStim'>, alignHoriz=method-wrapper(...), alignText='center', alignVert=method-wrapper(...), anchorHoriz='center', anchorVert='center', antialias=True, autoLog=True, bold=False, color='white', colorSpace='named', contrast=1.0, depth=-1.0, flipHoriz=False, flipVert=False, font='Arial', fontFiles=[], height=0.04, italic=False, languageStyle='LTR', name='HeadphoneContinue', opacity=1.0, ori=0, pos=array([ 0. , -0.4]), rgb=array([255., 255., 255.]), text='Press SPACE to continue', units='height', win=Window(...), wrapWidth=1)
11.7695 	EXP 	Sound CheckSound set volume 1.000
11.7894 	EXP 	Created QuestionTxt = TextStim(__class__=<class 'psychopy.visual.text.TextStim'>, alignHoriz=method-wrapper(...), alignText='center', alignVert=method-wrapper(...), anchorHoriz='center', anchorVert='center', antialias=True, autoLog=True, bold=False, color='white', colorSpace='named', contrast=1.0, depth=-2.0, flipHoriz=False, flipVert=False, font='Arial', fontFiles=[], height=0.04, italic=False, languageStyle='LTR', name='QuestionTxt', opacity=1.0, ori=0, pos=array([0., 0.]), rgb=array([255., 255., 255.]), text=str(...), units='height', win=Window(...), wrapWidth=1)
11.9882 	EXP 	Created CheckTrial = TextStim(__class__=<class 'psychopy.visual.text.TextStim'>, alignHoriz=method-wrapper(...), alignText='center', alignVert=method-wrapper(...), anchorHoriz='center', anchorVert='center', antialias=True, autoLog=True, bold=False, color='white', colorSpace='named', contrast=1.0, depth=-3.0, flipHoriz=False, flipVert=False, font='Arial', fontFiles=[], height=0.05, italic=False, languageStyle='LTR', name='CheckTrial', opacity=1.0, ori=0, pos=array([0. , 0.2]), rgb=array([255., 255., 255.]), text='default text', units='height', win=Window(...), wrapWidth=1)
12.0208 	EXP 	Created CrossHeadphone = TextStim(__class__=<class 'psychopy.visual.text.TextStim'>, alignHoriz=method-wrapper(...), alignText='center', alignVert=method-wrapper(...), anchorHoriz='center', anchorVert='center', antialias=True, autoLog=True, bold=False, color='white', colorSpace='named', contrast=1.0, depth=-4.0, flipHoriz=False, flipVert=False, font='Arial', fontFiles=[], height=0.1, italic=False, languageStyle='LTR', name='CrossHeadphone', opacity=1.0, ori=0, pos=array([0., 0.]), rgb=array([255., 255., 255.]), text='+', units='height', win=Window(...), wrapWidth=1)
12.0318 	EXP 	Created FeedbackTxt = TextStim(__class__=<class 'psychopy.visual.text.TextStim'>, alignHoriz=method-wrapper(...), alignText='center', alignVert=method-wrapper(...), anchorHoriz='center', anchorVert='center', antialias=True, autoLog=True, bold=False, color='white', colorSpace='named', contrast=1.0, depth=0.0, flipHoriz=False, flipVert=False, font='Arial', fontFiles=[], height=0.04, italic=False, languageStyle='LTR', name='FeedbackTxt', opacity=1.0, ori=0, pos=array([0., 0.]), rgb=array([255., 255., 255.]), text='default text', units='height', win=Window(...), wrapWidth=1)
12.0849 	EXP 	Created WelcomeTxt1 = TextStim(__class__=<class 'psychopy.visual.text.TextStim'>, alignHoriz=method-wrapper(...), alignText='center', alignVert=method-wrapper(...), anchorHoriz='center', anchorVert='center', antialias=True, autoLog=True, bold=False, color='white', colorSpace='named', contrast=1.0, depth=0.0, flipHoriz=False, flipVert=False, font='Arial', fontFiles=[], height=0.04, italic=False, languageStyle='LTR', name='WelcomeTxt1', opacity=1.0, ori=0, pos=array([0., 0.]), rgb=array([255., 255., 255.]), text=str(...), units='height', win=Window(...), wrapWidth=1)
12.0906 	EXP 	Created ContinueKey1 = TextStim(__class__=<class 'psychopy.visual.text.TextStim'>, alignHoriz=method-wrapper(...), alignText='center', alignVert=method-wrapper(...), anchorHoriz='center', anchorVert='center', antialias=True, autoLog=True, bold=False, color='white', colorSpace='named', contrast=1.0, depth=-1.0, flipHoriz=False, flipVert=False, font='Arial', fontFiles=[], height=0.04, italic=False, languageStyle='LTR', name='ContinueKey1', opacity=1.0, ori=0, pos=array([ 0. , -0.4]), rgb=array([255., 255., 255.]), text='Press SPACE to continue', units='height', win=Window(...), wrapWidth=1)
12.0956 	EXP 	Created InstructionTxt2 = TextStim(__class__=<class 'psychopy.visual.text.TextStim'>, alignHoriz=method-wrapper(...), alignText='center', alignVert=method-wrapper(...), anchorHoriz='center', anchorVert='center', antialias=True, autoLog=True, bold=False, color='white', colorSpace='named', contrast=1.0, depth=0.0, flipHoriz=False, flipVert=False, font='Arial', fontFiles=[], height=0.04, italic=False, languageStyle='LTR', name='InstructionTxt2', opacity=1.0, ori=0, pos=array([0., 0.]), rgb=array([255., 255., 255.]), text=str(...), units='height', win=Window(...), wrapWidth=1)
12.1007 	EXP 	Created WelcomeContinue2 = TextStim(__class__=<class 'psychopy.visual.text.TextStim'>, alignHoriz=method-wrapper(...), alignText='center', alignVert=method-wrapper(...), anchorHoriz='center', anchorVert='center', antialias=True, autoLog=True, bold=False, color='white', colorSpace='named', contrast=1.0, depth=-1.0, flipHoriz=False, flipVert=False, font='Arial', fontFiles=[], height=0.04, italic=False, languageStyle='LTR', name='WelcomeContinue2', opacity=1.0, ori=0, pos=array([ 0. , -0.4]), rgb=array([255., 255., 255.]), text='Press SPACE to begin practice\n', units='height', win=Window(...), wrapWidth=1)
12.1035 	EXP 	Created TrialNumber = TextStim(__class__=<class 'psychopy.visual.text.TextStim'>, alignHoriz=method-wrapper(...), alignText='center', alignVert=method-wrapper(...), anchorHoriz='center', anchorVert='center', antialias=True, autoLog=True, bold=False, color='white', colorSpace='named', contrast=1.0, depth=0.0, flipHoriz=False, flipVert=False, font='Arial', fontFiles=[], height=0.04, italic=False, languageStyle='LTR', name='TrialNumber', opacity=1.0, ori=0, pos=array([0. , 0.3]), rgb=array([255., 255., 255.]), text='default text', units='height', win=Window(...), wrapWidth=1)
12.1036 	EXP 	Sound PracticeSound set volume 1.000
12.1052 	EXP 	Created PracticeCross = TextStim(__class__=<class 'psychopy.visual.text.TextStim'>, alignHoriz=method-wrapper(...), alignText='center', alignVert=method-wrapper(...), anchorHoriz='center', anchorVert='center', antialias=True, autoLog=True, bold=False, color='white', colorSpace='named', contrast=1.0, depth=-2.0, flipHoriz=False, flipVert=False, font='Arial', fontFiles=[], height=0.1, italic=False, languageStyle='LTR', name='PracticeCross', opacity=1.0, ori=0, pos=array([0., 0.]), rgb=array([255., 255., 255.]), text='+', units='height', win=Window(...), wrapWidth=1)
12.1080 	EXP 	Created PracticeMssg = TextStim(__class__=<class 'psychopy.visual.text.TextStim'>, alignHoriz=method-wrapper(...), alignText='center', alignVert=method-wrapper(...), anchorHoriz='center', anchorVert='center', antialias=True, autoLog=True, bold=False, color='white', colorSpace='named', contrast=1.0, depth=-2.0, flipHoriz=False, flipVert=False, font='Arial', fontFiles=[], height=0.04, italic=False, languageStyle='LTR', name='PracticeMssg', opacity=1.0, ori=0, pos=array([0. , 0.2]), rgb=array([255., 255., 255.]), text='default text', units='height', win=Window(...), wrapWidth=1)
12.1096 	EXP 	Created FeedbackCross = TextStim(__class__=<class 'psychopy.visual.text.TextStim'>, alignHoriz=method-wrapper(...), alignText='center', alignVert=method-wrapper(...), anchorHoriz='center', anchorVert='center', antialias=True, autoLog=True, bold=False, color='white', colorSpace='named', contrast=1.0, depth=-3.0, flipHoriz=False, flipVert=False, font='Arial', fontFiles=[], height=0.1, italic=False, languageStyle='LTR', name='FeedbackCross', opacity=1.0, ori=0, pos=array([0., 0.]), rgb=array([255., 255., 255.]), text='+', units='height', win=Window(...), wrapWidth=1)
12.1142 	EXP 	Created Continue = TextStim(__class__=<class 'psychopy.visual.text.TextStim'>, alignHoriz=method-wrapper(...), alignText='center', alignVert=method-wrapper(...), anchorHoriz='center', anchorVert='center', antialias=True, autoLog=True, bold=False, color='white', colorSpace='named', contrast=1.0, depth=-4.0, flipHoriz=False, flipVert=False, font='Arial', fontFiles=[], height=0.04, italic=False, languageStyle='LTR', name='Continue', opacity=1.0, ori=0, pos=array([ 0. , -0.4]), rgb=array([255., 255., 255.]), text='Press the correct number on your keyboard', units='height', win=Window(...), wrapWidth=1)
12.1213 	EXP 	Created Options = TextStim(__class__=<class 'psychopy.visual.text.TextStim'>, alignHoriz=method-wrapper(...), alignText='center', alignVert=method-wrapper(...), anchorHoriz='center', anchorVert='center', antialias=True, autoLog=True, bold=False, color='white', colorSpace='named', contrast=1.0, depth=-5.0, flipHoriz=False, flipVert=False, font='Arial', fontFiles=[], height=0.04, italic=False, languageStyle='LTR', name='Options', opacity=1.0, ori=0, pos=array([ 0. , -0.2]), rgb=array([255., 255., 255.]), text='1 = REPEAT\n2 = SIMILAR\n3 = NEW', units='height', win=Window(...), wrapWidth=1)
12.1357 	EXP 	Created StartTxt = TextStim(__class__=<class 'psychopy.visual.text.TextStim'>, alignHoriz=method-wrapper(...), alignText='center', alignVert=method-wrapper(...), anchorHoriz='center', anchorVert='center', antialias=True, autoLog=True, bold=False, color='white', colorSpace='named', contrast=1.0, depth=0.0, flipHoriz=False, flipVert=False, font='Arial', fontFiles=[], height=0.04, italic=False, languageStyle='LTR', name='StartTxt', opacity=1.0, ori=0, pos=array([0., 0.]), rgb=array([255., 255., 255.]), text=str(...), units='height', win=Window(...), wrapWidth=1)
12.1408 	EXP 	Created ContinueStart = TextStim(__class__=<class 'psychopy.visual.text.TextStim'>, alignHoriz=method-wrapper(...), alignText='center', alignVert=method-wrapper(...), anchorHoriz='center', anchorVert='center', antialias=True, autoLog=True, bold=False, color='white', colorSpace='named', contrast=1.0, depth=-2.0, flipHoriz=False, flipVert=False, font='Arial', fontFiles=[], height=0.04, italic=False, languageStyle='LTR', name='ContinueStart', opacity=1.0, ori=0, pos=array([ 0. , -0.4]), rgb=array([255., 255., 255.]), text='Press SPACE to begin the task', units='height', win=Window(...), wrapWidth=1)
12.1447 	EXP 	Created no1 = TextStim(__class__=<class 'psychopy.visual.text.TextStim'>, alignHoriz=method-wrapper(...), alignText='center', alignVert=method-wrapper(...), anchorHoriz='center', anchorVert='center', antialias=True, autoLog=True, bold=False, color='white', colorSpace='named', contrast=1.0, depth=0.0, flipHoriz=False, flipVert=False, font='Arial', fontFiles=[], height=0.05, italic=False, languageStyle='LTR', name='no1', opacity=1.0, ori=0, pos=array([0., 0.]), rgb=array([255., 255., 255.]), text='1', units='height', win=Window(...), wrapWidth=1)
12.1473 	EXP 	Created no_2 = TextStim(__class__=<class 'psychopy.visual.text.TextStim'>, alignHoriz=method-wrapper(...), alignText='center', alignVert=method-wrapper(...), anchorHoriz='center', anchorVert='center', antialias=True, autoLog=True, bold=False, color='white', colorSpace='named', contrast=1.0, depth=-2.0, flipHoriz=False, flipVert=False, font='Arial', fontFiles=[], height=0.05, italic=False, languageStyle='LTR', name='no_2', opacity=1.0, ori=0, pos=array([0., 0.]), rgb=array([255., 255., 255.]), text='2', units='height', win=Window(...), wrapWidth=1)
12.1502 	EXP 	Created no_3 = TextStim(__class__=<class 'psychopy.visual.text.TextStim'>, alignHoriz=method-wrapper(...), alignText='center', alignVert=method-wrapper(...), anchorHoriz='center', anchorVert='center', antialias=True, autoLog=True, bold=False, color='white', colorSpace='named', contrast=1.0, depth=-3.0, flipHoriz=False, flipVert=False, font='Arial', fontFiles=[], height=0.05, italic=False, languageStyle='LTR', name='no_3', opacity=1.0, ori=0, pos=array([0., 0.]), rgb=array([255., 255., 255.]), text='3', units='height', win=Window(...), wrapWidth=1)
12.1503 	EXP 	Sound TargetSound set volume 1.000
12.1520 	EXP 	Created Cross = TextStim(__class__=<class 'psychopy.visual.text.TextStim'>, alignHoriz=method-wrapper(...), alignText='center', alignVert=method-wrapper(...), anchorHoriz='center', anchorVert='center', antialias=True, autoLog=True, bold=False, color='white', colorSpace='named', contrast=1.0, depth=-1.0, flipHoriz=False, flipVert=False, font='Arial', fontFiles=[], height=0.1, italic=False, languageStyle='LTR', name='Cross', opacity=1.0, ori=0, pos=array([0., 0.]), rgb=array([255., 255., 255.]), text='+', units='height', win=Window(...), wrapWidth=1)
12.1551 	EXP 	Created ItemNumber = TextStim(__class__=<class 'psychopy.visual.text.TextStim'>, alignHoriz=method-wrapper(...), alignText='center', alignVert=method-wrapper(...), anchorHoriz='center', anchorVert='center', antialias=True, autoLog=True, bold=False, color='white', colorSpace='named', contrast=1.0, depth=-2.0, flipHoriz=False, flipVert=False, font='Arial', fontFiles=[], height=0.04, italic=False, languageStyle='LTR', name='ItemNumber', opacity=1.0, ori=0, pos=array([0. , 0.3]), rgb=array([255., 255., 255.]), text='default text', units='height', win=Window(...), wrapWidth=1)
12.1755 	EXP 	Created MSTQuestion = TextStim(__class__=<class 'psychopy.visual.text.TextStim'>, alignHoriz=method-wrapper(...), alignText='center', alignVert=method-wrapper(...), anchorHoriz='center', anchorVert='center', antialias=True, autoLog=True, bold=False, color='white', colorSpace='named', contrast=1.0, depth=0.0, flipHoriz=False, flipVert=False, font='Arial', fontFiles=[], height=0.04, italic=False, languageStyle='LTR', name='MSTQuestion', opacity=1.0, ori=0, pos=array([0., 0.]), rgb=array([255., 255., 255.]), text=str(...), units='height', win=Window(...), wrapWidth=1)
12.1855 	EXP 	Created ThankyouMssg = TextStim(__class__=<class 'psychopy.visual.text.TextStim'>, alignHoriz=method-wrapper(...), alignText='center', alignVert=method-wrapper(...), anchorHoriz='center', anchorVert='center', antialias=True, autoLog=True, bold=False, color='white', colorSpace='named', contrast=1.0, depth=0.0, flipHoriz=False, flipVert=False, font='Arial', fontFiles=[], height=0.04, italic=False, languageStyle='LTR', name='ThankyouMssg', opacity=1.0, ori=0, pos=array([0. , 0.2]), rgb=array([255., 255., 255.]), text=str(...), units='height', win=Window(...), wrapWidth=1)
12.8654 	EXP 	Created ExitTxt = TextStim(__class__=<class 'psychopy.visual.text.TextStim'>, alignHoriz=method-wrapper(...), alignText='center', alignVert=method-wrapper(...), anchorHoriz='center', anchorVert='center', antialias=True, autoLog=True, bold=False, color='white', colorSpace='named', contrast=1.0, depth=-2.0, flipHoriz=False, flipVert=False, font='Arial', fontFiles=[], height=0.04, italic=False, languageStyle='LTR', name='ExitTxt', opacity=1.0, ori=0, pos=array([ 0. , -0.4]), rgb=array([255., 255., 255.]), text='Press SPACE to exit the study', units='height', win=Window(...), wrapWidth=1)
12.8746 	EXP 	Created CodeTxt = TextStim(__class__=<class 'psychopy.visual.text.TextStim'>, alignHoriz=method-wrapper(...), alignText='center', alignVert=method-wrapper(...), anchorHoriz='center', anchorVert='center', antialias=True, autoLog=True, bold=False, color='white', colorSpace='named', contrast=1.0, depth=-4.0, flipHoriz=False, flipVert=False, font='Arial', fontFiles=[], height=0.04, italic=False, languageStyle='LTR', name='CodeTxt', opacity=1.0, ori=0, pos=array([ 0.  , -0.22]), rgb=array([255., 255., 255.]), text=str(...), units='height', win=Window(...), wrapWidth=1)
13.1153 	EXP 	CompletionCode: autoLog = True
13.1153 	EXP 	InstructionTxt: autoDraw = True
13.1153 	EXP 	WelcomContinue: autoDraw = True
134.4816 	DATA 	Keypress: space
134.5062 	EXP 	InstructionTxt: autoDraw = False
134.5062 	EXP 	WelcomContinue: autoDraw = False
134.5062 	EXP 	VolumeBeginTxt: autoDraw = True
134.5062 	EXP 	VolumeContinue: autoDraw = True
148.2382 	DATA 	Keypress: space
148.2427 	EXP 	VolumeBeginTxt: autoDraw = False
148.2427 	EXP 	VolumeContinue: autoDraw = False
148.2427 	EXP 	text: autoDraw = True
148.2427 	EXP 	AdjustContinue: autoDraw = True
152.0916 	DATA 	Keypress: space
152.0965 	EXP 	text: autoDraw = False
152.0965 	EXP 	AdjustContinue: autoDraw = False
152.0965 	EXP 	HeadphoneCheckBeing: autoDraw = True
152.0965 	EXP 	HeadphoneContinue: autoDraw = True
160.2485 	EXP 	Imported Headphone_check.xlsx as conditions, 6 conditions, 2 params
160.2791 	EXP 	Created sequence: random, trialTypes=6, nReps=1, seed=None
160.2798 	EXP 	New trial (rep=0, index=0): OrderedDict([('File', 'Headphone/t2_2.wav'), ('Correct', 2)])
160.3404 	DATA 	Keypress: space
160.3457 	EXP 	HeadphoneCheckBeing: autoDraw = False
160.3457 	EXP 	HeadphoneContinue: autoDraw = False
160.3457 	EXP 	CheckTrial: text = '1/6'
160.3457 	EXP 	CheckTrial: autoDraw = True
160.3457 	EXP 	CrossHeadphone: autoDraw = True
164.8597 	EXP 	QuestionTxt: autoDraw = True
164.8927 	EXP 	CheckTrial: autoDraw = False
164.8927 	EXP 	CrossHeadphone: autoDraw = False
165.8975 	DATA 	Keypress: 2
165.9006 	EXP 	QuestionTxt: autoDraw = False
165.9006 	EXP 	CheckTrial: autoDraw = False
165.9006 	EXP 	CrossHeadphone: autoDraw = False
165.9006 	EXP 	FeedbackTxt: text = 'CORRECT'
165.9006 	EXP 	FeedbackTxt: autoDraw = True
166.8952 	EXP 	New trial (rep=0, index=1): OrderedDict([('File', 'Headphone/t1_2.wav'), ('Correct', 1)])
166.9384 	EXP 	FeedbackTxt: autoDraw = False
166.9384 	EXP 	CheckTrial: text = '1/6'
166.9384 	EXP 	CheckTrial: autoDraw = True
166.9384 	EXP 	CrossHeadphone: autoDraw = True
171.4612 	EXP 	QuestionTxt: autoDraw = True
171.4778 	EXP 	CheckTrial: autoDraw = False
171.4778 	EXP 	CrossHeadphone: autoDraw = False
172.3044 	DATA 	Keypress: 2
172.3089 	EXP 	QuestionTxt: autoDraw = False
172.3089 	EXP 	CheckTrial: autoDraw = False
172.3089 	EXP 	CrossHeadphone: autoDraw = False
172.3089 	EXP 	FeedbackTxt: text = 'INCORRECT'
172.3089 	EXP 	FeedbackTxt: autoDraw = True
173.2954 	EXP 	New trial (rep=0, index=2): OrderedDict([('File', 'Headphone/t2_1.wav'), ('Correct', 2)])
173.3633 	EXP 	FeedbackTxt: autoDraw = False
173.3633 	EXP 	CheckTrial: text = '1/6'
173.3633 	EXP 	CheckTrial: autoDraw = True
173.3633 	EXP 	CrossHeadphone: autoDraw = True
177.8940 	EXP 	QuestionTxt: autoDraw = True
177.9107 	EXP 	CheckTrial: autoDraw = False
177.9107 	EXP 	CrossHeadphone: autoDraw = False
178.0435 	DATA 	Keypress: 3
178.0477 	EXP 	QuestionTxt: autoDraw = False
178.0477 	EXP 	CheckTrial: autoDraw = False
178.0477 	EXP 	CrossHeadphone: autoDraw = False
178.0477 	EXP 	FeedbackTxt: text = 'INCORRECT'
178.0477 	EXP 	FeedbackTxt: autoDraw = True
179.0455 	EXP 	New trial (rep=0, index=3): OrderedDict([('File', 'Headphone/t3_1.wav'), ('Correct', 3)])
179.0953 	EXP 	FeedbackTxt: autoDraw = False
179.0953 	EXP 	CheckTrial: text = '1/6'
179.0953 	EXP 	CheckTrial: autoDraw = True
179.0953 	EXP 	CrossHeadphone: autoDraw = True
183.6274 	EXP 	QuestionTxt: autoDraw = True
183.6441 	EXP 	CheckTrial: autoDraw = False
183.6441 	EXP 	CrossHeadphone: autoDraw = False
184.1222 	DATA 	Keypress: 3
184.1559 	EXP 	QuestionTxt: autoDraw = False
184.1559 	EXP 	CheckTrial: autoDraw = False
184.1559 	EXP 	CrossHeadphone: autoDraw = False
184.1559 	EXP 	FeedbackTxt: text = 'CORRECT'
184.1559 	EXP 	FeedbackTxt: autoDraw = True
185.1453 	EXP 	New trial (rep=0, index=4): OrderedDict([('File', 'Headphone/t3_2.wav'), ('Correct', 3)])
185.1955 	EXP 	FeedbackTxt: autoDraw = False
185.1955 	EXP 	CheckTrial: text = '1/6'
185.1955 	EXP 	CheckTrial: autoDraw = True
185.1955 	EXP 	CrossHeadphone: autoDraw = True
189.7104 	EXP 	QuestionTxt: autoDraw = True
189.7438 	EXP 	CheckTrial: autoDraw = False
189.7438 	EXP 	CrossHeadphone: autoDraw = False
190.0017 	DATA 	Keypress: 4
190.7231 	DATA 	Keypress: 3
190.7448 	EXP 	QuestionTxt: autoDraw = False
190.7448 	EXP 	CheckTrial: autoDraw = False
190.7448 	EXP 	CrossHeadphone: autoDraw = False
190.7448 	EXP 	FeedbackTxt: text = 'CORRECT'
190.7448 	EXP 	FeedbackTxt: autoDraw = True
191.7315 	EXP 	New trial (rep=0, index=5): OrderedDict([('File', 'Headphone/t1_1.wav'), ('Correct', 1)])
191.7806 	EXP 	FeedbackTxt: autoDraw = False
191.7806 	EXP 	FeedbackTxt: autoDraw = False
191.7806 	EXP 	CheckTrial: text = '1/6'
191.7806 	EXP 	CheckTrial: autoDraw = True
191.7806 	EXP 	CrossHeadphone: autoDraw = True
196.3108 	EXP 	QuestionTxt: autoDraw = True
196.3274 	EXP 	CheckTrial: autoDraw = False
196.3274 	EXP 	CrossHeadphone: autoDraw = False
196.6721 	DATA 	Keypress: 2
196.6764 	EXP 	QuestionTxt: autoDraw = False
196.6764 	EXP 	CheckTrial: autoDraw = False
196.6764 	EXP 	CrossHeadphone: autoDraw = False
196.6764 	EXP 	FeedbackTxt: text = 'INCORRECT'
196.6764 	EXP 	FeedbackTxt: autoDraw = True
197.6783 	EXP 	FeedbackTxt: autoDraw = False
197.6783 	EXP 	WelcomeTxt1: autoDraw = True
197.6783 	EXP 	ContinueKey1: autoDraw = True
203.8432 	DATA 	Keypress: space
203.8476 	EXP 	WelcomeTxt1: autoDraw = False
203.8476 	EXP 	ContinueKey1: autoDraw = False
203.8476 	EXP 	InstructionTxt2: autoDraw = True
203.8476 	EXP 	WelcomeContinue2: autoDraw = True
205.0682 	DATA 	Keypress: space
205.1521 	EXP 	Imported GuessSounds_conditions.xlsx as conditions, 1 conditions, 2 params
205.1526 	EXP 	Created sequence: sequential, trialTypes=1, nReps=1, seed=None
205.1533 	EXP 	New trial (rep=0, index=0): OrderedDict([('SoundFiles3', 'Practice/Seagull_A.wav'), ('Correct', 3)])
205.2042 	EXP 	InstructionTxt2: autoDraw = False
205.2042 	EXP 	WelcomeContinue2: autoDraw = False
205.2042 	EXP 	TrialNumber: text = 'Trial 1'
205.2042 	EXP 	TrialNumber: autoDraw = True
205.2042 	EXP 	PracticeCross: autoDraw = True
207.5117 	EXP 	TrialNumber: autoDraw = False
207.5117 	EXP 	PracticeCross: autoDraw = False
207.5117 	EXP 	TrialNumber: autoDraw = False
207.5117 	EXP 	PracticeCross: autoDraw = False
207.5117 	EXP 	PracticeMssg: text = 'This is a NEW sound. \nThis sound has never been played before.'
207.5117 	EXP 	PracticeMssg: autoDraw = True
207.5117 	EXP 	FeedbackCross: autoDraw = True
207.5117 	EXP 	Continue: autoDraw = True
207.5117 	EXP 	Options: autoDraw = True
215.1018 	DATA 	Keypress: 3
215.1067 	EXP 	PracticeMssg: autoDraw = False
215.1067 	EXP 	FeedbackCross: autoDraw = False
215.1067 	EXP 	Continue: autoDraw = False
215.1067 	EXP 	Options: autoDraw = False
215.1067 	EXP 	StartTxt: autoDraw = True
215.1067 	EXP 	ContinueStart: autoDraw = True
221.7227 	EXP 	Imported GuessSounds_conditions.xlsx as conditions, 39 conditions, 2 params
221.7233 	EXP 	Created sequence: sequential, trialTypes=39, nReps=1, seed=None
221.7238 	EXP 	New trial (rep=0, index=0): OrderedDict([('SoundFiles3', 'Initial/Doubled/Coin_A.wav'), ('Correct', 3)])
221.7277 	DATA 	Keypress: space
221.7315 	EXP 	StartTxt: autoDraw = False
221.7315 	EXP 	ContinueStart: autoDraw = False
221.7315 	EXP 	no_3: autoDraw = True
222.7267 	EXP 	no_2: autoDraw = True
222.7433 	EXP 	no_3: autoDraw = False
223.7267 	EXP 	no1: autoDraw = True
223.7267 	EXP 	no_2: autoDraw = False
224.7461 	EXP 	no1: autoDraw = False
224.7461 	EXP 	no_2: autoDraw = False
224.7461 	EXP 	no_3: autoDraw = False
224.7461 	EXP 	ItemNumber: text = '1/110'
224.7461 	EXP 	Cross: autoDraw = True
224.7461 	EXP 	ItemNumber: autoDraw = True
225.8603 	EXP 	ItemNumber: autoDraw = False
229.0817 	DATA 	Keypress: space
230.0818 	DATA 	Keypress: w
230.6491 	DATA 	Keypress: 3
232.1303 	DATA 	Keypress: escape
232.6090 	EXP 	window1: mouseVisible = True
