1.4975 	WARNING 	We strongly recommend you activate the PTB sound engine in PsychoPy prefs as the preferred audio engine. Its timing is vastly superior. Your prefs are currently set to use ['sounddevice', 'PTB', 'pyo', 'pygame'] (in that order).
8.2838 	WARNING 	User requested fullscreen with size [1024  768], but screen is actually [2256, 1504]. Using actual size
10.2611 	EXP 	Created window1 = Window(allowGUI=False, allowStencil=False, args=UNKNOWN, autoLog=True, bitsMode=UNKNOWN, blendMode='avg', bpc=(8, 8, 8), color=array([0., 0., 0.]), colorSpace='rgb', depthBits=8, fullscr=<method-wrapper '__getattribute__' of attributeSetter object at 0x000002209ABF15C0>, gamma=None, gammaErrorPolicy='raise', kwargs=UNKNOWN, lms=UNKNOWN, monitor=<psychopy.monitors.calibTools.Monitor object at 0x000002209AB33CC0>, multiSample=False, name='window1', numSamples=2, pos=[0.0, 0.0], screen=0, size=array([2256, 1504]), stencilBits=0, stereo=False, units='height', useFBO=True, useRetina=False, viewOri=0.0, viewPos=None, viewScale=None, waitBlanking=True, winType='pyglet')
10.2624 	EXP 	window1: mouseVisible = True
10.2625 	EXP 	window1: recordFrameIntervals = False
10.4228 	EXP 	window1: recordFrameIntervals = True
10.6064 	EXP 	window1: recordFrameIntervals = False
11.0396 	EXP 	Created InstructionTxt = TextStim(__class__=<class 'psychopy.visual.text.TextStim'>, alignHoriz=method-wrapper(...), alignText='center', alignVert=method-wrapper(...), anchorHoriz='center', anchorVert='center', antialias=True, autoLog=True, bold=False, color='white', colorSpace='named', contrast=1.0, depth=0.0, flipHoriz=False, flipVert=False, font='Arial', fontFiles=[], height=0.04, italic=False, languageStyle='LTR', name='InstructionTxt', opacity=1.0, ori=0, pos=array([0., 0.]), rgb=array([255., 255., 255.]), text=str(...), units='height', win=Window(...), wrapWidth=1)
11.0503 	EXP 	Created WelcomContinue = TextStim(__class__=<class 'psychopy.visual.text.TextStim'>, alignHoriz=method-wrapper(...), alignText='center', alignVert=method-wrapper(...), anchorHoriz='center', anchorVert='center', antialias=True, autoLog=True, bold=False, color='white', colorSpace='named', contrast=1.0, depth=-3.0, flipHoriz=False, flipVert=False, font='Arial', fontFiles=[], height=0.04, italic=False, languageStyle='LTR', name='WelcomContinue', opacity=1.0, ori=0, pos=array([ 0. , -0.4]), rgb=array([255., 255., 255.]), text='Press SPACE to continue', units='height', win=Window(...), wrapWidth=1)
11.0644 	EXP 	Created VolumeBeginTxt = TextStim(__class__=<class 'psychopy.visual.text.TextStim'>, alignHoriz=method-wrapper(...), alignText='center', alignVert=method-wrapper(...), anchorHoriz='center', anchorVert='center', antialias=True, autoLog=True, bold=False, color='white', colorSpace='named', contrast=1.0, depth=0.0, flipHoriz=False, flipVert=False, font='Arial', fontFiles=[], height=0.04, italic=False, languageStyle='LTR', name='VolumeBeginTxt', opacity=1.0, ori=0, pos=array([0., 0.]), rgb=array([255., 255., 255.]), text=str(...), units='height', win=Window(...), wrapWidth=1)
11.0702 	EXP 	Created VolumeContinue = TextStim(__class__=<class 'psychopy.visual.text.TextStim'>, alignHoriz=method-wrapper(...), alignText='center', alignVert=method-wrapper(...), anchorHoriz='center', anchorVert='center', antialias=True, autoLog=True, bold=False, color='white', colorSpace='named', contrast=1.0, depth=-1.0, flipHoriz=False, flipVert=False, font='Arial', fontFiles=[], height=0.04, italic=False, languageStyle='LTR', name='VolumeContinue', opacity=1.0, ori=0, pos=array([ 0. , -0.4]), rgb=array([255., 255., 255.]), text=str(...), units='height', win=Window(...), wrapWidth=1)
11.0787 	EXP 	Created text = TextStim(__class__=<class 'psychopy.visual.text.TextStim'>, alignHoriz=method-wrapper(...), alignText='center', alignVert=method-wrapper(...), anchorHoriz='center', anchorVert='center', antialias=True, autoLog=True, bold=False, color='white', colorSpace='named', contrast=1.0, depth=0.0, flipHoriz=False, flipVert=False, font='Arial', fontFiles=[], height=0.04, italic=False, languageStyle='LTR', name='text', opacity=1.0, ori=0, pos=array([0., 0.]), rgb=array([255., 255., 255.]), text=str(...), units='height', win=Window(...), wrapWidth=1)
11.2112 	EXP 	Sound Music set volume 0.300
11.2203 	EXP 	Created AdjustContinue = TextStim(__class__=<class 'psychopy.visual.text.TextStim'>, alignHoriz=method-wrapper(...), alignText='center', alignVert=method-wrapper(...), anchorHoriz='center', anchorVert='center', antialias=True, autoLog=True, bold=False, color='white', colorSpace='named', contrast=1.0, depth=-3.0, flipHoriz=False, flipVert=False, font='Arial', fontFiles=[], height=0.04, italic=False, languageStyle='LTR', name='AdjustContinue', opacity=1.0, ori=0, pos=array([ 0. , -0.4]), rgb=array([255., 255., 255.]), text=str(...), units='height', win=Window(...), wrapWidth=1)
11.2597 	EXP 	Created WelcomeTxt1 = TextStim(__class__=<class 'psychopy.visual.text.TextStim'>, alignHoriz=method-wrapper(...), alignText='center', alignVert=method-wrapper(...), anchorHoriz='center', anchorVert='center', antialias=True, autoLog=True, bold=False, color='white', colorSpace='named', contrast=1.0, depth=0.0, flipHoriz=False, flipVert=False, font='Arial', fontFiles=[], height=0.04, italic=False, languageStyle='LTR', name='WelcomeTxt1', opacity=1.0, ori=0, pos=array([0., 0.]), rgb=array([255., 255., 255.]), text=str(...), units='height', win=Window(...), wrapWidth=1)
11.2642 	EXP 	Created ContinueKey1 = TextStim(__class__=<class 'psychopy.visual.text.TextStim'>, alignHoriz=method-wrapper(...), alignText='center', alignVert=method-wrapper(...), anchorHoriz='center', anchorVert='center', antialias=True, autoLog=True, bold=False, color='white', colorSpace='named', contrast=1.0, depth=-1.0, flipHoriz=False, flipVert=False, font='Arial', fontFiles=[], height=0.04, italic=False, languageStyle='LTR', name='ContinueKey1', opacity=1.0, ori=0, pos=array([ 0. , -0.4]), rgb=array([255., 255., 255.]), text='Press SPACE to continue', units='height', win=Window(...), wrapWidth=1)
11.2701 	EXP 	Created InstructionTxt2 = TextStim(__class__=<class 'psychopy.visual.text.TextStim'>, alignHoriz=method-wrapper(...), alignText='center', alignVert=method-wrapper(...), anchorHoriz='center', anchorVert='center', antialias=True, autoLog=True, bold=False, color='white', colorSpace='named', contrast=1.0, depth=0.0, flipHoriz=False, flipVert=False, font='Arial', fontFiles=[], height=0.04, italic=False, languageStyle='LTR', name='InstructionTxt2', opacity=1.0, ori=0, pos=array([0., 0.]), rgb=array([255., 255., 255.]), text=str(...), units='height', win=Window(...), wrapWidth=1)
11.2758 	EXP 	Created WelcomeContinue2 = TextStim(__class__=<class 'psychopy.visual.text.TextStim'>, alignHoriz=method-wrapper(...), alignText='center', alignVert=method-wrapper(...), anchorHoriz='center', anchorVert='center', antialias=True, autoLog=True, bold=False, color='white', colorSpace='named', contrast=1.0, depth=-1.0, flipHoriz=False, flipVert=False, font='Arial', fontFiles=[], height=0.04, italic=False, languageStyle='LTR', name='WelcomeContinue2', opacity=1.0, ori=0, pos=array([ 0. , -0.4]), rgb=array([255., 255., 255.]), text='Press SPACE to begin practice\n', units='height', win=Window(...), wrapWidth=1)
11.2791 	EXP 	Created TrialNumber = TextStim(__class__=<class 'psychopy.visual.text.TextStim'>, alignHoriz=method-wrapper(...), alignText='center', alignVert=method-wrapper(...), anchorHoriz='center', anchorVert='center', antialias=True, autoLog=True, bold=False, color='white', colorSpace='named', contrast=1.0, depth=0.0, flipHoriz=False, flipVert=False, font='Arial', fontFiles=[], height=0.04, italic=False, languageStyle='LTR', name='TrialNumber', opacity=1.0, ori=0, pos=array([0. , 0.3]), rgb=array([255., 255., 255.]), text='default text', units='height', win=Window(...), wrapWidth=1)
11.2792 	EXP 	Sound PracticeSound set volume 1.000
11.2955 	EXP 	Created PracticeCross = TextStim(__class__=<class 'psychopy.visual.text.TextStim'>, alignHoriz=method-wrapper(...), alignText='center', alignVert=method-wrapper(...), anchorHoriz='center', anchorVert='center', antialias=True, autoLog=True, bold=False, color='white', colorSpace='named', contrast=1.0, depth=-2.0, flipHoriz=False, flipVert=False, font='Arial', fontFiles=[], height=0.1, italic=False, languageStyle='LTR', name='PracticeCross', opacity=1.0, ori=0, pos=array([0., 0.]), rgb=array([255., 255., 255.]), text='+', units='height', win=Window(...), wrapWidth=1)
11.2987 	EXP 	Created PracticeMssg = TextStim(__class__=<class 'psychopy.visual.text.TextStim'>, alignHoriz=method-wrapper(...), alignText='center', alignVert=method-wrapper(...), anchorHoriz='center', anchorVert='center', antialias=True, autoLog=True, bold=False, color='white', colorSpace='named', contrast=1.0, depth=-2.0, flipHoriz=False, flipVert=False, font='Arial', fontFiles=[], height=0.04, italic=False, languageStyle='LTR', name='PracticeMssg', opacity=1.0, ori=0, pos=array([0. , 0.2]), rgb=array([255., 255., 255.]), text='default text', units='height', win=Window(...), wrapWidth=1)
11.3002 	EXP 	Created FeedbackCross = TextStim(__class__=<class 'psychopy.visual.text.TextStim'>, alignHoriz=method-wrapper(...), alignText='center', alignVert=method-wrapper(...), anchorHoriz='center', anchorVert='center', antialias=True, autoLog=True, bold=False, color='white', colorSpace='named', contrast=1.0, depth=-3.0, flipHoriz=False, flipVert=False, font='Arial', fontFiles=[], height=0.1, italic=False, languageStyle='LTR', name='FeedbackCross', opacity=1.0, ori=0, pos=array([0., 0.]), rgb=array([255., 255., 255.]), text='+', units='height', win=Window(...), wrapWidth=1)
11.3057 	EXP 	Created Continue = TextStim(__class__=<class 'psychopy.visual.text.TextStim'>, alignHoriz=method-wrapper(...), alignText='center', alignVert=method-wrapper(...), anchorHoriz='center', anchorVert='center', antialias=True, autoLog=True, bold=False, color='white', colorSpace='named', contrast=1.0, depth=-4.0, flipHoriz=False, flipVert=False, font='Arial', fontFiles=[], height=0.04, italic=False, languageStyle='LTR', name='Continue', opacity=1.0, ori=0, pos=array([ 0. , -0.4]), rgb=array([255., 255., 255.]), text='Press the correct number on your keyboard', units='height', win=Window(...), wrapWidth=1)
11.3151 	EXP 	Created Options = TextStim(__class__=<class 'psychopy.visual.text.TextStim'>, alignHoriz=method-wrapper(...), alignText='center', alignVert=method-wrapper(...), anchorHoriz='center', anchorVert='center', antialias=True, autoLog=True, bold=False, color='white', colorSpace='named', contrast=1.0, depth=-5.0, flipHoriz=False, flipVert=False, font='Arial', fontFiles=[], height=0.04, italic=False, languageStyle='LTR', name='Options', opacity=1.0, ori=0, pos=array([ 0. , -0.2]), rgb=array([255., 255., 255.]), text='1 = REPEAT\n2 = SIMILAR\n3 = NEW', units='height', win=Window(...), wrapWidth=1)
11.3301 	EXP 	Created StartTxt = TextStim(__class__=<class 'psychopy.visual.text.TextStim'>, alignHoriz=method-wrapper(...), alignText='center', alignVert=method-wrapper(...), anchorHoriz='center', anchorVert='center', antialias=True, autoLog=True, bold=False, color='white', colorSpace='named', contrast=1.0, depth=0.0, flipHoriz=False, flipVert=False, font='Arial', fontFiles=[], height=0.04, italic=False, languageStyle='LTR', name='StartTxt', opacity=1.0, ori=0, pos=array([0., 0.]), rgb=array([255., 255., 255.]), text=str(...), units='height', win=Window(...), wrapWidth=1)
11.3351 	EXP 	Created ContinueStart = TextStim(__class__=<class 'psychopy.visual.text.TextStim'>, alignHoriz=method-wrapper(...), alignText='center', alignVert=method-wrapper(...), anchorHoriz='center', anchorVert='center', antialias=True, autoLog=True, bold=False, color='white', colorSpace='named', contrast=1.0, depth=-2.0, flipHoriz=False, flipVert=False, font='Arial', fontFiles=[], height=0.04, italic=False, languageStyle='LTR', name='ContinueStart', opacity=1.0, ori=0, pos=array([ 0. , -0.4]), rgb=array([255., 255., 255.]), text='Press SPACE to begin the task', units='height', win=Window(...), wrapWidth=1)
11.3457 	EXP 	Created no1 = TextStim(__class__=<class 'psychopy.visual.text.TextStim'>, alignHoriz=method-wrapper(...), alignText='center', alignVert=method-wrapper(...), anchorHoriz='center', anchorVert='center', antialias=True, autoLog=True, bold=False, color='white', colorSpace='named', contrast=1.0, depth=0.0, flipHoriz=False, flipVert=False, font='Arial', fontFiles=[], height=0.05, italic=False, languageStyle='LTR', name='no1', opacity=1.0, ori=0, pos=array([0., 0.]), rgb=array([255., 255., 255.]), text='1', units='height', win=Window(...), wrapWidth=1)
11.3486 	EXP 	Created no_2 = TextStim(__class__=<class 'psychopy.visual.text.TextStim'>, alignHoriz=method-wrapper(...), alignText='center', alignVert=method-wrapper(...), anchorHoriz='center', anchorVert='center', antialias=True, autoLog=True, bold=False, color='white', colorSpace='named', contrast=1.0, depth=-2.0, flipHoriz=False, flipVert=False, font='Arial', fontFiles=[], height=0.05, italic=False, languageStyle='LTR', name='no_2', opacity=1.0, ori=0, pos=array([0., 0.]), rgb=array([255., 255., 255.]), text='2', units='height', win=Window(...), wrapWidth=1)
11.3514 	EXP 	Created no_3 = TextStim(__class__=<class 'psychopy.visual.text.TextStim'>, alignHoriz=method-wrapper(...), alignText='center', alignVert=method-wrapper(...), anchorHoriz='center', anchorVert='center', antialias=True, autoLog=True, bold=False, color='white', colorSpace='named', contrast=1.0, depth=-3.0, flipHoriz=False, flipVert=False, font='Arial', fontFiles=[], height=0.05, italic=False, languageStyle='LTR', name='no_3', opacity=1.0, ori=0, pos=array([0., 0.]), rgb=array([255., 255., 255.]), text='3', units='height', win=Window(...), wrapWidth=1)
11.3515 	EXP 	Sound TargetSound set volume 1.000
11.3538 	EXP 	Created Cross = TextStim(__class__=<class 'psychopy.visual.text.TextStim'>, alignHoriz=method-wrapper(...), alignText='center', alignVert=method-wrapper(...), anchorHoriz='center', anchorVert='center', antialias=True, autoLog=True, bold=False, color='white', colorSpace='named', contrast=1.0, depth=-1.0, flipHoriz=False, flipVert=False, font='Arial', fontFiles=[], height=0.1, italic=False, languageStyle='LTR', name='Cross', opacity=1.0, ori=0, pos=array([0., 0.]), rgb=array([255., 255., 255.]), text='+', units='height', win=Window(...), wrapWidth=1)
11.3637 	EXP 	Created ItemNumber = TextStim(__class__=<class 'psychopy.visual.text.TextStim'>, alignHoriz=method-wrapper(...), alignText='center', alignVert=method-wrapper(...), anchorHoriz='center', anchorVert='center', antialias=True, autoLog=True, bold=False, color='white', colorSpace='named', contrast=1.0, depth=-2.0, flipHoriz=False, flipVert=False, font='Arial', fontFiles=[], height=0.04, italic=False, languageStyle='LTR', name='ItemNumber', opacity=1.0, ori=0, pos=array([0. , 0.3]), rgb=array([255., 255., 255.]), text='default text', units='height', win=Window(...), wrapWidth=1)
11.4200 	EXP 	Created MSTQuestion = TextStim(__class__=<class 'psychopy.visual.text.TextStim'>, alignHoriz=method-wrapper(...), alignText='center', alignVert=method-wrapper(...), anchorHoriz='center', anchorVert='center', antialias=True, autoLog=True, bold=False, color='white', colorSpace='named', contrast=1.0, depth=0.0, flipHoriz=False, flipVert=False, font='Arial', fontFiles=[], height=0.03, italic=False, languageStyle='LTR', name='MSTQuestion', opacity=1.0, ori=0, pos=array([0., 0.]), rgb=array([255., 255., 255.]), text=str(...), units='height', win=Window(...), wrapWidth=1)
11.4417 	EXP 	Created ThankyouMssg = TextStim(__class__=<class 'psychopy.visual.text.TextStim'>, alignHoriz=method-wrapper(...), alignText='center', alignVert=method-wrapper(...), anchorHoriz='center', anchorVert='center', antialias=True, autoLog=True, bold=False, color='white', colorSpace='named', contrast=1.0, depth=0.0, flipHoriz=False, flipVert=False, font='Arial', fontFiles=[], height=0.04, italic=False, languageStyle='LTR', name='ThankyouMssg', opacity=1.0, ori=0, pos=array([0. , 0.2]), rgb=array([255., 255., 255.]), text=str(...), units='height', win=Window(...), wrapWidth=1)
11.5198 	EXP 	Created ExitTxt = TextStim(__class__=<class 'psychopy.visual.text.TextStim'>, alignHoriz=method-wrapper(...), alignText='center', alignVert=method-wrapper(...), anchorHoriz='center', anchorVert='center', antialias=True, autoLog=True, bold=False, color='white', colorSpace='named', contrast=1.0, depth=-2.0, flipHoriz=False, flipVert=False, font='Arial', fontFiles=[], height=0.04, italic=False, languageStyle='LTR', name='ExitTxt', opacity=1.0, ori=0, pos=array([ 0. , -0.4]), rgb=array([255., 255., 255.]), text='Press SPACE to exit the study', units='height', win=Window(...), wrapWidth=1)
11.5316 	EXP 	Created CodeTxt = TextStim(__class__=<class 'psychopy.visual.text.TextStim'>, alignHoriz=method-wrapper(...), alignText='center', alignVert=method-wrapper(...), anchorHoriz='center', anchorVert='center', antialias=True, autoLog=True, bold=False, color='white', colorSpace='named', contrast=1.0, depth=-4.0, flipHoriz=False, flipVert=False, font='Arial', fontFiles=[], height=0.04, italic=False, languageStyle='LTR', name='CodeTxt', opacity=1.0, ori=0, pos=array([ 0.  , -0.22]), rgb=array([255., 255., 255.]), text=str(...), units='height', win=Window(...), wrapWidth=1)
11.5904 	EXP 	CompletionCode: autoLog = True
11.5904 	EXP 	InstructionTxt: autoDraw = True
11.5904 	EXP 	WelcomContinue: autoDraw = True
12.4682 	DATA 	Keypress: space
12.4906 	EXP 	InstructionTxt: autoDraw = False
12.4906 	EXP 	WelcomContinue: autoDraw = False
12.4906 	EXP 	VolumeBeginTxt: autoDraw = True
12.4906 	EXP 	VolumeContinue: autoDraw = True
13.4216 	DATA 	Keypress: space
13.4257 	EXP 	VolumeBeginTxt: autoDraw = False
13.4257 	EXP 	VolumeContinue: autoDraw = False
13.4257 	EXP 	text: autoDraw = True
13.4257 	EXP 	AdjustContinue: autoDraw = True
14.7994 	DATA 	Keypress: space
14.8260 	EXP 	text: autoDraw = False
14.8260 	EXP 	AdjustContinue: autoDraw = False
14.8260 	EXP 	WelcomeTxt1: autoDraw = True
14.8260 	EXP 	ContinueKey1: autoDraw = True
37.7497 	DATA 	Keypress: space
37.7743 	EXP 	WelcomeTxt1: autoDraw = False
37.7743 	EXP 	ContinueKey1: autoDraw = False
37.7743 	EXP 	InstructionTxt2: autoDraw = True
37.7743 	EXP 	WelcomeContinue2: autoDraw = True
39.3065 	EXP 	Imported GuessSounds_conditions.xlsx as conditions, 5 conditions, 2 params
39.3093 	EXP 	Created sequence: sequential, trialTypes=5, nReps=1, seed=None
39.3101 	EXP 	New trial (rep=0, index=0): OrderedDict([('SoundFiles3', 'Practice/Seagull_A.wav'), ('Correct', 3)])
39.3421 	DATA 	Keypress: space
39.3467 	EXP 	InstructionTxt2: autoDraw = False
39.3467 	EXP 	WelcomeContinue2: autoDraw = False
39.3467 	EXP 	TrialNumber: text = 'Trial 1'
39.3467 	EXP 	TrialNumber: autoDraw = True
39.3467 	EXP 	PracticeCross: autoDraw = True
41.6772 	EXP 	TrialNumber: autoDraw = False
41.6772 	EXP 	PracticeCross: autoDraw = False
41.6772 	EXP 	TrialNumber: autoDraw = False
41.6772 	EXP 	PracticeCross: autoDraw = False
41.6772 	EXP 	PracticeMssg: text = 'This is a NEW sound. \nThis sound has never been played before.'
41.6772 	EXP 	PracticeMssg: autoDraw = True
41.6772 	EXP 	FeedbackCross: autoDraw = True
41.6772 	EXP 	Continue: autoDraw = True
41.6772 	EXP 	Options: autoDraw = True
51.2842 	DATA 	Keypress: 3
51.3008 	EXP 	New trial (rep=0, index=1): OrderedDict([('SoundFiles3', 'Practice/Skid_B.wav'), ('Correct', 3)])
51.3434 	EXP 	PracticeMssg: autoDraw = False
51.3434 	EXP 	FeedbackCross: autoDraw = False
51.3434 	EXP 	Continue: autoDraw = False
51.3434 	EXP 	Options: autoDraw = False
51.3434 	EXP 	TrialNumber: text = 'Trial 2'
51.3434 	EXP 	TrialNumber: autoDraw = True
51.3434 	EXP 	PracticeCross: autoDraw = True
53.4558 	EXP 	TrialNumber: autoDraw = False
53.4558 	EXP 	PracticeCross: autoDraw = False
53.4558 	EXP 	TrialNumber: autoDraw = False
53.4558 	EXP 	PracticeCross: autoDraw = False
53.4558 	EXP 	PracticeMssg: text = 'This is a NEW sound. \nThis sound has never been played before.'
53.4558 	EXP 	PracticeMssg: autoDraw = True
53.4558 	EXP 	FeedbackCross: autoDraw = True
53.4558 	EXP 	Continue: autoDraw = True
53.4558 	EXP 	Options: autoDraw = True
57.1311 	EXP 	New trial (rep=0, index=2): OrderedDict([('SoundFiles3', 'Practice/Seagull_A.wav'), ('Correct', 1)])
57.1590 	DATA 	Keypress: 3
57.1633 	EXP 	PracticeMssg: autoDraw = False
57.1633 	EXP 	FeedbackCross: autoDraw = False
57.1633 	EXP 	Continue: autoDraw = False
57.1633 	EXP 	Options: autoDraw = False
57.1633 	EXP 	TrialNumber: text = 'Trial 3'
57.1633 	EXP 	TrialNumber: autoDraw = True
57.1633 	EXP 	PracticeCross: autoDraw = True
59.4679 	EXP 	TrialNumber: autoDraw = False
59.4679 	EXP 	PracticeCross: autoDraw = False
59.4679 	EXP 	TrialNumber: autoDraw = False
59.4679 	EXP 	PracticeCross: autoDraw = False
59.4679 	EXP 	PracticeMssg: text = 'This is a REPEAT sound. \nThe exact same sound has been played previously.'
59.4679 	EXP 	PracticeMssg: autoDraw = True
59.4679 	EXP 	FeedbackCross: autoDraw = True
59.4679 	EXP 	Continue: autoDraw = True
59.4679 	EXP 	Options: autoDraw = True
65.9862 	DATA 	Keypress: 1
66.0005 	EXP 	New trial (rep=0, index=3): OrderedDict([('SoundFiles3', 'Practice/Gargle_A.wav'), ('Correct', 3)])
66.0486 	EXP 	PracticeMssg: autoDraw = False
66.0486 	EXP 	FeedbackCross: autoDraw = False
66.0486 	EXP 	Continue: autoDraw = False
66.0486 	EXP 	Options: autoDraw = False
66.0486 	EXP 	TrialNumber: text = 'Trial 4'
66.0486 	EXP 	TrialNumber: autoDraw = True
66.0486 	EXP 	PracticeCross: autoDraw = True
68.3451 	EXP 	TrialNumber: autoDraw = False
68.3451 	EXP 	PracticeCross: autoDraw = False
68.3451 	EXP 	TrialNumber: autoDraw = False
68.3451 	EXP 	PracticeCross: autoDraw = False
68.3451 	EXP 	PracticeMssg: text = 'This is a NEW sound. \nThis sound has never been played before.'
68.3451 	EXP 	PracticeMssg: autoDraw = True
68.3451 	EXP 	FeedbackCross: autoDraw = True
68.3451 	EXP 	Continue: autoDraw = True
68.3451 	EXP 	Options: autoDraw = True
71.3778 	DATA 	Keypress: 3
71.3933 	EXP 	New trial (rep=0, index=4): OrderedDict([('SoundFiles3', 'Practice/Gargle_B.wav'), ('Correct', 2)])
71.4096 	EXP 	PracticeMssg: autoDraw = False
71.4096 	EXP 	FeedbackCross: autoDraw = False
71.4096 	EXP 	Continue: autoDraw = False
71.4096 	EXP 	Options: autoDraw = False
71.4096 	EXP 	TrialNumber: text = 'Trial 5'
71.4096 	EXP 	TrialNumber: autoDraw = True
71.4096 	EXP 	PracticeCross: autoDraw = True
73.4552 	EXP 	TrialNumber: autoDraw = False
73.4552 	EXP 	PracticeCross: autoDraw = False
73.5159 	EXP 	TrialNumber: autoDraw = False
73.5159 	EXP 	PracticeCross: autoDraw = False
73.5159 	EXP 	PracticeMssg: text = 'This is a SIMILAR sound. \nThis sound is similar but not identical to a previously played sound.'
73.5159 	EXP 	PracticeMssg: autoDraw = True
73.5159 	EXP 	FeedbackCross: autoDraw = True
73.5159 	EXP 	Continue: autoDraw = True
73.5159 	EXP 	Options: autoDraw = True
82.9101 	DATA 	Keypress: 2
82.9150 	EXP 	PracticeMssg: autoDraw = False
82.9150 	EXP 	FeedbackCross: autoDraw = False
82.9150 	EXP 	Continue: autoDraw = False
82.9150 	EXP 	Options: autoDraw = False
82.9150 	EXP 	StartTxt: autoDraw = True
82.9150 	EXP 	ContinueStart: autoDraw = True
95.9638 	EXP 	Imported GuessSounds_conditions.xlsx as conditions, 109 conditions, 2 params
95.9656 	EXP 	Created sequence: sequential, trialTypes=109, nReps=1, seed=None
95.9665 	EXP 	New trial (rep=0, index=0): OrderedDict([('SoundFiles3', 'Initial/NoRepeat/Elephant_A.wav'), ('Correct', 3)])
95.9731 	DATA 	Keypress: space
95.9774 	EXP 	StartTxt: autoDraw = False
95.9774 	EXP 	ContinueStart: autoDraw = False
95.9774 	EXP 	no_3: autoDraw = True
96.9718 	EXP 	no_2: autoDraw = True
96.9883 	EXP 	no_3: autoDraw = False
97.9718 	EXP 	no1: autoDraw = True
97.9718 	EXP 	no_2: autoDraw = False
98.9672 	EXP 	no1: autoDraw = False
98.9672 	EXP 	no_2: autoDraw = False
98.9672 	EXP 	no_3: autoDraw = False
98.9672 	EXP 	ItemNumber: text = '1/110'
98.9672 	EXP 	Cross: autoDraw = True
98.9672 	EXP 	ItemNumber: autoDraw = True
101.5216 	EXP 	Cross: autoDraw = False
101.5216 	EXP 	ItemNumber: autoDraw = False
101.5385 	EXP 	Cross: autoDraw = False
101.5385 	EXP 	ItemNumber: autoDraw = False
101.5385 	EXP 	MSTQuestion: autoDraw = True
118.2645 	EXP 	New trial (rep=0, index=1): OrderedDict([('SoundFiles3', 'Initial/Repeat/ManWhistle.wav'), ('Correct', 3)])
118.2687 	DATA 	Keypress: 3
118.2730 	EXP 	MSTQuestion: autoDraw = False
118.2730 	EXP 	no_3: autoDraw = True
119.2717 	EXP 	no_2: autoDraw = True
119.2881 	EXP 	no_3: autoDraw = False
120.2716 	EXP 	no1: autoDraw = True
120.2716 	EXP 	no_2: autoDraw = False
121.3066 	EXP 	no1: autoDraw = False
121.3066 	EXP 	no1: autoDraw = False
121.3066 	EXP 	no_2: autoDraw = False
121.3066 	EXP 	no_3: autoDraw = False
121.3066 	EXP 	ItemNumber: text = '2/110'
121.3066 	EXP 	Cross: autoDraw = True
121.3066 	EXP 	ItemNumber: autoDraw = True
123.0220 	EXP 	Cross: autoDraw = False
123.0220 	EXP 	ItemNumber: autoDraw = False
123.0220 	EXP 	Cross: autoDraw = False
123.0220 	EXP 	ItemNumber: autoDraw = False
123.0220 	EXP 	MSTQuestion: autoDraw = True
123.7130 	DATA 	Keypress: escape
124.1553 	EXP 	window1: mouseVisible = True
