1.2237 	WARNING 	We strongly recommend you activate the PTB sound engine in PsychoPy prefs as the preferred audio engine. Its timing is vastly superior. Your prefs are currently set to use ['sounddevice', 'PTB', 'pyo', 'pygame'] (in that order).
4.9944 	WARNING 	User requested fullscreen with size [1024  768], but screen is actually [2256, 1504]. Using actual size
6.9084 	EXP 	Created window1 = Window(allowGUI=False, allowStencil=False, args=UNKNOWN, autoLog=True, bitsMode=UNKNOWN, blendMode='avg', bpc=(8, 8, 8), color=array([0., 0., 0.]), colorSpace='rgb', depthBits=8, fullscr=<method-wrapper '__getattribute__' of attributeSetter object at 0x00000211BCBB8C88>, gamma=None, gammaErrorPolicy='raise', kwargs=UNKNOWN, lms=UNKNOWN, monitor=<psychopy.monitors.calibTools.Monitor object at 0x00000211BCB473C8>, multiSample=False, name='window1', numSamples=2, pos=[0.0, 0.0], screen=0, size=array([2256, 1504]), stencilBits=0, stereo=False, units='height', useFBO=True, useRetina=False, viewOri=0.0, viewPos=None, viewScale=None, waitBlanking=True, winType='pyglet')
6.9091 	EXP 	window1: mouseVisible = True
6.9092 	EXP 	window1: recordFrameIntervals = False
7.0735 	EXP 	window1: recordFrameIntervals = True
7.2574 	EXP 	window1: recordFrameIntervals = False
7.6132 	EXP 	Created InstructionTxt = TextStim(__class__=<class 'psychopy.visual.text.TextStim'>, alignHoriz=method-wrapper(...), alignText='center', alignVert=method-wrapper(...), anchorHoriz='center', anchorVert='center', antialias=True, autoLog=True, bold=False, color='white', colorSpace='named', contrast=1.0, depth=0.0, flipHoriz=False, flipVert=False, font='Arial', fontFiles=[], height=0.04, italic=False, languageStyle='LTR', name='InstructionTxt', opacity=1.0, ori=0, pos=array([0., 0.]), rgb=array([255., 255., 255.]), text=str(...), units='height', win=Window(...), wrapWidth=1)
7.6221 	EXP 	Created WelcomContinue = TextStim(__class__=<class 'psychopy.visual.text.TextStim'>, alignHoriz=method-wrapper(...), alignText='center', alignVert=method-wrapper(...), anchorHoriz='center', anchorVert='center', antialias=True, autoLog=True, bold=False, color='white', colorSpace='named', contrast=1.0, depth=-3.0, flipHoriz=False, flipVert=False, font='Arial', fontFiles=[], height=0.04, italic=False, languageStyle='LTR', name='WelcomContinue', opacity=1.0, ori=0, pos=array([ 0. , -0.4]), rgb=array([255., 255., 255.]), text='Press SPACE to continue', units='height', win=Window(...), wrapWidth=1)
7.6398 	EXP 	Created VolumeBeginTxt = TextStim(__class__=<class 'psychopy.visual.text.TextStim'>, alignHoriz=method-wrapper(...), alignText='center', alignVert=method-wrapper(...), anchorHoriz='center', anchorVert='center', antialias=True, autoLog=True, bold=False, color='white', colorSpace='named', contrast=1.0, depth=0.0, flipHoriz=False, flipVert=False, font='Arial', fontFiles=[], height=0.04, italic=False, languageStyle='LTR', name='VolumeBeginTxt', opacity=1.0, ori=0, pos=array([0., 0.]), rgb=array([255., 255., 255.]), text=str(...), units='height', win=Window(...), wrapWidth=1)
7.6470 	EXP 	Created text = TextStim(__class__=<class 'psychopy.visual.text.TextStim'>, alignHoriz=method-wrapper(...), alignText='center', alignVert=method-wrapper(...), anchorHoriz='center', anchorVert='center', antialias=True, autoLog=True, bold=False, color='white', colorSpace='named', contrast=1.0, depth=0.0, flipHoriz=False, flipVert=False, font='Arial', fontFiles=[], height=0.04, italic=False, languageStyle='LTR', name='text', opacity=1.0, ori=0, pos=array([0., 0.]), rgb=array([255., 255., 255.]), text=str(...), units='height', win=Window(...), wrapWidth=1)
7.6917 	EXP 	Sound Music set volume 0.300
7.6978 	EXP 	Created AdjustContinue = TextStim(__class__=<class 'psychopy.visual.text.TextStim'>, alignHoriz=method-wrapper(...), alignText='center', alignVert=method-wrapper(...), anchorHoriz='center', anchorVert='center', antialias=True, autoLog=True, bold=False, color='white', colorSpace='named', contrast=1.0, depth=-3.0, flipHoriz=False, flipVert=False, font='Arial', fontFiles=[], height=0.04, italic=False, languageStyle='LTR', name='AdjustContinue', opacity=1.0, ori=0, pos=array([ 0. , -0.4]), rgb=array([255., 255., 255.]), text=str(...), units='height', win=Window(...), wrapWidth=1)
7.7205 	EXP 	Created HeadphoneCheckBeing = TextStim(__class__=<class 'psychopy.visual.text.TextStim'>, alignHoriz=method-wrapper(...), alignText='center', alignVert=method-wrapper(...), anchorHoriz='center', anchorVert='center', antialias=True, autoLog=True, bold=False, color='white', colorSpace='named', contrast=1.0, depth=0.0, flipHoriz=False, flipVert=False, font='Arial', fontFiles=[], height=0.04, italic=False, languageStyle='LTR', name='HeadphoneCheckBeing', opacity=1.0, ori=0, pos=array([0., 0.]), rgb=array([255., 255., 255.]), text=str(...), units='height', win=Window(...), wrapWidth=1)
7.7245 	EXP 	Created HeadphoneContinue = TextStim(__class__=<class 'psychopy.visual.text.TextStim'>, alignHoriz=method-wrapper(...), alignText='center', alignVert=method-wrapper(...), anchorHoriz='center', anchorVert='center', antialias=True, autoLog=True, bold=False, color='white', colorSpace='named', contrast=1.0, depth=-1.0, flipHoriz=False, flipVert=False, font='Arial', fontFiles=[], height=0.04, italic=False, languageStyle='LTR', name='HeadphoneContinue', opacity=1.0, ori=0, pos=array([ 0. , -0.4]), rgb=array([255., 255., 255.]), text='Press SPACE to continue', units='height', win=Window(...), wrapWidth=1)
7.7445 	EXP 	Created WelcomeTxt1 = TextStim(__class__=<class 'psychopy.visual.text.TextStim'>, alignHoriz=method-wrapper(...), alignText='center', alignVert=method-wrapper(...), anchorHoriz='center', anchorVert='center', antialias=True, autoLog=True, bold=False, color='white', colorSpace='named', contrast=1.0, depth=0.0, flipHoriz=False, flipVert=False, font='Arial', fontFiles=[], height=0.04, italic=False, languageStyle='LTR', name='WelcomeTxt1', opacity=1.0, ori=0, pos=array([0., 0.]), rgb=array([255., 255., 255.]), text=str(...), units='height', win=Window(...), wrapWidth=1)
7.7498 	EXP 	Created ContinueKey1 = TextStim(__class__=<class 'psychopy.visual.text.TextStim'>, alignHoriz=method-wrapper(...), alignText='center', alignVert=method-wrapper(...), anchorHoriz='center', anchorVert='center', antialias=True, autoLog=True, bold=False, color='white', colorSpace='named', contrast=1.0, depth=-1.0, flipHoriz=False, flipVert=False, font='Arial', fontFiles=[], height=0.04, italic=False, languageStyle='LTR', name='ContinueKey1', opacity=1.0, ori=0, pos=array([ 0. , -0.4]), rgb=array([255., 255., 255.]), text='Press SPACE to continue', units='height', win=Window(...), wrapWidth=1)
7.7838 	EXP 	Created Welcome2Txt = TextStim(__class__=<class 'psychopy.visual.text.TextStim'>, alignHoriz=method-wrapper(...), alignText='center', alignVert=method-wrapper(...), anchorHoriz='center', anchorVert='center', antialias=True, autoLog=True, bold=False, color='white', colorSpace='named', contrast=1.0, depth=0.0, flipHoriz=False, flipVert=False, font='Arial', fontFiles=[], height=0.04, italic=False, languageStyle='LTR', name='Welcome2Txt', opacity=1.0, ori=0, pos=array([0., 0.]), rgb=array([255., 255., 255.]), text=str(...), units='height', win=Window(...), wrapWidth=1)
7.7881 	EXP 	Created Continue2 = TextStim(__class__=<class 'psychopy.visual.text.TextStim'>, alignHoriz=method-wrapper(...), alignText='center', alignVert=method-wrapper(...), anchorHoriz='center', anchorVert='center', antialias=True, autoLog=True, bold=False, color='white', colorSpace='named', contrast=1.0, depth=-2.0, flipHoriz=False, flipVert=False, font='Arial', fontFiles=[], height=0.04, italic=False, languageStyle='LTR', name='Continue2', opacity=1.0, ori=0, pos=array([ 0. , -0.4]), rgb=array([255., 255., 255.]), text='Press SPACE to continue', units='height', win=Window(...), wrapWidth=1)
7.8028 	EXP 	Created InstructionTxt2 = TextStim(__class__=<class 'psychopy.visual.text.TextStim'>, alignHoriz=method-wrapper(...), alignText='center', alignVert=method-wrapper(...), anchorHoriz='center', anchorVert='center', antialias=True, autoLog=True, bold=False, color='white', colorSpace='named', contrast=1.0, depth=0.0, flipHoriz=False, flipVert=False, font='Arial', fontFiles=[], height=0.04, italic=False, languageStyle='LTR', name='InstructionTxt2', opacity=1.0, ori=0, pos=array([0., 0.]), rgb=array([255., 255., 255.]), text=str(...), units='height', win=Window(...), wrapWidth=1)
7.8073 	EXP 	Created WelcomeContinue2 = TextStim(__class__=<class 'psychopy.visual.text.TextStim'>, alignHoriz=method-wrapper(...), alignText='center', alignVert=method-wrapper(...), anchorHoriz='center', anchorVert='center', antialias=True, autoLog=True, bold=False, color='white', colorSpace='named', contrast=1.0, depth=-1.0, flipHoriz=False, flipVert=False, font='Arial', fontFiles=[], height=0.04, italic=False, languageStyle='LTR', name='WelcomeContinue2', opacity=1.0, ori=0, pos=array([ 0. , -0.4]), rgb=array([255., 255., 255.]), text='Press SPACE to begin practice\n', units='height', win=Window(...), wrapWidth=1)
7.8109 	EXP 	Created TrialNumber = TextStim(__class__=<class 'psychopy.visual.text.TextStim'>, alignHoriz=method-wrapper(...), alignText='center', alignVert=method-wrapper(...), anchorHoriz='center', anchorVert='center', antialias=True, autoLog=True, bold=False, color='white', colorSpace='named', contrast=1.0, depth=0.0, flipHoriz=False, flipVert=False, font='Arial', fontFiles=[], height=0.04, italic=False, languageStyle='LTR', name='TrialNumber', opacity=1.0, ori=0, pos=array([0. , 0.3]), rgb=array([255., 255., 255.]), text='default text', units='height', win=Window(...), wrapWidth=1)
7.8110 	EXP 	Sound PracticeSound set volume 1.000
7.8266 	EXP 	Created PracticeCross = TextStim(__class__=<class 'psychopy.visual.text.TextStim'>, alignHoriz=method-wrapper(...), alignText='center', alignVert=method-wrapper(...), anchorHoriz='center', anchorVert='center', antialias=True, autoLog=True, bold=False, color='white', colorSpace='named', contrast=1.0, depth=-2.0, flipHoriz=False, flipVert=False, font='Arial', fontFiles=[], height=0.1, italic=False, languageStyle='LTR', name='PracticeCross', opacity=1.0, ori=0, pos=array([0., 0.]), rgb=array([255., 255., 255.]), text='+', units='height', win=Window(...), wrapWidth=1)
7.8300 	EXP 	Created PracticeMssg = TextStim(__class__=<class 'psychopy.visual.text.TextStim'>, alignHoriz=method-wrapper(...), alignText='center', alignVert=method-wrapper(...), anchorHoriz='center', anchorVert='center', antialias=True, autoLog=True, bold=False, color='white', colorSpace='named', contrast=1.0, depth=-2.0, flipHoriz=False, flipVert=False, font='Arial', fontFiles=[], height=0.04, italic=False, languageStyle='LTR', name='PracticeMssg', opacity=1.0, ori=0, pos=array([0. , 0.2]), rgb=array([255., 255., 255.]), text='default text', units='height', win=Window(...), wrapWidth=1)
7.8314 	EXP 	Created FeedbackCross = TextStim(__class__=<class 'psychopy.visual.text.TextStim'>, alignHoriz=method-wrapper(...), alignText='center', alignVert=method-wrapper(...), anchorHoriz='center', anchorVert='center', antialias=True, autoLog=True, bold=False, color='white', colorSpace='named', contrast=1.0, depth=-3.0, flipHoriz=False, flipVert=False, font='Arial', fontFiles=[], height=0.1, italic=False, languageStyle='LTR', name='FeedbackCross', opacity=1.0, ori=0, pos=array([0., 0.]), rgb=array([255., 255., 255.]), text='+', units='height', win=Window(...), wrapWidth=1)
7.8356 	EXP 	Created Continue = TextStim(__class__=<class 'psychopy.visual.text.TextStim'>, alignHoriz=method-wrapper(...), alignText='center', alignVert=method-wrapper(...), anchorHoriz='center', anchorVert='center', antialias=True, autoLog=True, bold=False, color='white', colorSpace='named', contrast=1.0, depth=-4.0, flipHoriz=False, flipVert=False, font='Arial', fontFiles=[], height=0.04, italic=False, languageStyle='LTR', name='Continue', opacity=1.0, ori=0, pos=array([ 0. , -0.4]), rgb=array([255., 255., 255.]), text='Press the correct number on your keyboard', units='height', win=Window(...), wrapWidth=1)
7.8435 	EXP 	Created Options = TextStim(__class__=<class 'psychopy.visual.text.TextStim'>, alignHoriz=method-wrapper(...), alignText='center', alignVert=method-wrapper(...), anchorHoriz='center', anchorVert='center', antialias=True, autoLog=True, bold=False, color='white', colorSpace='named', contrast=1.0, depth=-5.0, flipHoriz=False, flipVert=False, font='Arial', fontFiles=[], height=0.04, italic=False, languageStyle='LTR', name='Options', opacity=1.0, ori=0, pos=array([ 0. , -0.2]), rgb=array([255., 255., 255.]), text='1 = REPEAT\n2 = SIMILAR\n3 = NEW', units='height', win=Window(...), wrapWidth=1)
7.8470 	EXP 	Created FeedbackMssg = TextStim(__class__=<class 'psychopy.visual.text.TextStim'>, alignHoriz=method-wrapper(...), alignText='center', alignVert=method-wrapper(...), anchorHoriz='center', anchorVert='center', antialias=True, autoLog=True, bold=False, color='white', colorSpace='named', contrast=1.0, depth=0.0, flipHoriz=False, flipVert=False, font='Arial', fontFiles=[], height=0.04, italic=False, languageStyle='LTR', name='FeedbackMssg', opacity=1.0, ori=0, pos=array([0., 0.]), rgb=array([255., 255., 255.]), text='default text', units='height', win=Window(...), wrapWidth=1)
7.8615 	EXP 	Created StartTxt = TextStim(__class__=<class 'psychopy.visual.text.TextStim'>, alignHoriz=method-wrapper(...), alignText='center', alignVert=method-wrapper(...), anchorHoriz='center', anchorVert='center', antialias=True, autoLog=True, bold=False, color='white', colorSpace='named', contrast=1.0, depth=0.0, flipHoriz=False, flipVert=False, font='Arial', fontFiles=[], height=0.04, italic=False, languageStyle='LTR', name='StartTxt', opacity=1.0, ori=0, pos=array([0., 0.]), rgb=array([255., 255., 255.]), text=str(...), units='height', win=Window(...), wrapWidth=1)
7.8667 	EXP 	Created ContinueStart = TextStim(__class__=<class 'psychopy.visual.text.TextStim'>, alignHoriz=method-wrapper(...), alignText='center', alignVert=method-wrapper(...), anchorHoriz='center', anchorVert='center', antialias=True, autoLog=True, bold=False, color='white', colorSpace='named', contrast=1.0, depth=-2.0, flipHoriz=False, flipVert=False, font='Arial', fontFiles=[], height=0.04, italic=False, languageStyle='LTR', name='ContinueStart', opacity=1.0, ori=0, pos=array([ 0. , -0.4]), rgb=array([255., 255., 255.]), text='Press SPACE to begin the task', units='height', win=Window(...), wrapWidth=1)
7.8781 	EXP 	Created no1 = TextStim(__class__=<class 'psychopy.visual.text.TextStim'>, alignHoriz=method-wrapper(...), alignText='center', alignVert=method-wrapper(...), anchorHoriz='center', anchorVert='center', antialias=True, autoLog=True, bold=False, color='white', colorSpace='named', contrast=1.0, depth=0.0, flipHoriz=False, flipVert=False, font='Arial', fontFiles=[], height=0.05, italic=False, languageStyle='LTR', name='no1', opacity=1.0, ori=0, pos=array([0., 0.]), rgb=array([255., 255., 255.]), text='1', units='height', win=Window(...), wrapWidth=1)
7.8811 	EXP 	Created no_2 = TextStim(__class__=<class 'psychopy.visual.text.TextStim'>, alignHoriz=method-wrapper(...), alignText='center', alignVert=method-wrapper(...), anchorHoriz='center', anchorVert='center', antialias=True, autoLog=True, bold=False, color='white', colorSpace='named', contrast=1.0, depth=-2.0, flipHoriz=False, flipVert=False, font='Arial', fontFiles=[], height=0.05, italic=False, languageStyle='LTR', name='no_2', opacity=1.0, ori=0, pos=array([0., 0.]), rgb=array([255., 255., 255.]), text='2', units='height', win=Window(...), wrapWidth=1)
7.8839 	EXP 	Created no_3 = TextStim(__class__=<class 'psychopy.visual.text.TextStim'>, alignHoriz=method-wrapper(...), alignText='center', alignVert=method-wrapper(...), anchorHoriz='center', anchorVert='center', antialias=True, autoLog=True, bold=False, color='white', colorSpace='named', contrast=1.0, depth=-3.0, flipHoriz=False, flipVert=False, font='Arial', fontFiles=[], height=0.05, italic=False, languageStyle='LTR', name='no_3', opacity=1.0, ori=0, pos=array([0., 0.]), rgb=array([255., 255., 255.]), text='3', units='height', win=Window(...), wrapWidth=1)
7.8840 	EXP 	Sound TargetSound set volume 1.000
7.8859 	EXP 	Created Cross = TextStim(__class__=<class 'psychopy.visual.text.TextStim'>, alignHoriz=method-wrapper(...), alignText='center', alignVert=method-wrapper(...), anchorHoriz='center', anchorVert='center', antialias=True, autoLog=True, bold=False, color='white', colorSpace='named', contrast=1.0, depth=-1.0, flipHoriz=False, flipVert=False, font='Arial', fontFiles=[], height=0.1, italic=False, languageStyle='LTR', name='Cross', opacity=1.0, ori=0, pos=array([0., 0.]), rgb=array([255., 255., 255.]), text='+', units='height', win=Window(...), wrapWidth=1)
7.8973 	EXP 	Created ItemNumber = TextStim(__class__=<class 'psychopy.visual.text.TextStim'>, alignHoriz=method-wrapper(...), alignText='center', alignVert=method-wrapper(...), anchorHoriz='center', anchorVert='center', antialias=True, autoLog=True, bold=False, color='white', colorSpace='named', contrast=1.0, depth=-2.0, flipHoriz=False, flipVert=False, font='Arial', fontFiles=[], height=0.04, italic=False, languageStyle='LTR', name='ItemNumber', opacity=1.0, ori=0, pos=array([0. , 0.3]), rgb=array([255., 255., 255.]), text='default text', units='height', win=Window(...), wrapWidth=1)
7.9347 	EXP 	Created MSTQuestion = TextStim(__class__=<class 'psychopy.visual.text.TextStim'>, alignHoriz=method-wrapper(...), alignText='center', alignVert=method-wrapper(...), anchorHoriz='center', anchorVert='center', antialias=True, autoLog=True, bold=False, color='white', colorSpace='named', contrast=1.0, depth=0.0, flipHoriz=False, flipVert=False, font='Arial', fontFiles=[], height=0.04, italic=False, languageStyle='LTR', name='MSTQuestion', opacity=1.0, ori=0, pos=array([0., 0.]), rgb=array([255., 255., 255.]), text=str(...), units='height', win=Window(...), wrapWidth=1)
7.9479 	EXP 	Created ThankyouMssg = TextStim(__class__=<class 'psychopy.visual.text.TextStim'>, alignHoriz=method-wrapper(...), alignText='center', alignVert=method-wrapper(...), anchorHoriz='center', anchorVert='center', antialias=True, autoLog=True, bold=False, color='white', colorSpace='named', contrast=1.0, depth=0.0, flipHoriz=False, flipVert=False, font='Arial', fontFiles=[], height=0.04, italic=False, languageStyle='LTR', name='ThankyouMssg', opacity=1.0, ori=0, pos=array([0. , 0.2]), rgb=array([255., 255., 255.]), text=str(...), units='height', win=Window(...), wrapWidth=1)
8.0778 	EXP 	Created ExitTxt = TextStim(__class__=<class 'psychopy.visual.text.TextStim'>, alignHoriz=method-wrapper(...), alignText='center', alignVert=method-wrapper(...), anchorHoriz='center', anchorVert='center', antialias=True, autoLog=True, bold=False, color='white', colorSpace='named', contrast=1.0, depth=-2.0, flipHoriz=False, flipVert=False, font='Arial', fontFiles=[], height=0.04, italic=False, languageStyle='LTR', name='ExitTxt', opacity=1.0, ori=0, pos=array([ 0. , -0.4]), rgb=array([255., 255., 255.]), text='Press SPACE to exit the study', units='height', win=Window(...), wrapWidth=1)
8.0882 	EXP 	Created CodeTxt = TextStim(__class__=<class 'psychopy.visual.text.TextStim'>, alignHoriz=method-wrapper(...), alignText='center', alignVert=method-wrapper(...), anchorHoriz='center', anchorVert='center', antialias=True, autoLog=True, bold=False, color='white', colorSpace='named', contrast=1.0, depth=-4.0, flipHoriz=False, flipVert=False, font='Arial', fontFiles=[], height=0.04, italic=False, languageStyle='LTR', name='CodeTxt', opacity=1.0, ori=0, pos=array([ 0.  , -0.22]), rgb=array([255., 255., 255.]), text=str(...), units='height', win=Window(...), wrapWidth=1)
8.1352 	EXP 	CompletionCode: autoLog = True
8.1352 	EXP 	InstructionTxt: autoDraw = True
8.1352 	EXP 	WelcomContinue: autoDraw = True
8.6482 	DATA 	Keypress: space
8.6569 	EXP 	InstructionTxt: autoDraw = False
8.6569 	EXP 	WelcomContinue: autoDraw = False
8.6569 	EXP 	VolumeBeginTxt: autoDraw = True
9.2272 	DATA 	Keypress: space
9.2313 	EXP 	VolumeBeginTxt: autoDraw = False
9.2313 	EXP 	text: autoDraw = True
9.2313 	EXP 	AdjustContinue: autoDraw = True
9.5881 	DATA 	Keypress: space
9.5931 	EXP 	text: autoDraw = False
9.5931 	EXP 	AdjustContinue: autoDraw = False
9.5931 	EXP 	HeadphoneCheckBeing: autoDraw = True
9.5931 	EXP 	HeadphoneContinue: autoDraw = True
10.0147 	DATA 	Keypress: space
10.0483 	EXP 	HeadphoneCheckBeing: autoDraw = False
10.0483 	EXP 	HeadphoneContinue: autoDraw = False
10.0483 	EXP 	WelcomeTxt1: autoDraw = True
10.0483 	EXP 	ContinueKey1: autoDraw = True
11.0156 	DATA 	Keypress: space
11.0417 	EXP 	WelcomeTxt1: autoDraw = False
11.0417 	EXP 	ContinueKey1: autoDraw = False
11.0417 	EXP 	Welcome2Txt: autoDraw = True
11.0417 	EXP 	Continue2: autoDraw = True
11.8822 	DATA 	Keypress: space
11.9088 	EXP 	Welcome2Txt: autoDraw = False
11.9088 	EXP 	Continue2: autoDraw = False
11.9088 	EXP 	InstructionTxt2: autoDraw = True
11.9088 	EXP 	WelcomeContinue2: autoDraw = True
13.2076 	EXP 	Imported GuessSounds_conditions.xlsx as conditions, 5 conditions, 2 params
13.2079 	EXP 	Created sequence: sequential, trialTypes=5, nReps=1, seed=None
13.2082 	EXP 	New trial (rep=0, index=0): OrderedDict([('SoundFiles3', 'Practice/Seagull_A.wav'), ('Correct', 3)])
13.2210 	DATA 	Keypress: space
13.2253 	EXP 	InstructionTxt2: autoDraw = False
13.2253 	EXP 	WelcomeContinue2: autoDraw = False
13.2253 	EXP 	TrialNumber: text = 'Trial 1'
13.2253 	EXP 	TrialNumber: autoDraw = True
13.2253 	EXP 	PracticeCross: autoDraw = True
15.4900 	EXP 	TrialNumber: autoDraw = False
15.4900 	EXP 	PracticeCross: autoDraw = False
15.5332 	EXP 	TrialNumber: autoDraw = False
15.5332 	EXP 	PracticeCross: autoDraw = False
15.5332 	EXP 	PracticeMssg: text = 'This is a NEW sound. \nThis sound has never been played before.'
15.5332 	EXP 	PracticeMssg: autoDraw = True
15.5332 	EXP 	FeedbackCross: autoDraw = True
15.5332 	EXP 	Continue: autoDraw = True
15.5332 	EXP 	Options: autoDraw = True
16.0000 	DATA 	Keypress: space
17.2010 	DATA 	Keypress: 3
17.2399 	EXP 	PracticeMssg: autoDraw = False
17.2399 	EXP 	FeedbackCross: autoDraw = False
17.2399 	EXP 	Continue: autoDraw = False
17.2399 	EXP 	Options: autoDraw = False
17.2399 	EXP 	FeedbackMssg: text = 'CORRECT'
17.2399 	EXP 	FeedbackMssg: autoDraw = True
18.2262 	EXP 	New trial (rep=0, index=1): OrderedDict([('SoundFiles3', 'Practice/Skid_B.wav'), ('Correct', 3)])
18.2547 	EXP 	FeedbackMssg: autoDraw = False
18.2547 	EXP 	TrialNumber: text = 'Trial 2'
18.2547 	EXP 	TrialNumber: autoDraw = True
18.2547 	EXP 	PracticeCross: autoDraw = True
20.3567 	EXP 	TrialNumber: autoDraw = False
20.3567 	EXP 	PracticeCross: autoDraw = False
20.3567 	EXP 	TrialNumber: autoDraw = False
20.3567 	EXP 	PracticeCross: autoDraw = False
20.3567 	EXP 	PracticeMssg: text = 'This is a NEW sound. \nThis sound has never been played before.'
20.3567 	EXP 	PracticeMssg: autoDraw = True
20.3567 	EXP 	FeedbackCross: autoDraw = True
20.3567 	EXP 	Continue: autoDraw = True
20.3567 	EXP 	Options: autoDraw = True
21.0693 	DATA 	Keypress: 3
21.0736 	EXP 	PracticeMssg: autoDraw = False
21.0736 	EXP 	FeedbackCross: autoDraw = False
21.0736 	EXP 	Continue: autoDraw = False
21.0736 	EXP 	Options: autoDraw = False
21.0736 	EXP 	FeedbackMssg: text = 'CORRECT'
21.0736 	EXP 	FeedbackMssg: autoDraw = True
22.0607 	EXP 	New trial (rep=0, index=2): OrderedDict([('SoundFiles3', 'Practice/Seagull_A.wav'), ('Correct', 1)])
22.0887 	EXP 	FeedbackMssg: autoDraw = False
22.0887 	EXP 	FeedbackMssg: autoDraw = False
22.0887 	EXP 	TrialNumber: text = 'Trial 3'
22.0887 	EXP 	TrialNumber: autoDraw = True
22.0887 	EXP 	PracticeCross: autoDraw = True
24.3780 	EXP 	TrialNumber: autoDraw = False
24.3780 	EXP 	PracticeCross: autoDraw = False
24.3780 	EXP 	TrialNumber: autoDraw = False
24.3780 	EXP 	PracticeCross: autoDraw = False
24.3780 	EXP 	PracticeMssg: text = 'This is a REPEAT sound. \nThe exact same sound has been played previously.'
24.3780 	EXP 	PracticeMssg: autoDraw = True
24.3780 	EXP 	FeedbackCross: autoDraw = True
24.3780 	EXP 	Continue: autoDraw = True
24.3780 	EXP 	Options: autoDraw = True
24.7692 	DATA 	Keypress: 1
24.7734 	EXP 	PracticeMssg: autoDraw = False
24.7734 	EXP 	FeedbackCross: autoDraw = False
24.7734 	EXP 	Continue: autoDraw = False
24.7734 	EXP 	Options: autoDraw = False
24.7734 	EXP 	FeedbackMssg: text = 'CORRECT'
24.7734 	EXP 	FeedbackMssg: autoDraw = True
25.7604 	EXP 	New trial (rep=0, index=3): OrderedDict([('SoundFiles3', 'Practice/Gargle_A.wav'), ('Correct', 3)])
25.7940 	EXP 	FeedbackMssg: autoDraw = False
25.7940 	EXP 	FeedbackMssg: autoDraw = False
25.7940 	EXP 	TrialNumber: text = 'Trial 4'
25.7940 	EXP 	TrialNumber: autoDraw = True
25.7940 	EXP 	PracticeCross: autoDraw = True
28.0568 	EXP 	TrialNumber: autoDraw = False
28.0568 	EXP 	PracticeCross: autoDraw = False
28.0937 	EXP 	TrialNumber: autoDraw = False
28.0937 	EXP 	PracticeCross: autoDraw = False
28.0937 	EXP 	PracticeMssg: text = 'This is a NEW sound. \nThis sound has never been played before.'
28.0937 	EXP 	PracticeMssg: autoDraw = True
28.0937 	EXP 	FeedbackCross: autoDraw = True
28.0937 	EXP 	Continue: autoDraw = True
28.0937 	EXP 	Options: autoDraw = True
28.5491 	DATA 	Keypress: 3
28.5730 	EXP 	PracticeMssg: autoDraw = False
28.5730 	EXP 	FeedbackCross: autoDraw = False
28.5730 	EXP 	Continue: autoDraw = False
28.5730 	EXP 	Options: autoDraw = False
28.5730 	EXP 	FeedbackMssg: text = 'CORRECT'
28.5730 	EXP 	FeedbackMssg: autoDraw = True
29.5603 	EXP 	New trial (rep=0, index=4): OrderedDict([('SoundFiles3', 'Practice/Gargle_B.wav'), ('Correct', 2)])
29.5939 	EXP 	FeedbackMssg: autoDraw = False
29.5939 	EXP 	FeedbackMssg: autoDraw = False
29.5939 	EXP 	TrialNumber: text = 'Trial 5'
29.5939 	EXP 	TrialNumber: autoDraw = True
29.5939 	EXP 	PracticeCross: autoDraw = True
31.6398 	EXP 	TrialNumber: autoDraw = False
31.6398 	EXP 	PracticeCross: autoDraw = False
31.6791 	EXP 	TrialNumber: autoDraw = False
31.6791 	EXP 	PracticeCross: autoDraw = False
31.6791 	EXP 	PracticeMssg: text = 'This is a SIMILAR sound. \nThis sound is similar but not identical to a previously played sound.'
31.6791 	EXP 	PracticeMssg: autoDraw = True
31.6791 	EXP 	FeedbackCross: autoDraw = True
31.6791 	EXP 	Continue: autoDraw = True
31.6791 	EXP 	Options: autoDraw = True
32.1035 	DATA 	Keypress: 2
32.1076 	EXP 	PracticeMssg: autoDraw = False
32.1076 	EXP 	FeedbackCross: autoDraw = False
32.1076 	EXP 	Continue: autoDraw = False
32.1076 	EXP 	Options: autoDraw = False
32.1076 	EXP 	FeedbackMssg: text = 'CORRECT'
32.1076 	EXP 	FeedbackMssg: autoDraw = True
33.1075 	EXP 	FeedbackMssg: autoDraw = False
33.1075 	EXP 	FeedbackMssg: autoDraw = False
33.1075 	EXP 	StartTxt: autoDraw = True
33.1075 	EXP 	ContinueStart: autoDraw = True
34.9496 	DATA 	Keypress: space
35.0174 	EXP 	Imported GuessSounds_conditions.xlsx as conditions, 109 conditions, 2 params
35.0181 	EXP 	Created sequence: sequential, trialTypes=109, nReps=1, seed=None
35.0184 	EXP 	New trial (rep=0, index=0): OrderedDict([('SoundFiles3', 'Initial/NoRepeat/Elephant_A.wav'), ('Correct', 3)])
35.0251 	EXP 	StartTxt: autoDraw = False
35.0251 	EXP 	ContinueStart: autoDraw = False
35.0251 	EXP 	no_3: autoDraw = True
36.0235 	EXP 	no_2: autoDraw = True
36.0399 	EXP 	no_3: autoDraw = False
37.0235 	EXP 	no1: autoDraw = True
37.0235 	EXP 	no_2: autoDraw = False
38.0133 	EXP 	no1: autoDraw = False
38.0133 	EXP 	no_2: autoDraw = False
38.0133 	EXP 	no_3: autoDraw = False
38.0133 	EXP 	ItemNumber: text = '1/110'
38.0133 	EXP 	Cross: autoDraw = True
38.0133 	EXP 	ItemNumber: autoDraw = True
39.8759 	DATA 	Keypress: escape
40.4122 	EXP 	window1: mouseVisible = True
