1.2230 	WARNING 	We strongly recommend you activate the PTB sound engine in PsychoPy prefs as the preferred audio engine. Its timing is vastly superior. Your prefs are currently set to use ['sounddevice', 'PTB', 'pyo', 'pygame'] (in that order).
5.7407 	WARNING 	User requested fullscreen with size [1024  768], but screen is actually [2256, 1504]. Using actual size
7.7331 	EXP 	Created window1 = Window(allowGUI=False, allowStencil=False, args=UNKNOWN, autoLog=True, bitsMode=UNKNOWN, blendMode='avg', bpc=(8, 8, 8), color=array([0., 0., 0.]), colorSpace='rgb', depthBits=8, fullscr=<method-wrapper '__getattribute__' of attributeSetter object at 0x000001EC108C2C88>, gamma=None, gammaErrorPolicy='raise', kwargs=UNKNOWN, lms=UNKNOWN, monitor=<psychopy.monitors.calibTools.Monitor object at 0x000001EC107D03C8>, multiSample=False, name='window1', numSamples=2, pos=[0.0, 0.0], screen=0, size=array([2256, 1504]), stencilBits=0, stereo=False, units='height', useFBO=True, useRetina=False, viewOri=0.0, viewPos=None, viewScale=None, waitBlanking=True, winType='pyglet')
7.7354 	EXP 	window1: mouseVisible = True
7.7356 	EXP 	window1: recordFrameIntervals = False
7.8962 	EXP 	window1: recordFrameIntervals = True
8.2296 	EXP 	window1: recordFrameIntervals = False
8.5358 	EXP 	Created InstructionTxt = TextStim(__class__=<class 'psychopy.visual.text.TextStim'>, alignHoriz=method-wrapper(...), alignText='center', alignVert=method-wrapper(...), anchorHoriz='center', anchorVert='center', antialias=True, autoLog=True, bold=False, color='white', colorSpace='named', contrast=1.0, depth=0.0, flipHoriz=False, flipVert=False, font='Arial', fontFiles=[], height=0.04, italic=False, languageStyle='LTR', name='InstructionTxt', opacity=1.0, ori=0, pos=array([0., 0.]), rgb=array([255., 255., 255.]), text=str(...), units='height', win=Window(...), wrapWidth=1)
8.5464 	EXP 	Created WelcomContinue = TextStim(__class__=<class 'psychopy.visual.text.TextStim'>, alignHoriz=method-wrapper(...), alignText='center', alignVert=method-wrapper(...), anchorHoriz='center', anchorVert='center', antialias=True, autoLog=True, bold=False, color='white', colorSpace='named', contrast=1.0, depth=-3.0, flipHoriz=False, flipVert=False, font='Arial', fontFiles=[], height=0.04, italic=False, languageStyle='LTR', name='WelcomContinue', opacity=1.0, ori=0, pos=array([ 0. , -0.4]), rgb=array([255., 255., 255.]), text='Press SPACE to continue', units='height', win=Window(...), wrapWidth=1)
8.5634 	EXP 	Created InstructionTxt2 = TextStim(__class__=<class 'psychopy.visual.text.TextStim'>, alignHoriz=method-wrapper(...), alignText='center', alignVert=method-wrapper(...), anchorHoriz='center', anchorVert='center', antialias=True, autoLog=True, bold=False, color='white', colorSpace='named', contrast=1.0, depth=0.0, flipHoriz=False, flipVert=False, font='Arial', fontFiles=[], height=0.04, italic=False, languageStyle='LTR', name='InstructionTxt2', opacity=1.0, ori=0, pos=array([0., 0.]), rgb=array([255., 255., 255.]), text=str(...), units='height', win=Window(...), wrapWidth=1)
8.5674 	EXP 	Created WelcomeContinue2 = TextStim(__class__=<class 'psychopy.visual.text.TextStim'>, alignHoriz=method-wrapper(...), alignText='center', alignVert=method-wrapper(...), anchorHoriz='center', anchorVert='center', antialias=True, autoLog=True, bold=False, color='white', colorSpace='named', contrast=1.0, depth=-1.0, flipHoriz=False, flipVert=False, font='Arial', fontFiles=[], height=0.04, italic=False, languageStyle='LTR', name='WelcomeContinue2', opacity=1.0, ori=0, pos=array([ 0. , -0.4]), rgb=array([255., 255., 255.]), text='Press SPACE to continue', units='height', win=Window(...), wrapWidth=1)
8.5757 	EXP 	Created VolumeBeginTxt = TextStim(__class__=<class 'psychopy.visual.text.TextStim'>, alignHoriz=method-wrapper(...), alignText='center', alignVert=method-wrapper(...), anchorHoriz='center', anchorVert='center', antialias=True, autoLog=True, bold=False, color='white', colorSpace='named', contrast=1.0, depth=0.0, flipHoriz=False, flipVert=False, font='Arial', fontFiles=[], height=0.04, italic=False, languageStyle='LTR', name='VolumeBeginTxt', opacity=1.0, ori=0, pos=array([0., 0.]), rgb=array([255., 255., 255.]), text=str(...), units='height', win=Window(...), wrapWidth=1)
8.5816 	EXP 	Created VolumeContinue = TextStim(__class__=<class 'psychopy.visual.text.TextStim'>, alignHoriz=method-wrapper(...), alignText='center', alignVert=method-wrapper(...), anchorHoriz='center', anchorVert='center', antialias=True, autoLog=True, bold=False, color='white', colorSpace='named', contrast=1.0, depth=-1.0, flipHoriz=False, flipVert=False, font='Arial', fontFiles=[], height=0.04, italic=False, languageStyle='LTR', name='VolumeContinue', opacity=1.0, ori=0, pos=array([ 0. , -0.4]), rgb=array([255., 255., 255.]), text=str(...), units='height', win=Window(...), wrapWidth=1)
8.5897 	EXP 	Created text = TextStim(__class__=<class 'psychopy.visual.text.TextStim'>, alignHoriz=method-wrapper(...), alignText='center', alignVert=method-wrapper(...), anchorHoriz='center', anchorVert='center', antialias=True, autoLog=True, bold=False, color='white', colorSpace='named', contrast=1.0, depth=0.0, flipHoriz=False, flipVert=False, font='Arial', fontFiles=[], height=0.04, italic=False, languageStyle='LTR', name='text', opacity=1.0, ori=0, pos=array([0., 0.]), rgb=array([255., 255., 255.]), text=str(...), units='height', win=Window(...), wrapWidth=1)
8.7105 	EXP 	Sound Music set volume 0.300
8.7172 	EXP 	Created AdjustContinue = TextStim(__class__=<class 'psychopy.visual.text.TextStim'>, alignHoriz=method-wrapper(...), alignText='center', alignVert=method-wrapper(...), anchorHoriz='center', anchorVert='center', antialias=True, autoLog=True, bold=False, color='white', colorSpace='named', contrast=1.0, depth=-3.0, flipHoriz=False, flipVert=False, font='Arial', fontFiles=[], height=0.04, italic=False, languageStyle='LTR', name='AdjustContinue', opacity=1.0, ori=0, pos=array([ 0. , -0.4]), rgb=array([255., 255., 255.]), text=str(...), units='height', win=Window(...), wrapWidth=1)
8.7214 	EXP 	Created StartTxt = TextStim(__class__=<class 'psychopy.visual.text.TextStim'>, alignHoriz=method-wrapper(...), alignText='center', alignVert=method-wrapper(...), anchorHoriz='center', anchorVert='center', antialias=True, autoLog=True, bold=False, color='white', colorSpace='named', contrast=1.0, depth=0.0, flipHoriz=False, flipVert=False, font='Arial', fontFiles=[], height=0.04, italic=False, languageStyle='LTR', name='StartTxt', opacity=1.0, ori=0, pos=array([0., 0.]), rgb=array([255., 255., 255.]), text='We will now begin the task', units='height', win=Window(...), wrapWidth=1)
8.7309 	EXP 	Created no3 = TextStim(__class__=<class 'psychopy.visual.text.TextStim'>, alignHoriz=method-wrapper(...), alignText='center', alignVert=method-wrapper(...), anchorHoriz='center', anchorVert='center', antialias=True, autoLog=True, bold=False, color='white', colorSpace='named', contrast=1.0, depth=0.0, flipHoriz=False, flipVert=False, font='Arial', fontFiles=[], height=0.05, italic=False, languageStyle='LTR', name='no3', opacity=1.0, ori=0, pos=array([0., 0.]), rgb=array([255., 255., 255.]), text='3', units='height', win=Window(...), wrapWidth=1)
8.7353 	EXP 	Created no2 = TextStim(__class__=<class 'psychopy.visual.text.TextStim'>, alignHoriz=method-wrapper(...), alignText='center', alignVert=method-wrapper(...), anchorHoriz='center', anchorVert='center', antialias=True, autoLog=True, bold=False, color='white', colorSpace='named', contrast=1.0, depth=0.0, flipHoriz=False, flipVert=False, font='Arial', fontFiles=[], height=0.05, italic=False, languageStyle='LTR', name='no2', opacity=1.0, ori=0, pos=array([0., 0.]), rgb=array([255., 255., 255.]), text='2', units='height', win=Window(...), wrapWidth=1)
8.7390 	EXP 	Created no1 = TextStim(__class__=<class 'psychopy.visual.text.TextStim'>, alignHoriz=method-wrapper(...), alignText='center', alignVert=method-wrapper(...), anchorHoriz='center', anchorVert='center', antialias=True, autoLog=True, bold=False, color='white', colorSpace='named', contrast=1.0, depth=0.0, flipHoriz=False, flipVert=False, font='Arial', fontFiles=[], height=0.05, italic=False, languageStyle='LTR', name='no1', opacity=1.0, ori=0, pos=array([0., 0.]), rgb=array([255., 255., 255.]), text='1', units='height', win=Window(...), wrapWidth=1)
8.7451 	EXP 	Created Question = TextStim(__class__=<class 'psychopy.visual.text.TextStim'>, alignHoriz=method-wrapper(...), alignText='center', alignVert=method-wrapper(...), anchorHoriz='center', anchorVert='center', antialias=True, autoLog=True, bold=False, color='white', colorSpace='named', contrast=1.0, depth=0.0, flipHoriz=False, flipVert=False, font='Arial', fontFiles=[], height=0.04, italic=False, languageStyle='LTR', name='Question', opacity=1.0, ori=0, pos=array([0., 0.]), rgb=array([255., 255., 255.]), text='What is this sound?\n', units='height', win=Window(...), wrapWidth=1)
8.8066 	EXP 	window1: mouseVisible = True
8.8320 	EXP 	Created ClickTheButton = TextStim(__class__=<class 'psychopy.visual.text.TextStim'>, alignHoriz=method-wrapper(...), alignText='center', alignVert=method-wrapper(...), anchorHoriz='center', anchorVert='center', antialias=True, autoLog=True, bold=False, color='white', colorSpace='named', contrast=1.0, depth=-3.0, flipHoriz=False, flipVert=False, font='Arial', fontFiles=[], height=0.025, italic=False, languageStyle='LTR', name='ClickTheButton', opacity=1.0, ori=0, pos=array([ 0.  , -0.03]), rgb=array([255., 255., 255.]), text="Click 'Submit' to continue.", units='height', win=Window(...), wrapWidth=1)
8.8321 	EXP 	Sound SoundItem set volume 1.000
8.8424 	EXP 	Created ItemNo = TextStim(__class__=<class 'psychopy.visual.text.TextStim'>, alignHoriz=method-wrapper(...), alignText='center', alignVert=method-wrapper(...), anchorHoriz='center', anchorVert='center', antialias=True, autoLog=True, bold=False, color='white', colorSpace='named', contrast=1.0, depth=-5.0, flipHoriz=False, flipVert=False, font='Arial', fontFiles=[], height=0.04, italic=False, languageStyle='LTR', name='ItemNo', opacity=1.0, ori=0, pos=array([0.  , 0.45]), rgb=array([255., 255., 255.]), text='default text', units='height', win=Window(...), wrapWidth=1)
8.9017 	EXP 	Created ThankyouMssg = TextStim(__class__=<class 'psychopy.visual.text.TextStim'>, alignHoriz=method-wrapper(...), alignText='center', alignVert=method-wrapper(...), anchorHoriz='center', anchorVert='center', antialias=True, autoLog=True, bold=False, color='white', colorSpace='named', contrast=1.0, depth=0.0, flipHoriz=False, flipVert=False, font='Arial', fontFiles=[], height=0.04, italic=False, languageStyle='LTR', name='ThankyouMssg', opacity=1.0, ori=0, pos=array([0. , 0.2]), rgb=array([255., 255., 255.]), text=str(...), units='height', win=Window(...), wrapWidth=1)
8.9545 	EXP 	Created ExitTxt = TextStim(__class__=<class 'psychopy.visual.text.TextStim'>, alignHoriz=method-wrapper(...), alignText='center', alignVert=method-wrapper(...), anchorHoriz='center', anchorVert='center', antialias=True, autoLog=True, bold=False, color='white', colorSpace='named', contrast=1.0, depth=-2.0, flipHoriz=False, flipVert=False, font='Arial', fontFiles=[], height=0.04, italic=False, languageStyle='LTR', name='ExitTxt', opacity=1.0, ori=0, pos=array([ 0. , -0.4]), rgb=array([255., 255., 255.]), text='Press SPACE to exit the study', units='height', win=Window(...), wrapWidth=1)
8.9669 	EXP 	Created CodeTxt = TextStim(__class__=<class 'psychopy.visual.text.TextStim'>, alignHoriz=method-wrapper(...), alignText='center', alignVert=method-wrapper(...), anchorHoriz='center', anchorVert='center', antialias=True, autoLog=True, bold=False, color='white', colorSpace='named', contrast=1.0, depth=-4.0, flipHoriz=False, flipVert=False, font='Arial', fontFiles=[], height=0.04, italic=False, languageStyle='LTR', name='CodeTxt', opacity=1.0, ori=0, pos=array([ 0.  , -0.22]), rgb=array([255., 255., 255.]), text=str(...), units='height', win=Window(...), wrapWidth=1)
9.0026 	EXP 	ResponseBox: autoLog = True
9.0026 	EXP 	Submit: autoLog = True
9.0026 	EXP 	CompletionCode: autoLog = True
9.0026 	EXP 	InstructionTxt: autoDraw = True
9.0026 	EXP 	WelcomContinue: autoDraw = True
9.8214 	DATA 	Keypress: space
9.8301 	EXP 	InstructionTxt: autoDraw = False
9.8301 	EXP 	WelcomContinue: autoDraw = False
9.8301 	EXP 	InstructionTxt2: autoDraw = True
9.8301 	EXP 	WelcomeContinue2: autoDraw = True
9.8301 	EXP 	ResponseBox: text = 'default text '
10.5071 	DATA 	Keypress: space
10.5256 	EXP 	ResponseBox: text = 'default text  '
10.5385 	EXP 	InstructionTxt2: autoDraw = False
10.5385 	EXP 	WelcomeContinue2: autoDraw = False
10.5385 	EXP 	VolumeBeginTxt: autoDraw = True
10.5385 	EXP 	VolumeContinue: autoDraw = True
11.5093 	DATA 	Keypress: space
11.5140 	EXP 	VolumeBeginTxt: autoDraw = False
11.5140 	EXP 	VolumeContinue: autoDraw = False
11.5140 	EXP 	text: autoDraw = True
11.5140 	EXP 	AdjustContinue: autoDraw = True
11.5140 	EXP 	ResponseBox: text = 'default text   '
12.9693 	DATA 	Keypress: space
12.9781 	EXP 	text: autoDraw = False
12.9781 	EXP 	AdjustContinue: autoDraw = False
12.9781 	EXP 	StartTxt: autoDraw = True
12.9781 	EXP 	ResponseBox: text = 'default text    '
15.0021 	EXP 	Imported GuessSounds_conditions.xlsx as conditions, 26 conditions, 1 params
15.0025 	EXP 	Created sequence: sequential, trialTypes=26, nReps=1, seed=None
15.0027 	EXP 	New trial (rep=0, index=0): OrderedDict([('SoundFiles', 'Pour_B.wav')])
15.0100 	EXP 	StartTxt: autoDraw = False
15.0100 	EXP 	StartTxt: autoDraw = False
15.0100 	EXP 	no3: autoDraw = True
15.9949 	EXP 	no3: autoDraw = False
15.9949 	EXP 	no2: autoDraw = True
16.9949 	EXP 	no2: autoDraw = False
16.9949 	EXP 	no1: autoDraw = True
18.0174 	EXP 	no1: autoDraw = False
18.0174 	EXP 	ResponseBox: text = '\n\n'
18.0174 	EXP 	ItemNo: text = '1/60'
18.0174 	EXP 	Question: autoDraw = True
18.0174 	EXP 	ResponseBox: autoDraw = True
18.0174 	EXP 	ClickTheButton: autoDraw = True
18.0174 	EXP 	ItemNo: autoDraw = True
18.0174 	EXP 	Submit: autoDraw = True
20.1979 	DATA 	Mouse: Left button down, pos=(1128,174)
20.2036 	EXP 	New trial (rep=0, index=1): OrderedDict([('SoundFiles', 'Siren_B.wav')])
20.2116 	EXP 	Question: autoDraw = False
20.2116 	EXP 	ResponseBox: autoDraw = False
20.2116 	EXP 	ClickTheButton: autoDraw = False
20.2116 	EXP 	ItemNo: autoDraw = False
20.2116 	EXP 	Submit: autoDraw = False
20.2116 	EXP 	ResponseBox: text = 'default text'
20.2116 	EXP 	no3: autoDraw = True
20.4309 	DATA 	Mouse:  Left button up, pos=(1128,174)
21.2117 	EXP 	no3: autoDraw = False
21.2117 	EXP 	no3: autoDraw = False
21.2117 	EXP 	no2: autoDraw = True
22.2119 	EXP 	no2: autoDraw = False
22.2119 	EXP 	no2: autoDraw = False
22.2119 	EXP 	no1: autoDraw = True
23.2143 	EXP 	no1: autoDraw = False
23.2143 	EXP 	no1: autoDraw = False
23.2143 	EXP 	ResponseBox: text = '\n\n'
23.2143 	EXP 	ItemNo: text = '2/60'
23.2143 	EXP 	Question: autoDraw = True
23.2143 	EXP 	ResponseBox: autoDraw = True
23.2143 	EXP 	ClickTheButton: autoDraw = True
23.2143 	EXP 	ItemNo: autoDraw = True
23.2143 	EXP 	Submit: autoDraw = True
25.2493 	DATA 	Mouse: Left button down, pos=(1128,174)
25.2539 	EXP 	New trial (rep=0, index=2): OrderedDict([('SoundFiles', 'Siren_C.wav')])
25.2618 	EXP 	Question: autoDraw = False
25.2618 	EXP 	ResponseBox: autoDraw = False
25.2618 	EXP 	ClickTheButton: autoDraw = False
25.2618 	EXP 	ItemNo: autoDraw = False
25.2618 	EXP 	Submit: autoDraw = False
25.2618 	EXP 	ResponseBox: text = 'default text'
25.2618 	EXP 	no3: autoDraw = True
25.4642 	DATA 	Mouse:  Left button up, pos=(1128,174)
26.2618 	EXP 	no3: autoDraw = False
26.2618 	EXP 	no3: autoDraw = False
26.2618 	EXP 	no2: autoDraw = True
27.2615 	EXP 	no2: autoDraw = False
27.2615 	EXP 	no2: autoDraw = False
27.2615 	EXP 	no1: autoDraw = True
28.2628 	EXP 	no1: autoDraw = False
28.2628 	EXP 	no1: autoDraw = False
28.2628 	EXP 	ResponseBox: text = '\n\n'
28.2628 	EXP 	ItemNo: text = '3/60'
28.2628 	EXP 	Question: autoDraw = True
28.2628 	EXP 	ResponseBox: autoDraw = True
28.2628 	EXP 	ClickTheButton: autoDraw = True
28.2628 	EXP 	ItemNo: autoDraw = True
28.2628 	EXP 	Submit: autoDraw = True
30.5649 	DATA 	Mouse: Left button down, pos=(1128,174)
30.5697 	EXP 	New trial (rep=0, index=3): OrderedDict([('SoundFiles', 'Siren_D.wav')])
30.5783 	EXP 	Question: autoDraw = False
30.5783 	EXP 	ResponseBox: autoDraw = False
30.5783 	EXP 	ClickTheButton: autoDraw = False
30.5783 	EXP 	ItemNo: autoDraw = False
30.5783 	EXP 	Submit: autoDraw = False
30.5783 	EXP 	ResponseBox: text = 'default text'
30.5783 	EXP 	no3: autoDraw = True
30.7806 	DATA 	Mouse:  Left button up, pos=(1128,174)
31.5781 	EXP 	no3: autoDraw = False
31.5781 	EXP 	no3: autoDraw = False
31.5781 	EXP 	no2: autoDraw = True
32.5783 	EXP 	no2: autoDraw = False
32.5783 	EXP 	no2: autoDraw = False
32.5783 	EXP 	no1: autoDraw = True
33.5802 	EXP 	no1: autoDraw = False
33.5802 	EXP 	no1: autoDraw = False
33.5802 	EXP 	ResponseBox: text = '\n\n'
33.5802 	EXP 	ItemNo: text = '4/60'
33.5802 	EXP 	Question: autoDraw = True
33.5802 	EXP 	ResponseBox: autoDraw = True
33.5802 	EXP 	ClickTheButton: autoDraw = True
33.5802 	EXP 	ItemNo: autoDraw = True
33.5802 	EXP 	Submit: autoDraw = True
34.6636 	DATA 	Mouse: Left button down, pos=(1128,174)
34.6676 	EXP 	New trial (rep=0, index=4): OrderedDict([('SoundFiles', 'Baby_A.wav')])
34.6789 	EXP 	Question: autoDraw = False
34.6789 	EXP 	ResponseBox: autoDraw = False
34.6789 	EXP 	ClickTheButton: autoDraw = False
34.6789 	EXP 	ItemNo: autoDraw = False
34.6789 	EXP 	Submit: autoDraw = False
34.6789 	EXP 	ResponseBox: text = 'default text'
34.6789 	EXP 	no3: autoDraw = True
34.8813 	DATA 	Mouse:  Left button up, pos=(1128,174)
35.6780 	EXP 	no3: autoDraw = False
35.6780 	EXP 	no3: autoDraw = False
35.6780 	EXP 	no2: autoDraw = True
36.6786 	EXP 	no2: autoDraw = False
36.6786 	EXP 	no2: autoDraw = False
36.6786 	EXP 	no1: autoDraw = True
37.6794 	EXP 	no1: autoDraw = False
37.6794 	EXP 	no1: autoDraw = False
37.6794 	EXP 	ResponseBox: text = '\n\n'
37.6794 	EXP 	ItemNo: text = '5/60'
37.6794 	EXP 	Question: autoDraw = True
37.6794 	EXP 	ResponseBox: autoDraw = True
37.6794 	EXP 	ClickTheButton: autoDraw = True
37.6794 	EXP 	ItemNo: autoDraw = True
37.6794 	EXP 	Submit: autoDraw = True
39.2298 	DATA 	Mouse: Left button down, pos=(1128,174)
39.2341 	EXP 	New trial (rep=0, index=5): OrderedDict([('SoundFiles', 'Baby_C.wav')])
39.2449 	EXP 	Question: autoDraw = False
39.2449 	EXP 	ResponseBox: autoDraw = False
39.2449 	EXP 	ClickTheButton: autoDraw = False
39.2449 	EXP 	ItemNo: autoDraw = False
39.2449 	EXP 	Submit: autoDraw = False
39.2449 	EXP 	ResponseBox: text = 'default text'
39.2449 	EXP 	no3: autoDraw = True
39.4638 	DATA 	Mouse:  Left button up, pos=(1128,174)
40.2445 	EXP 	no3: autoDraw = False
40.2445 	EXP 	no3: autoDraw = False
40.2445 	EXP 	no2: autoDraw = True
41.2451 	EXP 	no2: autoDraw = False
41.2451 	EXP 	no2: autoDraw = False
41.2451 	EXP 	no1: autoDraw = True
42.2458 	EXP 	no1: autoDraw = False
42.2458 	EXP 	no1: autoDraw = False
42.2458 	EXP 	ResponseBox: text = '\n\n'
42.2458 	EXP 	ItemNo: text = '6/60'
42.2458 	EXP 	Question: autoDraw = True
42.2458 	EXP 	ResponseBox: autoDraw = True
42.2458 	EXP 	ClickTheButton: autoDraw = True
42.2458 	EXP 	ItemNo: autoDraw = True
42.2458 	EXP 	Submit: autoDraw = True
44.3485 	DATA 	Mouse: Left button down, pos=(1128,174)
44.3532 	EXP 	New trial (rep=0, index=6): OrderedDict([('SoundFiles', 'Baby_D.wav')])
44.3616 	EXP 	Question: autoDraw = False
44.3616 	EXP 	ResponseBox: autoDraw = False
44.3616 	EXP 	ClickTheButton: autoDraw = False
44.3616 	EXP 	ItemNo: autoDraw = False
44.3616 	EXP 	Submit: autoDraw = False
44.3616 	EXP 	ResponseBox: text = 'default text'
44.3616 	EXP 	no3: autoDraw = True
44.5643 	DATA 	Mouse:  Left button up, pos=(1128,174)
45.3618 	EXP 	no3: autoDraw = False
45.3618 	EXP 	no3: autoDraw = False
45.3618 	EXP 	no2: autoDraw = True
46.3618 	EXP 	no2: autoDraw = False
46.3618 	EXP 	no2: autoDraw = False
46.3618 	EXP 	no1: autoDraw = True
47.3629 	EXP 	no1: autoDraw = False
47.3629 	EXP 	no1: autoDraw = False
47.3629 	EXP 	ResponseBox: text = '\n\n'
47.3629 	EXP 	ItemNo: text = '7/60'
47.3629 	EXP 	Question: autoDraw = True
47.3629 	EXP 	ResponseBox: autoDraw = True
47.3629 	EXP 	ClickTheButton: autoDraw = True
47.3629 	EXP 	ItemNo: autoDraw = True
47.3629 	EXP 	Submit: autoDraw = True
48.6158 	DATA 	Mouse: Left button down, pos=(1128,174)
48.6200 	EXP 	New trial (rep=0, index=7): OrderedDict([('SoundFiles', 'Footsteps_A.wav')])
48.6281 	EXP 	Question: autoDraw = False
48.6281 	EXP 	ResponseBox: autoDraw = False
48.6281 	EXP 	ClickTheButton: autoDraw = False
48.6281 	EXP 	ItemNo: autoDraw = False
48.6281 	EXP 	Submit: autoDraw = False
48.6281 	EXP 	ResponseBox: text = 'default text'
48.6281 	EXP 	no3: autoDraw = True
48.8302 	DATA 	Mouse:  Left button up, pos=(1128,174)
49.6278 	EXP 	no3: autoDraw = False
49.6278 	EXP 	no3: autoDraw = False
49.6278 	EXP 	no2: autoDraw = True
50.6280 	EXP 	no2: autoDraw = False
50.6280 	EXP 	no2: autoDraw = False
50.6280 	EXP 	no1: autoDraw = True
51.6291 	EXP 	no1: autoDraw = False
51.6291 	EXP 	no1: autoDraw = False
51.6291 	EXP 	ResponseBox: text = '\n\n'
51.6291 	EXP 	ItemNo: text = '8/60'
51.6291 	EXP 	Question: autoDraw = True
51.6291 	EXP 	ResponseBox: autoDraw = True
51.6291 	EXP 	ClickTheButton: autoDraw = True
51.6291 	EXP 	ItemNo: autoDraw = True
51.6291 	EXP 	Submit: autoDraw = True
54.1289 	DATA 	Mouse: Left button down, pos=(1128,174)
54.1331 	EXP 	New trial (rep=0, index=8): OrderedDict([('SoundFiles', 'Footsteps_C.wav')])
54.1435 	EXP 	Question: autoDraw = False
54.1435 	EXP 	ResponseBox: autoDraw = False
54.1435 	EXP 	ClickTheButton: autoDraw = False
54.1435 	EXP 	ItemNo: autoDraw = False
54.1435 	EXP 	Submit: autoDraw = False
54.1435 	EXP 	ResponseBox: text = 'default text'
54.1435 	EXP 	no3: autoDraw = True
54.3462 	DATA 	Mouse:  Left button up, pos=(1128,174)
55.1431 	EXP 	no3: autoDraw = False
55.1431 	EXP 	no3: autoDraw = False
55.1431 	EXP 	no2: autoDraw = True
56.1433 	EXP 	no2: autoDraw = False
56.1433 	EXP 	no2: autoDraw = False
56.1433 	EXP 	no1: autoDraw = True
57.1443 	EXP 	no1: autoDraw = False
57.1443 	EXP 	no1: autoDraw = False
57.1443 	EXP 	ResponseBox: text = '\n\n'
57.1443 	EXP 	ItemNo: text = '9/60'
57.1443 	EXP 	Question: autoDraw = True
57.1443 	EXP 	ResponseBox: autoDraw = True
57.1443 	EXP 	ClickTheButton: autoDraw = True
57.1443 	EXP 	ItemNo: autoDraw = True
57.1443 	EXP 	Submit: autoDraw = True
60.2463 	DATA 	Mouse: Left button down, pos=(1128,174)
60.2511 	EXP 	New trial (rep=0, index=9): OrderedDict([('SoundFiles', 'Footsteps_D.wav')])
60.2614 	EXP 	Question: autoDraw = False
60.2614 	EXP 	ResponseBox: autoDraw = False
60.2614 	EXP 	ClickTheButton: autoDraw = False
60.2614 	EXP 	ItemNo: autoDraw = False
60.2614 	EXP 	Submit: autoDraw = False
60.2614 	EXP 	ResponseBox: text = 'default text'
60.2614 	EXP 	no3: autoDraw = True
60.4648 	DATA 	Mouse:  Left button up, pos=(1128,174)
61.2615 	EXP 	no3: autoDraw = False
61.2615 	EXP 	no3: autoDraw = False
61.2615 	EXP 	no2: autoDraw = True
62.2612 	EXP 	no2: autoDraw = False
62.2612 	EXP 	no2: autoDraw = False
62.2612 	EXP 	no1: autoDraw = True
63.2626 	EXP 	no1: autoDraw = False
63.2626 	EXP 	no1: autoDraw = False
63.2626 	EXP 	ResponseBox: text = '\n\n'
63.2626 	EXP 	ItemNo: text = '10/60'
63.2626 	EXP 	Question: autoDraw = True
63.2626 	EXP 	ResponseBox: autoDraw = True
63.2626 	EXP 	ClickTheButton: autoDraw = True
63.2626 	EXP 	ItemNo: autoDraw = True
63.2626 	EXP 	Submit: autoDraw = True
65.4797 	DATA 	Mouse: Left button down, pos=(1128,174)
65.4842 	EXP 	New trial (rep=0, index=10): OrderedDict([('SoundFiles', 'Bird_B.wav')])
65.4945 	EXP 	Question: autoDraw = False
65.4945 	EXP 	ResponseBox: autoDraw = False
65.4945 	EXP 	ClickTheButton: autoDraw = False
65.4945 	EXP 	ItemNo: autoDraw = False
65.4945 	EXP 	Submit: autoDraw = False
65.4945 	EXP 	ResponseBox: text = 'default text'
65.4945 	EXP 	no3: autoDraw = True
65.6967 	DATA 	Mouse:  Left button up, pos=(1128,174)
66.4945 	EXP 	no3: autoDraw = False
66.4945 	EXP 	no3: autoDraw = False
66.4945 	EXP 	no2: autoDraw = True
67.4945 	EXP 	no2: autoDraw = False
67.4945 	EXP 	no2: autoDraw = False
67.4945 	EXP 	no1: autoDraw = True
68.4968 	EXP 	no1: autoDraw = False
68.4968 	EXP 	no1: autoDraw = False
68.4968 	EXP 	ResponseBox: text = '\n\n'
68.4968 	EXP 	ItemNo: text = '11/60'
68.4968 	EXP 	Question: autoDraw = True
68.4968 	EXP 	ResponseBox: autoDraw = True
68.4968 	EXP 	ClickTheButton: autoDraw = True
68.4968 	EXP 	ItemNo: autoDraw = True
68.4968 	EXP 	Submit: autoDraw = True
69.9794 	DATA 	Mouse: Left button down, pos=(1128,174)
69.9839 	EXP 	New trial (rep=0, index=11): OrderedDict([('SoundFiles', 'Bird_C.wav')])
69.9945 	EXP 	Question: autoDraw = False
69.9945 	EXP 	ResponseBox: autoDraw = False
69.9945 	EXP 	ClickTheButton: autoDraw = False
69.9945 	EXP 	ItemNo: autoDraw = False
69.9945 	EXP 	Submit: autoDraw = False
69.9945 	EXP 	ResponseBox: text = 'default text'
69.9945 	EXP 	no3: autoDraw = True
70.1803 	DATA 	Mouse:  Left button up, pos=(1128,174)
70.9942 	EXP 	no3: autoDraw = False
70.9942 	EXP 	no3: autoDraw = False
70.9942 	EXP 	no2: autoDraw = True
71.9942 	EXP 	no2: autoDraw = False
71.9942 	EXP 	no2: autoDraw = False
71.9942 	EXP 	no1: autoDraw = True
72.9958 	EXP 	no1: autoDraw = False
72.9958 	EXP 	no1: autoDraw = False
72.9958 	EXP 	ResponseBox: text = '\n\n'
72.9958 	EXP 	ItemNo: text = '12/60'
72.9958 	EXP 	Question: autoDraw = True
72.9958 	EXP 	ResponseBox: autoDraw = True
72.9958 	EXP 	ClickTheButton: autoDraw = True
72.9958 	EXP 	ItemNo: autoDraw = True
72.9958 	EXP 	Submit: autoDraw = True
74.4306 	DATA 	Mouse: Left button down, pos=(1128,174)
74.4345 	EXP 	New trial (rep=0, index=12): OrderedDict([('SoundFiles', 'Bird_D.wav')])
74.4446 	EXP 	Question: autoDraw = False
74.4446 	EXP 	ResponseBox: autoDraw = False
74.4446 	EXP 	ClickTheButton: autoDraw = False
74.4446 	EXP 	ItemNo: autoDraw = False
74.4446 	EXP 	Submit: autoDraw = False
74.4446 	EXP 	ResponseBox: text = 'default text'
74.4446 	EXP 	no3: autoDraw = True
74.6463 	DATA 	Mouse:  Left button up, pos=(1128,174)
75.4448 	EXP 	no3: autoDraw = False
75.4448 	EXP 	no3: autoDraw = False
75.4448 	EXP 	no2: autoDraw = True
76.4445 	EXP 	no2: autoDraw = False
76.4445 	EXP 	no2: autoDraw = False
76.4445 	EXP 	no1: autoDraw = True
77.4458 	EXP 	no1: autoDraw = False
77.4458 	EXP 	no1: autoDraw = False
77.4458 	EXP 	ResponseBox: text = '\n\n'
77.4458 	EXP 	ItemNo: text = '13/60'
77.4458 	EXP 	Question: autoDraw = True
77.4458 	EXP 	ResponseBox: autoDraw = True
77.4458 	EXP 	ClickTheButton: autoDraw = True
77.4458 	EXP 	ItemNo: autoDraw = True
77.4458 	EXP 	Submit: autoDraw = True
78.3795 	DATA 	Mouse: Left button down, pos=(1128,174)
78.3845 	EXP 	New trial (rep=0, index=13): OrderedDict([('SoundFiles', 'CarStart_B.wav')])
78.3943 	EXP 	Question: autoDraw = False
78.3943 	EXP 	ResponseBox: autoDraw = False
78.3943 	EXP 	ClickTheButton: autoDraw = False
78.3943 	EXP 	ItemNo: autoDraw = False
78.3943 	EXP 	Submit: autoDraw = False
78.3943 	EXP 	ResponseBox: text = 'default text'
78.3943 	EXP 	no3: autoDraw = True
78.5800 	DATA 	Mouse:  Left button up, pos=(1128,174)
79.3940 	EXP 	no3: autoDraw = False
79.3940 	EXP 	no3: autoDraw = False
79.3940 	EXP 	no2: autoDraw = True
80.3943 	EXP 	no2: autoDraw = False
80.3943 	EXP 	no2: autoDraw = False
80.3943 	EXP 	no1: autoDraw = True
81.3956 	EXP 	no1: autoDraw = False
81.3956 	EXP 	no1: autoDraw = False
81.3956 	EXP 	ResponseBox: text = '\n\n'
81.3956 	EXP 	ItemNo: text = '14/60'
81.3956 	EXP 	Question: autoDraw = True
81.3956 	EXP 	ResponseBox: autoDraw = True
81.3956 	EXP 	ClickTheButton: autoDraw = True
81.3956 	EXP 	ItemNo: autoDraw = True
81.3956 	EXP 	Submit: autoDraw = True
83.0140 	DATA 	Mouse: Left button down, pos=(1128,174)
83.0200 	EXP 	New trial (rep=0, index=14): OrderedDict([('SoundFiles', 'Carstart_C.wav')])
83.0278 	EXP 	Question: autoDraw = False
83.0278 	EXP 	ResponseBox: autoDraw = False
83.0278 	EXP 	ClickTheButton: autoDraw = False
83.0278 	EXP 	ItemNo: autoDraw = False
83.0278 	EXP 	Submit: autoDraw = False
83.0278 	EXP 	ResponseBox: text = 'default text'
83.0278 	EXP 	no3: autoDraw = True
83.2302 	DATA 	Mouse:  Left button up, pos=(1128,174)
84.0277 	EXP 	no3: autoDraw = False
84.0277 	EXP 	no3: autoDraw = False
84.0277 	EXP 	no2: autoDraw = True
85.0275 	EXP 	no2: autoDraw = False
85.0275 	EXP 	no2: autoDraw = False
85.0275 	EXP 	no1: autoDraw = True
86.0287 	EXP 	no1: autoDraw = False
86.0287 	EXP 	no1: autoDraw = False
86.0287 	EXP 	ResponseBox: text = '\n\n'
86.0287 	EXP 	ItemNo: text = '15/60'
86.0287 	EXP 	Question: autoDraw = True
86.0287 	EXP 	ResponseBox: autoDraw = True
86.0287 	EXP 	ClickTheButton: autoDraw = True
86.0287 	EXP 	ItemNo: autoDraw = True
86.0287 	EXP 	Submit: autoDraw = True
87.6794 	DATA 	Mouse: Left button down, pos=(1128,174)
87.6835 	EXP 	New trial (rep=0, index=15): OrderedDict([('SoundFiles', 'CarStart_D.wav')])
87.6943 	EXP 	Question: autoDraw = False
87.6943 	EXP 	ResponseBox: autoDraw = False
87.6943 	EXP 	ClickTheButton: autoDraw = False
87.6943 	EXP 	ItemNo: autoDraw = False
87.6943 	EXP 	Submit: autoDraw = False
87.6943 	EXP 	ResponseBox: text = 'default text'
87.6943 	EXP 	no3: autoDraw = True
87.8966 	DATA 	Mouse:  Left button up, pos=(1128,174)
88.6940 	EXP 	no3: autoDraw = False
88.6940 	EXP 	no3: autoDraw = False
88.6940 	EXP 	no2: autoDraw = True
89.6942 	EXP 	no2: autoDraw = False
89.6942 	EXP 	no2: autoDraw = False
89.6942 	EXP 	no1: autoDraw = True
90.6967 	EXP 	no1: autoDraw = False
90.6967 	EXP 	no1: autoDraw = False
90.6967 	EXP 	ResponseBox: text = '\n\n'
90.6967 	EXP 	ItemNo: text = '16/60'
90.6967 	EXP 	Question: autoDraw = True
90.6967 	EXP 	ResponseBox: autoDraw = True
90.6967 	EXP 	ClickTheButton: autoDraw = True
90.6967 	EXP 	ItemNo: autoDraw = True
90.6967 	EXP 	Submit: autoDraw = True
93.7960 	DATA 	Mouse: Left button down, pos=(1128,174)
93.8005 	EXP 	New trial (rep=0, index=16): OrderedDict([('SoundFiles', 'Dog_B.wav')])
93.8107 	EXP 	Question: autoDraw = False
93.8107 	EXP 	ResponseBox: autoDraw = False
93.8107 	EXP 	ClickTheButton: autoDraw = False
93.8107 	EXP 	ItemNo: autoDraw = False
93.8107 	EXP 	Submit: autoDraw = False
93.8107 	EXP 	ResponseBox: text = 'default text'
93.8107 	EXP 	no3: autoDraw = True
94.0135 	DATA 	Mouse:  Left button up, pos=(1128,174)
94.8109 	EXP 	no3: autoDraw = False
94.8109 	EXP 	no3: autoDraw = False
94.8109 	EXP 	no2: autoDraw = True
95.8110 	EXP 	no2: autoDraw = False
95.8110 	EXP 	no2: autoDraw = False
95.8110 	EXP 	no1: autoDraw = True
96.8281 	EXP 	no1: autoDraw = False
96.8281 	EXP 	no1: autoDraw = False
96.8281 	EXP 	ResponseBox: text = '\n\n'
96.8281 	EXP 	ItemNo: text = '17/60'
96.8281 	EXP 	Question: autoDraw = True
96.8281 	EXP 	ResponseBox: autoDraw = True
96.8281 	EXP 	ClickTheButton: autoDraw = True
96.8281 	EXP 	ItemNo: autoDraw = True
96.8281 	EXP 	Submit: autoDraw = True
98.5483 	DATA 	Mouse: Left button down, pos=(1128,174)
98.5535 	EXP 	New trial (rep=0, index=17): OrderedDict([('SoundFiles', 'Dog_C.wav')])
98.5618 	EXP 	Question: autoDraw = False
98.5618 	EXP 	ResponseBox: autoDraw = False
98.5618 	EXP 	ClickTheButton: autoDraw = False
98.5618 	EXP 	ItemNo: autoDraw = False
98.5618 	EXP 	Submit: autoDraw = False
98.5618 	EXP 	ResponseBox: text = 'default text'
98.5618 	EXP 	no3: autoDraw = True
98.7666 	DATA 	Mouse:  Left button up, pos=(1128,174)
99.5610 	EXP 	no3: autoDraw = False
99.5610 	EXP 	no3: autoDraw = False
99.5610 	EXP 	no2: autoDraw = True
100.5609 	EXP 	no2: autoDraw = False
100.5609 	EXP 	no2: autoDraw = False
100.5609 	EXP 	no1: autoDraw = True
101.5820 	EXP 	no1: autoDraw = False
101.5820 	EXP 	no1: autoDraw = False
101.5820 	EXP 	ResponseBox: text = '\n\n'
101.5820 	EXP 	ItemNo: text = '18/60'
101.5820 	EXP 	Question: autoDraw = True
101.5820 	EXP 	ResponseBox: autoDraw = True
101.5820 	EXP 	ClickTheButton: autoDraw = True
101.5820 	EXP 	ItemNo: autoDraw = True
101.5820 	EXP 	Submit: autoDraw = True
103.8332 	DATA 	Mouse: Left button down, pos=(1128,174)
103.8438 	EXP 	New trial (rep=0, index=18): OrderedDict([('SoundFiles', 'Dog_D.wav')])
103.8532 	EXP 	Question: autoDraw = False
103.8532 	EXP 	ResponseBox: autoDraw = False
103.8532 	EXP 	ClickTheButton: autoDraw = False
103.8532 	EXP 	ItemNo: autoDraw = False
103.8532 	EXP 	Submit: autoDraw = False
103.8532 	EXP 	ResponseBox: text = 'default text'
103.8532 	EXP 	no3: autoDraw = True
104.0657 	DATA 	Mouse:  Left button up, pos=(1128,174)
104.8611 	EXP 	no3: autoDraw = False
104.8611 	EXP 	no2: autoDraw = True
105.8608 	EXP 	no2: autoDraw = False
105.8608 	EXP 	no1: autoDraw = True
106.8780 	EXP 	no1: autoDraw = False
106.8780 	EXP 	ResponseBox: text = '\n\n'
106.8780 	EXP 	ItemNo: text = '19/60'
106.8780 	EXP 	Question: autoDraw = True
106.8780 	EXP 	ResponseBox: autoDraw = True
106.8780 	EXP 	ClickTheButton: autoDraw = True
106.8780 	EXP 	ItemNo: autoDraw = True
106.8780 	EXP 	Submit: autoDraw = True
108.8324 	DATA 	Mouse: Left button down, pos=(1128,174)
108.8536 	EXP 	New trial (rep=0, index=19): OrderedDict([('SoundFiles', 'Chomp_B.wav')])
108.8637 	EXP 	Question: autoDraw = False
108.8637 	EXP 	ResponseBox: autoDraw = False
108.8637 	EXP 	ClickTheButton: autoDraw = False
108.8637 	EXP 	ItemNo: autoDraw = False
108.8637 	EXP 	Submit: autoDraw = False
108.8637 	EXP 	ResponseBox: text = 'default text'
108.8637 	EXP 	no3: autoDraw = True
109.0512 	DATA 	Mouse:  Left button up, pos=(1128,174)
109.8775 	EXP 	no3: autoDraw = False
109.8775 	EXP 	no2: autoDraw = True
110.8775 	EXP 	no2: autoDraw = False
110.8775 	EXP 	no1: autoDraw = True
111.8985 	EXP 	no1: autoDraw = False
111.8985 	EXP 	ResponseBox: text = '\n\n'
111.8985 	EXP 	ItemNo: text = '20/60'
111.8985 	EXP 	Question: autoDraw = True
111.8985 	EXP 	ResponseBox: autoDraw = True
111.8985 	EXP 	ClickTheButton: autoDraw = True
111.8985 	EXP 	ItemNo: autoDraw = True
111.8985 	EXP 	Submit: autoDraw = True
114.9476 	DATA 	Mouse: Left button down, pos=(1128,174)
114.9702 	EXP 	New trial (rep=0, index=20): OrderedDict([('SoundFiles', 'Chomp_C.wav')])
114.9805 	EXP 	Question: autoDraw = False
114.9805 	EXP 	ResponseBox: autoDraw = False
114.9805 	EXP 	ClickTheButton: autoDraw = False
114.9805 	EXP 	ItemNo: autoDraw = False
114.9805 	EXP 	Submit: autoDraw = False
114.9805 	EXP 	ResponseBox: text = 'default text'
114.9805 	EXP 	no3: autoDraw = True
115.1821 	DATA 	Mouse:  Left button up, pos=(1128,174)
115.9942 	EXP 	no3: autoDraw = False
115.9942 	EXP 	no2: autoDraw = True
116.9942 	EXP 	no2: autoDraw = False
116.9942 	EXP 	no1: autoDraw = True
118.0167 	EXP 	no1: autoDraw = False
118.0167 	EXP 	ResponseBox: text = '\n\n'
118.0167 	EXP 	ItemNo: text = '21/60'
118.0167 	EXP 	Question: autoDraw = True
118.0167 	EXP 	ResponseBox: autoDraw = True
118.0167 	EXP 	ClickTheButton: autoDraw = True
118.0167 	EXP 	ItemNo: autoDraw = True
118.0167 	EXP 	Submit: autoDraw = True
121.2889 	DATA 	Mouse: Left button down, pos=(1128,174)
121.3076 	EXP 	New trial (rep=0, index=21): OrderedDict([('SoundFiles', 'Chomp_D.wav')])
121.3169 	EXP 	Question: autoDraw = False
121.3169 	EXP 	ResponseBox: autoDraw = False
121.3169 	EXP 	ClickTheButton: autoDraw = False
121.3169 	EXP 	ItemNo: autoDraw = False
121.3169 	EXP 	Submit: autoDraw = False
121.3169 	EXP 	ResponseBox: text = 'default text'
121.3169 	EXP 	no3: autoDraw = True
121.5151 	DATA 	Mouse:  Left button up, pos=(1128,174)
122.3274 	EXP 	no3: autoDraw = False
122.3274 	EXP 	no2: autoDraw = True
123.3276 	EXP 	no2: autoDraw = False
123.3276 	EXP 	no1: autoDraw = True
124.3479 	EXP 	no1: autoDraw = False
124.3479 	EXP 	ResponseBox: text = '\n\n'
124.3479 	EXP 	ItemNo: text = '22/60'
124.3479 	EXP 	Question: autoDraw = True
124.3479 	EXP 	ResponseBox: autoDraw = True
124.3479 	EXP 	ClickTheButton: autoDraw = True
124.3479 	EXP 	ItemNo: autoDraw = True
124.3479 	EXP 	Submit: autoDraw = True
127.7103 	DATA 	Mouse: Left button down, pos=(1128,174)
127.7224 	EXP 	New trial (rep=0, index=22): OrderedDict([('SoundFiles', 'Cough_B.wav')])
127.7310 	EXP 	Question: autoDraw = False
127.7310 	EXP 	ResponseBox: autoDraw = False
127.7310 	EXP 	ClickTheButton: autoDraw = False
127.7310 	EXP 	ItemNo: autoDraw = False
127.7310 	EXP 	Submit: autoDraw = False
127.7310 	EXP 	ResponseBox: text = 'default text'
127.7310 	EXP 	no3: autoDraw = True
127.9342 	DATA 	Mouse:  Left button up, pos=(1128,174)
128.7439 	EXP 	no3: autoDraw = False
128.7439 	EXP 	no2: autoDraw = True
129.7441 	EXP 	no2: autoDraw = False
129.7441 	EXP 	no1: autoDraw = True
130.7623 	EXP 	no1: autoDraw = False
130.7623 	EXP 	ResponseBox: text = '\n\n'
130.7623 	EXP 	ItemNo: text = '23/60'
130.7623 	EXP 	Question: autoDraw = True
130.7623 	EXP 	ResponseBox: autoDraw = True
130.7623 	EXP 	ClickTheButton: autoDraw = True
130.7623 	EXP 	ItemNo: autoDraw = True
130.7623 	EXP 	Submit: autoDraw = True
132.7658 	DATA 	Mouse: Left button down, pos=(1128,174)
132.7702 	EXP 	New trial (rep=0, index=23): OrderedDict([('SoundFiles', 'Cough_C.wav')])
132.7774 	EXP 	Question: autoDraw = False
132.7774 	EXP 	ResponseBox: autoDraw = False
132.7774 	EXP 	ClickTheButton: autoDraw = False
132.7774 	EXP 	ItemNo: autoDraw = False
132.7774 	EXP 	Submit: autoDraw = False
132.7774 	EXP 	ResponseBox: text = 'default text'
132.7774 	EXP 	no3: autoDraw = True
132.9988 	DATA 	Mouse:  Left button up, pos=(1128,174)
133.7775 	EXP 	no3: autoDraw = False
133.7775 	EXP 	no3: autoDraw = False
133.7775 	EXP 	no2: autoDraw = True
134.7772 	EXP 	no2: autoDraw = False
134.7772 	EXP 	no2: autoDraw = False
134.7772 	EXP 	no1: autoDraw = True
135.7957 	EXP 	no1: autoDraw = False
135.7957 	EXP 	no1: autoDraw = False
135.7957 	EXP 	ResponseBox: text = '\n\n'
135.7957 	EXP 	ItemNo: text = '24/60'
135.7957 	EXP 	Question: autoDraw = True
135.7957 	EXP 	ResponseBox: autoDraw = True
135.7957 	EXP 	ClickTheButton: autoDraw = True
135.7957 	EXP 	ItemNo: autoDraw = True
135.7957 	EXP 	Submit: autoDraw = True
137.5649 	DATA 	Mouse: Left button down, pos=(1128,174)
137.5881 	EXP 	New trial (rep=0, index=24): OrderedDict([('SoundFiles', 'Cough_D.wav')])
137.6007 	EXP 	Question: autoDraw = False
137.6007 	EXP 	ResponseBox: autoDraw = False
137.6007 	EXP 	ClickTheButton: autoDraw = False
137.6007 	EXP 	ItemNo: autoDraw = False
137.6007 	EXP 	Submit: autoDraw = False
137.6007 	EXP 	ResponseBox: text = 'default text'
137.6007 	EXP 	no3: autoDraw = True
137.7853 	DATA 	Mouse:  Left button up, pos=(1128,174)
138.6107 	EXP 	no3: autoDraw = False
138.6107 	EXP 	no2: autoDraw = True
139.6107 	EXP 	no2: autoDraw = False
139.6107 	EXP 	no1: autoDraw = True
140.6268 	EXP 	no1: autoDraw = False
140.6268 	EXP 	ResponseBox: text = '\n\n'
140.6268 	EXP 	ItemNo: text = '25/60'
140.6268 	EXP 	Question: autoDraw = True
140.6268 	EXP 	ResponseBox: autoDraw = True
140.6268 	EXP 	ClickTheButton: autoDraw = True
140.6268 	EXP 	ItemNo: autoDraw = True
140.6268 	EXP 	Submit: autoDraw = True
142.6946 	DATA 	Mouse: Left button down, pos=(1128,174)
142.7066 	EXP 	New trial (rep=0, index=25): OrderedDict([('SoundFiles', 'Piano_B.wav')])
142.7158 	EXP 	Question: autoDraw = False
142.7158 	EXP 	ResponseBox: autoDraw = False
142.7158 	EXP 	ClickTheButton: autoDraw = False
142.7158 	EXP 	ItemNo: autoDraw = False
142.7158 	EXP 	Submit: autoDraw = False
142.7158 	EXP 	ResponseBox: text = 'default text'
142.7158 	EXP 	no3: autoDraw = True
142.9152 	DATA 	Mouse:  Left button up, pos=(1128,174)
143.7274 	EXP 	no3: autoDraw = False
143.7274 	EXP 	no2: autoDraw = True
144.7272 	EXP 	no2: autoDraw = False
144.7272 	EXP 	no1: autoDraw = True
145.7430 	EXP 	no1: autoDraw = False
145.7430 	EXP 	ResponseBox: text = '\n\n'
145.7430 	EXP 	ItemNo: text = '26/60'
145.7430 	EXP 	Question: autoDraw = True
145.7430 	EXP 	ResponseBox: autoDraw = True
145.7430 	EXP 	ClickTheButton: autoDraw = True
145.7430 	EXP 	ItemNo: autoDraw = True
145.7430 	EXP 	Submit: autoDraw = True
147.3040 	DATA 	Mouse: Left button down, pos=(1128,174)
147.3479 	EXP 	Question: autoDraw = False
147.3479 	EXP 	ResponseBox: autoDraw = False
147.3479 	EXP 	ClickTheButton: autoDraw = False
147.3479 	EXP 	ItemNo: autoDraw = False
147.3479 	EXP 	Submit: autoDraw = False
147.3479 	EXP 	ResponseBox: text = 'default text'
147.3479 	EXP 	ThankyouMssg: autoDraw = True
147.3479 	EXP 	CompletionCode: autoDraw = True
147.3479 	EXP 	ExitTxt: autoDraw = True
147.3479 	EXP 	CodeTxt: autoDraw = True
147.5212 	DATA 	Mouse:  Left button up, pos=(1128,174)
149.0882 	DATA 	Keypress: escape
149.5604 	EXP 	window1: mouseVisible = True
