1.1913 	WARNING 	We strongly recommend you activate the PTB sound engine in PsychoPy prefs as the preferred audio engine. Its timing is vastly superior. Your prefs are currently set to use ['sounddevice', 'PTB', 'pyo', 'pygame'] (in that order).
5.5170 	WARNING 	User requested fullscreen with size [1024  768], but screen is actually [2256, 1504]. Using actual size
7.4156 	EXP 	Created window1 = Window(allowGUI=False, allowStencil=False, args=UNKNOWN, autoLog=True, bitsMode=UNKNOWN, blendMode='avg', bpc=(8, 8, 8), color=array([0., 0., 0.]), colorSpace='rgb', depthBits=8, fullscr=<method-wrapper '__getattribute__' of attributeSetter object at 0x00000204AF881E80>, gamma=None, gammaErrorPolicy='raise', kwargs=UNKNOWN, lms=UNKNOWN, monitor=<psychopy.monitors.calibTools.Monitor object at 0x00000204AF7905C0>, multiSample=False, name='window1', numSamples=2, pos=[0.0, 0.0], screen=0, size=array([2256, 1504]), stencilBits=0, stereo=False, units='height', useFBO=True, useRetina=False, viewOri=0.0, viewPos=None, viewScale=None, waitBlanking=True, winType='pyglet')
7.4158 	EXP 	window1: mouseVisible = True
7.4159 	EXP 	window1: recordFrameIntervals = False
7.5821 	EXP 	window1: recordFrameIntervals = True
7.7656 	EXP 	window1: recordFrameIntervals = False
8.0845 	EXP 	Created InstructionTxt = TextStim(__class__=<class 'psychopy.visual.text.TextStim'>, alignHoriz=method-wrapper(...), alignText='center', alignVert=method-wrapper(...), anchorHoriz='center', anchorVert='center', antialias=True, autoLog=True, bold=False, color='white', colorSpace='named', contrast=1.0, depth=0.0, flipHoriz=False, flipVert=False, font='Arial', fontFiles=[], height=0.04, italic=False, languageStyle='LTR', name='InstructionTxt', opacity=1.0, ori=0, pos=array([0., 0.]), rgb=array([255., 255., 255.]), text=str(...), units='height', win=Window(...), wrapWidth=1)
8.0942 	EXP 	Created WelcomContinue = TextStim(__class__=<class 'psychopy.visual.text.TextStim'>, alignHoriz=method-wrapper(...), alignText='center', alignVert=method-wrapper(...), anchorHoriz='center', anchorVert='center', antialias=True, autoLog=True, bold=False, color='white', colorSpace='named', contrast=1.0, depth=-3.0, flipHoriz=False, flipVert=False, font='Arial', fontFiles=[], height=0.04, italic=False, languageStyle='LTR', name='WelcomContinue', opacity=1.0, ori=0, pos=array([ 0. , -0.4]), rgb=array([255., 255., 255.]), text='Press SPACE to continue', units='height', win=Window(...), wrapWidth=1)
8.1110 	EXP 	Created InstructionTxt2 = TextStim(__class__=<class 'psychopy.visual.text.TextStim'>, alignHoriz=method-wrapper(...), alignText='center', alignVert=method-wrapper(...), anchorHoriz='center', anchorVert='center', antialias=True, autoLog=True, bold=False, color='white', colorSpace='named', contrast=1.0, depth=0.0, flipHoriz=False, flipVert=False, font='Arial', fontFiles=[], height=0.04, italic=False, languageStyle='LTR', name='InstructionTxt2', opacity=1.0, ori=0, pos=array([0., 0.]), rgb=array([255., 255., 255.]), text=str(...), units='height', win=Window(...), wrapWidth=1)
8.1156 	EXP 	Created WelcomeContinue2 = TextStim(__class__=<class 'psychopy.visual.text.TextStim'>, alignHoriz=method-wrapper(...), alignText='center', alignVert=method-wrapper(...), anchorHoriz='center', anchorVert='center', antialias=True, autoLog=True, bold=False, color='white', colorSpace='named', contrast=1.0, depth=-1.0, flipHoriz=False, flipVert=False, font='Arial', fontFiles=[], height=0.04, italic=False, languageStyle='LTR', name='WelcomeContinue2', opacity=1.0, ori=0, pos=array([ 0. , -0.4]), rgb=array([255., 255., 255.]), text='Press SPACE to continue', units='height', win=Window(...), wrapWidth=1)
8.1230 	EXP 	Created VolumeBeginTxt = TextStim(__class__=<class 'psychopy.visual.text.TextStim'>, alignHoriz=method-wrapper(...), alignText='center', alignVert=method-wrapper(...), anchorHoriz='center', anchorVert='center', antialias=True, autoLog=True, bold=False, color='white', colorSpace='named', contrast=1.0, depth=0.0, flipHoriz=False, flipVert=False, font='Arial', fontFiles=[], height=0.04, italic=False, languageStyle='LTR', name='VolumeBeginTxt', opacity=1.0, ori=0, pos=array([0., 0.]), rgb=array([255., 255., 255.]), text=str(...), units='height', win=Window(...), wrapWidth=1)
8.1285 	EXP 	Created VolumeContinue = TextStim(__class__=<class 'psychopy.visual.text.TextStim'>, alignHoriz=method-wrapper(...), alignText='center', alignVert=method-wrapper(...), anchorHoriz='center', anchorVert='center', antialias=True, autoLog=True, bold=False, color='white', colorSpace='named', contrast=1.0, depth=-1.0, flipHoriz=False, flipVert=False, font='Arial', fontFiles=[], height=0.04, italic=False, languageStyle='LTR', name='VolumeContinue', opacity=1.0, ori=0, pos=array([ 0. , -0.4]), rgb=array([255., 255., 255.]), text=str(...), units='height', win=Window(...), wrapWidth=1)
8.1374 	EXP 	Created text = TextStim(__class__=<class 'psychopy.visual.text.TextStim'>, alignHoriz=method-wrapper(...), alignText='center', alignVert=method-wrapper(...), anchorHoriz='center', anchorVert='center', antialias=True, autoLog=True, bold=False, color='white', colorSpace='named', contrast=1.0, depth=0.0, flipHoriz=False, flipVert=False, font='Arial', fontFiles=[], height=0.04, italic=False, languageStyle='LTR', name='text', opacity=1.0, ori=0, pos=array([0., 0.]), rgb=array([255., 255., 255.]), text=str(...), units='height', win=Window(...), wrapWidth=1)
8.2546 	EXP 	Sound Music set volume 0.300
8.2609 	EXP 	Created AdjustContinue = TextStim(__class__=<class 'psychopy.visual.text.TextStim'>, alignHoriz=method-wrapper(...), alignText='center', alignVert=method-wrapper(...), anchorHoriz='center', anchorVert='center', antialias=True, autoLog=True, bold=False, color='white', colorSpace='named', contrast=1.0, depth=-3.0, flipHoriz=False, flipVert=False, font='Arial', fontFiles=[], height=0.04, italic=False, languageStyle='LTR', name='AdjustContinue', opacity=1.0, ori=0, pos=array([ 0. , -0.4]), rgb=array([255., 255., 255.]), text=str(...), units='height', win=Window(...), wrapWidth=1)
8.2654 	EXP 	Created StartTxt = TextStim(__class__=<class 'psychopy.visual.text.TextStim'>, alignHoriz=method-wrapper(...), alignText='center', alignVert=method-wrapper(...), anchorHoriz='center', anchorVert='center', antialias=True, autoLog=True, bold=False, color='white', colorSpace='named', contrast=1.0, depth=0.0, flipHoriz=False, flipVert=False, font='Arial', fontFiles=[], height=0.04, italic=False, languageStyle='LTR', name='StartTxt', opacity=1.0, ori=0, pos=array([0., 0.]), rgb=array([255., 255., 255.]), text='We will now begin the task', units='height', win=Window(...), wrapWidth=1)
8.2752 	EXP 	Created no3 = TextStim(__class__=<class 'psychopy.visual.text.TextStim'>, alignHoriz=method-wrapper(...), alignText='center', alignVert=method-wrapper(...), anchorHoriz='center', anchorVert='center', antialias=True, autoLog=True, bold=False, color='white', colorSpace='named', contrast=1.0, depth=0.0, flipHoriz=False, flipVert=False, font='Arial', fontFiles=[], height=0.05, italic=False, languageStyle='LTR', name='no3', opacity=1.0, ori=0, pos=array([0., 0.]), rgb=array([255., 255., 255.]), text='3', units='height', win=Window(...), wrapWidth=1)
8.2789 	EXP 	Created no2 = TextStim(__class__=<class 'psychopy.visual.text.TextStim'>, alignHoriz=method-wrapper(...), alignText='center', alignVert=method-wrapper(...), anchorHoriz='center', anchorVert='center', antialias=True, autoLog=True, bold=False, color='white', colorSpace='named', contrast=1.0, depth=0.0, flipHoriz=False, flipVert=False, font='Arial', fontFiles=[], height=0.05, italic=False, languageStyle='LTR', name='no2', opacity=1.0, ori=0, pos=array([0., 0.]), rgb=array([255., 255., 255.]), text='2', units='height', win=Window(...), wrapWidth=1)
8.2830 	EXP 	Created no1 = TextStim(__class__=<class 'psychopy.visual.text.TextStim'>, alignHoriz=method-wrapper(...), alignText='center', alignVert=method-wrapper(...), anchorHoriz='center', anchorVert='center', antialias=True, autoLog=True, bold=False, color='white', colorSpace='named', contrast=1.0, depth=0.0, flipHoriz=False, flipVert=False, font='Arial', fontFiles=[], height=0.05, italic=False, languageStyle='LTR', name='no1', opacity=1.0, ori=0, pos=array([0., 0.]), rgb=array([255., 255., 255.]), text='1', units='height', win=Window(...), wrapWidth=1)
8.2903 	EXP 	Created Question = TextStim(__class__=<class 'psychopy.visual.text.TextStim'>, alignHoriz=method-wrapper(...), alignText='center', alignVert=method-wrapper(...), anchorHoriz='center', anchorVert='center', antialias=True, autoLog=True, bold=False, color='white', colorSpace='named', contrast=1.0, depth=0.0, flipHoriz=False, flipVert=False, font='Arial', fontFiles=[], height=0.04, italic=False, languageStyle='LTR', name='Question', opacity=1.0, ori=0, pos=array([0., 0.]), rgb=array([255., 255., 255.]), text='What is this sound?\n', units='height', win=Window(...), wrapWidth=1)
8.3415 	EXP 	window1: mouseVisible = True
8.3647 	EXP 	Created ClickTheButton = TextStim(__class__=<class 'psychopy.visual.text.TextStim'>, alignHoriz=method-wrapper(...), alignText='center', alignVert=method-wrapper(...), anchorHoriz='center', anchorVert='center', antialias=True, autoLog=True, bold=False, color='white', colorSpace='named', contrast=1.0, depth=-3.0, flipHoriz=False, flipVert=False, font='Arial', fontFiles=[], height=0.025, italic=False, languageStyle='LTR', name='ClickTheButton', opacity=1.0, ori=0, pos=array([ 0.  , -0.03]), rgb=array([255., 255., 255.]), text="Click 'Submit' to continue.", units='height', win=Window(...), wrapWidth=1)
8.3648 	EXP 	Sound SoundItem set volume 1.000
8.3763 	EXP 	Created ItemNo = TextStim(__class__=<class 'psychopy.visual.text.TextStim'>, alignHoriz=method-wrapper(...), alignText='center', alignVert=method-wrapper(...), anchorHoriz='center', anchorVert='center', antialias=True, autoLog=True, bold=False, color='white', colorSpace='named', contrast=1.0, depth=-5.0, flipHoriz=False, flipVert=False, font='Arial', fontFiles=[], height=0.04, italic=False, languageStyle='LTR', name='ItemNo', opacity=1.0, ori=0, pos=array([0.  , 0.45]), rgb=array([255., 255., 255.]), text='default text', units='height', win=Window(...), wrapWidth=1)
8.4528 	EXP 	Created MSTQuestion = TextStim(__class__=<class 'psychopy.visual.text.TextStim'>, alignHoriz=method-wrapper(...), alignText='center', alignVert=method-wrapper(...), anchorHoriz='center', anchorVert='center', antialias=True, autoLog=True, bold=False, color='white', colorSpace='named', contrast=1.0, depth=0.0, flipHoriz=False, flipVert=False, font='Arial', fontFiles=[], height=0.04, italic=False, languageStyle='LTR', name='MSTQuestion', opacity=1.0, ori=0, pos=array([0., 0.]), rgb=array([255., 255., 255.]), text=str(...), units='height', win=Window(...), wrapWidth=1)
8.4663 	EXP 	Created ThankyouMssg = TextStim(__class__=<class 'psychopy.visual.text.TextStim'>, alignHoriz=method-wrapper(...), alignText='center', alignVert=method-wrapper(...), anchorHoriz='center', anchorVert='center', antialias=True, autoLog=True, bold=False, color='white', colorSpace='named', contrast=1.0, depth=0.0, flipHoriz=False, flipVert=False, font='Arial', fontFiles=[], height=0.04, italic=False, languageStyle='LTR', name='ThankyouMssg', opacity=1.0, ori=0, pos=array([0. , 0.2]), rgb=array([255., 255., 255.]), text=str(...), units='height', win=Window(...), wrapWidth=1)
8.5196 	EXP 	Created ExitTxt = TextStim(__class__=<class 'psychopy.visual.text.TextStim'>, alignHoriz=method-wrapper(...), alignText='center', alignVert=method-wrapper(...), anchorHoriz='center', anchorVert='center', antialias=True, autoLog=True, bold=False, color='white', colorSpace='named', contrast=1.0, depth=-2.0, flipHoriz=False, flipVert=False, font='Arial', fontFiles=[], height=0.04, italic=False, languageStyle='LTR', name='ExitTxt', opacity=1.0, ori=0, pos=array([ 0. , -0.4]), rgb=array([255., 255., 255.]), text='Press SPACE to exit the study', units='height', win=Window(...), wrapWidth=1)
8.5300 	EXP 	Created CodeTxt = TextStim(__class__=<class 'psychopy.visual.text.TextStim'>, alignHoriz=method-wrapper(...), alignText='center', alignVert=method-wrapper(...), anchorHoriz='center', anchorVert='center', antialias=True, autoLog=True, bold=False, color='white', colorSpace='named', contrast=1.0, depth=-4.0, flipHoriz=False, flipVert=False, font='Arial', fontFiles=[], height=0.04, italic=False, languageStyle='LTR', name='CodeTxt', opacity=1.0, ori=0, pos=array([ 0.  , -0.22]), rgb=array([255., 255., 255.]), text=str(...), units='height', win=Window(...), wrapWidth=1)
8.5803 	EXP 	ResponseBox: autoLog = True
8.5803 	EXP 	Submit: autoLog = True
8.5803 	EXP 	CompletionCode: autoLog = True
8.5803 	EXP 	InstructionTxt: autoDraw = True
8.5803 	EXP 	WelcomContinue: autoDraw = True
9.6252 	DATA 	Keypress: space
9.6328 	EXP 	InstructionTxt: autoDraw = False
9.6328 	EXP 	WelcomContinue: autoDraw = False
9.6328 	EXP 	InstructionTxt2: autoDraw = True
9.6328 	EXP 	WelcomeContinue2: autoDraw = True
9.6328 	EXP 	ResponseBox: text = 'default text '
10.2375 	DATA 	Keypress: space
10.2499 	EXP 	ResponseBox: text = 'default text  '
10.2664 	EXP 	InstructionTxt2: autoDraw = False
10.2664 	EXP 	WelcomeContinue2: autoDraw = False
10.2664 	EXP 	VolumeBeginTxt: autoDraw = True
10.2664 	EXP 	VolumeContinue: autoDraw = True
10.9149 	DATA 	Keypress: space
10.9194 	EXP 	VolumeBeginTxt: autoDraw = False
10.9194 	EXP 	VolumeContinue: autoDraw = False
10.9194 	EXP 	text: autoDraw = True
10.9194 	EXP 	AdjustContinue: autoDraw = True
10.9194 	EXP 	ResponseBox: text = 'default text   '
11.6071 	DATA 	Keypress: space
11.6168 	EXP 	text: autoDraw = False
11.6168 	EXP 	AdjustContinue: autoDraw = False
11.6168 	EXP 	StartTxt: autoDraw = True
11.6168 	EXP 	ResponseBox: text = 'default text    '
13.6407 	EXP 	Imported GuessSounds_conditions.xlsx as conditions, 60 conditions, 1 params
13.6411 	EXP 	Created sequence: sequential, trialTypes=60, nReps=1, seed=None
13.6413 	EXP 	New trial (rep=0, index=0): OrderedDict([('SoundFiles2', 'Initial/Doubled/HairDryer_A.wav')])
13.6481 	EXP 	StartTxt: autoDraw = False
13.6481 	EXP 	StartTxt: autoDraw = False
13.6481 	EXP 	no3: autoDraw = True
14.6328 	EXP 	no3: autoDraw = False
14.6328 	EXP 	no2: autoDraw = True
15.6327 	EXP 	no2: autoDraw = False
15.6327 	EXP 	no1: autoDraw = True
16.6471 	EXP 	no1: autoDraw = False
16.6471 	EXP 	ResponseBox: text = '\n\n'
16.6471 	EXP 	ItemNo: text = '1/60'
16.6471 	EXP 	Question: autoDraw = True
16.6471 	EXP 	ResponseBox: autoDraw = True
16.6471 	EXP 	ClickTheButton: autoDraw = True
16.6471 	EXP 	ItemNo: autoDraw = True
16.6471 	EXP 	Submit: autoDraw = True
18.4347 	DATA 	Mouse: Left button down, pos=(1129,178)
18.4722 	EXP 	Question: autoDraw = False
18.4722 	EXP 	ResponseBox: autoDraw = False
18.4722 	EXP 	ClickTheButton: autoDraw = False
18.4722 	EXP 	ItemNo: autoDraw = False
18.4722 	EXP 	Submit: autoDraw = False
18.4722 	EXP 	ResponseBox: text = 'default text'
18.4722 	EXP 	MSTQuestion: autoDraw = True
18.6550 	DATA 	Mouse:  Left button up, pos=(1129,178)
20.1541 	DATA 	Keypress: 3
20.1674 	EXP 	ResponseBox: text = 'de3fault text'
20.1724 	EXP 	New trial (rep=0, index=1): OrderedDict([('SoundFiles2', 'Test/Foils/Slurp.wav')])
20.1833 	EXP 	MSTQuestion: autoDraw = False
20.1833 	EXP 	no3: autoDraw = True
21.1839 	EXP 	no3: autoDraw = False
21.1839 	EXP 	no3: autoDraw = False
21.1839 	EXP 	no2: autoDraw = True
22.1826 	EXP 	no2: autoDraw = False
22.1826 	EXP 	no2: autoDraw = False
22.1826 	EXP 	no1: autoDraw = True
23.1842 	EXP 	no1: autoDraw = False
23.1842 	EXP 	no1: autoDraw = False
23.1842 	EXP 	ResponseBox: text = '\n\n'
23.1842 	EXP 	ItemNo: text = '2/60'
23.1842 	EXP 	Question: autoDraw = True
23.1842 	EXP 	ResponseBox: autoDraw = True
23.1842 	EXP 	ClickTheButton: autoDraw = True
23.1842 	EXP 	ItemNo: autoDraw = True
23.1842 	EXP 	Submit: autoDraw = True
24.3178 	DATA 	Mouse: Left button down, pos=(1129,178)
24.3334 	EXP 	Question: autoDraw = False
24.3334 	EXP 	ResponseBox: autoDraw = False
24.3334 	EXP 	ClickTheButton: autoDraw = False
24.3334 	EXP 	ItemNo: autoDraw = False
24.3334 	EXP 	Submit: autoDraw = False
24.3334 	EXP 	ResponseBox: text = 'default text'
24.3334 	EXP 	MSTQuestion: autoDraw = True
24.5386 	DATA 	Mouse:  Left button up, pos=(1129,178)
25.5380 	EXP 	New trial (rep=0, index=2): OrderedDict([('SoundFiles2', 'Initial/Doubled/Dog_A.wav')])
25.5400 	DATA 	Keypress: 3
25.5494 	EXP 	MSTQuestion: autoDraw = False
25.5494 	EXP 	no3: autoDraw = True
25.5494 	EXP 	ResponseBox: text = 'de3fault text'
26.5493 	EXP 	no3: autoDraw = False
26.5493 	EXP 	no3: autoDraw = False
26.5493 	EXP 	no2: autoDraw = True
27.5495 	EXP 	no2: autoDraw = False
27.5495 	EXP 	no2: autoDraw = False
27.5495 	EXP 	no1: autoDraw = True
28.5508 	EXP 	no1: autoDraw = False
28.5508 	EXP 	no1: autoDraw = False
28.5508 	EXP 	ResponseBox: text = '\n\n'
28.5508 	EXP 	ItemNo: text = '3/60'
28.5508 	EXP 	Question: autoDraw = True
28.5508 	EXP 	ResponseBox: autoDraw = True
28.5508 	EXP 	ClickTheButton: autoDraw = True
28.5508 	EXP 	ItemNo: autoDraw = True
28.5508 	EXP 	Submit: autoDraw = True
30.2524 	DATA 	Mouse: Left button down, pos=(1129,178)
30.2668 	EXP 	Question: autoDraw = False
30.2668 	EXP 	ResponseBox: autoDraw = False
30.2668 	EXP 	ClickTheButton: autoDraw = False
30.2668 	EXP 	ItemNo: autoDraw = False
30.2668 	EXP 	Submit: autoDraw = False
30.2668 	EXP 	ResponseBox: text = 'default text'
30.2668 	EXP 	MSTQuestion: autoDraw = True
30.4715 	DATA 	Mouse:  Left button up, pos=(1129,178)
31.8545 	EXP 	New trial (rep=0, index=3): OrderedDict([('SoundFiles2', 'Initial/Doubled/Chomp_A.wav')])
31.8575 	DATA 	Keypress: 3
31.8662 	EXP 	MSTQuestion: autoDraw = False
31.8662 	EXP 	no3: autoDraw = True
31.8662 	EXP 	ResponseBox: text = 'de3fault text'
32.8662 	EXP 	no3: autoDraw = False
32.8662 	EXP 	no3: autoDraw = False
32.8662 	EXP 	no2: autoDraw = True
33.8658 	EXP 	no2: autoDraw = False
33.8658 	EXP 	no2: autoDraw = False
33.8658 	EXP 	no1: autoDraw = True
34.8682 	EXP 	no1: autoDraw = False
34.8682 	EXP 	no1: autoDraw = False
34.8682 	EXP 	ResponseBox: text = '\n\n'
34.8682 	EXP 	ItemNo: text = '4/60'
34.8682 	EXP 	Question: autoDraw = True
34.8682 	EXP 	ResponseBox: autoDraw = True
34.8682 	EXP 	ClickTheButton: autoDraw = True
34.8682 	EXP 	ItemNo: autoDraw = True
34.8682 	EXP 	Submit: autoDraw = True
37.3896 	DATA 	Keypress: space
37.4006 	EXP 	ResponseBox: text = '\n\n '
39.1010 	DATA 	Mouse: Left button down, pos=(1129,178)
39.1167 	EXP 	Question: autoDraw = False
39.1167 	EXP 	ResponseBox: autoDraw = False
39.1167 	EXP 	ClickTheButton: autoDraw = False
39.1167 	EXP 	ItemNo: autoDraw = False
39.1167 	EXP 	Submit: autoDraw = False
39.1167 	EXP 	ResponseBox: text = 'default text'
39.1167 	EXP 	MSTQuestion: autoDraw = True
39.3051 	DATA 	Mouse:  Left button up, pos=(1129,178)
41.1376 	EXP 	New trial (rep=0, index=4): OrderedDict([('SoundFiles2', 'Initial/Doubled/Laugh_A.wav')])
41.1404 	DATA 	Keypress: 3
41.1490 	EXP 	MSTQuestion: autoDraw = False
41.1490 	EXP 	no3: autoDraw = True
41.1490 	EXP 	ResponseBox: text = 'def3ault text'
42.1492 	EXP 	no3: autoDraw = False
42.1492 	EXP 	no3: autoDraw = False
42.1492 	EXP 	no2: autoDraw = True
43.1492 	EXP 	no2: autoDraw = False
43.1492 	EXP 	no2: autoDraw = False
43.1492 	EXP 	no1: autoDraw = True
44.1618 	EXP 	no1: autoDraw = False
44.1618 	EXP 	no1: autoDraw = False
44.1618 	EXP 	ResponseBox: text = '\n\n'
44.1618 	EXP 	ItemNo: text = '5/60'
44.1618 	EXP 	Question: autoDraw = True
44.1618 	EXP 	ResponseBox: autoDraw = True
44.1618 	EXP 	ClickTheButton: autoDraw = True
44.1618 	EXP 	ItemNo: autoDraw = True
44.1618 	EXP 	Submit: autoDraw = True
46.2877 	DATA 	Mouse: Left button down, pos=(1091,182)
46.3003 	EXP 	Question: autoDraw = False
46.3003 	EXP 	ResponseBox: autoDraw = False
46.3003 	EXP 	ClickTheButton: autoDraw = False
46.3003 	EXP 	ItemNo: autoDraw = False
46.3003 	EXP 	Submit: autoDraw = False
46.3003 	EXP 	ResponseBox: text = 'default text'
46.3003 	EXP 	MSTQuestion: autoDraw = True
46.5218 	DATA 	Mouse:  Left button up, pos=(1091,182)
47.5214 	EXP 	New trial (rep=0, index=5): OrderedDict([('SoundFiles2', 'Initial/NoRepeat/Sleighbells_B.wav')])
47.5233 	DATA 	Keypress: 3
47.5329 	EXP 	MSTQuestion: autoDraw = False
47.5329 	EXP 	no3: autoDraw = True
47.5329 	EXP 	ResponseBox: text = 'de3fault text'
48.5323 	EXP 	no3: autoDraw = False
48.5323 	EXP 	no3: autoDraw = False
48.5323 	EXP 	no2: autoDraw = True
49.5324 	EXP 	no2: autoDraw = False
49.5324 	EXP 	no2: autoDraw = False
49.5324 	EXP 	no1: autoDraw = True
50.5510 	EXP 	no1: autoDraw = False
50.5510 	EXP 	no1: autoDraw = False
50.5510 	EXP 	ResponseBox: text = '\n\n'
50.5510 	EXP 	ItemNo: text = '6/60'
50.5510 	EXP 	Question: autoDraw = True
50.5510 	EXP 	ResponseBox: autoDraw = True
50.5510 	EXP 	ClickTheButton: autoDraw = True
50.5510 	EXP 	ItemNo: autoDraw = True
50.5510 	EXP 	Submit: autoDraw = True
51.3879 	DATA 	Mouse: Left button down, pos=(1091,182)
51.4196 	EXP 	Question: autoDraw = False
51.4196 	EXP 	ResponseBox: autoDraw = False
51.4196 	EXP 	ClickTheButton: autoDraw = False
51.4196 	EXP 	ItemNo: autoDraw = False
51.4196 	EXP 	Submit: autoDraw = False
51.4196 	EXP 	ResponseBox: text = 'default text'
51.4196 	EXP 	MSTQuestion: autoDraw = True
51.6227 	DATA 	Mouse:  Left button up, pos=(1091,182)
52.3742 	EXP 	New trial (rep=0, index=6): OrderedDict([('SoundFiles2', 'Initial/NoRepeat/Faucet_A.wav')])
52.3781 	DATA 	Keypress: 3
52.3836 	EXP 	MSTQuestion: autoDraw = False
52.3836 	EXP 	no3: autoDraw = True
52.3836 	EXP 	ResponseBox: text = 'de3fault text'
53.3994 	EXP 	no3: autoDraw = False
53.3994 	EXP 	no2: autoDraw = True
54.3991 	EXP 	no2: autoDraw = False
54.3991 	EXP 	no1: autoDraw = True
55.4336 	EXP 	no1: autoDraw = False
55.4336 	EXP 	ResponseBox: text = '\n\n'
55.4336 	EXP 	ItemNo: text = '7/60'
55.4336 	EXP 	Question: autoDraw = True
55.4336 	EXP 	ResponseBox: autoDraw = True
55.4336 	EXP 	ClickTheButton: autoDraw = True
55.4336 	EXP 	ItemNo: autoDraw = True
55.4336 	EXP 	Submit: autoDraw = True
56.7651 	DATA 	Mouse: Left button down, pos=(1091,182)
56.7849 	EXP 	Question: autoDraw = False
56.7849 	EXP 	ResponseBox: autoDraw = False
56.7849 	EXP 	ClickTheButton: autoDraw = False
56.7849 	EXP 	ItemNo: autoDraw = False
56.7849 	EXP 	Submit: autoDraw = False
56.7849 	EXP 	ResponseBox: text = 'default text'
56.7849 	EXP 	MSTQuestion: autoDraw = True
57.0052 	DATA 	Mouse:  Left button up, pos=(1091,182)
57.9436 	DATA 	Keypress: 3
57.9512 	EXP 	ResponseBox: text = 'de3fault text'
57.9579 	EXP 	New trial (rep=0, index=7): OrderedDict([('SoundFiles2', 'Initial/Doubled/Cat_A.wav')])
57.9673 	EXP 	MSTQuestion: autoDraw = False
57.9673 	EXP 	no3: autoDraw = True
58.9828 	EXP 	no3: autoDraw = False
58.9828 	EXP 	no2: autoDraw = True
59.9826 	EXP 	no2: autoDraw = False
59.9826 	EXP 	no1: autoDraw = True
61.0120 	EXP 	no1: autoDraw = False
61.0120 	EXP 	ResponseBox: text = '\n\n'
61.0120 	EXP 	ItemNo: text = '8/60'
61.0120 	EXP 	Question: autoDraw = True
61.0120 	EXP 	ResponseBox: autoDraw = True
61.0120 	EXP 	ClickTheButton: autoDraw = True
61.0120 	EXP 	ItemNo: autoDraw = True
61.0120 	EXP 	Submit: autoDraw = True
61.8901 	DATA 	Mouse: Left button down, pos=(1091,182)
61.9126 	EXP 	Question: autoDraw = False
61.9126 	EXP 	ResponseBox: autoDraw = False
61.9126 	EXP 	ClickTheButton: autoDraw = False
61.9126 	EXP 	ItemNo: autoDraw = False
61.9126 	EXP 	Submit: autoDraw = False
61.9126 	EXP 	ResponseBox: text = 'default text'
61.9126 	EXP 	MSTQuestion: autoDraw = True
62.0908 	DATA 	Mouse:  Left button up, pos=(1091,182)
62.6412 	DATA 	Keypress: 3
62.6501 	EXP 	ResponseBox: text = 'de3fault text'
62.6570 	EXP 	New trial (rep=0, index=8): OrderedDict([('SoundFiles2', 'Initial/Doubled/Cough_A.wav')])
62.6660 	EXP 	MSTQuestion: autoDraw = False
62.6660 	EXP 	no3: autoDraw = True
63.6661 	EXP 	no3: autoDraw = False
63.6661 	EXP 	no3: autoDraw = False
63.6661 	EXP 	no2: autoDraw = True
64.6659 	EXP 	no2: autoDraw = False
64.6659 	EXP 	no2: autoDraw = False
64.6659 	EXP 	no1: autoDraw = True
65.6983 	EXP 	no1: autoDraw = False
65.6983 	EXP 	no1: autoDraw = False
65.6983 	EXP 	ResponseBox: text = '\n\n'
65.6983 	EXP 	ItemNo: text = '9/60'
65.6983 	EXP 	Question: autoDraw = True
65.6983 	EXP 	ResponseBox: autoDraw = True
65.6983 	EXP 	ClickTheButton: autoDraw = True
65.6983 	EXP 	ItemNo: autoDraw = True
65.6983 	EXP 	Submit: autoDraw = True
66.7578 	DATA 	Mouse: Left button down, pos=(1091,182)
66.7845 	EXP 	Question: autoDraw = False
66.7845 	EXP 	ResponseBox: autoDraw = False
66.7845 	EXP 	ClickTheButton: autoDraw = False
66.7845 	EXP 	ItemNo: autoDraw = False
66.7845 	EXP 	Submit: autoDraw = False
66.7845 	EXP 	ResponseBox: text = 'default text'
66.7845 	EXP 	MSTQuestion: autoDraw = True
66.9915 	DATA 	Mouse:  Left button up, pos=(1091,182)
67.6225 	EXP 	New trial (rep=0, index=9): OrderedDict([('SoundFiles2', 'Initial/NoRepeat/Helicopter_A.wav')])
67.6264 	DATA 	Keypress: 3
67.6324 	EXP 	MSTQuestion: autoDraw = False
67.6324 	EXP 	no3: autoDraw = True
67.6324 	EXP 	ResponseBox: text = 'de3fault text'
68.6327 	EXP 	no3: autoDraw = False
68.6327 	EXP 	no3: autoDraw = False
68.6327 	EXP 	no2: autoDraw = True
69.6326 	EXP 	no2: autoDraw = False
69.6326 	EXP 	no2: autoDraw = False
69.6326 	EXP 	no1: autoDraw = True
70.6549 	EXP 	no1: autoDraw = False
70.6549 	EXP 	no1: autoDraw = False
70.6549 	EXP 	ResponseBox: text = '\n\n'
70.6549 	EXP 	ItemNo: text = '10/60'
70.6549 	EXP 	Question: autoDraw = True
70.6549 	EXP 	ResponseBox: autoDraw = True
70.6549 	EXP 	ClickTheButton: autoDraw = True
70.6549 	EXP 	ItemNo: autoDraw = True
70.6549 	EXP 	Submit: autoDraw = True
77.7363 	DATA 	Mouse: Left button down, pos=(1091,182)
77.7669 	EXP 	Question: autoDraw = False
77.7669 	EXP 	ResponseBox: autoDraw = False
77.7669 	EXP 	ClickTheButton: autoDraw = False
77.7669 	EXP 	ItemNo: autoDraw = False
77.7669 	EXP 	Submit: autoDraw = False
77.7669 	EXP 	ResponseBox: text = 'default text'
77.7669 	EXP 	MSTQuestion: autoDraw = True
77.9733 	DATA 	Mouse:  Left button up, pos=(1091,182)
79.2413 	DATA 	Keypress: 1
79.2762 	EXP 	ResponseBox: text = 'de1fault text'
79.2815 	EXP 	New trial (rep=0, index=10): OrderedDict([('SoundFiles2', 'Initial/NoRepeat/Toilet_B.wav')])
79.2873 	EXP 	MSTQuestion: autoDraw = False
79.2873 	EXP 	no3: autoDraw = True
80.2992 	EXP 	no3: autoDraw = False
80.2992 	EXP 	no2: autoDraw = True
81.2992 	EXP 	no2: autoDraw = False
81.2992 	EXP 	no1: autoDraw = True
82.3342 	EXP 	no1: autoDraw = False
82.3342 	EXP 	ResponseBox: text = '\n\n'
82.3342 	EXP 	ItemNo: text = '11/60'
82.3342 	EXP 	Question: autoDraw = True
82.3342 	EXP 	ResponseBox: autoDraw = True
82.3342 	EXP 	ClickTheButton: autoDraw = True
82.3342 	EXP 	ItemNo: autoDraw = True
82.3342 	EXP 	Submit: autoDraw = True
83.8181 	DATA 	Mouse: Left button down, pos=(1091,182)
83.8342 	EXP 	Question: autoDraw = False
83.8342 	EXP 	ResponseBox: autoDraw = False
83.8342 	EXP 	ClickTheButton: autoDraw = False
83.8342 	EXP 	ItemNo: autoDraw = False
83.8342 	EXP 	Submit: autoDraw = False
83.8342 	EXP 	ResponseBox: text = 'default text'
83.8342 	EXP 	MSTQuestion: autoDraw = True
84.0561 	DATA 	Mouse:  Left button up, pos=(1091,182)
84.8072 	EXP 	New trial (rep=0, index=11): OrderedDict([('SoundFiles2', 'Initial/Doubled/Clap_A.wav')])
84.8116 	DATA 	Keypress: 3
84.8178 	EXP 	MSTQuestion: autoDraw = False
84.8178 	EXP 	no3: autoDraw = True
84.8178 	EXP 	ResponseBox: text = 'de3fault text'
85.8326 	EXP 	no3: autoDraw = False
85.8326 	EXP 	no2: autoDraw = True
86.8325 	EXP 	no2: autoDraw = False
86.8325 	EXP 	no1: autoDraw = True
87.8547 	EXP 	no1: autoDraw = False
87.8547 	EXP 	ResponseBox: text = '\n\n'
87.8547 	EXP 	ItemNo: text = '12/60'
87.8547 	EXP 	Question: autoDraw = True
87.8547 	EXP 	ResponseBox: autoDraw = True
87.8547 	EXP 	ClickTheButton: autoDraw = True
87.8547 	EXP 	ItemNo: autoDraw = True
87.8547 	EXP 	Submit: autoDraw = True
89.3762 	DATA 	Mouse: Left button down, pos=(1091,182)
89.4066 	EXP 	Question: autoDraw = False
89.4066 	EXP 	ResponseBox: autoDraw = False
89.4066 	EXP 	ClickTheButton: autoDraw = False
89.4066 	EXP 	ItemNo: autoDraw = False
89.4066 	EXP 	Submit: autoDraw = False
89.4066 	EXP 	ResponseBox: text = 'default text'
89.4066 	EXP 	MSTQuestion: autoDraw = True
89.6071 	DATA 	Mouse:  Left button up, pos=(1091,182)
90.4070 	EXP 	New trial (rep=0, index=12): OrderedDict([('SoundFiles2', 'Test/Foils/Wind_B.wav')])
90.4119 	DATA 	Keypress: 3
90.4179 	EXP 	MSTQuestion: autoDraw = False
90.4179 	EXP 	no3: autoDraw = True
90.4179 	EXP 	ResponseBox: text = 'de3fault text'
91.4324 	EXP 	no3: autoDraw = False
91.4324 	EXP 	no2: autoDraw = True
92.4325 	EXP 	no2: autoDraw = False
92.4325 	EXP 	no1: autoDraw = True
93.4664 	EXP 	no1: autoDraw = False
93.4664 	EXP 	ResponseBox: text = '\n\n'
93.4664 	EXP 	ItemNo: text = '13/60'
93.4664 	EXP 	Question: autoDraw = True
93.4664 	EXP 	ResponseBox: autoDraw = True
93.4664 	EXP 	ClickTheButton: autoDraw = True
93.4664 	EXP 	ItemNo: autoDraw = True
93.4664 	EXP 	Submit: autoDraw = True
95.1435 	DATA 	Mouse: Left button down, pos=(1091,182)
95.1761 	EXP 	Question: autoDraw = False
95.1761 	EXP 	ResponseBox: autoDraw = False
95.1761 	EXP 	ClickTheButton: autoDraw = False
95.1761 	EXP 	ItemNo: autoDraw = False
95.1761 	EXP 	Submit: autoDraw = False
95.1761 	EXP 	ResponseBox: text = 'default text'
95.1761 	EXP 	MSTQuestion: autoDraw = True
95.3735 	DATA 	Mouse:  Left button up, pos=(1091,182)
96.0071 	EXP 	New trial (rep=0, index=13): OrderedDict([('SoundFiles2', 'Initial/NoRepeat/Thunder_A.wav')])
96.0119 	DATA 	Keypress: 3
96.0187 	EXP 	MSTQuestion: autoDraw = False
96.0187 	EXP 	no3: autoDraw = True
96.0187 	EXP 	ResponseBox: text = 'de3fault text'
97.0323 	EXP 	no3: autoDraw = False
97.0323 	EXP 	no2: autoDraw = True
98.0324 	EXP 	no2: autoDraw = False
98.0324 	EXP 	no1: autoDraw = True
99.0693 	EXP 	no1: autoDraw = False
99.0693 	EXP 	ResponseBox: text = '\n\n'
99.0693 	EXP 	ItemNo: text = '14/60'
99.0693 	EXP 	Question: autoDraw = True
99.0693 	EXP 	ResponseBox: autoDraw = True
99.0693 	EXP 	ClickTheButton: autoDraw = True
99.0693 	EXP 	ItemNo: autoDraw = True
99.0693 	EXP 	Submit: autoDraw = True
101.7021 	DATA 	Mouse: Left button down, pos=(1091,182)
101.7365 	EXP 	Question: autoDraw = False
101.7365 	EXP 	ResponseBox: autoDraw = False
101.7365 	EXP 	ClickTheButton: autoDraw = False
101.7365 	EXP 	ItemNo: autoDraw = False
101.7365 	EXP 	Submit: autoDraw = False
101.7365 	EXP 	ResponseBox: text = 'default text'
101.7365 	EXP 	MSTQuestion: autoDraw = True
101.9274 	DATA 	Mouse:  Left button up, pos=(1091,182)
102.6737 	DATA 	Keypress: 3
102.6831 	EXP 	ResponseBox: text = 'de3fault text'
102.6903 	EXP 	New trial (rep=0, index=14): OrderedDict([('SoundFiles2', 'Initial/Doubled/Cuckoo_A.wav')])
102.6992 	EXP 	MSTQuestion: autoDraw = False
102.6992 	EXP 	no3: autoDraw = True
103.6990 	EXP 	no3: autoDraw = False
103.6990 	EXP 	no3: autoDraw = False
103.6990 	EXP 	no2: autoDraw = True
104.6990 	EXP 	no2: autoDraw = False
104.6990 	EXP 	no2: autoDraw = False
104.6990 	EXP 	no1: autoDraw = True
105.7220 	EXP 	no1: autoDraw = False
105.7220 	EXP 	no1: autoDraw = False
105.7220 	EXP 	ResponseBox: text = '\n\n'
105.7220 	EXP 	ItemNo: text = '15/60'
105.7220 	EXP 	Question: autoDraw = True
105.7220 	EXP 	ResponseBox: autoDraw = True
105.7220 	EXP 	ClickTheButton: autoDraw = True
105.7220 	EXP 	ItemNo: autoDraw = True
105.7220 	EXP 	Submit: autoDraw = True
107.2629 	DATA 	Mouse: Left button down, pos=(1091,182)
107.2954 	EXP 	Question: autoDraw = False
107.2954 	EXP 	ResponseBox: autoDraw = False
107.2954 	EXP 	ClickTheButton: autoDraw = False
107.2954 	EXP 	ItemNo: autoDraw = False
107.2954 	EXP 	Submit: autoDraw = False
107.2954 	EXP 	ResponseBox: text = 'default text'
107.2954 	EXP 	MSTQuestion: autoDraw = True
107.5055 	DATA 	Mouse:  Left button up, pos=(1091,182)
108.2414 	DATA 	Keypress: 3
108.2496 	EXP 	ResponseBox: text = 'de3fault text'
108.2566 	EXP 	New trial (rep=0, index=15): OrderedDict([('SoundFiles2', 'Initial/Repeat/Howl.wav')])
108.2655 	EXP 	MSTQuestion: autoDraw = False
108.2655 	EXP 	no3: autoDraw = True
109.2656 	EXP 	no3: autoDraw = False
109.2656 	EXP 	no3: autoDraw = False
109.2656 	EXP 	no2: autoDraw = True
110.2657 	EXP 	no2: autoDraw = False
110.2657 	EXP 	no2: autoDraw = False
110.2657 	EXP 	no1: autoDraw = True
111.2988 	EXP 	no1: autoDraw = False
111.2988 	EXP 	no1: autoDraw = False
111.2988 	EXP 	ResponseBox: text = '\n\n'
111.2988 	EXP 	ItemNo: text = '16/60'
111.2988 	EXP 	Question: autoDraw = True
111.2988 	EXP 	ResponseBox: autoDraw = True
111.2988 	EXP 	ClickTheButton: autoDraw = True
111.2988 	EXP 	ItemNo: autoDraw = True
111.2988 	EXP 	Submit: autoDraw = True
113.7520 	DATA 	Mouse: Left button down, pos=(1091,182)
113.7775 	EXP 	Question: autoDraw = False
113.7775 	EXP 	ResponseBox: autoDraw = False
113.7775 	EXP 	ClickTheButton: autoDraw = False
113.7775 	EXP 	ItemNo: autoDraw = False
113.7775 	EXP 	Submit: autoDraw = False
113.7775 	EXP 	ResponseBox: text = 'default text'
113.7775 	EXP 	MSTQuestion: autoDraw = True
113.9724 	DATA 	Mouse:  Left button up, pos=(1091,182)
114.5065 	EXP 	New trial (rep=0, index=16): OrderedDict([('SoundFiles2', 'Initial/NoRepeat/Cow.wav')])
114.5115 	DATA 	Keypress: 3
114.5177 	EXP 	MSTQuestion: autoDraw = False
114.5177 	EXP 	no3: autoDraw = True
114.5177 	EXP 	ResponseBox: text = 'de3fault text'
115.5322 	EXP 	no3: autoDraw = False
115.5322 	EXP 	no2: autoDraw = True
116.5323 	EXP 	no2: autoDraw = False
116.5323 	EXP 	no1: autoDraw = True
117.5597 	EXP 	no1: autoDraw = False
117.5597 	EXP 	ResponseBox: text = '\n\n'
117.5597 	EXP 	ItemNo: text = '17/60'
117.5597 	EXP 	Question: autoDraw = True
117.5597 	EXP 	ResponseBox: autoDraw = True
117.5597 	EXP 	ClickTheButton: autoDraw = True
117.5597 	EXP 	ItemNo: autoDraw = True
117.5597 	EXP 	Submit: autoDraw = True
119.3044 	DATA 	Mouse: Left button down, pos=(1091,182)
119.3248 	EXP 	Question: autoDraw = False
119.3248 	EXP 	ResponseBox: autoDraw = False
119.3248 	EXP 	ClickTheButton: autoDraw = False
119.3248 	EXP 	ItemNo: autoDraw = False
119.3248 	EXP 	Submit: autoDraw = False
119.3248 	EXP 	ResponseBox: text = 'default text'
119.3248 	EXP 	MSTQuestion: autoDraw = True
119.5233 	DATA 	Mouse:  Left button up, pos=(1091,182)
120.5070 	EXP 	New trial (rep=0, index=17): OrderedDict([('SoundFiles2', 'Initial/Doubled/Gargle_A.wav')])
120.5124 	DATA 	Keypress: 3
120.5184 	EXP 	MSTQuestion: autoDraw = False
120.5184 	EXP 	no3: autoDraw = True
120.5184 	EXP 	ResponseBox: text = 'de3fault text'
121.5321 	EXP 	no3: autoDraw = False
121.5321 	EXP 	no2: autoDraw = True
122.5322 	EXP 	no2: autoDraw = False
122.5322 	EXP 	no1: autoDraw = True
123.5576 	EXP 	no1: autoDraw = False
123.5576 	EXP 	ResponseBox: text = '\n\n'
123.5576 	EXP 	ItemNo: text = '18/60'
123.5576 	EXP 	Question: autoDraw = True
123.5576 	EXP 	ResponseBox: autoDraw = True
123.5576 	EXP 	ClickTheButton: autoDraw = True
123.5576 	EXP 	ItemNo: autoDraw = True
123.5576 	EXP 	Submit: autoDraw = True
125.3980 	DATA 	Mouse: Left button down, pos=(1091,182)
125.4164 	EXP 	Question: autoDraw = False
125.4164 	EXP 	ResponseBox: autoDraw = False
125.4164 	EXP 	ClickTheButton: autoDraw = False
125.4164 	EXP 	ItemNo: autoDraw = False
125.4164 	EXP 	Submit: autoDraw = False
125.4164 	EXP 	ResponseBox: text = 'default text'
125.4164 	EXP 	MSTQuestion: autoDraw = True
125.6094 	DATA 	Mouse:  Left button up, pos=(1091,182)
126.1233 	EXP 	New trial (rep=0, index=18): OrderedDict([('SoundFiles2', 'Initial/NoRepeat/Elephant_A.wav')])
126.1322 	DATA 	Keypress: 3
126.1388 	EXP 	MSTQuestion: autoDraw = False
126.1388 	EXP 	no3: autoDraw = True
126.1388 	EXP 	ResponseBox: text = 'de3fault text'
127.1488 	EXP 	no3: autoDraw = False
127.1488 	EXP 	no2: autoDraw = True
128.1487 	EXP 	no2: autoDraw = False
128.1487 	EXP 	no1: autoDraw = True
129.1859 	EXP 	no1: autoDraw = False
129.1859 	EXP 	ResponseBox: text = '\n\n'
129.1859 	EXP 	ItemNo: text = '19/60'
129.1859 	EXP 	Question: autoDraw = True
129.1859 	EXP 	ResponseBox: autoDraw = True
129.1859 	EXP 	ClickTheButton: autoDraw = True
129.1859 	EXP 	ItemNo: autoDraw = True
129.1859 	EXP 	Submit: autoDraw = True
130.7578 	DATA 	Mouse: Left button down, pos=(1091,182)
130.7860 	EXP 	Question: autoDraw = False
130.7860 	EXP 	ResponseBox: autoDraw = False
130.7860 	EXP 	ClickTheButton: autoDraw = False
130.7860 	EXP 	ItemNo: autoDraw = False
130.7860 	EXP 	Submit: autoDraw = False
130.7860 	EXP 	ResponseBox: text = 'default text'
130.7860 	EXP 	MSTQuestion: autoDraw = True
130.9730 	DATA 	Mouse:  Left button up, pos=(1091,182)
131.6736 	DATA 	Keypress: 3
131.6828 	EXP 	ResponseBox: text = 'de3fault text'
131.6897 	EXP 	New trial (rep=0, index=19): OrderedDict([('SoundFiles2', 'Initial/Repeat/Trumpet_B.wav')])
131.6989 	EXP 	MSTQuestion: autoDraw = False
131.6989 	EXP 	no3: autoDraw = True
132.6987 	EXP 	no3: autoDraw = False
132.6987 	EXP 	no3: autoDraw = False
132.6987 	EXP 	no2: autoDraw = True
133.6985 	EXP 	no2: autoDraw = False
133.6985 	EXP 	no2: autoDraw = False
133.6985 	EXP 	no1: autoDraw = True
134.7304 	EXP 	no1: autoDraw = False
134.7304 	EXP 	no1: autoDraw = False
134.7304 	EXP 	ResponseBox: text = '\n\n'
134.7304 	EXP 	ItemNo: text = '20/60'
134.7304 	EXP 	Question: autoDraw = True
134.7304 	EXP 	ResponseBox: autoDraw = True
134.7304 	EXP 	ClickTheButton: autoDraw = True
134.7304 	EXP 	ItemNo: autoDraw = True
134.7304 	EXP 	Submit: autoDraw = True
135.8726 	DATA 	Mouse: Left button down, pos=(1091,182)
135.9000 	EXP 	Question: autoDraw = False
135.9000 	EXP 	ResponseBox: autoDraw = False
135.9000 	EXP 	ClickTheButton: autoDraw = False
135.9000 	EXP 	ItemNo: autoDraw = False
135.9000 	EXP 	Submit: autoDraw = False
135.9000 	EXP 	ResponseBox: text = 'default text'
135.9000 	EXP 	MSTQuestion: autoDraw = True
136.0916 	DATA 	Mouse:  Left button up, pos=(1091,182)
136.5568 	EXP 	New trial (rep=0, index=20): OrderedDict([('SoundFiles2', 'Pour_C.wav')])
136.5617 	DATA 	Keypress: 3
136.5675 	EXP 	MSTQuestion: autoDraw = False
136.5675 	EXP 	no3: autoDraw = True
136.5675 	EXP 	ResponseBox: text = 'de3fault text'
137.5821 	EXP 	no3: autoDraw = False
137.5821 	EXP 	no2: autoDraw = True
138.5820 	EXP 	no2: autoDraw = False
138.5820 	EXP 	no1: autoDraw = True
139.6028 	EXP 	no1: autoDraw = False
139.6028 	EXP 	ResponseBox: text = '\n\n'
139.6028 	EXP 	ItemNo: text = '21/60'
139.6028 	EXP 	Question: autoDraw = True
139.6028 	EXP 	ResponseBox: autoDraw = True
139.6028 	EXP 	ClickTheButton: autoDraw = True
139.6028 	EXP 	ItemNo: autoDraw = True
139.6028 	EXP 	Submit: autoDraw = True
141.8852 	DATA 	Mouse: Left button down, pos=(1091,182)
141.9130 	EXP 	Question: autoDraw = False
141.9130 	EXP 	ResponseBox: autoDraw = False
141.9130 	EXP 	ClickTheButton: autoDraw = False
141.9130 	EXP 	ItemNo: autoDraw = False
141.9130 	EXP 	Submit: autoDraw = False
141.9130 	EXP 	ResponseBox: text = 'default text'
141.9130 	EXP 	MSTQuestion: autoDraw = True
142.1054 	DATA 	Mouse:  Left button up, pos=(1091,182)
158.2061 	EXP 	New trial (rep=0, index=21): OrderedDict([('SoundFiles2', 'Pour_D.wav')])
158.2106 	DATA 	Keypress: 3
158.2164 	EXP 	MSTQuestion: autoDraw = False
158.2164 	EXP 	no3: autoDraw = True
158.2164 	EXP 	ResponseBox: text = 'de3fault text'
159.2318 	EXP 	no3: autoDraw = False
159.2318 	EXP 	no2: autoDraw = True
160.2317 	EXP 	no2: autoDraw = False
160.2317 	EXP 	no1: autoDraw = True
161.2571 	EXP 	no1: autoDraw = False
161.2571 	EXP 	ResponseBox: text = '\n\n'
161.2571 	EXP 	ItemNo: text = '22/60'
161.2571 	EXP 	Question: autoDraw = True
161.2571 	EXP 	ResponseBox: autoDraw = True
161.2571 	EXP 	ClickTheButton: autoDraw = True
161.2571 	EXP 	ItemNo: autoDraw = True
161.2571 	EXP 	Submit: autoDraw = True
164.0249 	DATA 	Mouse: Left button down, pos=(1091,182)
164.0509 	EXP 	Question: autoDraw = False
164.0509 	EXP 	ResponseBox: autoDraw = False
164.0509 	EXP 	ClickTheButton: autoDraw = False
164.0509 	EXP 	ItemNo: autoDraw = False
164.0509 	EXP 	Submit: autoDraw = False
164.0509 	EXP 	ResponseBox: text = 'default text'
164.0509 	EXP 	MSTQuestion: autoDraw = True
164.2552 	DATA 	Mouse:  Left button up, pos=(1091,182)
164.9389 	EXP 	New trial (rep=0, index=22): OrderedDict([('SoundFiles2', 'Pour_B.wav')])
164.9439 	DATA 	Keypress: 2
164.9825 	EXP 	MSTQuestion: autoDraw = False
164.9825 	EXP 	no3: autoDraw = True
164.9825 	EXP 	ResponseBox: text = 'de2fault text'
165.9652 	EXP 	no3: autoDraw = False
165.9652 	EXP 	no2: autoDraw = True
166.9652 	EXP 	no2: autoDraw = False
166.9652 	EXP 	no1: autoDraw = True
167.9865 	EXP 	no1: autoDraw = False
167.9865 	EXP 	ResponseBox: text = '\n\n'
167.9865 	EXP 	ItemNo: text = '23/60'
167.9865 	EXP 	Question: autoDraw = True
167.9865 	EXP 	ResponseBox: autoDraw = True
167.9865 	EXP 	ClickTheButton: autoDraw = True
167.9865 	EXP 	ItemNo: autoDraw = True
167.9865 	EXP 	Submit: autoDraw = True
170.9752 	DATA 	Mouse: Left button down, pos=(1115,182)
171.0046 	EXP 	Question: autoDraw = False
171.0046 	EXP 	ResponseBox: autoDraw = False
171.0046 	EXP 	ClickTheButton: autoDraw = False
171.0046 	EXP 	ItemNo: autoDraw = False
171.0046 	EXP 	Submit: autoDraw = False
171.0046 	EXP 	ResponseBox: text = 'default text'
171.0046 	EXP 	MSTQuestion: autoDraw = True
171.2059 	DATA 	Mouse:  Left button up, pos=(1115,182)
171.7896 	EXP 	New trial (rep=0, index=23): OrderedDict([('SoundFiles2', 'Siren_B.wav')])
171.7944 	DATA 	Keypress: 2
171.8032 	EXP 	MSTQuestion: autoDraw = False
171.8032 	EXP 	no3: autoDraw = True
171.8032 	EXP 	ResponseBox: text = 'de2fault text'
172.8151 	EXP 	no3: autoDraw = False
172.8151 	EXP 	no2: autoDraw = True
173.8153 	EXP 	no2: autoDraw = False
173.8153 	EXP 	no1: autoDraw = True
174.8344 	EXP 	no1: autoDraw = False
174.8344 	EXP 	ResponseBox: text = '\n\n'
174.8344 	EXP 	ItemNo: text = '24/60'
174.8344 	EXP 	Question: autoDraw = True
174.8344 	EXP 	ResponseBox: autoDraw = True
174.8344 	EXP 	ClickTheButton: autoDraw = True
174.8344 	EXP 	ItemNo: autoDraw = True
174.8344 	EXP 	Submit: autoDraw = True
177.5157 	DATA 	Mouse: Left button down, pos=(1115,182)
177.5465 	EXP 	Question: autoDraw = False
177.5465 	EXP 	ResponseBox: autoDraw = False
177.5465 	EXP 	ClickTheButton: autoDraw = False
177.5465 	EXP 	ItemNo: autoDraw = False
177.5465 	EXP 	Submit: autoDraw = False
177.5465 	EXP 	ResponseBox: text = 'default text'
177.5465 	EXP 	MSTQuestion: autoDraw = True
177.7240 	DATA 	Mouse:  Left button up, pos=(1115,182)
179.0396 	EXP 	New trial (rep=0, index=24): OrderedDict([('SoundFiles2', 'Siren_C.wav')])
179.0445 	DATA 	Keypress: 3
179.0510 	EXP 	MSTQuestion: autoDraw = False
179.0510 	EXP 	no3: autoDraw = True
179.0510 	EXP 	ResponseBox: text = 'de3fault text'
180.0644 	EXP 	no3: autoDraw = False
180.0644 	EXP 	no2: autoDraw = True
181.0653 	EXP 	no2: autoDraw = False
181.0653 	EXP 	no1: autoDraw = True
182.0868 	EXP 	no1: autoDraw = False
182.0868 	EXP 	ResponseBox: text = '\n\n'
182.0868 	EXP 	ItemNo: text = '25/60'
182.0868 	EXP 	Question: autoDraw = True
182.0868 	EXP 	ResponseBox: autoDraw = True
182.0868 	EXP 	ClickTheButton: autoDraw = True
182.0868 	EXP 	ItemNo: autoDraw = True
182.0868 	EXP 	Submit: autoDraw = True
184.3712 	DATA 	Mouse: Left button down, pos=(1115,182)
184.4021 	EXP 	Question: autoDraw = False
184.4021 	EXP 	ResponseBox: autoDraw = False
184.4021 	EXP 	ClickTheButton: autoDraw = False
184.4021 	EXP 	ItemNo: autoDraw = False
184.4021 	EXP 	Submit: autoDraw = False
184.4021 	EXP 	ResponseBox: text = 'default text'
184.4021 	EXP 	MSTQuestion: autoDraw = True
184.5884 	DATA 	Mouse:  Left button up, pos=(1115,182)
185.0395 	EXP 	New trial (rep=0, index=25): OrderedDict([('SoundFiles2', 'Siren_D.wav')])
185.0449 	DATA 	Keypress: 2
185.0522 	EXP 	MSTQuestion: autoDraw = False
185.0522 	EXP 	no3: autoDraw = True
185.0522 	EXP 	ResponseBox: text = 'de2fault text'
186.0648 	EXP 	no3: autoDraw = False
186.0648 	EXP 	no2: autoDraw = True
187.0648 	EXP 	no2: autoDraw = False
187.0648 	EXP 	no1: autoDraw = True
188.0873 	EXP 	no1: autoDraw = False
188.0873 	EXP 	ResponseBox: text = '\n\n'
188.0873 	EXP 	ItemNo: text = '26/60'
188.0873 	EXP 	Question: autoDraw = True
188.0873 	EXP 	ResponseBox: autoDraw = True
188.0873 	EXP 	ClickTheButton: autoDraw = True
188.0873 	EXP 	ItemNo: autoDraw = True
188.0873 	EXP 	Submit: autoDraw = True
189.9336 	DATA 	Mouse: Left button down, pos=(1115,182)
189.9630 	EXP 	Question: autoDraw = False
189.9630 	EXP 	ResponseBox: autoDraw = False
189.9630 	EXP 	ClickTheButton: autoDraw = False
189.9630 	EXP 	ItemNo: autoDraw = False
189.9630 	EXP 	Submit: autoDraw = False
189.9630 	EXP 	ResponseBox: text = 'default text'
189.9630 	EXP 	MSTQuestion: autoDraw = True
190.1560 	DATA 	Mouse:  Left button up, pos=(1115,182)
191.2896 	EXP 	New trial (rep=0, index=26): OrderedDict([('SoundFiles2', 'Baby_A.wav')])
191.2950 	DATA 	Keypress: 3
191.3029 	EXP 	MSTQuestion: autoDraw = False
191.3029 	EXP 	no3: autoDraw = True
191.3029 	EXP 	ResponseBox: text = 'de3fault text'
192.3149 	EXP 	no3: autoDraw = False
192.3149 	EXP 	no2: autoDraw = True
193.3147 	EXP 	no2: autoDraw = False
193.3147 	EXP 	no1: autoDraw = True
194.3389 	EXP 	no1: autoDraw = False
194.3389 	EXP 	ResponseBox: text = '\n\n'
194.3389 	EXP 	ItemNo: text = '27/60'
194.3389 	EXP 	Question: autoDraw = True
194.3389 	EXP 	ResponseBox: autoDraw = True
194.3389 	EXP 	ClickTheButton: autoDraw = True
194.3389 	EXP 	ItemNo: autoDraw = True
194.3389 	EXP 	Submit: autoDraw = True
196.6039 	DATA 	Mouse: Left button down, pos=(1115,182)
196.6188 	EXP 	Question: autoDraw = False
196.6188 	EXP 	ResponseBox: autoDraw = False
196.6188 	EXP 	ClickTheButton: autoDraw = False
196.6188 	EXP 	ItemNo: autoDraw = False
196.6188 	EXP 	Submit: autoDraw = False
196.6188 	EXP 	ResponseBox: text = 'default text'
196.6188 	EXP 	MSTQuestion: autoDraw = True
196.8221 	DATA 	Mouse:  Left button up, pos=(1115,182)
197.6257 	DATA 	Keypress: 2
197.6325 	EXP 	ResponseBox: text = 'de2fault text'
197.6395 	EXP 	New trial (rep=0, index=27): OrderedDict([('SoundFiles2', 'Baby_C.wav')])
197.6480 	EXP 	MSTQuestion: autoDraw = False
197.6480 	EXP 	no3: autoDraw = True
198.6481 	EXP 	no3: autoDraw = False
198.6481 	EXP 	no3: autoDraw = False
198.6481 	EXP 	no2: autoDraw = True
199.6480 	EXP 	no2: autoDraw = False
199.6480 	EXP 	no2: autoDraw = False
199.6480 	EXP 	no1: autoDraw = True
200.6701 	EXP 	no1: autoDraw = False
200.6701 	EXP 	no1: autoDraw = False
200.6701 	EXP 	ResponseBox: text = '\n\n'
200.6701 	EXP 	ItemNo: text = '28/60'
200.6701 	EXP 	Question: autoDraw = True
200.6701 	EXP 	ResponseBox: autoDraw = True
200.6701 	EXP 	ClickTheButton: autoDraw = True
200.6701 	EXP 	ItemNo: autoDraw = True
200.6701 	EXP 	Submit: autoDraw = True
202.8921 	DATA 	Mouse: Left button down, pos=(1115,182)
202.9143 	EXP 	Question: autoDraw = False
202.9143 	EXP 	ResponseBox: autoDraw = False
202.9143 	EXP 	ClickTheButton: autoDraw = False
202.9143 	EXP 	ItemNo: autoDraw = False
202.9143 	EXP 	Submit: autoDraw = False
202.9143 	EXP 	ResponseBox: text = 'default text'
202.9143 	EXP 	MSTQuestion: autoDraw = True
203.1218 	DATA 	Mouse:  Left button up, pos=(1115,182)
203.6907 	DATA 	Keypress: 2
203.6987 	EXP 	ResponseBox: text = 'de2fault text'
203.7054 	EXP 	New trial (rep=0, index=28): OrderedDict([('SoundFiles2', 'Baby_D.wav')])
203.7146 	EXP 	MSTQuestion: autoDraw = False
203.7146 	EXP 	no3: autoDraw = True
204.7149 	EXP 	no3: autoDraw = False
204.7149 	EXP 	no3: autoDraw = False
204.7149 	EXP 	no2: autoDraw = True
205.7146 	EXP 	no2: autoDraw = False
205.7146 	EXP 	no2: autoDraw = False
205.7146 	EXP 	no1: autoDraw = True
206.7461 	EXP 	no1: autoDraw = False
206.7461 	EXP 	no1: autoDraw = False
206.7461 	EXP 	ResponseBox: text = '\n\n'
206.7461 	EXP 	ItemNo: text = '29/60'
206.7461 	EXP 	Question: autoDraw = True
206.7461 	EXP 	ResponseBox: autoDraw = True
206.7461 	EXP 	ClickTheButton: autoDraw = True
206.7461 	EXP 	ItemNo: autoDraw = True
206.7461 	EXP 	Submit: autoDraw = True
208.1364 	DATA 	Mouse: Left button down, pos=(1115,182)
208.1657 	EXP 	Question: autoDraw = False
208.1657 	EXP 	ResponseBox: autoDraw = False
208.1657 	EXP 	ClickTheButton: autoDraw = False
208.1657 	EXP 	ItemNo: autoDraw = False
208.1657 	EXP 	Submit: autoDraw = False
208.1657 	EXP 	ResponseBox: text = 'default text'
208.1657 	EXP 	MSTQuestion: autoDraw = True
208.3551 	DATA 	Mouse:  Left button up, pos=(1115,182)
209.3892 	EXP 	New trial (rep=0, index=29): OrderedDict([('SoundFiles2', 'Laugh_B.wav')])
209.3946 	DATA 	Keypress: 2
209.4011 	EXP 	MSTQuestion: autoDraw = False
209.4011 	EXP 	no3: autoDraw = True
209.4011 	EXP 	ResponseBox: text = 'de2fault text'
210.4145 	EXP 	no3: autoDraw = False
210.4145 	EXP 	no2: autoDraw = True
211.4145 	EXP 	no2: autoDraw = False
211.4145 	EXP 	no1: autoDraw = True
212.4358 	EXP 	no1: autoDraw = False
212.4358 	EXP 	ResponseBox: text = '\n\n'
212.4358 	EXP 	ItemNo: text = '30/60'
212.4358 	EXP 	Question: autoDraw = True
212.4358 	EXP 	ResponseBox: autoDraw = True
212.4358 	EXP 	ClickTheButton: autoDraw = True
212.4358 	EXP 	ItemNo: autoDraw = True
212.4358 	EXP 	Submit: autoDraw = True
215.0954 	DATA 	Mouse: Left button down, pos=(1115,182)
215.1228 	EXP 	Question: autoDraw = False
215.1228 	EXP 	ResponseBox: autoDraw = False
215.1228 	EXP 	ClickTheButton: autoDraw = False
215.1228 	EXP 	ItemNo: autoDraw = False
215.1228 	EXP 	Submit: autoDraw = False
215.1228 	EXP 	ResponseBox: text = 'default text'
215.1228 	EXP 	MSTQuestion: autoDraw = True
215.3221 	DATA 	Mouse:  Left button up, pos=(1115,182)
216.8244 	DATA 	Keypress: 2
216.8320 	EXP 	ResponseBox: text = 'de2fault text'
216.8388 	EXP 	New trial (rep=0, index=30): OrderedDict([('SoundFiles2', 'Laugh_C.wav')])
216.8477 	EXP 	MSTQuestion: autoDraw = False
216.8477 	EXP 	no3: autoDraw = True
217.8479 	EXP 	no3: autoDraw = False
217.8479 	EXP 	no3: autoDraw = False
217.8479 	EXP 	no2: autoDraw = True
218.8478 	EXP 	no2: autoDraw = False
218.8478 	EXP 	no2: autoDraw = False
218.8478 	EXP 	no1: autoDraw = True
219.8787 	EXP 	no1: autoDraw = False
219.8787 	EXP 	no1: autoDraw = False
219.8787 	EXP 	ResponseBox: text = '\n\n'
219.8787 	EXP 	ItemNo: text = '31/60'
219.8787 	EXP 	Question: autoDraw = True
219.8787 	EXP 	ResponseBox: autoDraw = True
219.8787 	EXP 	ClickTheButton: autoDraw = True
219.8787 	EXP 	ItemNo: autoDraw = True
219.8787 	EXP 	Submit: autoDraw = True
222.1408 	DATA 	Mouse: Left button down, pos=(1115,182)
222.1676 	EXP 	Question: autoDraw = False
222.1676 	EXP 	ResponseBox: autoDraw = False
222.1676 	EXP 	ClickTheButton: autoDraw = False
222.1676 	EXP 	ItemNo: autoDraw = False
222.1676 	EXP 	Submit: autoDraw = False
222.1676 	EXP 	ResponseBox: text = 'default text'
222.1676 	EXP 	MSTQuestion: autoDraw = True
222.3709 	DATA 	Mouse:  Left button up, pos=(1115,182)
223.3221 	EXP 	New trial (rep=0, index=31): OrderedDict([('SoundFiles2', 'Laugh_D.wav')])
223.3276 	DATA 	Keypress: 2
223.3341 	EXP 	MSTQuestion: autoDraw = False
223.3341 	EXP 	no3: autoDraw = True
223.3341 	EXP 	ResponseBox: text = 'de2fault text'
224.3479 	EXP 	no3: autoDraw = False
224.3479 	EXP 	no2: autoDraw = True
225.3478 	EXP 	no2: autoDraw = False
225.3478 	EXP 	no1: autoDraw = True
226.3674 	EXP 	no1: autoDraw = False
226.3674 	EXP 	ResponseBox: text = '\n\n'
226.3674 	EXP 	ItemNo: text = '32/60'
226.3674 	EXP 	Question: autoDraw = True
226.3674 	EXP 	ResponseBox: autoDraw = True
226.3674 	EXP 	ClickTheButton: autoDraw = True
226.3674 	EXP 	ItemNo: autoDraw = True
226.3674 	EXP 	Submit: autoDraw = True
227.9697 	DATA 	Mouse: Left button down, pos=(1115,182)
227.9909 	EXP 	Question: autoDraw = False
227.9909 	EXP 	ResponseBox: autoDraw = False
227.9909 	EXP 	ClickTheButton: autoDraw = False
227.9909 	EXP 	ItemNo: autoDraw = False
227.9909 	EXP 	Submit: autoDraw = False
227.9909 	EXP 	ResponseBox: text = 'default text'
227.9909 	EXP 	MSTQuestion: autoDraw = True
228.1887 	DATA 	Mouse:  Left button up, pos=(1115,182)
228.9555 	EXP 	New trial (rep=0, index=32): OrderedDict([('SoundFiles2', 'Bird_B.wav')])
228.9595 	DATA 	Keypress: 2
228.9653 	EXP 	MSTQuestion: autoDraw = False
228.9653 	EXP 	no3: autoDraw = True
228.9653 	EXP 	ResponseBox: text = 'de2fault text'
229.9645 	EXP 	no3: autoDraw = False
229.9645 	EXP 	no3: autoDraw = False
229.9645 	EXP 	no2: autoDraw = True
230.9642 	EXP 	no2: autoDraw = False
230.9642 	EXP 	no2: autoDraw = False
230.9642 	EXP 	no1: autoDraw = True
231.9987 	EXP 	no1: autoDraw = False
231.9987 	EXP 	no1: autoDraw = False
231.9987 	EXP 	ResponseBox: text = '\n\n'
231.9987 	EXP 	ItemNo: text = '33/60'
231.9987 	EXP 	Question: autoDraw = True
231.9987 	EXP 	ResponseBox: autoDraw = True
231.9987 	EXP 	ClickTheButton: autoDraw = True
231.9987 	EXP 	ItemNo: autoDraw = True
231.9987 	EXP 	Submit: autoDraw = True
233.4152 	DATA 	Mouse: Left button down, pos=(1115,182)
233.4404 	EXP 	Question: autoDraw = False
233.4404 	EXP 	ResponseBox: autoDraw = False
233.4404 	EXP 	ClickTheButton: autoDraw = False
233.4404 	EXP 	ItemNo: autoDraw = False
233.4404 	EXP 	Submit: autoDraw = False
233.4404 	EXP 	ResponseBox: text = 'default text'
233.4404 	EXP 	MSTQuestion: autoDraw = True
233.6398 	DATA 	Mouse:  Left button up, pos=(1115,182)
234.3571 	DATA 	Keypress: 2
234.3649 	EXP 	ResponseBox: text = 'de2fault text'
234.3724 	EXP 	New trial (rep=0, index=33): OrderedDict([('SoundFiles2', 'Bird_C.wav')])
234.3822 	EXP 	MSTQuestion: autoDraw = False
234.3822 	EXP 	no3: autoDraw = True
235.3978 	EXP 	no3: autoDraw = False
235.3978 	EXP 	no2: autoDraw = True
236.3978 	EXP 	no2: autoDraw = False
236.3978 	EXP 	no1: autoDraw = True
237.4304 	EXP 	no1: autoDraw = False
237.4304 	EXP 	ResponseBox: text = '\n\n'
237.4304 	EXP 	ItemNo: text = '34/60'
237.4304 	EXP 	Question: autoDraw = True
237.4304 	EXP 	ResponseBox: autoDraw = True
237.4304 	EXP 	ClickTheButton: autoDraw = True
237.4304 	EXP 	ItemNo: autoDraw = True
237.4304 	EXP 	Submit: autoDraw = True
238.5672 	DATA 	Mouse: Left button down, pos=(1115,182)
238.5816 	EXP 	Question: autoDraw = False
238.5816 	EXP 	ResponseBox: autoDraw = False
238.5816 	EXP 	ClickTheButton: autoDraw = False
238.5816 	EXP 	ItemNo: autoDraw = False
238.5816 	EXP 	Submit: autoDraw = False
238.5816 	EXP 	ResponseBox: text = 'default text'
238.5816 	EXP 	MSTQuestion: autoDraw = True
238.7896 	DATA 	Mouse:  Left button up, pos=(1115,182)
239.1380 	EXP 	New trial (rep=0, index=34): OrderedDict([('SoundFiles2', 'Bird_D.wav')])
239.1429 	DATA 	Keypress: 2
239.1501 	EXP 	MSTQuestion: autoDraw = False
239.1501 	EXP 	no3: autoDraw = True
239.1501 	EXP 	ResponseBox: text = 'de2fault text'
240.1642 	EXP 	no3: autoDraw = False
240.1642 	EXP 	no2: autoDraw = True
241.1642 	EXP 	no2: autoDraw = False
241.1642 	EXP 	no1: autoDraw = True
242.1892 	EXP 	no1: autoDraw = False
242.1892 	EXP 	ResponseBox: text = '\n\n'
242.1892 	EXP 	ItemNo: text = '35/60'
242.1892 	EXP 	Question: autoDraw = True
242.1892 	EXP 	ResponseBox: autoDraw = True
242.1892 	EXP 	ClickTheButton: autoDraw = True
242.1892 	EXP 	ItemNo: autoDraw = True
242.1892 	EXP 	Submit: autoDraw = True
243.4019 	DATA 	Mouse: Left button down, pos=(1115,182)
243.4184 	EXP 	Question: autoDraw = False
243.4184 	EXP 	ResponseBox: autoDraw = False
243.4184 	EXP 	ClickTheButton: autoDraw = False
243.4184 	EXP 	ItemNo: autoDraw = False
243.4184 	EXP 	Submit: autoDraw = False
243.4184 	EXP 	ResponseBox: text = 'default text'
243.4184 	EXP 	MSTQuestion: autoDraw = True
243.6227 	DATA 	Mouse:  Left button up, pos=(1115,182)
244.4369 	DATA 	Keypress: 2
244.4468 	EXP 	ResponseBox: text = 'de2fault text'
244.4539 	EXP 	New trial (rep=0, index=35): OrderedDict([('SoundFiles2', 'CarStart_B.wav')])
244.4630 	EXP 	MSTQuestion: autoDraw = False
244.4630 	EXP 	no3: autoDraw = True
245.4644 	EXP 	no3: autoDraw = False
245.4644 	EXP 	no3: autoDraw = False
245.4644 	EXP 	no2: autoDraw = True
246.4642 	EXP 	no2: autoDraw = False
246.4642 	EXP 	no2: autoDraw = False
246.4642 	EXP 	no1: autoDraw = True
247.5195 	EXP 	no1: autoDraw = False
247.5195 	EXP 	no1: autoDraw = False
247.5195 	EXP 	ResponseBox: text = '\n\n'
247.5195 	EXP 	ItemNo: text = '36/60'
247.5195 	EXP 	Question: autoDraw = True
247.5195 	EXP 	ResponseBox: autoDraw = True
247.5195 	EXP 	ClickTheButton: autoDraw = True
247.5195 	EXP 	ItemNo: autoDraw = True
247.5195 	EXP 	Submit: autoDraw = True
248.1560 	DATA 	Mouse: Left button down, pos=(1115,182)
248.1864 	EXP 	Question: autoDraw = False
248.1864 	EXP 	ResponseBox: autoDraw = False
248.1864 	EXP 	ClickTheButton: autoDraw = False
248.1864 	EXP 	ItemNo: autoDraw = False
248.1864 	EXP 	Submit: autoDraw = False
248.1864 	EXP 	ResponseBox: text = 'default text'
248.1864 	EXP 	MSTQuestion: autoDraw = True
248.3729 	DATA 	Mouse:  Left button up, pos=(1115,182)
249.4882 	EXP 	New trial (rep=0, index=36): OrderedDict([('SoundFiles2', 'Carstart_C.wav')])
249.4934 	DATA 	Keypress: 3
249.5003 	EXP 	MSTQuestion: autoDraw = False
249.5003 	EXP 	no3: autoDraw = True
249.5003 	EXP 	ResponseBox: text = 'de3fault text'
250.5142 	EXP 	no3: autoDraw = False
250.5142 	EXP 	no2: autoDraw = True
251.5141 	EXP 	no2: autoDraw = False
251.5141 	EXP 	no1: autoDraw = True
252.5461 	EXP 	no1: autoDraw = False
252.5461 	EXP 	ResponseBox: text = '\n\n'
252.5461 	EXP 	ItemNo: text = '37/60'
252.5461 	EXP 	Question: autoDraw = True
252.5461 	EXP 	ResponseBox: autoDraw = True
252.5461 	EXP 	ClickTheButton: autoDraw = True
252.5461 	EXP 	ItemNo: autoDraw = True
252.5461 	EXP 	Submit: autoDraw = True
253.8711 	DATA 	Keypress: 3
253.8892 	EXP 	ResponseBox: text = '\n\n3'
255.4792 	DATA 	Mouse: Left button down, pos=(1115,182)
255.5125 	EXP 	Question: autoDraw = False
255.5125 	EXP 	ResponseBox: autoDraw = False
255.5125 	EXP 	ClickTheButton: autoDraw = False
255.5125 	EXP 	ItemNo: autoDraw = False
255.5125 	EXP 	Submit: autoDraw = False
255.5125 	EXP 	ResponseBox: text = 'default text'
255.5125 	EXP 	MSTQuestion: autoDraw = True
255.7042 	DATA 	Mouse:  Left button up, pos=(1115,182)
256.0715 	DATA 	Keypress: 3
256.0814 	EXP 	ResponseBox: text = 'def3ault text'
256.0881 	EXP 	New trial (rep=0, index=37): OrderedDict([('SoundFiles2', 'CarStart_D.wav')])
256.0974 	EXP 	MSTQuestion: autoDraw = False
256.0974 	EXP 	no3: autoDraw = True
257.0975 	EXP 	no3: autoDraw = False
257.0975 	EXP 	no3: autoDraw = False
257.0975 	EXP 	no2: autoDraw = True
258.0976 	EXP 	no2: autoDraw = False
258.0976 	EXP 	no2: autoDraw = False
258.0976 	EXP 	no1: autoDraw = True
259.1299 	EXP 	no1: autoDraw = False
259.1299 	EXP 	no1: autoDraw = False
259.1299 	EXP 	ResponseBox: text = '\n\n'
259.1299 	EXP 	ItemNo: text = '38/60'
259.1299 	EXP 	Question: autoDraw = True
259.1299 	EXP 	ResponseBox: autoDraw = True
259.1299 	EXP 	ClickTheButton: autoDraw = True
259.1299 	EXP 	ItemNo: autoDraw = True
259.1299 	EXP 	Submit: autoDraw = True
259.8550 	DATA 	Mouse: Left button down, pos=(1115,182)
259.8814 	EXP 	Question: autoDraw = False
259.8814 	EXP 	ResponseBox: autoDraw = False
259.8814 	EXP 	ClickTheButton: autoDraw = False
259.8814 	EXP 	ItemNo: autoDraw = False
259.8814 	EXP 	Submit: autoDraw = False
259.8814 	EXP 	ResponseBox: text = 'default text'
259.8814 	EXP 	MSTQuestion: autoDraw = True
260.0891 	DATA 	Mouse:  Left button up, pos=(1115,182)
260.5060 	DATA 	Keypress: 3
260.5149 	EXP 	ResponseBox: text = 'de3fault text'
260.5216 	EXP 	New trial (rep=0, index=38): OrderedDict([('SoundFiles2', 'Dog_B.wav')])
260.5308 	EXP 	MSTQuestion: autoDraw = False
260.5308 	EXP 	no3: autoDraw = True
261.5309 	EXP 	no3: autoDraw = False
261.5309 	EXP 	no3: autoDraw = False
261.5309 	EXP 	no2: autoDraw = True
262.5307 	EXP 	no2: autoDraw = False
262.5307 	EXP 	no2: autoDraw = False
262.5307 	EXP 	no1: autoDraw = True
263.5527 	EXP 	no1: autoDraw = False
263.5527 	EXP 	no1: autoDraw = False
263.5527 	EXP 	ResponseBox: text = '\n\n'
263.5527 	EXP 	ItemNo: text = '39/60'
263.5527 	EXP 	Question: autoDraw = True
263.5527 	EXP 	ResponseBox: autoDraw = True
263.5527 	EXP 	ClickTheButton: autoDraw = True
263.5527 	EXP 	ItemNo: autoDraw = True
263.5527 	EXP 	Submit: autoDraw = True
265.0125 	DATA 	Mouse: Left button down, pos=(1115,182)
265.0390 	EXP 	Question: autoDraw = False
265.0390 	EXP 	ResponseBox: autoDraw = False
265.0390 	EXP 	ClickTheButton: autoDraw = False
265.0390 	EXP 	ItemNo: autoDraw = False
265.0390 	EXP 	Submit: autoDraw = False
265.0390 	EXP 	ResponseBox: text = 'default text'
265.0390 	EXP 	MSTQuestion: autoDraw = True
265.2210 	DATA 	Mouse:  Left button up, pos=(1115,182)
266.7214 	DATA 	Keypress: 3
266.7314 	EXP 	ResponseBox: text = 'de3fault text'
266.7375 	EXP 	New trial (rep=0, index=39): OrderedDict([('SoundFiles2', 'Dog_C.wav')])
266.7473 	EXP 	MSTQuestion: autoDraw = False
266.7473 	EXP 	no3: autoDraw = True
267.7474 	EXP 	no3: autoDraw = False
267.7474 	EXP 	no3: autoDraw = False
267.7474 	EXP 	no2: autoDraw = True
268.7474 	EXP 	no2: autoDraw = False
268.7474 	EXP 	no2: autoDraw = False
268.7474 	EXP 	no1: autoDraw = True
269.7752 	EXP 	no1: autoDraw = False
269.7752 	EXP 	no1: autoDraw = False
269.7752 	EXP 	ResponseBox: text = '\n\n'
269.7752 	EXP 	ItemNo: text = '40/60'
269.7752 	EXP 	Question: autoDraw = True
269.7752 	EXP 	ResponseBox: autoDraw = True
269.7752 	EXP 	ClickTheButton: autoDraw = True
269.7752 	EXP 	ItemNo: autoDraw = True
269.7752 	EXP 	Submit: autoDraw = True
272.0877 	DATA 	Mouse: Left button down, pos=(1115,182)
272.1087 	EXP 	Question: autoDraw = False
272.1087 	EXP 	ResponseBox: autoDraw = False
272.1087 	EXP 	ClickTheButton: autoDraw = False
272.1087 	EXP 	ItemNo: autoDraw = False
272.1087 	EXP 	Submit: autoDraw = False
272.1087 	EXP 	ResponseBox: text = 'default text'
272.1087 	EXP 	MSTQuestion: autoDraw = True
272.3206 	DATA 	Mouse:  Left button up, pos=(1115,182)
272.7879 	EXP 	New trial (rep=0, index=40): OrderedDict([('SoundFiles2', 'Dog_D.wav')])
272.7935 	DATA 	Keypress: 2
272.8002 	EXP 	MSTQuestion: autoDraw = False
272.8002 	EXP 	no3: autoDraw = True
272.8002 	EXP 	ResponseBox: text = 'de2fault text'
273.8141 	EXP 	no3: autoDraw = False
273.8141 	EXP 	no2: autoDraw = True
274.8141 	EXP 	no2: autoDraw = False
274.8141 	EXP 	no1: autoDraw = True
275.8359 	EXP 	no1: autoDraw = False
275.8359 	EXP 	ResponseBox: text = '\n\n'
275.8359 	EXP 	ItemNo: text = '41/60'
275.8359 	EXP 	Question: autoDraw = True
275.8359 	EXP 	ResponseBox: autoDraw = True
275.8359 	EXP 	ClickTheButton: autoDraw = True
275.8359 	EXP 	ItemNo: autoDraw = True
275.8359 	EXP 	Submit: autoDraw = True
276.8829 	DATA 	Mouse: Left button down, pos=(1115,182)
276.8989 	EXP 	Question: autoDraw = False
276.8989 	EXP 	ResponseBox: autoDraw = False
276.8989 	EXP 	ClickTheButton: autoDraw = False
276.8989 	EXP 	ItemNo: autoDraw = False
276.8989 	EXP 	Submit: autoDraw = False
276.8989 	EXP 	ResponseBox: text = 'default text'
276.8989 	EXP 	MSTQuestion: autoDraw = True
277.1046 	DATA 	Mouse:  Left button up, pos=(1115,182)
277.5208 	DATA 	Keypress: 2
277.5293 	EXP 	ResponseBox: text = 'de2fault text'
277.5361 	EXP 	New trial (rep=0, index=41): OrderedDict([('SoundFiles2', 'Chomp_B.wav')])
277.5452 	EXP 	MSTQuestion: autoDraw = False
277.5452 	EXP 	no3: autoDraw = True
278.5474 	EXP 	no3: autoDraw = False
278.5474 	EXP 	no3: autoDraw = False
278.5474 	EXP 	no2: autoDraw = True
279.5473 	EXP 	no2: autoDraw = False
279.5473 	EXP 	no2: autoDraw = False
279.5473 	EXP 	no1: autoDraw = True
280.5700 	EXP 	no1: autoDraw = False
280.5700 	EXP 	no1: autoDraw = False
280.5700 	EXP 	ResponseBox: text = '\n\n'
280.5700 	EXP 	ItemNo: text = '42/60'
280.5700 	EXP 	Question: autoDraw = True
280.5700 	EXP 	ResponseBox: autoDraw = True
280.5700 	EXP 	ClickTheButton: autoDraw = True
280.5700 	EXP 	ItemNo: autoDraw = True
280.5700 	EXP 	Submit: autoDraw = True
282.2682 	DATA 	Mouse: Left button down, pos=(1115,182)
282.2892 	EXP 	Question: autoDraw = False
282.2892 	EXP 	ResponseBox: autoDraw = False
282.2892 	EXP 	ClickTheButton: autoDraw = False
282.2892 	EXP 	ItemNo: autoDraw = False
282.2892 	EXP 	Submit: autoDraw = False
282.2892 	EXP 	ResponseBox: text = 'default text'
282.2892 	EXP 	MSTQuestion: autoDraw = True
282.5037 	DATA 	Mouse:  Left button up, pos=(1115,182)
283.4040 	DATA 	Keypress: 3
283.4146 	EXP 	ResponseBox: text = 'de3fault text'
283.4212 	EXP 	New trial (rep=0, index=42): OrderedDict([('SoundFiles2', 'Chomp_C.wav')])
283.4306 	EXP 	MSTQuestion: autoDraw = False
283.4306 	EXP 	no3: autoDraw = True
284.4307 	EXP 	no3: autoDraw = False
284.4307 	EXP 	no3: autoDraw = False
284.4307 	EXP 	no2: autoDraw = True
285.4307 	EXP 	no2: autoDraw = False
285.4307 	EXP 	no2: autoDraw = False
285.4307 	EXP 	no1: autoDraw = True
286.4555 	EXP 	no1: autoDraw = False
286.4555 	EXP 	no1: autoDraw = False
286.4555 	EXP 	ResponseBox: text = '\n\n'
286.4555 	EXP 	ItemNo: text = '43/60'
286.4555 	EXP 	Question: autoDraw = True
286.4555 	EXP 	ResponseBox: autoDraw = True
286.4555 	EXP 	ClickTheButton: autoDraw = True
286.4555 	EXP 	ItemNo: autoDraw = True
286.4555 	EXP 	Submit: autoDraw = True
288.0349 	DATA 	Mouse: Left button down, pos=(1112,182)
288.0531 	EXP 	Question: autoDraw = False
288.0531 	EXP 	ResponseBox: autoDraw = False
288.0531 	EXP 	ClickTheButton: autoDraw = False
288.0531 	EXP 	ItemNo: autoDraw = False
288.0531 	EXP 	Submit: autoDraw = False
288.0531 	EXP 	ResponseBox: text = 'default text'
288.0531 	EXP 	MSTQuestion: autoDraw = True
288.2547 	DATA 	Mouse:  Left button up, pos=(1112,182)
288.7058 	EXP 	New trial (rep=0, index=43): OrderedDict([('SoundFiles2', 'Chomp_D.wav')])
288.7109 	DATA 	Keypress: 2
288.7170 	EXP 	MSTQuestion: autoDraw = False
288.7170 	EXP 	no3: autoDraw = True
288.7170 	EXP 	ResponseBox: text = 'de2fault text'
289.7306 	EXP 	no3: autoDraw = False
289.7306 	EXP 	no2: autoDraw = True
290.7305 	EXP 	no2: autoDraw = False
290.7305 	EXP 	no1: autoDraw = True
291.7465 	EXP 	no1: autoDraw = False
291.7465 	EXP 	ResponseBox: text = '\n\n'
291.7465 	EXP 	ItemNo: text = '44/60'
291.7465 	EXP 	Question: autoDraw = True
291.7465 	EXP 	ResponseBox: autoDraw = True
291.7465 	EXP 	ClickTheButton: autoDraw = True
291.7465 	EXP 	ItemNo: autoDraw = True
291.7465 	EXP 	Submit: autoDraw = True
293.4570 	DATA 	Mouse: Left button down, pos=(1112,182)
293.4783 	EXP 	Question: autoDraw = False
293.4783 	EXP 	ResponseBox: autoDraw = False
293.4783 	EXP 	ClickTheButton: autoDraw = False
293.4783 	EXP 	ItemNo: autoDraw = False
293.4783 	EXP 	Submit: autoDraw = False
293.4783 	EXP 	ResponseBox: text = 'default text'
293.4783 	EXP 	MSTQuestion: autoDraw = True
293.6920 	DATA 	Mouse:  Left button up, pos=(1112,182)
294.2046 	DATA 	Keypress: 3
294.2144 	EXP 	ResponseBox: text = 'de3fault text'
294.2219 	EXP 	New trial (rep=0, index=44): OrderedDict([('SoundFiles2', 'Cough_B.wav')])
294.2308 	EXP 	MSTQuestion: autoDraw = False
294.2308 	EXP 	no3: autoDraw = True
295.2306 	EXP 	no3: autoDraw = False
295.2306 	EXP 	no3: autoDraw = False
295.2306 	EXP 	no2: autoDraw = True
296.2304 	EXP 	no2: autoDraw = False
296.2304 	EXP 	no2: autoDraw = False
296.2304 	EXP 	no1: autoDraw = True
297.2561 	EXP 	no1: autoDraw = False
297.2561 	EXP 	no1: autoDraw = False
297.2561 	EXP 	ResponseBox: text = '\n\n'
297.2561 	EXP 	ItemNo: text = '45/60'
297.2561 	EXP 	Question: autoDraw = True
297.2561 	EXP 	ResponseBox: autoDraw = True
297.2561 	EXP 	ClickTheButton: autoDraw = True
297.2561 	EXP 	ItemNo: autoDraw = True
297.2561 	EXP 	Submit: autoDraw = True
298.8674 	DATA 	Mouse: Left button down, pos=(1112,182)
298.8891 	EXP 	Question: autoDraw = False
298.8891 	EXP 	ResponseBox: autoDraw = False
298.8891 	EXP 	ClickTheButton: autoDraw = False
298.8891 	EXP 	ItemNo: autoDraw = False
298.8891 	EXP 	Submit: autoDraw = False
298.8891 	EXP 	ResponseBox: text = 'default text'
298.8891 	EXP 	MSTQuestion: autoDraw = True
299.0880 	DATA 	Mouse:  Left button up, pos=(1112,182)
299.5043 	DATA 	Keypress: 3
299.5143 	EXP 	ResponseBox: text = 'de3fault text'
299.5208 	EXP 	New trial (rep=0, index=45): OrderedDict([('SoundFiles2', 'Cough_C.wav')])
299.5304 	EXP 	MSTQuestion: autoDraw = False
299.5304 	EXP 	no3: autoDraw = True
300.5303 	EXP 	no3: autoDraw = False
300.5303 	EXP 	no3: autoDraw = False
300.5303 	EXP 	no2: autoDraw = True
301.5303 	EXP 	no2: autoDraw = False
301.5303 	EXP 	no2: autoDraw = False
301.5303 	EXP 	no1: autoDraw = True
302.5513 	EXP 	no1: autoDraw = False
302.5513 	EXP 	no1: autoDraw = False
302.5513 	EXP 	ResponseBox: text = '\n\n'
302.5513 	EXP 	ItemNo: text = '46/60'
302.5513 	EXP 	Question: autoDraw = True
302.5513 	EXP 	ResponseBox: autoDraw = True
302.5513 	EXP 	ClickTheButton: autoDraw = True
302.5513 	EXP 	ItemNo: autoDraw = True
302.5513 	EXP 	Submit: autoDraw = True
303.4965 	DATA 	Mouse: Left button down, pos=(1112,182)
303.5221 	EXP 	Question: autoDraw = False
303.5221 	EXP 	ResponseBox: autoDraw = False
303.5221 	EXP 	ClickTheButton: autoDraw = False
303.5221 	EXP 	ItemNo: autoDraw = False
303.5221 	EXP 	Submit: autoDraw = False
303.5221 	EXP 	ResponseBox: text = 'default text'
303.5221 	EXP 	MSTQuestion: autoDraw = True
303.7222 	DATA 	Mouse:  Left button up, pos=(1112,182)
304.0568 	DATA 	Keypress: 3
304.0643 	EXP 	ResponseBox: text = 'de3fault text'
304.0707 	EXP 	New trial (rep=0, index=46): OrderedDict([('SoundFiles2', 'Cough_D.wav')])
304.0803 	EXP 	MSTQuestion: autoDraw = False
304.0803 	EXP 	no3: autoDraw = True
305.0957 	EXP 	no3: autoDraw = False
305.0957 	EXP 	no2: autoDraw = True
306.0957 	EXP 	no2: autoDraw = False
306.0957 	EXP 	no1: autoDraw = True
307.1120 	EXP 	no1: autoDraw = False
307.1120 	EXP 	ResponseBox: text = '\n\n'
307.1120 	EXP 	ItemNo: text = '47/60'
307.1120 	EXP 	Question: autoDraw = True
307.1120 	EXP 	ResponseBox: autoDraw = True
307.1120 	EXP 	ClickTheButton: autoDraw = True
307.1120 	EXP 	ItemNo: autoDraw = True
307.1120 	EXP 	Submit: autoDraw = True
308.1654 	DATA 	Mouse: Left button down, pos=(1112,182)
308.1802 	EXP 	Question: autoDraw = False
308.1802 	EXP 	ResponseBox: autoDraw = False
308.1802 	EXP 	ClickTheButton: autoDraw = False
308.1802 	EXP 	ItemNo: autoDraw = False
308.1802 	EXP 	Submit: autoDraw = False
308.1802 	EXP 	ResponseBox: text = 'default text'
308.1802 	EXP 	MSTQuestion: autoDraw = True
308.3871 	DATA 	Mouse:  Left button up, pos=(1112,182)
308.6534 	EXP 	New trial (rep=0, index=47): OrderedDict([('SoundFiles2', 'Piano_B.wav')])
308.6583 	DATA 	Keypress: 2
308.6634 	EXP 	MSTQuestion: autoDraw = False
308.6634 	EXP 	no3: autoDraw = True
308.6634 	EXP 	ResponseBox: text = 'de2fault text'
309.6629 	EXP 	no3: autoDraw = False
309.6629 	EXP 	no3: autoDraw = False
309.6629 	EXP 	no2: autoDraw = True
310.6632 	EXP 	no2: autoDraw = False
310.6632 	EXP 	no2: autoDraw = False
310.6632 	EXP 	no1: autoDraw = True
311.6862 	EXP 	no1: autoDraw = False
311.6862 	EXP 	no1: autoDraw = False
311.6862 	EXP 	ResponseBox: text = '\n\n'
311.6862 	EXP 	ItemNo: text = '48/60'
311.6862 	EXP 	Question: autoDraw = True
311.6862 	EXP 	ResponseBox: autoDraw = True
311.6862 	EXP 	ClickTheButton: autoDraw = True
311.6862 	EXP 	ItemNo: autoDraw = True
311.6862 	EXP 	Submit: autoDraw = True
313.1736 	DATA 	Mouse: Left button down, pos=(1112,182)
313.2061 	EXP 	Question: autoDraw = False
313.2061 	EXP 	ResponseBox: autoDraw = False
313.2061 	EXP 	ClickTheButton: autoDraw = False
313.2061 	EXP 	ItemNo: autoDraw = False
313.2061 	EXP 	Submit: autoDraw = False
313.2061 	EXP 	ResponseBox: text = 'default text'
313.2061 	EXP 	MSTQuestion: autoDraw = True
313.4065 	DATA 	Mouse:  Left button up, pos=(1112,182)
314.0717 	DATA 	Keypress: 3
314.0808 	EXP 	ResponseBox: text = 'de3fault text'
314.0883 	EXP 	New trial (rep=0, index=48): OrderedDict([('SoundFiles2', 'Piano_C.wav')])
314.0969 	EXP 	MSTQuestion: autoDraw = False
314.0969 	EXP 	no3: autoDraw = True
315.0969 	EXP 	no3: autoDraw = False
315.0969 	EXP 	no3: autoDraw = False
315.0969 	EXP 	no2: autoDraw = True
316.0971 	EXP 	no2: autoDraw = False
316.0971 	EXP 	no2: autoDraw = False
316.0971 	EXP 	no1: autoDraw = True
317.1182 	EXP 	no1: autoDraw = False
317.1182 	EXP 	no1: autoDraw = False
317.1182 	EXP 	ResponseBox: text = '\n\n'
317.1182 	EXP 	ItemNo: text = '49/60'
317.1182 	EXP 	Question: autoDraw = True
317.1182 	EXP 	ResponseBox: autoDraw = True
317.1182 	EXP 	ClickTheButton: autoDraw = True
317.1182 	EXP 	ItemNo: autoDraw = True
317.1182 	EXP 	Submit: autoDraw = True
318.9085 	DATA 	Mouse: Left button down, pos=(1112,182)
318.9309 	EXP 	Question: autoDraw = False
318.9309 	EXP 	ResponseBox: autoDraw = False
318.9309 	EXP 	ClickTheButton: autoDraw = False
318.9309 	EXP 	ItemNo: autoDraw = False
318.9309 	EXP 	Submit: autoDraw = False
318.9309 	EXP 	ResponseBox: text = 'default text'
318.9309 	EXP 	MSTQuestion: autoDraw = True
319.1377 	DATA 	Mouse:  Left button up, pos=(1112,182)
319.4551 	DATA 	Keypress: 2
319.4643 	EXP 	ResponseBox: text = 'de2fault text'
319.4718 	EXP 	New trial (rep=0, index=49): OrderedDict([('SoundFiles2', 'Piano_D.wav')])
319.4818 	EXP 	MSTQuestion: autoDraw = False
319.4818 	EXP 	no3: autoDraw = True
320.4968 	EXP 	no3: autoDraw = False
320.4968 	EXP 	no2: autoDraw = True
321.4969 	EXP 	no2: autoDraw = False
321.4969 	EXP 	no1: autoDraw = True
322.5159 	EXP 	no1: autoDraw = False
322.5159 	EXP 	ResponseBox: text = '\n\n'
322.5159 	EXP 	ItemNo: text = '50/60'
322.5159 	EXP 	Question: autoDraw = True
322.5159 	EXP 	ResponseBox: autoDraw = True
322.5159 	EXP 	ClickTheButton: autoDraw = True
322.5159 	EXP 	ItemNo: autoDraw = True
322.5159 	EXP 	Submit: autoDraw = True
324.4646 	DATA 	Mouse: Left button down, pos=(1112,182)
324.4956 	EXP 	Question: autoDraw = False
324.4956 	EXP 	ResponseBox: autoDraw = False
324.4956 	EXP 	ClickTheButton: autoDraw = False
324.4956 	EXP 	ItemNo: autoDraw = False
324.4956 	EXP 	Submit: autoDraw = False
324.4956 	EXP 	ResponseBox: text = 'default text'
324.4956 	EXP 	MSTQuestion: autoDraw = True
324.6876 	DATA 	Mouse:  Left button up, pos=(1112,182)
325.3047 	EXP 	New trial (rep=0, index=50): OrderedDict([('SoundFiles2', 'Initial/Repeat/Pour.wav')])
325.3095 	DATA 	Keypress: 2
325.3179 	EXP 	MSTQuestion: autoDraw = False
325.3179 	EXP 	no3: autoDraw = True
325.3179 	EXP 	ResponseBox: text = 'de2fault text'
326.3301 	EXP 	no3: autoDraw = False
326.3301 	EXP 	no2: autoDraw = True
327.3301 	EXP 	no2: autoDraw = False
327.3301 	EXP 	no1: autoDraw = True
328.3520 	EXP 	no1: autoDraw = False
328.3520 	EXP 	ResponseBox: text = '\n\n'
328.3520 	EXP 	ItemNo: text = '51/60'
328.3520 	EXP 	Question: autoDraw = True
328.3520 	EXP 	ResponseBox: autoDraw = True
328.3520 	EXP 	ClickTheButton: autoDraw = True
328.3520 	EXP 	ItemNo: autoDraw = True
328.3520 	EXP 	Submit: autoDraw = True
330.3840 	DATA 	Mouse: Left button down, pos=(1112,182)
330.4137 	EXP 	Question: autoDraw = False
330.4137 	EXP 	ResponseBox: autoDraw = False
330.4137 	EXP 	ClickTheButton: autoDraw = False
330.4137 	EXP 	ItemNo: autoDraw = False
330.4137 	EXP 	Submit: autoDraw = False
330.4137 	EXP 	ResponseBox: text = 'default text'
330.4137 	EXP 	MSTQuestion: autoDraw = True
330.6050 	DATA 	Mouse:  Left button up, pos=(1112,182)
332.5712 	EXP 	New trial (rep=0, index=51): OrderedDict([('SoundFiles2', 'Initial/Doubled/Piano_A.wav')])
332.5763 	DATA 	Keypress: 1
332.5824 	EXP 	MSTQuestion: autoDraw = False
332.5824 	EXP 	no3: autoDraw = True
332.5824 	EXP 	ResponseBox: text = 'de1fault text'
333.5967 	EXP 	no3: autoDraw = False
333.5967 	EXP 	no2: autoDraw = True
334.5966 	EXP 	no2: autoDraw = False
334.5966 	EXP 	no1: autoDraw = True
335.6180 	EXP 	no1: autoDraw = False
335.6180 	EXP 	ResponseBox: text = '\n\n'
335.6180 	EXP 	ItemNo: text = '52/60'
335.6180 	EXP 	Question: autoDraw = True
335.6180 	EXP 	ResponseBox: autoDraw = True
335.6180 	EXP 	ClickTheButton: autoDraw = True
335.6180 	EXP 	ItemNo: autoDraw = True
335.6180 	EXP 	Submit: autoDraw = True
337.3046 	DATA 	Mouse: Left button down, pos=(1112,182)
337.3315 	EXP 	Question: autoDraw = False
337.3315 	EXP 	ResponseBox: autoDraw = False
337.3315 	EXP 	ClickTheButton: autoDraw = False
337.3315 	EXP 	ItemNo: autoDraw = False
337.3315 	EXP 	Submit: autoDraw = False
337.3315 	EXP 	ResponseBox: text = 'default text'
337.3315 	EXP 	MSTQuestion: autoDraw = True
337.5360 	DATA 	Mouse:  Left button up, pos=(1112,182)
338.5053 	DATA 	Keypress: 1
338.5141 	EXP 	ResponseBox: text = 'de1fault text'
338.5208 	EXP 	New trial (rep=0, index=52): OrderedDict([('SoundFiles2', 'Initial/Doubled/Siren_A.wav')])
338.5300 	EXP 	MSTQuestion: autoDraw = False
338.5300 	EXP 	no3: autoDraw = True
339.5299 	EXP 	no3: autoDraw = False
339.5299 	EXP 	no3: autoDraw = False
339.5299 	EXP 	no2: autoDraw = True
340.5299 	EXP 	no2: autoDraw = False
340.5299 	EXP 	no2: autoDraw = False
340.5299 	EXP 	no1: autoDraw = True
341.5524 	EXP 	no1: autoDraw = False
341.5524 	EXP 	no1: autoDraw = False
341.5524 	EXP 	ResponseBox: text = '\n\n'
341.5524 	EXP 	ItemNo: text = '53/60'
341.5524 	EXP 	Question: autoDraw = True
341.5524 	EXP 	ResponseBox: autoDraw = True
341.5524 	EXP 	ClickTheButton: autoDraw = True
341.5524 	EXP 	ItemNo: autoDraw = True
341.5524 	EXP 	Submit: autoDraw = True
342.9709 	DATA 	Mouse: Left button down, pos=(1112,182)
342.9913 	EXP 	Question: autoDraw = False
342.9913 	EXP 	ResponseBox: autoDraw = False
342.9913 	EXP 	ClickTheButton: autoDraw = False
342.9913 	EXP 	ItemNo: autoDraw = False
342.9913 	EXP 	Submit: autoDraw = False
342.9913 	EXP 	ResponseBox: text = 'default text'
342.9913 	EXP 	MSTQuestion: autoDraw = True
343.1921 	DATA 	Mouse:  Left button up, pos=(1112,182)
343.9869 	EXP 	New trial (rep=0, index=53): OrderedDict([('SoundFiles2', 'Initial/NoRepeat/Baby_B.wav')])
343.9922 	DATA 	Keypress: 2
343.9992 	EXP 	MSTQuestion: autoDraw = False
343.9992 	EXP 	no3: autoDraw = True
343.9992 	EXP 	ResponseBox: text = 'de2fault text'
345.0129 	EXP 	no3: autoDraw = False
345.0129 	EXP 	no2: autoDraw = True
346.0130 	EXP 	no2: autoDraw = False
346.0130 	EXP 	no1: autoDraw = True
347.0379 	EXP 	no1: autoDraw = False
347.0379 	EXP 	ResponseBox: text = '\n\n'
347.0379 	EXP 	ItemNo: text = '54/60'
347.0379 	EXP 	Question: autoDraw = True
347.0379 	EXP 	ResponseBox: autoDraw = True
347.0379 	EXP 	ClickTheButton: autoDraw = True
347.0379 	EXP 	ItemNo: autoDraw = True
347.0379 	EXP 	Submit: autoDraw = True
348.9212 	DATA 	Mouse: Left button down, pos=(1118,199)
348.9519 	EXP 	Question: autoDraw = False
348.9519 	EXP 	ResponseBox: autoDraw = False
348.9519 	EXP 	ClickTheButton: autoDraw = False
348.9519 	EXP 	ItemNo: autoDraw = False
348.9519 	EXP 	Submit: autoDraw = False
348.9519 	EXP 	ResponseBox: text = 'default text'
348.9519 	EXP 	MSTQuestion: autoDraw = True
349.1374 	DATA 	Mouse:  Left button up, pos=(1118,199)
349.5038 	EXP 	New trial (rep=0, index=54): OrderedDict([('SoundFiles2', 'Initial/NoRepeat/Footsteps_B.wav')])
349.5086 	DATA 	Keypress: 1
349.5145 	EXP 	MSTQuestion: autoDraw = False
349.5145 	EXP 	no3: autoDraw = True
349.5145 	EXP 	ResponseBox: text = 'de1fault text'
350.5299 	EXP 	no3: autoDraw = False
350.5299 	EXP 	no2: autoDraw = True
351.5299 	EXP 	no2: autoDraw = False
351.5299 	EXP 	no1: autoDraw = True
352.5473 	EXP 	no1: autoDraw = False
352.5473 	EXP 	ResponseBox: text = '\n\n'
352.5473 	EXP 	ItemNo: text = '55/60'
352.5473 	EXP 	Question: autoDraw = True
352.5473 	EXP 	ResponseBox: autoDraw = True
352.5473 	EXP 	ClickTheButton: autoDraw = True
352.5473 	EXP 	ItemNo: autoDraw = True
352.5473 	EXP 	Submit: autoDraw = True
357.2540 	DATA 	Mouse: Left button down, pos=(1118,199)
357.2825 	EXP 	Question: autoDraw = False
357.2825 	EXP 	ResponseBox: autoDraw = False
357.2825 	EXP 	ClickTheButton: autoDraw = False
357.2825 	EXP 	ItemNo: autoDraw = False
357.2825 	EXP 	Submit: autoDraw = False
357.2825 	EXP 	ResponseBox: text = 'default text'
357.2825 	EXP 	MSTQuestion: autoDraw = True
357.4709 	DATA 	Mouse:  Left button up, pos=(1118,199)
358.1208 	EXP 	New trial (rep=0, index=55): OrderedDict([('SoundFiles2', 'Test/Foils/Bird.wav')])
358.1246 	DATA 	Keypress: 2
358.1312 	EXP 	MSTQuestion: autoDraw = False
358.1312 	EXP 	no3: autoDraw = True
358.1312 	EXP 	ResponseBox: text = 'de2fault text'
359.1464 	EXP 	no3: autoDraw = False
359.1464 	EXP 	no2: autoDraw = True
360.1463 	EXP 	no2: autoDraw = False
360.1463 	EXP 	no1: autoDraw = True
361.1635 	EXP 	no1: autoDraw = False
361.1635 	EXP 	ResponseBox: text = '\n\n'
361.1635 	EXP 	ItemNo: text = '56/60'
361.1635 	EXP 	Question: autoDraw = True
361.1635 	EXP 	ResponseBox: autoDraw = True
361.1635 	EXP 	ClickTheButton: autoDraw = True
361.1635 	EXP 	ItemNo: autoDraw = True
361.1635 	EXP 	Submit: autoDraw = True
362.7022 	DATA 	Mouse: Left button down, pos=(1118,199)
362.7348 	EXP 	Question: autoDraw = False
362.7348 	EXP 	ResponseBox: autoDraw = False
362.7348 	EXP 	ClickTheButton: autoDraw = False
362.7348 	EXP 	ItemNo: autoDraw = False
362.7348 	EXP 	Submit: autoDraw = False
362.7348 	EXP 	ResponseBox: text = 'default text'
362.7348 	EXP 	MSTQuestion: autoDraw = True
362.9207 	DATA 	Mouse:  Left button up, pos=(1118,199)
363.3371 	DATA 	Keypress: 1
363.3471 	EXP 	ResponseBox: text = 'de1fault text'
363.3543 	EXP 	New trial (rep=0, index=56): OrderedDict([('SoundFiles2', 'Initial/Doubled/CarStart_A.wav')])
363.3630 	EXP 	MSTQuestion: autoDraw = False
363.3630 	EXP 	no3: autoDraw = True
364.3631 	EXP 	no3: autoDraw = False
364.3631 	EXP 	no3: autoDraw = False
364.3631 	EXP 	no2: autoDraw = True
365.3782 	EXP 	no2: autoDraw = False
365.3782 	EXP 	no1: autoDraw = True
366.3964 	EXP 	no1: autoDraw = False
366.3964 	EXP 	ResponseBox: text = '\n\n'
366.3964 	EXP 	ItemNo: text = '57/60'
366.3964 	EXP 	Question: autoDraw = True
366.3964 	EXP 	ResponseBox: autoDraw = True
366.3964 	EXP 	ClickTheButton: autoDraw = True
366.3964 	EXP 	ItemNo: autoDraw = True
366.3964 	EXP 	Submit: autoDraw = True
368.1302 	DATA 	Mouse: Left button down, pos=(1118,199)
368.1484 	EXP 	Question: autoDraw = False
368.1484 	EXP 	ResponseBox: autoDraw = False
368.1484 	EXP 	ClickTheButton: autoDraw = False
368.1484 	EXP 	ItemNo: autoDraw = False
368.1484 	EXP 	Submit: autoDraw = False
368.1484 	EXP 	ResponseBox: text = 'default text'
368.1484 	EXP 	MSTQuestion: autoDraw = True
368.3691 	DATA 	Mouse:  Left button up, pos=(1118,199)
369.2859 	EXP 	New trial (rep=0, index=57): OrderedDict([('SoundFiles2', 'Initial/Doubled/Dog_A.wav')])
369.2913 	DATA 	Keypress: 1
369.2964 	EXP 	MSTQuestion: autoDraw = False
369.2964 	EXP 	no3: autoDraw = True
369.2964 	EXP 	ResponseBox: text = 'de1fault text'
370.2957 	EXP 	no3: autoDraw = False
370.2957 	EXP 	no3: autoDraw = False
370.2957 	EXP 	no2: autoDraw = True
371.2959 	EXP 	no2: autoDraw = False
371.2959 	EXP 	no2: autoDraw = False
371.2959 	EXP 	no1: autoDraw = True
372.3200 	EXP 	no1: autoDraw = False
372.3200 	EXP 	no1: autoDraw = False
372.3200 	EXP 	ResponseBox: text = '\n\n'
372.3200 	EXP 	ItemNo: text = '58/60'
372.3200 	EXP 	Question: autoDraw = True
372.3200 	EXP 	ResponseBox: autoDraw = True
372.3200 	EXP 	ClickTheButton: autoDraw = True
372.3200 	EXP 	ItemNo: autoDraw = True
372.3200 	EXP 	Submit: autoDraw = True
374.2718 	DATA 	Mouse: Left button down, pos=(1118,199)
374.3075 	EXP 	Question: autoDraw = False
374.3075 	EXP 	ResponseBox: autoDraw = False
374.3075 	EXP 	ClickTheButton: autoDraw = False
374.3075 	EXP 	ItemNo: autoDraw = False
374.3075 	EXP 	Submit: autoDraw = False
374.3075 	EXP 	ResponseBox: text = 'default text'
374.3075 	EXP 	MSTQuestion: autoDraw = True
374.4871 	DATA 	Mouse:  Left button up, pos=(1118,199)
374.9889 	DATA 	Keypress: 1
374.9970 	EXP 	ResponseBox: text = 'de1fault text'
375.0038 	EXP 	New trial (rep=0, index=58): OrderedDict([('SoundFiles2', 'Initial/Doubled/Chomp_A.wav')])
375.0129 	EXP 	MSTQuestion: autoDraw = False
375.0129 	EXP 	no3: autoDraw = True
376.0130 	EXP 	no3: autoDraw = False
376.0130 	EXP 	no3: autoDraw = False
376.0130 	EXP 	no2: autoDraw = True
377.0130 	EXP 	no2: autoDraw = False
377.0130 	EXP 	no2: autoDraw = False
377.0130 	EXP 	no1: autoDraw = True
378.0341 	EXP 	no1: autoDraw = False
378.0341 	EXP 	no1: autoDraw = False
378.0341 	EXP 	ResponseBox: text = '\n\n'
378.0341 	EXP 	ItemNo: text = '59/60'
378.0341 	EXP 	Question: autoDraw = True
378.0341 	EXP 	ResponseBox: autoDraw = True
378.0341 	EXP 	ClickTheButton: autoDraw = True
378.0341 	EXP 	ItemNo: autoDraw = True
378.0341 	EXP 	Submit: autoDraw = True
379.7739 	DATA 	Mouse: Left button down, pos=(1118,199)
379.8007 	EXP 	Question: autoDraw = False
379.8007 	EXP 	ResponseBox: autoDraw = False
379.8007 	EXP 	ClickTheButton: autoDraw = False
379.8007 	EXP 	ItemNo: autoDraw = False
379.8007 	EXP 	Submit: autoDraw = False
379.8007 	EXP 	ResponseBox: text = 'default text'
379.8007 	EXP 	MSTQuestion: autoDraw = True
380.0030 	DATA 	Mouse:  Left button up, pos=(1118,199)
387.7726 	DATA 	Keypress: 1
387.7802 	EXP 	ResponseBox: text = 'de1fault text'
387.7872 	EXP 	New trial (rep=0, index=59): OrderedDict([('SoundFiles2', 'Initial/Doubled/Cough_A.wav')])
387.7961 	EXP 	MSTQuestion: autoDraw = False
387.7961 	EXP 	no3: autoDraw = True
388.7958 	EXP 	no3: autoDraw = False
388.7958 	EXP 	no3: autoDraw = False
388.7958 	EXP 	no2: autoDraw = True
389.7957 	EXP 	no2: autoDraw = False
389.7957 	EXP 	no2: autoDraw = False
389.7957 	EXP 	no1: autoDraw = True
390.8083 	EXP 	no1: autoDraw = False
390.8083 	EXP 	no1: autoDraw = False
390.8083 	EXP 	ResponseBox: text = '\n\n'
390.8083 	EXP 	ItemNo: text = '60/60'
390.8083 	EXP 	Question: autoDraw = True
390.8083 	EXP 	ResponseBox: autoDraw = True
390.8083 	EXP 	ClickTheButton: autoDraw = True
390.8083 	EXP 	ItemNo: autoDraw = True
390.8083 	EXP 	Submit: autoDraw = True
391.7842 	DATA 	Mouse: Left button down, pos=(1118,199)
392.0907 	EXP 	window1: mouseVisible = True
