1.1403 	WARNING 	We strongly recommend you activate the PTB sound engine in PsychoPy prefs as the preferred audio engine. Its timing is vastly superior. Your prefs are currently set to use ['sounddevice', 'PTB', 'pyo', 'pygame'] (in that order).
5.5778 	WARNING 	User requested fullscreen with size [1024  768], but screen is actually [2256, 1504]. Using actual size
7.3831 	EXP 	Created window1 = Window(allowGUI=False, allowStencil=False, args=UNKNOWN, autoLog=True, bitsMode=UNKNOWN, blendMode='avg', bpc=(8, 8, 8), color=array([0., 0., 0.]), colorSpace='rgb', depthBits=8, fullscr=<method-wrapper '__getattribute__' of attributeSetter object at 0x0000027E83372278>, gamma=None, gammaErrorPolicy='raise', kwargs=UNKNOWN, lms=UNKNOWN, monitor=<psychopy.monitors.calibTools.Monitor object at 0x0000027E8317A978>, multiSample=False, name='window1', numSamples=2, pos=[0.0, 0.0], screen=0, size=array([2256, 1504]), stencilBits=0, stereo=False, units='height', useFBO=True, useRetina=False, viewOri=0.0, viewPos=None, viewScale=None, waitBlanking=True, winType='pyglet')
7.3838 	EXP 	window1: mouseVisible = True
7.3839 	EXP 	window1: recordFrameIntervals = False
7.5489 	EXP 	window1: recordFrameIntervals = True
7.7321 	EXP 	window1: recordFrameIntervals = False
8.0256 	EXP 	Created InstructionTxt = TextStim(__class__=<class 'psychopy.visual.text.TextStim'>, alignHoriz=method-wrapper(...), alignText='center', alignVert=method-wrapper(...), anchorHoriz='center', anchorVert='center', antialias=True, autoLog=True, bold=False, color='white', colorSpace='named', contrast=1.0, depth=0.0, flipHoriz=False, flipVert=False, font='Arial', fontFiles=[], height=0.04, italic=False, languageStyle='LTR', name='InstructionTxt', opacity=1.0, ori=0, pos=array([0., 0.]), rgb=array([255., 255., 255.]), text=str(...), units='height', win=Window(...), wrapWidth=1)
8.0367 	EXP 	Created text = TextStim(__class__=<class 'psychopy.visual.text.TextStim'>, alignHoriz=method-wrapper(...), alignText='center', alignVert=method-wrapper(...), anchorHoriz='center', anchorVert='center', antialias=True, autoLog=True, bold=False, color='white', colorSpace='named', contrast=1.0, depth=0.0, flipHoriz=False, flipVert=False, font='Arial', fontFiles=[], height=0.04, italic=False, languageStyle='LTR', name='text', opacity=1.0, ori=0, pos=array([0., 0.]), rgb=array([255., 255., 255.]), text=str(...), units='height', win=Window(...), wrapWidth=1)
8.2420 	EXP 	Sound Music set volume 0.300
8.2472 	EXP 	Created StartTxt = TextStim(__class__=<class 'psychopy.visual.text.TextStim'>, alignHoriz=method-wrapper(...), alignText='center', alignVert=method-wrapper(...), anchorHoriz='center', anchorVert='center', antialias=True, autoLog=True, bold=False, color='white', colorSpace='named', contrast=1.0, depth=0.0, flipHoriz=False, flipVert=False, font='Arial', fontFiles=[], height=0.04, italic=False, languageStyle='LTR', name='StartTxt', opacity=1.0, ori=0, pos=array([0., 0.]), rgb=array([255., 255., 255.]), text='We will now begin the task', units='height', win=Window(...), wrapWidth=1)
8.2576 	EXP 	Created no3 = TextStim(__class__=<class 'psychopy.visual.text.TextStim'>, alignHoriz=method-wrapper(...), alignText='center', alignVert=method-wrapper(...), anchorHoriz='center', anchorVert='center', antialias=True, autoLog=True, bold=False, color='white', colorSpace='named', contrast=1.0, depth=0.0, flipHoriz=False, flipVert=False, font='Arial', fontFiles=[], height=0.05, italic=False, languageStyle='LTR', name='no3', opacity=1.0, ori=0, pos=array([0., 0.]), rgb=array([255., 255., 255.]), text='3', units='height', win=Window(...), wrapWidth=1)
8.2615 	EXP 	Created no2 = TextStim(__class__=<class 'psychopy.visual.text.TextStim'>, alignHoriz=method-wrapper(...), alignText='center', alignVert=method-wrapper(...), anchorHoriz='center', anchorVert='center', antialias=True, autoLog=True, bold=False, color='white', colorSpace='named', contrast=1.0, depth=0.0, flipHoriz=False, flipVert=False, font='Arial', fontFiles=[], height=0.05, italic=False, languageStyle='LTR', name='no2', opacity=1.0, ori=0, pos=array([0., 0.]), rgb=array([255., 255., 255.]), text='2', units='height', win=Window(...), wrapWidth=1)
8.2660 	EXP 	Created no1 = TextStim(__class__=<class 'psychopy.visual.text.TextStim'>, alignHoriz=method-wrapper(...), alignText='center', alignVert=method-wrapper(...), anchorHoriz='center', anchorVert='center', antialias=True, autoLog=True, bold=False, color='white', colorSpace='named', contrast=1.0, depth=0.0, flipHoriz=False, flipVert=False, font='Arial', fontFiles=[], height=0.05, italic=False, languageStyle='LTR', name='no1', opacity=1.0, ori=0, pos=array([0., 0.]), rgb=array([255., 255., 255.]), text='1', units='height', win=Window(...), wrapWidth=1)
8.2726 	EXP 	Created Question = TextStim(__class__=<class 'psychopy.visual.text.TextStim'>, alignHoriz=method-wrapper(...), alignText='center', alignVert=method-wrapper(...), anchorHoriz='center', anchorVert='center', antialias=True, autoLog=True, bold=False, color='white', colorSpace='named', contrast=1.0, depth=0.0, flipHoriz=False, flipVert=False, font='Arial', fontFiles=[], height=0.04, italic=False, languageStyle='LTR', name='Question', opacity=1.0, ori=0, pos=array([0., 0.]), rgb=array([255., 255., 255.]), text='What is this sound?\n', units='height', win=Window(...), wrapWidth=1)
8.3417 	EXP 	window1: mouseVisible = True
8.4137 	EXP 	Created ClickTheButton = TextStim(__class__=<class 'psychopy.visual.text.TextStim'>, alignHoriz=method-wrapper(...), alignText='center', alignVert=method-wrapper(...), anchorHoriz='center', anchorVert='center', antialias=True, autoLog=True, bold=False, color='white', colorSpace='named', contrast=1.0, depth=-5.0, flipHoriz=False, flipVert=False, font='Arial', fontFiles=[], height=0.025, italic=False, languageStyle='LTR', name='ClickTheButton', opacity=1.0, ori=0, pos=array([ 0.  , -0.03]), rgb=array([255., 255., 255.]), text="Click 'Submit' to begin the next trial.", units='height', win=Window(...), wrapWidth=1)
8.4138 	EXP 	Sound SoundItem set volume 1.000
8.4220 	EXP 	Created ItemNo = TextStim(__class__=<class 'psychopy.visual.text.TextStim'>, alignHoriz=method-wrapper(...), alignText='center', alignVert=method-wrapper(...), anchorHoriz='center', anchorVert='center', antialias=True, autoLog=True, bold=False, color='white', colorSpace='named', contrast=1.0, depth=-7.0, flipHoriz=False, flipVert=False, font='Arial', fontFiles=[], height=0.04, italic=False, languageStyle='LTR', name='ItemNo', opacity=1.0, ori=0, pos=array([0.  , 0.45]), rgb=array([255., 255., 255.]), text='default text', units='height', win=Window(...), wrapWidth=1)
8.4385 	EXP 	Created ThankyouMssg = TextStim(__class__=<class 'psychopy.visual.text.TextStim'>, alignHoriz=method-wrapper(...), alignText='center', alignVert=method-wrapper(...), anchorHoriz='center', anchorVert='center', antialias=True, autoLog=True, bold=False, color='white', colorSpace='named', contrast=1.0, depth=0.0, flipHoriz=False, flipVert=False, font='Arial', fontFiles=[], height=0.04, italic=False, languageStyle='LTR', name='ThankyouMssg', opacity=1.0, ori=0, pos=array([0., 0.]), rgb=array([255., 255., 255.]), text=str(...), units='height', win=Window(...), wrapWidth=1)
8.4707 	EXP 	ResponseBox: autoLog = True
8.4707 	EXP 	Submit: autoLog = True
8.4707 	EXP 	InstructionTxt: autoDraw = True
10.0747 	DATA 	Keypress: space
10.0830 	EXP 	ResponseBox: text = 'default text '
10.1538 	EXP 	InstructionTxt: autoDraw = False
10.1538 	EXP 	text: autoDraw = True
11.4606 	DATA 	Keypress: space
11.4666 	EXP 	text: autoDraw = False
11.4666 	EXP 	StartTxt: autoDraw = True
11.4666 	EXP 	ResponseBox: text = 'default text  '
13.5600 	EXP 	Imported GuessSounds_conditions.xlsx as conditions, 100 conditions, 2 params
13.5606 	EXP 	Created sequence: random, trialTypes=100, nReps=1, seed=None
13.5610 	EXP 	New trial (rep=0, index=0): OrderedDict([('SoundFiles', 'Initial/Repeat/Cicade.wav'), ('Type', 'Repeat')])
13.5679 	EXP 	StartTxt: autoDraw = False
13.5679 	EXP 	no3: autoDraw = True
14.4816 	EXP 	no3: autoDraw = False
14.4816 	EXP 	no2: autoDraw = True
15.4817 	EXP 	no2: autoDraw = False
15.4817 	EXP 	no1: autoDraw = True
16.5209 	EXP 	no1: autoDraw = False
16.5209 	EXP 	ResponseBox: text = '\n\n'
16.5209 	EXP 	ItemNo: text = '1/60'
16.5209 	EXP 	Question: autoDraw = True
16.5209 	EXP 	ResponseBox: autoDraw = True
16.5209 	EXP 	Submit: autoDraw = True
16.5209 	EXP 	ClickTheButton: autoDraw = True
16.5209 	EXP 	ItemNo: autoDraw = True
18.3865 	DATA 	Mouse: Left button down, pos=(99,850)
18.4143 	EXP 	New trial (rep=0, index=1): OrderedDict([('SoundFiles', 'Initial/Repeat/Sneeze_B.wav'), ('Type', 'Repeat')])
18.4238 	EXP 	Question: autoDraw = False
18.4238 	EXP 	ResponseBox: autoDraw = False
18.4238 	EXP 	Submit: autoDraw = False
18.4238 	EXP 	ClickTheButton: autoDraw = False
18.4238 	EXP 	ItemNo: autoDraw = False
18.4238 	EXP 	ResponseBox: text = 'default text'
18.4238 	EXP 	no3: autoDraw = True
18.6218 	DATA 	Mouse:  Left button up, pos=(99,850)
19.4314 	EXP 	no3: autoDraw = False
19.4314 	EXP 	no2: autoDraw = True
20.4314 	EXP 	no2: autoDraw = False
20.4314 	EXP 	no1: autoDraw = True
21.4843 	EXP 	no1: autoDraw = False
21.4843 	EXP 	ResponseBox: text = '\n\n'
21.4843 	EXP 	ItemNo: text = '2/60'
21.4843 	EXP 	Question: autoDraw = True
21.4843 	EXP 	ResponseBox: autoDraw = True
21.4843 	EXP 	Submit: autoDraw = True
21.4843 	EXP 	ClickTheButton: autoDraw = True
21.4843 	EXP 	ItemNo: autoDraw = True
23.0158 	DATA 	Mouse: Left button down, pos=(99,850)
23.0262 	EXP 	New trial (rep=0, index=2): OrderedDict([('SoundFiles', 'Initial/Repeat/Whistle_A.wav'), ('Type', 'Repeat')])
23.0350 	EXP 	Question: autoDraw = False
23.0350 	EXP 	ResponseBox: autoDraw = False
23.0350 	EXP 	Submit: autoDraw = False
23.0350 	EXP 	ClickTheButton: autoDraw = False
23.0350 	EXP 	ItemNo: autoDraw = False
23.0350 	EXP 	ResponseBox: text = 'default text'
23.0350 	EXP 	no3: autoDraw = True
23.2190 	DATA 	Mouse:  Left button up, pos=(99,850)
24.0479 	EXP 	no3: autoDraw = False
24.0479 	EXP 	no2: autoDraw = True
25.0481 	EXP 	no2: autoDraw = False
25.0481 	EXP 	no1: autoDraw = True
26.0975 	EXP 	no1: autoDraw = False
26.0975 	EXP 	ResponseBox: text = '\n\n'
26.0975 	EXP 	ItemNo: text = '3/60'
26.0975 	EXP 	Question: autoDraw = True
26.0975 	EXP 	ResponseBox: autoDraw = True
26.0975 	EXP 	Submit: autoDraw = True
26.0975 	EXP 	ClickTheButton: autoDraw = True
26.0975 	EXP 	ItemNo: autoDraw = True
27.7366 	DATA 	Mouse: Left button down, pos=(99,850)
27.7565 	EXP 	Question: autoDraw = False
27.7565 	EXP 	ResponseBox: autoDraw = False
27.7565 	EXP 	Submit: autoDraw = False
27.7565 	EXP 	ClickTheButton: autoDraw = False
27.7565 	EXP 	ItemNo: autoDraw = False
27.7565 	EXP 	ResponseBox: text = 'default text'
27.7565 	EXP 	ThankyouMssg: autoDraw = True
27.9529 	DATA 	Mouse:  Left button up, pos=(99,850)
30.7493 	DATA 	Keypress: escape
30.7647 	EXP 	ThankyouMssg: autoDraw = False
30.9568 	EXP 	window1: mouseVisible = True
