1.2207 	WARNING 	We strongly recommend you activate the PTB sound engine in PsychoPy prefs as the preferred audio engine. Its timing is vastly superior. Your prefs are currently set to use ['sounddevice', 'PTB', 'pyo', 'pygame'] (in that order).
5.9795 	WARNING 	User requested fullscreen with size [1024  768], but screen is actually [2256, 1504]. Using actual size
7.8942 	EXP 	Created window1 = Window(allowGUI=False, allowStencil=False, args=UNKNOWN, autoLog=True, bitsMode=UNKNOWN, blendMode='avg', bpc=(8, 8, 8), color=array([0., 0., 0.]), colorSpace='rgb', depthBits=8, fullscr=<method-wrapper '__getattribute__' of attributeSetter object at 0x0000012EFAA622B0>, gamma=None, gammaErrorPolicy='raise', kwargs=UNKNOWN, lms=UNKNOWN, monitor=<psychopy.monitors.calibTools.Monitor object at 0x0000012EFA86A9B0>, multiSample=False, name='window1', numSamples=2, pos=[0.0, 0.0], screen=0, size=array([2256, 1504]), stencilBits=0, stereo=False, units='height', useFBO=True, useRetina=False, viewOri=0.0, viewPos=None, viewScale=None, waitBlanking=True, winType='pyglet')
7.8945 	EXP 	window1: mouseVisible = True
7.8945 	EXP 	window1: recordFrameIntervals = False
8.0603 	EXP 	window1: recordFrameIntervals = True
8.2441 	EXP 	window1: recordFrameIntervals = False
8.5719 	EXP 	Created InstructionTxt = TextStim(__class__=<class 'psychopy.visual.text.TextStim'>, alignHoriz=method-wrapper(...), alignText='center', alignVert=method-wrapper(...), anchorHoriz='center', anchorVert='center', antialias=True, autoLog=True, bold=False, color='white', colorSpace='named', contrast=1.0, depth=0.0, flipHoriz=False, flipVert=False, font='Arial', fontFiles=[], height=0.04, italic=False, languageStyle='LTR', name='InstructionTxt', opacity=1.0, ori=0, pos=array([0., 0.]), rgb=array([255., 255., 255.]), text=str(...), units='height', win=Window(...), wrapWidth=1)
8.5840 	EXP 	Created text = TextStim(__class__=<class 'psychopy.visual.text.TextStim'>, alignHoriz=method-wrapper(...), alignText='center', alignVert=method-wrapper(...), anchorHoriz='center', anchorVert='center', antialias=True, autoLog=True, bold=False, color='white', colorSpace='named', contrast=1.0, depth=0.0, flipHoriz=False, flipVert=False, font='Arial', fontFiles=[], height=0.04, italic=False, languageStyle='LTR', name='text', opacity=1.0, ori=0, pos=array([0., 0.]), rgb=array([255., 255., 255.]), text=str(...), units='height', win=Window(...), wrapWidth=1)
8.7949 	EXP 	Sound Music set volume 0.300
8.8002 	EXP 	Created StartTxt = TextStim(__class__=<class 'psychopy.visual.text.TextStim'>, alignHoriz=method-wrapper(...), alignText='center', alignVert=method-wrapper(...), anchorHoriz='center', anchorVert='center', antialias=True, autoLog=True, bold=False, color='white', colorSpace='named', contrast=1.0, depth=0.0, flipHoriz=False, flipVert=False, font='Arial', fontFiles=[], height=0.04, italic=False, languageStyle='LTR', name='StartTxt', opacity=1.0, ori=0, pos=array([0., 0.]), rgb=array([255., 255., 255.]), text='We will now begin the task', units='height', win=Window(...), wrapWidth=1)
8.8098 	EXP 	Created no3 = TextStim(__class__=<class 'psychopy.visual.text.TextStim'>, alignHoriz=method-wrapper(...), alignText='center', alignVert=method-wrapper(...), anchorHoriz='center', anchorVert='center', antialias=True, autoLog=True, bold=False, color='white', colorSpace='named', contrast=1.0, depth=0.0, flipHoriz=False, flipVert=False, font='Arial', fontFiles=[], height=0.05, italic=False, languageStyle='LTR', name='no3', opacity=1.0, ori=0, pos=array([0., 0.]), rgb=array([255., 255., 255.]), text='3', units='height', win=Window(...), wrapWidth=1)
8.8141 	EXP 	Created no2 = TextStim(__class__=<class 'psychopy.visual.text.TextStim'>, alignHoriz=method-wrapper(...), alignText='center', alignVert=method-wrapper(...), anchorHoriz='center', anchorVert='center', antialias=True, autoLog=True, bold=False, color='white', colorSpace='named', contrast=1.0, depth=0.0, flipHoriz=False, flipVert=False, font='Arial', fontFiles=[], height=0.05, italic=False, languageStyle='LTR', name='no2', opacity=1.0, ori=0, pos=array([0., 0.]), rgb=array([255., 255., 255.]), text='2', units='height', win=Window(...), wrapWidth=1)
8.8184 	EXP 	Created no1 = TextStim(__class__=<class 'psychopy.visual.text.TextStim'>, alignHoriz=method-wrapper(...), alignText='center', alignVert=method-wrapper(...), anchorHoriz='center', anchorVert='center', antialias=True, autoLog=True, bold=False, color='white', colorSpace='named', contrast=1.0, depth=0.0, flipHoriz=False, flipVert=False, font='Arial', fontFiles=[], height=0.05, italic=False, languageStyle='LTR', name='no1', opacity=1.0, ori=0, pos=array([0., 0.]), rgb=array([255., 255., 255.]), text='1', units='height', win=Window(...), wrapWidth=1)
8.8246 	EXP 	Created Question = TextStim(__class__=<class 'psychopy.visual.text.TextStim'>, alignHoriz=method-wrapper(...), alignText='center', alignVert=method-wrapper(...), anchorHoriz='center', anchorVert='center', antialias=True, autoLog=True, bold=False, color='white', colorSpace='named', contrast=1.0, depth=0.0, flipHoriz=False, flipVert=False, font='Arial', fontFiles=[], height=0.04, italic=False, languageStyle='LTR', name='Question', opacity=1.0, ori=0, pos=array([0., 0.]), rgb=array([255., 255., 255.]), text='What is this sound?\n', units='height', win=Window(...), wrapWidth=1)
8.8740 	EXP 	window1: mouseVisible = True
8.9539 	EXP 	Created ClickTheButton = TextStim(__class__=<class 'psychopy.visual.text.TextStim'>, alignHoriz=method-wrapper(...), alignText='center', alignVert=method-wrapper(...), anchorHoriz='center', anchorVert='center', antialias=True, autoLog=True, bold=False, color='white', colorSpace='named', contrast=1.0, depth=-5.0, flipHoriz=False, flipVert=False, font='Arial', fontFiles=[], height=0.025, italic=False, languageStyle='LTR', name='ClickTheButton', opacity=1.0, ori=0, pos=array([ 0.  , -0.03]), rgb=array([255., 255., 255.]), text="Click 'Submit' to begin the next trial.", units='height', win=Window(...), wrapWidth=1)
8.9540 	EXP 	Sound SoundItem set volume 1.000
8.9631 	EXP 	Created ItemNo = TextStim(__class__=<class 'psychopy.visual.text.TextStim'>, alignHoriz=method-wrapper(...), alignText='center', alignVert=method-wrapper(...), anchorHoriz='center', anchorVert='center', antialias=True, autoLog=True, bold=False, color='white', colorSpace='named', contrast=1.0, depth=-7.0, flipHoriz=False, flipVert=False, font='Arial', fontFiles=[], height=0.04, italic=False, languageStyle='LTR', name='ItemNo', opacity=1.0, ori=0, pos=array([0.  , 0.45]), rgb=array([255., 255., 255.]), text='default text', units='height', win=Window(...), wrapWidth=1)
8.9786 	EXP 	Created ThankyouMssg = TextStim(__class__=<class 'psychopy.visual.text.TextStim'>, alignHoriz=method-wrapper(...), alignText='center', alignVert=method-wrapper(...), anchorHoriz='center', anchorVert='center', antialias=True, autoLog=True, bold=False, color='white', colorSpace='named', contrast=1.0, depth=0.0, flipHoriz=False, flipVert=False, font='Arial', fontFiles=[], height=0.04, italic=False, languageStyle='LTR', name='ThankyouMssg', opacity=1.0, ori=0, pos=array([0., 0.]), rgb=array([255., 255., 255.]), text=str(...), units='height', win=Window(...), wrapWidth=1)
9.0118 	EXP 	ResponseBox: autoLog = True
9.0118 	EXP 	Submit: autoLog = True
9.0118 	EXP 	InstructionTxt: autoDraw = True
9.9430 	DATA 	Keypress: space
9.9477 	EXP 	InstructionTxt: autoDraw = False
9.9477 	EXP 	text: autoDraw = True
9.9477 	EXP 	ResponseBox: text = 'default text '
10.3150 	DATA 	Keypress: space
10.3272 	EXP 	ResponseBox: text = 'default text  '
10.3435 	EXP 	text: autoDraw = False
10.3435 	EXP 	StartTxt: autoDraw = True
12.4340 	EXP 	Imported GuessSounds_conditions.xlsx as conditions, 60 conditions, 2 params
12.4347 	EXP 	Created sequence: random, trialTypes=60, nReps=1, seed=None
12.4350 	EXP 	New trial (rep=0, index=0): OrderedDict([('SoundFiles', 'Test/Foils/Kettle.wav'), ('Type', 'New')])
12.4417 	EXP 	StartTxt: autoDraw = False
12.4417 	EXP 	StartTxt: autoDraw = False
12.4417 	EXP 	no3: autoDraw = True
13.3603 	EXP 	no3: autoDraw = False
13.3603 	EXP 	no2: autoDraw = True
14.3602 	EXP 	no2: autoDraw = False
14.3602 	EXP 	no1: autoDraw = True
15.3808 	EXP 	no1: autoDraw = False
15.3808 	EXP 	ResponseBox: text = '\n\n'
15.3808 	EXP 	ItemNo: text = '1/60'
15.3808 	EXP 	Question: autoDraw = True
15.3808 	EXP 	ResponseBox: autoDraw = True
15.3808 	EXP 	Submit: autoDraw = True
15.3808 	EXP 	ClickTheButton: autoDraw = True
15.3808 	EXP 	ItemNo: autoDraw = True
18.9486 	DATA 	Mouse: Left button down, pos=(573,167)
18.9543 	EXP 	New trial (rep=0, index=1): OrderedDict([('SoundFiles', 'Initial/Doubled/Siren_A.wav'), ('Type', 'Doubled')])
18.9609 	EXP 	Question: autoDraw = False
18.9609 	EXP 	ResponseBox: autoDraw = False
18.9609 	EXP 	Submit: autoDraw = False
18.9609 	EXP 	ClickTheButton: autoDraw = False
18.9609 	EXP 	ItemNo: autoDraw = False
18.9609 	EXP 	ResponseBox: text = 'default text'
18.9609 	EXP 	no3: autoDraw = True
19.1626 	DATA 	Mouse:  Left button up, pos=(573,167)
19.9602 	EXP 	no3: autoDraw = False
19.9602 	EXP 	no3: autoDraw = False
19.9602 	EXP 	no2: autoDraw = True
20.9601 	EXP 	no2: autoDraw = False
20.9601 	EXP 	no2: autoDraw = False
20.9601 	EXP 	no1: autoDraw = True
21.9632 	EXP 	no1: autoDraw = False
21.9632 	EXP 	no1: autoDraw = False
21.9632 	EXP 	ResponseBox: text = '\n\n'
21.9632 	EXP 	ItemNo: text = '2/60'
21.9632 	EXP 	Question: autoDraw = True
21.9632 	EXP 	ResponseBox: autoDraw = True
21.9632 	EXP 	Submit: autoDraw = True
21.9632 	EXP 	ClickTheButton: autoDraw = True
21.9632 	EXP 	ItemNo: autoDraw = True
23.3800 	DATA 	Keypress: escape
23.7381 	EXP 	window1: mouseVisible = True
