1.2376 	WARNING 	We strongly recommend you activate the PTB sound engine in PsychoPy prefs as the preferred audio engine. Its timing is vastly superior. Your prefs are currently set to use ['sounddevice', 'PTB', 'pyo', 'pygame'] (in that order).
11.0583 	WARNING 	User requested fullscreen with size [1024  768], but screen is actually [2256, 1504]. Using actual size
13.8866 	EXP 	Created window1 = Window(allowGUI=False, allowStencil=False, args=UNKNOWN, autoLog=True, bitsMode=UNKNOWN, blendMode='avg', bpc=(8, 8, 8), color=array([0., 0., 0.]), colorSpace='rgb', depthBits=8, fullscr=<method-wrapper '__getattribute__' of attributeSetter object at 0x000001CB60602EF0>, gamma=None, gammaErrorPolicy='raise', kwargs=UNKNOWN, lms=UNKNOWN, monitor=<psychopy.monitors.calibTools.Monitor object at 0x000001CB60513630>, multiSample=False, name='window1', numSamples=2, pos=[0.0, 0.0], screen=0, size=array([2256, 1504]), stencilBits=0, stereo=False, units='height', useFBO=True, useRetina=False, viewOri=0.0, viewPos=None, viewScale=None, waitBlanking=True, winType='pyglet')
13.8888 	EXP 	window1: mouseVisible = True
13.8890 	EXP 	window1: recordFrameIntervals = False
14.0260 	EXP 	window1: recordFrameIntervals = True
14.2100 	EXP 	window1: recordFrameIntervals = False
14.9188 	EXP 	Created InstructionTxt = TextStim(__class__=<class 'psychopy.visual.text.TextStim'>, alignHoriz=method-wrapper(...), alignText='center', alignVert=method-wrapper(...), anchorHoriz='center', anchorVert='center', antialias=True, autoLog=True, bold=False, color='white', colorSpace='named', contrast=1.0, depth=0.0, flipHoriz=False, flipVert=False, font='Arial', fontFiles=[], height=0.04, italic=False, languageStyle='LTR', name='InstructionTxt', opacity=1.0, ori=0, pos=array([0., 0.]), rgb=array([255., 255., 255.]), text=str(...), units='height', win=Window(...), wrapWidth=1)
14.9283 	EXP 	Created WelcomContinue = TextStim(__class__=<class 'psychopy.visual.text.TextStim'>, alignHoriz=method-wrapper(...), alignText='center', alignVert=method-wrapper(...), anchorHoriz='center', anchorVert='center', antialias=True, autoLog=True, bold=False, color='white', colorSpace='named', contrast=1.0, depth=-3.0, flipHoriz=False, flipVert=False, font='Arial', fontFiles=[], height=0.04, italic=False, languageStyle='LTR', name='WelcomContinue', opacity=1.0, ori=0, pos=array([ 0. , -0.4]), rgb=array([255., 255., 255.]), text='Press SPACE to continue', units='height', win=Window(...), wrapWidth=1)
14.9490 	EXP 	Created WelcomeTxt1 = TextStim(__class__=<class 'psychopy.visual.text.TextStim'>, alignHoriz=method-wrapper(...), alignText='center', alignVert=method-wrapper(...), anchorHoriz='center', anchorVert='center', antialias=True, autoLog=True, bold=False, color='white', colorSpace='named', contrast=1.0, depth=0.0, flipHoriz=False, flipVert=False, font='Arial', fontFiles=[], height=0.04, italic=False, languageStyle='LTR', name='WelcomeTxt1', opacity=1.0, ori=0, pos=array([0., 0.]), rgb=array([255., 255., 255.]), text=str(...), units='height', win=Window(...), wrapWidth=1)
14.9528 	EXP 	Created ContinueKey1 = TextStim(__class__=<class 'psychopy.visual.text.TextStim'>, alignHoriz=method-wrapper(...), alignText='center', alignVert=method-wrapper(...), anchorHoriz='center', anchorVert='center', antialias=True, autoLog=True, bold=False, color='white', colorSpace='named', contrast=1.0, depth=-1.0, flipHoriz=False, flipVert=False, font='Arial', fontFiles=[], height=0.04, italic=False, languageStyle='LTR', name='ContinueKey1', opacity=1.0, ori=0, pos=array([ 0. , -0.4]), rgb=array([255., 255., 255.]), text='Press SPACE to continue', units='height', win=Window(...), wrapWidth=1)
14.9694 	EXP 	Created InstructionTxt2 = TextStim(__class__=<class 'psychopy.visual.text.TextStim'>, alignHoriz=method-wrapper(...), alignText='center', alignVert=method-wrapper(...), anchorHoriz='center', anchorVert='center', antialias=True, autoLog=True, bold=False, color='white', colorSpace='named', contrast=1.0, depth=0.0, flipHoriz=False, flipVert=False, font='Arial', fontFiles=[], height=0.04, italic=False, languageStyle='LTR', name='InstructionTxt2', opacity=1.0, ori=0, pos=array([0., 0.]), rgb=array([255., 255., 255.]), text=str(...), units='height', win=Window(...), wrapWidth=1)
14.9732 	EXP 	Created WelcomeContinue2 = TextStim(__class__=<class 'psychopy.visual.text.TextStim'>, alignHoriz=method-wrapper(...), alignText='center', alignVert=method-wrapper(...), anchorHoriz='center', anchorVert='center', antialias=True, autoLog=True, bold=False, color='white', colorSpace='named', contrast=1.0, depth=-1.0, flipHoriz=False, flipVert=False, font='Arial', fontFiles=[], height=0.04, italic=False, languageStyle='LTR', name='WelcomeContinue2', opacity=1.0, ori=0, pos=array([ 0. , -0.4]), rgb=array([255., 255., 255.]), text='Press SPACE to continue', units='height', win=Window(...), wrapWidth=1)
14.9810 	EXP 	Created VolumeBeginTxt = TextStim(__class__=<class 'psychopy.visual.text.TextStim'>, alignHoriz=method-wrapper(...), alignText='center', alignVert=method-wrapper(...), anchorHoriz='center', anchorVert='center', antialias=True, autoLog=True, bold=False, color='white', colorSpace='named', contrast=1.0, depth=0.0, flipHoriz=False, flipVert=False, font='Arial', fontFiles=[], height=0.04, italic=False, languageStyle='LTR', name='VolumeBeginTxt', opacity=1.0, ori=0, pos=array([0., 0.]), rgb=array([255., 255., 255.]), text=str(...), units='height', win=Window(...), wrapWidth=1)
14.9861 	EXP 	Created VolumeContinue = TextStim(__class__=<class 'psychopy.visual.text.TextStim'>, alignHoriz=method-wrapper(...), alignText='center', alignVert=method-wrapper(...), anchorHoriz='center', anchorVert='center', antialias=True, autoLog=True, bold=False, color='white', colorSpace='named', contrast=1.0, depth=-1.0, flipHoriz=False, flipVert=False, font='Arial', fontFiles=[], height=0.04, italic=False, languageStyle='LTR', name='VolumeContinue', opacity=1.0, ori=0, pos=array([ 0. , -0.4]), rgb=array([255., 255., 255.]), text=str(...), units='height', win=Window(...), wrapWidth=1)
14.9945 	EXP 	Created text = TextStim(__class__=<class 'psychopy.visual.text.TextStim'>, alignHoriz=method-wrapper(...), alignText='center', alignVert=method-wrapper(...), anchorHoriz='center', anchorVert='center', antialias=True, autoLog=True, bold=False, color='white', colorSpace='named', contrast=1.0, depth=0.0, flipHoriz=False, flipVert=False, font='Arial', fontFiles=[], height=0.04, italic=False, languageStyle='LTR', name='text', opacity=1.0, ori=0, pos=array([0., 0.]), rgb=array([255., 255., 255.]), text=str(...), units='height', win=Window(...), wrapWidth=1)
15.1197 	EXP 	Sound Music set volume 0.300
15.1262 	EXP 	Created AdjustContinue = TextStim(__class__=<class 'psychopy.visual.text.TextStim'>, alignHoriz=method-wrapper(...), alignText='center', alignVert=method-wrapper(...), anchorHoriz='center', anchorVert='center', antialias=True, autoLog=True, bold=False, color='white', colorSpace='named', contrast=1.0, depth=-3.0, flipHoriz=False, flipVert=False, font='Arial', fontFiles=[], height=0.04, italic=False, languageStyle='LTR', name='AdjustContinue', opacity=1.0, ori=0, pos=array([ 0. , -0.4]), rgb=array([255., 255., 255.]), text=str(...), units='height', win=Window(...), wrapWidth=1)
15.1303 	EXP 	Created StartTxt = TextStim(__class__=<class 'psychopy.visual.text.TextStim'>, alignHoriz=method-wrapper(...), alignText='center', alignVert=method-wrapper(...), anchorHoriz='center', anchorVert='center', antialias=True, autoLog=True, bold=False, color='white', colorSpace='named', contrast=1.0, depth=0.0, flipHoriz=False, flipVert=False, font='Arial', fontFiles=[], height=0.04, italic=False, languageStyle='LTR', name='StartTxt', opacity=1.0, ori=0, pos=array([0., 0.]), rgb=array([255., 255., 255.]), text='We will now begin the task', units='height', win=Window(...), wrapWidth=1)
15.1412 	EXP 	Created no3 = TextStim(__class__=<class 'psychopy.visual.text.TextStim'>, alignHoriz=method-wrapper(...), alignText='center', alignVert=method-wrapper(...), anchorHoriz='center', anchorVert='center', antialias=True, autoLog=True, bold=False, color='white', colorSpace='named', contrast=1.0, depth=0.0, flipHoriz=False, flipVert=False, font='Arial', fontFiles=[], height=0.05, italic=False, languageStyle='LTR', name='no3', opacity=1.0, ori=0, pos=array([0., 0.]), rgb=array([255., 255., 255.]), text='3', units='height', win=Window(...), wrapWidth=1)
15.1452 	EXP 	Created no1 = TextStim(__class__=<class 'psychopy.visual.text.TextStim'>, alignHoriz=method-wrapper(...), alignText='center', alignVert=method-wrapper(...), anchorHoriz='center', anchorVert='center', antialias=True, autoLog=True, bold=False, color='white', colorSpace='named', contrast=1.0, depth=0.0, flipHoriz=False, flipVert=False, font='Arial', fontFiles=[], height=0.05, italic=False, languageStyle='LTR', name='no1', opacity=1.0, ori=0, pos=array([0., 0.]), rgb=array([255., 255., 255.]), text='1', units='height', win=Window(...), wrapWidth=1)
15.1517 	EXP 	Created Question = TextStim(__class__=<class 'psychopy.visual.text.TextStim'>, alignHoriz=method-wrapper(...), alignText='center', alignVert=method-wrapper(...), anchorHoriz='center', anchorVert='center', antialias=True, autoLog=True, bold=False, color='white', colorSpace='named', contrast=1.0, depth=0.0, flipHoriz=False, flipVert=False, font='Arial', fontFiles=[], height=0.04, italic=False, languageStyle='LTR', name='Question', opacity=1.0, ori=0, pos=array([0., 0.]), rgb=array([255., 255., 255.]), text='What is this sound?\n', units='height', win=Window(...), wrapWidth=1)
15.2325 	EXP 	window1: mouseVisible = True
15.2539 	EXP 	Created ClickTheButton = TextStim(__class__=<class 'psychopy.visual.text.TextStim'>, alignHoriz=method-wrapper(...), alignText='center', alignVert=method-wrapper(...), anchorHoriz='center', anchorVert='center', antialias=True, autoLog=True, bold=False, color='white', colorSpace='named', contrast=1.0, depth=-3.0, flipHoriz=False, flipVert=False, font='Arial', fontFiles=[], height=0.025, italic=False, languageStyle='LTR', name='ClickTheButton', opacity=1.0, ori=0, pos=array([ 0.  , -0.03]), rgb=array([255., 255., 255.]), text="Click 'Submit' to continue.", units='height', win=Window(...), wrapWidth=1)
15.2540 	EXP 	Sound SoundItem set volume 1.000
15.2635 	EXP 	Created ItemNo = TextStim(__class__=<class 'psychopy.visual.text.TextStim'>, alignHoriz=method-wrapper(...), alignText='center', alignVert=method-wrapper(...), anchorHoriz='center', anchorVert='center', antialias=True, autoLog=True, bold=False, color='white', colorSpace='named', contrast=1.0, depth=-5.0, flipHoriz=False, flipVert=False, font='Arial', fontFiles=[], height=0.04, italic=False, languageStyle='LTR', name='ItemNo', opacity=1.0, ori=0, pos=array([0.  , 0.45]), rgb=array([255., 255., 255.]), text='default text', units='height', win=Window(...), wrapWidth=1)
15.3374 	EXP 	Created MSTQuestion = TextStim(__class__=<class 'psychopy.visual.text.TextStim'>, alignHoriz=method-wrapper(...), alignText='center', alignVert=method-wrapper(...), anchorHoriz='center', anchorVert='center', antialias=True, autoLog=True, bold=False, color='white', colorSpace='named', contrast=1.0, depth=0.0, flipHoriz=False, flipVert=False, font='Arial', fontFiles=[], height=0.04, italic=False, languageStyle='LTR', name='MSTQuestion', opacity=1.0, ori=0, pos=array([0., 0.]), rgb=array([255., 255., 255.]), text=str(...), units='height', win=Window(...), wrapWidth=1)
15.3503 	EXP 	Created ThankyouMssg = TextStim(__class__=<class 'psychopy.visual.text.TextStim'>, alignHoriz=method-wrapper(...), alignText='center', alignVert=method-wrapper(...), anchorHoriz='center', anchorVert='center', antialias=True, autoLog=True, bold=False, color='white', colorSpace='named', contrast=1.0, depth=0.0, flipHoriz=False, flipVert=False, font='Arial', fontFiles=[], height=0.04, italic=False, languageStyle='LTR', name='ThankyouMssg', opacity=1.0, ori=0, pos=array([0. , 0.2]), rgb=array([255., 255., 255.]), text=str(...), units='height', win=Window(...), wrapWidth=1)
15.4015 	EXP 	Created ExitTxt = TextStim(__class__=<class 'psychopy.visual.text.TextStim'>, alignHoriz=method-wrapper(...), alignText='center', alignVert=method-wrapper(...), anchorHoriz='center', anchorVert='center', antialias=True, autoLog=True, bold=False, color='white', colorSpace='named', contrast=1.0, depth=-2.0, flipHoriz=False, flipVert=False, font='Arial', fontFiles=[], height=0.04, italic=False, languageStyle='LTR', name='ExitTxt', opacity=1.0, ori=0, pos=array([ 0. , -0.4]), rgb=array([255., 255., 255.]), text='Press SPACE to exit the study', units='height', win=Window(...), wrapWidth=1)
15.4121 	EXP 	Created CodeTxt = TextStim(__class__=<class 'psychopy.visual.text.TextStim'>, alignHoriz=method-wrapper(...), alignText='center', alignVert=method-wrapper(...), anchorHoriz='center', anchorVert='center', antialias=True, autoLog=True, bold=False, color='white', colorSpace='named', contrast=1.0, depth=-4.0, flipHoriz=False, flipVert=False, font='Arial', fontFiles=[], height=0.04, italic=False, languageStyle='LTR', name='CodeTxt', opacity=1.0, ori=0, pos=array([ 0.  , -0.22]), rgb=array([255., 255., 255.]), text=str(...), units='height', win=Window(...), wrapWidth=1)
15.4618 	EXP 	ResponseBox: autoLog = True
15.4618 	EXP 	Submit: autoLog = True
15.4618 	EXP 	CompletionCode: autoLog = True
15.4618 	EXP 	InstructionTxt: autoDraw = True
15.4618 	EXP 	WelcomContinue: autoDraw = True
17.9180 	DATA 	Keypress: space
17.9280 	EXP 	ResponseBox: text = 'default text '
17.9464 	EXP 	InstructionTxt: autoDraw = False
17.9464 	EXP 	WelcomContinue: autoDraw = False
17.9464 	EXP 	WelcomeTxt1: autoDraw = True
17.9464 	EXP 	ContinueKey1: autoDraw = True
19.9218 	DATA 	Keypress: space
19.9286 	EXP 	ResponseBox: text = 'default text  '
19.9475 	EXP 	WelcomeTxt1: autoDraw = False
19.9475 	EXP 	ContinueKey1: autoDraw = False
19.9475 	EXP 	InstructionTxt2: autoDraw = True
19.9475 	EXP 	WelcomeContinue2: autoDraw = True
20.8073 	DATA 	Keypress: space
20.8137 	EXP 	InstructionTxt2: autoDraw = False
20.8137 	EXP 	WelcomeContinue2: autoDraw = False
20.8137 	EXP 	VolumeBeginTxt: autoDraw = True
20.8137 	EXP 	VolumeContinue: autoDraw = True
20.8137 	EXP 	ResponseBox: text = 'default text   '
21.6547 	DATA 	Keypress: space
21.6593 	EXP 	VolumeBeginTxt: autoDraw = False
21.6593 	EXP 	VolumeContinue: autoDraw = False
21.6593 	EXP 	text: autoDraw = True
21.6593 	EXP 	AdjustContinue: autoDraw = True
21.6593 	EXP 	ResponseBox: text = 'default text    '
23.0472 	DATA 	Keypress: space
23.0597 	EXP 	ResponseBox: text = 'default text     '
23.0755 	EXP 	text: autoDraw = False
23.0755 	EXP 	AdjustContinue: autoDraw = False
23.0755 	EXP 	StartTxt: autoDraw = True
25.1500 	EXP 	Imported GuessSounds_conditions.xlsx as conditions, 80 conditions, 2 params
25.1508 	EXP 	Created sequence: sequential, trialTypes=80, nReps=1, seed=None
25.1512 	EXP 	New trial (rep=0, index=0): OrderedDict([('SoundFiles3', 'Test/Foils/Slurp.wav'), ('Correct', 3)])
25.1585 	EXP 	StartTxt: autoDraw = False
25.1585 	EXP 	StartTxt: autoDraw = False
25.1585 	EXP 	no3: autoDraw = True
26.0923 	EXP 	no3: autoDraw = False
26.0923 	EXP 	no1: autoDraw = True
27.1378 	EXP 	no1: autoDraw = False
27.1378 	EXP 	ResponseBox: text = '\n\n'
27.1378 	EXP 	ItemNo: text = '1/61'
27.1378 	EXP 	Question: autoDraw = True
27.1378 	EXP 	ResponseBox: autoDraw = True
27.1378 	EXP 	ClickTheButton: autoDraw = True
27.1378 	EXP 	ItemNo: autoDraw = True
27.1378 	EXP 	Submit: autoDraw = True
29.4682 	DATA 	Mouse: Left button down, pos=(1108,173)
29.5146 	EXP 	Question: autoDraw = False
29.5146 	EXP 	ResponseBox: autoDraw = False
29.5146 	EXP 	ClickTheButton: autoDraw = False
29.5146 	EXP 	ItemNo: autoDraw = False
29.5146 	EXP 	Submit: autoDraw = False
29.5146 	EXP 	ResponseBox: text = 'default text'
29.5146 	EXP 	MSTQuestion: autoDraw = True
29.6832 	DATA 	Mouse:  Left button up, pos=(1108,173)
31.4497 	DATA 	Keypress: 3
31.4854 	EXP 	ResponseBox: text = 'de3fault text'
31.4934 	EXP 	New trial (rep=0, index=1): OrderedDict([('SoundFiles3', 'Initial/Repeat/ManWhistle.wav'), ('Correct', 3)])
31.5010 	EXP 	MSTQuestion: autoDraw = False
31.5010 	EXP 	no3: autoDraw = True
32.5091 	EXP 	no3: autoDraw = False
32.5091 	EXP 	no3: autoDraw = False
32.5091 	EXP 	no1: autoDraw = True
33.5649 	EXP 	no1: autoDraw = False
33.5649 	EXP 	no1: autoDraw = False
33.5649 	EXP 	ResponseBox: text = '\n\n'
33.5649 	EXP 	ItemNo: text = '2/61'
33.5649 	EXP 	Question: autoDraw = True
33.5649 	EXP 	ResponseBox: autoDraw = True
33.5649 	EXP 	ClickTheButton: autoDraw = True
33.5649 	EXP 	ItemNo: autoDraw = True
33.5649 	EXP 	Submit: autoDraw = True
35.3855 	DATA 	Keypress: space
35.4059 	EXP 	ResponseBox: text = '\n\n '
36.3008 	DATA 	Mouse: Left button down, pos=(1108,173)
36.3333 	EXP 	Question: autoDraw = False
36.3333 	EXP 	ResponseBox: autoDraw = False
36.3333 	EXP 	ClickTheButton: autoDraw = False
36.3333 	EXP 	ItemNo: autoDraw = False
36.3333 	EXP 	Submit: autoDraw = False
36.3333 	EXP 	ResponseBox: text = 'default text'
36.3333 	EXP 	MSTQuestion: autoDraw = True
36.5223 	DATA 	Mouse:  Left button up, pos=(1108,173)
38.5835 	EXP 	New trial (rep=0, index=2): OrderedDict([('SoundFiles3', 'Test/Foils/Airhorn.wav'), ('Correct', 3)])
38.5877 	DATA 	Keypress: 3
38.5947 	EXP 	MSTQuestion: autoDraw = False
38.5947 	EXP 	no3: autoDraw = True
38.5947 	EXP 	ResponseBox: text = 'def3ault text'
39.6088 	EXP 	no3: autoDraw = False
39.6088 	EXP 	no1: autoDraw = True
40.6597 	EXP 	no1: autoDraw = False
40.6597 	EXP 	ResponseBox: text = '\n\n'
40.6597 	EXP 	ItemNo: text = '3/61'
40.6597 	EXP 	Question: autoDraw = True
40.6597 	EXP 	ResponseBox: autoDraw = True
40.6597 	EXP 	ClickTheButton: autoDraw = True
40.6597 	EXP 	ItemNo: autoDraw = True
40.6597 	EXP 	Submit: autoDraw = True
43.1009 	DATA 	Keypress: escape
43.5313 	EXP 	window1: mouseVisible = True
