1.1679 	WARNING 	We strongly recommend you activate the PTB sound engine in PsychoPy prefs as the preferred audio engine. Its timing is vastly superior. Your prefs are currently set to use ['sounddevice', 'PTB', 'pyo', 'pygame'] (in that order).
4.4552 	WARNING 	User requested fullscreen with size [1024  768], but screen is actually [2256, 1504]. Using actual size
6.1786 	EXP 	Created window1 = Window(allowGUI=False, allowStencil=False, args=UNKNOWN, autoLog=True, bitsMode=UNKNOWN, blendMode='avg', bpc=(8, 8, 8), color=array([0., 0., 0.]), colorSpace='rgb', depthBits=8, fullscr=<method-wrapper '__getattribute__' of attributeSetter object at 0x00000139547CA320>, gamma=None, gammaErrorPolicy='raise', kwargs=UNKNOWN, lms=UNKNOWN, monitor=<psychopy.monitors.calibTools.Monitor object at 0x00000139546D2A58>, multiSample=False, name='window1', numSamples=2, pos=[0.0, 0.0], screen=0, size=array([2256, 1504]), stencilBits=0, stereo=False, units='height', useFBO=True, useRetina=False, viewOri=0.0, viewPos=None, viewScale=None, waitBlanking=True, winType='pyglet')
6.1793 	EXP 	window1: mouseVisible = True
6.1794 	EXP 	window1: recordFrameIntervals = False
6.3440 	EXP 	window1: recordFrameIntervals = True
6.5275 	EXP 	window1: recordFrameIntervals = False
6.8315 	EXP 	Created InstructionTxt = TextStim(__class__=<class 'psychopy.visual.text.TextStim'>, alignHoriz=method-wrapper(...), alignText='center', alignVert=method-wrapper(...), anchorHoriz='center', anchorVert='center', antialias=True, autoLog=True, bold=False, color='white', colorSpace='named', contrast=1.0, depth=0.0, flipHoriz=False, flipVert=False, font='Arial', fontFiles=[], height=0.04, italic=False, languageStyle='LTR', name='InstructionTxt', opacity=1.0, ori=0, pos=array([0., 0.]), rgb=array([255., 255., 255.]), text=str(...), units='height', win=Window(...), wrapWidth=1)
6.8424 	EXP 	Created WelcomContinue = TextStim(__class__=<class 'psychopy.visual.text.TextStim'>, alignHoriz=method-wrapper(...), alignText='center', alignVert=method-wrapper(...), anchorHoriz='center', anchorVert='center', antialias=True, autoLog=True, bold=False, color='white', colorSpace='named', contrast=1.0, depth=-3.0, flipHoriz=False, flipVert=False, font='Arial', fontFiles=[], height=0.04, italic=False, languageStyle='LTR', name='WelcomContinue', opacity=1.0, ori=0, pos=array([ 0. , -0.4]), rgb=array([255., 255., 255.]), text='Press SPACE to continue', units='height', win=Window(...), wrapWidth=1)
6.8548 	EXP 	Created VolumeBeginTxt = TextStim(__class__=<class 'psychopy.visual.text.TextStim'>, alignHoriz=method-wrapper(...), alignText='center', alignVert=method-wrapper(...), anchorHoriz='center', anchorVert='center', antialias=True, autoLog=True, bold=False, color='white', colorSpace='named', contrast=1.0, depth=0.0, flipHoriz=False, flipVert=False, font='Arial', fontFiles=[], height=0.04, italic=False, languageStyle='LTR', name='VolumeBeginTxt', opacity=1.0, ori=0, pos=array([0., 0.]), rgb=array([255., 255., 255.]), text=str(...), units='height', win=Window(...), wrapWidth=1)
6.8604 	EXP 	Created VolumeContinue = TextStim(__class__=<class 'psychopy.visual.text.TextStim'>, alignHoriz=method-wrapper(...), alignText='center', alignVert=method-wrapper(...), anchorHoriz='center', anchorVert='center', antialias=True, autoLog=True, bold=False, color='white', colorSpace='named', contrast=1.0, depth=-1.0, flipHoriz=False, flipVert=False, font='Arial', fontFiles=[], height=0.04, italic=False, languageStyle='LTR', name='VolumeContinue', opacity=1.0, ori=0, pos=array([ 0. , -0.4]), rgb=array([255., 255., 255.]), text=str(...), units='height', win=Window(...), wrapWidth=1)
6.8677 	EXP 	Created text = TextStim(__class__=<class 'psychopy.visual.text.TextStim'>, alignHoriz=method-wrapper(...), alignText='center', alignVert=method-wrapper(...), anchorHoriz='center', anchorVert='center', antialias=True, autoLog=True, bold=False, color='white', colorSpace='named', contrast=1.0, depth=0.0, flipHoriz=False, flipVert=False, font='Arial', fontFiles=[], height=0.04, italic=False, languageStyle='LTR', name='text', opacity=1.0, ori=0, pos=array([0., 0.]), rgb=array([255., 255., 255.]), text=str(...), units='height', win=Window(...), wrapWidth=1)
6.9839 	EXP 	Sound Music set volume 0.300
6.9923 	EXP 	Created AdjustContinue = TextStim(__class__=<class 'psychopy.visual.text.TextStim'>, alignHoriz=method-wrapper(...), alignText='center', alignVert=method-wrapper(...), anchorHoriz='center', anchorVert='center', antialias=True, autoLog=True, bold=False, color='white', colorSpace='named', contrast=1.0, depth=-3.0, flipHoriz=False, flipVert=False, font='Arial', fontFiles=[], height=0.04, italic=False, languageStyle='LTR', name='AdjustContinue', opacity=1.0, ori=0, pos=array([ 0. , -0.4]), rgb=array([255., 255., 255.]), text=str(...), units='height', win=Window(...), wrapWidth=1)
7.0321 	EXP 	Created WelcomeTxt1 = TextStim(__class__=<class 'psychopy.visual.text.TextStim'>, alignHoriz=method-wrapper(...), alignText='center', alignVert=method-wrapper(...), anchorHoriz='center', anchorVert='center', antialias=True, autoLog=True, bold=False, color='white', colorSpace='named', contrast=1.0, depth=0.0, flipHoriz=False, flipVert=False, font='Arial', fontFiles=[], height=0.04, italic=False, languageStyle='LTR', name='WelcomeTxt1', opacity=1.0, ori=0, pos=array([0., 0.]), rgb=array([255., 255., 255.]), text=str(...), units='height', win=Window(...), wrapWidth=1)
7.0362 	EXP 	Created ContinueKey1 = TextStim(__class__=<class 'psychopy.visual.text.TextStim'>, alignHoriz=method-wrapper(...), alignText='center', alignVert=method-wrapper(...), anchorHoriz='center', anchorVert='center', antialias=True, autoLog=True, bold=False, color='white', colorSpace='named', contrast=1.0, depth=-1.0, flipHoriz=False, flipVert=False, font='Arial', fontFiles=[], height=0.04, italic=False, languageStyle='LTR', name='ContinueKey1', opacity=1.0, ori=0, pos=array([ 0. , -0.4]), rgb=array([255., 255., 255.]), text='Press SPACE to continue', units='height', win=Window(...), wrapWidth=1)
7.0423 	EXP 	Created InstructionTxt2 = TextStim(__class__=<class 'psychopy.visual.text.TextStim'>, alignHoriz=method-wrapper(...), alignText='center', alignVert=method-wrapper(...), anchorHoriz='center', anchorVert='center', antialias=True, autoLog=True, bold=False, color='white', colorSpace='named', contrast=1.0, depth=0.0, flipHoriz=False, flipVert=False, font='Arial', fontFiles=[], height=0.04, italic=False, languageStyle='LTR', name='InstructionTxt2', opacity=1.0, ori=0, pos=array([0., 0.]), rgb=array([255., 255., 255.]), text=str(...), units='height', win=Window(...), wrapWidth=1)
7.0476 	EXP 	Created WelcomeContinue2 = TextStim(__class__=<class 'psychopy.visual.text.TextStim'>, alignHoriz=method-wrapper(...), alignText='center', alignVert=method-wrapper(...), anchorHoriz='center', anchorVert='center', antialias=True, autoLog=True, bold=False, color='white', colorSpace='named', contrast=1.0, depth=-1.0, flipHoriz=False, flipVert=False, font='Arial', fontFiles=[], height=0.04, italic=False, languageStyle='LTR', name='WelcomeContinue2', opacity=1.0, ori=0, pos=array([ 0. , -0.4]), rgb=array([255., 255., 255.]), text='Press SPACE to begin practice\n', units='height', win=Window(...), wrapWidth=1)
7.0507 	EXP 	Created TrialNumber = TextStim(__class__=<class 'psychopy.visual.text.TextStim'>, alignHoriz=method-wrapper(...), alignText='center', alignVert=method-wrapper(...), anchorHoriz='center', anchorVert='center', antialias=True, autoLog=True, bold=False, color='white', colorSpace='named', contrast=1.0, depth=0.0, flipHoriz=False, flipVert=False, font='Arial', fontFiles=[], height=0.04, italic=False, languageStyle='LTR', name='TrialNumber', opacity=1.0, ori=0, pos=array([0. , 0.3]), rgb=array([255., 255., 255.]), text='default text', units='height', win=Window(...), wrapWidth=1)
7.0507 	EXP 	Sound PracticeSound set volume 1.000
7.0644 	EXP 	Created PracticeCross = TextStim(__class__=<class 'psychopy.visual.text.TextStim'>, alignHoriz=method-wrapper(...), alignText='center', alignVert=method-wrapper(...), anchorHoriz='center', anchorVert='center', antialias=True, autoLog=True, bold=False, color='white', colorSpace='named', contrast=1.0, depth=-2.0, flipHoriz=False, flipVert=False, font='Arial', fontFiles=[], height=0.1, italic=False, languageStyle='LTR', name='PracticeCross', opacity=1.0, ori=0, pos=array([0., 0.]), rgb=array([255., 255., 255.]), text='+', units='height', win=Window(...), wrapWidth=1)
7.0672 	EXP 	Created PracticeMssg = TextStim(__class__=<class 'psychopy.visual.text.TextStim'>, alignHoriz=method-wrapper(...), alignText='center', alignVert=method-wrapper(...), anchorHoriz='center', anchorVert='center', antialias=True, autoLog=True, bold=False, color='white', colorSpace='named', contrast=1.0, depth=-2.0, flipHoriz=False, flipVert=False, font='Arial', fontFiles=[], height=0.04, italic=False, languageStyle='LTR', name='PracticeMssg', opacity=1.0, ori=0, pos=array([0. , 0.2]), rgb=array([255., 255., 255.]), text='default text', units='height', win=Window(...), wrapWidth=1)
7.0686 	EXP 	Created FeedbackCross = TextStim(__class__=<class 'psychopy.visual.text.TextStim'>, alignHoriz=method-wrapper(...), alignText='center', alignVert=method-wrapper(...), anchorHoriz='center', anchorVert='center', antialias=True, autoLog=True, bold=False, color='white', colorSpace='named', contrast=1.0, depth=-3.0, flipHoriz=False, flipVert=False, font='Arial', fontFiles=[], height=0.1, italic=False, languageStyle='LTR', name='FeedbackCross', opacity=1.0, ori=0, pos=array([0., 0.]), rgb=array([255., 255., 255.]), text='+', units='height', win=Window(...), wrapWidth=1)
7.0733 	EXP 	Created Continue = TextStim(__class__=<class 'psychopy.visual.text.TextStim'>, alignHoriz=method-wrapper(...), alignText='center', alignVert=method-wrapper(...), anchorHoriz='center', anchorVert='center', antialias=True, autoLog=True, bold=False, color='white', colorSpace='named', contrast=1.0, depth=-4.0, flipHoriz=False, flipVert=False, font='Arial', fontFiles=[], height=0.04, italic=False, languageStyle='LTR', name='Continue', opacity=1.0, ori=0, pos=array([ 0. , -0.4]), rgb=array([255., 255., 255.]), text='Press the right key on your keyboard', units='height', win=Window(...), wrapWidth=1)
7.0813 	EXP 	Created Options = TextStim(__class__=<class 'psychopy.visual.text.TextStim'>, alignHoriz=method-wrapper(...), alignText='center', alignVert=method-wrapper(...), anchorHoriz='center', anchorVert='center', antialias=True, autoLog=True, bold=False, color='white', colorSpace='named', contrast=1.0, depth=-5.0, flipHoriz=False, flipVert=False, font='Arial', fontFiles=[], height=0.04, italic=False, languageStyle='LTR', name='Options', opacity=1.0, ori=0, pos=array([ 0. , -0.2]), rgb=array([255., 255., 255.]), text='1 = REPEAT\n2 = SIMILAR\n3 = NEW', units='height', win=Window(...), wrapWidth=1)
7.0964 	EXP 	Created StartTxt = TextStim(__class__=<class 'psychopy.visual.text.TextStim'>, alignHoriz=method-wrapper(...), alignText='center', alignVert=method-wrapper(...), anchorHoriz='center', anchorVert='center', antialias=True, autoLog=True, bold=False, color='white', colorSpace='named', contrast=1.0, depth=0.0, flipHoriz=False, flipVert=False, font='Arial', fontFiles=[], height=0.04, italic=False, languageStyle='LTR', name='StartTxt', opacity=1.0, ori=0, pos=array([0., 0.]), rgb=array([255., 255., 255.]), text=str(...), units='height', win=Window(...), wrapWidth=1)
7.1006 	EXP 	Created ContinueStart = TextStim(__class__=<class 'psychopy.visual.text.TextStim'>, alignHoriz=method-wrapper(...), alignText='center', alignVert=method-wrapper(...), anchorHoriz='center', anchorVert='center', antialias=True, autoLog=True, bold=False, color='white', colorSpace='named', contrast=1.0, depth=-2.0, flipHoriz=False, flipVert=False, font='Arial', fontFiles=[], height=0.04, italic=False, languageStyle='LTR', name='ContinueStart', opacity=1.0, ori=0, pos=array([ 0. , -0.4]), rgb=array([255., 255., 255.]), text='Press SPACE to begin the task', units='height', win=Window(...), wrapWidth=1)
7.1114 	EXP 	Created no1 = TextStim(__class__=<class 'psychopy.visual.text.TextStim'>, alignHoriz=method-wrapper(...), alignText='center', alignVert=method-wrapper(...), anchorHoriz='center', anchorVert='center', antialias=True, autoLog=True, bold=False, color='white', colorSpace='named', contrast=1.0, depth=0.0, flipHoriz=False, flipVert=False, font='Arial', fontFiles=[], height=0.05, italic=False, languageStyle='LTR', name='no1', opacity=1.0, ori=0, pos=array([0., 0.]), rgb=array([255., 255., 255.]), text='1', units='height', win=Window(...), wrapWidth=1)
7.1146 	EXP 	Created no_2 = TextStim(__class__=<class 'psychopy.visual.text.TextStim'>, alignHoriz=method-wrapper(...), alignText='center', alignVert=method-wrapper(...), anchorHoriz='center', anchorVert='center', antialias=True, autoLog=True, bold=False, color='white', colorSpace='named', contrast=1.0, depth=-2.0, flipHoriz=False, flipVert=False, font='Arial', fontFiles=[], height=0.05, italic=False, languageStyle='LTR', name='no_2', opacity=1.0, ori=0, pos=array([0., 0.]), rgb=array([255., 255., 255.]), text='2', units='height', win=Window(...), wrapWidth=1)
7.1175 	EXP 	Created no_3 = TextStim(__class__=<class 'psychopy.visual.text.TextStim'>, alignHoriz=method-wrapper(...), alignText='center', alignVert=method-wrapper(...), anchorHoriz='center', anchorVert='center', antialias=True, autoLog=True, bold=False, color='white', colorSpace='named', contrast=1.0, depth=-3.0, flipHoriz=False, flipVert=False, font='Arial', fontFiles=[], height=0.05, italic=False, languageStyle='LTR', name='no_3', opacity=1.0, ori=0, pos=array([0., 0.]), rgb=array([255., 255., 255.]), text='3', units='height', win=Window(...), wrapWidth=1)
7.1175 	EXP 	Sound TargetSound set volume 1.000
7.1338 	EXP 	Created MSTQuestion = TextStim(__class__=<class 'psychopy.visual.text.TextStim'>, alignHoriz=method-wrapper(...), alignText='center', alignVert=method-wrapper(...), anchorHoriz='center', anchorVert='center', antialias=True, autoLog=True, bold=False, color='white', colorSpace='named', contrast=1.0, depth=0.0, flipHoriz=False, flipVert=False, font='Arial', fontFiles=[], height=0.04, italic=False, languageStyle='LTR', name='MSTQuestion', opacity=1.0, ori=0, pos=array([0., 0.]), rgb=array([255., 255., 255.]), text='1 = REPEAT\n\n2 = SIMILAR\n\n3 = NEW\n', units='height', win=Window(...), wrapWidth=1)
7.1572 	EXP 	Created ThankyouMssg = TextStim(__class__=<class 'psychopy.visual.text.TextStim'>, alignHoriz=method-wrapper(...), alignText='center', alignVert=method-wrapper(...), anchorHoriz='center', anchorVert='center', antialias=True, autoLog=True, bold=False, color='white', colorSpace='named', contrast=1.0, depth=0.0, flipHoriz=False, flipVert=False, font='Arial', fontFiles=[], height=0.04, italic=False, languageStyle='LTR', name='ThankyouMssg', opacity=1.0, ori=0, pos=array([0. , 0.2]), rgb=array([255., 255., 255.]), text=str(...), units='height', win=Window(...), wrapWidth=1)
7.2233 	EXP 	Created ExitTxt = TextStim(__class__=<class 'psychopy.visual.text.TextStim'>, alignHoriz=method-wrapper(...), alignText='center', alignVert=method-wrapper(...), anchorHoriz='center', anchorVert='center', antialias=True, autoLog=True, bold=False, color='white', colorSpace='named', contrast=1.0, depth=-2.0, flipHoriz=False, flipVert=False, font='Arial', fontFiles=[], height=0.04, italic=False, languageStyle='LTR', name='ExitTxt', opacity=1.0, ori=0, pos=array([ 0. , -0.4]), rgb=array([255., 255., 255.]), text='Press SPACE to exit the study', units='height', win=Window(...), wrapWidth=1)
7.2370 	EXP 	Created CodeTxt = TextStim(__class__=<class 'psychopy.visual.text.TextStim'>, alignHoriz=method-wrapper(...), alignText='center', alignVert=method-wrapper(...), anchorHoriz='center', anchorVert='center', antialias=True, autoLog=True, bold=False, color='white', colorSpace='named', contrast=1.0, depth=-4.0, flipHoriz=False, flipVert=False, font='Arial', fontFiles=[], height=0.04, italic=False, languageStyle='LTR', name='CodeTxt', opacity=1.0, ori=0, pos=array([ 0.  , -0.22]), rgb=array([255., 255., 255.]), text=str(...), units='height', win=Window(...), wrapWidth=1)
7.2815 	EXP 	CompletionCode: autoLog = True
7.2815 	EXP 	InstructionTxt: autoDraw = True
7.2815 	EXP 	WelcomContinue: autoDraw = True
7.9749 	DATA 	Keypress: space
7.9799 	EXP 	InstructionTxt: autoDraw = False
7.9799 	EXP 	WelcomContinue: autoDraw = False
7.9799 	EXP 	VolumeBeginTxt: autoDraw = True
7.9799 	EXP 	VolumeContinue: autoDraw = True
8.6100 	DATA 	Keypress: space
8.6141 	EXP 	VolumeBeginTxt: autoDraw = False
8.6141 	EXP 	VolumeContinue: autoDraw = False
8.6141 	EXP 	text: autoDraw = True
8.6141 	EXP 	AdjustContinue: autoDraw = True
9.3107 	DATA 	Keypress: space
9.3163 	EXP 	text: autoDraw = False
9.3163 	EXP 	AdjustContinue: autoDraw = False
9.3163 	EXP 	WelcomeTxt1: autoDraw = True
9.3163 	EXP 	ContinueKey1: autoDraw = True
10.1755 	DATA 	Keypress: space
10.1798 	EXP 	WelcomeTxt1: autoDraw = False
10.1798 	EXP 	ContinueKey1: autoDraw = False
10.1798 	EXP 	InstructionTxt2: autoDraw = True
10.1798 	EXP 	WelcomeContinue2: autoDraw = True
13.4459 	EXP 	Imported GuessSounds_conditions.xlsx as conditions, 5 conditions, 2 params
13.4462 	EXP 	Created sequence: sequential, trialTypes=5, nReps=1, seed=None
13.4465 	EXP 	New trial (rep=0, index=0): OrderedDict([('SoundFiles3', 'Practice/Seagull_A.wav'), ('Correct', 3)])
13.4553 	DATA 	Keypress: space
13.4613 	EXP 	InstructionTxt2: autoDraw = False
13.4613 	EXP 	WelcomeContinue2: autoDraw = False
13.4613 	EXP 	TrialNumber: text = 'Trial 1'
13.4613 	EXP 	TrialNumber: autoDraw = True
13.4613 	EXP 	PracticeCross: autoDraw = True
15.7661 	EXP 	TrialNumber: autoDraw = False
15.7661 	EXP 	PracticeCross: autoDraw = False
15.7661 	EXP 	TrialNumber: autoDraw = False
15.7661 	EXP 	PracticeCross: autoDraw = False
15.7661 	EXP 	PracticeMssg: text = 'This is a NEW sound. \nThis sound has never been presented before.'
15.7661 	EXP 	PracticeMssg: autoDraw = True
15.7661 	EXP 	FeedbackCross: autoDraw = True
15.7661 	EXP 	Continue: autoDraw = True
15.7661 	EXP 	Options: autoDraw = True
16.1893 	DATA 	Keypress: space
17.3893 	EXP 	New trial (rep=0, index=1): OrderedDict([('SoundFiles3', 'Practice/Skid_B.wav'), ('Correct', 3)])
17.4169 	DATA 	Keypress: 3
17.4213 	EXP 	PracticeMssg: autoDraw = False
17.4213 	EXP 	FeedbackCross: autoDraw = False
17.4213 	EXP 	Continue: autoDraw = False
17.4213 	EXP 	Options: autoDraw = False
17.4213 	EXP 	TrialNumber: text = 'Trial 2'
17.4213 	EXP 	TrialNumber: autoDraw = True
17.4213 	EXP 	PracticeCross: autoDraw = True
19.5276 	EXP 	TrialNumber: autoDraw = False
19.5276 	EXP 	PracticeCross: autoDraw = False
19.5276 	EXP 	TrialNumber: autoDraw = False
19.5276 	EXP 	PracticeCross: autoDraw = False
19.5276 	EXP 	PracticeMssg: text = 'This is a NEW sound. \nThis sound has never been presented before.'
19.5276 	EXP 	PracticeMssg: autoDraw = True
19.5276 	EXP 	FeedbackCross: autoDraw = True
19.5276 	EXP 	Continue: autoDraw = True
19.5276 	EXP 	Options: autoDraw = True
20.0390 	DATA 	Keypress: 3
20.0527 	EXP 	New trial (rep=0, index=2): OrderedDict([('SoundFiles3', 'Practice/Seagull_A.wav'), ('Correct', 1)])
20.0832 	EXP 	PracticeMssg: autoDraw = False
20.0832 	EXP 	FeedbackCross: autoDraw = False
20.0832 	EXP 	Continue: autoDraw = False
20.0832 	EXP 	Options: autoDraw = False
20.0832 	EXP 	TrialNumber: text = 'Trial 3'
20.0832 	EXP 	TrialNumber: autoDraw = True
20.0832 	EXP 	PracticeCross: autoDraw = True
22.3734 	EXP 	TrialNumber: autoDraw = False
22.3734 	EXP 	PracticeCross: autoDraw = False
22.3734 	EXP 	TrialNumber: autoDraw = False
22.3734 	EXP 	PracticeCross: autoDraw = False
22.3734 	EXP 	PracticeMssg: text = 'This is a REPEAT sound. \nThe exact same sound has been presented previously.'
22.3734 	EXP 	PracticeMssg: autoDraw = True
22.3734 	EXP 	FeedbackCross: autoDraw = True
22.3734 	EXP 	Continue: autoDraw = True
22.3734 	EXP 	Options: autoDraw = True
23.7869 	EXP 	New trial (rep=0, index=3): OrderedDict([('SoundFiles3', 'Practice/Gargle_A.wav'), ('Correct', 3)])
23.8231 	DATA 	Keypress: 1
23.8275 	EXP 	PracticeMssg: autoDraw = False
23.8275 	EXP 	FeedbackCross: autoDraw = False
23.8275 	EXP 	Continue: autoDraw = False
23.8275 	EXP 	Options: autoDraw = False
23.8275 	EXP 	TrialNumber: text = 'Trial 4'
23.8275 	EXP 	TrialNumber: autoDraw = True
23.8275 	EXP 	PracticeCross: autoDraw = True
26.1187 	EXP 	TrialNumber: autoDraw = False
26.1187 	EXP 	PracticeCross: autoDraw = False
26.1187 	EXP 	TrialNumber: autoDraw = False
26.1187 	EXP 	PracticeCross: autoDraw = False
26.1187 	EXP 	PracticeMssg: text = 'This is a NEW sound. \nThis sound has never been presented before.'
26.1187 	EXP 	PracticeMssg: autoDraw = True
26.1187 	EXP 	FeedbackCross: autoDraw = True
26.1187 	EXP 	Continue: autoDraw = True
26.1187 	EXP 	Options: autoDraw = True
26.8866 	DATA 	Keypress: 3
26.9017 	EXP 	New trial (rep=0, index=4): OrderedDict([('SoundFiles3', 'Practice/Gargle_B.wav'), ('Correct', 2)])
26.9350 	EXP 	PracticeMssg: autoDraw = False
26.9350 	EXP 	FeedbackCross: autoDraw = False
26.9350 	EXP 	Continue: autoDraw = False
26.9350 	EXP 	Options: autoDraw = False
26.9350 	EXP 	TrialNumber: text = 'Trial 5'
26.9350 	EXP 	TrialNumber: autoDraw = True
26.9350 	EXP 	PracticeCross: autoDraw = True
29.0133 	EXP 	TrialNumber: autoDraw = False
29.0133 	EXP 	PracticeCross: autoDraw = False
29.0133 	EXP 	TrialNumber: autoDraw = False
29.0133 	EXP 	PracticeCross: autoDraw = False
29.0133 	EXP 	PracticeMssg: text = 'This is a SIMILAR sound. \nThis sound is similar but not identical to a previously presented sound.'
29.0133 	EXP 	PracticeMssg: autoDraw = True
29.0133 	EXP 	FeedbackCross: autoDraw = True
29.0133 	EXP 	Continue: autoDraw = True
29.0133 	EXP 	Options: autoDraw = True
29.7979 	DATA 	Keypress: 2
29.8027 	EXP 	PracticeMssg: autoDraw = False
29.8027 	EXP 	FeedbackCross: autoDraw = False
29.8027 	EXP 	Continue: autoDraw = False
29.8027 	EXP 	Options: autoDraw = False
29.8027 	EXP 	StartTxt: autoDraw = True
29.8027 	EXP 	ContinueStart: autoDraw = True
31.3378 	EXP 	Imported GuessSounds_conditions.xlsx as conditions, 80 conditions, 2 params
31.3384 	EXP 	Created sequence: sequential, trialTypes=80, nReps=1, seed=None
31.3387 	EXP 	New trial (rep=0, index=0): OrderedDict([('SoundFiles3', 'Initial/Doubled/Coin_A.wav'), ('Correct', 3)])
31.3427 	DATA 	Keypress: space
31.3464 	EXP 	StartTxt: autoDraw = False
31.3464 	EXP 	ContinueStart: autoDraw = False
31.3464 	EXP 	no_3: autoDraw = True
32.3438 	EXP 	no_2: autoDraw = True
32.3605 	EXP 	no_3: autoDraw = False
33.3437 	EXP 	no1: autoDraw = True
33.3437 	EXP 	no_2: autoDraw = False
34.3101 	EXP 	no1: autoDraw = False
34.3101 	EXP 	no_2: autoDraw = False
34.3101 	EXP 	no_3: autoDraw = False
35.4439 	EXP 	MSTQuestion: autoDraw = True
39.3193 	EXP 	New trial (rep=0, index=1): OrderedDict([('SoundFiles3', 'Initial/Repeat/ManWhistle.wav'), ('Correct', 3)])
39.3249 	DATA 	Keypress: 3
39.3292 	EXP 	MSTQuestion: autoDraw = False
39.3292 	EXP 	no_3: autoDraw = True
40.3269 	EXP 	no_2: autoDraw = True
40.3439 	EXP 	no_3: autoDraw = False
41.3269 	EXP 	no1: autoDraw = True
41.3269 	EXP 	no_2: autoDraw = False
42.3269 	EXP 	no1: autoDraw = False
42.3269 	EXP 	no1: autoDraw = False
42.3269 	EXP 	no_2: autoDraw = False
42.3269 	EXP 	no_3: autoDraw = False
43.4441 	EXP 	MSTQuestion: autoDraw = True
45.3514 	DATA 	Keypress: 3
45.3682 	EXP 	New trial (rep=0, index=2): OrderedDict([('SoundFiles3', 'Initial/Doubled/Cuckoo_A.wav'), ('Correct', 3)])
45.3768 	EXP 	MSTQuestion: autoDraw = False
45.3768 	EXP 	no_3: autoDraw = True
46.3601 	EXP 	no_2: autoDraw = True
46.3769 	EXP 	no_3: autoDraw = False
47.3601 	EXP 	no1: autoDraw = True
47.3601 	EXP 	no_2: autoDraw = False
48.3601 	EXP 	no1: autoDraw = False
48.3601 	EXP 	no1: autoDraw = False
48.3601 	EXP 	no_2: autoDraw = False
48.3601 	EXP 	no_3: autoDraw = False
49.4938 	EXP 	MSTQuestion: autoDraw = True
50.6827 	DATA 	Keypress: escape
51.1659 	EXP 	window1: mouseVisible = True
