1.3159 	WARNING 	We strongly recommend you activate the PTB sound engine in PsychoPy prefs as the preferred audio engine. Its timing is vastly superior. Your prefs are currently set to use ['sounddevice', 'PTB', 'pyo', 'pygame'] (in that order).
5.8508 	WARNING 	User requested fullscreen with size [1024  768], but screen is actually [2256, 1504]. Using actual size
7.7743 	EXP 	Created window1 = Window(allowGUI=False, allowStencil=False, args=UNKNOWN, autoLog=True, bitsMode=UNKNOWN, blendMode='avg', bpc=(8, 8, 8), color=array([0., 0., 0.]), colorSpace='rgb', depthBits=8, fullscr=<method-wrapper '__getattribute__' of attributeSetter object at 0x00000193CA0E3240>, gamma=None, gammaErrorPolicy='raise', kwargs=UNKNOWN, lms=UNKNOWN, monitor=<psychopy.monitors.calibTools.Monitor object at 0x00000193C9EEA940>, multiSample=False, name='window1', numSamples=2, pos=[0.0, 0.0], screen=0, size=array([2256, 1504]), stencilBits=0, stereo=False, units='height', useFBO=True, useRetina=False, viewOri=0.0, viewPos=None, viewScale=None, waitBlanking=True, winType='pyglet')
7.7746 	EXP 	window1: mouseVisible = True
7.7746 	EXP 	window1: recordFrameIntervals = False
7.9403 	EXP 	window1: recordFrameIntervals = True
8.1237 	EXP 	window1: recordFrameIntervals = False
8.4617 	EXP 	Created InstructionTxt = TextStim(__class__=<class 'psychopy.visual.text.TextStim'>, alignHoriz=method-wrapper(...), alignText='center', alignVert=method-wrapper(...), anchorHoriz='center', anchorVert='center', antialias=True, autoLog=True, bold=False, color='white', colorSpace='named', contrast=1.0, depth=0.0, flipHoriz=False, flipVert=False, font='Arial', fontFiles=[], height=0.04, italic=False, languageStyle='LTR', name='InstructionTxt', opacity=1.0, ori=0, pos=array([0., 0.]), rgb=array([255., 255., 255.]), text=str(...), units='height', win=Window(...), wrapWidth=1)
8.4749 	EXP 	Created text = TextStim(__class__=<class 'psychopy.visual.text.TextStim'>, alignHoriz=method-wrapper(...), alignText='center', alignVert=method-wrapper(...), anchorHoriz='center', anchorVert='center', antialias=True, autoLog=True, bold=False, color='white', colorSpace='named', contrast=1.0, depth=0.0, flipHoriz=False, flipVert=False, font='Arial', fontFiles=[], height=0.04, italic=False, languageStyle='LTR', name='text', opacity=1.0, ori=0, pos=array([0., 0.]), rgb=array([255., 255., 255.]), text=str(...), units='height', win=Window(...), wrapWidth=1)
8.6956 	EXP 	Sound Music set volume 0.300
8.7015 	EXP 	Created StartTxt = TextStim(__class__=<class 'psychopy.visual.text.TextStim'>, alignHoriz=method-wrapper(...), alignText='center', alignVert=method-wrapper(...), anchorHoriz='center', anchorVert='center', antialias=True, autoLog=True, bold=False, color='white', colorSpace='named', contrast=1.0, depth=0.0, flipHoriz=False, flipVert=False, font='Arial', fontFiles=[], height=0.04, italic=False, languageStyle='LTR', name='StartTxt', opacity=1.0, ori=0, pos=array([0., 0.]), rgb=array([255., 255., 255.]), text='We will now begin the task', units='height', win=Window(...), wrapWidth=1)
8.7134 	EXP 	Created no3 = TextStim(__class__=<class 'psychopy.visual.text.TextStim'>, alignHoriz=method-wrapper(...), alignText='center', alignVert=method-wrapper(...), anchorHoriz='center', anchorVert='center', antialias=True, autoLog=True, bold=False, color='white', colorSpace='named', contrast=1.0, depth=0.0, flipHoriz=False, flipVert=False, font='Arial', fontFiles=[], height=0.05, italic=False, languageStyle='LTR', name='no3', opacity=1.0, ori=0, pos=array([0., 0.]), rgb=array([255., 255., 255.]), text='3', units='height', win=Window(...), wrapWidth=1)
8.7176 	EXP 	Created no2 = TextStim(__class__=<class 'psychopy.visual.text.TextStim'>, alignHoriz=method-wrapper(...), alignText='center', alignVert=method-wrapper(...), anchorHoriz='center', anchorVert='center', antialias=True, autoLog=True, bold=False, color='white', colorSpace='named', contrast=1.0, depth=0.0, flipHoriz=False, flipVert=False, font='Arial', fontFiles=[], height=0.05, italic=False, languageStyle='LTR', name='no2', opacity=1.0, ori=0, pos=array([0., 0.]), rgb=array([255., 255., 255.]), text='2', units='height', win=Window(...), wrapWidth=1)
8.7218 	EXP 	Created no1 = TextStim(__class__=<class 'psychopy.visual.text.TextStim'>, alignHoriz=method-wrapper(...), alignText='center', alignVert=method-wrapper(...), anchorHoriz='center', anchorVert='center', antialias=True, autoLog=True, bold=False, color='white', colorSpace='named', contrast=1.0, depth=0.0, flipHoriz=False, flipVert=False, font='Arial', fontFiles=[], height=0.05, italic=False, languageStyle='LTR', name='no1', opacity=1.0, ori=0, pos=array([0., 0.]), rgb=array([255., 255., 255.]), text='1', units='height', win=Window(...), wrapWidth=1)
8.7285 	EXP 	Created Question = TextStim(__class__=<class 'psychopy.visual.text.TextStim'>, alignHoriz=method-wrapper(...), alignText='center', alignVert=method-wrapper(...), anchorHoriz='center', anchorVert='center', antialias=True, autoLog=True, bold=False, color='white', colorSpace='named', contrast=1.0, depth=0.0, flipHoriz=False, flipVert=False, font='Arial', fontFiles=[], height=0.04, italic=False, languageStyle='LTR', name='Question', opacity=1.0, ori=0, pos=array([0., 0.]), rgb=array([255., 255., 255.]), text='What is this sound?\n', units='height', win=Window(...), wrapWidth=1)
8.7828 	EXP 	window1: mouseVisible = True
8.8680 	EXP 	Created ClickTheButton = TextStim(__class__=<class 'psychopy.visual.text.TextStim'>, alignHoriz=method-wrapper(...), alignText='center', alignVert=method-wrapper(...), anchorHoriz='center', anchorVert='center', antialias=True, autoLog=True, bold=False, color='white', colorSpace='named', contrast=1.0, depth=-5.0, flipHoriz=False, flipVert=False, font='Arial', fontFiles=[], height=0.025, italic=False, languageStyle='LTR', name='ClickTheButton', opacity=1.0, ori=0, pos=array([ 0.  , -0.03]), rgb=array([255., 255., 255.]), text="Click 'Submit' to begin the next trial.", units='height', win=Window(...), wrapWidth=1)
8.8681 	EXP 	Sound SoundItem set volume 1.000
8.8769 	EXP 	Created ItemNo = TextStim(__class__=<class 'psychopy.visual.text.TextStim'>, alignHoriz=method-wrapper(...), alignText='center', alignVert=method-wrapper(...), anchorHoriz='center', anchorVert='center', antialias=True, autoLog=True, bold=False, color='white', colorSpace='named', contrast=1.0, depth=-7.0, flipHoriz=False, flipVert=False, font='Arial', fontFiles=[], height=0.04, italic=False, languageStyle='LTR', name='ItemNo', opacity=1.0, ori=0, pos=array([0.  , 0.45]), rgb=array([255., 255., 255.]), text='default text', units='height', win=Window(...), wrapWidth=1)
8.8929 	EXP 	Created ThankyouMssg = TextStim(__class__=<class 'psychopy.visual.text.TextStim'>, alignHoriz=method-wrapper(...), alignText='center', alignVert=method-wrapper(...), anchorHoriz='center', anchorVert='center', antialias=True, autoLog=True, bold=False, color='white', colorSpace='named', contrast=1.0, depth=0.0, flipHoriz=False, flipVert=False, font='Arial', fontFiles=[], height=0.04, italic=False, languageStyle='LTR', name='ThankyouMssg', opacity=1.0, ori=0, pos=array([0., 0.]), rgb=array([255., 255., 255.]), text=str(...), units='height', win=Window(...), wrapWidth=1)
8.9256 	EXP 	ResponseBox: autoLog = True
8.9256 	EXP 	Submit: autoLog = True
8.9256 	EXP 	InstructionTxt: autoDraw = True
10.2868 	DATA 	Keypress: space
10.2926 	EXP 	InstructionTxt: autoDraw = False
10.2926 	EXP 	text: autoDraw = True
10.2926 	EXP 	ResponseBox: text = 'default text '
10.6158 	DATA 	Keypress: space
10.6236 	EXP 	text: autoDraw = False
10.6236 	EXP 	StartTxt: autoDraw = True
10.6236 	EXP 	ResponseBox: text = 'default text  '
12.6511 	EXP 	Imported GuessSounds_conditions.xlsx as conditions, 100 conditions, 2 params
12.6518 	EXP 	Created sequence: random, trialTypes=100, nReps=1, seed=None
12.6521 	EXP 	New trial (rep=0, index=0): OrderedDict([('SoundFiles', 'Initial/Repeat/ManWhistle.wav'), ('Type', 'Repeat')])
12.6590 	EXP 	StartTxt: autoDraw = False
12.6590 	EXP 	StartTxt: autoDraw = False
12.6590 	EXP 	no3: autoDraw = True
13.6399 	EXP 	no3: autoDraw = False
13.6399 	EXP 	no2: autoDraw = True
14.6403 	EXP 	no2: autoDraw = False
14.6403 	EXP 	no1: autoDraw = True
15.6588 	EXP 	no1: autoDraw = False
15.6588 	EXP 	ResponseBox: text = '\n\n'
15.6588 	EXP 	ItemNo: text = '1/60'
15.6588 	EXP 	Question: autoDraw = True
15.6588 	EXP 	ResponseBox: autoDraw = True
15.6588 	EXP 	Submit: autoDraw = True
15.6588 	EXP 	ClickTheButton: autoDraw = True
15.6588 	EXP 	ItemNo: autoDraw = True
18.2435 	DATA 	Keypress: return
18.2584 	EXP 	ResponseBox: text = '\n\n\n'
19.0105 	DATA 	Keypress: return
19.0255 	EXP 	ResponseBox: text = '\n\n\n\n'
19.4772 	DATA 	Keypress: return
19.4924 	EXP 	ResponseBox: text = '\n\n\n\n\n'
19.6772 	DATA 	Keypress: return
19.6926 	EXP 	ResponseBox: text = '\n\n\n\n\n\n'
19.8442 	DATA 	Keypress: return
19.8600 	EXP 	ResponseBox: text = '\n\n\n\n\n\n\n'
20.4283 	DATA 	Keypress: backspace
20.4428 	EXP 	ResponseBox: text = '\n\n\n\n\n\n'
20.6445 	DATA 	Keypress: backspace
20.6589 	EXP 	ResponseBox: text = '\n\n\n\n\n'
20.8116 	DATA 	Keypress: backspace
20.8254 	EXP 	ResponseBox: text = '\n\n\n\n'
20.9779 	DATA 	Keypress: backspace
20.9918 	EXP 	ResponseBox: text = '\n\n\n'
21.4113 	DATA 	Keypress: backspace
21.4251 	EXP 	ResponseBox: text = '\n\n'
21.6485 	DATA 	Keypress: backspace
21.6584 	EXP 	ResponseBox: text = '\n'
21.8596 	DATA 	Keypress: backspace
21.8741 	EXP 	ResponseBox: text = ''
22.9435 	DATA 	Keypress: backspace
22.9577 	EXP 	ResponseBox: text = ''
23.2258 	DATA 	Keypress: backspace
23.2410 	EXP 	ResponseBox: text = ''
24.8439 	DATA 	Mouse: Left button down, pos=(1129,117)
24.8491 	EXP 	New trial (rep=0, index=1): OrderedDict([('SoundFiles', 'Initial/Doubled/Cricket_A.wav'), ('Type', 'Doubled')])
24.8569 	EXP 	Question: autoDraw = False
24.8569 	EXP 	ResponseBox: autoDraw = False
24.8569 	EXP 	Submit: autoDraw = False
24.8569 	EXP 	ClickTheButton: autoDraw = False
24.8569 	EXP 	ItemNo: autoDraw = False
24.8569 	EXP 	ResponseBox: text = 'default text'
24.8569 	EXP 	no3: autoDraw = True
25.0586 	DATA 	Mouse:  Left button up, pos=(1129,117)
25.8569 	EXP 	no3: autoDraw = False
25.8569 	EXP 	no3: autoDraw = False
25.8569 	EXP 	no2: autoDraw = True
26.8568 	EXP 	no2: autoDraw = False
26.8568 	EXP 	no2: autoDraw = False
26.8568 	EXP 	no1: autoDraw = True
27.8617 	EXP 	no1: autoDraw = False
27.8617 	EXP 	no1: autoDraw = False
27.8617 	EXP 	ResponseBox: text = '\n\n'
27.8617 	EXP 	ItemNo: text = '2/60'
27.8617 	EXP 	Question: autoDraw = True
27.8617 	EXP 	ResponseBox: autoDraw = True
27.8617 	EXP 	Submit: autoDraw = True
27.8617 	EXP 	ClickTheButton: autoDraw = True
27.8617 	EXP 	ItemNo: autoDraw = True
30.6769 	DATA 	Mouse: Left button down, pos=(1369,230)
30.8936 	DATA 	Mouse:  Left button up, pos=(1369,230)
31.5934 	DATA 	Mouse: Left button down, pos=(1369,230)
31.6773 	DATA 	Mouse:  Left button up, pos=(1369,230)
31.7671 	DATA 	Mouse: Left button down, pos=(1369,230)
31.9819 	DATA 	Mouse:  Left button up, pos=(1369,230)
33.5978 	DATA 	Keypress: return
33.6083 	EXP 	ResponseBox: text = '\n\n\n'
34.9314 	DATA 	Keypress: backspace
34.9413 	EXP 	ResponseBox: text = '\n\n'
35.6802 	DATA 	Keypress: space
35.6912 	EXP 	ResponseBox: text = ' \n\n'
36.0642 	DATA 	Keypress: space
36.0744 	EXP 	ResponseBox: text = '  \n\n'
36.4767 	DATA 	Keypress: space
36.4913 	EXP 	ResponseBox: text = '   \n\n'
36.6762 	DATA 	Keypress: space
36.6912 	EXP 	ResponseBox: text = '    \n\n'
36.8267 	DATA 	Keypress: space
36.8413 	EXP 	ResponseBox: text = '     \n\n'
36.9972 	DATA 	Keypress: space
37.0078 	EXP 	ResponseBox: text = '      \n\n'
37.1653 	DATA 	Keypress: space
37.1745 	EXP 	ResponseBox: text = '       \n\n'
37.3269 	DATA 	Keypress: space
37.3413 	EXP 	ResponseBox: text = '        \n\n'
37.8579 	EXP 	ResponseBox: text = '         \n\n'
37.8745 	EXP 	ResponseBox: text = '          \n\n'
37.9079 	EXP 	ResponseBox: text = '           \n\n'
37.9413 	EXP 	ResponseBox: text = '            \n\n'
37.9745 	EXP 	ResponseBox: text = '             \n\n'
38.0079 	EXP 	ResponseBox: text = '              \n\n'
38.0412 	EXP 	ResponseBox: text = '               \n\n'
38.0912 	EXP 	ResponseBox: text = '                \n\n'
38.1078 	EXP 	ResponseBox: text = '                 \n\n'
38.1412 	EXP 	ResponseBox: text = '                  \n\n'
38.1747 	EXP 	ResponseBox: text = '                   \n\n'
38.2077 	EXP 	ResponseBox: text = '                    \n\n'
38.2412 	EXP 	ResponseBox: text = '                     \n\n'
40.0772 	DATA 	Keypress: escape
40.5500 	EXP 	window1: mouseVisible = True
