1.1655 	WARNING 	We strongly recommend you activate the PTB sound engine in PsychoPy prefs as the preferred audio engine. Its timing is vastly superior. Your prefs are currently set to use ['sounddevice', 'PTB', 'pyo', 'pygame'] (in that order).
7.7025 	WARNING 	User requested fullscreen with size [1024  768], but screen is actually [2256, 1504]. Using actual size
9.5828 	EXP 	Created window1 = Window(allowGUI=False, allowStencil=False, args=UNKNOWN, autoLog=True, bitsMode=UNKNOWN, blendMode='avg', bpc=(8, 8, 8), color=array([0., 0., 0.]), colorSpace='rgb', depthBits=8, fullscr=<method-wrapper '__getattribute__' of attributeSetter object at 0x0000016B17224240>, gamma=None, gammaErrorPolicy='raise', kwargs=UNKNOWN, lms=UNKNOWN, monitor=<psychopy.monitors.calibTools.Monitor object at 0x0000016B1702B940>, multiSample=False, name='window1', numSamples=2, pos=[0.0, 0.0], screen=0, size=array([2256, 1504]), stencilBits=0, stereo=False, units='height', useFBO=True, useRetina=False, viewOri=0.0, viewPos=None, viewScale=None, waitBlanking=True, winType='pyglet')
9.5834 	EXP 	window1: mouseVisible = True
9.5835 	EXP 	window1: recordFrameIntervals = False
9.7477 	EXP 	window1: recordFrameIntervals = True
9.9321 	EXP 	window1: recordFrameIntervals = False
10.2717 	EXP 	Created InstructionTxt = TextStim(__class__=<class 'psychopy.visual.text.TextStim'>, alignHoriz=method-wrapper(...), alignText='center', alignVert=method-wrapper(...), anchorHoriz='center', anchorVert='center', antialias=True, autoLog=True, bold=False, color='white', colorSpace='named', contrast=1.0, depth=0.0, flipHoriz=False, flipVert=False, font='Arial', fontFiles=[], height=0.04, italic=False, languageStyle='LTR', name='InstructionTxt', opacity=1.0, ori=0, pos=array([0., 0.]), rgb=array([255., 255., 255.]), text=str(...), units='height', win=Window(...), wrapWidth=1)
10.2828 	EXP 	Created text = TextStim(__class__=<class 'psychopy.visual.text.TextStim'>, alignHoriz=method-wrapper(...), alignText='center', alignVert=method-wrapper(...), anchorHoriz='center', anchorVert='center', antialias=True, autoLog=True, bold=False, color='white', colorSpace='named', contrast=1.0, depth=0.0, flipHoriz=False, flipVert=False, font='Arial', fontFiles=[], height=0.04, italic=False, languageStyle='LTR', name='text', opacity=1.0, ori=0, pos=array([0., 0.]), rgb=array([255., 255., 255.]), text=str(...), units='height', win=Window(...), wrapWidth=1)
10.4471 	EXP 	Sound Music set volume 0.300
10.4618 	EXP 	Created StartTxt = TextStim(__class__=<class 'psychopy.visual.text.TextStim'>, alignHoriz=method-wrapper(...), alignText='center', alignVert=method-wrapper(...), anchorHoriz='center', anchorVert='center', antialias=True, autoLog=True, bold=False, color='white', colorSpace='named', contrast=1.0, depth=0.0, flipHoriz=False, flipVert=False, font='Arial', fontFiles=[], height=0.04, italic=False, languageStyle='LTR', name='StartTxt', opacity=1.0, ori=0, pos=array([0., 0.]), rgb=array([255., 255., 255.]), text='We will now begin the task', units='height', win=Window(...), wrapWidth=1)
10.4893 	EXP 	Created no3 = TextStim(__class__=<class 'psychopy.visual.text.TextStim'>, alignHoriz=method-wrapper(...), alignText='center', alignVert=method-wrapper(...), anchorHoriz='center', anchorVert='center', antialias=True, autoLog=True, bold=False, color='white', colorSpace='named', contrast=1.0, depth=0.0, flipHoriz=False, flipVert=False, font='Arial', fontFiles=[], height=0.05, italic=False, languageStyle='LTR', name='no3', opacity=1.0, ori=0, pos=array([0., 0.]), rgb=array([255., 255., 255.]), text='3', units='height', win=Window(...), wrapWidth=1)
10.5008 	EXP 	Created no2 = TextStim(__class__=<class 'psychopy.visual.text.TextStim'>, alignHoriz=method-wrapper(...), alignText='center', alignVert=method-wrapper(...), anchorHoriz='center', anchorVert='center', antialias=True, autoLog=True, bold=False, color='white', colorSpace='named', contrast=1.0, depth=0.0, flipHoriz=False, flipVert=False, font='Arial', fontFiles=[], height=0.05, italic=False, languageStyle='LTR', name='no2', opacity=1.0, ori=0, pos=array([0., 0.]), rgb=array([255., 255., 255.]), text='2', units='height', win=Window(...), wrapWidth=1)
10.5130 	EXP 	Created no1 = TextStim(__class__=<class 'psychopy.visual.text.TextStim'>, alignHoriz=method-wrapper(...), alignText='center', alignVert=method-wrapper(...), anchorHoriz='center', anchorVert='center', antialias=True, autoLog=True, bold=False, color='white', colorSpace='named', contrast=1.0, depth=0.0, flipHoriz=False, flipVert=False, font='Arial', fontFiles=[], height=0.05, italic=False, languageStyle='LTR', name='no1', opacity=1.0, ori=0, pos=array([0., 0.]), rgb=array([255., 255., 255.]), text='1', units='height', win=Window(...), wrapWidth=1)
10.5298 	EXP 	Created Question = TextStim(__class__=<class 'psychopy.visual.text.TextStim'>, alignHoriz=method-wrapper(...), alignText='center', alignVert=method-wrapper(...), anchorHoriz='center', anchorVert='center', antialias=True, autoLog=True, bold=False, color='white', colorSpace='named', contrast=1.0, depth=0.0, flipHoriz=False, flipVert=False, font='Arial', fontFiles=[], height=0.04, italic=False, languageStyle='LTR', name='Question', opacity=1.0, ori=0, pos=array([0., 0.]), rgb=array([255., 255., 255.]), text='What is this sound?\n', units='height', win=Window(...), wrapWidth=1)
10.5991 	EXP 	window1: mouseVisible = True
10.6196 	EXP 	Created ClickTheButton = TextStim(__class__=<class 'psychopy.visual.text.TextStim'>, alignHoriz=method-wrapper(...), alignText='center', alignVert=method-wrapper(...), anchorHoriz='center', anchorVert='center', antialias=True, autoLog=True, bold=False, color='white', colorSpace='named', contrast=1.0, depth=-3.0, flipHoriz=False, flipVert=False, font='Arial', fontFiles=[], height=0.025, italic=False, languageStyle='LTR', name='ClickTheButton', opacity=1.0, ori=0, pos=array([ 0.  , -0.03]), rgb=array([255., 255., 255.]), text="Click 'Submit' to continue.", units='height', win=Window(...), wrapWidth=1)
10.6197 	EXP 	Sound SoundItem set volume 1.000
10.6289 	EXP 	Created ItemNo = TextStim(__class__=<class 'psychopy.visual.text.TextStim'>, alignHoriz=method-wrapper(...), alignText='center', alignVert=method-wrapper(...), anchorHoriz='center', anchorVert='center', antialias=True, autoLog=True, bold=False, color='white', colorSpace='named', contrast=1.0, depth=-5.0, flipHoriz=False, flipVert=False, font='Arial', fontFiles=[], height=0.04, italic=False, languageStyle='LTR', name='ItemNo', opacity=1.0, ori=0, pos=array([0.  , 0.45]), rgb=array([255., 255., 255.]), text='default text', units='height', win=Window(...), wrapWidth=1)
10.6813 	EXP 	Created ThankyouMssg = TextStim(__class__=<class 'psychopy.visual.text.TextStim'>, alignHoriz=method-wrapper(...), alignText='center', alignVert=method-wrapper(...), anchorHoriz='center', anchorVert='center', antialias=True, autoLog=True, bold=False, color='white', colorSpace='named', contrast=1.0, depth=0.0, flipHoriz=False, flipVert=False, font='Arial', fontFiles=[], height=0.04, italic=False, languageStyle='LTR', name='ThankyouMssg', opacity=1.0, ori=0, pos=array([0., 0.]), rgb=array([255., 255., 255.]), text=str(...), units='height', win=Window(...), wrapWidth=1)
10.7211 	EXP 	ResponseBox: autoLog = True
10.7211 	EXP 	Submit: autoLog = True
10.7211 	EXP 	InstructionTxt: autoDraw = True
13.4239 	DATA 	Keypress: space
13.4288 	EXP 	InstructionTxt: autoDraw = False
13.4288 	EXP 	text: autoDraw = True
13.4288 	EXP 	ResponseBox: text = 'default text '
14.1272 	DATA 	Keypress: space
14.1333 	EXP 	text: autoDraw = False
14.1333 	EXP 	StartTxt: autoDraw = True
14.1333 	EXP 	ResponseBox: text = 'default text  '
16.2189 	EXP 	Imported GuessSounds_conditions.xlsx as conditions, 100 conditions, 2 params
16.2195 	EXP 	Created sequence: random, trialTypes=100, nReps=1, seed=None
16.2198 	EXP 	New trial (rep=0, index=0): OrderedDict([('SoundFiles', 'Initial/Doubled/Siren_A.wav'), ('Type', 'Doubled')])
16.2266 	EXP 	StartTxt: autoDraw = False
16.2266 	EXP 	no3: autoDraw = True
17.1478 	EXP 	no3: autoDraw = False
17.1478 	EXP 	no2: autoDraw = True
18.1477 	EXP 	no2: autoDraw = False
18.1477 	EXP 	no1: autoDraw = True
19.1787 	EXP 	no1: autoDraw = False
19.1787 	EXP 	ResponseBox: text = '\n\n'
19.1787 	EXP 	ItemNo: text = '1/60'
19.1787 	EXP 	Question: autoDraw = True
19.1787 	EXP 	ResponseBox: autoDraw = True
19.1787 	EXP 	ClickTheButton: autoDraw = True
19.1787 	EXP 	ItemNo: autoDraw = True
19.1787 	EXP 	Submit: autoDraw = True
20.2454 	DATA 	Mouse: Left button down, pos=(1134,167)
20.2679 	EXP 	New trial (rep=0, index=1): OrderedDict([('SoundFiles', 'Initial/Repeat/Stir.wav'), ('Type', 'Repeat')])
20.2762 	EXP 	Question: autoDraw = False
20.2762 	EXP 	ResponseBox: autoDraw = False
20.2762 	EXP 	ClickTheButton: autoDraw = False
20.2762 	EXP 	ItemNo: autoDraw = False
20.2762 	EXP 	Submit: autoDraw = False
20.2762 	EXP 	ResponseBox: text = 'default text'
20.2762 	EXP 	no3: autoDraw = True
20.4689 	DATA 	Mouse:  Left button up, pos=(1134,167)
21.2812 	EXP 	no3: autoDraw = False
21.2812 	EXP 	no3: autoDraw = False
21.2812 	EXP 	no2: autoDraw = True
22.2812 	EXP 	no2: autoDraw = False
22.2812 	EXP 	no2: autoDraw = False
22.2812 	EXP 	no1: autoDraw = True
23.3368 	EXP 	no1: autoDraw = False
23.3368 	EXP 	no1: autoDraw = False
23.3368 	EXP 	ResponseBox: text = '\n\n'
23.3368 	EXP 	ItemNo: text = '2/60'
23.3368 	EXP 	Question: autoDraw = True
23.3368 	EXP 	ResponseBox: autoDraw = True
23.3368 	EXP 	ClickTheButton: autoDraw = True
23.3368 	EXP 	ItemNo: autoDraw = True
23.3368 	EXP 	Submit: autoDraw = True
24.0134 	DATA 	Mouse: Left button down, pos=(1134,167)
24.0409 	EXP 	Question: autoDraw = False
24.0409 	EXP 	ResponseBox: autoDraw = False
24.0409 	EXP 	ClickTheButton: autoDraw = False
24.0409 	EXP 	ItemNo: autoDraw = False
24.0409 	EXP 	Submit: autoDraw = False
24.0409 	EXP 	ResponseBox: text = 'default text'
24.0409 	EXP 	ThankyouMssg: autoDraw = True
24.2395 	DATA 	Mouse:  Left button up, pos=(1134,167)
26.6218 	DATA 	Keypress: escape
27.1070 	EXP 	window1: mouseVisible = True
