1.1806 	WARNING 	We strongly recommend you activate the PTB sound engine in PsychoPy prefs as the preferred audio engine. Its timing is vastly superior. Your prefs are currently set to use ['sounddevice', 'PTB', 'pyo', 'pygame'] (in that order).
4.4668 	WARNING 	User requested fullscreen with size [1024  768], but screen is actually [2256, 1504]. Using actual size
6.3573 	EXP 	Created window1 = Window(allowGUI=False, allowStencil=False, args=UNKNOWN, autoLog=True, bitsMode=UNKNOWN, blendMode='avg', bpc=(8, 8, 8), color=array([0., 0., 0.]), colorSpace='rgb', depthBits=8, fullscr=<method-wrapper '__getattribute__' of attributeSetter object at 0x0000019EA7E70C18>, gamma=None, gammaErrorPolicy='raise', kwargs=UNKNOWN, lms=UNKNOWN, monitor=<psychopy.monitors.calibTools.Monitor object at 0x0000019EA7D81358>, multiSample=False, name='window1', numSamples=2, pos=[0.0, 0.0], screen=0, size=array([2256, 1504]), stencilBits=0, stereo=False, units='height', useFBO=True, useRetina=False, viewOri=0.0, viewPos=None, viewScale=None, waitBlanking=True, winType='pyglet')
6.3576 	EXP 	window1: mouseVisible = True
6.3576 	EXP 	window1: recordFrameIntervals = False
6.5234 	EXP 	window1: recordFrameIntervals = True
6.7067 	EXP 	window1: recordFrameIntervals = False
7.0155 	EXP 	Created InstructionTxt = TextStim(__class__=<class 'psychopy.visual.text.TextStim'>, alignHoriz=method-wrapper(...), alignText='center', alignVert=method-wrapper(...), anchorHoriz='center', anchorVert='center', antialias=True, autoLog=True, bold=False, color='white', colorSpace='named', contrast=1.0, depth=0.0, flipHoriz=False, flipVert=False, font='Arial', fontFiles=[], height=0.04, italic=False, languageStyle='LTR', name='InstructionTxt', opacity=1.0, ori=0, pos=array([0., 0.]), rgb=array([255., 255., 255.]), text=str(...), units='height', win=Window(...), wrapWidth=1)
7.0266 	EXP 	Created WelcomContinue = TextStim(__class__=<class 'psychopy.visual.text.TextStim'>, alignHoriz=method-wrapper(...), alignText='center', alignVert=method-wrapper(...), anchorHoriz='center', anchorVert='center', antialias=True, autoLog=True, bold=False, color='white', colorSpace='named', contrast=1.0, depth=-3.0, flipHoriz=False, flipVert=False, font='Arial', fontFiles=[], height=0.04, italic=False, languageStyle='LTR', name='WelcomContinue', opacity=1.0, ori=0, pos=array([ 0. , -0.4]), rgb=array([255., 255., 255.]), text='Press SPACE to continue', units='height', win=Window(...), wrapWidth=1)
7.0453 	EXP 	Created InstructionTxt2 = TextStim(__class__=<class 'psychopy.visual.text.TextStim'>, alignHoriz=method-wrapper(...), alignText='center', alignVert=method-wrapper(...), anchorHoriz='center', anchorVert='center', antialias=True, autoLog=True, bold=False, color='white', colorSpace='named', contrast=1.0, depth=0.0, flipHoriz=False, flipVert=False, font='Arial', fontFiles=[], height=0.04, italic=False, languageStyle='LTR', name='InstructionTxt2', opacity=1.0, ori=0, pos=array([0., 0.]), rgb=array([255., 255., 255.]), text=str(...), units='height', win=Window(...), wrapWidth=1)
7.0497 	EXP 	Created WelcomeContinue2 = TextStim(__class__=<class 'psychopy.visual.text.TextStim'>, alignHoriz=method-wrapper(...), alignText='center', alignVert=method-wrapper(...), anchorHoriz='center', anchorVert='center', antialias=True, autoLog=True, bold=False, color='white', colorSpace='named', contrast=1.0, depth=-1.0, flipHoriz=False, flipVert=False, font='Arial', fontFiles=[], height=0.04, italic=False, languageStyle='LTR', name='WelcomeContinue2', opacity=1.0, ori=0, pos=array([ 0. , -0.4]), rgb=array([255., 255., 255.]), text='Press SPACE to continue', units='height', win=Window(...), wrapWidth=1)
7.0590 	EXP 	Created VolumeBeginTxt = TextStim(__class__=<class 'psychopy.visual.text.TextStim'>, alignHoriz=method-wrapper(...), alignText='center', alignVert=method-wrapper(...), anchorHoriz='center', anchorVert='center', antialias=True, autoLog=True, bold=False, color='white', colorSpace='named', contrast=1.0, depth=0.0, flipHoriz=False, flipVert=False, font='Arial', fontFiles=[], height=0.04, italic=False, languageStyle='LTR', name='VolumeBeginTxt', opacity=1.0, ori=0, pos=array([0., 0.]), rgb=array([255., 255., 255.]), text=str(...), units='height', win=Window(...), wrapWidth=1)
7.0649 	EXP 	Created VolumeContinue = TextStim(__class__=<class 'psychopy.visual.text.TextStim'>, alignHoriz=method-wrapper(...), alignText='center', alignVert=method-wrapper(...), anchorHoriz='center', anchorVert='center', antialias=True, autoLog=True, bold=False, color='white', colorSpace='named', contrast=1.0, depth=-1.0, flipHoriz=False, flipVert=False, font='Arial', fontFiles=[], height=0.04, italic=False, languageStyle='LTR', name='VolumeContinue', opacity=1.0, ori=0, pos=array([ 0. , -0.4]), rgb=array([255., 255., 255.]), text=str(...), units='height', win=Window(...), wrapWidth=1)
7.0741 	EXP 	Created text = TextStim(__class__=<class 'psychopy.visual.text.TextStim'>, alignHoriz=method-wrapper(...), alignText='center', alignVert=method-wrapper(...), anchorHoriz='center', anchorVert='center', antialias=True, autoLog=True, bold=False, color='white', colorSpace='named', contrast=1.0, depth=0.0, flipHoriz=False, flipVert=False, font='Arial', fontFiles=[], height=0.04, italic=False, languageStyle='LTR', name='text', opacity=1.0, ori=0, pos=array([0., 0.]), rgb=array([255., 255., 255.]), text=str(...), units='height', win=Window(...), wrapWidth=1)
7.1937 	EXP 	Sound Music set volume 0.300
7.2009 	EXP 	Created AdjustContinue = TextStim(__class__=<class 'psychopy.visual.text.TextStim'>, alignHoriz=method-wrapper(...), alignText='center', alignVert=method-wrapper(...), anchorHoriz='center', anchorVert='center', antialias=True, autoLog=True, bold=False, color='white', colorSpace='named', contrast=1.0, depth=-3.0, flipHoriz=False, flipVert=False, font='Arial', fontFiles=[], height=0.04, italic=False, languageStyle='LTR', name='AdjustContinue', opacity=1.0, ori=0, pos=array([ 0. , -0.4]), rgb=array([255., 255., 255.]), text=str(...), units='height', win=Window(...), wrapWidth=1)
7.2055 	EXP 	Created StartTxt = TextStim(__class__=<class 'psychopy.visual.text.TextStim'>, alignHoriz=method-wrapper(...), alignText='center', alignVert=method-wrapper(...), anchorHoriz='center', anchorVert='center', antialias=True, autoLog=True, bold=False, color='white', colorSpace='named', contrast=1.0, depth=0.0, flipHoriz=False, flipVert=False, font='Arial', fontFiles=[], height=0.04, italic=False, languageStyle='LTR', name='StartTxt', opacity=1.0, ori=0, pos=array([0., 0.]), rgb=array([255., 255., 255.]), text='We will now begin the task', units='height', win=Window(...), wrapWidth=1)
7.2146 	EXP 	Created no3 = TextStim(__class__=<class 'psychopy.visual.text.TextStim'>, alignHoriz=method-wrapper(...), alignText='center', alignVert=method-wrapper(...), anchorHoriz='center', anchorVert='center', antialias=True, autoLog=True, bold=False, color='white', colorSpace='named', contrast=1.0, depth=0.0, flipHoriz=False, flipVert=False, font='Arial', fontFiles=[], height=0.05, italic=False, languageStyle='LTR', name='no3', opacity=1.0, ori=0, pos=array([0., 0.]), rgb=array([255., 255., 255.]), text='3', units='height', win=Window(...), wrapWidth=1)
7.2191 	EXP 	Created no2 = TextStim(__class__=<class 'psychopy.visual.text.TextStim'>, alignHoriz=method-wrapper(...), alignText='center', alignVert=method-wrapper(...), anchorHoriz='center', anchorVert='center', antialias=True, autoLog=True, bold=False, color='white', colorSpace='named', contrast=1.0, depth=0.0, flipHoriz=False, flipVert=False, font='Arial', fontFiles=[], height=0.05, italic=False, languageStyle='LTR', name='no2', opacity=1.0, ori=0, pos=array([0., 0.]), rgb=array([255., 255., 255.]), text='2', units='height', win=Window(...), wrapWidth=1)
7.2231 	EXP 	Created no1 = TextStim(__class__=<class 'psychopy.visual.text.TextStim'>, alignHoriz=method-wrapper(...), alignText='center', alignVert=method-wrapper(...), anchorHoriz='center', anchorVert='center', antialias=True, autoLog=True, bold=False, color='white', colorSpace='named', contrast=1.0, depth=0.0, flipHoriz=False, flipVert=False, font='Arial', fontFiles=[], height=0.05, italic=False, languageStyle='LTR', name='no1', opacity=1.0, ori=0, pos=array([0., 0.]), rgb=array([255., 255., 255.]), text='1', units='height', win=Window(...), wrapWidth=1)
7.2288 	EXP 	Created Question = TextStim(__class__=<class 'psychopy.visual.text.TextStim'>, alignHoriz=method-wrapper(...), alignText='center', alignVert=method-wrapper(...), anchorHoriz='center', anchorVert='center', antialias=True, autoLog=True, bold=False, color='white', colorSpace='named', contrast=1.0, depth=0.0, flipHoriz=False, flipVert=False, font='Arial', fontFiles=[], height=0.04, italic=False, languageStyle='LTR', name='Question', opacity=1.0, ori=0, pos=array([0., 0.]), rgb=array([255., 255., 255.]), text='What is this sound?\n', units='height', win=Window(...), wrapWidth=1)
7.2989 	EXP 	window1: mouseVisible = True
7.3226 	EXP 	Created ClickTheButton = TextStim(__class__=<class 'psychopy.visual.text.TextStim'>, alignHoriz=method-wrapper(...), alignText='center', alignVert=method-wrapper(...), anchorHoriz='center', anchorVert='center', antialias=True, autoLog=True, bold=False, color='white', colorSpace='named', contrast=1.0, depth=-3.0, flipHoriz=False, flipVert=False, font='Arial', fontFiles=[], height=0.025, italic=False, languageStyle='LTR', name='ClickTheButton', opacity=1.0, ori=0, pos=array([ 0.  , -0.03]), rgb=array([255., 255., 255.]), text="Click 'Submit' to continue.", units='height', win=Window(...), wrapWidth=1)
7.3227 	EXP 	Sound SoundItem set volume 1.000
7.3337 	EXP 	Created ItemNo = TextStim(__class__=<class 'psychopy.visual.text.TextStim'>, alignHoriz=method-wrapper(...), alignText='center', alignVert=method-wrapper(...), anchorHoriz='center', anchorVert='center', antialias=True, autoLog=True, bold=False, color='white', colorSpace='named', contrast=1.0, depth=-5.0, flipHoriz=False, flipVert=False, font='Arial', fontFiles=[], height=0.04, italic=False, languageStyle='LTR', name='ItemNo', opacity=1.0, ori=0, pos=array([0.  , 0.45]), rgb=array([255., 255., 255.]), text='default text', units='height', win=Window(...), wrapWidth=1)
7.3970 	EXP 	Created ThankyouMssg = TextStim(__class__=<class 'psychopy.visual.text.TextStim'>, alignHoriz=method-wrapper(...), alignText='center', alignVert=method-wrapper(...), anchorHoriz='center', anchorVert='center', antialias=True, autoLog=True, bold=False, color='white', colorSpace='named', contrast=1.0, depth=0.0, flipHoriz=False, flipVert=False, font='Arial', fontFiles=[], height=0.04, italic=False, languageStyle='LTR', name='ThankyouMssg', opacity=1.0, ori=0, pos=array([0. , 0.2]), rgb=array([255., 255., 255.]), text=str(...), units='height', win=Window(...), wrapWidth=1)
7.4610 	EXP 	Created ExitTxt = TextStim(__class__=<class 'psychopy.visual.text.TextStim'>, alignHoriz=method-wrapper(...), alignText='center', alignVert=method-wrapper(...), anchorHoriz='center', anchorVert='center', antialias=True, autoLog=True, bold=False, color='white', colorSpace='named', contrast=1.0, depth=-2.0, flipHoriz=False, flipVert=False, font='Arial', fontFiles=[], height=0.04, italic=False, languageStyle='LTR', name='ExitTxt', opacity=1.0, ori=0, pos=array([ 0. , -0.4]), rgb=array([255., 255., 255.]), text='Press SPACE to exit the study', units='height', win=Window(...), wrapWidth=1)
7.4738 	EXP 	Created CodeTxt = TextStim(__class__=<class 'psychopy.visual.text.TextStim'>, alignHoriz=method-wrapper(...), alignText='center', alignVert=method-wrapper(...), anchorHoriz='center', anchorVert='center', antialias=True, autoLog=True, bold=False, color='white', colorSpace='named', contrast=1.0, depth=-4.0, flipHoriz=False, flipVert=False, font='Arial', fontFiles=[], height=0.04, italic=False, languageStyle='LTR', name='CodeTxt', opacity=1.0, ori=0, pos=array([ 0.  , -0.22]), rgb=array([255., 255., 255.]), text=str(...), units='height', win=Window(...), wrapWidth=1)
7.5086 	EXP 	ResponseBox: autoLog = True
7.5086 	EXP 	Submit: autoLog = True
7.5086 	EXP 	CompletionCode: autoLog = True
7.5086 	EXP 	InstructionTxt: autoDraw = True
7.5086 	EXP 	WelcomContinue: autoDraw = True
7.9330 	DATA 	Keypress: space
7.9406 	EXP 	InstructionTxt: autoDraw = False
7.9406 	EXP 	WelcomContinue: autoDraw = False
7.9406 	EXP 	InstructionTxt2: autoDraw = True
7.9406 	EXP 	WelcomeContinue2: autoDraw = True
7.9406 	EXP 	ResponseBox: text = 'default text '
9.2500 	DATA 	Keypress: space
9.2568 	EXP 	InstructionTxt2: autoDraw = False
9.2568 	EXP 	WelcomeContinue2: autoDraw = False
9.2568 	EXP 	VolumeBeginTxt: autoDraw = True
9.2568 	EXP 	VolumeContinue: autoDraw = True
9.2568 	EXP 	ResponseBox: text = 'default text  '
9.8548 	DATA 	Keypress: space
9.8592 	EXP 	VolumeBeginTxt: autoDraw = False
9.8592 	EXP 	VolumeContinue: autoDraw = False
9.8592 	EXP 	text: autoDraw = True
9.8592 	EXP 	AdjustContinue: autoDraw = True
9.8592 	EXP 	ResponseBox: text = 'default text   '
10.4976 	DATA 	Keypress: space
10.5064 	EXP 	text: autoDraw = False
10.5064 	EXP 	AdjustContinue: autoDraw = False
10.5064 	EXP 	StartTxt: autoDraw = True
10.5064 	EXP 	ResponseBox: text = 'default text    '
12.5344 	EXP 	Imported GuessSounds_conditions.xlsx as conditions, 3 conditions, 1 params
12.5347 	EXP 	Created sequence: sequential, trialTypes=3, nReps=1, seed=None
12.5349 	EXP 	New trial (rep=0, index=0): OrderedDict([('SoundFiles', 'Cough_C.wav')])
12.5418 	EXP 	StartTxt: autoDraw = False
12.5418 	EXP 	StartTxt: autoDraw = False
12.5418 	EXP 	no3: autoDraw = True
13.5229 	EXP 	no3: autoDraw = False
13.5229 	EXP 	no2: autoDraw = True
14.5230 	EXP 	no2: autoDraw = False
14.5230 	EXP 	no1: autoDraw = True
15.5446 	EXP 	no1: autoDraw = False
15.5446 	EXP 	ResponseBox: text = '\n\n'
15.5446 	EXP 	ItemNo: text = '1/60'
15.5446 	EXP 	Question: autoDraw = True
15.5446 	EXP 	ResponseBox: autoDraw = True
15.5446 	EXP 	ClickTheButton: autoDraw = True
15.5446 	EXP 	ItemNo: autoDraw = True
15.5446 	EXP 	Submit: autoDraw = True
17.3589 	DATA 	Mouse: Left button down, pos=(1076,163)
17.3645 	EXP 	New trial (rep=0, index=1): OrderedDict([('SoundFiles', 'Cough_D.wav')])
17.3733 	EXP 	Question: autoDraw = False
17.3733 	EXP 	ResponseBox: autoDraw = False
17.3733 	EXP 	ClickTheButton: autoDraw = False
17.3733 	EXP 	ItemNo: autoDraw = False
17.3733 	EXP 	Submit: autoDraw = False
17.3733 	EXP 	ResponseBox: text = 'default text'
17.3733 	EXP 	no3: autoDraw = True
17.5585 	DATA 	Mouse:  Left button up, pos=(1076,163)
18.3730 	EXP 	no3: autoDraw = False
18.3730 	EXP 	no3: autoDraw = False
18.3730 	EXP 	no2: autoDraw = True
19.3727 	EXP 	no2: autoDraw = False
19.3727 	EXP 	no2: autoDraw = False
19.3727 	EXP 	no1: autoDraw = True
20.3751 	EXP 	no1: autoDraw = False
20.3751 	EXP 	no1: autoDraw = False
20.3751 	EXP 	ResponseBox: text = '\n\n'
20.3751 	EXP 	ItemNo: text = '2/60'
20.3751 	EXP 	Question: autoDraw = True
20.3751 	EXP 	ResponseBox: autoDraw = True
20.3751 	EXP 	ClickTheButton: autoDraw = True
20.3751 	EXP 	ItemNo: autoDraw = True
20.3751 	EXP 	Submit: autoDraw = True
21.4123 	DATA 	Mouse: Left button down, pos=(1101,185)
21.4293 	EXP 	New trial (rep=0, index=2): OrderedDict([('SoundFiles', 'Piano_B.wav')])
21.4400 	EXP 	Question: autoDraw = False
21.4400 	EXP 	ResponseBox: autoDraw = False
21.4400 	EXP 	ClickTheButton: autoDraw = False
21.4400 	EXP 	ItemNo: autoDraw = False
21.4400 	EXP 	Submit: autoDraw = False
21.4400 	EXP 	ResponseBox: text = 'default text'
21.4400 	EXP 	no3: autoDraw = True
21.6418 	DATA 	Mouse:  Left button up, pos=(1101,185)
22.4396 	EXP 	no3: autoDraw = False
22.4396 	EXP 	no3: autoDraw = False
22.4396 	EXP 	no2: autoDraw = True
23.4395 	EXP 	no2: autoDraw = False
23.4395 	EXP 	no2: autoDraw = False
23.4395 	EXP 	no1: autoDraw = True
24.4412 	EXP 	no1: autoDraw = False
24.4412 	EXP 	no1: autoDraw = False
24.4412 	EXP 	ResponseBox: text = '\n\n'
24.4412 	EXP 	ItemNo: text = '3/60'
24.4412 	EXP 	Question: autoDraw = True
24.4412 	EXP 	ResponseBox: autoDraw = True
24.4412 	EXP 	ClickTheButton: autoDraw = True
24.4412 	EXP 	ItemNo: autoDraw = True
24.4412 	EXP 	Submit: autoDraw = True
26.6249 	DATA 	Mouse: Left button down, pos=(1127,180)
26.6403 	EXP 	Question: autoDraw = False
26.6403 	EXP 	ResponseBox: autoDraw = False
26.6403 	EXP 	ClickTheButton: autoDraw = False
26.6403 	EXP 	ItemNo: autoDraw = False
26.6403 	EXP 	Submit: autoDraw = False
26.6403 	EXP 	ResponseBox: text = 'default text'
26.6403 	EXP 	ThankyouMssg: autoDraw = True
26.6403 	EXP 	CompletionCode: autoDraw = True
26.6403 	EXP 	ExitTxt: autoDraw = True
26.6403 	EXP 	CodeTxt: autoDraw = True
26.8630 	DATA 	Mouse:  Left button up, pos=(1127,180)
31.7966 	DATA 	Keypress: escape
32.2824 	EXP 	window1: mouseVisible = True
