1.1419 	WARNING 	We strongly recommend you activate the PTB sound engine in PsychoPy prefs as the preferred audio engine. Its timing is vastly superior. Your prefs are currently set to use ['sounddevice', 'PTB', 'pyo', 'pygame'] (in that order).
4.8259 	WARNING 	User requested fullscreen with size [1024  768], but screen is actually [2256, 1504]. Using actual size
6.7134 	EXP 	Created window1 = Window(allowGUI=False, allowStencil=False, args=UNKNOWN, autoLog=True, bitsMode=UNKNOWN, blendMode='avg', bpc=(8, 8, 8), color=array([0., 0., 0.]), colorSpace='rgb', depthBits=8, fullscr=<method-wrapper '__getattribute__' of attributeSetter object at 0x0000025095CA09E8>, gamma=None, gammaErrorPolicy='raise', kwargs=UNKNOWN, lms=UNKNOWN, monitor=<psychopy.monitors.calibTools.Monitor object at 0x0000025095CE1128>, multiSample=False, name='window1', numSamples=2, pos=[0.0, 0.0], screen=0, size=array([2256, 1504]), stencilBits=0, stereo=False, units='height', useFBO=True, useRetina=False, viewOri=0.0, viewPos=None, viewScale=None, waitBlanking=True, winType='pyglet')
6.7141 	EXP 	window1: mouseVisible = True
6.7142 	EXP 	window1: recordFrameIntervals = False
6.8787 	EXP 	window1: recordFrameIntervals = True
7.0627 	EXP 	window1: recordFrameIntervals = False
7.4021 	EXP 	Created InstructionTxt = TextStim(__class__=<class 'psychopy.visual.text.TextStim'>, alignHoriz=method-wrapper(...), alignText='center', alignVert=method-wrapper(...), anchorHoriz='center', anchorVert='center', antialias=True, autoLog=True, bold=False, color='white', colorSpace='named', contrast=1.0, depth=0.0, flipHoriz=False, flipVert=False, font='Arial', fontFiles=[], height=0.04, italic=False, languageStyle='LTR', name='InstructionTxt', opacity=1.0, ori=0, pos=array([0., 0.]), rgb=array([255., 255., 255.]), text=str(...), units='height', win=Window(...), wrapWidth=1)
7.4123 	EXP 	Created WelcomContinue = TextStim(__class__=<class 'psychopy.visual.text.TextStim'>, alignHoriz=method-wrapper(...), alignText='center', alignVert=method-wrapper(...), anchorHoriz='center', anchorVert='center', antialias=True, autoLog=True, bold=False, color='white', colorSpace='named', contrast=1.0, depth=-3.0, flipHoriz=False, flipVert=False, font='Arial', fontFiles=[], height=0.04, italic=False, languageStyle='LTR', name='WelcomContinue', opacity=1.0, ori=0, pos=array([ 0. , -0.4]), rgb=array([255., 255., 255.]), text='Press SPACE to continue', units='height', win=Window(...), wrapWidth=1)
7.4308 	EXP 	Created VolumeBeginTxt = TextStim(__class__=<class 'psychopy.visual.text.TextStim'>, alignHoriz=method-wrapper(...), alignText='center', alignVert=method-wrapper(...), anchorHoriz='center', anchorVert='center', antialias=True, autoLog=True, bold=False, color='white', colorSpace='named', contrast=1.0, depth=0.0, flipHoriz=False, flipVert=False, font='Arial', fontFiles=[], height=0.04, italic=False, languageStyle='LTR', name='VolumeBeginTxt', opacity=1.0, ori=0, pos=array([0., 0.]), rgb=array([255., 255., 255.]), text=str(...), units='height', win=Window(...), wrapWidth=1)
7.4406 	EXP 	Created text = TextStim(__class__=<class 'psychopy.visual.text.TextStim'>, alignHoriz=method-wrapper(...), alignText='center', alignVert=method-wrapper(...), anchorHoriz='center', anchorVert='center', antialias=True, autoLog=True, bold=False, color='white', colorSpace='named', contrast=1.0, depth=0.0, flipHoriz=False, flipVert=False, font='Arial', fontFiles=[], height=0.04, italic=False, languageStyle='LTR', name='text', opacity=1.0, ori=0, pos=array([0., 0.]), rgb=array([255., 255., 255.]), text=str(...), units='height', win=Window(...), wrapWidth=1)
7.5585 	EXP 	Sound Music set volume 0.300
7.5653 	EXP 	Created AdjustContinue = TextStim(__class__=<class 'psychopy.visual.text.TextStim'>, alignHoriz=method-wrapper(...), alignText='center', alignVert=method-wrapper(...), anchorHoriz='center', anchorVert='center', antialias=True, autoLog=True, bold=False, color='white', colorSpace='named', contrast=1.0, depth=-3.0, flipHoriz=False, flipVert=False, font='Arial', fontFiles=[], height=0.04, italic=False, languageStyle='LTR', name='AdjustContinue', opacity=1.0, ori=0, pos=array([ 0. , -0.4]), rgb=array([255., 255., 255.]), text=str(...), units='height', win=Window(...), wrapWidth=1)
7.5901 	EXP 	Created HeadphoneCheckBeing = TextStim(__class__=<class 'psychopy.visual.text.TextStim'>, alignHoriz=method-wrapper(...), alignText='center', alignVert=method-wrapper(...), anchorHoriz='center', anchorVert='center', antialias=True, autoLog=True, bold=False, color='white', colorSpace='named', contrast=1.0, depth=0.0, flipHoriz=False, flipVert=False, font='Arial', fontFiles=[], height=0.04, italic=False, languageStyle='LTR', name='HeadphoneCheckBeing', opacity=1.0, ori=0, pos=array([0., 0.]), rgb=array([255., 255., 255.]), text=str(...), units='height', win=Window(...), wrapWidth=1)
7.5950 	EXP 	Created HeadphoneContinue = TextStim(__class__=<class 'psychopy.visual.text.TextStim'>, alignHoriz=method-wrapper(...), alignText='center', alignVert=method-wrapper(...), anchorHoriz='center', anchorVert='center', antialias=True, autoLog=True, bold=False, color='white', colorSpace='named', contrast=1.0, depth=-1.0, flipHoriz=False, flipVert=False, font='Arial', fontFiles=[], height=0.04, italic=False, languageStyle='LTR', name='HeadphoneContinue', opacity=1.0, ori=0, pos=array([ 0. , -0.4]), rgb=array([255., 255., 255.]), text='Press SPACE to continue', units='height', win=Window(...), wrapWidth=1)
7.6359 	EXP 	Created text_3 = TextStim(__class__=<class 'psychopy.visual.text.TextStim'>, alignHoriz=method-wrapper(...), alignText='center', alignVert=method-wrapper(...), anchorHoriz='center', anchorVert='center', antialias=True, autoLog=True, bold=False, color='white', colorSpace='named', contrast=1.0, depth=0.0, flipHoriz=False, flipVert=False, font='Arial', fontFiles=[], height=0.04, italic=False, languageStyle='LTR', name='text_3', opacity=1.0, ori=0, pos=array([0., 0.]), rgb=array([255., 255., 255.]), text=str(...), units='height', win=Window(...), wrapWidth=1)
7.6404 	EXP 	Created text_4 = TextStim(__class__=<class 'psychopy.visual.text.TextStim'>, alignHoriz=method-wrapper(...), alignText='center', alignVert=method-wrapper(...), anchorHoriz='center', anchorVert='center', antialias=True, autoLog=True, bold=False, color='white', colorSpace='named', contrast=1.0, depth=-1.0, flipHoriz=False, flipVert=False, font='Arial', fontFiles=[], height=0.04, italic=False, languageStyle='LTR', name='text_4', opacity=1.0, ori=0, pos=array([ 0. , -0.4]), rgb=array([255., 255., 255.]), text='Press SPACE to continue', units='height', win=Window(...), wrapWidth=1)
7.6623 	EXP 	Created text_5 = TextStim(__class__=<class 'psychopy.visual.text.TextStim'>, alignHoriz=method-wrapper(...), alignText='center', alignVert=method-wrapper(...), anchorHoriz='center', anchorVert='center', antialias=True, autoLog=True, bold=False, color='white', colorSpace='named', contrast=1.0, depth=0.0, flipHoriz=False, flipVert=False, font='Arial', fontFiles=[], height=0.04, italic=False, languageStyle='LTR', name='text_5', opacity=1.0, ori=0, pos=array([0., 0.]), rgb=array([255., 255., 255.]), text=str(...), units='height', win=Window(...), wrapWidth=1)
7.6669 	EXP 	Created text_6 = TextStim(__class__=<class 'psychopy.visual.text.TextStim'>, alignHoriz=method-wrapper(...), alignText='center', alignVert=method-wrapper(...), anchorHoriz='center', anchorVert='center', antialias=True, autoLog=True, bold=False, color='white', colorSpace='named', contrast=1.0, depth=-1.0, flipHoriz=False, flipVert=False, font='Arial', fontFiles=[], height=0.04, italic=False, languageStyle='LTR', name='text_6', opacity=1.0, ori=0, pos=array([ 0. , -0.4]), rgb=array([255., 255., 255.]), text='Press SPACE to continue', units='height', win=Window(...), wrapWidth=1)
7.6816 	EXP 	Created InstructionTxt2 = TextStim(__class__=<class 'psychopy.visual.text.TextStim'>, alignHoriz=method-wrapper(...), alignText='center', alignVert=method-wrapper(...), anchorHoriz='center', anchorVert='center', antialias=True, autoLog=True, bold=False, color='white', colorSpace='named', contrast=1.0, depth=0.0, flipHoriz=False, flipVert=False, font='Arial', fontFiles=[], height=0.04, italic=False, languageStyle='LTR', name='InstructionTxt2', opacity=1.0, ori=0, pos=array([0., 0.]), rgb=array([255., 255., 255.]), text=str(...), units='height', win=Window(...), wrapWidth=1)
7.6864 	EXP 	Created WelcomeContinue2 = TextStim(__class__=<class 'psychopy.visual.text.TextStim'>, alignHoriz=method-wrapper(...), alignText='center', alignVert=method-wrapper(...), anchorHoriz='center', anchorVert='center', antialias=True, autoLog=True, bold=False, color='white', colorSpace='named', contrast=1.0, depth=-1.0, flipHoriz=False, flipVert=False, font='Arial', fontFiles=[], height=0.04, italic=False, languageStyle='LTR', name='WelcomeContinue2', opacity=1.0, ori=0, pos=array([ 0. , -0.4]), rgb=array([255., 255., 255.]), text='Press SPACE to begin practice\n', units='height', win=Window(...), wrapWidth=1)
7.6897 	EXP 	Created TrialNumber = TextStim(__class__=<class 'psychopy.visual.text.TextStim'>, alignHoriz=method-wrapper(...), alignText='center', alignVert=method-wrapper(...), anchorHoriz='center', anchorVert='center', antialias=True, autoLog=True, bold=False, color='white', colorSpace='named', contrast=1.0, depth=0.0, flipHoriz=False, flipVert=False, font='Arial', fontFiles=[], height=0.04, italic=False, languageStyle='LTR', name='TrialNumber', opacity=1.0, ori=0, pos=array([0. , 0.3]), rgb=array([255., 255., 255.]), text='default text', units='height', win=Window(...), wrapWidth=1)
7.6897 	EXP 	Sound PracticeSound set volume 1.000
7.7048 	EXP 	Created PracticeCross = TextStim(__class__=<class 'psychopy.visual.text.TextStim'>, alignHoriz=method-wrapper(...), alignText='center', alignVert=method-wrapper(...), anchorHoriz='center', anchorVert='center', antialias=True, autoLog=True, bold=False, color='white', colorSpace='named', contrast=1.0, depth=-2.0, flipHoriz=False, flipVert=False, font='Arial', fontFiles=[], height=0.1, italic=False, languageStyle='LTR', name='PracticeCross', opacity=1.0, ori=0, pos=array([0., 0.]), rgb=array([255., 255., 255.]), text='+', units='height', win=Window(...), wrapWidth=1)
7.7083 	EXP 	Created PracticeMssg = TextStim(__class__=<class 'psychopy.visual.text.TextStim'>, alignHoriz=method-wrapper(...), alignText='center', alignVert=method-wrapper(...), anchorHoriz='center', anchorVert='center', antialias=True, autoLog=True, bold=False, color='white', colorSpace='named', contrast=1.0, depth=-2.0, flipHoriz=False, flipVert=False, font='Arial', fontFiles=[], height=0.04, italic=False, languageStyle='LTR', name='PracticeMssg', opacity=1.0, ori=0, pos=array([0. , 0.2]), rgb=array([255., 255., 255.]), text='default text', units='height', win=Window(...), wrapWidth=1)
7.7101 	EXP 	Created FeedbackCross = TextStim(__class__=<class 'psychopy.visual.text.TextStim'>, alignHoriz=method-wrapper(...), alignText='center', alignVert=method-wrapper(...), anchorHoriz='center', anchorVert='center', antialias=True, autoLog=True, bold=False, color='white', colorSpace='named', contrast=1.0, depth=-3.0, flipHoriz=False, flipVert=False, font='Arial', fontFiles=[], height=0.1, italic=False, languageStyle='LTR', name='FeedbackCross', opacity=1.0, ori=0, pos=array([0., 0.]), rgb=array([255., 255., 255.]), text='+', units='height', win=Window(...), wrapWidth=1)
7.7152 	EXP 	Created Continue = TextStim(__class__=<class 'psychopy.visual.text.TextStim'>, alignHoriz=method-wrapper(...), alignText='center', alignVert=method-wrapper(...), anchorHoriz='center', anchorVert='center', antialias=True, autoLog=True, bold=False, color='white', colorSpace='named', contrast=1.0, depth=-4.0, flipHoriz=False, flipVert=False, font='Arial', fontFiles=[], height=0.04, italic=False, languageStyle='LTR', name='Continue', opacity=1.0, ori=0, pos=array([ 0. , -0.4]), rgb=array([255., 255., 255.]), text='Press the correct number on your keyboard', units='height', win=Window(...), wrapWidth=1)
7.7263 	EXP 	Created Options = TextStim(__class__=<class 'psychopy.visual.text.TextStim'>, alignHoriz=method-wrapper(...), alignText='center', alignVert=method-wrapper(...), anchorHoriz='center', anchorVert='center', antialias=True, autoLog=True, bold=False, color='white', colorSpace='named', contrast=1.0, depth=-5.0, flipHoriz=False, flipVert=False, font='Arial', fontFiles=[], height=0.04, italic=False, languageStyle='LTR', name='Options', opacity=1.0, ori=0, pos=array([ 0. , -0.2]), rgb=array([255., 255., 255.]), text='1 = REPEAT\n2 = SIMILAR\n3 = NEW', units='height', win=Window(...), wrapWidth=1)
7.7301 	EXP 	Created FeedbackMssg = TextStim(__class__=<class 'psychopy.visual.text.TextStim'>, alignHoriz=method-wrapper(...), alignText='center', alignVert=method-wrapper(...), anchorHoriz='center', anchorVert='center', antialias=True, autoLog=True, bold=False, color='white', colorSpace='named', contrast=1.0, depth=0.0, flipHoriz=False, flipVert=False, font='Arial', fontFiles=[], height=0.04, italic=False, languageStyle='LTR', name='FeedbackMssg', opacity=1.0, ori=0, pos=array([0., 0.]), rgb=array([255., 255., 255.]), text='default text', units='height', win=Window(...), wrapWidth=1)
7.7492 	EXP 	Created StartTxt = TextStim(__class__=<class 'psychopy.visual.text.TextStim'>, alignHoriz=method-wrapper(...), alignText='center', alignVert=method-wrapper(...), anchorHoriz='center', anchorVert='center', antialias=True, autoLog=True, bold=False, color='white', colorSpace='named', contrast=1.0, depth=0.0, flipHoriz=False, flipVert=False, font='Arial', fontFiles=[], height=0.04, italic=False, languageStyle='LTR', name='StartTxt', opacity=1.0, ori=0, pos=array([0., 0.]), rgb=array([255., 255., 255.]), text=str(...), units='height', win=Window(...), wrapWidth=1)
7.7540 	EXP 	Created ContinueStart = TextStim(__class__=<class 'psychopy.visual.text.TextStim'>, alignHoriz=method-wrapper(...), alignText='center', alignVert=method-wrapper(...), anchorHoriz='center', anchorVert='center', antialias=True, autoLog=True, bold=False, color='white', colorSpace='named', contrast=1.0, depth=-2.0, flipHoriz=False, flipVert=False, font='Arial', fontFiles=[], height=0.04, italic=False, languageStyle='LTR', name='ContinueStart', opacity=1.0, ori=0, pos=array([ 0. , -0.4]), rgb=array([255., 255., 255.]), text='Press SPACE to begin the task', units='height', win=Window(...), wrapWidth=1)
7.7555 	EXP 	Created no_3 = TextStim(__class__=<class 'psychopy.visual.text.TextStim'>, alignHoriz=method-wrapper(...), alignText='center', alignVert=method-wrapper(...), anchorHoriz='center', anchorVert='center', antialias=True, autoLog=True, bold=False, color='white', colorSpace='named', contrast=1.0, depth=-1.0, flipHoriz=False, flipVert=False, font='Arial', fontFiles=[], height=0.1, italic=False, languageStyle='LTR', name='no_3', opacity=1.0, ori=0, pos=array([0., 0.]), rgb=array([255., 255., 255.]), text='+', units='height', win=Window(...), wrapWidth=1)
7.7556 	EXP 	Sound TargetSound set volume 1.000
7.7572 	EXP 	Created Cross = TextStim(__class__=<class 'psychopy.visual.text.TextStim'>, alignHoriz=method-wrapper(...), alignText='center', alignVert=method-wrapper(...), anchorHoriz='center', anchorVert='center', antialias=True, autoLog=True, bold=False, color='white', colorSpace='named', contrast=1.0, depth=-1.0, flipHoriz=False, flipVert=False, font='Arial', fontFiles=[], height=0.1, italic=False, languageStyle='LTR', name='Cross', opacity=1.0, ori=0, pos=array([0., 0.]), rgb=array([255., 255., 255.]), text='+', units='height', win=Window(...), wrapWidth=1)
7.7610 	EXP 	Created ItemNumber = TextStim(__class__=<class 'psychopy.visual.text.TextStim'>, alignHoriz=method-wrapper(...), alignText='center', alignVert=method-wrapper(...), anchorHoriz='center', anchorVert='center', antialias=True, autoLog=True, bold=False, color='white', colorSpace='named', contrast=1.0, depth=-2.0, flipHoriz=False, flipVert=False, font='Arial', fontFiles=[], height=0.04, italic=False, languageStyle='LTR', name='ItemNumber', opacity=1.0, ori=0, pos=array([0. , 0.3]), rgb=array([255., 255., 255.]), text='default text', units='height', win=Window(...), wrapWidth=1)
7.7712 	EXP 	Created text_2 = TextStim(__class__=<class 'psychopy.visual.text.TextStim'>, alignHoriz=method-wrapper(...), alignText='center', alignVert=method-wrapper(...), anchorHoriz='center', anchorVert='center', antialias=True, autoLog=True, bold=False, color='white', colorSpace='named', contrast=1.0, depth=0.0, flipHoriz=False, flipVert=False, font='Arial', fontFiles=[], height=0.04, italic=False, languageStyle='LTR', name='text_2', opacity=1.0, ori=0, pos=array([0., 0.]), rgb=array([255., 255., 255.]), text=str(...), units='height', win=Window(...), wrapWidth=1)
7.7809 	EXP 	Created ThankyouMssg = TextStim(__class__=<class 'psychopy.visual.text.TextStim'>, alignHoriz=method-wrapper(...), alignText='center', alignVert=method-wrapper(...), anchorHoriz='center', anchorVert='center', antialias=True, autoLog=True, bold=False, color='white', colorSpace='named', contrast=1.0, depth=0.0, flipHoriz=False, flipVert=False, font='Arial', fontFiles=[], height=0.04, italic=False, languageStyle='LTR', name='ThankyouMssg', opacity=1.0, ori=0, pos=array([0. , 0.2]), rgb=array([255., 255., 255.]), text=str(...), units='height', win=Window(...), wrapWidth=1)
7.8507 	EXP 	Created ExitTxt = TextStim(__class__=<class 'psychopy.visual.text.TextStim'>, alignHoriz=method-wrapper(...), alignText='center', alignVert=method-wrapper(...), anchorHoriz='center', anchorVert='center', antialias=True, autoLog=True, bold=False, color='white', colorSpace='named', contrast=1.0, depth=-2.0, flipHoriz=False, flipVert=False, font='Arial', fontFiles=[], height=0.04, italic=False, languageStyle='LTR', name='ExitTxt', opacity=1.0, ori=0, pos=array([ 0. , -0.4]), rgb=array([255., 255., 255.]), text='Press SPACE to exit the study', units='height', win=Window(...), wrapWidth=1)
7.8605 	EXP 	Created CodeTxt = TextStim(__class__=<class 'psychopy.visual.text.TextStim'>, alignHoriz=method-wrapper(...), alignText='center', alignVert=method-wrapper(...), anchorHoriz='center', anchorVert='center', antialias=True, autoLog=True, bold=False, color='white', colorSpace='named', contrast=1.0, depth=-4.0, flipHoriz=False, flipVert=False, font='Arial', fontFiles=[], height=0.04, italic=False, languageStyle='LTR', name='CodeTxt', opacity=1.0, ori=0, pos=array([ 0.  , -0.22]), rgb=array([255., 255., 255.]), text=str(...), units='height', win=Window(...), wrapWidth=1)
7.9075 	EXP 	CompletionCode: autoLog = True
7.9075 	EXP 	InstructionTxt: autoDraw = True
7.9075 	EXP 	WelcomContinue: autoDraw = True
8.6082 	DATA 	Keypress: space
8.6132 	EXP 	InstructionTxt: autoDraw = False
8.6132 	EXP 	WelcomContinue: autoDraw = False
8.6132 	EXP 	VolumeBeginTxt: autoDraw = True
9.1633 	DATA 	Keypress: space
9.1676 	EXP 	VolumeBeginTxt: autoDraw = False
9.1676 	EXP 	text: autoDraw = True
9.1676 	EXP 	AdjustContinue: autoDraw = True
9.6107 	DATA 	Keypress: space
9.6158 	EXP 	text: autoDraw = False
9.6158 	EXP 	AdjustContinue: autoDraw = False
9.6158 	EXP 	HeadphoneCheckBeing: autoDraw = True
9.6158 	EXP 	HeadphoneContinue: autoDraw = True
10.0808 	DATA 	Keypress: space
10.0866 	EXP 	HeadphoneCheckBeing: autoDraw = False
10.0866 	EXP 	HeadphoneContinue: autoDraw = False
10.0866 	EXP 	text_3: autoDraw = True
10.0866 	EXP 	text_4: autoDraw = True
12.9623 	DATA 	Keypress: space
12.9675 	EXP 	text_3: autoDraw = False
12.9675 	EXP 	text_4: autoDraw = False
12.9675 	EXP 	text_5: autoDraw = True
12.9675 	EXP 	text_6: autoDraw = True
13.4608 	DATA 	Keypress: space
13.4861 	EXP 	text_5: autoDraw = False
13.4861 	EXP 	text_6: autoDraw = False
13.4861 	EXP 	InstructionTxt2: autoDraw = True
13.4861 	EXP 	WelcomeContinue2: autoDraw = True
14.0127 	EXP 	Imported GuessSounds_conditions.xlsx as conditions, 5 conditions, 5 params
14.0130 	EXP 	Created sequence: sequential, trialTypes=5, nReps=1, seed=None
14.0133 	EXP 	New trial (rep=0, index=0): OrderedDict([('SoundFile', 'Practice/Seagull_A.wav'), ('SoundCorrect', 2), ('Correct2', 3), ('SoundType', 'NEW'), ('Trial', 'Practice')])
14.0225 	DATA 	Keypress: space
14.0265 	EXP 	InstructionTxt2: autoDraw = False
14.0265 	EXP 	WelcomeContinue2: autoDraw = False
14.0265 	EXP 	TrialNumber: text = 'Trial 1'
14.0265 	EXP 	TrialNumber: autoDraw = True
14.0265 	EXP 	PracticeCross: autoDraw = True
16.3227 	EXP 	TrialNumber: autoDraw = False
16.3227 	EXP 	PracticeCross: autoDraw = False
16.3227 	EXP 	TrialNumber: autoDraw = False
16.3227 	EXP 	PracticeCross: autoDraw = False
16.3227 	EXP 	PracticeMssg: text = 'This is a NEW sound. \nThis sound has never been played before.'
16.3227 	EXP 	PracticeMssg: autoDraw = True
16.3227 	EXP 	FeedbackCross: autoDraw = True
16.3227 	EXP 	Continue: autoDraw = True
16.3227 	EXP 	Options: autoDraw = True
17.4464 	DATA 	Keypress: 3
17.4508 	EXP 	PracticeMssg: autoDraw = False
17.4508 	EXP 	FeedbackCross: autoDraw = False
17.4508 	EXP 	Continue: autoDraw = False
17.4508 	EXP 	Options: autoDraw = False
17.4508 	EXP 	FeedbackMssg: text = 'CORRECT'
17.4508 	EXP 	FeedbackMssg: autoDraw = True
18.4314 	EXP 	New trial (rep=0, index=1): OrderedDict([('SoundFile', 'Practice/Skid_B.wav'), ('SoundCorrect', 2), ('Correct2', 3), ('SoundType', 'NEW'), ('Trial', 'Practice')])
18.4669 	EXP 	FeedbackMssg: autoDraw = False
18.4669 	EXP 	TrialNumber: text = 'Trial 2'
18.4669 	EXP 	TrialNumber: autoDraw = True
18.4669 	EXP 	PracticeCross: autoDraw = True
20.5787 	EXP 	TrialNumber: autoDraw = False
20.5787 	EXP 	PracticeCross: autoDraw = False
20.5787 	EXP 	TrialNumber: autoDraw = False
20.5787 	EXP 	PracticeCross: autoDraw = False
20.5787 	EXP 	PracticeMssg: text = 'This is a NEW sound. \nThis sound has never been played before.'
20.5787 	EXP 	PracticeMssg: autoDraw = True
20.5787 	EXP 	FeedbackCross: autoDraw = True
20.5787 	EXP 	Continue: autoDraw = True
20.5787 	EXP 	Options: autoDraw = True
21.2892 	DATA 	Keypress: 2
21.2936 	EXP 	PracticeMssg: autoDraw = False
21.2936 	EXP 	FeedbackCross: autoDraw = False
21.2936 	EXP 	Continue: autoDraw = False
21.2936 	EXP 	Options: autoDraw = False
21.2936 	EXP 	FeedbackMssg: text = 'INCORRECT'
21.2936 	EXP 	FeedbackMssg: autoDraw = True
22.2800 	EXP 	New trial (rep=0, index=2): OrderedDict([('SoundFile', 'Practice/Seagull_A.wav'), ('SoundCorrect', 1), ('Correct2', 1), ('SoundType', 'OLD'), ('Trial', 'Practice')])
22.3121 	EXP 	FeedbackMssg: autoDraw = False
22.3121 	EXP 	TrialNumber: text = 'Trial 3'
22.3121 	EXP 	TrialNumber: autoDraw = True
22.3121 	EXP 	PracticeCross: autoDraw = True
24.6110 	EXP 	TrialNumber: autoDraw = False
24.6110 	EXP 	PracticeCross: autoDraw = False
24.6110 	EXP 	TrialNumber: autoDraw = False
24.6110 	EXP 	PracticeCross: autoDraw = False
24.6110 	EXP 	PracticeMssg: text = 'This is a REPEAT sound. \nThe exact same sound has been played previously.'
24.6110 	EXP 	PracticeMssg: autoDraw = True
24.6110 	EXP 	FeedbackCross: autoDraw = True
24.6110 	EXP 	Continue: autoDraw = True
24.6110 	EXP 	Options: autoDraw = True
25.7219 	DATA 	Keypress: 2
25.7489 	EXP 	PracticeMssg: autoDraw = False
25.7489 	EXP 	FeedbackCross: autoDraw = False
25.7489 	EXP 	Continue: autoDraw = False
25.7489 	EXP 	Options: autoDraw = False
25.7489 	EXP 	FeedbackMssg: text = 'INCORRECT'
25.7489 	EXP 	FeedbackMssg: autoDraw = True
26.7470 	EXP 	New trial (rep=0, index=3): OrderedDict([('SoundFile', 'Practice/Gargle_A.wav'), ('SoundCorrect', 2), ('Correct2', 3), ('SoundType', 'NEW'), ('Trial', 'Practice')])
26.7782 	EXP 	FeedbackMssg: autoDraw = False
26.7782 	EXP 	TrialNumber: text = 'Trial 4'
26.7782 	EXP 	TrialNumber: autoDraw = True
26.7782 	EXP 	PracticeCross: autoDraw = True
29.0686 	EXP 	TrialNumber: autoDraw = False
29.0686 	EXP 	PracticeCross: autoDraw = False
29.0686 	EXP 	TrialNumber: autoDraw = False
29.0686 	EXP 	PracticeCross: autoDraw = False
29.0686 	EXP 	PracticeMssg: text = 'This is a NEW sound. \nThis sound has never been played before.'
29.0686 	EXP 	PracticeMssg: autoDraw = True
29.0686 	EXP 	FeedbackCross: autoDraw = True
29.0686 	EXP 	Continue: autoDraw = True
29.0686 	EXP 	Options: autoDraw = True
32.6888 	DATA 	Keypress: 1
32.7125 	EXP 	PracticeMssg: autoDraw = False
32.7125 	EXP 	FeedbackCross: autoDraw = False
32.7125 	EXP 	Continue: autoDraw = False
32.7125 	EXP 	Options: autoDraw = False
32.7125 	EXP 	FeedbackMssg: text = 'INCORRECT'
32.7125 	EXP 	FeedbackMssg: autoDraw = True
33.6990 	EXP 	New trial (rep=0, index=4): OrderedDict([('SoundFile', 'Practice/Gargle_B.wav'), ('SoundCorrect', 2), ('Correct2', 2), ('SoundType', 'SIMILAR'), ('Trial', 'Practice')])
33.7421 	EXP 	FeedbackMssg: autoDraw = False
33.7421 	EXP 	FeedbackMssg: autoDraw = False
33.7421 	EXP 	TrialNumber: text = 'Trial 5'
33.7421 	EXP 	TrialNumber: autoDraw = True
33.7421 	EXP 	PracticeCross: autoDraw = True
35.8289 	EXP 	TrialNumber: autoDraw = False
35.8289 	EXP 	PracticeCross: autoDraw = False
35.8289 	EXP 	TrialNumber: autoDraw = False
35.8289 	EXP 	PracticeCross: autoDraw = False
35.8289 	EXP 	PracticeMssg: text = 'This is a SIMILAR sound. \nThis sound is similar but not identical to a previously played sound.'
35.8289 	EXP 	PracticeMssg: autoDraw = True
35.8289 	EXP 	FeedbackCross: autoDraw = True
35.8289 	EXP 	Continue: autoDraw = True
35.8289 	EXP 	Options: autoDraw = True
36.3372 	DATA 	Keypress: 1
36.3614 	EXP 	PracticeMssg: autoDraw = False
36.3614 	EXP 	FeedbackCross: autoDraw = False
36.3614 	EXP 	Continue: autoDraw = False
36.3614 	EXP 	Options: autoDraw = False
36.3614 	EXP 	FeedbackMssg: text = 'INCORRECT'
36.3614 	EXP 	FeedbackMssg: autoDraw = True
37.3639 	EXP 	FeedbackMssg: autoDraw = False
37.3639 	EXP 	FeedbackMssg: autoDraw = False
37.3639 	EXP 	StartTxt: autoDraw = True
37.3639 	EXP 	ContinueStart: autoDraw = True
39.2202 	DATA 	Keypress: space
39.3468 	EXP 	Imported GuessSounds_conditions.xlsx as conditions, 128 conditions, 5 params
39.3478 	EXP 	Created sequence: sequential, trialTypes=128, nReps=1, seed=None
39.3484 	EXP 	New trial (rep=0, index=0): OrderedDict([('SoundFile', 'SoundMST/Elephant_C.wav'), ('SoundCorrect', 2), ('Correct2', 3), ('SoundType', 'NEW'), ('Trial', 'A')])
39.3559 	EXP 	StartTxt: autoDraw = False
39.3559 	EXP 	ContinueStart: autoDraw = False
39.3559 	EXP 	no_3: autoDraw = True
40.7829 	EXP 	no_3: autoDraw = False
40.7829 	EXP 	ItemNumber: text = '1/128'
40.7829 	EXP 	Cross: autoDraw = True
40.7829 	EXP 	ItemNumber: autoDraw = True
43.6451 	EXP 	Cross: autoDraw = False
43.6451 	EXP 	ItemNumber: autoDraw = False
43.6451 	EXP 	Cross: autoDraw = False
43.6451 	EXP 	ItemNumber: autoDraw = False
43.6451 	EXP 	text_2: autoDraw = True
44.9522 	DATA 	Keypress: 3
45.7818 	EXP 	window1: mouseVisible = True
