2.6359 	WARNING 	We strongly recommend you activate the PTB sound engine in PsychoPy prefs as the preferred audio engine. Its timing is vastly superior. Your prefs are currently set to use ['sounddevice', 'PTB', 'pyo', 'pygame'] (in that order).
15.6897 	WARNING 	User requested fullscreen with size [1024  768], but screen is actually [2256, 1504]. Using actual size
18.2906 	EXP 	Created window1 = Window(allowGUI=False, allowStencil=False, args=UNKNOWN, autoLog=True, bitsMode=UNKNOWN, blendMode='avg', bpc=(8, 8, 8), color=array([0., 0., 0.]), colorSpace='rgb', depthBits=8, fullscr=<method-wrapper '__getattribute__' of attributeSetter object at 0x0000021EB3BA2278>, gamma=None, gammaErrorPolicy='raise', kwargs=UNKNOWN, lms=UNKNOWN, monitor=<psychopy.monitors.calibTools.Monitor object at 0x0000021EB39AA978>, multiSample=False, name='window1', numSamples=2, pos=[0.0, 0.0], screen=0, size=array([2256, 1504]), stencilBits=0, stereo=False, units='height', useFBO=True, useRetina=False, viewOri=0.0, viewPos=None, viewScale=None, waitBlanking=True, winType='pyglet')
18.2910 	EXP 	window1: mouseVisible = True
18.2911 	EXP 	window1: recordFrameIntervals = False
18.4550 	EXP 	window1: recordFrameIntervals = True
18.6388 	EXP 	window1: recordFrameIntervals = False
19.1122 	EXP 	Created InstructionTxt = TextStim(__class__=<class 'psychopy.visual.text.TextStim'>, alignHoriz=method-wrapper(...), alignText='center', alignVert=method-wrapper(...), anchorHoriz='center', anchorVert='center', antialias=True, autoLog=True, bold=False, color='white', colorSpace='named', contrast=1.0, depth=0.0, flipHoriz=False, flipVert=False, font='Arial', fontFiles=[], height=0.04, italic=False, languageStyle='LTR', name='InstructionTxt', opacity=1.0, ori=0, pos=array([0., 0.]), rgb=array([255., 255., 255.]), text=str(...), units='height', win=Window(...), wrapWidth=1)
19.1247 	EXP 	Created text = TextStim(__class__=<class 'psychopy.visual.text.TextStim'>, alignHoriz=method-wrapper(...), alignText='center', alignVert=method-wrapper(...), anchorHoriz='center', anchorVert='center', antialias=True, autoLog=True, bold=False, color='white', colorSpace='named', contrast=1.0, depth=0.0, flipHoriz=False, flipVert=False, font='Arial', fontFiles=[], height=0.04, italic=False, languageStyle='LTR', name='text', opacity=1.0, ori=0, pos=array([0., 0.]), rgb=array([255., 255., 255.]), text=str(...), units='height', win=Window(...), wrapWidth=1)
19.3740 	EXP 	Sound Music set volume 0.300
19.3792 	EXP 	Created StartTxt = TextStim(__class__=<class 'psychopy.visual.text.TextStim'>, alignHoriz=method-wrapper(...), alignText='center', alignVert=method-wrapper(...), anchorHoriz='center', anchorVert='center', antialias=True, autoLog=True, bold=False, color='white', colorSpace='named', contrast=1.0, depth=0.0, flipHoriz=False, flipVert=False, font='Arial', fontFiles=[], height=0.04, italic=False, languageStyle='LTR', name='StartTxt', opacity=1.0, ori=0, pos=array([0., 0.]), rgb=array([255., 255., 255.]), text='We will now begin the task', units='height', win=Window(...), wrapWidth=1)
19.3903 	EXP 	Created no3 = TextStim(__class__=<class 'psychopy.visual.text.TextStim'>, alignHoriz=method-wrapper(...), alignText='center', alignVert=method-wrapper(...), anchorHoriz='center', anchorVert='center', antialias=True, autoLog=True, bold=False, color='white', colorSpace='named', contrast=1.0, depth=0.0, flipHoriz=False, flipVert=False, font='Arial', fontFiles=[], height=0.05, italic=False, languageStyle='LTR', name='no3', opacity=1.0, ori=0, pos=array([0., 0.]), rgb=array([255., 255., 255.]), text='3', units='height', win=Window(...), wrapWidth=1)
19.3944 	EXP 	Created no2 = TextStim(__class__=<class 'psychopy.visual.text.TextStim'>, alignHoriz=method-wrapper(...), alignText='center', alignVert=method-wrapper(...), anchorHoriz='center', anchorVert='center', antialias=True, autoLog=True, bold=False, color='white', colorSpace='named', contrast=1.0, depth=0.0, flipHoriz=False, flipVert=False, font='Arial', fontFiles=[], height=0.05, italic=False, languageStyle='LTR', name='no2', opacity=1.0, ori=0, pos=array([0., 0.]), rgb=array([255., 255., 255.]), text='2', units='height', win=Window(...), wrapWidth=1)
19.3986 	EXP 	Created no1 = TextStim(__class__=<class 'psychopy.visual.text.TextStim'>, alignHoriz=method-wrapper(...), alignText='center', alignVert=method-wrapper(...), anchorHoriz='center', anchorVert='center', antialias=True, autoLog=True, bold=False, color='white', colorSpace='named', contrast=1.0, depth=0.0, flipHoriz=False, flipVert=False, font='Arial', fontFiles=[], height=0.05, italic=False, languageStyle='LTR', name='no1', opacity=1.0, ori=0, pos=array([0., 0.]), rgb=array([255., 255., 255.]), text='1', units='height', win=Window(...), wrapWidth=1)
19.4054 	EXP 	Created Question = TextStim(__class__=<class 'psychopy.visual.text.TextStim'>, alignHoriz=method-wrapper(...), alignText='center', alignVert=method-wrapper(...), anchorHoriz='center', anchorVert='center', antialias=True, autoLog=True, bold=False, color='white', colorSpace='named', contrast=1.0, depth=0.0, flipHoriz=False, flipVert=False, font='Arial', fontFiles=[], height=0.04, italic=False, languageStyle='LTR', name='Question', opacity=1.0, ori=0, pos=array([0., 0.]), rgb=array([255., 255., 255.]), text='What is this sound?\n', units='height', win=Window(...), wrapWidth=1)
19.4809 	EXP 	window1: mouseVisible = True
19.5084 	EXP 	Created ClickTheButton = TextStim(__class__=<class 'psychopy.visual.text.TextStim'>, alignHoriz=method-wrapper(...), alignText='center', alignVert=method-wrapper(...), anchorHoriz='center', anchorVert='center', antialias=True, autoLog=True, bold=False, color='white', colorSpace='named', contrast=1.0, depth=-3.0, flipHoriz=False, flipVert=False, font='Arial', fontFiles=[], height=0.025, italic=False, languageStyle='LTR', name='ClickTheButton', opacity=1.0, ori=0, pos=array([ 0.  , -0.03]), rgb=array([255., 255., 255.]), text="Click 'Submit' to begin the next trial.", units='height', win=Window(...), wrapWidth=1)
19.5085 	EXP 	Sound SoundItem set volume 1.000
19.5182 	EXP 	Created ItemNo = TextStim(__class__=<class 'psychopy.visual.text.TextStim'>, alignHoriz=method-wrapper(...), alignText='center', alignVert=method-wrapper(...), anchorHoriz='center', anchorVert='center', antialias=True, autoLog=True, bold=False, color='white', colorSpace='named', contrast=1.0, depth=-5.0, flipHoriz=False, flipVert=False, font='Arial', fontFiles=[], height=0.04, italic=False, languageStyle='LTR', name='ItemNo', opacity=1.0, ori=0, pos=array([0.  , 0.45]), rgb=array([255., 255., 255.]), text='default text', units='height', win=Window(...), wrapWidth=1)
19.5865 	EXP 	Created ThankyouMssg = TextStim(__class__=<class 'psychopy.visual.text.TextStim'>, alignHoriz=method-wrapper(...), alignText='center', alignVert=method-wrapper(...), anchorHoriz='center', anchorVert='center', antialias=True, autoLog=True, bold=False, color='white', colorSpace='named', contrast=1.0, depth=0.0, flipHoriz=False, flipVert=False, font='Arial', fontFiles=[], height=0.04, italic=False, languageStyle='LTR', name='ThankyouMssg', opacity=1.0, ori=0, pos=array([0., 0.]), rgb=array([255., 255., 255.]), text=str(...), units='height', win=Window(...), wrapWidth=1)
19.6202 	EXP 	ResponseBox: autoLog = True
19.6202 	EXP 	Submit: autoLog = True
19.6202 	EXP 	InstructionTxt: autoDraw = True
21.1014 	DATA 	Keypress: space
21.1063 	EXP 	InstructionTxt: autoDraw = False
21.1063 	EXP 	text: autoDraw = True
21.1063 	EXP 	ResponseBox: text = 'default text '
21.6789 	DATA 	Keypress: space
21.6882 	EXP 	text: autoDraw = False
21.6882 	EXP 	StartTxt: autoDraw = True
21.6882 	EXP 	ResponseBox: text = 'default text  '
23.7722 	EXP 	Imported GuessSounds_conditions.xlsx as conditions, 100 conditions, 2 params
23.7757 	EXP 	Created sequence: random, trialTypes=100, nReps=1, seed=None
23.7760 	EXP 	New trial (rep=0, index=0): OrderedDict([('SoundFiles', 'Initial/NoRepeat/Elephant_A.wav'), ('Type', 'NoRepeat')])
23.7828 	EXP 	StartTxt: autoDraw = False
23.7828 	EXP 	StartTxt: autoDraw = False
23.7828 	EXP 	no3: autoDraw = True
24.7050 	EXP 	no3: autoDraw = False
24.7050 	EXP 	no2: autoDraw = True
25.7050 	EXP 	no2: autoDraw = False
25.7050 	EXP 	no1: autoDraw = True
26.7327 	EXP 	no1: autoDraw = False
26.7327 	EXP 	ResponseBox: text = '\n\n'
26.7327 	EXP 	ItemNo: text = '1/60'
26.7327 	EXP 	Question: autoDraw = True
26.7327 	EXP 	ResponseBox: autoDraw = True
26.7327 	EXP 	ClickTheButton: autoDraw = True
26.7327 	EXP 	ItemNo: autoDraw = True
26.7327 	EXP 	Submit: autoDraw = True
29.8239 	DATA 	Mouse: Left button down, pos=(1115,154)
29.8313 	EXP 	New trial (rep=0, index=1): OrderedDict([('SoundFiles', 'Initial/Doubled/Laugh_A.wav'), ('Type', 'Doubled')])
29.8383 	EXP 	Question: autoDraw = False
29.8383 	EXP 	ResponseBox: autoDraw = False
29.8383 	EXP 	ClickTheButton: autoDraw = False
29.8383 	EXP 	ItemNo: autoDraw = False
29.8383 	EXP 	Submit: autoDraw = False
29.8383 	EXP 	ResponseBox: text = 'default text'
29.8383 	EXP 	no3: autoDraw = True
30.0413 	DATA 	Mouse:  Left button up, pos=(1115,154)
30.8380 	EXP 	no3: autoDraw = False
30.8380 	EXP 	no3: autoDraw = False
30.8380 	EXP 	no2: autoDraw = True
31.8382 	EXP 	no2: autoDraw = False
31.8382 	EXP 	no2: autoDraw = False
31.8382 	EXP 	no1: autoDraw = True
32.8486 	EXP 	no1: autoDraw = False
32.8486 	EXP 	no1: autoDraw = False
32.8486 	EXP 	ResponseBox: text = '\n\n'
32.8486 	EXP 	ItemNo: text = '2/60'
32.8486 	EXP 	Question: autoDraw = True
32.8486 	EXP 	ResponseBox: autoDraw = True
32.8486 	EXP 	ClickTheButton: autoDraw = True
32.8486 	EXP 	ItemNo: autoDraw = True
32.8486 	EXP 	Submit: autoDraw = True
35.6915 	DATA 	Keypress: escape
36.1322 	EXP 	window1: mouseVisible = True
