1.2072 	WARNING 	We strongly recommend you activate the PTB sound engine in PsychoPy prefs as the preferred audio engine. Its timing is vastly superior. Your prefs are currently set to use ['sounddevice', 'PTB', 'pyo', 'pygame'] (in that order).
5.1709 	WARNING 	User requested fullscreen with size [1024  768], but screen is actually [2256, 1504]. Using actual size
7.0665 	EXP 	Created window1 = Window(allowGUI=False, allowStencil=False, args=UNKNOWN, autoLog=True, bitsMode=UNKNOWN, blendMode='avg', bpc=(8, 8, 8), color=array([0., 0., 0.]), colorSpace='rgb', depthBits=8, fullscr=<method-wrapper '__getattribute__' of attributeSetter object at 0x000002AB059CE9B0>, gamma=None, gammaErrorPolicy='raise', kwargs=UNKNOWN, lms=UNKNOWN, monitor=<psychopy.monitors.calibTools.Monitor object at 0x000002AB05A080F0>, multiSample=False, name='window1', numSamples=2, pos=[0.0, 0.0], screen=0, size=array([2256, 1504]), stencilBits=0, stereo=False, units='height', useFBO=True, useRetina=False, viewOri=0.0, viewPos=None, viewScale=None, waitBlanking=True, winType='pyglet')
7.0671 	EXP 	window1: mouseVisible = True
7.0672 	EXP 	window1: recordFrameIntervals = False
7.2319 	EXP 	window1: recordFrameIntervals = True
7.4147 	EXP 	window1: recordFrameIntervals = False
7.7188 	EXP 	Created InstructionTxt = TextStim(__class__=<class 'psychopy.visual.text.TextStim'>, alignHoriz=method-wrapper(...), alignText='center', alignVert=method-wrapper(...), anchorHoriz='center', anchorVert='center', antialias=True, autoLog=True, bold=False, color='white', colorSpace='named', contrast=1.0, depth=0.0, flipHoriz=False, flipVert=False, font='Arial', fontFiles=[], height=0.04, italic=False, languageStyle='LTR', name='InstructionTxt', opacity=1.0, ori=0, pos=array([0., 0.]), rgb=array([255., 255., 255.]), text=str(...), units='height', win=Window(...), wrapWidth=1)
7.7272 	EXP 	Created WelcomContinue = TextStim(__class__=<class 'psychopy.visual.text.TextStim'>, alignHoriz=method-wrapper(...), alignText='center', alignVert=method-wrapper(...), anchorHoriz='center', anchorVert='center', antialias=True, autoLog=True, bold=False, color='white', colorSpace='named', contrast=1.0, depth=-3.0, flipHoriz=False, flipVert=False, font='Arial', fontFiles=[], height=0.04, italic=False, languageStyle='LTR', name='WelcomContinue', opacity=1.0, ori=0, pos=array([ 0. , -0.4]), rgb=array([255., 255., 255.]), text='Press SPACE to continue', units='height', win=Window(...), wrapWidth=1)
7.7443 	EXP 	Created VolumeBeginTxt = TextStim(__class__=<class 'psychopy.visual.text.TextStim'>, alignHoriz=method-wrapper(...), alignText='center', alignVert=method-wrapper(...), anchorHoriz='center', anchorVert='center', antialias=True, autoLog=True, bold=False, color='white', colorSpace='named', contrast=1.0, depth=0.0, flipHoriz=False, flipVert=False, font='Arial', fontFiles=[], height=0.04, italic=False, languageStyle='LTR', name='VolumeBeginTxt', opacity=1.0, ori=0, pos=array([0., 0.]), rgb=array([255., 255., 255.]), text=str(...), units='height', win=Window(...), wrapWidth=1)
7.7517 	EXP 	Created text = TextStim(__class__=<class 'psychopy.visual.text.TextStim'>, alignHoriz=method-wrapper(...), alignText='center', alignVert=method-wrapper(...), anchorHoriz='center', anchorVert='center', antialias=True, autoLog=True, bold=False, color='white', colorSpace='named', contrast=1.0, depth=0.0, flipHoriz=False, flipVert=False, font='Arial', fontFiles=[], height=0.04, italic=False, languageStyle='LTR', name='text', opacity=1.0, ori=0, pos=array([0., 0.]), rgb=array([255., 255., 255.]), text=str(...), units='height', win=Window(...), wrapWidth=1)
8.3434 	EXP 	Sound Music set volume 0.300
8.3501 	EXP 	Created AdjustContinue = TextStim(__class__=<class 'psychopy.visual.text.TextStim'>, alignHoriz=method-wrapper(...), alignText='center', alignVert=method-wrapper(...), anchorHoriz='center', anchorVert='center', antialias=True, autoLog=True, bold=False, color='white', colorSpace='named', contrast=1.0, depth=-3.0, flipHoriz=False, flipVert=False, font='Arial', fontFiles=[], height=0.04, italic=False, languageStyle='LTR', name='AdjustContinue', opacity=1.0, ori=0, pos=array([ 0. , -0.4]), rgb=array([255., 255., 255.]), text=str(...), units='height', win=Window(...), wrapWidth=1)
8.3741 	EXP 	Created HeadphoneCheckBeing = TextStim(__class__=<class 'psychopy.visual.text.TextStim'>, alignHoriz=method-wrapper(...), alignText='center', alignVert=method-wrapper(...), anchorHoriz='center', anchorVert='center', antialias=True, autoLog=True, bold=False, color='white', colorSpace='named', contrast=1.0, depth=0.0, flipHoriz=False, flipVert=False, font='Arial', fontFiles=[], height=0.04, italic=False, languageStyle='LTR', name='HeadphoneCheckBeing', opacity=1.0, ori=0, pos=array([0., 0.]), rgb=array([255., 255., 255.]), text=str(...), units='height', win=Window(...), wrapWidth=1)
8.3784 	EXP 	Created HeadphoneContinue = TextStim(__class__=<class 'psychopy.visual.text.TextStim'>, alignHoriz=method-wrapper(...), alignText='center', alignVert=method-wrapper(...), anchorHoriz='center', anchorVert='center', antialias=True, autoLog=True, bold=False, color='white', colorSpace='named', contrast=1.0, depth=-1.0, flipHoriz=False, flipVert=False, font='Arial', fontFiles=[], height=0.04, italic=False, languageStyle='LTR', name='HeadphoneContinue', opacity=1.0, ori=0, pos=array([ 0. , -0.4]), rgb=array([255., 255., 255.]), text='Press SPACE to continue', units='height', win=Window(...), wrapWidth=1)
8.3993 	EXP 	Created WelcomeTxt1 = TextStim(__class__=<class 'psychopy.visual.text.TextStim'>, alignHoriz=method-wrapper(...), alignText='center', alignVert=method-wrapper(...), anchorHoriz='center', anchorVert='center', antialias=True, autoLog=True, bold=False, color='white', colorSpace='named', contrast=1.0, depth=0.0, flipHoriz=False, flipVert=False, font='Arial', fontFiles=[], height=0.04, italic=False, languageStyle='LTR', name='WelcomeTxt1', opacity=1.0, ori=0, pos=array([0., 0.]), rgb=array([255., 255., 255.]), text=str(...), units='height', win=Window(...), wrapWidth=1)
8.4035 	EXP 	Created ContinueKey1 = TextStim(__class__=<class 'psychopy.visual.text.TextStim'>, alignHoriz=method-wrapper(...), alignText='center', alignVert=method-wrapper(...), anchorHoriz='center', anchorVert='center', antialias=True, autoLog=True, bold=False, color='white', colorSpace='named', contrast=1.0, depth=-1.0, flipHoriz=False, flipVert=False, font='Arial', fontFiles=[], height=0.04, italic=False, languageStyle='LTR', name='ContinueKey1', opacity=1.0, ori=0, pos=array([ 0. , -0.4]), rgb=array([255., 255., 255.]), text='Press SPACE to continue', units='height', win=Window(...), wrapWidth=1)
8.4341 	EXP 	Created Welcome2Txt = TextStim(__class__=<class 'psychopy.visual.text.TextStim'>, alignHoriz=method-wrapper(...), alignText='center', alignVert=method-wrapper(...), anchorHoriz='center', anchorVert='center', antialias=True, autoLog=True, bold=False, color='white', colorSpace='named', contrast=1.0, depth=0.0, flipHoriz=False, flipVert=False, font='Arial', fontFiles=[], height=0.04, italic=False, languageStyle='LTR', name='Welcome2Txt', opacity=1.0, ori=0, pos=array([0., 0.]), rgb=array([255., 255., 255.]), text=str(...), units='height', win=Window(...), wrapWidth=1)
8.4384 	EXP 	Created Continue2 = TextStim(__class__=<class 'psychopy.visual.text.TextStim'>, alignHoriz=method-wrapper(...), alignText='center', alignVert=method-wrapper(...), anchorHoriz='center', anchorVert='center', antialias=True, autoLog=True, bold=False, color='white', colorSpace='named', contrast=1.0, depth=-2.0, flipHoriz=False, flipVert=False, font='Arial', fontFiles=[], height=0.04, italic=False, languageStyle='LTR', name='Continue2', opacity=1.0, ori=0, pos=array([ 0. , -0.4]), rgb=array([255., 255., 255.]), text='Press SPACE to continue', units='height', win=Window(...), wrapWidth=1)
8.4543 	EXP 	Created InstructionTxt2 = TextStim(__class__=<class 'psychopy.visual.text.TextStim'>, alignHoriz=method-wrapper(...), alignText='center', alignVert=method-wrapper(...), anchorHoriz='center', anchorVert='center', antialias=True, autoLog=True, bold=False, color='white', colorSpace='named', contrast=1.0, depth=0.0, flipHoriz=False, flipVert=False, font='Arial', fontFiles=[], height=0.04, italic=False, languageStyle='LTR', name='InstructionTxt2', opacity=1.0, ori=0, pos=array([0., 0.]), rgb=array([255., 255., 255.]), text=str(...), units='height', win=Window(...), wrapWidth=1)
8.4596 	EXP 	Created WelcomeContinue2 = TextStim(__class__=<class 'psychopy.visual.text.TextStim'>, alignHoriz=method-wrapper(...), alignText='center', alignVert=method-wrapper(...), anchorHoriz='center', anchorVert='center', antialias=True, autoLog=True, bold=False, color='white', colorSpace='named', contrast=1.0, depth=-1.0, flipHoriz=False, flipVert=False, font='Arial', fontFiles=[], height=0.04, italic=False, languageStyle='LTR', name='WelcomeContinue2', opacity=1.0, ori=0, pos=array([ 0. , -0.4]), rgb=array([255., 255., 255.]), text='Press SPACE to begin practice\n', units='height', win=Window(...), wrapWidth=1)
8.4632 	EXP 	Created TrialNumber = TextStim(__class__=<class 'psychopy.visual.text.TextStim'>, alignHoriz=method-wrapper(...), alignText='center', alignVert=method-wrapper(...), anchorHoriz='center', anchorVert='center', antialias=True, autoLog=True, bold=False, color='white', colorSpace='named', contrast=1.0, depth=0.0, flipHoriz=False, flipVert=False, font='Arial', fontFiles=[], height=0.04, italic=False, languageStyle='LTR', name='TrialNumber', opacity=1.0, ori=0, pos=array([0. , 0.3]), rgb=array([255., 255., 255.]), text='default text', units='height', win=Window(...), wrapWidth=1)
8.4633 	EXP 	Sound PracticeSound set volume 1.000
8.4778 	EXP 	Created PracticeCross = TextStim(__class__=<class 'psychopy.visual.text.TextStim'>, alignHoriz=method-wrapper(...), alignText='center', alignVert=method-wrapper(...), anchorHoriz='center', anchorVert='center', antialias=True, autoLog=True, bold=False, color='white', colorSpace='named', contrast=1.0, depth=-2.0, flipHoriz=False, flipVert=False, font='Arial', fontFiles=[], height=0.1, italic=False, languageStyle='LTR', name='PracticeCross', opacity=1.0, ori=0, pos=array([0., 0.]), rgb=array([255., 255., 255.]), text='+', units='height', win=Window(...), wrapWidth=1)
8.4811 	EXP 	Created PracticeMssg = TextStim(__class__=<class 'psychopy.visual.text.TextStim'>, alignHoriz=method-wrapper(...), alignText='center', alignVert=method-wrapper(...), anchorHoriz='center', anchorVert='center', antialias=True, autoLog=True, bold=False, color='white', colorSpace='named', contrast=1.0, depth=-2.0, flipHoriz=False, flipVert=False, font='Arial', fontFiles=[], height=0.04, italic=False, languageStyle='LTR', name='PracticeMssg', opacity=1.0, ori=0, pos=array([0. , 0.2]), rgb=array([255., 255., 255.]), text='default text', units='height', win=Window(...), wrapWidth=1)
8.4825 	EXP 	Created FeedbackCross = TextStim(__class__=<class 'psychopy.visual.text.TextStim'>, alignHoriz=method-wrapper(...), alignText='center', alignVert=method-wrapper(...), anchorHoriz='center', anchorVert='center', antialias=True, autoLog=True, bold=False, color='white', colorSpace='named', contrast=1.0, depth=-3.0, flipHoriz=False, flipVert=False, font='Arial', fontFiles=[], height=0.1, italic=False, languageStyle='LTR', name='FeedbackCross', opacity=1.0, ori=0, pos=array([0., 0.]), rgb=array([255., 255., 255.]), text='+', units='height', win=Window(...), wrapWidth=1)
8.4878 	EXP 	Created Continue = TextStim(__class__=<class 'psychopy.visual.text.TextStim'>, alignHoriz=method-wrapper(...), alignText='center', alignVert=method-wrapper(...), anchorHoriz='center', anchorVert='center', antialias=True, autoLog=True, bold=False, color='white', colorSpace='named', contrast=1.0, depth=-4.0, flipHoriz=False, flipVert=False, font='Arial', fontFiles=[], height=0.04, italic=False, languageStyle='LTR', name='Continue', opacity=1.0, ori=0, pos=array([ 0. , -0.4]), rgb=array([255., 255., 255.]), text='Press the correct number on your keyboard', units='height', win=Window(...), wrapWidth=1)
8.4959 	EXP 	Created Options = TextStim(__class__=<class 'psychopy.visual.text.TextStim'>, alignHoriz=method-wrapper(...), alignText='center', alignVert=method-wrapper(...), anchorHoriz='center', anchorVert='center', antialias=True, autoLog=True, bold=False, color='white', colorSpace='named', contrast=1.0, depth=-5.0, flipHoriz=False, flipVert=False, font='Arial', fontFiles=[], height=0.04, italic=False, languageStyle='LTR', name='Options', opacity=1.0, ori=0, pos=array([ 0. , -0.2]), rgb=array([255., 255., 255.]), text='1 = REPEAT\n2 = SIMILAR\n3 = NEW', units='height', win=Window(...), wrapWidth=1)
8.4991 	EXP 	Created FeedbackMssg = TextStim(__class__=<class 'psychopy.visual.text.TextStim'>, alignHoriz=method-wrapper(...), alignText='center', alignVert=method-wrapper(...), anchorHoriz='center', anchorVert='center', antialias=True, autoLog=True, bold=False, color='white', colorSpace='named', contrast=1.0, depth=0.0, flipHoriz=False, flipVert=False, font='Arial', fontFiles=[], height=0.04, italic=False, languageStyle='LTR', name='FeedbackMssg', opacity=1.0, ori=0, pos=array([0., 0.]), rgb=array([255., 255., 255.]), text='default text', units='height', win=Window(...), wrapWidth=1)
8.5135 	EXP 	Created StartTxt = TextStim(__class__=<class 'psychopy.visual.text.TextStim'>, alignHoriz=method-wrapper(...), alignText='center', alignVert=method-wrapper(...), anchorHoriz='center', anchorVert='center', antialias=True, autoLog=True, bold=False, color='white', colorSpace='named', contrast=1.0, depth=0.0, flipHoriz=False, flipVert=False, font='Arial', fontFiles=[], height=0.04, italic=False, languageStyle='LTR', name='StartTxt', opacity=1.0, ori=0, pos=array([0., 0.]), rgb=array([255., 255., 255.]), text=str(...), units='height', win=Window(...), wrapWidth=1)
8.5192 	EXP 	Created ContinueStart = TextStim(__class__=<class 'psychopy.visual.text.TextStim'>, alignHoriz=method-wrapper(...), alignText='center', alignVert=method-wrapper(...), anchorHoriz='center', anchorVert='center', antialias=True, autoLog=True, bold=False, color='white', colorSpace='named', contrast=1.0, depth=-2.0, flipHoriz=False, flipVert=False, font='Arial', fontFiles=[], height=0.04, italic=False, languageStyle='LTR', name='ContinueStart', opacity=1.0, ori=0, pos=array([ 0. , -0.4]), rgb=array([255., 255., 255.]), text='Press SPACE to begin the task', units='height', win=Window(...), wrapWidth=1)
8.5215 	EXP 	Created no_3 = TextStim(__class__=<class 'psychopy.visual.text.TextStim'>, alignHoriz=method-wrapper(...), alignText='center', alignVert=method-wrapper(...), anchorHoriz='center', anchorVert='center', antialias=True, autoLog=True, bold=False, color='white', colorSpace='named', contrast=1.0, depth=-1.0, flipHoriz=False, flipVert=False, font='Arial', fontFiles=[], height=0.1, italic=False, languageStyle='LTR', name='no_3', opacity=1.0, ori=0, pos=array([0., 0.]), rgb=array([255., 255., 255.]), text='+', units='height', win=Window(...), wrapWidth=1)
8.5216 	EXP 	Sound TargetSound set volume 1.000
8.5273 	EXP 	Created Cross = TextStim(__class__=<class 'psychopy.visual.text.TextStim'>, alignHoriz=method-wrapper(...), alignText='center', alignVert=method-wrapper(...), anchorHoriz='center', anchorVert='center', antialias=True, autoLog=True, bold=False, color='white', colorSpace='named', contrast=1.0, depth=-1.0, flipHoriz=False, flipVert=False, font='Arial', fontFiles=[], height=0.1, italic=False, languageStyle='LTR', name='Cross', opacity=1.0, ori=0, pos=array([0., 0.]), rgb=array([255., 255., 255.]), text='?', units='height', win=Window(...), wrapWidth=1)
8.5305 	EXP 	Created ItemNumber = TextStim(__class__=<class 'psychopy.visual.text.TextStim'>, alignHoriz=method-wrapper(...), alignText='center', alignVert=method-wrapper(...), anchorHoriz='center', anchorVert='center', antialias=True, autoLog=True, bold=False, color='white', colorSpace='named', contrast=1.0, depth=-2.0, flipHoriz=False, flipVert=False, font='Arial', fontFiles=[], height=0.04, italic=False, languageStyle='LTR', name='ItemNumber', opacity=1.0, ori=0, pos=array([0. , 0.3]), rgb=array([255., 255., 255.]), text='default text', units='height', win=Window(...), wrapWidth=1)
8.5541 	EXP 	Created MSTQuestion = TextStim(__class__=<class 'psychopy.visual.text.TextStim'>, alignHoriz=method-wrapper(...), alignText='center', alignVert=method-wrapper(...), anchorHoriz='center', anchorVert='center', antialias=True, autoLog=True, bold=False, color='white', colorSpace='named', contrast=1.0, depth=0.0, flipHoriz=False, flipVert=False, font='Arial', fontFiles=[], height=0.04, italic=False, languageStyle='LTR', name='MSTQuestion', opacity=1.0, ori=0, pos=array([0., 0.]), rgb=array([255., 255., 255.]), text=str(...), units='height', win=Window(...), wrapWidth=1)
8.5626 	EXP 	Created ThankyouMssg = TextStim(__class__=<class 'psychopy.visual.text.TextStim'>, alignHoriz=method-wrapper(...), alignText='center', alignVert=method-wrapper(...), anchorHoriz='center', anchorVert='center', antialias=True, autoLog=True, bold=False, color='white', colorSpace='named', contrast=1.0, depth=0.0, flipHoriz=False, flipVert=False, font='Arial', fontFiles=[], height=0.04, italic=False, languageStyle='LTR', name='ThankyouMssg', opacity=1.0, ori=0, pos=array([0. , 0.2]), rgb=array([255., 255., 255.]), text=str(...), units='height', win=Window(...), wrapWidth=1)
8.6172 	EXP 	Created ExitTxt = TextStim(__class__=<class 'psychopy.visual.text.TextStim'>, alignHoriz=method-wrapper(...), alignText='center', alignVert=method-wrapper(...), anchorHoriz='center', anchorVert='center', antialias=True, autoLog=True, bold=False, color='white', colorSpace='named', contrast=1.0, depth=-2.0, flipHoriz=False, flipVert=False, font='Arial', fontFiles=[], height=0.04, italic=False, languageStyle='LTR', name='ExitTxt', opacity=1.0, ori=0, pos=array([ 0. , -0.4]), rgb=array([255., 255., 255.]), text='Press SPACE to exit the study', units='height', win=Window(...), wrapWidth=1)
8.6263 	EXP 	Created CodeTxt = TextStim(__class__=<class 'psychopy.visual.text.TextStim'>, alignHoriz=method-wrapper(...), alignText='center', alignVert=method-wrapper(...), anchorHoriz='center', anchorVert='center', antialias=True, autoLog=True, bold=False, color='white', colorSpace='named', contrast=1.0, depth=-4.0, flipHoriz=False, flipVert=False, font='Arial', fontFiles=[], height=0.04, italic=False, languageStyle='LTR', name='CodeTxt', opacity=1.0, ori=0, pos=array([ 0.  , -0.22]), rgb=array([255., 255., 255.]), text=str(...), units='height', win=Window(...), wrapWidth=1)
8.6705 	EXP 	CompletionCode: autoLog = True
8.6705 	EXP 	InstructionTxt: autoDraw = True
8.6705 	EXP 	WelcomContinue: autoDraw = True
9.1825 	EXP 	InstructionTxt: autoDraw = False
9.1825 	EXP 	WelcomContinue: autoDraw = False
9.1825 	EXP 	VolumeBeginTxt: autoDraw = True
9.1915 	DATA 	Keypress: space
9.4984 	EXP 	VolumeBeginTxt: autoDraw = False
9.4984 	EXP 	text: autoDraw = True
9.4984 	EXP 	AdjustContinue: autoDraw = True
9.5052 	DATA 	Keypress: space
9.7021 	EXP 	text: autoDraw = False
9.7021 	EXP 	AdjustContinue: autoDraw = False
9.7021 	EXP 	HeadphoneCheckBeing: autoDraw = True
9.7021 	EXP 	HeadphoneContinue: autoDraw = True
9.7126 	DATA 	Keypress: space
9.9808 	DATA 	Keypress: space
9.9860 	EXP 	HeadphoneCheckBeing: autoDraw = False
9.9860 	EXP 	HeadphoneContinue: autoDraw = False
9.9860 	EXP 	WelcomeTxt1: autoDraw = True
9.9860 	EXP 	ContinueKey1: autoDraw = True
10.2810 	DATA 	Keypress: space
10.2865 	EXP 	WelcomeTxt1: autoDraw = False
10.2865 	EXP 	ContinueKey1: autoDraw = False
10.2865 	EXP 	Welcome2Txt: autoDraw = True
10.2865 	EXP 	Continue2: autoDraw = True
10.5985 	EXP 	Welcome2Txt: autoDraw = False
10.5985 	EXP 	Continue2: autoDraw = False
10.5985 	EXP 	InstructionTxt2: autoDraw = True
10.5985 	EXP 	WelcomeContinue2: autoDraw = True
10.6092 	DATA 	Keypress: space
11.1776 	EXP 	Imported GuessSounds_conditions.xlsx as conditions, 1 conditions, 2 params
11.1785 	EXP 	Created sequence: sequential, trialTypes=1, nReps=1, seed=None
11.1794 	EXP 	New trial (rep=0, index=0): OrderedDict([('SoundFiles3', 'Practice/Seagull_A.wav'), ('Correct', 3)])
11.2099 	EXP 	InstructionTxt2: autoDraw = False
11.2099 	EXP 	WelcomeContinue2: autoDraw = False
11.2099 	EXP 	TrialNumber: text = 'Trial 1'
11.2099 	EXP 	TrialNumber: autoDraw = True
11.2099 	EXP 	PracticeCross: autoDraw = True
11.2161 	DATA 	Keypress: space
13.4819 	EXP 	TrialNumber: autoDraw = False
13.4819 	EXP 	PracticeCross: autoDraw = False
13.4819 	EXP 	TrialNumber: autoDraw = False
13.4819 	EXP 	PracticeCross: autoDraw = False
13.4819 	EXP 	PracticeMssg: text = 'This is a NEW sound. \nThis sound has never been played before.'
13.4819 	EXP 	PracticeMssg: autoDraw = True
13.4819 	EXP 	FeedbackCross: autoDraw = True
13.4819 	EXP 	Continue: autoDraw = True
13.4819 	EXP 	Options: autoDraw = True
14.1001 	EXP 	PracticeMssg: autoDraw = False
14.1001 	EXP 	FeedbackCross: autoDraw = False
14.1001 	EXP 	Continue: autoDraw = False
14.1001 	EXP 	Options: autoDraw = False
14.1001 	EXP 	FeedbackMssg: text = 'CORRECT'
14.1001 	EXP 	FeedbackMssg: autoDraw = True
14.1031 	DATA 	Keypress: 3
15.1174 	EXP 	FeedbackMssg: autoDraw = False
15.1174 	EXP 	StartTxt: autoDraw = True
15.1174 	EXP 	ContinueStart: autoDraw = True
15.5028 	EXP 	Imported GuessSounds_conditions.xlsx as conditions, 106 conditions, 2 params
15.5032 	EXP 	Created sequence: sequential, trialTypes=106, nReps=1, seed=None
15.5034 	EXP 	New trial (rep=0, index=0): OrderedDict([('SoundFiles3', 'Initial/Doubled/Piano_A.wav'), ('Correct', 3)])
15.5067 	DATA 	Keypress: space
15.5117 	EXP 	StartTxt: autoDraw = False
15.5117 	EXP 	ContinueStart: autoDraw = False
15.5117 	EXP 	no_3: autoDraw = True
15.8694 	DATA 	Keypress: space
17.0273 	EXP 	no_3: autoDraw = False
17.0273 	EXP 	ItemNumber: text = '1/110'
17.0273 	EXP 	Cross: autoDraw = True
17.0273 	EXP 	ItemNumber: autoDraw = True
19.8989 	EXP 	Cross: autoDraw = False
19.8989 	EXP 	ItemNumber: autoDraw = False
19.8989 	EXP 	Cross: autoDraw = False
19.8989 	EXP 	ItemNumber: autoDraw = False
19.8989 	EXP 	MSTQuestion: autoDraw = True
20.7249 	EXP 	New trial (rep=0, index=1): OrderedDict([('SoundFiles3', 'Initial/Doubled/Siren_A.wav'), ('Correct', 3)])
20.7376 	EXP 	MSTQuestion: autoDraw = False
20.7376 	EXP 	no_3: autoDraw = True
20.7419 	DATA 	Keypress: 3
22.2559 	EXP 	no_3: autoDraw = False
22.2559 	EXP 	ItemNumber: text = '2/110'
22.2559 	EXP 	Cross: autoDraw = True
22.2559 	EXP 	ItemNumber: autoDraw = True
25.0490 	EXP 	Cross: autoDraw = False
25.0490 	EXP 	ItemNumber: autoDraw = False
25.0490 	EXP 	Cross: autoDraw = False
25.0490 	EXP 	ItemNumber: autoDraw = False
25.0490 	EXP 	MSTQuestion: autoDraw = True
25.4367 	EXP 	New trial (rep=0, index=2): OrderedDict([('SoundFiles3', 'Test/Foils/Bird.wav'), ('Correct', 3)])
25.4476 	EXP 	MSTQuestion: autoDraw = False
25.4476 	EXP 	no_3: autoDraw = True
25.4497 	DATA 	Keypress: 3
26.9571 	EXP 	no_3: autoDraw = False
26.9571 	EXP 	no_3: autoDraw = False
26.9571 	EXP 	ItemNumber: text = '3/110'
26.9571 	EXP 	Cross: autoDraw = True
26.9571 	EXP 	ItemNumber: autoDraw = True
29.6658 	EXP 	Cross: autoDraw = False
29.6658 	EXP 	ItemNumber: autoDraw = False
29.6658 	EXP 	Cross: autoDraw = False
29.6658 	EXP 	ItemNumber: autoDraw = False
29.6658 	EXP 	MSTQuestion: autoDraw = True
30.2723 	EXP 	New trial (rep=0, index=3): OrderedDict([('SoundFiles3', 'Initial/Doubled/Cat_A.wav'), ('Correct', 3)])
30.2823 	EXP 	MSTQuestion: autoDraw = False
30.2823 	EXP 	no_3: autoDraw = True
30.2879 	DATA 	Keypress: 3
31.7945 	EXP 	no_3: autoDraw = False
31.7945 	EXP 	no_3: autoDraw = False
31.7945 	EXP 	ItemNumber: text = '4/110'
31.7945 	EXP 	Cross: autoDraw = True
31.7945 	EXP 	ItemNumber: autoDraw = True
33.2158 	EXP 	Cross: autoDraw = False
33.2158 	EXP 	ItemNumber: autoDraw = False
33.2158 	EXP 	Cross: autoDraw = False
33.2158 	EXP 	ItemNumber: autoDraw = False
33.2158 	EXP 	MSTQuestion: autoDraw = True
33.7738 	EXP 	New trial (rep=0, index=4): OrderedDict([('SoundFiles3', 'Initial/NoRepeat/Baby_B.wav'), ('Correct', 3)])
33.7829 	EXP 	MSTQuestion: autoDraw = False
33.7829 	EXP 	no_3: autoDraw = True
33.7905 	DATA 	Keypress: 3
35.3101 	EXP 	no_3: autoDraw = False
35.3101 	EXP 	ItemNumber: text = '5/110'
35.3101 	EXP 	Cross: autoDraw = True
35.3101 	EXP 	ItemNumber: autoDraw = True
38.1825 	EXP 	Cross: autoDraw = False
38.1825 	EXP 	ItemNumber: autoDraw = False
38.1825 	EXP 	Cross: autoDraw = False
38.1825 	EXP 	ItemNumber: autoDraw = False
38.1825 	EXP 	MSTQuestion: autoDraw = True
38.5706 	EXP 	New trial (rep=0, index=5): OrderedDict([('SoundFiles3', 'Initial/Doubled/Writing_A.wav'), ('Correct', 3)])
38.5812 	EXP 	MSTQuestion: autoDraw = False
38.5812 	EXP 	no_3: autoDraw = True
38.5859 	DATA 	Keypress: 3
40.1011 	EXP 	no_3: autoDraw = False
40.1011 	EXP 	no_3: autoDraw = False
40.1011 	EXP 	ItemNumber: text = '6/110'
40.1011 	EXP 	Cross: autoDraw = True
40.1011 	EXP 	ItemNumber: autoDraw = True
42.7984 	EXP 	Cross: autoDraw = False
42.7984 	EXP 	ItemNumber: autoDraw = False
42.7984 	EXP 	Cross: autoDraw = False
42.7984 	EXP 	ItemNumber: autoDraw = False
42.7984 	EXP 	MSTQuestion: autoDraw = True
43.3223 	EXP 	New trial (rep=0, index=6): OrderedDict([('SoundFiles3', 'Piano_B.wav'), ('Correct', 2)])
43.3267 	DATA 	Keypress: 3
43.3313 	EXP 	MSTQuestion: autoDraw = False
43.3313 	EXP 	no_3: autoDraw = True
44.8455 	EXP 	no_3: autoDraw = False
44.8455 	EXP 	no_3: autoDraw = False
44.8455 	EXP 	ItemNumber: text = '7/110'
44.8455 	EXP 	Cross: autoDraw = True
44.8455 	EXP 	ItemNumber: autoDraw = True
47.5152 	EXP 	Cross: autoDraw = False
47.5152 	EXP 	ItemNumber: autoDraw = False
47.5152 	EXP 	Cross: autoDraw = False
47.5152 	EXP 	ItemNumber: autoDraw = False
47.5152 	EXP 	MSTQuestion: autoDraw = True
54.9561 	EXP 	New trial (rep=0, index=7): OrderedDict([('SoundFiles3', 'Initial/NoRepeat/Sleighbells_B.wav'), ('Correct', 3)])
54.9670 	EXP 	MSTQuestion: autoDraw = False
54.9670 	EXP 	no_3: autoDraw = True
54.9720 	DATA 	Keypress: 3
56.4946 	EXP 	no_3: autoDraw = False
56.4946 	EXP 	ItemNumber: text = '8/110'
56.4946 	EXP 	Cross: autoDraw = True
56.4946 	EXP 	ItemNumber: autoDraw = True
58.9156 	EXP 	Cross: autoDraw = False
58.9156 	EXP 	ItemNumber: autoDraw = False
58.9156 	EXP 	Cross: autoDraw = False
58.9156 	EXP 	ItemNumber: autoDraw = False
58.9156 	EXP 	MSTQuestion: autoDraw = True
59.5530 	EXP 	New trial (rep=0, index=8): OrderedDict([('SoundFiles3', 'Test/Foils/Typing.wav'), ('Correct', 3)])
59.5640 	EXP 	MSTQuestion: autoDraw = False
59.5640 	EXP 	no_3: autoDraw = True
59.5667 	DATA 	Keypress: 3
61.0821 	EXP 	no_3: autoDraw = False
61.0821 	EXP 	no_3: autoDraw = False
61.0821 	EXP 	ItemNumber: text = '9/110'
61.0821 	EXP 	Cross: autoDraw = True
61.0821 	EXP 	ItemNumber: autoDraw = True
63.9486 	EXP 	Cross: autoDraw = False
63.9486 	EXP 	ItemNumber: autoDraw = False
63.9486 	EXP 	Cross: autoDraw = False
63.9486 	EXP 	ItemNumber: autoDraw = False
63.9486 	EXP 	MSTQuestion: autoDraw = True
64.3050 	EXP 	New trial (rep=0, index=9): OrderedDict([('SoundFiles3', 'Initial/Repeat/Pour.wav'), ('Correct', 3)])
64.3169 	EXP 	MSTQuestion: autoDraw = False
64.3169 	EXP 	no_3: autoDraw = True
64.3212 	DATA 	Keypress: 3
65.8360 	EXP 	no_3: autoDraw = False
65.8360 	EXP 	ItemNumber: text = '10/110'
65.8360 	EXP 	Cross: autoDraw = True
65.8360 	EXP 	ItemNumber: autoDraw = True
68.4151 	EXP 	Cross: autoDraw = False
68.4151 	EXP 	ItemNumber: autoDraw = False
68.4151 	EXP 	Cross: autoDraw = False
68.4151 	EXP 	ItemNumber: autoDraw = False
68.4151 	EXP 	MSTQuestion: autoDraw = True
70.1892 	DATA 	Keypress: escape
70.6022 	EXP 	window1: mouseVisible = True
