3.5242 	WARNING 	We strongly recommend you activate the PTB sound engine in PsychoPy prefs as the preferred audio engine. Its timing is vastly superior. Your prefs are currently set to use ['sounddevice', 'PTB', 'pyo', 'pygame'] (in that order).
16.9560 	WARNING 	User requested fullscreen with size [1024  768], but screen is actually [2256, 1504]. Using actual size
19.6384 	EXP 	Created window1 = Window(allowGUI=False, allowStencil=False, args=UNKNOWN, autoLog=True, bitsMode=UNKNOWN, blendMode='avg', bpc=(8, 8, 8), color=array([0., 0., 0.]), colorSpace='rgb', depthBits=8, fullscr=<method-wrapper '__getattribute__' of attributeSetter object at 0x00000137F289C978>, gamma=None, gammaErrorPolicy='raise', kwargs=UNKNOWN, lms=UNKNOWN, monitor=<psychopy.monitors.calibTools.Monitor object at 0x00000137F28D70B8>, multiSample=False, name='window1', numSamples=2, pos=[0.0, 0.0], screen=0, size=array([2256, 1504]), stencilBits=0, stereo=False, units='height', useFBO=True, useRetina=False, viewOri=0.0, viewPos=None, viewScale=None, waitBlanking=True, winType='pyglet')
19.6395 	EXP 	window1: mouseVisible = True
19.6396 	EXP 	window1: recordFrameIntervals = False
19.7991 	EXP 	window1: recordFrameIntervals = True
19.9826 	EXP 	window1: recordFrameIntervals = False
20.5568 	EXP 	Created InstructionTxt = TextStim(__class__=<class 'psychopy.visual.text.TextStim'>, alignHoriz=method-wrapper(...), alignText='center', alignVert=method-wrapper(...), anchorHoriz='center', anchorVert='center', antialias=True, autoLog=True, bold=False, color='white', colorSpace='named', contrast=1.0, depth=0.0, flipHoriz=False, flipVert=False, font='Arial', fontFiles=[], height=0.04, italic=False, languageStyle='LTR', name='InstructionTxt', opacity=1.0, ori=0, pos=array([0., 0.]), rgb=array([255., 255., 255.]), text=str(...), units='height', win=Window(...), wrapWidth=1)
20.5878 	EXP 	Created WelcomContinue = TextStim(__class__=<class 'psychopy.visual.text.TextStim'>, alignHoriz=method-wrapper(...), alignText='center', alignVert=method-wrapper(...), anchorHoriz='center', anchorVert='center', antialias=True, autoLog=True, bold=False, color='white', colorSpace='named', contrast=1.0, depth=-3.0, flipHoriz=False, flipVert=False, font='Arial', fontFiles=[], height=0.04, italic=False, languageStyle='LTR', name='WelcomContinue', opacity=1.0, ori=0, pos=array([ 0. , -0.4]), rgb=array([255., 255., 255.]), text='Press SPACE to continue', units='height', win=Window(...), wrapWidth=1)
20.6459 	EXP 	Created VolumeBeginTxt = TextStim(__class__=<class 'psychopy.visual.text.TextStim'>, alignHoriz=method-wrapper(...), alignText='center', alignVert=method-wrapper(...), anchorHoriz='center', anchorVert='center', antialias=True, autoLog=True, bold=False, color='white', colorSpace='named', contrast=1.0, depth=0.0, flipHoriz=False, flipVert=False, font='Arial', fontFiles=[], height=0.04, italic=False, languageStyle='LTR', name='VolumeBeginTxt', opacity=1.0, ori=0, pos=array([0., 0.]), rgb=array([255., 255., 255.]), text=str(...), units='height', win=Window(...), wrapWidth=1)
20.6574 	EXP 	Created text = TextStim(__class__=<class 'psychopy.visual.text.TextStim'>, alignHoriz=method-wrapper(...), alignText='center', alignVert=method-wrapper(...), anchorHoriz='center', anchorVert='center', antialias=True, autoLog=True, bold=False, color='white', colorSpace='named', contrast=1.0, depth=0.0, flipHoriz=False, flipVert=False, font='Arial', fontFiles=[], height=0.04, italic=False, languageStyle='LTR', name='text', opacity=1.0, ori=0, pos=array([0., 0.]), rgb=array([255., 255., 255.]), text=str(...), units='height', win=Window(...), wrapWidth=1)
21.4169 	EXP 	Sound Music set volume 0.300
21.4386 	EXP 	Created AdjustContinue = TextStim(__class__=<class 'psychopy.visual.text.TextStim'>, alignHoriz=method-wrapper(...), alignText='center', alignVert=method-wrapper(...), anchorHoriz='center', anchorVert='center', antialias=True, autoLog=True, bold=False, color='white', colorSpace='named', contrast=1.0, depth=-3.0, flipHoriz=False, flipVert=False, font='Arial', fontFiles=[], height=0.04, italic=False, languageStyle='LTR', name='AdjustContinue', opacity=1.0, ori=0, pos=array([ 0. , -0.4]), rgb=array([255., 255., 255.]), text=str(...), units='height', win=Window(...), wrapWidth=1)
21.4864 	EXP 	Created HeadphoneCheckBeing = TextStim(__class__=<class 'psychopy.visual.text.TextStim'>, alignHoriz=method-wrapper(...), alignText='center', alignVert=method-wrapper(...), anchorHoriz='center', anchorVert='center', antialias=True, autoLog=True, bold=False, color='white', colorSpace='named', contrast=1.0, depth=0.0, flipHoriz=False, flipVert=False, font='Arial', fontFiles=[], height=0.04, italic=False, languageStyle='LTR', name='HeadphoneCheckBeing', opacity=1.0, ori=0, pos=array([0., 0.]), rgb=array([255., 255., 255.]), text=str(...), units='height', win=Window(...), wrapWidth=1)
21.4907 	EXP 	Created HeadphoneContinue = TextStim(__class__=<class 'psychopy.visual.text.TextStim'>, alignHoriz=method-wrapper(...), alignText='center', alignVert=method-wrapper(...), anchorHoriz='center', anchorVert='center', antialias=True, autoLog=True, bold=False, color='white', colorSpace='named', contrast=1.0, depth=-1.0, flipHoriz=False, flipVert=False, font='Arial', fontFiles=[], height=0.04, italic=False, languageStyle='LTR', name='HeadphoneContinue', opacity=1.0, ori=0, pos=array([ 0. , -0.4]), rgb=array([255., 255., 255.]), text='Press SPACE to continue', units='height', win=Window(...), wrapWidth=1)
21.5153 	EXP 	Created WelcomeTxt1 = TextStim(__class__=<class 'psychopy.visual.text.TextStim'>, alignHoriz=method-wrapper(...), alignText='center', alignVert=method-wrapper(...), anchorHoriz='center', anchorVert='center', antialias=True, autoLog=True, bold=False, color='white', colorSpace='named', contrast=1.0, depth=0.0, flipHoriz=False, flipVert=False, font='Arial', fontFiles=[], height=0.04, italic=False, languageStyle='LTR', name='WelcomeTxt1', opacity=1.0, ori=0, pos=array([0., 0.]), rgb=array([255., 255., 255.]), text=str(...), units='height', win=Window(...), wrapWidth=1)
21.5197 	EXP 	Created ContinueKey1 = TextStim(__class__=<class 'psychopy.visual.text.TextStim'>, alignHoriz=method-wrapper(...), alignText='center', alignVert=method-wrapper(...), anchorHoriz='center', anchorVert='center', antialias=True, autoLog=True, bold=False, color='white', colorSpace='named', contrast=1.0, depth=-1.0, flipHoriz=False, flipVert=False, font='Arial', fontFiles=[], height=0.04, italic=False, languageStyle='LTR', name='ContinueKey1', opacity=1.0, ori=0, pos=array([ 0. , -0.4]), rgb=array([255., 255., 255.]), text='Press SPACE to continue', units='height', win=Window(...), wrapWidth=1)
21.5509 	EXP 	Created Welcome2Txt = TextStim(__class__=<class 'psychopy.visual.text.TextStim'>, alignHoriz=method-wrapper(...), alignText='center', alignVert=method-wrapper(...), anchorHoriz='center', anchorVert='center', antialias=True, autoLog=True, bold=False, color='white', colorSpace='named', contrast=1.0, depth=0.0, flipHoriz=False, flipVert=False, font='Arial', fontFiles=[], height=0.04, italic=False, languageStyle='LTR', name='Welcome2Txt', opacity=1.0, ori=0, pos=array([0., 0.]), rgb=array([255., 255., 255.]), text=str(...), units='height', win=Window(...), wrapWidth=1)
21.5558 	EXP 	Created Continue2 = TextStim(__class__=<class 'psychopy.visual.text.TextStim'>, alignHoriz=method-wrapper(...), alignText='center', alignVert=method-wrapper(...), anchorHoriz='center', anchorVert='center', antialias=True, autoLog=True, bold=False, color='white', colorSpace='named', contrast=1.0, depth=-2.0, flipHoriz=False, flipVert=False, font='Arial', fontFiles=[], height=0.04, italic=False, languageStyle='LTR', name='Continue2', opacity=1.0, ori=0, pos=array([ 0. , -0.4]), rgb=array([255., 255., 255.]), text='Press SPACE to continue', units='height', win=Window(...), wrapWidth=1)
21.5720 	EXP 	Created InstructionTxt2 = TextStim(__class__=<class 'psychopy.visual.text.TextStim'>, alignHoriz=method-wrapper(...), alignText='center', alignVert=method-wrapper(...), anchorHoriz='center', anchorVert='center', antialias=True, autoLog=True, bold=False, color='white', colorSpace='named', contrast=1.0, depth=0.0, flipHoriz=False, flipVert=False, font='Arial', fontFiles=[], height=0.04, italic=False, languageStyle='LTR', name='InstructionTxt2', opacity=1.0, ori=0, pos=array([0., 0.]), rgb=array([255., 255., 255.]), text=str(...), units='height', win=Window(...), wrapWidth=1)
21.5770 	EXP 	Created WelcomeContinue2 = TextStim(__class__=<class 'psychopy.visual.text.TextStim'>, alignHoriz=method-wrapper(...), alignText='center', alignVert=method-wrapper(...), anchorHoriz='center', anchorVert='center', antialias=True, autoLog=True, bold=False, color='white', colorSpace='named', contrast=1.0, depth=-1.0, flipHoriz=False, flipVert=False, font='Arial', fontFiles=[], height=0.04, italic=False, languageStyle='LTR', name='WelcomeContinue2', opacity=1.0, ori=0, pos=array([ 0. , -0.4]), rgb=array([255., 255., 255.]), text='Press SPACE to begin practice\n', units='height', win=Window(...), wrapWidth=1)
21.5810 	EXP 	Created TrialNumber = TextStim(__class__=<class 'psychopy.visual.text.TextStim'>, alignHoriz=method-wrapper(...), alignText='center', alignVert=method-wrapper(...), anchorHoriz='center', anchorVert='center', antialias=True, autoLog=True, bold=False, color='white', colorSpace='named', contrast=1.0, depth=0.0, flipHoriz=False, flipVert=False, font='Arial', fontFiles=[], height=0.04, italic=False, languageStyle='LTR', name='TrialNumber', opacity=1.0, ori=0, pos=array([0. , 0.3]), rgb=array([255., 255., 255.]), text='default text', units='height', win=Window(...), wrapWidth=1)
21.5811 	EXP 	Sound PracticeSound set volume 1.000
21.6040 	EXP 	Created PracticeCross = TextStim(__class__=<class 'psychopy.visual.text.TextStim'>, alignHoriz=method-wrapper(...), alignText='center', alignVert=method-wrapper(...), anchorHoriz='center', anchorVert='center', antialias=True, autoLog=True, bold=False, color='white', colorSpace='named', contrast=1.0, depth=-2.0, flipHoriz=False, flipVert=False, font='Arial', fontFiles=[], height=0.1, italic=False, languageStyle='LTR', name='PracticeCross', opacity=1.0, ori=0, pos=array([0., 0.]), rgb=array([255., 255., 255.]), text='+', units='height', win=Window(...), wrapWidth=1)
21.6074 	EXP 	Created PracticeMssg = TextStim(__class__=<class 'psychopy.visual.text.TextStim'>, alignHoriz=method-wrapper(...), alignText='center', alignVert=method-wrapper(...), anchorHoriz='center', anchorVert='center', antialias=True, autoLog=True, bold=False, color='white', colorSpace='named', contrast=1.0, depth=-2.0, flipHoriz=False, flipVert=False, font='Arial', fontFiles=[], height=0.04, italic=False, languageStyle='LTR', name='PracticeMssg', opacity=1.0, ori=0, pos=array([0. , 0.2]), rgb=array([255., 255., 255.]), text='default text', units='height', win=Window(...), wrapWidth=1)
21.6092 	EXP 	Created FeedbackCross = TextStim(__class__=<class 'psychopy.visual.text.TextStim'>, alignHoriz=method-wrapper(...), alignText='center', alignVert=method-wrapper(...), anchorHoriz='center', anchorVert='center', antialias=True, autoLog=True, bold=False, color='white', colorSpace='named', contrast=1.0, depth=-3.0, flipHoriz=False, flipVert=False, font='Arial', fontFiles=[], height=0.1, italic=False, languageStyle='LTR', name='FeedbackCross', opacity=1.0, ori=0, pos=array([0., 0.]), rgb=array([255., 255., 255.]), text='+', units='height', win=Window(...), wrapWidth=1)
21.6151 	EXP 	Created Continue = TextStim(__class__=<class 'psychopy.visual.text.TextStim'>, alignHoriz=method-wrapper(...), alignText='center', alignVert=method-wrapper(...), anchorHoriz='center', anchorVert='center', antialias=True, autoLog=True, bold=False, color='white', colorSpace='named', contrast=1.0, depth=-4.0, flipHoriz=False, flipVert=False, font='Arial', fontFiles=[], height=0.04, italic=False, languageStyle='LTR', name='Continue', opacity=1.0, ori=0, pos=array([ 0. , -0.4]), rgb=array([255., 255., 255.]), text='Press the correct number on your keyboard', units='height', win=Window(...), wrapWidth=1)
21.6232 	EXP 	Created Options = TextStim(__class__=<class 'psychopy.visual.text.TextStim'>, alignHoriz=method-wrapper(...), alignText='center', alignVert=method-wrapper(...), anchorHoriz='center', anchorVert='center', antialias=True, autoLog=True, bold=False, color='white', colorSpace='named', contrast=1.0, depth=-5.0, flipHoriz=False, flipVert=False, font='Arial', fontFiles=[], height=0.04, italic=False, languageStyle='LTR', name='Options', opacity=1.0, ori=0, pos=array([ 0. , -0.2]), rgb=array([255., 255., 255.]), text='1 = OLD\n2 = SIMILAR\n3 = NEW', units='height', win=Window(...), wrapWidth=1)
21.6267 	EXP 	Created FeedbackMssg = TextStim(__class__=<class 'psychopy.visual.text.TextStim'>, alignHoriz=method-wrapper(...), alignText='center', alignVert=method-wrapper(...), anchorHoriz='center', anchorVert='center', antialias=True, autoLog=True, bold=False, color='white', colorSpace='named', contrast=1.0, depth=0.0, flipHoriz=False, flipVert=False, font='Arial', fontFiles=[], height=0.04, italic=False, languageStyle='LTR', name='FeedbackMssg', opacity=1.0, ori=0, pos=array([0., 0.]), rgb=array([255., 255., 255.]), text='default text', units='height', win=Window(...), wrapWidth=1)
21.6422 	EXP 	Created StartTxt = TextStim(__class__=<class 'psychopy.visual.text.TextStim'>, alignHoriz=method-wrapper(...), alignText='center', alignVert=method-wrapper(...), anchorHoriz='center', anchorVert='center', antialias=True, autoLog=True, bold=False, color='white', colorSpace='named', contrast=1.0, depth=0.0, flipHoriz=False, flipVert=False, font='Arial', fontFiles=[], height=0.04, italic=False, languageStyle='LTR', name='StartTxt', opacity=1.0, ori=0, pos=array([0., 0.]), rgb=array([255., 255., 255.]), text=str(...), units='height', win=Window(...), wrapWidth=1)
21.6483 	EXP 	Created ContinueStart = TextStim(__class__=<class 'psychopy.visual.text.TextStim'>, alignHoriz=method-wrapper(...), alignText='center', alignVert=method-wrapper(...), anchorHoriz='center', anchorVert='center', antialias=True, autoLog=True, bold=False, color='white', colorSpace='named', contrast=1.0, depth=-2.0, flipHoriz=False, flipVert=False, font='Arial', fontFiles=[], height=0.04, italic=False, languageStyle='LTR', name='ContinueStart', opacity=1.0, ori=0, pos=array([ 0. , -0.4]), rgb=array([255., 255., 255.]), text='Press SPACE to begin the task', units='height', win=Window(...), wrapWidth=1)
21.6503 	EXP 	Created no_3 = TextStim(__class__=<class 'psychopy.visual.text.TextStim'>, alignHoriz=method-wrapper(...), alignText='center', alignVert=method-wrapper(...), anchorHoriz='center', anchorVert='center', antialias=True, autoLog=True, bold=False, color='white', colorSpace='named', contrast=1.0, depth=-1.0, flipHoriz=False, flipVert=False, font='Arial', fontFiles=[], height=0.1, italic=False, languageStyle='LTR', name='no_3', opacity=1.0, ori=0, pos=array([0., 0.]), rgb=array([255., 255., 255.]), text='+', units='height', win=Window(...), wrapWidth=1)
21.6503 	EXP 	Sound TargetSound set volume 1.000
21.6520 	EXP 	Created Cross = TextStim(__class__=<class 'psychopy.visual.text.TextStim'>, alignHoriz=method-wrapper(...), alignText='center', alignVert=method-wrapper(...), anchorHoriz='center', anchorVert='center', antialias=True, autoLog=True, bold=False, color='white', colorSpace='named', contrast=1.0, depth=-1.0, flipHoriz=False, flipVert=False, font='Arial', fontFiles=[], height=0.1, italic=False, languageStyle='LTR', name='Cross', opacity=1.0, ori=0, pos=array([0., 0.]), rgb=array([255., 255., 255.]), text='+', units='height', win=Window(...), wrapWidth=1)
21.6554 	EXP 	Created ItemNumber = TextStim(__class__=<class 'psychopy.visual.text.TextStim'>, alignHoriz=method-wrapper(...), alignText='center', alignVert=method-wrapper(...), anchorHoriz='center', anchorVert='center', antialias=True, autoLog=True, bold=False, color='white', colorSpace='named', contrast=1.0, depth=-2.0, flipHoriz=False, flipVert=False, font='Arial', fontFiles=[], height=0.04, italic=False, languageStyle='LTR', name='ItemNumber', opacity=1.0, ori=0, pos=array([0. , 0.3]), rgb=array([255., 255., 255.]), text='default text', units='height', win=Window(...), wrapWidth=1)
21.6828 	EXP 	Created MSTQuestion = TextStim(__class__=<class 'psychopy.visual.text.TextStim'>, alignHoriz=method-wrapper(...), alignText='center', alignVert=method-wrapper(...), anchorHoriz='center', anchorVert='center', antialias=True, autoLog=True, bold=False, color='white', colorSpace='named', contrast=1.0, depth=0.0, flipHoriz=False, flipVert=False, font='Arial', fontFiles=[], height=0.04, italic=False, languageStyle='LTR', name='MSTQuestion', opacity=1.0, ori=0, pos=array([0., 0.]), rgb=array([255., 255., 255.]), text=str(...), units='height', win=Window(...), wrapWidth=1)
21.6919 	EXP 	Created ThankyouMssg = TextStim(__class__=<class 'psychopy.visual.text.TextStim'>, alignHoriz=method-wrapper(...), alignText='center', alignVert=method-wrapper(...), anchorHoriz='center', anchorVert='center', antialias=True, autoLog=True, bold=False, color='white', colorSpace='named', contrast=1.0, depth=0.0, flipHoriz=False, flipVert=False, font='Arial', fontFiles=[], height=0.04, italic=False, languageStyle='LTR', name='ThankyouMssg', opacity=1.0, ori=0, pos=array([0. , 0.2]), rgb=array([255., 255., 255.]), text=str(...), units='height', win=Window(...), wrapWidth=1)
21.8941 	EXP 	Created ExitTxt = TextStim(__class__=<class 'psychopy.visual.text.TextStim'>, alignHoriz=method-wrapper(...), alignText='center', alignVert=method-wrapper(...), anchorHoriz='center', anchorVert='center', antialias=True, autoLog=True, bold=False, color='white', colorSpace='named', contrast=1.0, depth=-2.0, flipHoriz=False, flipVert=False, font='Arial', fontFiles=[], height=0.04, italic=False, languageStyle='LTR', name='ExitTxt', opacity=1.0, ori=0, pos=array([ 0. , -0.4]), rgb=array([255., 255., 255.]), text='Press SPACE to exit the study', units='height', win=Window(...), wrapWidth=1)
21.9049 	EXP 	Created CodeTxt = TextStim(__class__=<class 'psychopy.visual.text.TextStim'>, alignHoriz=method-wrapper(...), alignText='center', alignVert=method-wrapper(...), anchorHoriz='center', anchorVert='center', antialias=True, autoLog=True, bold=False, color='white', colorSpace='named', contrast=1.0, depth=-4.0, flipHoriz=False, flipVert=False, font='Arial', fontFiles=[], height=0.04, italic=False, languageStyle='LTR', name='CodeTxt', opacity=1.0, ori=0, pos=array([ 0.  , -0.22]), rgb=array([255., 255., 255.]), text=str(...), units='height', win=Window(...), wrapWidth=1)
21.9774 	EXP 	CompletionCode: autoLog = True
21.9774 	EXP 	InstructionTxt: autoDraw = True
21.9774 	EXP 	WelcomContinue: autoDraw = True
25.5392 	DATA 	Keypress: space
25.5484 	EXP 	InstructionTxt: autoDraw = False
25.5484 	EXP 	WelcomContinue: autoDraw = False
25.5484 	EXP 	VolumeBeginTxt: autoDraw = True
26.4767 	DATA 	Keypress: space
26.4808 	EXP 	VolumeBeginTxt: autoDraw = False
26.4808 	EXP 	text: autoDraw = True
26.4808 	EXP 	AdjustContinue: autoDraw = True
27.0533 	DATA 	Keypress: space
27.0819 	EXP 	text: autoDraw = False
27.0819 	EXP 	AdjustContinue: autoDraw = False
27.0819 	EXP 	HeadphoneCheckBeing: autoDraw = True
27.0819 	EXP 	HeadphoneContinue: autoDraw = True
28.0582 	DATA 	Keypress: space
28.0656 	EXP 	HeadphoneCheckBeing: autoDraw = False
28.0656 	EXP 	HeadphoneContinue: autoDraw = False
28.0656 	EXP 	WelcomeTxt1: autoDraw = True
28.0656 	EXP 	ContinueKey1: autoDraw = True
37.0630 	DATA 	Keypress: space
37.0683 	EXP 	WelcomeTxt1: autoDraw = False
37.0683 	EXP 	ContinueKey1: autoDraw = False
37.0683 	EXP 	Welcome2Txt: autoDraw = True
37.0683 	EXP 	Continue2: autoDraw = True
43.0240 	DATA 	Keypress: space
43.0313 	EXP 	Welcome2Txt: autoDraw = False
43.0313 	EXP 	Continue2: autoDraw = False
43.0313 	EXP 	InstructionTxt2: autoDraw = True
43.0313 	EXP 	WelcomeContinue2: autoDraw = True
46.2538 	DATA 	Keypress: space
46.4056 	EXP 	Imported GuessSounds_conditions.xlsx as conditions, 5 conditions, 4 params
46.4062 	EXP 	Created sequence: sequential, trialTypes=5, nReps=1, seed=None
46.4066 	EXP 	New trial (rep=0, index=0): OrderedDict([('SoundFile5', 'Practice/Seagull_A.wav'), ('Correct', 2), ('Correct2', 3), ('Type', 'NEW')])
46.4296 	EXP 	InstructionTxt2: autoDraw = False
46.4296 	EXP 	WelcomeContinue2: autoDraw = False
46.4296 	EXP 	TrialNumber: text = 'Trial 1'
46.4296 	EXP 	TrialNumber: autoDraw = True
46.4296 	EXP 	PracticeCross: autoDraw = True
48.7022 	EXP 	TrialNumber: autoDraw = False
48.7022 	EXP 	PracticeCross: autoDraw = False
48.7022 	EXP 	TrialNumber: autoDraw = False
48.7022 	EXP 	PracticeCross: autoDraw = False
48.7022 	EXP 	PracticeMssg: text = 'This is a NEW sound. \nThis sound has never been played before.'
48.7022 	EXP 	PracticeMssg: autoDraw = True
48.7022 	EXP 	FeedbackCross: autoDraw = True
48.7022 	EXP 	Continue: autoDraw = True
48.7022 	EXP 	Options: autoDraw = True
53.6789 	DATA 	Keypress: 3
53.6833 	EXP 	PracticeMssg: autoDraw = False
53.6833 	EXP 	FeedbackCross: autoDraw = False
53.6833 	EXP 	Continue: autoDraw = False
53.6833 	EXP 	Options: autoDraw = False
53.6833 	EXP 	FeedbackMssg: text = 'CORRECT'
53.6833 	EXP 	FeedbackMssg: autoDraw = True
54.6672 	EXP 	New trial (rep=0, index=1): OrderedDict([('SoundFile5', 'Practice/Skid_B.wav'), ('Correct', 2), ('Correct2', 3), ('Type', 'NEW')])
54.7028 	EXP 	FeedbackMssg: autoDraw = False
54.7028 	EXP 	TrialNumber: text = 'Trial 2'
54.7028 	EXP 	TrialNumber: autoDraw = True
54.7028 	EXP 	PracticeCross: autoDraw = True
56.8146 	EXP 	TrialNumber: autoDraw = False
56.8146 	EXP 	PracticeCross: autoDraw = False
56.8146 	EXP 	TrialNumber: autoDraw = False
56.8146 	EXP 	PracticeCross: autoDraw = False
56.8146 	EXP 	PracticeMssg: text = 'This is a NEW sound. \nThis sound has never been played before.'
56.8146 	EXP 	PracticeMssg: autoDraw = True
56.8146 	EXP 	FeedbackCross: autoDraw = True
56.8146 	EXP 	Continue: autoDraw = True
56.8146 	EXP 	Options: autoDraw = True
60.0252 	DATA 	Keypress: 3
60.0309 	EXP 	PracticeMssg: autoDraw = False
60.0309 	EXP 	FeedbackCross: autoDraw = False
60.0309 	EXP 	Continue: autoDraw = False
60.0309 	EXP 	Options: autoDraw = False
60.0309 	EXP 	FeedbackMssg: text = 'CORRECT'
60.0309 	EXP 	FeedbackMssg: autoDraw = True
61.0161 	EXP 	New trial (rep=0, index=2): OrderedDict([('SoundFile5', 'Practice/Seagull_A.wav'), ('Correct', 1), ('Correct2', 1), ('Type', 'OLD')])
61.0308 	EXP 	FeedbackMssg: autoDraw = False
61.0308 	EXP 	FeedbackMssg: autoDraw = False
61.0308 	EXP 	TrialNumber: text = 'Trial 3'
61.0308 	EXP 	TrialNumber: autoDraw = True
61.0308 	EXP 	PracticeCross: autoDraw = True
63.3006 	EXP 	TrialNumber: autoDraw = False
63.3006 	EXP 	PracticeCross: autoDraw = False
63.3006 	EXP 	TrialNumber: autoDraw = False
63.3006 	EXP 	PracticeCross: autoDraw = False
63.3006 	EXP 	PracticeMssg: text = 'This is a REPEAT sound. \nThe exact same sound has been played previously.'
63.3006 	EXP 	PracticeMssg: autoDraw = True
63.3006 	EXP 	FeedbackCross: autoDraw = True
63.3006 	EXP 	Continue: autoDraw = True
63.3006 	EXP 	Options: autoDraw = True
65.6085 	DATA 	Keypress: 1
65.6311 	EXP 	PracticeMssg: autoDraw = False
65.6311 	EXP 	FeedbackCross: autoDraw = False
65.6311 	EXP 	Continue: autoDraw = False
65.6311 	EXP 	Options: autoDraw = False
65.6311 	EXP 	FeedbackMssg: text = 'CORRECT'
65.6311 	EXP 	FeedbackMssg: autoDraw = True
66.6160 	EXP 	New trial (rep=0, index=3): OrderedDict([('SoundFile5', 'Practice/Gargle_A.wav'), ('Correct', 2), ('Correct2', 3), ('Type', 'NEW')])
66.6371 	EXP 	FeedbackMssg: autoDraw = False
66.6371 	EXP 	FeedbackMssg: autoDraw = False
66.6371 	EXP 	TrialNumber: text = 'Trial 4'
66.6371 	EXP 	TrialNumber: autoDraw = True
66.6371 	EXP 	PracticeCross: autoDraw = True
68.8975 	EXP 	TrialNumber: autoDraw = False
68.8975 	EXP 	PracticeCross: autoDraw = False
68.9149 	EXP 	TrialNumber: autoDraw = False
68.9149 	EXP 	PracticeCross: autoDraw = False
68.9149 	EXP 	PracticeMssg: text = 'This is a NEW sound. \nThis sound has never been played before.'
68.9149 	EXP 	PracticeMssg: autoDraw = True
68.9149 	EXP 	FeedbackCross: autoDraw = True
68.9149 	EXP 	Continue: autoDraw = True
68.9149 	EXP 	Options: autoDraw = True
71.1707 	DATA 	Keypress: 3
71.1983 	EXP 	PracticeMssg: autoDraw = False
71.1983 	EXP 	FeedbackCross: autoDraw = False
71.1983 	EXP 	Continue: autoDraw = False
71.1983 	EXP 	Options: autoDraw = False
71.1983 	EXP 	FeedbackMssg: text = 'CORRECT'
71.1983 	EXP 	FeedbackMssg: autoDraw = True
72.1831 	EXP 	New trial (rep=0, index=4): OrderedDict([('SoundFile5', 'Practice/Gargle_B.wav'), ('Correct', 2), ('Correct2', 2), ('Type', 'SIMILAR')])
72.2070 	EXP 	FeedbackMssg: autoDraw = False
72.2070 	EXP 	FeedbackMssg: autoDraw = False
72.2070 	EXP 	TrialNumber: text = 'Trial 5'
72.2070 	EXP 	TrialNumber: autoDraw = True
72.2070 	EXP 	PracticeCross: autoDraw = True
74.2683 	EXP 	TrialNumber: autoDraw = False
74.2683 	EXP 	PracticeCross: autoDraw = False
74.2683 	EXP 	TrialNumber: autoDraw = False
74.2683 	EXP 	PracticeCross: autoDraw = False
74.2683 	EXP 	PracticeMssg: text = 'This is a SIMILAR sound. \nThis sound is similar but not identical to a previously played sound.'
74.2683 	EXP 	PracticeMssg: autoDraw = True
74.2683 	EXP 	FeedbackCross: autoDraw = True
74.2683 	EXP 	Continue: autoDraw = True
74.2683 	EXP 	Options: autoDraw = True
76.9277 	DATA 	Keypress: 2
76.9321 	EXP 	PracticeMssg: autoDraw = False
76.9321 	EXP 	FeedbackCross: autoDraw = False
76.9321 	EXP 	Continue: autoDraw = False
76.9321 	EXP 	Options: autoDraw = False
76.9321 	EXP 	FeedbackMssg: text = 'CORRECT'
76.9321 	EXP 	FeedbackMssg: autoDraw = True
77.9331 	EXP 	FeedbackMssg: autoDraw = False
77.9331 	EXP 	FeedbackMssg: autoDraw = False
77.9331 	EXP 	StartTxt: autoDraw = True
77.9331 	EXP 	ContinueStart: autoDraw = True
80.4075 	EXP 	Imported GuessSounds_conditions.xlsx as conditions, 144 conditions, 4 params
80.4081 	EXP 	Created sequence: sequential, trialTypes=144, nReps=1, seed=None
80.4084 	EXP 	New trial (rep=0, index=0): OrderedDict([('SoundFile5', 'Initial/Repeat/Buzz.wav'), ('Correct', 2), ('Correct2', 3), ('Type', 'NEW')])
80.4119 	DATA 	Keypress: space
80.4158 	EXP 	StartTxt: autoDraw = False
80.4158 	EXP 	ContinueStart: autoDraw = False
80.4158 	EXP 	no_3: autoDraw = True
81.9021 	EXP 	no_3: autoDraw = False
81.9021 	EXP 	ItemNumber: text = '1/144'
81.9021 	EXP 	Cross: autoDraw = True
81.9021 	EXP 	ItemNumber: autoDraw = True
84.2167 	EXP 	Cross: autoDraw = False
84.2167 	EXP 	ItemNumber: autoDraw = False
84.2167 	EXP 	Cross: autoDraw = False
84.2167 	EXP 	ItemNumber: autoDraw = False
84.2167 	EXP 	MSTQuestion: autoDraw = True
87.9369 	EXP 	New trial (rep=0, index=1): OrderedDict([('SoundFile5', 'Test/Lures/Chime_B.wav'), ('Correct', 2), ('Correct2', 3), ('Type', 'NEW')])
87.9400 	DATA 	Keypress: 3
87.9470 	EXP 	MSTQuestion: autoDraw = False
87.9470 	EXP 	no_3: autoDraw = True
89.4519 	EXP 	no_3: autoDraw = False
89.4519 	EXP 	no_3: autoDraw = False
89.4519 	EXP 	ItemNumber: text = '2/144'
89.4519 	EXP 	Cross: autoDraw = True
89.4519 	EXP 	ItemNumber: autoDraw = True
90.6513 	DATA 	Keypress: escape
91.0728 	EXP 	window1: mouseVisible = True
