1.1952 	WARNING 	We strongly recommend you activate the PTB sound engine in PsychoPy prefs as the preferred audio engine. Its timing is vastly superior. Your prefs are currently set to use ['sounddevice', 'PTB', 'pyo', 'pygame'] (in that order).
5.2453 	WARNING 	User requested fullscreen with size [1024  768], but screen is actually [2256, 1504]. Using actual size
6.9935 	EXP 	Created window1 = Window(allowGUI=False, allowStencil=False, args=UNKNOWN, autoLog=True, bitsMode=UNKNOWN, blendMode='avg', bpc=(8, 8, 8), color=array([0., 0., 0.]), colorSpace='rgb', depthBits=8, fullscr=<method-wrapper '__getattribute__' of attributeSetter object at 0x000001C0B14715C0>, gamma=None, gammaErrorPolicy='raise', kwargs=UNKNOWN, lms=UNKNOWN, monitor=<psychopy.monitors.calibTools.Monitor object at 0x000001C0B13B2CF8>, multiSample=False, name='window1', numSamples=2, pos=[0.0, 0.0], screen=0, size=array([2256, 1504]), stencilBits=0, stereo=False, units='height', useFBO=True, useRetina=False, viewOri=0.0, viewPos=None, viewScale=None, waitBlanking=True, winType='pyglet')
6.9941 	EXP 	window1: mouseVisible = True
6.9942 	EXP 	window1: recordFrameIntervals = False
7.1585 	EXP 	window1: recordFrameIntervals = True
7.3425 	EXP 	window1: recordFrameIntervals = False
7.6436 	EXP 	Created InstructionTxt = TextStim(__class__=<class 'psychopy.visual.text.TextStim'>, alignHoriz=method-wrapper(...), alignText='center', alignVert=method-wrapper(...), anchorHoriz='center', anchorVert='center', antialias=True, autoLog=True, bold=False, color='white', colorSpace='named', contrast=1.0, depth=0.0, flipHoriz=False, flipVert=False, font='Arial', fontFiles=[], height=0.04, italic=False, languageStyle='LTR', name='InstructionTxt', opacity=1.0, ori=0, pos=array([0., 0.]), rgb=array([255., 255., 255.]), text=str(...), units='height', win=Window(...), wrapWidth=1)
7.6541 	EXP 	Created WelcomContinue = TextStim(__class__=<class 'psychopy.visual.text.TextStim'>, alignHoriz=method-wrapper(...), alignText='center', alignVert=method-wrapper(...), anchorHoriz='center', anchorVert='center', antialias=True, autoLog=True, bold=False, color='white', colorSpace='named', contrast=1.0, depth=-3.0, flipHoriz=False, flipVert=False, font='Arial', fontFiles=[], height=0.04, italic=False, languageStyle='LTR', name='WelcomContinue', opacity=1.0, ori=0, pos=array([ 0. , -0.4]), rgb=array([255., 255., 255.]), text='Press SPACE to continue', units='height', win=Window(...), wrapWidth=1)
7.6681 	EXP 	Created VolumeBeginTxt = TextStim(__class__=<class 'psychopy.visual.text.TextStim'>, alignHoriz=method-wrapper(...), alignText='center', alignVert=method-wrapper(...), anchorHoriz='center', anchorVert='center', antialias=True, autoLog=True, bold=False, color='white', colorSpace='named', contrast=1.0, depth=0.0, flipHoriz=False, flipVert=False, font='Arial', fontFiles=[], height=0.04, italic=False, languageStyle='LTR', name='VolumeBeginTxt', opacity=1.0, ori=0, pos=array([0., 0.]), rgb=array([255., 255., 255.]), text=str(...), units='height', win=Window(...), wrapWidth=1)
7.6738 	EXP 	Created VolumeContinue = TextStim(__class__=<class 'psychopy.visual.text.TextStim'>, alignHoriz=method-wrapper(...), alignText='center', alignVert=method-wrapper(...), anchorHoriz='center', anchorVert='center', antialias=True, autoLog=True, bold=False, color='white', colorSpace='named', contrast=1.0, depth=-1.0, flipHoriz=False, flipVert=False, font='Arial', fontFiles=[], height=0.04, italic=False, languageStyle='LTR', name='VolumeContinue', opacity=1.0, ori=0, pos=array([ 0. , -0.4]), rgb=array([255., 255., 255.]), text=str(...), units='height', win=Window(...), wrapWidth=1)
7.6809 	EXP 	Created text = TextStim(__class__=<class 'psychopy.visual.text.TextStim'>, alignHoriz=method-wrapper(...), alignText='center', alignVert=method-wrapper(...), anchorHoriz='center', anchorVert='center', antialias=True, autoLog=True, bold=False, color='white', colorSpace='named', contrast=1.0, depth=0.0, flipHoriz=False, flipVert=False, font='Arial', fontFiles=[], height=0.04, italic=False, languageStyle='LTR', name='text', opacity=1.0, ori=0, pos=array([0., 0.]), rgb=array([255., 255., 255.]), text=str(...), units='height', win=Window(...), wrapWidth=1)
7.8040 	EXP 	Sound Music set volume 0.300
7.8125 	EXP 	Created AdjustContinue = TextStim(__class__=<class 'psychopy.visual.text.TextStim'>, alignHoriz=method-wrapper(...), alignText='center', alignVert=method-wrapper(...), anchorHoriz='center', anchorVert='center', antialias=True, autoLog=True, bold=False, color='white', colorSpace='named', contrast=1.0, depth=-3.0, flipHoriz=False, flipVert=False, font='Arial', fontFiles=[], height=0.04, italic=False, languageStyle='LTR', name='AdjustContinue', opacity=1.0, ori=0, pos=array([ 0. , -0.4]), rgb=array([255., 255., 255.]), text=str(...), units='height', win=Window(...), wrapWidth=1)
7.8512 	EXP 	Created WelcomeTxt1 = TextStim(__class__=<class 'psychopy.visual.text.TextStim'>, alignHoriz=method-wrapper(...), alignText='center', alignVert=method-wrapper(...), anchorHoriz='center', anchorVert='center', antialias=True, autoLog=True, bold=False, color='white', colorSpace='named', contrast=1.0, depth=0.0, flipHoriz=False, flipVert=False, font='Arial', fontFiles=[], height=0.04, italic=False, languageStyle='LTR', name='WelcomeTxt1', opacity=1.0, ori=0, pos=array([0., 0.]), rgb=array([255., 255., 255.]), text=str(...), units='height', win=Window(...), wrapWidth=1)
7.8556 	EXP 	Created ContinueKey1 = TextStim(__class__=<class 'psychopy.visual.text.TextStim'>, alignHoriz=method-wrapper(...), alignText='center', alignVert=method-wrapper(...), anchorHoriz='center', anchorVert='center', antialias=True, autoLog=True, bold=False, color='white', colorSpace='named', contrast=1.0, depth=-1.0, flipHoriz=False, flipVert=False, font='Arial', fontFiles=[], height=0.04, italic=False, languageStyle='LTR', name='ContinueKey1', opacity=1.0, ori=0, pos=array([ 0. , -0.4]), rgb=array([255., 255., 255.]), text='Press SPACE to continue', units='height', win=Window(...), wrapWidth=1)
7.8610 	EXP 	Created InstructionTxt2 = TextStim(__class__=<class 'psychopy.visual.text.TextStim'>, alignHoriz=method-wrapper(...), alignText='center', alignVert=method-wrapper(...), anchorHoriz='center', anchorVert='center', antialias=True, autoLog=True, bold=False, color='white', colorSpace='named', contrast=1.0, depth=0.0, flipHoriz=False, flipVert=False, font='Arial', fontFiles=[], height=0.04, italic=False, languageStyle='LTR', name='InstructionTxt2', opacity=1.0, ori=0, pos=array([0., 0.]), rgb=array([255., 255., 255.]), text=str(...), units='height', win=Window(...), wrapWidth=1)
7.8659 	EXP 	Created WelcomeContinue2 = TextStim(__class__=<class 'psychopy.visual.text.TextStim'>, alignHoriz=method-wrapper(...), alignText='center', alignVert=method-wrapper(...), anchorHoriz='center', anchorVert='center', antialias=True, autoLog=True, bold=False, color='white', colorSpace='named', contrast=1.0, depth=-1.0, flipHoriz=False, flipVert=False, font='Arial', fontFiles=[], height=0.04, italic=False, languageStyle='LTR', name='WelcomeContinue2', opacity=1.0, ori=0, pos=array([ 0. , -0.4]), rgb=array([255., 255., 255.]), text='Press SPACE to begin practice\n', units='height', win=Window(...), wrapWidth=1)
7.8692 	EXP 	Created TrialNumber = TextStim(__class__=<class 'psychopy.visual.text.TextStim'>, alignHoriz=method-wrapper(...), alignText='center', alignVert=method-wrapper(...), anchorHoriz='center', anchorVert='center', antialias=True, autoLog=True, bold=False, color='white', colorSpace='named', contrast=1.0, depth=0.0, flipHoriz=False, flipVert=False, font='Arial', fontFiles=[], height=0.04, italic=False, languageStyle='LTR', name='TrialNumber', opacity=1.0, ori=0, pos=array([0. , 0.3]), rgb=array([255., 255., 255.]), text='default text', units='height', win=Window(...), wrapWidth=1)
7.8693 	EXP 	Sound PracticeSound set volume 1.000
7.8851 	EXP 	Created PracticeCross = TextStim(__class__=<class 'psychopy.visual.text.TextStim'>, alignHoriz=method-wrapper(...), alignText='center', alignVert=method-wrapper(...), anchorHoriz='center', anchorVert='center', antialias=True, autoLog=True, bold=False, color='white', colorSpace='named', contrast=1.0, depth=-2.0, flipHoriz=False, flipVert=False, font='Arial', fontFiles=[], height=0.1, italic=False, languageStyle='LTR', name='PracticeCross', opacity=1.0, ori=0, pos=array([0., 0.]), rgb=array([255., 255., 255.]), text='+', units='height', win=Window(...), wrapWidth=1)
7.8885 	EXP 	Created PracticeMssg = TextStim(__class__=<class 'psychopy.visual.text.TextStim'>, alignHoriz=method-wrapper(...), alignText='center', alignVert=method-wrapper(...), anchorHoriz='center', anchorVert='center', antialias=True, autoLog=True, bold=False, color='white', colorSpace='named', contrast=1.0, depth=-2.0, flipHoriz=False, flipVert=False, font='Arial', fontFiles=[], height=0.04, italic=False, languageStyle='LTR', name='PracticeMssg', opacity=1.0, ori=0, pos=array([0. , 0.2]), rgb=array([255., 255., 255.]), text='default text', units='height', win=Window(...), wrapWidth=1)
7.8899 	EXP 	Created FeedbackCross = TextStim(__class__=<class 'psychopy.visual.text.TextStim'>, alignHoriz=method-wrapper(...), alignText='center', alignVert=method-wrapper(...), anchorHoriz='center', anchorVert='center', antialias=True, autoLog=True, bold=False, color='white', colorSpace='named', contrast=1.0, depth=-3.0, flipHoriz=False, flipVert=False, font='Arial', fontFiles=[], height=0.1, italic=False, languageStyle='LTR', name='FeedbackCross', opacity=1.0, ori=0, pos=array([0., 0.]), rgb=array([255., 255., 255.]), text='+', units='height', win=Window(...), wrapWidth=1)
7.8949 	EXP 	Created Continue = TextStim(__class__=<class 'psychopy.visual.text.TextStim'>, alignHoriz=method-wrapper(...), alignText='center', alignVert=method-wrapper(...), anchorHoriz='center', anchorVert='center', antialias=True, autoLog=True, bold=False, color='white', colorSpace='named', contrast=1.0, depth=-4.0, flipHoriz=False, flipVert=False, font='Arial', fontFiles=[], height=0.04, italic=False, languageStyle='LTR', name='Continue', opacity=1.0, ori=0, pos=array([ 0. , -0.4]), rgb=array([255., 255., 255.]), text='Press the right key on your keyboard', units='height', win=Window(...), wrapWidth=1)
7.9026 	EXP 	Created Options = TextStim(__class__=<class 'psychopy.visual.text.TextStim'>, alignHoriz=method-wrapper(...), alignText='center', alignVert=method-wrapper(...), anchorHoriz='center', anchorVert='center', antialias=True, autoLog=True, bold=False, color='white', colorSpace='named', contrast=1.0, depth=-5.0, flipHoriz=False, flipVert=False, font='Arial', fontFiles=[], height=0.04, italic=False, languageStyle='LTR', name='Options', opacity=1.0, ori=0, pos=array([ 0. , -0.2]), rgb=array([255., 255., 255.]), text='1 = REPEAT\n2 = SIMILAR\n3 = NEW', units='height', win=Window(...), wrapWidth=1)
7.9178 	EXP 	Created StartTxt = TextStim(__class__=<class 'psychopy.visual.text.TextStim'>, alignHoriz=method-wrapper(...), alignText='center', alignVert=method-wrapper(...), anchorHoriz='center', anchorVert='center', antialias=True, autoLog=True, bold=False, color='white', colorSpace='named', contrast=1.0, depth=0.0, flipHoriz=False, flipVert=False, font='Arial', fontFiles=[], height=0.04, italic=False, languageStyle='LTR', name='StartTxt', opacity=1.0, ori=0, pos=array([0., 0.]), rgb=array([255., 255., 255.]), text=str(...), units='height', win=Window(...), wrapWidth=1)
7.9223 	EXP 	Created ContinueStart = TextStim(__class__=<class 'psychopy.visual.text.TextStim'>, alignHoriz=method-wrapper(...), alignText='center', alignVert=method-wrapper(...), anchorHoriz='center', anchorVert='center', antialias=True, autoLog=True, bold=False, color='white', colorSpace='named', contrast=1.0, depth=-2.0, flipHoriz=False, flipVert=False, font='Arial', fontFiles=[], height=0.04, italic=False, languageStyle='LTR', name='ContinueStart', opacity=1.0, ori=0, pos=array([ 0. , -0.4]), rgb=array([255., 255., 255.]), text='Press SPACE to begin the task', units='height', win=Window(...), wrapWidth=1)
7.9331 	EXP 	Created no1 = TextStim(__class__=<class 'psychopy.visual.text.TextStim'>, alignHoriz=method-wrapper(...), alignText='center', alignVert=method-wrapper(...), anchorHoriz='center', anchorVert='center', antialias=True, autoLog=True, bold=False, color='white', colorSpace='named', contrast=1.0, depth=0.0, flipHoriz=False, flipVert=False, font='Arial', fontFiles=[], height=0.05, italic=False, languageStyle='LTR', name='no1', opacity=1.0, ori=0, pos=array([0., 0.]), rgb=array([255., 255., 255.]), text='1', units='height', win=Window(...), wrapWidth=1)
7.9367 	EXP 	Created no_2 = TextStim(__class__=<class 'psychopy.visual.text.TextStim'>, alignHoriz=method-wrapper(...), alignText='center', alignVert=method-wrapper(...), anchorHoriz='center', anchorVert='center', antialias=True, autoLog=True, bold=False, color='white', colorSpace='named', contrast=1.0, depth=-2.0, flipHoriz=False, flipVert=False, font='Arial', fontFiles=[], height=0.05, italic=False, languageStyle='LTR', name='no_2', opacity=1.0, ori=0, pos=array([0., 0.]), rgb=array([255., 255., 255.]), text='2', units='height', win=Window(...), wrapWidth=1)
7.9397 	EXP 	Created no_3 = TextStim(__class__=<class 'psychopy.visual.text.TextStim'>, alignHoriz=method-wrapper(...), alignText='center', alignVert=method-wrapper(...), anchorHoriz='center', anchorVert='center', antialias=True, autoLog=True, bold=False, color='white', colorSpace='named', contrast=1.0, depth=-3.0, flipHoriz=False, flipVert=False, font='Arial', fontFiles=[], height=0.05, italic=False, languageStyle='LTR', name='no_3', opacity=1.0, ori=0, pos=array([0., 0.]), rgb=array([255., 255., 255.]), text='3', units='height', win=Window(...), wrapWidth=1)
7.9398 	EXP 	Sound TargetSound set volume 1.000
7.9419 	EXP 	Created Cross = TextStim(__class__=<class 'psychopy.visual.text.TextStim'>, alignHoriz=method-wrapper(...), alignText='center', alignVert=method-wrapper(...), anchorHoriz='center', anchorVert='center', antialias=True, autoLog=True, bold=False, color='white', colorSpace='named', contrast=1.0, depth=-1.0, flipHoriz=False, flipVert=False, font='Arial', fontFiles=[], height=0.1, italic=False, languageStyle='LTR', name='Cross', opacity=1.0, ori=0, pos=array([0., 0.]), rgb=array([255., 255., 255.]), text='+', units='height', win=Window(...), wrapWidth=1)
7.9518 	EXP 	Created ItemNumber = TextStim(__class__=<class 'psychopy.visual.text.TextStim'>, alignHoriz=method-wrapper(...), alignText='center', alignVert=method-wrapper(...), anchorHoriz='center', anchorVert='center', antialias=True, autoLog=True, bold=False, color='white', colorSpace='named', contrast=1.0, depth=-2.0, flipHoriz=False, flipVert=False, font='Arial', fontFiles=[], height=0.04, italic=False, languageStyle='LTR', name='ItemNumber', opacity=1.0, ori=0, pos=array([0. , 0.3]), rgb=array([255., 255., 255.]), text='default text', units='height', win=Window(...), wrapWidth=1)
7.9841 	EXP 	Created MSTQuestion = TextStim(__class__=<class 'psychopy.visual.text.TextStim'>, alignHoriz=method-wrapper(...), alignText='center', alignVert=method-wrapper(...), anchorHoriz='center', anchorVert='center', antialias=True, autoLog=True, bold=False, color='white', colorSpace='named', contrast=1.0, depth=0.0, flipHoriz=False, flipVert=False, font='Arial', fontFiles=[], height=0.04, italic=False, languageStyle='LTR', name='MSTQuestion', opacity=1.0, ori=0, pos=array([0., 0.]), rgb=array([255., 255., 255.]), text=str(...), units='height', win=Window(...), wrapWidth=1)
7.9988 	EXP 	Created ThankyouMssg = TextStim(__class__=<class 'psychopy.visual.text.TextStim'>, alignHoriz=method-wrapper(...), alignText='center', alignVert=method-wrapper(...), anchorHoriz='center', anchorVert='center', antialias=True, autoLog=True, bold=False, color='white', colorSpace='named', contrast=1.0, depth=0.0, flipHoriz=False, flipVert=False, font='Arial', fontFiles=[], height=0.04, italic=False, languageStyle='LTR', name='ThankyouMssg', opacity=1.0, ori=0, pos=array([0. , 0.2]), rgb=array([255., 255., 255.]), text=str(...), units='height', win=Window(...), wrapWidth=1)
8.0556 	EXP 	Created ExitTxt = TextStim(__class__=<class 'psychopy.visual.text.TextStim'>, alignHoriz=method-wrapper(...), alignText='center', alignVert=method-wrapper(...), anchorHoriz='center', anchorVert='center', antialias=True, autoLog=True, bold=False, color='white', colorSpace='named', contrast=1.0, depth=-2.0, flipHoriz=False, flipVert=False, font='Arial', fontFiles=[], height=0.04, italic=False, languageStyle='LTR', name='ExitTxt', opacity=1.0, ori=0, pos=array([ 0. , -0.4]), rgb=array([255., 255., 255.]), text='Press SPACE to exit the study', units='height', win=Window(...), wrapWidth=1)
8.0680 	EXP 	Created CodeTxt = TextStim(__class__=<class 'psychopy.visual.text.TextStim'>, alignHoriz=method-wrapper(...), alignText='center', alignVert=method-wrapper(...), anchorHoriz='center', anchorVert='center', antialias=True, autoLog=True, bold=False, color='white', colorSpace='named', contrast=1.0, depth=-4.0, flipHoriz=False, flipVert=False, font='Arial', fontFiles=[], height=0.04, italic=False, languageStyle='LTR', name='CodeTxt', opacity=1.0, ori=0, pos=array([ 0.  , -0.22]), rgb=array([255., 255., 255.]), text=str(...), units='height', win=Window(...), wrapWidth=1)
8.1089 	EXP 	CompletionCode: autoLog = True
8.1089 	EXP 	InstructionTxt: autoDraw = True
8.1089 	EXP 	WelcomContinue: autoDraw = True
11.7564 	DATA 	Keypress: space
11.7612 	EXP 	InstructionTxt: autoDraw = False
11.7612 	EXP 	WelcomContinue: autoDraw = False
11.7612 	EXP 	VolumeBeginTxt: autoDraw = True
11.7612 	EXP 	VolumeContinue: autoDraw = True
15.8000 	DATA 	Keypress: space
15.8609 	EXP 	VolumeBeginTxt: autoDraw = False
15.8609 	EXP 	VolumeContinue: autoDraw = False
15.8609 	EXP 	text: autoDraw = True
15.8609 	EXP 	AdjustContinue: autoDraw = True
17.8675 	DATA 	Keypress: space
17.8959 	EXP 	text: autoDraw = False
17.8959 	EXP 	AdjustContinue: autoDraw = False
17.8959 	EXP 	WelcomeTxt1: autoDraw = True
17.8959 	EXP 	ContinueKey1: autoDraw = True
19.7239 	DATA 	Keypress: space
19.7284 	EXP 	WelcomeTxt1: autoDraw = False
19.7284 	EXP 	ContinueKey1: autoDraw = False
19.7284 	EXP 	InstructionTxt2: autoDraw = True
19.7284 	EXP 	WelcomeContinue2: autoDraw = True
20.8838 	DATA 	Keypress: space
20.9878 	EXP 	Imported GuessSounds_conditions.xlsx as conditions, 5 conditions, 2 params
20.9881 	EXP 	Created sequence: sequential, trialTypes=5, nReps=1, seed=None
20.9883 	EXP 	New trial (rep=0, index=0): OrderedDict([('SoundFiles3', 'Practice/Seagull_A.wav'), ('Correct', 3)])
21.0013 	EXP 	InstructionTxt2: autoDraw = False
21.0013 	EXP 	WelcomeContinue2: autoDraw = False
21.0013 	EXP 	TrialNumber: text = 'Trial 1'
21.0013 	EXP 	TrialNumber: autoDraw = True
21.0013 	EXP 	PracticeCross: autoDraw = True
23.3052 	EXP 	TrialNumber: autoDraw = False
23.3052 	EXP 	PracticeCross: autoDraw = False
23.3052 	EXP 	TrialNumber: autoDraw = False
23.3052 	EXP 	PracticeCross: autoDraw = False
23.3052 	EXP 	PracticeMssg: text = 'This is a NEW sound. \nThis sound has never been presented before.'
23.3052 	EXP 	PracticeMssg: autoDraw = True
23.3052 	EXP 	FeedbackCross: autoDraw = True
23.3052 	EXP 	Continue: autoDraw = True
23.3052 	EXP 	Options: autoDraw = True
32.9199 	EXP 	New trial (rep=0, index=1): OrderedDict([('SoundFiles3', 'Practice/Skid_B.wav'), ('Correct', 3)])
32.9430 	DATA 	Keypress: 3
32.9472 	EXP 	PracticeMssg: autoDraw = False
32.9472 	EXP 	FeedbackCross: autoDraw = False
32.9472 	EXP 	Continue: autoDraw = False
32.9472 	EXP 	Options: autoDraw = False
32.9472 	EXP 	TrialNumber: text = 'Trial 2'
32.9472 	EXP 	TrialNumber: autoDraw = True
32.9472 	EXP 	PracticeCross: autoDraw = True
35.0585 	EXP 	TrialNumber: autoDraw = False
35.0585 	EXP 	PracticeCross: autoDraw = False
35.0585 	EXP 	TrialNumber: autoDraw = False
35.0585 	EXP 	PracticeCross: autoDraw = False
35.0585 	EXP 	PracticeMssg: text = 'This is a NEW sound. \nThis sound has never been presented before.'
35.0585 	EXP 	PracticeMssg: autoDraw = True
35.0585 	EXP 	FeedbackCross: autoDraw = True
35.0585 	EXP 	Continue: autoDraw = True
35.0585 	EXP 	Options: autoDraw = True
38.6196 	DATA 	Keypress: 3
38.6339 	EXP 	New trial (rep=0, index=2): OrderedDict([('SoundFiles3', 'Practice/Seagull_A.wav'), ('Correct', 1)])
38.6671 	EXP 	PracticeMssg: autoDraw = False
38.6671 	EXP 	FeedbackCross: autoDraw = False
38.6671 	EXP 	Continue: autoDraw = False
38.6671 	EXP 	Options: autoDraw = False
38.6671 	EXP 	TrialNumber: text = 'Trial 3'
38.6671 	EXP 	TrialNumber: autoDraw = True
38.6671 	EXP 	PracticeCross: autoDraw = True
40.9551 	EXP 	TrialNumber: autoDraw = False
40.9551 	EXP 	PracticeCross: autoDraw = False
40.9551 	EXP 	TrialNumber: autoDraw = False
40.9551 	EXP 	PracticeCross: autoDraw = False
40.9551 	EXP 	PracticeMssg: text = 'This is a REPEAT sound. \nThe exact same sound has been presented previously.'
40.9551 	EXP 	PracticeMssg: autoDraw = True
40.9551 	EXP 	FeedbackCross: autoDraw = True
40.9551 	EXP 	Continue: autoDraw = True
40.9551 	EXP 	Options: autoDraw = True
41.9501 	EXP 	New trial (rep=0, index=3): OrderedDict([('SoundFiles3', 'Practice/Gargle_A.wav'), ('Correct', 3)])
41.9818 	DATA 	Keypress: 1
41.9862 	EXP 	PracticeMssg: autoDraw = False
41.9862 	EXP 	FeedbackCross: autoDraw = False
41.9862 	EXP 	Continue: autoDraw = False
41.9862 	EXP 	Options: autoDraw = False
41.9862 	EXP 	TrialNumber: text = 'Trial 4'
41.9862 	EXP 	TrialNumber: autoDraw = True
41.9862 	EXP 	PracticeCross: autoDraw = True
44.2823 	EXP 	TrialNumber: autoDraw = False
44.2823 	EXP 	PracticeCross: autoDraw = False
44.2823 	EXP 	TrialNumber: autoDraw = False
44.2823 	EXP 	PracticeCross: autoDraw = False
44.2823 	EXP 	PracticeMssg: text = 'This is a NEW sound. \nThis sound has never been presented before.'
44.2823 	EXP 	PracticeMssg: autoDraw = True
44.2823 	EXP 	FeedbackCross: autoDraw = True
44.2823 	EXP 	Continue: autoDraw = True
44.2823 	EXP 	Options: autoDraw = True
44.9497 	EXP 	New trial (rep=0, index=4): OrderedDict([('SoundFiles3', 'Practice/Gargle_B.wav'), ('Correct', 2)])
44.9772 	DATA 	Keypress: 3
44.9814 	EXP 	PracticeMssg: autoDraw = False
44.9814 	EXP 	FeedbackCross: autoDraw = False
44.9814 	EXP 	Continue: autoDraw = False
44.9814 	EXP 	Options: autoDraw = False
44.9814 	EXP 	TrialNumber: text = 'Trial 5'
44.9814 	EXP 	TrialNumber: autoDraw = True
44.9814 	EXP 	PracticeCross: autoDraw = True
47.0613 	EXP 	TrialNumber: autoDraw = False
47.0613 	EXP 	PracticeCross: autoDraw = False
47.0613 	EXP 	TrialNumber: autoDraw = False
47.0613 	EXP 	PracticeCross: autoDraw = False
47.0613 	EXP 	PracticeMssg: text = 'This is a SIMILAR sound. \nThis sound is similar but not identical to a previously presented sound.'
47.0613 	EXP 	PracticeMssg: autoDraw = True
47.0613 	EXP 	FeedbackCross: autoDraw = True
47.0613 	EXP 	Continue: autoDraw = True
47.0613 	EXP 	Options: autoDraw = True
47.6535 	DATA 	Keypress: 2
47.6796 	EXP 	PracticeMssg: autoDraw = False
47.6796 	EXP 	FeedbackCross: autoDraw = False
47.6796 	EXP 	Continue: autoDraw = False
47.6796 	EXP 	Options: autoDraw = False
47.6796 	EXP 	StartTxt: autoDraw = True
47.6796 	EXP 	ContinueStart: autoDraw = True
56.8948 	EXP 	Imported GuessSounds_conditions.xlsx as conditions, 80 conditions, 2 params
56.8960 	EXP 	Created sequence: sequential, trialTypes=80, nReps=1, seed=None
56.8969 	EXP 	New trial (rep=0, index=0): OrderedDict([('SoundFiles3', 'Initial/Doubled/Coin_A.wav'), ('Correct', 3)])
56.9024 	DATA 	Keypress: space
56.9066 	EXP 	StartTxt: autoDraw = False
56.9066 	EXP 	ContinueStart: autoDraw = False
56.9066 	EXP 	no_3: autoDraw = True
57.8914 	EXP 	no_2: autoDraw = True
57.9081 	EXP 	no_3: autoDraw = False
58.8915 	EXP 	no1: autoDraw = True
58.8915 	EXP 	no_2: autoDraw = False
59.8826 	EXP 	no1: autoDraw = False
59.8826 	EXP 	no_2: autoDraw = False
59.8826 	EXP 	no_3: autoDraw = False
59.8826 	EXP 	ItemNumber: text = '1/80'
59.8826 	EXP 	Cross: autoDraw = True
59.8826 	EXP 	ItemNumber: autoDraw = True
60.9918 	EXP 	Cross: autoDraw = False
60.9918 	EXP 	ItemNumber: autoDraw = False
60.9918 	EXP 	Cross: autoDraw = False
60.9918 	EXP 	ItemNumber: autoDraw = False
60.9918 	EXP 	MSTQuestion: autoDraw = True
71.0680 	EXP 	New trial (rep=0, index=1): OrderedDict([('SoundFiles3', 'Initial/Repeat/ManWhistle.wav'), ('Correct', 3)])
71.0735 	DATA 	Keypress: 3
71.0778 	EXP 	MSTQuestion: autoDraw = False
71.0778 	EXP 	no_3: autoDraw = True
72.0744 	EXP 	no_2: autoDraw = True
72.0911 	EXP 	no_3: autoDraw = False
73.0746 	EXP 	no1: autoDraw = True
73.0746 	EXP 	no_2: autoDraw = False
74.1279 	EXP 	no1: autoDraw = False
74.1279 	EXP 	no1: autoDraw = False
74.1279 	EXP 	no_2: autoDraw = False
74.1279 	EXP 	no_3: autoDraw = False
74.1279 	EXP 	ItemNumber: text = '2/80'
74.1279 	EXP 	Cross: autoDraw = True
74.1279 	EXP 	ItemNumber: autoDraw = True
75.2420 	EXP 	Cross: autoDraw = False
75.2420 	EXP 	ItemNumber: autoDraw = False
75.2420 	EXP 	Cross: autoDraw = False
75.2420 	EXP 	ItemNumber: autoDraw = False
75.2420 	EXP 	MSTQuestion: autoDraw = True
79.4656 	EXP 	New trial (rep=0, index=2): OrderedDict([('SoundFiles3', 'Initial/Doubled/Cuckoo_A.wav'), ('Correct', 3)])
79.4710 	DATA 	Keypress: 3
79.4753 	EXP 	MSTQuestion: autoDraw = False
79.4753 	EXP 	no_3: autoDraw = True
80.4577 	EXP 	no_2: autoDraw = True
80.4746 	EXP 	no_3: autoDraw = False
81.4577 	EXP 	no1: autoDraw = True
81.4577 	EXP 	no_2: autoDraw = False
82.5172 	EXP 	no1: autoDraw = False
82.5172 	EXP 	no1: autoDraw = False
82.5172 	EXP 	no_2: autoDraw = False
82.5172 	EXP 	no_3: autoDraw = False
82.5172 	EXP 	ItemNumber: text = '3/80'
82.5172 	EXP 	Cross: autoDraw = True
82.5172 	EXP 	ItemNumber: autoDraw = True
83.6418 	EXP 	Cross: autoDraw = False
83.6418 	EXP 	ItemNumber: autoDraw = False
83.6418 	EXP 	Cross: autoDraw = False
83.6418 	EXP 	ItemNumber: autoDraw = False
83.6418 	EXP 	MSTQuestion: autoDraw = True
85.4316 	DATA 	Keypress: escape
85.9081 	EXP 	window1: mouseVisible = True
