1.1661 	WARNING 	We strongly recommend you activate the PTB sound engine in PsychoPy prefs as the preferred audio engine. Its timing is vastly superior. Your prefs are currently set to use ['sounddevice', 'PTB', 'pyo', 'pygame'] (in that order).
7.2236 	WARNING 	User requested fullscreen with size [1024  768], but screen is actually [2256, 1504]. Using actual size
9.1322 	EXP 	Created window1 = Window(allowGUI=False, allowStencil=False, args=UNKNOWN, autoLog=True, bitsMode=UNKNOWN, blendMode='avg', bpc=(8, 8, 8), color=array([0., 0., 0.]), colorSpace='rgb', depthBits=8, fullscr=<method-wrapper '__getattribute__' of attributeSetter object at 0x0000023845503278>, gamma=None, gammaErrorPolicy='raise', kwargs=UNKNOWN, lms=UNKNOWN, monitor=<psychopy.monitors.calibTools.Monitor object at 0x000002384530A978>, multiSample=False, name='window1', numSamples=2, pos=[0.0, 0.0], screen=0, size=array([2256, 1504]), stencilBits=0, stereo=False, units='height', useFBO=True, useRetina=False, viewOri=0.0, viewPos=None, viewScale=None, waitBlanking=True, winType='pyglet')
9.1328 	EXP 	window1: mouseVisible = True
9.1329 	EXP 	window1: recordFrameIntervals = False
9.2970 	EXP 	window1: recordFrameIntervals = True
9.4811 	EXP 	window1: recordFrameIntervals = False
9.8132 	EXP 	Created InstructionTxt = TextStim(__class__=<class 'psychopy.visual.text.TextStim'>, alignHoriz=method-wrapper(...), alignText='center', alignVert=method-wrapper(...), anchorHoriz='center', anchorVert='center', antialias=True, autoLog=True, bold=False, color='white', colorSpace='named', contrast=1.0, depth=0.0, flipHoriz=False, flipVert=False, font='Arial', fontFiles=[], height=0.04, italic=False, languageStyle='LTR', name='InstructionTxt', opacity=1.0, ori=0, pos=array([0., 0.]), rgb=array([255., 255., 255.]), text=str(...), units='height', win=Window(...), wrapWidth=1)
9.8253 	EXP 	Created text = TextStim(__class__=<class 'psychopy.visual.text.TextStim'>, alignHoriz=method-wrapper(...), alignText='center', alignVert=method-wrapper(...), anchorHoriz='center', anchorVert='center', antialias=True, autoLog=True, bold=False, color='white', colorSpace='named', contrast=1.0, depth=0.0, flipHoriz=False, flipVert=False, font='Arial', fontFiles=[], height=0.04, italic=False, languageStyle='LTR', name='text', opacity=1.0, ori=0, pos=array([0., 0.]), rgb=array([255., 255., 255.]), text=str(...), units='height', win=Window(...), wrapWidth=1)
9.9400 	EXP 	Sound Music set volume 0.300
9.9467 	EXP 	Created StartTxt = TextStim(__class__=<class 'psychopy.visual.text.TextStim'>, alignHoriz=method-wrapper(...), alignText='center', alignVert=method-wrapper(...), anchorHoriz='center', anchorVert='center', antialias=True, autoLog=True, bold=False, color='white', colorSpace='named', contrast=1.0, depth=0.0, flipHoriz=False, flipVert=False, font='Arial', fontFiles=[], height=0.04, italic=False, languageStyle='LTR', name='StartTxt', opacity=1.0, ori=0, pos=array([0., 0.]), rgb=array([255., 255., 255.]), text='We will now begin the task', units='height', win=Window(...), wrapWidth=1)
9.9605 	EXP 	Created no3 = TextStim(__class__=<class 'psychopy.visual.text.TextStim'>, alignHoriz=method-wrapper(...), alignText='center', alignVert=method-wrapper(...), anchorHoriz='center', anchorVert='center', antialias=True, autoLog=True, bold=False, color='white', colorSpace='named', contrast=1.0, depth=0.0, flipHoriz=False, flipVert=False, font='Arial', fontFiles=[], height=0.05, italic=False, languageStyle='LTR', name='no3', opacity=1.0, ori=0, pos=array([0., 0.]), rgb=array([255., 255., 255.]), text='3', units='height', win=Window(...), wrapWidth=1)
9.9664 	EXP 	Created no2 = TextStim(__class__=<class 'psychopy.visual.text.TextStim'>, alignHoriz=method-wrapper(...), alignText='center', alignVert=method-wrapper(...), anchorHoriz='center', anchorVert='center', antialias=True, autoLog=True, bold=False, color='white', colorSpace='named', contrast=1.0, depth=0.0, flipHoriz=False, flipVert=False, font='Arial', fontFiles=[], height=0.05, italic=False, languageStyle='LTR', name='no2', opacity=1.0, ori=0, pos=array([0., 0.]), rgb=array([255., 255., 255.]), text='2', units='height', win=Window(...), wrapWidth=1)
9.9725 	EXP 	Created no1 = TextStim(__class__=<class 'psychopy.visual.text.TextStim'>, alignHoriz=method-wrapper(...), alignText='center', alignVert=method-wrapper(...), anchorHoriz='center', anchorVert='center', antialias=True, autoLog=True, bold=False, color='white', colorSpace='named', contrast=1.0, depth=0.0, flipHoriz=False, flipVert=False, font='Arial', fontFiles=[], height=0.05, italic=False, languageStyle='LTR', name='no1', opacity=1.0, ori=0, pos=array([0., 0.]), rgb=array([255., 255., 255.]), text='1', units='height', win=Window(...), wrapWidth=1)
9.9797 	EXP 	Created Question = TextStim(__class__=<class 'psychopy.visual.text.TextStim'>, alignHoriz=method-wrapper(...), alignText='center', alignVert=method-wrapper(...), anchorHoriz='center', anchorVert='center', antialias=True, autoLog=True, bold=False, color='white', colorSpace='named', contrast=1.0, depth=0.0, flipHoriz=False, flipVert=False, font='Arial', fontFiles=[], height=0.04, italic=False, languageStyle='LTR', name='Question', opacity=1.0, ori=0, pos=array([0., 0.]), rgb=array([255., 255., 255.]), text='What is this sound?\n', units='height', win=Window(...), wrapWidth=1)
10.0270 	EXP 	window1: mouseVisible = True
10.0504 	EXP 	Created ClickTheButton = TextStim(__class__=<class 'psychopy.visual.text.TextStim'>, alignHoriz=method-wrapper(...), alignText='center', alignVert=method-wrapper(...), anchorHoriz='center', anchorVert='center', antialias=True, autoLog=True, bold=False, color='white', colorSpace='named', contrast=1.0, depth=-3.0, flipHoriz=False, flipVert=False, font='Arial', fontFiles=[], height=0.025, italic=False, languageStyle='LTR', name='ClickTheButton', opacity=1.0, ori=0, pos=array([ 0.  , -0.03]), rgb=array([255., 255., 255.]), text="Click 'Submit' to continue.", units='height', win=Window(...), wrapWidth=1)
10.0505 	EXP 	Sound SoundItem set volume 1.000
10.0606 	EXP 	Created ItemNo = TextStim(__class__=<class 'psychopy.visual.text.TextStim'>, alignHoriz=method-wrapper(...), alignText='center', alignVert=method-wrapper(...), anchorHoriz='center', anchorVert='center', antialias=True, autoLog=True, bold=False, color='white', colorSpace='named', contrast=1.0, depth=-5.0, flipHoriz=False, flipVert=False, font='Arial', fontFiles=[], height=0.04, italic=False, languageStyle='LTR', name='ItemNo', opacity=1.0, ori=0, pos=array([0.  , 0.45]), rgb=array([255., 255., 255.]), text='default text', units='height', win=Window(...), wrapWidth=1)
10.1068 	EXP 	Created ThankyouMssg = TextStim(__class__=<class 'psychopy.visual.text.TextStim'>, alignHoriz=method-wrapper(...), alignText='center', alignVert=method-wrapper(...), anchorHoriz='center', anchorVert='center', antialias=True, autoLog=True, bold=False, color='white', colorSpace='named', contrast=1.0, depth=0.0, flipHoriz=False, flipVert=False, font='Arial', fontFiles=[], height=0.04, italic=False, languageStyle='LTR', name='ThankyouMssg', opacity=1.0, ori=0, pos=array([0., 0.]), rgb=array([255., 255., 255.]), text=str(...), units='height', win=Window(...), wrapWidth=1)
10.1491 	EXP 	ResponseBox: autoLog = True
10.1491 	EXP 	Submit: autoLog = True
10.1491 	EXP 	InstructionTxt: autoDraw = True
12.5876 	DATA 	Keypress: space
12.5980 	EXP 	InstructionTxt: autoDraw = False
12.5980 	EXP 	text: autoDraw = True
12.5980 	EXP 	ResponseBox: text = 'default text '
13.0419 	DATA 	Keypress: space
13.0480 	EXP 	text: autoDraw = False
13.0480 	EXP 	StartTxt: autoDraw = True
13.0480 	EXP 	ResponseBox: text = 'default text  '
15.1194 	EXP 	Imported GuessSounds_conditions.xlsx as conditions, 100 conditions, 2 params
15.1200 	EXP 	Created sequence: random, trialTypes=100, nReps=1, seed=None
15.1203 	EXP 	New trial (rep=0, index=0): OrderedDict([('SoundFiles', 'Initial/Repeat/Stir.wav'), ('Type', 'Repeat')])
15.1271 	EXP 	StartTxt: autoDraw = False
15.1271 	EXP 	StartTxt: autoDraw = False
15.1271 	EXP 	no3: autoDraw = True
16.0639 	EXP 	no3: autoDraw = False
16.0639 	EXP 	no2: autoDraw = True
17.0637 	EXP 	no2: autoDraw = False
17.0637 	EXP 	no1: autoDraw = True
18.1522 	EXP 	no1: autoDraw = False
18.1522 	EXP 	ResponseBox: text = '\n\n'
18.1522 	EXP 	ItemNo: text = '1/60'
18.1522 	EXP 	Question: autoDraw = True
18.1522 	EXP 	ResponseBox: autoDraw = True
18.1522 	EXP 	ClickTheButton: autoDraw = True
18.1522 	EXP 	ItemNo: autoDraw = True
18.1522 	EXP 	Submit: autoDraw = True
20.4579 	DATA 	Mouse: Left button down, pos=(1134,182)
20.4757 	EXP 	New trial (rep=0, index=1): OrderedDict([('SoundFiles', 'Test/Foils/Gallop.wav'), ('Type', 'New')])
20.4862 	EXP 	Question: autoDraw = False
20.4862 	EXP 	ResponseBox: autoDraw = False
20.4862 	EXP 	ClickTheButton: autoDraw = False
20.4862 	EXP 	ItemNo: autoDraw = False
20.4862 	EXP 	Submit: autoDraw = False
20.4862 	EXP 	ResponseBox: text = 'default text'
20.4862 	EXP 	no3: autoDraw = True
20.6864 	DATA 	Mouse:  Left button up, pos=(1134,182)
21.5001 	EXP 	no3: autoDraw = False
21.5001 	EXP 	no2: autoDraw = True
22.4968 	EXP 	no2: autoDraw = False
22.4968 	EXP 	no1: autoDraw = True
23.5516 	EXP 	no1: autoDraw = False
23.5516 	EXP 	ResponseBox: text = '\n\n'
23.5516 	EXP 	ItemNo: text = '2/60'
23.5516 	EXP 	Question: autoDraw = True
23.5516 	EXP 	ResponseBox: autoDraw = True
23.5516 	EXP 	ClickTheButton: autoDraw = True
23.5516 	EXP 	ItemNo: autoDraw = True
23.5516 	EXP 	Submit: autoDraw = True
24.1651 	DATA 	Mouse: Left button down, pos=(1134,182)
24.5088 	EXP 	window1: mouseVisible = True
