1.1261 	WARNING 	We strongly recommend you activate the PTB sound engine in PsychoPy prefs as the preferred audio engine. Its timing is vastly superior. Your prefs are currently set to use ['sounddevice', 'PTB', 'pyo', 'pygame'] (in that order).
7.1203 	WARNING 	User requested fullscreen with size [1024  768], but screen is actually [2256, 1504]. Using actual size
8.8819 	EXP 	Created window1 = Window(allowGUI=False, allowStencil=False, args=UNKNOWN, autoLog=True, bitsMode=UNKNOWN, blendMode='avg', bpc=(8, 8, 8), color=array([0., 0., 0.]), colorSpace='rgb', depthBits=8, fullscr=<method-wrapper '__getattribute__' of attributeSetter object at 0x000001E92A43C2E8>, gamma=None, gammaErrorPolicy='raise', kwargs=UNKNOWN, lms=UNKNOWN, monitor=<psychopy.monitors.calibTools.Monitor object at 0x000001E92A4869E8>, multiSample=False, name='window1', numSamples=2, pos=[0.0, 0.0], screen=0, size=array([2256, 1504]), stencilBits=0, stereo=False, units='height', useFBO=True, useRetina=False, viewOri=0.0, viewPos=None, viewScale=None, waitBlanking=True, winType='pyglet')
8.8825 	EXP 	window1: mouseVisible = True
8.8826 	EXP 	window1: recordFrameIntervals = False
9.0471 	EXP 	window1: recordFrameIntervals = True
9.2304 	EXP 	window1: recordFrameIntervals = False
9.5561 	EXP 	Created InstructionTxt = TextStim(__class__=<class 'psychopy.visual.text.TextStim'>, alignHoriz=method-wrapper(...), alignText='center', alignVert=method-wrapper(...), anchorHoriz='center', anchorVert='center', antialias=True, autoLog=True, bold=False, color='white', colorSpace='named', contrast=1.0, depth=0.0, flipHoriz=False, flipVert=False, font='Arial', fontFiles=[], height=0.04, italic=False, languageStyle='LTR', name='InstructionTxt', opacity=1.0, ori=0, pos=array([0., 0.]), rgb=array([255., 255., 255.]), text=str(...), units='height', win=Window(...), wrapWidth=1)
9.5654 	EXP 	Created WelcomContinue = TextStim(__class__=<class 'psychopy.visual.text.TextStim'>, alignHoriz=method-wrapper(...), alignText='center', alignVert=method-wrapper(...), anchorHoriz='center', anchorVert='center', antialias=True, autoLog=True, bold=False, color='white', colorSpace='named', contrast=1.0, depth=-3.0, flipHoriz=False, flipVert=False, font='Arial', fontFiles=[], height=0.04, italic=False, languageStyle='LTR', name='WelcomContinue', opacity=1.0, ori=0, pos=array([ 0. , -0.4]), rgb=array([255., 255., 255.]), text='Press SPACE to continue', units='height', win=Window(...), wrapWidth=1)
9.5836 	EXP 	Created VolumeBeginTxt = TextStim(__class__=<class 'psychopy.visual.text.TextStim'>, alignHoriz=method-wrapper(...), alignText='center', alignVert=method-wrapper(...), anchorHoriz='center', anchorVert='center', antialias=True, autoLog=True, bold=False, color='white', colorSpace='named', contrast=1.0, depth=0.0, flipHoriz=False, flipVert=False, font='Arial', fontFiles=[], height=0.04, italic=False, languageStyle='LTR', name='VolumeBeginTxt', opacity=1.0, ori=0, pos=array([0., 0.]), rgb=array([255., 255., 255.]), text=str(...), units='height', win=Window(...), wrapWidth=1)
9.5921 	EXP 	Created text = TextStim(__class__=<class 'psychopy.visual.text.TextStim'>, alignHoriz=method-wrapper(...), alignText='center', alignVert=method-wrapper(...), anchorHoriz='center', anchorVert='center', antialias=True, autoLog=True, bold=False, color='white', colorSpace='named', contrast=1.0, depth=0.0, flipHoriz=False, flipVert=False, font='Arial', fontFiles=[], height=0.04, italic=False, languageStyle='LTR', name='text', opacity=1.0, ori=0, pos=array([0., 0.]), rgb=array([255., 255., 255.]), text=str(...), units='height', win=Window(...), wrapWidth=1)
9.7064 	EXP 	Sound Music set volume 0.300
9.7133 	EXP 	Created AdjustContinue = TextStim(__class__=<class 'psychopy.visual.text.TextStim'>, alignHoriz=method-wrapper(...), alignText='center', alignVert=method-wrapper(...), anchorHoriz='center', anchorVert='center', antialias=True, autoLog=True, bold=False, color='white', colorSpace='named', contrast=1.0, depth=-3.0, flipHoriz=False, flipVert=False, font='Arial', fontFiles=[], height=0.04, italic=False, languageStyle='LTR', name='AdjustContinue', opacity=1.0, ori=0, pos=array([ 0. , -0.4]), rgb=array([255., 255., 255.]), text=str(...), units='height', win=Window(...), wrapWidth=1)
9.7369 	EXP 	Created HeadphoneCheckBeing = TextStim(__class__=<class 'psychopy.visual.text.TextStim'>, alignHoriz=method-wrapper(...), alignText='center', alignVert=method-wrapper(...), anchorHoriz='center', anchorVert='center', antialias=True, autoLog=True, bold=False, color='white', colorSpace='named', contrast=1.0, depth=0.0, flipHoriz=False, flipVert=False, font='Arial', fontFiles=[], height=0.04, italic=False, languageStyle='LTR', name='HeadphoneCheckBeing', opacity=1.0, ori=0, pos=array([0., 0.]), rgb=array([255., 255., 255.]), text=str(...), units='height', win=Window(...), wrapWidth=1)
9.7413 	EXP 	Created HeadphoneContinue = TextStim(__class__=<class 'psychopy.visual.text.TextStim'>, alignHoriz=method-wrapper(...), alignText='center', alignVert=method-wrapper(...), anchorHoriz='center', anchorVert='center', antialias=True, autoLog=True, bold=False, color='white', colorSpace='named', contrast=1.0, depth=-1.0, flipHoriz=False, flipVert=False, font='Arial', fontFiles=[], height=0.04, italic=False, languageStyle='LTR', name='HeadphoneContinue', opacity=1.0, ori=0, pos=array([ 0. , -0.4]), rgb=array([255., 255., 255.]), text='Press SPACE to continue', units='height', win=Window(...), wrapWidth=1)
9.7414 	EXP 	Sound CheckSound set volume 1.000
9.7616 	EXP 	Created QuestionTxt = TextStim(__class__=<class 'psychopy.visual.text.TextStim'>, alignHoriz=method-wrapper(...), alignText='center', alignVert=method-wrapper(...), anchorHoriz='center', anchorVert='center', antialias=True, autoLog=True, bold=False, color='white', colorSpace='named', contrast=1.0, depth=-2.0, flipHoriz=False, flipVert=False, font='Arial', fontFiles=[], height=0.04, italic=False, languageStyle='LTR', name='QuestionTxt', opacity=1.0, ori=0, pos=array([0., 0.]), rgb=array([255., 255., 255.]), text=str(...), units='height', win=Window(...), wrapWidth=1)
9.7810 	EXP 	Created CheckTrial = TextStim(__class__=<class 'psychopy.visual.text.TextStim'>, alignHoriz=method-wrapper(...), alignText='center', alignVert=method-wrapper(...), anchorHoriz='center', anchorVert='center', antialias=True, autoLog=True, bold=False, color='white', colorSpace='named', contrast=1.0, depth=-3.0, flipHoriz=False, flipVert=False, font='Arial', fontFiles=[], height=0.05, italic=False, languageStyle='LTR', name='CheckTrial', opacity=1.0, ori=0, pos=array([0. , 0.2]), rgb=array([255., 255., 255.]), text='default text', units='height', win=Window(...), wrapWidth=1)
9.7993 	EXP 	Created CrossHeadphone = TextStim(__class__=<class 'psychopy.visual.text.TextStim'>, alignHoriz=method-wrapper(...), alignText='center', alignVert=method-wrapper(...), anchorHoriz='center', anchorVert='center', antialias=True, autoLog=True, bold=False, color='white', colorSpace='named', contrast=1.0, depth=-4.0, flipHoriz=False, flipVert=False, font='Arial', fontFiles=[], height=0.1, italic=False, languageStyle='LTR', name='CrossHeadphone', opacity=1.0, ori=0, pos=array([0., 0.]), rgb=array([255., 255., 255.]), text='+', units='height', win=Window(...), wrapWidth=1)
9.8109 	EXP 	Created FeedbackTxt = TextStim(__class__=<class 'psychopy.visual.text.TextStim'>, alignHoriz=method-wrapper(...), alignText='center', alignVert=method-wrapper(...), anchorHoriz='center', anchorVert='center', antialias=True, autoLog=True, bold=False, color='white', colorSpace='named', contrast=1.0, depth=0.0, flipHoriz=False, flipVert=False, font='Arial', fontFiles=[], height=0.04, italic=False, languageStyle='LTR', name='FeedbackTxt', opacity=1.0, ori=0, pos=array([0., 0.]), rgb=array([255., 255., 255.]), text='default text', units='height', win=Window(...), wrapWidth=1)
9.8587 	EXP 	Created text_3 = TextStim(__class__=<class 'psychopy.visual.text.TextStim'>, alignHoriz=method-wrapper(...), alignText='center', alignVert=method-wrapper(...), anchorHoriz='center', anchorVert='center', antialias=True, autoLog=True, bold=False, color='white', colorSpace='named', contrast=1.0, depth=0.0, flipHoriz=False, flipVert=False, font='Arial', fontFiles=[], height=0.04, italic=False, languageStyle='LTR', name='text_3', opacity=1.0, ori=0, pos=array([0., 0.]), rgb=array([255., 255., 255.]), text=str(...), units='height', win=Window(...), wrapWidth=1)
9.8654 	EXP 	Created text_4 = TextStim(__class__=<class 'psychopy.visual.text.TextStim'>, alignHoriz=method-wrapper(...), alignText='center', alignVert=method-wrapper(...), anchorHoriz='center', anchorVert='center', antialias=True, autoLog=True, bold=False, color='white', colorSpace='named', contrast=1.0, depth=-1.0, flipHoriz=False, flipVert=False, font='Arial', fontFiles=[], height=0.04, italic=False, languageStyle='LTR', name='text_4', opacity=1.0, ori=0, pos=array([ 0. , -0.4]), rgb=array([255., 255., 255.]), text='Press SPACE to continue', units='height', win=Window(...), wrapWidth=1)
9.8836 	EXP 	Created text_5 = TextStim(__class__=<class 'psychopy.visual.text.TextStim'>, alignHoriz=method-wrapper(...), alignText='center', alignVert=method-wrapper(...), anchorHoriz='center', anchorVert='center', antialias=True, autoLog=True, bold=False, color='white', colorSpace='named', contrast=1.0, depth=0.0, flipHoriz=False, flipVert=False, font='Arial', fontFiles=[], height=0.04, italic=False, languageStyle='LTR', name='text_5', opacity=1.0, ori=0, pos=array([0., 0.]), rgb=array([255., 255., 255.]), text=str(...), units='height', win=Window(...), wrapWidth=1)
9.8952 	EXP 	Created text_6 = TextStim(__class__=<class 'psychopy.visual.text.TextStim'>, alignHoriz=method-wrapper(...), alignText='center', alignVert=method-wrapper(...), anchorHoriz='center', anchorVert='center', antialias=True, autoLog=True, bold=False, color='white', colorSpace='named', contrast=1.0, depth=-1.0, flipHoriz=False, flipVert=False, font='Arial', fontFiles=[], height=0.04, italic=False, languageStyle='LTR', name='text_6', opacity=1.0, ori=0, pos=array([ 0. , -0.4]), rgb=array([255., 255., 255.]), text='Press SPACE to continue', units='height', win=Window(...), wrapWidth=1)
9.9242 	EXP 	Created InstructionTxt2 = TextStim(__class__=<class 'psychopy.visual.text.TextStim'>, alignHoriz=method-wrapper(...), alignText='center', alignVert=method-wrapper(...), anchorHoriz='center', anchorVert='center', antialias=True, autoLog=True, bold=False, color='white', colorSpace='named', contrast=1.0, depth=0.0, flipHoriz=False, flipVert=False, font='Arial', fontFiles=[], height=0.04, italic=False, languageStyle='LTR', name='InstructionTxt2', opacity=1.0, ori=0, pos=array([0., 0.]), rgb=array([255., 255., 255.]), text=str(...), units='height', win=Window(...), wrapWidth=1)
9.9328 	EXP 	Created WelcomeContinue2 = TextStim(__class__=<class 'psychopy.visual.text.TextStim'>, alignHoriz=method-wrapper(...), alignText='center', alignVert=method-wrapper(...), anchorHoriz='center', anchorVert='center', antialias=True, autoLog=True, bold=False, color='white', colorSpace='named', contrast=1.0, depth=-1.0, flipHoriz=False, flipVert=False, font='Arial', fontFiles=[], height=0.04, italic=False, languageStyle='LTR', name='WelcomeContinue2', opacity=1.0, ori=0, pos=array([ 0. , -0.4]), rgb=array([255., 255., 255.]), text='Press SPACE to begin practice\n', units='height', win=Window(...), wrapWidth=1)
9.9370 	EXP 	Created TrialNumber = TextStim(__class__=<class 'psychopy.visual.text.TextStim'>, alignHoriz=method-wrapper(...), alignText='center', alignVert=method-wrapper(...), anchorHoriz='center', anchorVert='center', antialias=True, autoLog=True, bold=False, color='white', colorSpace='named', contrast=1.0, depth=0.0, flipHoriz=False, flipVert=False, font='Arial', fontFiles=[], height=0.04, italic=False, languageStyle='LTR', name='TrialNumber', opacity=1.0, ori=0, pos=array([0. , 0.3]), rgb=array([255., 255., 255.]), text='default text', units='height', win=Window(...), wrapWidth=1)
9.9371 	EXP 	Sound PracticeSound set volume 1.000
9.9397 	EXP 	Created PracticeCross = TextStim(__class__=<class 'psychopy.visual.text.TextStim'>, alignHoriz=method-wrapper(...), alignText='center', alignVert=method-wrapper(...), anchorHoriz='center', anchorVert='center', antialias=True, autoLog=True, bold=False, color='white', colorSpace='named', contrast=1.0, depth=-2.0, flipHoriz=False, flipVert=False, font='Arial', fontFiles=[], height=0.1, italic=False, languageStyle='LTR', name='PracticeCross', opacity=1.0, ori=0, pos=array([0., 0.]), rgb=array([255., 255., 255.]), text='+', units='height', win=Window(...), wrapWidth=1)
9.9432 	EXP 	Created PracticeMssg = TextStim(__class__=<class 'psychopy.visual.text.TextStim'>, alignHoriz=method-wrapper(...), alignText='center', alignVert=method-wrapper(...), anchorHoriz='center', anchorVert='center', antialias=True, autoLog=True, bold=False, color='white', colorSpace='named', contrast=1.0, depth=-2.0, flipHoriz=False, flipVert=False, font='Arial', fontFiles=[], height=0.04, italic=False, languageStyle='LTR', name='PracticeMssg', opacity=1.0, ori=0, pos=array([0. , 0.2]), rgb=array([255., 255., 255.]), text='default text', units='height', win=Window(...), wrapWidth=1)
9.9455 	EXP 	Created FeedbackCross = TextStim(__class__=<class 'psychopy.visual.text.TextStim'>, alignHoriz=method-wrapper(...), alignText='center', alignVert=method-wrapper(...), anchorHoriz='center', anchorVert='center', antialias=True, autoLog=True, bold=False, color='white', colorSpace='named', contrast=1.0, depth=-3.0, flipHoriz=False, flipVert=False, font='Arial', fontFiles=[], height=0.1, italic=False, languageStyle='LTR', name='FeedbackCross', opacity=1.0, ori=0, pos=array([0., 0.]), rgb=array([255., 255., 255.]), text='+', units='height', win=Window(...), wrapWidth=1)
9.9510 	EXP 	Created Continue = TextStim(__class__=<class 'psychopy.visual.text.TextStim'>, alignHoriz=method-wrapper(...), alignText='center', alignVert=method-wrapper(...), anchorHoriz='center', anchorVert='center', antialias=True, autoLog=True, bold=False, color='white', colorSpace='named', contrast=1.0, depth=-4.0, flipHoriz=False, flipVert=False, font='Arial', fontFiles=[], height=0.04, italic=False, languageStyle='LTR', name='Continue', opacity=1.0, ori=0, pos=array([ 0. , -0.4]), rgb=array([255., 255., 255.]), text='Press the correct number on your keyboard', units='height', win=Window(...), wrapWidth=1)
9.9580 	EXP 	Created Options = TextStim(__class__=<class 'psychopy.visual.text.TextStim'>, alignHoriz=method-wrapper(...), alignText='center', alignVert=method-wrapper(...), anchorHoriz='center', anchorVert='center', antialias=True, autoLog=True, bold=False, color='white', colorSpace='named', contrast=1.0, depth=-5.0, flipHoriz=False, flipVert=False, font='Arial', fontFiles=[], height=0.04, italic=False, languageStyle='LTR', name='Options', opacity=1.0, ori=0, pos=array([ 0. , -0.2]), rgb=array([255., 255., 255.]), text='1 = OLD    2 = NEW', units='height', win=Window(...), wrapWidth=1)
9.9620 	EXP 	Created FeedbackMssg = TextStim(__class__=<class 'psychopy.visual.text.TextStim'>, alignHoriz=method-wrapper(...), alignText='center', alignVert=method-wrapper(...), anchorHoriz='center', anchorVert='center', antialias=True, autoLog=True, bold=False, color='white', colorSpace='named', contrast=1.0, depth=0.0, flipHoriz=False, flipVert=False, font='Arial', fontFiles=[], height=0.04, italic=False, languageStyle='LTR', name='FeedbackMssg', opacity=1.0, ori=0, pos=array([0., 0.]), rgb=array([255., 255., 255.]), text='default text', units='height', win=Window(...), wrapWidth=1)
9.9753 	EXP 	Created StartTxt = TextStim(__class__=<class 'psychopy.visual.text.TextStim'>, alignHoriz=method-wrapper(...), alignText='center', alignVert=method-wrapper(...), anchorHoriz='center', anchorVert='center', antialias=True, autoLog=True, bold=False, color='white', colorSpace='named', contrast=1.0, depth=0.0, flipHoriz=False, flipVert=False, font='Arial', fontFiles=[], height=0.04, italic=False, languageStyle='LTR', name='StartTxt', opacity=1.0, ori=0, pos=array([0., 0.]), rgb=array([255., 255., 255.]), text=str(...), units='height', win=Window(...), wrapWidth=1)
9.9798 	EXP 	Created ContinueStart = TextStim(__class__=<class 'psychopy.visual.text.TextStim'>, alignHoriz=method-wrapper(...), alignText='center', alignVert=method-wrapper(...), anchorHoriz='center', anchorVert='center', antialias=True, autoLog=True, bold=False, color='white', colorSpace='named', contrast=1.0, depth=-2.0, flipHoriz=False, flipVert=False, font='Arial', fontFiles=[], height=0.04, italic=False, languageStyle='LTR', name='ContinueStart', opacity=1.0, ori=0, pos=array([ 0. , -0.4]), rgb=array([255., 255., 255.]), text='Press SPACE to begin the task', units='height', win=Window(...), wrapWidth=1)
9.9813 	EXP 	Created no_3 = TextStim(__class__=<class 'psychopy.visual.text.TextStim'>, alignHoriz=method-wrapper(...), alignText='center', alignVert=method-wrapper(...), anchorHoriz='center', anchorVert='center', antialias=True, autoLog=True, bold=False, color='white', colorSpace='named', contrast=1.0, depth=-1.0, flipHoriz=False, flipVert=False, font='Arial', fontFiles=[], height=0.1, italic=False, languageStyle='LTR', name='no_3', opacity=1.0, ori=0, pos=array([0., 0.]), rgb=array([255., 255., 255.]), text='+', units='height', win=Window(...), wrapWidth=1)
9.9814 	EXP 	Sound TargetSound set volume 1.000
9.9828 	EXP 	Created Cross = TextStim(__class__=<class 'psychopy.visual.text.TextStim'>, alignHoriz=method-wrapper(...), alignText='center', alignVert=method-wrapper(...), anchorHoriz='center', anchorVert='center', antialias=True, autoLog=True, bold=False, color='white', colorSpace='named', contrast=1.0, depth=-1.0, flipHoriz=False, flipVert=False, font='Arial', fontFiles=[], height=0.1, italic=False, languageStyle='LTR', name='Cross', opacity=1.0, ori=0, pos=array([0., 0.]), rgb=array([255., 255., 255.]), text='+', units='height', win=Window(...), wrapWidth=1)
9.9857 	EXP 	Created ItemNumber = TextStim(__class__=<class 'psychopy.visual.text.TextStim'>, alignHoriz=method-wrapper(...), alignText='center', alignVert=method-wrapper(...), anchorHoriz='center', anchorVert='center', antialias=True, autoLog=True, bold=False, color='white', colorSpace='named', contrast=1.0, depth=-2.0, flipHoriz=False, flipVert=False, font='Arial', fontFiles=[], height=0.04, italic=False, languageStyle='LTR', name='ItemNumber', opacity=1.0, ori=0, pos=array([0. , 0.3]), rgb=array([255., 255., 255.]), text='default text', units='height', win=Window(...), wrapWidth=1)
9.9952 	EXP 	Created text_2 = TextStim(__class__=<class 'psychopy.visual.text.TextStim'>, alignHoriz=method-wrapper(...), alignText='center', alignVert=method-wrapper(...), anchorHoriz='center', anchorVert='center', antialias=True, autoLog=True, bold=False, color='white', colorSpace='named', contrast=1.0, depth=0.0, flipHoriz=False, flipVert=False, font='Arial', fontFiles=[], height=0.04, italic=False, languageStyle='LTR', name='text_2', opacity=1.0, ori=0, pos=array([0., 0.]), rgb=array([255., 255., 255.]), text=str(...), units='height', win=Window(...), wrapWidth=1)
10.0050 	EXP 	Created ThankyouMssg = TextStim(__class__=<class 'psychopy.visual.text.TextStim'>, alignHoriz=method-wrapper(...), alignText='center', alignVert=method-wrapper(...), anchorHoriz='center', anchorVert='center', antialias=True, autoLog=True, bold=False, color='white', colorSpace='named', contrast=1.0, depth=0.0, flipHoriz=False, flipVert=False, font='Arial', fontFiles=[], height=0.04, italic=False, languageStyle='LTR', name='ThankyouMssg', opacity=1.0, ori=0, pos=array([0. , 0.2]), rgb=array([255., 255., 255.]), text=str(...), units='height', win=Window(...), wrapWidth=1)
10.0721 	EXP 	Created ExitTxt = TextStim(__class__=<class 'psychopy.visual.text.TextStim'>, alignHoriz=method-wrapper(...), alignText='center', alignVert=method-wrapper(...), anchorHoriz='center', anchorVert='center', antialias=True, autoLog=True, bold=False, color='white', colorSpace='named', contrast=1.0, depth=-2.0, flipHoriz=False, flipVert=False, font='Arial', fontFiles=[], height=0.04, italic=False, languageStyle='LTR', name='ExitTxt', opacity=1.0, ori=0, pos=array([ 0. , -0.4]), rgb=array([255., 255., 255.]), text='Press SPACE to exit the study', units='height', win=Window(...), wrapWidth=1)
10.0804 	EXP 	Created CodeTxt = TextStim(__class__=<class 'psychopy.visual.text.TextStim'>, alignHoriz=method-wrapper(...), alignText='center', alignVert=method-wrapper(...), anchorHoriz='center', anchorVert='center', antialias=True, autoLog=True, bold=False, color='white', colorSpace='named', contrast=1.0, depth=-4.0, flipHoriz=False, flipVert=False, font='Arial', fontFiles=[], height=0.04, italic=False, languageStyle='LTR', name='CodeTxt', opacity=1.0, ori=0, pos=array([ 0.  , -0.22]), rgb=array([255., 255., 255.]), text=str(...), units='height', win=Window(...), wrapWidth=1)
10.1211 	EXP 	CompletionCode: autoLog = True
10.1211 	EXP 	InstructionTxt: autoDraw = True
10.1211 	EXP 	WelcomContinue: autoDraw = True
11.0638 	DATA 	Keypress: space
11.0689 	EXP 	InstructionTxt: autoDraw = False
11.0689 	EXP 	WelcomContinue: autoDraw = False
11.0689 	EXP 	VolumeBeginTxt: autoDraw = True
11.6170 	DATA 	Keypress: space
11.6211 	EXP 	VolumeBeginTxt: autoDraw = False
11.6211 	EXP 	text: autoDraw = True
11.6211 	EXP 	AdjustContinue: autoDraw = True
12.1629 	DATA 	Keypress: space
12.1681 	EXP 	text: autoDraw = False
12.1681 	EXP 	AdjustContinue: autoDraw = False
12.1681 	EXP 	HeadphoneCheckBeing: autoDraw = True
12.1681 	EXP 	HeadphoneContinue: autoDraw = True
13.2386 	DATA 	Keypress: space
13.3419 	EXP 	Imported Headphone_check.xlsx as conditions, 6 conditions, 2 params
13.3423 	EXP 	Created sequence: random, trialTypes=6, nReps=1, seed=None
13.3426 	EXP 	New trial (rep=0, index=0): OrderedDict([('File', 'Headphone/t3_2.wav'), ('Correct', 3)])
13.3610 	EXP 	HeadphoneCheckBeing: autoDraw = False
13.3610 	EXP 	HeadphoneContinue: autoDraw = False
13.3610 	EXP 	CheckTrial: text = '1/6'
13.3610 	EXP 	CheckTrial: autoDraw = True
13.3610 	EXP 	CrossHeadphone: autoDraw = True
17.8804 	EXP 	QuestionTxt: autoDraw = True
17.8970 	EXP 	CheckTrial: autoDraw = False
17.8970 	EXP 	CrossHeadphone: autoDraw = False
18.7205 	DATA 	Keypress: 2
18.7649 	EXP 	QuestionTxt: autoDraw = False
18.7649 	EXP 	CheckTrial: autoDraw = False
18.7649 	EXP 	CrossHeadphone: autoDraw = False
18.7649 	EXP 	FeedbackTxt: text = 'INCORRECT'
18.7649 	EXP 	FeedbackTxt: autoDraw = True
19.7486 	EXP 	New trial (rep=0, index=1): OrderedDict([('File', 'Headphone/t2_2.wav'), ('Correct', 2)])
19.7769 	EXP 	FeedbackTxt: autoDraw = False
19.7769 	EXP 	CheckTrial: text = '2/6'
19.7769 	EXP 	CheckTrial: autoDraw = True
19.7769 	EXP 	CrossHeadphone: autoDraw = True
24.2972 	EXP 	QuestionTxt: autoDraw = True
24.3136 	EXP 	CheckTrial: autoDraw = False
24.3136 	EXP 	CrossHeadphone: autoDraw = False
24.3366 	DATA 	Keypress: 3
24.3630 	EXP 	QuestionTxt: autoDraw = False
24.3630 	EXP 	CheckTrial: autoDraw = False
24.3630 	EXP 	CrossHeadphone: autoDraw = False
24.3630 	EXP 	FeedbackTxt: text = 'INCORRECT'
24.3630 	EXP 	FeedbackTxt: autoDraw = True
25.3506 	EXP 	New trial (rep=0, index=2): OrderedDict([('File', 'Headphone/t3_1.wav'), ('Correct', 3)])
25.3797 	EXP 	FeedbackTxt: autoDraw = False
25.3797 	EXP 	FeedbackTxt: autoDraw = False
25.3797 	EXP 	CheckTrial: text = '3/6'
25.3797 	EXP 	CheckTrial: autoDraw = True
25.3797 	EXP 	CrossHeadphone: autoDraw = True
29.8973 	EXP 	QuestionTxt: autoDraw = True
29.9136 	EXP 	CheckTrial: autoDraw = False
29.9136 	EXP 	CrossHeadphone: autoDraw = False
30.1776 	DATA 	Keypress: 2
30.1818 	EXP 	QuestionTxt: autoDraw = False
30.1818 	EXP 	CheckTrial: autoDraw = False
30.1818 	EXP 	CrossHeadphone: autoDraw = False
30.1818 	EXP 	FeedbackTxt: text = 'INCORRECT'
30.1818 	EXP 	FeedbackTxt: autoDraw = True
31.1816 	EXP 	New trial (rep=0, index=3): OrderedDict([('File', 'Headphone/t1_2.wav'), ('Correct', 1)])
31.2098 	EXP 	FeedbackTxt: autoDraw = False
31.2098 	EXP 	CheckTrial: text = '4/6'
31.2098 	EXP 	CheckTrial: autoDraw = True
31.2098 	EXP 	CrossHeadphone: autoDraw = True
35.7300 	EXP 	QuestionTxt: autoDraw = True
35.7462 	EXP 	CheckTrial: autoDraw = False
35.7462 	EXP 	CrossHeadphone: autoDraw = False
36.1265 	DATA 	Keypress: 2
36.1306 	EXP 	QuestionTxt: autoDraw = False
36.1306 	EXP 	CheckTrial: autoDraw = False
36.1306 	EXP 	CrossHeadphone: autoDraw = False
36.1306 	EXP 	FeedbackTxt: text = 'INCORRECT'
36.1306 	EXP 	FeedbackTxt: autoDraw = True
37.1171 	EXP 	New trial (rep=0, index=4): OrderedDict([('File', 'Headphone/t1_1.wav'), ('Correct', 1)])
37.1488 	EXP 	FeedbackTxt: autoDraw = False
37.1488 	EXP 	FeedbackTxt: autoDraw = False
37.1488 	EXP 	CheckTrial: text = '5/6'
37.1488 	EXP 	CheckTrial: autoDraw = True
37.1488 	EXP 	CrossHeadphone: autoDraw = True
41.2022 	DATA 	Keypress: 1
41.6800 	EXP 	QuestionTxt: autoDraw = True
41.6968 	EXP 	CheckTrial: autoDraw = False
41.6968 	EXP 	CrossHeadphone: autoDraw = False
42.1538 	DATA 	Keypress: 1
42.1919 	EXP 	QuestionTxt: autoDraw = False
42.1919 	EXP 	CheckTrial: autoDraw = False
42.1919 	EXP 	CrossHeadphone: autoDraw = False
42.1919 	EXP 	FeedbackTxt: text = 'CORRECT'
42.1919 	EXP 	FeedbackTxt: autoDraw = True
43.1811 	EXP 	New trial (rep=0, index=5): OrderedDict([('File', 'Headphone/t2_1.wav'), ('Correct', 2)])
43.2060 	EXP 	FeedbackTxt: autoDraw = False
43.2060 	EXP 	CheckTrial: text = '6/6'
43.2060 	EXP 	CheckTrial: autoDraw = True
43.2060 	EXP 	CrossHeadphone: autoDraw = True
47.7300 	EXP 	QuestionTxt: autoDraw = True
47.7470 	EXP 	CheckTrial: autoDraw = False
47.7470 	EXP 	CrossHeadphone: autoDraw = False
48.7703 	DATA 	Keypress: 3
48.8100 	EXP 	QuestionTxt: autoDraw = False
48.8100 	EXP 	CheckTrial: autoDraw = False
48.8100 	EXP 	CrossHeadphone: autoDraw = False
48.8100 	EXP 	FeedbackTxt: text = 'INCORRECT'
48.8100 	EXP 	FeedbackTxt: autoDraw = True
49.8142 	EXP 	FeedbackTxt: autoDraw = False
49.8142 	EXP 	text_3: autoDraw = True
49.8142 	EXP 	text_4: autoDraw = True
52.0153 	DATA 	Keypress: space
52.0205 	EXP 	text_3: autoDraw = False
52.0205 	EXP 	text_4: autoDraw = False
52.0205 	EXP 	text_5: autoDraw = True
52.0205 	EXP 	text_6: autoDraw = True
53.6816 	DATA 	Keypress: space
53.6864 	EXP 	text_5: autoDraw = False
53.6864 	EXP 	text_6: autoDraw = False
53.6864 	EXP 	InstructionTxt2: autoDraw = True
53.6864 	EXP 	WelcomeContinue2: autoDraw = True
54.2877 	DATA 	Keypress: space
54.3791 	EXP 	Imported GuessSounds_conditions.xlsx as conditions, 5 conditions, 3 params
54.3794 	EXP 	Created sequence: sequential, trialTypes=5, nReps=1, seed=None
54.3798 	EXP 	New trial (rep=0, index=0): OrderedDict([('SoundFile5', 'Practice/Seagull_A.wav'), ('Correct', 2), ('Type', 'NEW')])
54.3932 	EXP 	InstructionTxt2: autoDraw = False
54.3932 	EXP 	WelcomeContinue2: autoDraw = False
54.3932 	EXP 	TrialNumber: text = 'Trial 1'
54.3932 	EXP 	TrialNumber: autoDraw = True
54.3932 	EXP 	PracticeCross: autoDraw = True
56.6922 	EXP 	TrialNumber: autoDraw = False
56.6922 	EXP 	PracticeCross: autoDraw = False
56.6922 	EXP 	TrialNumber: autoDraw = False
56.6922 	EXP 	PracticeCross: autoDraw = False
56.6922 	EXP 	PracticeMssg: text = 'This is a NEW word. \nThis is your first time hearing this sound.'
56.6922 	EXP 	PracticeMssg: autoDraw = True
56.6922 	EXP 	FeedbackCross: autoDraw = True
56.6922 	EXP 	Continue: autoDraw = True
56.6922 	EXP 	Options: autoDraw = True
57.9740 	DATA 	Keypress: 2
58.0137 	EXP 	PracticeMssg: autoDraw = False
58.0137 	EXP 	FeedbackCross: autoDraw = False
58.0137 	EXP 	Continue: autoDraw = False
58.0137 	EXP 	Options: autoDraw = False
58.0137 	EXP 	FeedbackMssg: text = 'CORRECT'
58.0137 	EXP 	FeedbackMssg: autoDraw = True
58.9987 	EXP 	New trial (rep=0, index=1): OrderedDict([('SoundFile5', 'Practice/Skid_B.wav'), ('Correct', 2), ('Type', 'NEW')])
59.0304 	EXP 	FeedbackMssg: autoDraw = False
59.0304 	EXP 	TrialNumber: text = 'Trial 2'
59.0304 	EXP 	TrialNumber: autoDraw = True
59.0304 	EXP 	PracticeCross: autoDraw = True
61.1299 	EXP 	TrialNumber: autoDraw = False
61.1299 	EXP 	PracticeCross: autoDraw = False
61.1299 	EXP 	TrialNumber: autoDraw = False
61.1299 	EXP 	PracticeCross: autoDraw = False
61.1299 	EXP 	PracticeMssg: text = 'This is a NEW word. \nThis is your first time hearing this sound.'
61.1299 	EXP 	PracticeMssg: autoDraw = True
61.1299 	EXP 	FeedbackCross: autoDraw = True
61.1299 	EXP 	Continue: autoDraw = True
61.1299 	EXP 	Options: autoDraw = True
62.0773 	DATA 	Keypress: 2
62.0816 	EXP 	PracticeMssg: autoDraw = False
62.0816 	EXP 	FeedbackCross: autoDraw = False
62.0816 	EXP 	Continue: autoDraw = False
62.0816 	EXP 	Options: autoDraw = False
62.0816 	EXP 	FeedbackMssg: text = 'CORRECT'
62.0816 	EXP 	FeedbackMssg: autoDraw = True
63.0811 	EXP 	New trial (rep=0, index=2): OrderedDict([('SoundFile5', 'Practice/Seagull_A.wav'), ('Correct', 1), ('Type', 'OLD')])
63.1118 	EXP 	FeedbackMssg: autoDraw = False
63.1118 	EXP 	TrialNumber: text = 'Trial 3'
63.1118 	EXP 	TrialNumber: autoDraw = True
63.1118 	EXP 	PracticeCross: autoDraw = True
65.3793 	EXP 	TrialNumber: autoDraw = False
65.3793 	EXP 	PracticeCross: autoDraw = False
65.4194 	EXP 	TrialNumber: autoDraw = False
65.4194 	EXP 	PracticeCross: autoDraw = False
65.4194 	EXP 	PracticeMssg: text = 'This is an OLD word. \nThis sound is exactly the same as the first sound.'
65.4194 	EXP 	PracticeMssg: autoDraw = True
65.4194 	EXP 	FeedbackCross: autoDraw = True
65.4194 	EXP 	Continue: autoDraw = True
65.4194 	EXP 	Options: autoDraw = True
66.0596 	DATA 	Keypress: 1
66.0637 	EXP 	PracticeMssg: autoDraw = False
66.0637 	EXP 	FeedbackCross: autoDraw = False
66.0637 	EXP 	Continue: autoDraw = False
66.0637 	EXP 	Options: autoDraw = False
66.0637 	EXP 	FeedbackMssg: text = 'CORRECT'
66.0637 	EXP 	FeedbackMssg: autoDraw = True
67.0501 	EXP 	New trial (rep=0, index=3): OrderedDict([('SoundFile5', 'Practice/Gargle_A.wav'), ('Correct', 2), ('Type', 'NEW')])
67.0800 	EXP 	FeedbackMssg: autoDraw = False
67.0800 	EXP 	FeedbackMssg: autoDraw = False
67.0800 	EXP 	TrialNumber: text = 'Trial 4'
67.0800 	EXP 	TrialNumber: autoDraw = True
67.0800 	EXP 	PracticeCross: autoDraw = True
69.3644 	EXP 	TrialNumber: autoDraw = False
69.3644 	EXP 	PracticeCross: autoDraw = False
69.3644 	EXP 	TrialNumber: autoDraw = False
69.3644 	EXP 	PracticeCross: autoDraw = False
69.3644 	EXP 	PracticeMssg: text = 'This is a NEW word. \nThis is your first time hearing this sound.'
69.3644 	EXP 	PracticeMssg: autoDraw = True
69.3644 	EXP 	FeedbackCross: autoDraw = True
69.3644 	EXP 	Continue: autoDraw = True
69.3644 	EXP 	Options: autoDraw = True
70.0881 	DATA 	Keypress: 1
70.1242 	EXP 	PracticeMssg: autoDraw = False
70.1242 	EXP 	FeedbackCross: autoDraw = False
70.1242 	EXP 	Continue: autoDraw = False
70.1242 	EXP 	Options: autoDraw = False
70.1242 	EXP 	FeedbackMssg: text = 'INCORRECT'
70.1242 	EXP 	FeedbackMssg: autoDraw = True
71.1145 	EXP 	New trial (rep=0, index=4): OrderedDict([('SoundFile5', 'Practice/Gargle_B.wav'), ('Correct', 2), ('Type', 'SIMILAR')])
71.1439 	EXP 	FeedbackMssg: autoDraw = False
71.1439 	EXP 	TrialNumber: text = 'Trial 5'
71.1439 	EXP 	TrialNumber: autoDraw = True
71.1439 	EXP 	PracticeCross: autoDraw = True
73.2241 	EXP 	TrialNumber: autoDraw = False
73.2241 	EXP 	PracticeCross: autoDraw = False
73.2241 	EXP 	TrialNumber: autoDraw = False
73.2241 	EXP 	PracticeCross: autoDraw = False
73.2241 	EXP 	PracticeMssg: text = 'This is a NEW word. \nNotice that this one sounds similar to the previous sound but is not exactly the same.'
73.2241 	EXP 	PracticeMssg: autoDraw = True
73.2241 	EXP 	FeedbackCross: autoDraw = True
73.2241 	EXP 	Continue: autoDraw = True
73.2241 	EXP 	Options: autoDraw = True
73.8716 	DATA 	Keypress: 2
73.8760 	EXP 	PracticeMssg: autoDraw = False
73.8760 	EXP 	FeedbackCross: autoDraw = False
73.8760 	EXP 	Continue: autoDraw = False
73.8760 	EXP 	Options: autoDraw = False
73.8760 	EXP 	FeedbackMssg: text = 'CORRECT'
73.8760 	EXP 	FeedbackMssg: autoDraw = True
74.8816 	EXP 	FeedbackMssg: autoDraw = False
74.8816 	EXP 	StartTxt: autoDraw = True
74.8816 	EXP 	ContinueStart: autoDraw = True
77.0387 	EXP 	Imported GuessSounds_conditions.xlsx as conditions, 144 conditions, 3 params
77.0393 	EXP 	Created sequence: sequential, trialTypes=144, nReps=1, seed=None
77.0396 	EXP 	New trial (rep=0, index=0): OrderedDict([('SoundFile5', 'Initial/Doubled/CarStart_A.wav'), ('Correct', 2), ('Type', 'NEW')])
77.0435 	DATA 	Keypress: space
77.0475 	EXP 	StartTxt: autoDraw = False
77.0475 	EXP 	ContinueStart: autoDraw = False
77.0475 	EXP 	no_3: autoDraw = True
78.5148 	EXP 	no_3: autoDraw = False
78.5148 	EXP 	ItemNumber: text = '1/144'
78.5148 	EXP 	Cross: autoDraw = True
78.5148 	EXP 	ItemNumber: autoDraw = True
79.3693 	DATA 	Keypress: space
81.0316 	EXP 	Cross: autoDraw = False
81.0316 	EXP 	ItemNumber: autoDraw = False
81.0316 	EXP 	Cross: autoDraw = False
81.0316 	EXP 	ItemNumber: autoDraw = False
81.0316 	EXP 	text_2: autoDraw = True
82.9861 	DATA 	Keypress: 2
83.0056 	EXP 	New trial (rep=0, index=1): OrderedDict([('SoundFile5', 'Initial/Doubled/Clap_A.wav'), ('Correct', 2), ('Type', 'NEW')])
83.0145 	EXP 	text_2: autoDraw = False
83.0145 	EXP 	no_3: autoDraw = True
84.5500 	EXP 	no_3: autoDraw = False
84.5500 	EXP 	ItemNumber: text = '2/144'
84.5500 	EXP 	Cross: autoDraw = True
84.5500 	EXP 	ItemNumber: autoDraw = True
87.0650 	EXP 	Cross: autoDraw = False
87.0650 	EXP 	ItemNumber: autoDraw = False
87.0650 	EXP 	Cross: autoDraw = False
87.0650 	EXP 	ItemNumber: autoDraw = False
87.0650 	EXP 	text_2: autoDraw = True
88.1051 	EXP 	New trial (rep=0, index=2): OrderedDict([('SoundFile5', 'Initial/Doubled/Cuckoo_A.wav'), ('Correct', 2), ('Type', 'NEW')])
88.1095 	DATA 	Keypress: 2
88.1179 	EXP 	text_2: autoDraw = False
88.1179 	EXP 	no_3: autoDraw = True
89.6521 	EXP 	no_3: autoDraw = False
89.6521 	EXP 	ItemNumber: text = '3/144'
89.6521 	EXP 	Cross: autoDraw = True
89.6521 	EXP 	ItemNumber: autoDraw = True
92.1462 	EXP 	Cross: autoDraw = False
92.1462 	EXP 	ItemNumber: autoDraw = False
92.1462 	EXP 	Cross: autoDraw = False
92.1462 	EXP 	ItemNumber: autoDraw = False
92.1462 	EXP 	text_2: autoDraw = True
92.7368 	EXP 	New trial (rep=0, index=3): OrderedDict([('SoundFile5', 'Initial/Doubled/Chomp_A.wav'), ('Correct', 2), ('Type', 'NEW')])
92.7422 	DATA 	Keypress: 2
92.7465 	EXP 	text_2: autoDraw = False
92.7465 	EXP 	no_3: autoDraw = True
94.2667 	EXP 	no_3: autoDraw = False
94.2667 	EXP 	no_3: autoDraw = False
94.2667 	EXP 	ItemNumber: text = '4/144'
94.2667 	EXP 	Cross: autoDraw = True
94.2667 	EXP 	ItemNumber: autoDraw = True
96.7793 	EXP 	Cross: autoDraw = False
96.7793 	EXP 	ItemNumber: autoDraw = False
96.7793 	EXP 	Cross: autoDraw = False
96.7793 	EXP 	ItemNumber: autoDraw = False
96.7793 	EXP 	text_2: autoDraw = True
97.9371 	EXP 	New trial (rep=0, index=4): OrderedDict([('SoundFile5', 'Initial/NoRepeat/Toilet_B.wav'), ('Correct', 2), ('Type', 'NEW')])
97.9432 	DATA 	Keypress: 2
97.9476 	EXP 	text_2: autoDraw = False
97.9476 	EXP 	no_3: autoDraw = True
99.4731 	EXP 	no_3: autoDraw = False
99.4731 	EXP 	ItemNumber: text = '5/144'
99.4731 	EXP 	Cross: autoDraw = True
99.4731 	EXP 	ItemNumber: autoDraw = True
101.9793 	EXP 	Cross: autoDraw = False
101.9793 	EXP 	ItemNumber: autoDraw = False
101.9793 	EXP 	Cross: autoDraw = False
101.9793 	EXP 	ItemNumber: autoDraw = False
101.9793 	EXP 	text_2: autoDraw = True
103.1866 	DATA 	Keypress: 2
103.2033 	EXP 	New trial (rep=0, index=5): OrderedDict([('SoundFile5', 'Initial/Doubled/Piano_A.wav'), ('Correct', 2), ('Type', 'NEW')])
103.2122 	EXP 	text_2: autoDraw = False
103.2122 	EXP 	no_3: autoDraw = True
104.7377 	EXP 	no_3: autoDraw = False
104.7377 	EXP 	no_3: autoDraw = False
104.7377 	EXP 	ItemNumber: text = '6/144'
104.7377 	EXP 	Cross: autoDraw = True
104.7377 	EXP 	ItemNumber: autoDraw = True
107.2461 	EXP 	Cross: autoDraw = False
107.2461 	EXP 	ItemNumber: autoDraw = False
107.2461 	EXP 	Cross: autoDraw = False
107.2461 	EXP 	ItemNumber: autoDraw = False
107.2461 	EXP 	text_2: autoDraw = True
107.7033 	EXP 	New trial (rep=0, index=6): OrderedDict([('SoundFile5', 'Initial/Doubled/Cat_A.wav'), ('Correct', 2), ('Type', 'NEW')])
107.7094 	DATA 	Keypress: 2
107.7137 	EXP 	text_2: autoDraw = False
107.7137 	EXP 	no_3: autoDraw = True
109.2485 	EXP 	no_3: autoDraw = False
109.2485 	EXP 	ItemNumber: text = '7/144'
109.2485 	EXP 	Cross: autoDraw = True
109.2485 	EXP 	ItemNumber: autoDraw = True
110.6626 	EXP 	Cross: autoDraw = False
110.6626 	EXP 	ItemNumber: autoDraw = False
110.6626 	EXP 	Cross: autoDraw = False
110.6626 	EXP 	ItemNumber: autoDraw = False
110.6626 	EXP 	text_2: autoDraw = True
111.2531 	DATA 	Keypress: 2
111.2703 	EXP 	New trial (rep=0, index=7): OrderedDict([('SoundFile5', 'Initial/Doubled/Clap_A.wav'), ('Correct', 1), ('Type', 'OLD')])
111.2792 	EXP 	text_2: autoDraw = False
111.2792 	EXP 	no_3: autoDraw = True
112.7938 	EXP 	no_3: autoDraw = False
112.7938 	EXP 	no_3: autoDraw = False
112.7938 	EXP 	ItemNumber: text = '8/144'
112.7938 	EXP 	Cross: autoDraw = True
112.7938 	EXP 	ItemNumber: autoDraw = True
115.2960 	EXP 	Cross: autoDraw = False
115.2960 	EXP 	ItemNumber: autoDraw = False
115.2960 	EXP 	Cross: autoDraw = False
115.2960 	EXP 	ItemNumber: autoDraw = False
115.2960 	EXP 	text_2: autoDraw = True
115.6195 	EXP 	New trial (rep=0, index=8): OrderedDict([('SoundFile5', 'Initial/Repeat/Buzz.wav'), ('Correct', 2), ('Type', 'NEW')])
115.6246 	DATA 	Keypress: 2
115.6289 	EXP 	text_2: autoDraw = False
115.6289 	EXP 	no_3: autoDraw = True
117.1546 	EXP 	no_3: autoDraw = False
117.1546 	EXP 	no_3: autoDraw = False
117.1546 	EXP 	ItemNumber: text = '9/144'
117.1546 	EXP 	Cross: autoDraw = True
117.1546 	EXP 	ItemNumber: autoDraw = True
119.4547 	DATA 	Keypress: 2
119.4627 	EXP 	Cross: autoDraw = False
119.4627 	EXP 	ItemNumber: autoDraw = False
119.4627 	EXP 	Cross: autoDraw = False
119.4627 	EXP 	ItemNumber: autoDraw = False
119.4627 	EXP 	text_2: autoDraw = True
122.1365 	EXP 	New trial (rep=0, index=9): OrderedDict([('SoundFile5', 'Initial/NoRepeat/Footsteps_B.wav'), ('Correct', 2), ('Type', 'NEW')])
122.1426 	DATA 	Keypress: 2
122.1472 	EXP 	text_2: autoDraw = False
122.1472 	EXP 	no_3: autoDraw = True
123.6857 	EXP 	no_3: autoDraw = False
123.6857 	EXP 	ItemNumber: text = '10/144'
123.6857 	EXP 	Cross: autoDraw = True
123.6857 	EXP 	ItemNumber: autoDraw = True
126.1957 	EXP 	Cross: autoDraw = False
126.1957 	EXP 	ItemNumber: autoDraw = False
126.1957 	EXP 	Cross: autoDraw = False
126.1957 	EXP 	ItemNumber: autoDraw = False
126.1957 	EXP 	text_2: autoDraw = True
126.9376 	EXP 	New trial (rep=0, index=10): OrderedDict([('SoundFile5', 'CarStart_D.wav'), ('Correct', 2), ('Type', 'SIMILAR')])
126.9427 	DATA 	Keypress: 2
126.9470 	EXP 	text_2: autoDraw = False
126.9470 	EXP 	no_3: autoDraw = True
128.4851 	EXP 	no_3: autoDraw = False
128.4851 	EXP 	ItemNumber: text = '11/144'
128.4851 	EXP 	Cross: autoDraw = True
128.4851 	EXP 	ItemNumber: autoDraw = True
130.9959 	EXP 	Cross: autoDraw = False
130.9959 	EXP 	ItemNumber: autoDraw = False
130.9959 	EXP 	Cross: autoDraw = False
130.9959 	EXP 	ItemNumber: autoDraw = False
130.9959 	EXP 	text_2: autoDraw = True
131.7691 	EXP 	New trial (rep=0, index=11): OrderedDict([('SoundFile5', 'Initial/Repeat/Whistle_A.wav'), ('Correct', 2), ('Type', 'NEW')])
131.7742 	DATA 	Keypress: 2
131.7786 	EXP 	text_2: autoDraw = False
131.7786 	EXP 	no_3: autoDraw = True
133.2881 	EXP 	no_3: autoDraw = False
133.2881 	EXP 	no_3: autoDraw = False
133.2881 	EXP 	ItemNumber: text = '12/144'
133.2881 	EXP 	Cross: autoDraw = True
133.2881 	EXP 	ItemNumber: autoDraw = True
134.7790 	EXP 	Cross: autoDraw = False
134.7790 	EXP 	ItemNumber: autoDraw = False
134.7790 	EXP 	Cross: autoDraw = False
134.7790 	EXP 	ItemNumber: autoDraw = False
134.7790 	EXP 	text_2: autoDraw = True
135.3701 	EXP 	New trial (rep=0, index=12): OrderedDict([('SoundFile5', 'Initial/Doubled/Cuckoo_A.wav'), ('Correct', 1), ('Type', 'OLD')])
135.3748 	DATA 	Keypress: 2
135.3794 	EXP 	text_2: autoDraw = False
135.3794 	EXP 	no_3: autoDraw = True
136.8902 	EXP 	no_3: autoDraw = False
136.8902 	EXP 	no_3: autoDraw = False
136.8902 	EXP 	ItemNumber: text = '13/144'
136.8902 	EXP 	Cross: autoDraw = True
136.8902 	EXP 	ItemNumber: autoDraw = True
139.3792 	EXP 	Cross: autoDraw = False
139.3792 	EXP 	ItemNumber: autoDraw = False
139.3792 	EXP 	Cross: autoDraw = False
139.3792 	EXP 	ItemNumber: autoDraw = False
139.3792 	EXP 	text_2: autoDraw = True
139.6374 	EXP 	New trial (rep=0, index=13): OrderedDict([('SoundFile5', 'Chomp_B.wav'), ('Correct', 2), ('Type', 'SIMILAR')])
139.6424 	DATA 	Keypress: 2
139.6467 	EXP 	text_2: autoDraw = False
139.6467 	EXP 	no_3: autoDraw = True
141.1592 	EXP 	no_3: autoDraw = False
141.1592 	EXP 	no_3: autoDraw = False
141.1592 	EXP 	ItemNumber: text = '14/144'
141.1592 	EXP 	Cross: autoDraw = True
141.1592 	EXP 	ItemNumber: autoDraw = True
142.8510 	DATA 	Keypress: escape
143.2670 	EXP 	window1: mouseVisible = True
