1.8503 	WARNING 	We strongly recommend you activate the PTB sound engine in PsychoPy prefs as the preferred audio engine. Its timing is vastly superior. Your prefs are currently set to use ['sounddevice', 'PTB', 'pyo', 'pygame'] (in that order).
9.4209 	WARNING 	User requested fullscreen with size [1024  768], but screen is actually [2256, 1504]. Using actual size
12.3196 	EXP 	Created window1 = Window(allowGUI=False, allowStencil=False, args=UNKNOWN, autoLog=True, bitsMode=UNKNOWN, blendMode='avg', bpc=(8, 8, 8), color=array([0., 0., 0.]), colorSpace='rgb', depthBits=8, fullscr=<method-wrapper '__getattribute__' of attributeSetter object at 0x000001FF38089A90>, gamma=None, gammaErrorPolicy='raise', kwargs=UNKNOWN, lms=UNKNOWN, monitor=<psychopy.monitors.calibTools.Monitor object at 0x000001FF380521D0>, multiSample=False, name='window1', numSamples=2, pos=[0.0, 0.0], screen=0, size=array([2256, 1504]), stencilBits=0, stereo=False, units='height', useFBO=True, useRetina=False, viewOri=0.0, viewPos=None, viewScale=None, waitBlanking=True, winType='pyglet')
12.3218 	EXP 	window1: mouseVisible = True
12.3219 	EXP 	window1: recordFrameIntervals = False
12.4747 	EXP 	window1: recordFrameIntervals = True
12.6582 	EXP 	window1: recordFrameIntervals = False
13.2916 	EXP 	Created InstructionTxt = TextStim(__class__=<class 'psychopy.visual.text.TextStim'>, alignHoriz=method-wrapper(...), alignText='center', alignVert=method-wrapper(...), anchorHoriz='center', anchorVert='center', antialias=True, autoLog=True, bold=False, color='white', colorSpace='named', contrast=1.0, depth=0.0, flipHoriz=False, flipVert=False, font='Arial', fontFiles=[], height=0.04, italic=False, languageStyle='LTR', name='InstructionTxt', opacity=1.0, ori=0, pos=array([0., 0.]), rgb=array([255., 255., 255.]), text=str(...), units='height', win=Window(...), wrapWidth=1)
13.3011 	EXP 	Created WelcomContinue = TextStim(__class__=<class 'psychopy.visual.text.TextStim'>, alignHoriz=method-wrapper(...), alignText='center', alignVert=method-wrapper(...), anchorHoriz='center', anchorVert='center', antialias=True, autoLog=True, bold=False, color='white', colorSpace='named', contrast=1.0, depth=-3.0, flipHoriz=False, flipVert=False, font='Arial', fontFiles=[], height=0.04, italic=False, languageStyle='LTR', name='WelcomContinue', opacity=1.0, ori=0, pos=array([ 0. , -0.4]), rgb=array([255., 255., 255.]), text='Press SPACE to continue', units='height', win=Window(...), wrapWidth=1)
13.3201 	EXP 	Created VolumeBeginTxt = TextStim(__class__=<class 'psychopy.visual.text.TextStim'>, alignHoriz=method-wrapper(...), alignText='center', alignVert=method-wrapper(...), anchorHoriz='center', anchorVert='center', antialias=True, autoLog=True, bold=False, color='white', colorSpace='named', contrast=1.0, depth=0.0, flipHoriz=False, flipVert=False, font='Arial', fontFiles=[], height=0.04, italic=False, languageStyle='LTR', name='VolumeBeginTxt', opacity=1.0, ori=0, pos=array([0., 0.]), rgb=array([255., 255., 255.]), text=str(...), units='height', win=Window(...), wrapWidth=1)
13.3283 	EXP 	Created text = TextStim(__class__=<class 'psychopy.visual.text.TextStim'>, alignHoriz=method-wrapper(...), alignText='center', alignVert=method-wrapper(...), anchorHoriz='center', anchorVert='center', antialias=True, autoLog=True, bold=False, color='white', colorSpace='named', contrast=1.0, depth=0.0, flipHoriz=False, flipVert=False, font='Arial', fontFiles=[], height=0.04, italic=False, languageStyle='LTR', name='text', opacity=1.0, ori=0, pos=array([0., 0.]), rgb=array([255., 255., 255.]), text=str(...), units='height', win=Window(...), wrapWidth=1)
13.4662 	EXP 	Sound Music set volume 0.300
13.4732 	EXP 	Created AdjustContinue = TextStim(__class__=<class 'psychopy.visual.text.TextStim'>, alignHoriz=method-wrapper(...), alignText='center', alignVert=method-wrapper(...), anchorHoriz='center', anchorVert='center', antialias=True, autoLog=True, bold=False, color='white', colorSpace='named', contrast=1.0, depth=-3.0, flipHoriz=False, flipVert=False, font='Arial', fontFiles=[], height=0.04, italic=False, languageStyle='LTR', name='AdjustContinue', opacity=1.0, ori=0, pos=array([ 0. , -0.4]), rgb=array([255., 255., 255.]), text=str(...), units='height', win=Window(...), wrapWidth=1)
13.4985 	EXP 	Created HeadphoneCheckBeing = TextStim(__class__=<class 'psychopy.visual.text.TextStim'>, alignHoriz=method-wrapper(...), alignText='center', alignVert=method-wrapper(...), anchorHoriz='center', anchorVert='center', antialias=True, autoLog=True, bold=False, color='white', colorSpace='named', contrast=1.0, depth=0.0, flipHoriz=False, flipVert=False, font='Arial', fontFiles=[], height=0.04, italic=False, languageStyle='LTR', name='HeadphoneCheckBeing', opacity=1.0, ori=0, pos=array([0., 0.]), rgb=array([255., 255., 255.]), text=str(...), units='height', win=Window(...), wrapWidth=1)
13.5034 	EXP 	Created HeadphoneContinue = TextStim(__class__=<class 'psychopy.visual.text.TextStim'>, alignHoriz=method-wrapper(...), alignText='center', alignVert=method-wrapper(...), anchorHoriz='center', anchorVert='center', antialias=True, autoLog=True, bold=False, color='white', colorSpace='named', contrast=1.0, depth=-1.0, flipHoriz=False, flipVert=False, font='Arial', fontFiles=[], height=0.04, italic=False, languageStyle='LTR', name='HeadphoneContinue', opacity=1.0, ori=0, pos=array([ 0. , -0.4]), rgb=array([255., 255., 255.]), text='Press SPACE to continue', units='height', win=Window(...), wrapWidth=1)
13.5466 	EXP 	Created text_3 = TextStim(__class__=<class 'psychopy.visual.text.TextStim'>, alignHoriz=method-wrapper(...), alignText='center', alignVert=method-wrapper(...), anchorHoriz='center', anchorVert='center', antialias=True, autoLog=True, bold=False, color='white', colorSpace='named', contrast=1.0, depth=0.0, flipHoriz=False, flipVert=False, font='Arial', fontFiles=[], height=0.04, italic=False, languageStyle='LTR', name='text_3', opacity=1.0, ori=0, pos=array([0., 0.]), rgb=array([255., 255., 255.]), text=str(...), units='height', win=Window(...), wrapWidth=1)
13.5507 	EXP 	Created text_4 = TextStim(__class__=<class 'psychopy.visual.text.TextStim'>, alignHoriz=method-wrapper(...), alignText='center', alignVert=method-wrapper(...), anchorHoriz='center', anchorVert='center', antialias=True, autoLog=True, bold=False, color='white', colorSpace='named', contrast=1.0, depth=-1.0, flipHoriz=False, flipVert=False, font='Arial', fontFiles=[], height=0.04, italic=False, languageStyle='LTR', name='text_4', opacity=1.0, ori=0, pos=array([ 0. , -0.4]), rgb=array([255., 255., 255.]), text='Press SPACE to continue', units='height', win=Window(...), wrapWidth=1)
13.5718 	EXP 	Created text_5 = TextStim(__class__=<class 'psychopy.visual.text.TextStim'>, alignHoriz=method-wrapper(...), alignText='center', alignVert=method-wrapper(...), anchorHoriz='center', anchorVert='center', antialias=True, autoLog=True, bold=False, color='white', colorSpace='named', contrast=1.0, depth=0.0, flipHoriz=False, flipVert=False, font='Arial', fontFiles=[], height=0.04, italic=False, languageStyle='LTR', name='text_5', opacity=1.0, ori=0, pos=array([0., 0.]), rgb=array([255., 255., 255.]), text=str(...), units='height', win=Window(...), wrapWidth=1)
13.5760 	EXP 	Created text_6 = TextStim(__class__=<class 'psychopy.visual.text.TextStim'>, alignHoriz=method-wrapper(...), alignText='center', alignVert=method-wrapper(...), anchorHoriz='center', anchorVert='center', antialias=True, autoLog=True, bold=False, color='white', colorSpace='named', contrast=1.0, depth=-1.0, flipHoriz=False, flipVert=False, font='Arial', fontFiles=[], height=0.04, italic=False, languageStyle='LTR', name='text_6', opacity=1.0, ori=0, pos=array([ 0. , -0.4]), rgb=array([255., 255., 255.]), text='Press SPACE to continue', units='height', win=Window(...), wrapWidth=1)
13.5905 	EXP 	Created InstructionTxt2 = TextStim(__class__=<class 'psychopy.visual.text.TextStim'>, alignHoriz=method-wrapper(...), alignText='center', alignVert=method-wrapper(...), anchorHoriz='center', anchorVert='center', antialias=True, autoLog=True, bold=False, color='white', colorSpace='named', contrast=1.0, depth=0.0, flipHoriz=False, flipVert=False, font='Arial', fontFiles=[], height=0.04, italic=False, languageStyle='LTR', name='InstructionTxt2', opacity=1.0, ori=0, pos=array([0., 0.]), rgb=array([255., 255., 255.]), text=str(...), units='height', win=Window(...), wrapWidth=1)
13.5960 	EXP 	Created WelcomeContinue2 = TextStim(__class__=<class 'psychopy.visual.text.TextStim'>, alignHoriz=method-wrapper(...), alignText='center', alignVert=method-wrapper(...), anchorHoriz='center', anchorVert='center', antialias=True, autoLog=True, bold=False, color='white', colorSpace='named', contrast=1.0, depth=-1.0, flipHoriz=False, flipVert=False, font='Arial', fontFiles=[], height=0.04, italic=False, languageStyle='LTR', name='WelcomeContinue2', opacity=1.0, ori=0, pos=array([ 0. , -0.4]), rgb=array([255., 255., 255.]), text='Press SPACE to begin practice\n', units='height', win=Window(...), wrapWidth=1)
13.5995 	EXP 	Created TrialNumber = TextStim(__class__=<class 'psychopy.visual.text.TextStim'>, alignHoriz=method-wrapper(...), alignText='center', alignVert=method-wrapper(...), anchorHoriz='center', anchorVert='center', antialias=True, autoLog=True, bold=False, color='white', colorSpace='named', contrast=1.0, depth=0.0, flipHoriz=False, flipVert=False, font='Arial', fontFiles=[], height=0.04, italic=False, languageStyle='LTR', name='TrialNumber', opacity=1.0, ori=0, pos=array([0. , 0.3]), rgb=array([255., 255., 255.]), text='default text', units='height', win=Window(...), wrapWidth=1)
13.5996 	EXP 	Sound PracticeSound set volume 1.000
13.6169 	EXP 	Created PracticeCross = TextStim(__class__=<class 'psychopy.visual.text.TextStim'>, alignHoriz=method-wrapper(...), alignText='center', alignVert=method-wrapper(...), anchorHoriz='center', anchorVert='center', antialias=True, autoLog=True, bold=False, color='white', colorSpace='named', contrast=1.0, depth=-2.0, flipHoriz=False, flipVert=False, font='Arial', fontFiles=[], height=0.1, italic=False, languageStyle='LTR', name='PracticeCross', opacity=1.0, ori=0, pos=array([0., 0.]), rgb=array([255., 255., 255.]), text='+', units='height', win=Window(...), wrapWidth=1)
13.6201 	EXP 	Created PracticeMssg = TextStim(__class__=<class 'psychopy.visual.text.TextStim'>, alignHoriz=method-wrapper(...), alignText='center', alignVert=method-wrapper(...), anchorHoriz='center', anchorVert='center', antialias=True, autoLog=True, bold=False, color='white', colorSpace='named', contrast=1.0, depth=-2.0, flipHoriz=False, flipVert=False, font='Arial', fontFiles=[], height=0.04, italic=False, languageStyle='LTR', name='PracticeMssg', opacity=1.0, ori=0, pos=array([0. , 0.2]), rgb=array([255., 255., 255.]), text='default text', units='height', win=Window(...), wrapWidth=1)
13.6216 	EXP 	Created FeedbackCross = TextStim(__class__=<class 'psychopy.visual.text.TextStim'>, alignHoriz=method-wrapper(...), alignText='center', alignVert=method-wrapper(...), anchorHoriz='center', anchorVert='center', antialias=True, autoLog=True, bold=False, color='white', colorSpace='named', contrast=1.0, depth=-3.0, flipHoriz=False, flipVert=False, font='Arial', fontFiles=[], height=0.1, italic=False, languageStyle='LTR', name='FeedbackCross', opacity=1.0, ori=0, pos=array([0., 0.]), rgb=array([255., 255., 255.]), text='+', units='height', win=Window(...), wrapWidth=1)
13.6271 	EXP 	Created Continue = TextStim(__class__=<class 'psychopy.visual.text.TextStim'>, alignHoriz=method-wrapper(...), alignText='center', alignVert=method-wrapper(...), anchorHoriz='center', anchorVert='center', antialias=True, autoLog=True, bold=False, color='white', colorSpace='named', contrast=1.0, depth=-4.0, flipHoriz=False, flipVert=False, font='Arial', fontFiles=[], height=0.04, italic=False, languageStyle='LTR', name='Continue', opacity=1.0, ori=0, pos=array([ 0. , -0.4]), rgb=array([255., 255., 255.]), text='Press the correct number on your keyboard', units='height', win=Window(...), wrapWidth=1)
13.6383 	EXP 	Created Options = TextStim(__class__=<class 'psychopy.visual.text.TextStim'>, alignHoriz=method-wrapper(...), alignText='center', alignVert=method-wrapper(...), anchorHoriz='center', anchorVert='center', antialias=True, autoLog=True, bold=False, color='white', colorSpace='named', contrast=1.0, depth=-5.0, flipHoriz=False, flipVert=False, font='Arial', fontFiles=[], height=0.04, italic=False, languageStyle='LTR', name='Options', opacity=1.0, ori=0, pos=array([ 0. , -0.2]), rgb=array([255., 255., 255.]), text='1 = REPEAT\n2 = SIMILAR\n3 = NEW', units='height', win=Window(...), wrapWidth=1)
13.6419 	EXP 	Created FeedbackMssg = TextStim(__class__=<class 'psychopy.visual.text.TextStim'>, alignHoriz=method-wrapper(...), alignText='center', alignVert=method-wrapper(...), anchorHoriz='center', anchorVert='center', antialias=True, autoLog=True, bold=False, color='white', colorSpace='named', contrast=1.0, depth=0.0, flipHoriz=False, flipVert=False, font='Arial', fontFiles=[], height=0.04, italic=False, languageStyle='LTR', name='FeedbackMssg', opacity=1.0, ori=0, pos=array([0., 0.]), rgb=array([255., 255., 255.]), text='default text', units='height', win=Window(...), wrapWidth=1)
13.6618 	EXP 	Created StartTxt = TextStim(__class__=<class 'psychopy.visual.text.TextStim'>, alignHoriz=method-wrapper(...), alignText='center', alignVert=method-wrapper(...), anchorHoriz='center', anchorVert='center', antialias=True, autoLog=True, bold=False, color='white', colorSpace='named', contrast=1.0, depth=0.0, flipHoriz=False, flipVert=False, font='Arial', fontFiles=[], height=0.04, italic=False, languageStyle='LTR', name='StartTxt', opacity=1.0, ori=0, pos=array([0., 0.]), rgb=array([255., 255., 255.]), text=str(...), units='height', win=Window(...), wrapWidth=1)
13.6666 	EXP 	Created ContinueStart = TextStim(__class__=<class 'psychopy.visual.text.TextStim'>, alignHoriz=method-wrapper(...), alignText='center', alignVert=method-wrapper(...), anchorHoriz='center', anchorVert='center', antialias=True, autoLog=True, bold=False, color='white', colorSpace='named', contrast=1.0, depth=-2.0, flipHoriz=False, flipVert=False, font='Arial', fontFiles=[], height=0.04, italic=False, languageStyle='LTR', name='ContinueStart', opacity=1.0, ori=0, pos=array([ 0. , -0.4]), rgb=array([255., 255., 255.]), text='Press SPACE to begin the task', units='height', win=Window(...), wrapWidth=1)
13.6682 	EXP 	Created no_3 = TextStim(__class__=<class 'psychopy.visual.text.TextStim'>, alignHoriz=method-wrapper(...), alignText='center', alignVert=method-wrapper(...), anchorHoriz='center', anchorVert='center', antialias=True, autoLog=True, bold=False, color='white', colorSpace='named', contrast=1.0, depth=-1.0, flipHoriz=False, flipVert=False, font='Arial', fontFiles=[], height=0.1, italic=False, languageStyle='LTR', name='no_3', opacity=1.0, ori=0, pos=array([0., 0.]), rgb=array([255., 255., 255.]), text='+', units='height', win=Window(...), wrapWidth=1)
13.6683 	EXP 	Sound TargetSound set volume 1.000
13.6697 	EXP 	Created Cross = TextStim(__class__=<class 'psychopy.visual.text.TextStim'>, alignHoriz=method-wrapper(...), alignText='center', alignVert=method-wrapper(...), anchorHoriz='center', anchorVert='center', antialias=True, autoLog=True, bold=False, color='white', colorSpace='named', contrast=1.0, depth=-1.0, flipHoriz=False, flipVert=False, font='Arial', fontFiles=[], height=0.1, italic=False, languageStyle='LTR', name='Cross', opacity=1.0, ori=0, pos=array([0., 0.]), rgb=array([255., 255., 255.]), text='+', units='height', win=Window(...), wrapWidth=1)
13.6732 	EXP 	Created ItemNumber = TextStim(__class__=<class 'psychopy.visual.text.TextStim'>, alignHoriz=method-wrapper(...), alignText='center', alignVert=method-wrapper(...), anchorHoriz='center', anchorVert='center', antialias=True, autoLog=True, bold=False, color='white', colorSpace='named', contrast=1.0, depth=-2.0, flipHoriz=False, flipVert=False, font='Arial', fontFiles=[], height=0.04, italic=False, languageStyle='LTR', name='ItemNumber', opacity=1.0, ori=0, pos=array([0. , 0.3]), rgb=array([255., 255., 255.]), text='default text', units='height', win=Window(...), wrapWidth=1)
13.6835 	EXP 	Created text_2 = TextStim(__class__=<class 'psychopy.visual.text.TextStim'>, alignHoriz=method-wrapper(...), alignText='center', alignVert=method-wrapper(...), anchorHoriz='center', anchorVert='center', antialias=True, autoLog=True, bold=False, color='white', colorSpace='named', contrast=1.0, depth=0.0, flipHoriz=False, flipVert=False, font='Arial', fontFiles=[], height=0.04, italic=False, languageStyle='LTR', name='text_2', opacity=1.0, ori=0, pos=array([0., 0.]), rgb=array([255., 255., 255.]), text=str(...), units='height', win=Window(...), wrapWidth=1)
13.6930 	EXP 	Created ThankyouMssg = TextStim(__class__=<class 'psychopy.visual.text.TextStim'>, alignHoriz=method-wrapper(...), alignText='center', alignVert=method-wrapper(...), anchorHoriz='center', anchorVert='center', antialias=True, autoLog=True, bold=False, color='white', colorSpace='named', contrast=1.0, depth=0.0, flipHoriz=False, flipVert=False, font='Arial', fontFiles=[], height=0.04, italic=False, languageStyle='LTR', name='ThankyouMssg', opacity=1.0, ori=0, pos=array([0. , 0.2]), rgb=array([255., 255., 255.]), text=str(...), units='height', win=Window(...), wrapWidth=1)
13.7695 	EXP 	Created ExitTxt = TextStim(__class__=<class 'psychopy.visual.text.TextStim'>, alignHoriz=method-wrapper(...), alignText='center', alignVert=method-wrapper(...), anchorHoriz='center', anchorVert='center', antialias=True, autoLog=True, bold=False, color='white', colorSpace='named', contrast=1.0, depth=-2.0, flipHoriz=False, flipVert=False, font='Arial', fontFiles=[], height=0.04, italic=False, languageStyle='LTR', name='ExitTxt', opacity=1.0, ori=0, pos=array([ 0. , -0.4]), rgb=array([255., 255., 255.]), text='Press SPACE to exit the study', units='height', win=Window(...), wrapWidth=1)
13.7793 	EXP 	Created CodeTxt = TextStim(__class__=<class 'psychopy.visual.text.TextStim'>, alignHoriz=method-wrapper(...), alignText='center', alignVert=method-wrapper(...), anchorHoriz='center', anchorVert='center', antialias=True, autoLog=True, bold=False, color='white', colorSpace='named', contrast=1.0, depth=-4.0, flipHoriz=False, flipVert=False, font='Arial', fontFiles=[], height=0.04, italic=False, languageStyle='LTR', name='CodeTxt', opacity=1.0, ori=0, pos=array([ 0.  , -0.22]), rgb=array([255., 255., 255.]), text=str(...), units='height', win=Window(...), wrapWidth=1)
13.8197 	EXP 	CompletionCode: autoLog = True
13.8197 	EXP 	InstructionTxt: autoDraw = True
13.8197 	EXP 	WelcomContinue: autoDraw = True
14.8837 	DATA 	Keypress: space
14.9082 	EXP 	InstructionTxt: autoDraw = False
14.9082 	EXP 	WelcomContinue: autoDraw = False
14.9082 	EXP 	VolumeBeginTxt: autoDraw = True
15.6855 	DATA 	Keypress: space
15.7458 	EXP 	VolumeBeginTxt: autoDraw = False
15.7458 	EXP 	text: autoDraw = True
15.7458 	EXP 	AdjustContinue: autoDraw = True
16.2332 	DATA 	Keypress: space
16.7419 	DATA 	Keypress: space
16.7472 	EXP 	text: autoDraw = False
16.7472 	EXP 	AdjustContinue: autoDraw = False
16.7472 	EXP 	HeadphoneCheckBeing: autoDraw = True
16.7472 	EXP 	HeadphoneContinue: autoDraw = True
17.3253 	DATA 	Keypress: space
17.3311 	EXP 	HeadphoneCheckBeing: autoDraw = False
17.3311 	EXP 	HeadphoneContinue: autoDraw = False
17.3311 	EXP 	text_3: autoDraw = True
17.3311 	EXP 	text_4: autoDraw = True
17.7166 	DATA 	Keypress: space
17.7456 	EXP 	text_3: autoDraw = False
17.7456 	EXP 	text_4: autoDraw = False
17.7456 	EXP 	text_5: autoDraw = True
17.7456 	EXP 	text_6: autoDraw = True
20.3490 	DATA 	Keypress: space
20.3575 	EXP 	text_5: autoDraw = False
20.3575 	EXP 	text_6: autoDraw = False
20.3575 	EXP 	InstructionTxt2: autoDraw = True
20.3575 	EXP 	WelcomeContinue2: autoDraw = True
20.9765 	EXP 	Imported GuessSounds_conditions.xlsx as conditions, 5 conditions, 5 params
21.0114 	EXP 	Created sequence: sequential, trialTypes=5, nReps=1, seed=None
21.0128 	EXP 	New trial (rep=0, index=0): OrderedDict([('SoundFile', 'Practice/Seagull_A.wav'), ('SoundCorrect', 2), ('Correct2', 3), ('SoundType', 'NEW'), ('Trial', 'Practice')])
21.1766 	DATA 	Keypress: space
21.1808 	EXP 	InstructionTxt2: autoDraw = False
21.1808 	EXP 	WelcomeContinue2: autoDraw = False
21.1808 	EXP 	TrialNumber: text = 'Trial 1'
21.1808 	EXP 	TrialNumber: autoDraw = True
21.1808 	EXP 	PracticeCross: autoDraw = True
23.4408 	EXP 	TrialNumber: autoDraw = False
23.4408 	EXP 	PracticeCross: autoDraw = False
23.5041 	EXP 	TrialNumber: autoDraw = False
23.5041 	EXP 	PracticeCross: autoDraw = False
23.5041 	EXP 	PracticeMssg: text = 'This is a NEW sound. \nThis sound has never been played before.'
23.5041 	EXP 	PracticeMssg: autoDraw = True
23.5041 	EXP 	FeedbackCross: autoDraw = True
23.5041 	EXP 	Continue: autoDraw = True
23.5041 	EXP 	Options: autoDraw = True
24.7045 	DATA 	Keypress: 3
24.7260 	EXP 	PracticeMssg: autoDraw = False
24.7260 	EXP 	FeedbackCross: autoDraw = False
24.7260 	EXP 	Continue: autoDraw = False
24.7260 	EXP 	Options: autoDraw = False
24.7260 	EXP 	FeedbackMssg: text = 'CORRECT'
24.7260 	EXP 	FeedbackMssg: autoDraw = True
25.7267 	EXP 	New trial (rep=0, index=1): OrderedDict([('SoundFile', 'Practice/Skid_B.wav'), ('SoundCorrect', 2), ('Correct2', 3), ('SoundType', 'NEW'), ('Trial', 'Practice')])
25.7931 	EXP 	FeedbackMssg: autoDraw = False
25.7931 	EXP 	TrialNumber: text = 'Trial 2'
25.7931 	EXP 	TrialNumber: autoDraw = True
25.7931 	EXP 	PracticeCross: autoDraw = True
27.9121 	EXP 	TrialNumber: autoDraw = False
27.9121 	EXP 	PracticeCross: autoDraw = False
27.9121 	EXP 	TrialNumber: autoDraw = False
27.9121 	EXP 	PracticeCross: autoDraw = False
27.9121 	EXP 	PracticeMssg: text = 'This is a NEW sound. \nThis sound has never been played before.'
27.9121 	EXP 	PracticeMssg: autoDraw = True
27.9121 	EXP 	FeedbackCross: autoDraw = True
27.9121 	EXP 	Continue: autoDraw = True
27.9121 	EXP 	Options: autoDraw = True
28.5308 	DATA 	Keypress: 3
28.5573 	EXP 	PracticeMssg: autoDraw = False
28.5573 	EXP 	FeedbackCross: autoDraw = False
28.5573 	EXP 	Continue: autoDraw = False
28.5573 	EXP 	Options: autoDraw = False
28.5573 	EXP 	FeedbackMssg: text = 'CORRECT'
28.5573 	EXP 	FeedbackMssg: autoDraw = True
29.5447 	EXP 	New trial (rep=0, index=2): OrderedDict([('SoundFile', 'Practice/Seagull_A.wav'), ('SoundCorrect', 1), ('Correct2', 1), ('SoundType', 'OLD'), ('Trial', 'Practice')])
29.5721 	EXP 	FeedbackMssg: autoDraw = False
29.5721 	EXP 	FeedbackMssg: autoDraw = False
29.5721 	EXP 	TrialNumber: text = 'Trial 3'
29.5721 	EXP 	TrialNumber: autoDraw = True
29.5721 	EXP 	PracticeCross: autoDraw = True
31.8406 	EXP 	TrialNumber: autoDraw = False
31.8406 	EXP 	PracticeCross: autoDraw = False
31.8879 	EXP 	TrialNumber: autoDraw = False
31.8879 	EXP 	PracticeCross: autoDraw = False
31.8879 	EXP 	PracticeMssg: text = 'This is a REPEAT sound. \nThe exact same sound has been played previously.'
31.8879 	EXP 	PracticeMssg: autoDraw = True
31.8879 	EXP 	FeedbackCross: autoDraw = True
31.8879 	EXP 	Continue: autoDraw = True
31.8879 	EXP 	Options: autoDraw = True
32.5829 	DATA 	Keypress: 3
32.5875 	EXP 	PracticeMssg: autoDraw = False
32.5875 	EXP 	FeedbackCross: autoDraw = False
32.5875 	EXP 	Continue: autoDraw = False
32.5875 	EXP 	Options: autoDraw = False
32.5875 	EXP 	FeedbackMssg: text = 'INCORRECT'
32.5875 	EXP 	FeedbackMssg: autoDraw = True
33.5760 	EXP 	New trial (rep=0, index=3): OrderedDict([('SoundFile', 'Practice/Gargle_A.wav'), ('SoundCorrect', 2), ('Correct2', 3), ('SoundType', 'NEW'), ('Trial', 'Practice')])
33.6381 	EXP 	FeedbackMssg: autoDraw = False
33.6381 	EXP 	TrialNumber: text = 'Trial 4'
33.6381 	EXP 	TrialNumber: autoDraw = True
33.6381 	EXP 	PracticeCross: autoDraw = True
35.9298 	EXP 	TrialNumber: autoDraw = False
35.9298 	EXP 	PracticeCross: autoDraw = False
35.9298 	EXP 	TrialNumber: autoDraw = False
35.9298 	EXP 	PracticeCross: autoDraw = False
35.9298 	EXP 	PracticeMssg: text = 'This is a NEW sound. \nThis sound has never been played before.'
35.9298 	EXP 	PracticeMssg: autoDraw = True
35.9298 	EXP 	FeedbackCross: autoDraw = True
35.9298 	EXP 	Continue: autoDraw = True
35.9298 	EXP 	Options: autoDraw = True
36.6396 	DATA 	Keypress: 3
36.6439 	EXP 	PracticeMssg: autoDraw = False
36.6439 	EXP 	FeedbackCross: autoDraw = False
36.6439 	EXP 	Continue: autoDraw = False
36.6439 	EXP 	Options: autoDraw = False
36.6439 	EXP 	FeedbackMssg: text = 'CORRECT'
36.6439 	EXP 	FeedbackMssg: autoDraw = True
37.6259 	EXP 	New trial (rep=0, index=4): OrderedDict([('SoundFile', 'Practice/Gargle_B.wav'), ('SoundCorrect', 2), ('Correct2', 2), ('SoundType', 'SIMILAR'), ('Trial', 'Practice')])
37.6947 	EXP 	FeedbackMssg: autoDraw = False
37.6947 	EXP 	TrialNumber: text = 'Trial 5'
37.6947 	EXP 	TrialNumber: autoDraw = True
37.6947 	EXP 	PracticeCross: autoDraw = True
39.7757 	EXP 	TrialNumber: autoDraw = False
39.7757 	EXP 	PracticeCross: autoDraw = False
39.7757 	EXP 	TrialNumber: autoDraw = False
39.7757 	EXP 	PracticeCross: autoDraw = False
39.7757 	EXP 	PracticeMssg: text = 'This is a SIMILAR sound. \nThis sound is similar but not identical to a previously played sound.'
39.7757 	EXP 	PracticeMssg: autoDraw = True
39.7757 	EXP 	FeedbackCross: autoDraw = True
39.7757 	EXP 	Continue: autoDraw = True
39.7757 	EXP 	Options: autoDraw = True
40.1170 	DATA 	Keypress: 3
40.1536 	EXP 	PracticeMssg: autoDraw = False
40.1536 	EXP 	FeedbackCross: autoDraw = False
40.1536 	EXP 	Continue: autoDraw = False
40.1536 	EXP 	Options: autoDraw = False
40.1536 	EXP 	FeedbackMssg: text = 'INCORRECT'
40.1536 	EXP 	FeedbackMssg: autoDraw = True
41.1581 	EXP 	FeedbackMssg: autoDraw = False
41.1581 	EXP 	StartTxt: autoDraw = True
41.1581 	EXP 	ContinueStart: autoDraw = True
42.2489 	DATA 	Keypress: space
42.6391 	EXP 	window1: mouseVisible = True
