1.0837 	WARNING 	We strongly recommend you activate the PTB sound engine in PsychoPy prefs as the preferred audio engine. Its timing is vastly superior. Your prefs are currently set to use ['sounddevice', 'PTB', 'pyo', 'pygame'] (in that order).
11.3805 	WARNING 	User requested fullscreen with size [1024  768], but screen is actually [2256, 1504]. Using actual size
13.2025 	EXP 	Created window1 = Window(allowGUI=False, allowStencil=False, args=UNKNOWN, autoLog=True, bitsMode=UNKNOWN, blendMode='avg', bpc=(8, 8, 8), color=array([0., 0., 0.]), colorSpace='rgb', depthBits=8, fullscr=<method-wrapper '__getattribute__' of attributeSetter object at 0x000002459E413240>, gamma=None, gammaErrorPolicy='raise', kwargs=UNKNOWN, lms=UNKNOWN, monitor=<psychopy.monitors.calibTools.Monitor object at 0x000002459E21A940>, multiSample=False, name='window1', numSamples=2, pos=[0.0, 0.0], screen=0, size=array([2256, 1504]), stencilBits=0, stereo=False, units='height', useFBO=True, useRetina=False, viewOri=0.0, viewPos=None, viewScale=None, waitBlanking=True, winType='pyglet')
13.2032 	EXP 	window1: mouseVisible = True
13.2032 	EXP 	window1: recordFrameIntervals = False
13.3676 	EXP 	window1: recordFrameIntervals = True
13.5515 	EXP 	window1: recordFrameIntervals = False
13.9150 	EXP 	Created InstructionTxt = TextStim(__class__=<class 'psychopy.visual.text.TextStim'>, alignHoriz=method-wrapper(...), alignText='center', alignVert=method-wrapper(...), anchorHoriz='center', anchorVert='center', antialias=True, autoLog=True, bold=False, color='white', colorSpace='named', contrast=1.0, depth=0.0, flipHoriz=False, flipVert=False, font='Arial', fontFiles=[], height=0.04, italic=False, languageStyle='LTR', name='InstructionTxt', opacity=1.0, ori=0, pos=array([0., 0.]), rgb=array([255., 255., 255.]), text=str(...), units='height', win=Window(...), wrapWidth=1)
13.9260 	EXP 	Created text = TextStim(__class__=<class 'psychopy.visual.text.TextStim'>, alignHoriz=method-wrapper(...), alignText='center', alignVert=method-wrapper(...), anchorHoriz='center', anchorVert='center', antialias=True, autoLog=True, bold=False, color='white', colorSpace='named', contrast=1.0, depth=0.0, flipHoriz=False, flipVert=False, font='Arial', fontFiles=[], height=0.04, italic=False, languageStyle='LTR', name='text', opacity=1.0, ori=0, pos=array([0., 0.]), rgb=array([255., 255., 255.]), text=str(...), units='height', win=Window(...), wrapWidth=1)
14.0862 	EXP 	Sound Music set volume 0.300
14.0995 	EXP 	Created StartTxt = TextStim(__class__=<class 'psychopy.visual.text.TextStim'>, alignHoriz=method-wrapper(...), alignText='center', alignVert=method-wrapper(...), anchorHoriz='center', anchorVert='center', antialias=True, autoLog=True, bold=False, color='white', colorSpace='named', contrast=1.0, depth=0.0, flipHoriz=False, flipVert=False, font='Arial', fontFiles=[], height=0.04, italic=False, languageStyle='LTR', name='StartTxt', opacity=1.0, ori=0, pos=array([0., 0.]), rgb=array([255., 255., 255.]), text='We will now begin the task', units='height', win=Window(...), wrapWidth=1)
14.1231 	EXP 	Created no3 = TextStim(__class__=<class 'psychopy.visual.text.TextStim'>, alignHoriz=method-wrapper(...), alignText='center', alignVert=method-wrapper(...), anchorHoriz='center', anchorVert='center', antialias=True, autoLog=True, bold=False, color='white', colorSpace='named', contrast=1.0, depth=0.0, flipHoriz=False, flipVert=False, font='Arial', fontFiles=[], height=0.05, italic=False, languageStyle='LTR', name='no3', opacity=1.0, ori=0, pos=array([0., 0.]), rgb=array([255., 255., 255.]), text='3', units='height', win=Window(...), wrapWidth=1)
14.1303 	EXP 	Created no2 = TextStim(__class__=<class 'psychopy.visual.text.TextStim'>, alignHoriz=method-wrapper(...), alignText='center', alignVert=method-wrapper(...), anchorHoriz='center', anchorVert='center', antialias=True, autoLog=True, bold=False, color='white', colorSpace='named', contrast=1.0, depth=0.0, flipHoriz=False, flipVert=False, font='Arial', fontFiles=[], height=0.05, italic=False, languageStyle='LTR', name='no2', opacity=1.0, ori=0, pos=array([0., 0.]), rgb=array([255., 255., 255.]), text='2', units='height', win=Window(...), wrapWidth=1)
14.1376 	EXP 	Created no1 = TextStim(__class__=<class 'psychopy.visual.text.TextStim'>, alignHoriz=method-wrapper(...), alignText='center', alignVert=method-wrapper(...), anchorHoriz='center', anchorVert='center', antialias=True, autoLog=True, bold=False, color='white', colorSpace='named', contrast=1.0, depth=0.0, flipHoriz=False, flipVert=False, font='Arial', fontFiles=[], height=0.05, italic=False, languageStyle='LTR', name='no1', opacity=1.0, ori=0, pos=array([0., 0.]), rgb=array([255., 255., 255.]), text='1', units='height', win=Window(...), wrapWidth=1)
14.1466 	EXP 	Created Question = TextStim(__class__=<class 'psychopy.visual.text.TextStim'>, alignHoriz=method-wrapper(...), alignText='center', alignVert=method-wrapper(...), anchorHoriz='center', anchorVert='center', antialias=True, autoLog=True, bold=False, color='white', colorSpace='named', contrast=1.0, depth=0.0, flipHoriz=False, flipVert=False, font='Arial', fontFiles=[], height=0.04, italic=False, languageStyle='LTR', name='Question', opacity=1.0, ori=0, pos=array([0., 0.]), rgb=array([255., 255., 255.]), text='What is this sound?\n', units='height', win=Window(...), wrapWidth=1)
14.1946 	EXP 	window1: mouseVisible = True
14.2171 	EXP 	Created ClickTheButton = TextStim(__class__=<class 'psychopy.visual.text.TextStim'>, alignHoriz=method-wrapper(...), alignText='center', alignVert=method-wrapper(...), anchorHoriz='center', anchorVert='center', antialias=True, autoLog=True, bold=False, color='white', colorSpace='named', contrast=1.0, depth=-3.0, flipHoriz=False, flipVert=False, font='Arial', fontFiles=[], height=0.025, italic=False, languageStyle='LTR', name='ClickTheButton', opacity=1.0, ori=0, pos=array([ 0.  , -0.03]), rgb=array([255., 255., 255.]), text="Click 'Submit' to continue.", units='height', win=Window(...), wrapWidth=1)
14.2171 	EXP 	Sound SoundItem set volume 1.000
14.2272 	EXP 	Created ItemNo = TextStim(__class__=<class 'psychopy.visual.text.TextStim'>, alignHoriz=method-wrapper(...), alignText='center', alignVert=method-wrapper(...), anchorHoriz='center', anchorVert='center', antialias=True, autoLog=True, bold=False, color='white', colorSpace='named', contrast=1.0, depth=-5.0, flipHoriz=False, flipVert=False, font='Arial', fontFiles=[], height=0.04, italic=False, languageStyle='LTR', name='ItemNo', opacity=1.0, ori=0, pos=array([0.  , 0.45]), rgb=array([255., 255., 255.]), text='default text', units='height', win=Window(...), wrapWidth=1)
14.2729 	EXP 	Created ThankyouMssg = TextStim(__class__=<class 'psychopy.visual.text.TextStim'>, alignHoriz=method-wrapper(...), alignText='center', alignVert=method-wrapper(...), anchorHoriz='center', anchorVert='center', antialias=True, autoLog=True, bold=False, color='white', colorSpace='named', contrast=1.0, depth=0.0, flipHoriz=False, flipVert=False, font='Arial', fontFiles=[], height=0.04, italic=False, languageStyle='LTR', name='ThankyouMssg', opacity=1.0, ori=0, pos=array([0., 0.]), rgb=array([255., 255., 255.]), text=str(...), units='height', win=Window(...), wrapWidth=1)
14.3046 	EXP 	ResponseBox: autoLog = True
14.3046 	EXP 	Submit: autoLog = True
14.3046 	EXP 	InstructionTxt: autoDraw = True
18.4761 	DATA 	Keypress: space
18.4853 	EXP 	ResponseBox: text = 'default text '
18.5449 	EXP 	InstructionTxt: autoDraw = False
18.5449 	EXP 	text: autoDraw = True
19.3453 	DATA 	Keypress: space
19.3511 	EXP 	text: autoDraw = False
19.3511 	EXP 	StartTxt: autoDraw = True
19.3511 	EXP 	ResponseBox: text = 'default text  '
21.4241 	EXP 	Imported GuessSounds_conditions.xlsx as conditions, 100 conditions, 2 params
21.4247 	EXP 	Created sequence: random, trialTypes=100, nReps=1, seed=None
21.4250 	EXP 	New trial (rep=0, index=0): OrderedDict([('SoundFiles', 'Initial/NoRepeat/Fireworks.wav'), ('Type', 'NoRepeat')])
21.4319 	EXP 	StartTxt: autoDraw = False
21.4319 	EXP 	StartTxt: autoDraw = False
21.4319 	EXP 	no3: autoDraw = True
22.3675 	EXP 	no3: autoDraw = False
22.3675 	EXP 	no2: autoDraw = True
23.3674 	EXP 	no2: autoDraw = False
23.3674 	EXP 	no1: autoDraw = True
24.4201 	EXP 	no1: autoDraw = False
24.4201 	EXP 	ResponseBox: text = '\n\n'
24.4201 	EXP 	ItemNo: text = '1/60'
24.4201 	EXP 	Question: autoDraw = True
24.4201 	EXP 	ResponseBox: autoDraw = True
24.4201 	EXP 	ClickTheButton: autoDraw = True
24.4201 	EXP 	ItemNo: autoDraw = True
24.4201 	EXP 	Submit: autoDraw = True
26.9715 	DATA 	Mouse: Left button down, pos=(1106,183)
26.9983 	EXP 	New trial (rep=0, index=1): OrderedDict([('SoundFiles', 'Initial/Doubled/Guitar_A.wav'), ('Type', 'Extra')])
27.0073 	EXP 	Question: autoDraw = False
27.0073 	EXP 	ResponseBox: autoDraw = False
27.0073 	EXP 	ClickTheButton: autoDraw = False
27.0073 	EXP 	ItemNo: autoDraw = False
27.0073 	EXP 	Submit: autoDraw = False
27.0073 	EXP 	ResponseBox: text = 'default text'
27.0073 	EXP 	no3: autoDraw = True
27.2055 	DATA 	Mouse:  Left button up, pos=(1106,183)
28.0174 	EXP 	no3: autoDraw = False
28.0174 	EXP 	no2: autoDraw = True
29.0175 	EXP 	no2: autoDraw = False
29.0175 	EXP 	no1: autoDraw = True
30.0609 	EXP 	no1: autoDraw = False
30.0609 	EXP 	ResponseBox: text = '\n\n'
30.0609 	EXP 	ItemNo: text = '2/60'
30.0609 	EXP 	Question: autoDraw = True
30.0609 	EXP 	ResponseBox: autoDraw = True
30.0609 	EXP 	ClickTheButton: autoDraw = True
30.0609 	EXP 	ItemNo: autoDraw = True
30.0609 	EXP 	Submit: autoDraw = True
33.3710 	DATA 	Mouse: Left button down, pos=(1106,183)
33.3919 	EXP 	New trial (rep=0, index=2): OrderedDict([('SoundFiles', 'Initial/NoRepeat/MusicBox_A.wav'), ('Type', 'NoRepeat')])
33.4017 	EXP 	Question: autoDraw = False
33.4017 	EXP 	ResponseBox: autoDraw = False
33.4017 	EXP 	ClickTheButton: autoDraw = False
33.4017 	EXP 	ItemNo: autoDraw = False
33.4017 	EXP 	Submit: autoDraw = False
33.4017 	EXP 	ResponseBox: text = 'default text'
33.4017 	EXP 	no3: autoDraw = True
33.5884 	DATA 	Mouse:  Left button up, pos=(1106,183)
34.4173 	EXP 	no3: autoDraw = False
34.4173 	EXP 	no2: autoDraw = True
35.4173 	EXP 	no2: autoDraw = False
35.4173 	EXP 	no1: autoDraw = True
36.7135 	EXP 	window1: mouseVisible = True
