1.1513 	WARNING 	We strongly recommend you activate the PTB sound engine in PsychoPy prefs as the preferred audio engine. Its timing is vastly superior. Your prefs are currently set to use ['sounddevice', 'PTB', 'pyo', 'pygame'] (in that order).
4.6908 	WARNING 	User requested fullscreen with size [1024  768], but screen is actually [2256, 1504]. Using actual size
6.4688 	EXP 	Created window1 = Window(allowGUI=False, allowStencil=False, args=UNKNOWN, autoLog=True, bitsMode=UNKNOWN, blendMode='avg', bpc=(8, 8, 8), color=array([0., 0., 0.]), colorSpace='rgb', depthBits=8, fullscr=<method-wrapper '__getattribute__' of attributeSetter object at 0x000002D093A1E358>, gamma=None, gammaErrorPolicy='raise', kwargs=UNKNOWN, lms=UNKNOWN, monitor=<psychopy.monitors.calibTools.Monitor object at 0x000002D093A65A58>, multiSample=False, name='window1', numSamples=2, pos=[0.0, 0.0], screen=0, size=array([2256, 1504]), stencilBits=0, stereo=False, units='height', useFBO=True, useRetina=False, viewOri=0.0, viewPos=None, viewScale=None, waitBlanking=True, winType='pyglet')
6.4695 	EXP 	window1: mouseVisible = True
6.4696 	EXP 	window1: recordFrameIntervals = False
6.6337 	EXP 	window1: recordFrameIntervals = True
6.8174 	EXP 	window1: recordFrameIntervals = False
7.1399 	EXP 	Created InstructionTxt = TextStim(__class__=<class 'psychopy.visual.text.TextStim'>, alignHoriz=method-wrapper(...), alignText='center', alignVert=method-wrapper(...), anchorHoriz='center', anchorVert='center', antialias=True, autoLog=True, bold=False, color='white', colorSpace='named', contrast=1.0, depth=0.0, flipHoriz=False, flipVert=False, font='Arial', fontFiles=[], height=0.04, italic=False, languageStyle='LTR', name='InstructionTxt', opacity=1.0, ori=0, pos=array([0., 0.]), rgb=array([255., 255., 255.]), text=str(...), units='height', win=Window(...), wrapWidth=1)
7.1498 	EXP 	Created WelcomContinue = TextStim(__class__=<class 'psychopy.visual.text.TextStim'>, alignHoriz=method-wrapper(...), alignText='center', alignVert=method-wrapper(...), anchorHoriz='center', anchorVert='center', antialias=True, autoLog=True, bold=False, color='white', colorSpace='named', contrast=1.0, depth=-3.0, flipHoriz=False, flipVert=False, font='Arial', fontFiles=[], height=0.04, italic=False, languageStyle='LTR', name='WelcomContinue', opacity=1.0, ori=0, pos=array([ 0. , -0.4]), rgb=array([255., 255., 255.]), text='Press SPACE to continue', units='height', win=Window(...), wrapWidth=1)
7.1674 	EXP 	Created VolumeBeginTxt = TextStim(__class__=<class 'psychopy.visual.text.TextStim'>, alignHoriz=method-wrapper(...), alignText='center', alignVert=method-wrapper(...), anchorHoriz='center', anchorVert='center', antialias=True, autoLog=True, bold=False, color='white', colorSpace='named', contrast=1.0, depth=0.0, flipHoriz=False, flipVert=False, font='Arial', fontFiles=[], height=0.04, italic=False, languageStyle='LTR', name='VolumeBeginTxt', opacity=1.0, ori=0, pos=array([0., 0.]), rgb=array([255., 255., 255.]), text=str(...), units='height', win=Window(...), wrapWidth=1)
7.1748 	EXP 	Created text = TextStim(__class__=<class 'psychopy.visual.text.TextStim'>, alignHoriz=method-wrapper(...), alignText='center', alignVert=method-wrapper(...), anchorHoriz='center', anchorVert='center', antialias=True, autoLog=True, bold=False, color='white', colorSpace='named', contrast=1.0, depth=0.0, flipHoriz=False, flipVert=False, font='Arial', fontFiles=[], height=0.04, italic=False, languageStyle='LTR', name='text', opacity=1.0, ori=0, pos=array([0., 0.]), rgb=array([255., 255., 255.]), text=str(...), units='height', win=Window(...), wrapWidth=1)
7.2890 	EXP 	Sound Music set volume 0.300
7.2957 	EXP 	Created AdjustContinue = TextStim(__class__=<class 'psychopy.visual.text.TextStim'>, alignHoriz=method-wrapper(...), alignText='center', alignVert=method-wrapper(...), anchorHoriz='center', anchorVert='center', antialias=True, autoLog=True, bold=False, color='white', colorSpace='named', contrast=1.0, depth=-3.0, flipHoriz=False, flipVert=False, font='Arial', fontFiles=[], height=0.04, italic=False, languageStyle='LTR', name='AdjustContinue', opacity=1.0, ori=0, pos=array([ 0. , -0.4]), rgb=array([255., 255., 255.]), text=str(...), units='height', win=Window(...), wrapWidth=1)
7.3183 	EXP 	Created HeadphoneCheckBeing = TextStim(__class__=<class 'psychopy.visual.text.TextStim'>, alignHoriz=method-wrapper(...), alignText='center', alignVert=method-wrapper(...), anchorHoriz='center', anchorVert='center', antialias=True, autoLog=True, bold=False, color='white', colorSpace='named', contrast=1.0, depth=0.0, flipHoriz=False, flipVert=False, font='Arial', fontFiles=[], height=0.04, italic=False, languageStyle='LTR', name='HeadphoneCheckBeing', opacity=1.0, ori=0, pos=array([0., 0.]), rgb=array([255., 255., 255.]), text=str(...), units='height', win=Window(...), wrapWidth=1)
7.3225 	EXP 	Created HeadphoneContinue = TextStim(__class__=<class 'psychopy.visual.text.TextStim'>, alignHoriz=method-wrapper(...), alignText='center', alignVert=method-wrapper(...), anchorHoriz='center', anchorVert='center', antialias=True, autoLog=True, bold=False, color='white', colorSpace='named', contrast=1.0, depth=-1.0, flipHoriz=False, flipVert=False, font='Arial', fontFiles=[], height=0.04, italic=False, languageStyle='LTR', name='HeadphoneContinue', opacity=1.0, ori=0, pos=array([ 0. , -0.4]), rgb=array([255., 255., 255.]), text='Press SPACE to continue', units='height', win=Window(...), wrapWidth=1)
7.3226 	EXP 	Sound CheckSound set volume 1.000
7.3412 	EXP 	Created QuestionTxt = TextStim(__class__=<class 'psychopy.visual.text.TextStim'>, alignHoriz=method-wrapper(...), alignText='center', alignVert=method-wrapper(...), anchorHoriz='center', anchorVert='center', antialias=True, autoLog=True, bold=False, color='white', colorSpace='named', contrast=1.0, depth=-2.0, flipHoriz=False, flipVert=False, font='Arial', fontFiles=[], height=0.04, italic=False, languageStyle='LTR', name='QuestionTxt', opacity=1.0, ori=0, pos=array([0., 0.]), rgb=array([255., 255., 255.]), text=str(...), units='height', win=Window(...), wrapWidth=1)
7.3590 	EXP 	Created CheckTrial = TextStim(__class__=<class 'psychopy.visual.text.TextStim'>, alignHoriz=method-wrapper(...), alignText='center', alignVert=method-wrapper(...), anchorHoriz='center', anchorVert='center', antialias=True, autoLog=True, bold=False, color='white', colorSpace='named', contrast=1.0, depth=-3.0, flipHoriz=False, flipVert=False, font='Arial', fontFiles=[], height=0.05, italic=False, languageStyle='LTR', name='CheckTrial', opacity=1.0, ori=0, pos=array([0. , 0.2]), rgb=array([255., 255., 255.]), text='default text', units='height', win=Window(...), wrapWidth=1)
7.3770 	EXP 	Created CrossHeadphone = TextStim(__class__=<class 'psychopy.visual.text.TextStim'>, alignHoriz=method-wrapper(...), alignText='center', alignVert=method-wrapper(...), anchorHoriz='center', anchorVert='center', antialias=True, autoLog=True, bold=False, color='white', colorSpace='named', contrast=1.0, depth=-4.0, flipHoriz=False, flipVert=False, font='Arial', fontFiles=[], height=0.1, italic=False, languageStyle='LTR', name='CrossHeadphone', opacity=1.0, ori=0, pos=array([0., 0.]), rgb=array([255., 255., 255.]), text='+', units='height', win=Window(...), wrapWidth=1)
7.3874 	EXP 	Created FeedbackTxt = TextStim(__class__=<class 'psychopy.visual.text.TextStim'>, alignHoriz=method-wrapper(...), alignText='center', alignVert=method-wrapper(...), anchorHoriz='center', anchorVert='center', antialias=True, autoLog=True, bold=False, color='white', colorSpace='named', contrast=1.0, depth=0.0, flipHoriz=False, flipVert=False, font='Arial', fontFiles=[], height=0.04, italic=False, languageStyle='LTR', name='FeedbackTxt', opacity=1.0, ori=0, pos=array([0., 0.]), rgb=array([255., 255., 255.]), text='default text', units='height', win=Window(...), wrapWidth=1)
7.4340 	EXP 	Created text_3 = TextStim(__class__=<class 'psychopy.visual.text.TextStim'>, alignHoriz=method-wrapper(...), alignText='center', alignVert=method-wrapper(...), anchorHoriz='center', anchorVert='center', antialias=True, autoLog=True, bold=False, color='white', colorSpace='named', contrast=1.0, depth=0.0, flipHoriz=False, flipVert=False, font='Arial', fontFiles=[], height=0.04, italic=False, languageStyle='LTR', name='text_3', opacity=1.0, ori=0, pos=array([0., 0.]), rgb=array([255., 255., 255.]), text=str(...), units='height', win=Window(...), wrapWidth=1)
7.4409 	EXP 	Created text_4 = TextStim(__class__=<class 'psychopy.visual.text.TextStim'>, alignHoriz=method-wrapper(...), alignText='center', alignVert=method-wrapper(...), anchorHoriz='center', anchorVert='center', antialias=True, autoLog=True, bold=False, color='white', colorSpace='named', contrast=1.0, depth=-1.0, flipHoriz=False, flipVert=False, font='Arial', fontFiles=[], height=0.04, italic=False, languageStyle='LTR', name='text_4', opacity=1.0, ori=0, pos=array([ 0. , -0.4]), rgb=array([255., 255., 255.]), text='Press SPACE to continue', units='height', win=Window(...), wrapWidth=1)
7.4581 	EXP 	Created text_5 = TextStim(__class__=<class 'psychopy.visual.text.TextStim'>, alignHoriz=method-wrapper(...), alignText='center', alignVert=method-wrapper(...), anchorHoriz='center', anchorVert='center', antialias=True, autoLog=True, bold=False, color='white', colorSpace='named', contrast=1.0, depth=0.0, flipHoriz=False, flipVert=False, font='Arial', fontFiles=[], height=0.04, italic=False, languageStyle='LTR', name='text_5', opacity=1.0, ori=0, pos=array([0., 0.]), rgb=array([255., 255., 255.]), text=str(...), units='height', win=Window(...), wrapWidth=1)
7.4624 	EXP 	Created text_6 = TextStim(__class__=<class 'psychopy.visual.text.TextStim'>, alignHoriz=method-wrapper(...), alignText='center', alignVert=method-wrapper(...), anchorHoriz='center', anchorVert='center', antialias=True, autoLog=True, bold=False, color='white', colorSpace='named', contrast=1.0, depth=-1.0, flipHoriz=False, flipVert=False, font='Arial', fontFiles=[], height=0.04, italic=False, languageStyle='LTR', name='text_6', opacity=1.0, ori=0, pos=array([ 0. , -0.4]), rgb=array([255., 255., 255.]), text='Press SPACE to continue', units='height', win=Window(...), wrapWidth=1)
7.4744 	EXP 	Created InstructionTxt2 = TextStim(__class__=<class 'psychopy.visual.text.TextStim'>, alignHoriz=method-wrapper(...), alignText='center', alignVert=method-wrapper(...), anchorHoriz='center', anchorVert='center', antialias=True, autoLog=True, bold=False, color='white', colorSpace='named', contrast=1.0, depth=0.0, flipHoriz=False, flipVert=False, font='Arial', fontFiles=[], height=0.04, italic=False, languageStyle='LTR', name='InstructionTxt2', opacity=1.0, ori=0, pos=array([0., 0.]), rgb=array([255., 255., 255.]), text=str(...), units='height', win=Window(...), wrapWidth=1)
7.4786 	EXP 	Created WelcomeContinue2 = TextStim(__class__=<class 'psychopy.visual.text.TextStim'>, alignHoriz=method-wrapper(...), alignText='center', alignVert=method-wrapper(...), anchorHoriz='center', anchorVert='center', antialias=True, autoLog=True, bold=False, color='white', colorSpace='named', contrast=1.0, depth=-1.0, flipHoriz=False, flipVert=False, font='Arial', fontFiles=[], height=0.04, italic=False, languageStyle='LTR', name='WelcomeContinue2', opacity=1.0, ori=0, pos=array([ 0. , -0.4]), rgb=array([255., 255., 255.]), text='Press SPACE to begin practice\n', units='height', win=Window(...), wrapWidth=1)
7.4816 	EXP 	Created TrialNumber = TextStim(__class__=<class 'psychopy.visual.text.TextStim'>, alignHoriz=method-wrapper(...), alignText='center', alignVert=method-wrapper(...), anchorHoriz='center', anchorVert='center', antialias=True, autoLog=True, bold=False, color='white', colorSpace='named', contrast=1.0, depth=0.0, flipHoriz=False, flipVert=False, font='Arial', fontFiles=[], height=0.04, italic=False, languageStyle='LTR', name='TrialNumber', opacity=1.0, ori=0, pos=array([0. , 0.3]), rgb=array([255., 255., 255.]), text='default text', units='height', win=Window(...), wrapWidth=1)
7.4817 	EXP 	Sound PracticeSound set volume 1.000
7.4831 	EXP 	Created PracticeCross = TextStim(__class__=<class 'psychopy.visual.text.TextStim'>, alignHoriz=method-wrapper(...), alignText='center', alignVert=method-wrapper(...), anchorHoriz='center', anchorVert='center', antialias=True, autoLog=True, bold=False, color='white', colorSpace='named', contrast=1.0, depth=-2.0, flipHoriz=False, flipVert=False, font='Arial', fontFiles=[], height=0.1, italic=False, languageStyle='LTR', name='PracticeCross', opacity=1.0, ori=0, pos=array([0., 0.]), rgb=array([255., 255., 255.]), text='+', units='height', win=Window(...), wrapWidth=1)
7.4859 	EXP 	Created PracticeMssg = TextStim(__class__=<class 'psychopy.visual.text.TextStim'>, alignHoriz=method-wrapper(...), alignText='center', alignVert=method-wrapper(...), anchorHoriz='center', anchorVert='center', antialias=True, autoLog=True, bold=False, color='white', colorSpace='named', contrast=1.0, depth=-2.0, flipHoriz=False, flipVert=False, font='Arial', fontFiles=[], height=0.04, italic=False, languageStyle='LTR', name='PracticeMssg', opacity=1.0, ori=0, pos=array([0. , 0.2]), rgb=array([255., 255., 255.]), text='default text', units='height', win=Window(...), wrapWidth=1)
7.4874 	EXP 	Created FeedbackCross = TextStim(__class__=<class 'psychopy.visual.text.TextStim'>, alignHoriz=method-wrapper(...), alignText='center', alignVert=method-wrapper(...), anchorHoriz='center', anchorVert='center', antialias=True, autoLog=True, bold=False, color='white', colorSpace='named', contrast=1.0, depth=-3.0, flipHoriz=False, flipVert=False, font='Arial', fontFiles=[], height=0.1, italic=False, languageStyle='LTR', name='FeedbackCross', opacity=1.0, ori=0, pos=array([0., 0.]), rgb=array([255., 255., 255.]), text='+', units='height', win=Window(...), wrapWidth=1)
7.4925 	EXP 	Created Continue = TextStim(__class__=<class 'psychopy.visual.text.TextStim'>, alignHoriz=method-wrapper(...), alignText='center', alignVert=method-wrapper(...), anchorHoriz='center', anchorVert='center', antialias=True, autoLog=True, bold=False, color='white', colorSpace='named', contrast=1.0, depth=-4.0, flipHoriz=False, flipVert=False, font='Arial', fontFiles=[], height=0.04, italic=False, languageStyle='LTR', name='Continue', opacity=1.0, ori=0, pos=array([ 0. , -0.4]), rgb=array([255., 255., 255.]), text='Press the correct number on your keyboard', units='height', win=Window(...), wrapWidth=1)
7.4988 	EXP 	Created Options = TextStim(__class__=<class 'psychopy.visual.text.TextStim'>, alignHoriz=method-wrapper(...), alignText='center', alignVert=method-wrapper(...), anchorHoriz='center', anchorVert='center', antialias=True, autoLog=True, bold=False, color='white', colorSpace='named', contrast=1.0, depth=-5.0, flipHoriz=False, flipVert=False, font='Arial', fontFiles=[], height=0.04, italic=False, languageStyle='LTR', name='Options', opacity=1.0, ori=0, pos=array([ 0. , -0.2]), rgb=array([255., 255., 255.]), text='1 = OLD    2 = NEW', units='height', win=Window(...), wrapWidth=1)
7.5025 	EXP 	Created FeedbackMssg = TextStim(__class__=<class 'psychopy.visual.text.TextStim'>, alignHoriz=method-wrapper(...), alignText='center', alignVert=method-wrapper(...), anchorHoriz='center', anchorVert='center', antialias=True, autoLog=True, bold=False, color='white', colorSpace='named', contrast=1.0, depth=0.0, flipHoriz=False, flipVert=False, font='Arial', fontFiles=[], height=0.04, italic=False, languageStyle='LTR', name='FeedbackMssg', opacity=1.0, ori=0, pos=array([0., 0.]), rgb=array([255., 255., 255.]), text='default text', units='height', win=Window(...), wrapWidth=1)
7.5156 	EXP 	Created StartTxt = TextStim(__class__=<class 'psychopy.visual.text.TextStim'>, alignHoriz=method-wrapper(...), alignText='center', alignVert=method-wrapper(...), anchorHoriz='center', anchorVert='center', antialias=True, autoLog=True, bold=False, color='white', colorSpace='named', contrast=1.0, depth=0.0, flipHoriz=False, flipVert=False, font='Arial', fontFiles=[], height=0.04, italic=False, languageStyle='LTR', name='StartTxt', opacity=1.0, ori=0, pos=array([0., 0.]), rgb=array([255., 255., 255.]), text=str(...), units='height', win=Window(...), wrapWidth=1)
7.5202 	EXP 	Created ContinueStart = TextStim(__class__=<class 'psychopy.visual.text.TextStim'>, alignHoriz=method-wrapper(...), alignText='center', alignVert=method-wrapper(...), anchorHoriz='center', anchorVert='center', antialias=True, autoLog=True, bold=False, color='white', colorSpace='named', contrast=1.0, depth=-2.0, flipHoriz=False, flipVert=False, font='Arial', fontFiles=[], height=0.04, italic=False, languageStyle='LTR', name='ContinueStart', opacity=1.0, ori=0, pos=array([ 0. , -0.4]), rgb=array([255., 255., 255.]), text='Press SPACE to begin the task', units='height', win=Window(...), wrapWidth=1)
7.5218 	EXP 	Created no_3 = TextStim(__class__=<class 'psychopy.visual.text.TextStim'>, alignHoriz=method-wrapper(...), alignText='center', alignVert=method-wrapper(...), anchorHoriz='center', anchorVert='center', antialias=True, autoLog=True, bold=False, color='white', colorSpace='named', contrast=1.0, depth=-1.0, flipHoriz=False, flipVert=False, font='Arial', fontFiles=[], height=0.1, italic=False, languageStyle='LTR', name='no_3', opacity=1.0, ori=0, pos=array([0., 0.]), rgb=array([255., 255., 255.]), text='+', units='height', win=Window(...), wrapWidth=1)
7.5219 	EXP 	Sound TargetSound set volume 1.000
7.5232 	EXP 	Created Cross = TextStim(__class__=<class 'psychopy.visual.text.TextStim'>, alignHoriz=method-wrapper(...), alignText='center', alignVert=method-wrapper(...), anchorHoriz='center', anchorVert='center', antialias=True, autoLog=True, bold=False, color='white', colorSpace='named', contrast=1.0, depth=-1.0, flipHoriz=False, flipVert=False, font='Arial', fontFiles=[], height=0.1, italic=False, languageStyle='LTR', name='Cross', opacity=1.0, ori=0, pos=array([0., 0.]), rgb=array([255., 255., 255.]), text='+', units='height', win=Window(...), wrapWidth=1)
7.5260 	EXP 	Created ItemNumber = TextStim(__class__=<class 'psychopy.visual.text.TextStim'>, alignHoriz=method-wrapper(...), alignText='center', alignVert=method-wrapper(...), anchorHoriz='center', anchorVert='center', antialias=True, autoLog=True, bold=False, color='white', colorSpace='named', contrast=1.0, depth=-2.0, flipHoriz=False, flipVert=False, font='Arial', fontFiles=[], height=0.04, italic=False, languageStyle='LTR', name='ItemNumber', opacity=1.0, ori=0, pos=array([0. , 0.3]), rgb=array([255., 255., 255.]), text='default text', units='height', win=Window(...), wrapWidth=1)
7.5380 	EXP 	Created text_2 = TextStim(__class__=<class 'psychopy.visual.text.TextStim'>, alignHoriz=method-wrapper(...), alignText='center', alignVert=method-wrapper(...), anchorHoriz='center', anchorVert='center', antialias=True, autoLog=True, bold=False, color='white', colorSpace='named', contrast=1.0, depth=0.0, flipHoriz=False, flipVert=False, font='Arial', fontFiles=[], height=0.04, italic=False, languageStyle='LTR', name='text_2', opacity=1.0, ori=0, pos=array([0., 0.]), rgb=array([255., 255., 255.]), text=str(...), units='height', win=Window(...), wrapWidth=1)
7.5481 	EXP 	Created ThankyouMssg = TextStim(__class__=<class 'psychopy.visual.text.TextStim'>, alignHoriz=method-wrapper(...), alignText='center', alignVert=method-wrapper(...), anchorHoriz='center', anchorVert='center', antialias=True, autoLog=True, bold=False, color='white', colorSpace='named', contrast=1.0, depth=0.0, flipHoriz=False, flipVert=False, font='Arial', fontFiles=[], height=0.04, italic=False, languageStyle='LTR', name='ThankyouMssg', opacity=1.0, ori=0, pos=array([0. , 0.2]), rgb=array([255., 255., 255.]), text=str(...), units='height', win=Window(...), wrapWidth=1)
7.6037 	EXP 	Created ExitTxt = TextStim(__class__=<class 'psychopy.visual.text.TextStim'>, alignHoriz=method-wrapper(...), alignText='center', alignVert=method-wrapper(...), anchorHoriz='center', anchorVert='center', antialias=True, autoLog=True, bold=False, color='white', colorSpace='named', contrast=1.0, depth=-2.0, flipHoriz=False, flipVert=False, font='Arial', fontFiles=[], height=0.04, italic=False, languageStyle='LTR', name='ExitTxt', opacity=1.0, ori=0, pos=array([ 0. , -0.4]), rgb=array([255., 255., 255.]), text='Press SPACE to exit the study', units='height', win=Window(...), wrapWidth=1)
7.6128 	EXP 	Created CodeTxt = TextStim(__class__=<class 'psychopy.visual.text.TextStim'>, alignHoriz=method-wrapper(...), alignText='center', alignVert=method-wrapper(...), anchorHoriz='center', anchorVert='center', antialias=True, autoLog=True, bold=False, color='white', colorSpace='named', contrast=1.0, depth=-4.0, flipHoriz=False, flipVert=False, font='Arial', fontFiles=[], height=0.04, italic=False, languageStyle='LTR', name='CodeTxt', opacity=1.0, ori=0, pos=array([ 0.  , -0.22]), rgb=array([255., 255., 255.]), text=str(...), units='height', win=Window(...), wrapWidth=1)
7.6603 	EXP 	CompletionCode: autoLog = True
7.6603 	EXP 	InstructionTxt: autoDraw = True
7.6603 	EXP 	WelcomContinue: autoDraw = True
10.8455 	DATA 	Keypress: space
10.8509 	EXP 	InstructionTxt: autoDraw = False
10.8509 	EXP 	WelcomContinue: autoDraw = False
10.8509 	EXP 	VolumeBeginTxt: autoDraw = True
14.3541 	DATA 	Keypress: space
14.3582 	EXP 	VolumeBeginTxt: autoDraw = False
14.3582 	EXP 	text: autoDraw = True
14.3582 	EXP 	AdjustContinue: autoDraw = True
15.5582 	DATA 	Keypress: space
15.5863 	EXP 	text: autoDraw = False
15.5863 	EXP 	AdjustContinue: autoDraw = False
15.5863 	EXP 	HeadphoneCheckBeing: autoDraw = True
15.5863 	EXP 	HeadphoneContinue: autoDraw = True
17.0596 	DATA 	Keypress: space
17.1584 	EXP 	Imported Headphone_check.xlsx as conditions, 6 conditions, 2 params
17.1588 	EXP 	Created sequence: random, trialTypes=6, nReps=1, seed=None
17.1591 	EXP 	New trial (rep=0, index=0): OrderedDict([('File', 'Headphone/t3_1.wav'), ('Correct', 3)])
17.1774 	EXP 	HeadphoneCheckBeing: autoDraw = False
17.1774 	EXP 	HeadphoneContinue: autoDraw = False
17.1774 	EXP 	CheckTrial: text = '1/6'
17.1774 	EXP 	CheckTrial: autoDraw = True
17.1774 	EXP 	CrossHeadphone: autoDraw = True
21.7003 	EXP 	QuestionTxt: autoDraw = True
21.7172 	EXP 	CheckTrial: autoDraw = False
21.7172 	EXP 	CrossHeadphone: autoDraw = False
22.0998 	DATA 	Keypress: 3
22.1040 	EXP 	QuestionTxt: autoDraw = False
22.1040 	EXP 	CheckTrial: autoDraw = False
22.1040 	EXP 	CrossHeadphone: autoDraw = False
22.1040 	EXP 	FeedbackTxt: text = 'CORRECT'
22.1040 	EXP 	FeedbackTxt: autoDraw = True
23.0855 	EXP 	New trial (rep=0, index=1): OrderedDict([('File', 'Headphone/t1_1.wav'), ('Correct', 1)])
23.1168 	EXP 	FeedbackTxt: autoDraw = False
23.1168 	EXP 	CheckTrial: text = '2/6'
23.1168 	EXP 	CheckTrial: autoDraw = True
23.1168 	EXP 	CrossHeadphone: autoDraw = True
27.6336 	EXP 	QuestionTxt: autoDraw = True
27.6671 	EXP 	CheckTrial: autoDraw = False
27.6671 	EXP 	CrossHeadphone: autoDraw = False
28.2452 	DATA 	Keypress: 3
28.2498 	EXP 	QuestionTxt: autoDraw = False
28.2498 	EXP 	CheckTrial: autoDraw = False
28.2498 	EXP 	CrossHeadphone: autoDraw = False
28.2498 	EXP 	FeedbackTxt: text = 'INCORRECT'
28.2498 	EXP 	FeedbackTxt: autoDraw = True
29.2354 	EXP 	New trial (rep=0, index=2): OrderedDict([('File', 'Headphone/t1_2.wav'), ('Correct', 1)])
29.2668 	EXP 	FeedbackTxt: autoDraw = False
29.2668 	EXP 	CheckTrial: text = '3/6'
29.2668 	EXP 	CheckTrial: autoDraw = True
29.2668 	EXP 	CrossHeadphone: autoDraw = True
33.7837 	EXP 	QuestionTxt: autoDraw = True
33.8170 	EXP 	CheckTrial: autoDraw = False
33.8170 	EXP 	CrossHeadphone: autoDraw = False
33.8802 	DATA 	Keypress: 2
33.8845 	EXP 	QuestionTxt: autoDraw = False
33.8845 	EXP 	CheckTrial: autoDraw = False
33.8845 	EXP 	CrossHeadphone: autoDraw = False
33.8845 	EXP 	FeedbackTxt: text = 'INCORRECT'
33.8845 	EXP 	FeedbackTxt: autoDraw = True
34.8849 	EXP 	New trial (rep=0, index=3): OrderedDict([('File', 'Headphone/t2_2.wav'), ('Correct', 2)])
34.9129 	EXP 	FeedbackTxt: autoDraw = False
34.9129 	EXP 	CheckTrial: text = '4/6'
34.9129 	EXP 	CheckTrial: autoDraw = True
34.9129 	EXP 	CrossHeadphone: autoDraw = True
39.4336 	EXP 	QuestionTxt: autoDraw = True
39.4503 	EXP 	CheckTrial: autoDraw = False
39.4503 	EXP 	CrossHeadphone: autoDraw = False
40.0089 	DATA 	Keypress: 3
40.0340 	EXP 	QuestionTxt: autoDraw = False
40.0340 	EXP 	CheckTrial: autoDraw = False
40.0340 	EXP 	CrossHeadphone: autoDraw = False
40.0340 	EXP 	FeedbackTxt: text = 'INCORRECT'
40.0340 	EXP 	FeedbackTxt: autoDraw = True
41.0207 	EXP 	New trial (rep=0, index=4): OrderedDict([('File', 'Headphone/t2_1.wav'), ('Correct', 2)])
41.0523 	EXP 	FeedbackTxt: autoDraw = False
41.0523 	EXP 	FeedbackTxt: autoDraw = False
41.0523 	EXP 	CheckTrial: text = '5/6'
41.0523 	EXP 	CheckTrial: autoDraw = True
41.0523 	EXP 	CrossHeadphone: autoDraw = True
45.5834 	EXP 	QuestionTxt: autoDraw = True
45.6002 	EXP 	CheckTrial: autoDraw = False
45.6002 	EXP 	CrossHeadphone: autoDraw = False
45.8659 	DATA 	Keypress: 3
45.8702 	EXP 	QuestionTxt: autoDraw = False
45.8702 	EXP 	CheckTrial: autoDraw = False
45.8702 	EXP 	CrossHeadphone: autoDraw = False
45.8702 	EXP 	FeedbackTxt: text = 'INCORRECT'
45.8702 	EXP 	FeedbackTxt: autoDraw = True
46.8688 	EXP 	New trial (rep=0, index=5): OrderedDict([('File', 'Headphone/t3_2.wav'), ('Correct', 3)])
46.8944 	EXP 	FeedbackTxt: autoDraw = False
46.8944 	EXP 	CheckTrial: text = '6/6'
46.8944 	EXP 	CheckTrial: autoDraw = True
46.8944 	EXP 	CrossHeadphone: autoDraw = True
51.4169 	EXP 	QuestionTxt: autoDraw = True
51.4333 	EXP 	CheckTrial: autoDraw = False
51.4333 	EXP 	CrossHeadphone: autoDraw = False
51.7074 	DATA 	Keypress: 3
51.7486 	EXP 	QuestionTxt: autoDraw = False
51.7486 	EXP 	CheckTrial: autoDraw = False
51.7486 	EXP 	CrossHeadphone: autoDraw = False
51.7486 	EXP 	FeedbackTxt: text = 'CORRECT'
51.7486 	EXP 	FeedbackTxt: autoDraw = True
52.7509 	EXP 	FeedbackTxt: autoDraw = False
52.7509 	EXP 	text_3: autoDraw = True
52.7509 	EXP 	text_4: autoDraw = True
54.0182 	DATA 	Keypress: space
54.0233 	EXP 	text_3: autoDraw = False
54.0233 	EXP 	text_4: autoDraw = False
54.0233 	EXP 	text_5: autoDraw = True
54.0233 	EXP 	text_6: autoDraw = True
54.8176 	DATA 	Keypress: space
54.8223 	EXP 	text_5: autoDraw = False
54.8223 	EXP 	text_6: autoDraw = False
54.8223 	EXP 	InstructionTxt2: autoDraw = True
54.8223 	EXP 	WelcomeContinue2: autoDraw = True
55.3975 	EXP 	Imported GuessSounds_conditions.xlsx as conditions, 5 conditions, 3 params
55.3978 	EXP 	Created sequence: sequential, trialTypes=5, nReps=1, seed=None
55.3982 	EXP 	New trial (rep=0, index=0): OrderedDict([('SoundFile5', 'Practice/Seagull_A.wav'), ('Correct', 2), ('Type', 'New')])
55.4090 	DATA 	Keypress: space
55.4130 	EXP 	InstructionTxt2: autoDraw = False
55.4130 	EXP 	WelcomeContinue2: autoDraw = False
55.4130 	EXP 	TrialNumber: text = 'Trial 1'
55.4130 	EXP 	TrialNumber: autoDraw = True
55.4130 	EXP 	PracticeCross: autoDraw = True
57.7029 	EXP 	TrialNumber: autoDraw = False
57.7029 	EXP 	PracticeCross: autoDraw = False
57.7029 	EXP 	TrialNumber: autoDraw = False
57.7029 	EXP 	PracticeCross: autoDraw = False
57.7029 	EXP 	PracticeMssg: text = 'CORRECT'
57.7029 	EXP 	PracticeMssg: autoDraw = True
57.7029 	EXP 	FeedbackCross: autoDraw = True
57.7029 	EXP 	Continue: autoDraw = True
57.7029 	EXP 	Options: autoDraw = True
60.7606 	DATA 	Keypress: quoteleft
61.1277 	DATA 	Keypress: escape
61.4797 	EXP 	window1: mouseVisible = True
