1.1799 	WARNING 	We strongly recommend you activate the PTB sound engine in PsychoPy prefs as the preferred audio engine. Its timing is vastly superior. Your prefs are currently set to use ['sounddevice', 'PTB', 'pyo', 'pygame'] (in that order).
5.8275 	WARNING 	User requested fullscreen with size [1024  768], but screen is actually [2256, 1504]. Using actual size
7.7092 	EXP 	Created window1 = Window(allowGUI=False, allowStencil=False, args=UNKNOWN, autoLog=True, bitsMode=UNKNOWN, blendMode='avg', bpc=(8, 8, 8), color=array([0., 0., 0.]), colorSpace='rgb', depthBits=8, fullscr=<method-wrapper '__getattribute__' of attributeSetter object at 0x000001D67F94D358>, gamma=None, gammaErrorPolicy='raise', kwargs=UNKNOWN, lms=UNKNOWN, monitor=<psychopy.monitors.calibTools.Monitor object at 0x000001D67F997A58>, multiSample=False, name='window1', numSamples=2, pos=[0.0, 0.0], screen=0, size=array([2256, 1504]), stencilBits=0, stereo=False, units='height', useFBO=True, useRetina=False, viewOri=0.0, viewPos=None, viewScale=None, waitBlanking=True, winType='pyglet')
7.7094 	EXP 	window1: mouseVisible = True
7.7094 	EXP 	window1: recordFrameIntervals = False
7.8753 	EXP 	window1: recordFrameIntervals = True
8.0591 	EXP 	window1: recordFrameIntervals = False
8.3824 	EXP 	Created InstructionTxt = TextStim(__class__=<class 'psychopy.visual.text.TextStim'>, alignHoriz=method-wrapper(...), alignText='center', alignVert=method-wrapper(...), anchorHoriz='center', anchorVert='center', antialias=True, autoLog=True, bold=False, color='white', colorSpace='named', contrast=1.0, depth=0.0, flipHoriz=False, flipVert=False, font='Arial', fontFiles=[], height=0.04, italic=False, languageStyle='LTR', name='InstructionTxt', opacity=1.0, ori=0, pos=array([0., 0.]), rgb=array([255., 255., 255.]), text=str(...), units='height', win=Window(...), wrapWidth=1)
8.3922 	EXP 	Created WelcomContinue = TextStim(__class__=<class 'psychopy.visual.text.TextStim'>, alignHoriz=method-wrapper(...), alignText='center', alignVert=method-wrapper(...), anchorHoriz='center', anchorVert='center', antialias=True, autoLog=True, bold=False, color='white', colorSpace='named', contrast=1.0, depth=-3.0, flipHoriz=False, flipVert=False, font='Arial', fontFiles=[], height=0.04, italic=False, languageStyle='LTR', name='WelcomContinue', opacity=1.0, ori=0, pos=array([ 0. , -0.4]), rgb=array([255., 255., 255.]), text='Press SPACE to continue', units='height', win=Window(...), wrapWidth=1)
8.4113 	EXP 	Created VolumeBeginTxt = TextStim(__class__=<class 'psychopy.visual.text.TextStim'>, alignHoriz=method-wrapper(...), alignText='center', alignVert=method-wrapper(...), anchorHoriz='center', anchorVert='center', antialias=True, autoLog=True, bold=False, color='white', colorSpace='named', contrast=1.0, depth=0.0, flipHoriz=False, flipVert=False, font='Arial', fontFiles=[], height=0.04, italic=False, languageStyle='LTR', name='VolumeBeginTxt', opacity=1.0, ori=0, pos=array([0., 0.]), rgb=array([255., 255., 255.]), text=str(...), units='height', win=Window(...), wrapWidth=1)
8.4196 	EXP 	Created text = TextStim(__class__=<class 'psychopy.visual.text.TextStim'>, alignHoriz=method-wrapper(...), alignText='center', alignVert=method-wrapper(...), anchorHoriz='center', anchorVert='center', antialias=True, autoLog=True, bold=False, color='white', colorSpace='named', contrast=1.0, depth=0.0, flipHoriz=False, flipVert=False, font='Arial', fontFiles=[], height=0.04, italic=False, languageStyle='LTR', name='text', opacity=1.0, ori=0, pos=array([0., 0.]), rgb=array([255., 255., 255.]), text=str(...), units='height', win=Window(...), wrapWidth=1)
8.5480 	EXP 	Sound Music set volume 0.300
8.5550 	EXP 	Created AdjustContinue = TextStim(__class__=<class 'psychopy.visual.text.TextStim'>, alignHoriz=method-wrapper(...), alignText='center', alignVert=method-wrapper(...), anchorHoriz='center', anchorVert='center', antialias=True, autoLog=True, bold=False, color='white', colorSpace='named', contrast=1.0, depth=-3.0, flipHoriz=False, flipVert=False, font='Arial', fontFiles=[], height=0.04, italic=False, languageStyle='LTR', name='AdjustContinue', opacity=1.0, ori=0, pos=array([ 0. , -0.4]), rgb=array([255., 255., 255.]), text=str(...), units='height', win=Window(...), wrapWidth=1)
8.5800 	EXP 	Created HeadphoneCheckBeing = TextStim(__class__=<class 'psychopy.visual.text.TextStim'>, alignHoriz=method-wrapper(...), alignText='center', alignVert=method-wrapper(...), anchorHoriz='center', anchorVert='center', antialias=True, autoLog=True, bold=False, color='white', colorSpace='named', contrast=1.0, depth=0.0, flipHoriz=False, flipVert=False, font='Arial', fontFiles=[], height=0.04, italic=False, languageStyle='LTR', name='HeadphoneCheckBeing', opacity=1.0, ori=0, pos=array([0., 0.]), rgb=array([255., 255., 255.]), text=str(...), units='height', win=Window(...), wrapWidth=1)
8.5839 	EXP 	Created HeadphoneContinue = TextStim(__class__=<class 'psychopy.visual.text.TextStim'>, alignHoriz=method-wrapper(...), alignText='center', alignVert=method-wrapper(...), anchorHoriz='center', anchorVert='center', antialias=True, autoLog=True, bold=False, color='white', colorSpace='named', contrast=1.0, depth=-1.0, flipHoriz=False, flipVert=False, font='Arial', fontFiles=[], height=0.04, italic=False, languageStyle='LTR', name='HeadphoneContinue', opacity=1.0, ori=0, pos=array([ 0. , -0.4]), rgb=array([255., 255., 255.]), text='Press SPACE to continue', units='height', win=Window(...), wrapWidth=1)
8.5840 	EXP 	Sound CheckSound set volume 1.000
8.6058 	EXP 	Created QuestionTxt = TextStim(__class__=<class 'psychopy.visual.text.TextStim'>, alignHoriz=method-wrapper(...), alignText='center', alignVert=method-wrapper(...), anchorHoriz='center', anchorVert='center', antialias=True, autoLog=True, bold=False, color='white', colorSpace='named', contrast=1.0, depth=-2.0, flipHoriz=False, flipVert=False, font='Arial', fontFiles=[], height=0.04, italic=False, languageStyle='LTR', name='QuestionTxt', opacity=1.0, ori=0, pos=array([0., 0.]), rgb=array([255., 255., 255.]), text=str(...), units='height', win=Window(...), wrapWidth=1)
8.6265 	EXP 	Created CheckTrial = TextStim(__class__=<class 'psychopy.visual.text.TextStim'>, alignHoriz=method-wrapper(...), alignText='center', alignVert=method-wrapper(...), anchorHoriz='center', anchorVert='center', antialias=True, autoLog=True, bold=False, color='white', colorSpace='named', contrast=1.0, depth=-3.0, flipHoriz=False, flipVert=False, font='Arial', fontFiles=[], height=0.05, italic=False, languageStyle='LTR', name='CheckTrial', opacity=1.0, ori=0, pos=array([0. , 0.2]), rgb=array([255., 255., 255.]), text='default text', units='height', win=Window(...), wrapWidth=1)
8.6471 	EXP 	Created CrossHeadphone = TextStim(__class__=<class 'psychopy.visual.text.TextStim'>, alignHoriz=method-wrapper(...), alignText='center', alignVert=method-wrapper(...), anchorHoriz='center', anchorVert='center', antialias=True, autoLog=True, bold=False, color='white', colorSpace='named', contrast=1.0, depth=-4.0, flipHoriz=False, flipVert=False, font='Arial', fontFiles=[], height=0.1, italic=False, languageStyle='LTR', name='CrossHeadphone', opacity=1.0, ori=0, pos=array([0., 0.]), rgb=array([255., 255., 255.]), text='+', units='height', win=Window(...), wrapWidth=1)
8.6607 	EXP 	Created FeedbackTxt = TextStim(__class__=<class 'psychopy.visual.text.TextStim'>, alignHoriz=method-wrapper(...), alignText='center', alignVert=method-wrapper(...), anchorHoriz='center', anchorVert='center', antialias=True, autoLog=True, bold=False, color='white', colorSpace='named', contrast=1.0, depth=0.0, flipHoriz=False, flipVert=False, font='Arial', fontFiles=[], height=0.04, italic=False, languageStyle='LTR', name='FeedbackTxt', opacity=1.0, ori=0, pos=array([0., 0.]), rgb=array([255., 255., 255.]), text='default text', units='height', win=Window(...), wrapWidth=1)
8.7147 	EXP 	Created text_3 = TextStim(__class__=<class 'psychopy.visual.text.TextStim'>, alignHoriz=method-wrapper(...), alignText='center', alignVert=method-wrapper(...), anchorHoriz='center', anchorVert='center', antialias=True, autoLog=True, bold=False, color='white', colorSpace='named', contrast=1.0, depth=0.0, flipHoriz=False, flipVert=False, font='Arial', fontFiles=[], height=0.04, italic=False, languageStyle='LTR', name='text_3', opacity=1.0, ori=0, pos=array([0., 0.]), rgb=array([255., 255., 255.]), text=str(...), units='height', win=Window(...), wrapWidth=1)
8.7227 	EXP 	Created text_4 = TextStim(__class__=<class 'psychopy.visual.text.TextStim'>, alignHoriz=method-wrapper(...), alignText='center', alignVert=method-wrapper(...), anchorHoriz='center', anchorVert='center', antialias=True, autoLog=True, bold=False, color='white', colorSpace='named', contrast=1.0, depth=-1.0, flipHoriz=False, flipVert=False, font='Arial', fontFiles=[], height=0.04, italic=False, languageStyle='LTR', name='text_4', opacity=1.0, ori=0, pos=array([ 0. , -0.4]), rgb=array([255., 255., 255.]), text='Press SPACE to continue', units='height', win=Window(...), wrapWidth=1)
8.7418 	EXP 	Created text_5 = TextStim(__class__=<class 'psychopy.visual.text.TextStim'>, alignHoriz=method-wrapper(...), alignText='center', alignVert=method-wrapper(...), anchorHoriz='center', anchorVert='center', antialias=True, autoLog=True, bold=False, color='white', colorSpace='named', contrast=1.0, depth=0.0, flipHoriz=False, flipVert=False, font='Arial', fontFiles=[], height=0.04, italic=False, languageStyle='LTR', name='text_5', opacity=1.0, ori=0, pos=array([0., 0.]), rgb=array([255., 255., 255.]), text=str(...), units='height', win=Window(...), wrapWidth=1)
8.7460 	EXP 	Created text_6 = TextStim(__class__=<class 'psychopy.visual.text.TextStim'>, alignHoriz=method-wrapper(...), alignText='center', alignVert=method-wrapper(...), anchorHoriz='center', anchorVert='center', antialias=True, autoLog=True, bold=False, color='white', colorSpace='named', contrast=1.0, depth=-1.0, flipHoriz=False, flipVert=False, font='Arial', fontFiles=[], height=0.04, italic=False, languageStyle='LTR', name='text_6', opacity=1.0, ori=0, pos=array([ 0. , -0.4]), rgb=array([255., 255., 255.]), text='Press SPACE to continue', units='height', win=Window(...), wrapWidth=1)
8.7621 	EXP 	Created InstructionTxt2 = TextStim(__class__=<class 'psychopy.visual.text.TextStim'>, alignHoriz=method-wrapper(...), alignText='center', alignVert=method-wrapper(...), anchorHoriz='center', anchorVert='center', antialias=True, autoLog=True, bold=False, color='white', colorSpace='named', contrast=1.0, depth=0.0, flipHoriz=False, flipVert=False, font='Arial', fontFiles=[], height=0.04, italic=False, languageStyle='LTR', name='InstructionTxt2', opacity=1.0, ori=0, pos=array([0., 0.]), rgb=array([255., 255., 255.]), text=str(...), units='height', win=Window(...), wrapWidth=1)
8.7670 	EXP 	Created WelcomeContinue2 = TextStim(__class__=<class 'psychopy.visual.text.TextStim'>, alignHoriz=method-wrapper(...), alignText='center', alignVert=method-wrapper(...), anchorHoriz='center', anchorVert='center', antialias=True, autoLog=True, bold=False, color='white', colorSpace='named', contrast=1.0, depth=-1.0, flipHoriz=False, flipVert=False, font='Arial', fontFiles=[], height=0.04, italic=False, languageStyle='LTR', name='WelcomeContinue2', opacity=1.0, ori=0, pos=array([ 0. , -0.4]), rgb=array([255., 255., 255.]), text='Press SPACE to begin practice\n', units='height', win=Window(...), wrapWidth=1)
8.7705 	EXP 	Created TrialNumber = TextStim(__class__=<class 'psychopy.visual.text.TextStim'>, alignHoriz=method-wrapper(...), alignText='center', alignVert=method-wrapper(...), anchorHoriz='center', anchorVert='center', antialias=True, autoLog=True, bold=False, color='white', colorSpace='named', contrast=1.0, depth=0.0, flipHoriz=False, flipVert=False, font='Arial', fontFiles=[], height=0.04, italic=False, languageStyle='LTR', name='TrialNumber', opacity=1.0, ori=0, pos=array([0. , 0.3]), rgb=array([255., 255., 255.]), text='default text', units='height', win=Window(...), wrapWidth=1)
8.7706 	EXP 	Sound PracticeSound set volume 1.000
8.7723 	EXP 	Created PracticeCross = TextStim(__class__=<class 'psychopy.visual.text.TextStim'>, alignHoriz=method-wrapper(...), alignText='center', alignVert=method-wrapper(...), anchorHoriz='center', anchorVert='center', antialias=True, autoLog=True, bold=False, color='white', colorSpace='named', contrast=1.0, depth=-2.0, flipHoriz=False, flipVert=False, font='Arial', fontFiles=[], height=0.1, italic=False, languageStyle='LTR', name='PracticeCross', opacity=1.0, ori=0, pos=array([0., 0.]), rgb=array([255., 255., 255.]), text='+', units='height', win=Window(...), wrapWidth=1)
8.7753 	EXP 	Created PracticeMssg = TextStim(__class__=<class 'psychopy.visual.text.TextStim'>, alignHoriz=method-wrapper(...), alignText='center', alignVert=method-wrapper(...), anchorHoriz='center', anchorVert='center', antialias=True, autoLog=True, bold=False, color='white', colorSpace='named', contrast=1.0, depth=-2.0, flipHoriz=False, flipVert=False, font='Arial', fontFiles=[], height=0.04, italic=False, languageStyle='LTR', name='PracticeMssg', opacity=1.0, ori=0, pos=array([0. , 0.2]), rgb=array([255., 255., 255.]), text='default text', units='height', win=Window(...), wrapWidth=1)
8.7770 	EXP 	Created FeedbackCross = TextStim(__class__=<class 'psychopy.visual.text.TextStim'>, alignHoriz=method-wrapper(...), alignText='center', alignVert=method-wrapper(...), anchorHoriz='center', anchorVert='center', antialias=True, autoLog=True, bold=False, color='white', colorSpace='named', contrast=1.0, depth=-3.0, flipHoriz=False, flipVert=False, font='Arial', fontFiles=[], height=0.1, italic=False, languageStyle='LTR', name='FeedbackCross', opacity=1.0, ori=0, pos=array([0., 0.]), rgb=array([255., 255., 255.]), text='+', units='height', win=Window(...), wrapWidth=1)
8.7822 	EXP 	Created Continue = TextStim(__class__=<class 'psychopy.visual.text.TextStim'>, alignHoriz=method-wrapper(...), alignText='center', alignVert=method-wrapper(...), anchorHoriz='center', anchorVert='center', antialias=True, autoLog=True, bold=False, color='white', colorSpace='named', contrast=1.0, depth=-4.0, flipHoriz=False, flipVert=False, font='Arial', fontFiles=[], height=0.04, italic=False, languageStyle='LTR', name='Continue', opacity=1.0, ori=0, pos=array([ 0. , -0.4]), rgb=array([255., 255., 255.]), text='Press the correct number on your keyboard', units='height', win=Window(...), wrapWidth=1)
8.7892 	EXP 	Created Options = TextStim(__class__=<class 'psychopy.visual.text.TextStim'>, alignHoriz=method-wrapper(...), alignText='center', alignVert=method-wrapper(...), anchorHoriz='center', anchorVert='center', antialias=True, autoLog=True, bold=False, color='white', colorSpace='named', contrast=1.0, depth=-5.0, flipHoriz=False, flipVert=False, font='Arial', fontFiles=[], height=0.04, italic=False, languageStyle='LTR', name='Options', opacity=1.0, ori=0, pos=array([ 0. , -0.2]), rgb=array([255., 255., 255.]), text='1 = OLD    2 = NEW', units='height', win=Window(...), wrapWidth=1)
8.7930 	EXP 	Created FeedbackMssg = TextStim(__class__=<class 'psychopy.visual.text.TextStim'>, alignHoriz=method-wrapper(...), alignText='center', alignVert=method-wrapper(...), anchorHoriz='center', anchorVert='center', antialias=True, autoLog=True, bold=False, color='white', colorSpace='named', contrast=1.0, depth=0.0, flipHoriz=False, flipVert=False, font='Arial', fontFiles=[], height=0.04, italic=False, languageStyle='LTR', name='FeedbackMssg', opacity=1.0, ori=0, pos=array([0., 0.]), rgb=array([255., 255., 255.]), text='default text', units='height', win=Window(...), wrapWidth=1)
8.8045 	EXP 	Created StartTxt = TextStim(__class__=<class 'psychopy.visual.text.TextStim'>, alignHoriz=method-wrapper(...), alignText='center', alignVert=method-wrapper(...), anchorHoriz='center', anchorVert='center', antialias=True, autoLog=True, bold=False, color='white', colorSpace='named', contrast=1.0, depth=0.0, flipHoriz=False, flipVert=False, font='Arial', fontFiles=[], height=0.04, italic=False, languageStyle='LTR', name='StartTxt', opacity=1.0, ori=0, pos=array([0., 0.]), rgb=array([255., 255., 255.]), text=str(...), units='height', win=Window(...), wrapWidth=1)
8.8093 	EXP 	Created ContinueStart = TextStim(__class__=<class 'psychopy.visual.text.TextStim'>, alignHoriz=method-wrapper(...), alignText='center', alignVert=method-wrapper(...), anchorHoriz='center', anchorVert='center', antialias=True, autoLog=True, bold=False, color='white', colorSpace='named', contrast=1.0, depth=-2.0, flipHoriz=False, flipVert=False, font='Arial', fontFiles=[], height=0.04, italic=False, languageStyle='LTR', name='ContinueStart', opacity=1.0, ori=0, pos=array([ 0. , -0.4]), rgb=array([255., 255., 255.]), text='Press SPACE to begin the task', units='height', win=Window(...), wrapWidth=1)
8.8112 	EXP 	Created no_3 = TextStim(__class__=<class 'psychopy.visual.text.TextStim'>, alignHoriz=method-wrapper(...), alignText='center', alignVert=method-wrapper(...), anchorHoriz='center', anchorVert='center', antialias=True, autoLog=True, bold=False, color='white', colorSpace='named', contrast=1.0, depth=-1.0, flipHoriz=False, flipVert=False, font='Arial', fontFiles=[], height=0.1, italic=False, languageStyle='LTR', name='no_3', opacity=1.0, ori=0, pos=array([0., 0.]), rgb=array([255., 255., 255.]), text='+', units='height', win=Window(...), wrapWidth=1)
8.8113 	EXP 	Sound TargetSound set volume 1.000
8.8129 	EXP 	Created Cross = TextStim(__class__=<class 'psychopy.visual.text.TextStim'>, alignHoriz=method-wrapper(...), alignText='center', alignVert=method-wrapper(...), anchorHoriz='center', anchorVert='center', antialias=True, autoLog=True, bold=False, color='white', colorSpace='named', contrast=1.0, depth=-1.0, flipHoriz=False, flipVert=False, font='Arial', fontFiles=[], height=0.1, italic=False, languageStyle='LTR', name='Cross', opacity=1.0, ori=0, pos=array([0., 0.]), rgb=array([255., 255., 255.]), text='+', units='height', win=Window(...), wrapWidth=1)
8.8158 	EXP 	Created ItemNumber = TextStim(__class__=<class 'psychopy.visual.text.TextStim'>, alignHoriz=method-wrapper(...), alignText='center', alignVert=method-wrapper(...), anchorHoriz='center', anchorVert='center', antialias=True, autoLog=True, bold=False, color='white', colorSpace='named', contrast=1.0, depth=-2.0, flipHoriz=False, flipVert=False, font='Arial', fontFiles=[], height=0.04, italic=False, languageStyle='LTR', name='ItemNumber', opacity=1.0, ori=0, pos=array([0. , 0.3]), rgb=array([255., 255., 255.]), text='default text', units='height', win=Window(...), wrapWidth=1)
8.8249 	EXP 	Created text_2 = TextStim(__class__=<class 'psychopy.visual.text.TextStim'>, alignHoriz=method-wrapper(...), alignText='center', alignVert=method-wrapper(...), anchorHoriz='center', anchorVert='center', antialias=True, autoLog=True, bold=False, color='white', colorSpace='named', contrast=1.0, depth=0.0, flipHoriz=False, flipVert=False, font='Arial', fontFiles=[], height=0.04, italic=False, languageStyle='LTR', name='text_2', opacity=1.0, ori=0, pos=array([0., 0.]), rgb=array([255., 255., 255.]), text=str(...), units='height', win=Window(...), wrapWidth=1)
8.8364 	EXP 	Created ThankyouMssg = TextStim(__class__=<class 'psychopy.visual.text.TextStim'>, alignHoriz=method-wrapper(...), alignText='center', alignVert=method-wrapper(...), anchorHoriz='center', anchorVert='center', antialias=True, autoLog=True, bold=False, color='white', colorSpace='named', contrast=1.0, depth=0.0, flipHoriz=False, flipVert=False, font='Arial', fontFiles=[], height=0.04, italic=False, languageStyle='LTR', name='ThankyouMssg', opacity=1.0, ori=0, pos=array([0. , 0.2]), rgb=array([255., 255., 255.]), text=str(...), units='height', win=Window(...), wrapWidth=1)
8.8964 	EXP 	Created ExitTxt = TextStim(__class__=<class 'psychopy.visual.text.TextStim'>, alignHoriz=method-wrapper(...), alignText='center', alignVert=method-wrapper(...), anchorHoriz='center', anchorVert='center', antialias=True, autoLog=True, bold=False, color='white', colorSpace='named', contrast=1.0, depth=-2.0, flipHoriz=False, flipVert=False, font='Arial', fontFiles=[], height=0.04, italic=False, languageStyle='LTR', name='ExitTxt', opacity=1.0, ori=0, pos=array([ 0. , -0.4]), rgb=array([255., 255., 255.]), text='Press SPACE to exit the study', units='height', win=Window(...), wrapWidth=1)
8.9063 	EXP 	Created CodeTxt = TextStim(__class__=<class 'psychopy.visual.text.TextStim'>, alignHoriz=method-wrapper(...), alignText='center', alignVert=method-wrapper(...), anchorHoriz='center', anchorVert='center', antialias=True, autoLog=True, bold=False, color='white', colorSpace='named', contrast=1.0, depth=-4.0, flipHoriz=False, flipVert=False, font='Arial', fontFiles=[], height=0.04, italic=False, languageStyle='LTR', name='CodeTxt', opacity=1.0, ori=0, pos=array([ 0.  , -0.22]), rgb=array([255., 255., 255.]), text=str(...), units='height', win=Window(...), wrapWidth=1)
8.9405 	EXP 	CompletionCode: autoLog = True
8.9405 	EXP 	InstructionTxt: autoDraw = True
8.9405 	EXP 	WelcomContinue: autoDraw = True
10.6002 	DATA 	Keypress: space
10.6094 	EXP 	InstructionTxt: autoDraw = False
10.6094 	EXP 	WelcomContinue: autoDraw = False
10.6094 	EXP 	VolumeBeginTxt: autoDraw = True
14.6924 	DATA 	Keypress: space
14.6963 	EXP 	VolumeBeginTxt: autoDraw = False
14.6963 	EXP 	text: autoDraw = True
14.6963 	EXP 	AdjustContinue: autoDraw = True
15.4178 	DATA 	Keypress: space
15.4258 	EXP 	text: autoDraw = False
15.4258 	EXP 	AdjustContinue: autoDraw = False
15.4258 	EXP 	HeadphoneCheckBeing: autoDraw = True
15.4258 	EXP 	HeadphoneContinue: autoDraw = True
16.7636 	EXP 	Imported Headphone_check.xlsx as conditions, 6 conditions, 2 params
16.7640 	EXP 	Created sequence: random, trialTypes=6, nReps=1, seed=None
16.7645 	EXP 	New trial (rep=0, index=0): OrderedDict([('File', 'Headphone/t1_1.wav'), ('Correct', 1)])
16.7790 	DATA 	Keypress: space
16.7828 	EXP 	HeadphoneCheckBeing: autoDraw = False
16.7828 	EXP 	HeadphoneContinue: autoDraw = False
16.7828 	EXP 	CheckTrial: text = '1/6'
16.7828 	EXP 	CheckTrial: autoDraw = True
16.7828 	EXP 	CrossHeadphone: autoDraw = True
21.3255 	EXP 	QuestionTxt: autoDraw = True
21.3255 	EXP 	CheckTrial: autoDraw = False
21.3255 	EXP 	CrossHeadphone: autoDraw = False
22.3557 	DATA 	Keypress: 2
22.3593 	EXP 	QuestionTxt: autoDraw = False
22.3593 	EXP 	CheckTrial: autoDraw = False
22.3593 	EXP 	CrossHeadphone: autoDraw = False
22.3593 	EXP 	FeedbackTxt: text = 'INCORRECT'
22.3593 	EXP 	FeedbackTxt: autoDraw = True
23.3445 	EXP 	New trial (rep=0, index=1): OrderedDict([('File', 'Headphone/t3_1.wav'), ('Correct', 3)])
23.3583 	EXP 	FeedbackTxt: autoDraw = False
23.3583 	EXP 	FeedbackTxt: autoDraw = False
23.3583 	EXP 	CheckTrial: text = '2/6'
23.3583 	EXP 	CheckTrial: autoDraw = True
23.3583 	EXP 	CrossHeadphone: autoDraw = True
27.8921 	EXP 	QuestionTxt: autoDraw = True
27.9089 	EXP 	CheckTrial: autoDraw = False
27.9089 	EXP 	CrossHeadphone: autoDraw = False
28.5038 	DATA 	Keypress: 3
28.5082 	EXP 	QuestionTxt: autoDraw = False
28.5082 	EXP 	CheckTrial: autoDraw = False
28.5082 	EXP 	CrossHeadphone: autoDraw = False
28.5082 	EXP 	FeedbackTxt: text = 'CORRECT'
28.5082 	EXP 	FeedbackTxt: autoDraw = True
29.4939 	EXP 	New trial (rep=0, index=2): OrderedDict([('File', 'Headphone/t2_1.wav'), ('Correct', 2)])
29.5103 	EXP 	FeedbackTxt: autoDraw = False
29.5103 	EXP 	FeedbackTxt: autoDraw = False
29.5103 	EXP 	CheckTrial: text = '3/6'
29.5103 	EXP 	CheckTrial: autoDraw = True
29.5103 	EXP 	CrossHeadphone: autoDraw = True
34.0420 	EXP 	QuestionTxt: autoDraw = True
34.0585 	EXP 	CheckTrial: autoDraw = False
34.0585 	EXP 	CrossHeadphone: autoDraw = False
35.6376 	DATA 	Keypress: 1
35.6418 	EXP 	QuestionTxt: autoDraw = False
35.6418 	EXP 	CheckTrial: autoDraw = False
35.6418 	EXP 	CrossHeadphone: autoDraw = False
35.6418 	EXP 	FeedbackTxt: text = 'INCORRECT'
35.6418 	EXP 	FeedbackTxt: autoDraw = True
36.6269 	EXP 	New trial (rep=0, index=3): OrderedDict([('File', 'Headphone/t1_2.wav'), ('Correct', 1)])
36.6414 	EXP 	FeedbackTxt: autoDraw = False
36.6414 	EXP 	FeedbackTxt: autoDraw = False
36.6414 	EXP 	CheckTrial: text = '4/6'
36.6414 	EXP 	CheckTrial: autoDraw = True
36.6414 	EXP 	CrossHeadphone: autoDraw = True
41.1752 	EXP 	QuestionTxt: autoDraw = True
41.1752 	EXP 	CheckTrial: autoDraw = False
41.1752 	EXP 	CrossHeadphone: autoDraw = False
41.5498 	DATA 	Keypress: 2
41.5582 	EXP 	QuestionTxt: autoDraw = False
41.5582 	EXP 	CheckTrial: autoDraw = False
41.5582 	EXP 	CrossHeadphone: autoDraw = False
41.5582 	EXP 	FeedbackTxt: text = 'INCORRECT'
41.5582 	EXP 	FeedbackTxt: autoDraw = True
42.5444 	EXP 	New trial (rep=0, index=4): OrderedDict([('File', 'Headphone/t2_2.wav'), ('Correct', 2)])
42.5582 	EXP 	FeedbackTxt: autoDraw = False
42.5582 	EXP 	FeedbackTxt: autoDraw = False
42.5582 	EXP 	CheckTrial: text = '5/6'
42.5582 	EXP 	CheckTrial: autoDraw = True
42.5582 	EXP 	CrossHeadphone: autoDraw = True
47.0918 	EXP 	QuestionTxt: autoDraw = True
47.0918 	EXP 	CheckTrial: autoDraw = False
47.0918 	EXP 	CrossHeadphone: autoDraw = False
47.6349 	DATA 	Keypress: 3
47.6414 	EXP 	QuestionTxt: autoDraw = False
47.6414 	EXP 	CheckTrial: autoDraw = False
47.6414 	EXP 	CrossHeadphone: autoDraw = False
47.6414 	EXP 	FeedbackTxt: text = 'INCORRECT'
47.6414 	EXP 	FeedbackTxt: autoDraw = True
48.6301 	EXP 	New trial (rep=0, index=5): OrderedDict([('File', 'Headphone/t3_2.wav'), ('Correct', 3)])
48.6482 	EXP 	FeedbackTxt: autoDraw = False
48.6482 	EXP 	FeedbackTxt: autoDraw = False
48.6482 	EXP 	CheckTrial: text = '6/6'
48.6482 	EXP 	CheckTrial: autoDraw = True
48.6482 	EXP 	CrossHeadphone: autoDraw = True
53.1752 	EXP 	QuestionTxt: autoDraw = True
53.1918 	EXP 	CheckTrial: autoDraw = False
53.1918 	EXP 	CrossHeadphone: autoDraw = False
54.7165 	DATA 	Keypress: 1
54.7249 	EXP 	QuestionTxt: autoDraw = False
54.7249 	EXP 	CheckTrial: autoDraw = False
54.7249 	EXP 	CrossHeadphone: autoDraw = False
54.7249 	EXP 	FeedbackTxt: text = 'INCORRECT'
54.7249 	EXP 	FeedbackTxt: autoDraw = True
55.7261 	EXP 	FeedbackTxt: autoDraw = False
55.7261 	EXP 	FeedbackTxt: autoDraw = False
55.7261 	EXP 	text_3: autoDraw = True
55.7261 	EXP 	text_4: autoDraw = True
62.8847 	DATA 	Keypress: space
62.8922 	EXP 	text_3: autoDraw = False
62.8922 	EXP 	text_4: autoDraw = False
62.8922 	EXP 	text_5: autoDraw = True
62.8922 	EXP 	text_6: autoDraw = True
86.4348 	DATA 	Keypress: space
86.4416 	EXP 	text_5: autoDraw = False
86.4416 	EXP 	text_6: autoDraw = False
86.4416 	EXP 	InstructionTxt2: autoDraw = True
86.4416 	EXP 	WelcomeContinue2: autoDraw = True
87.8906 	EXP 	Imported GuessSounds_conditions.xlsx as conditions, 5 conditions, 3 params
87.8909 	EXP 	Created sequence: sequential, trialTypes=5, nReps=1, seed=None
87.8912 	EXP 	New trial (rep=0, index=0): OrderedDict([('SoundFile5', 'Practice/Seagull_A.wav'), ('Correct', 2), ('Type', 'NEW')])
87.9001 	DATA 	Keypress: space
87.9039 	EXP 	InstructionTxt2: autoDraw = False
87.9039 	EXP 	WelcomeContinue2: autoDraw = False
87.9039 	EXP 	TrialNumber: text = 'Trial 1'
87.9039 	EXP 	TrialNumber: autoDraw = True
87.9039 	EXP 	PracticeCross: autoDraw = True
90.1756 	EXP 	TrialNumber: autoDraw = False
90.1756 	EXP 	PracticeCross: autoDraw = False
90.1756 	EXP 	TrialNumber: autoDraw = False
90.1756 	EXP 	PracticeCross: autoDraw = False
90.1756 	EXP 	PracticeMssg: text = 'This is a NEW word. \nThis is your first time hearing this sound.'
90.1756 	EXP 	PracticeMssg: autoDraw = True
90.1756 	EXP 	FeedbackCross: autoDraw = True
90.1756 	EXP 	Continue: autoDraw = True
90.1756 	EXP 	Options: autoDraw = True
91.9037 	DATA 	Keypress: 2
91.9075 	EXP 	PracticeMssg: autoDraw = False
91.9075 	EXP 	FeedbackCross: autoDraw = False
91.9075 	EXP 	Continue: autoDraw = False
91.9075 	EXP 	Options: autoDraw = False
91.9075 	EXP 	FeedbackMssg: text = 'CORRECT'
91.9075 	EXP 	FeedbackMssg: autoDraw = True
92.8937 	EXP 	New trial (rep=0, index=1): OrderedDict([('SoundFile5', 'Practice/Skid_B.wav'), ('Correct', 2), ('Type', 'NEW')])
92.9082 	EXP 	FeedbackMssg: autoDraw = False
92.9082 	EXP 	FeedbackMssg: autoDraw = False
92.9082 	EXP 	TrialNumber: text = 'Trial 2'
92.9082 	EXP 	TrialNumber: autoDraw = True
92.9082 	EXP 	PracticeCross: autoDraw = True
95.0079 	EXP 	TrialNumber: autoDraw = False
95.0079 	EXP 	PracticeCross: autoDraw = False
95.0250 	EXP 	TrialNumber: autoDraw = False
95.0250 	EXP 	PracticeCross: autoDraw = False
95.0250 	EXP 	PracticeMssg: text = 'This is a NEW word. \nThis is your first time hearing this sound.'
95.0250 	EXP 	PracticeMssg: autoDraw = True
95.0250 	EXP 	FeedbackCross: autoDraw = True
95.0250 	EXP 	Continue: autoDraw = True
95.0250 	EXP 	Options: autoDraw = True
95.6377 	DATA 	Keypress: 2
95.6419 	EXP 	PracticeMssg: autoDraw = False
95.6419 	EXP 	FeedbackCross: autoDraw = False
95.6419 	EXP 	Continue: autoDraw = False
95.6419 	EXP 	Options: autoDraw = False
95.6419 	EXP 	FeedbackMssg: text = 'CORRECT'
95.6419 	EXP 	FeedbackMssg: autoDraw = True
96.6286 	EXP 	New trial (rep=0, index=2): OrderedDict([('SoundFile5', 'Practice/Seagull_A.wav'), ('Correct', 1), ('Type', 'OLD')])
96.6570 	EXP 	FeedbackMssg: autoDraw = False
96.6570 	EXP 	FeedbackMssg: autoDraw = False
96.6570 	EXP 	TrialNumber: text = 'Trial 3'
96.6570 	EXP 	TrialNumber: autoDraw = True
96.6570 	EXP 	PracticeCross: autoDraw = True
98.9506 	EXP 	TrialNumber: autoDraw = False
98.9506 	EXP 	PracticeCross: autoDraw = False
98.9506 	EXP 	TrialNumber: autoDraw = False
98.9506 	EXP 	PracticeCross: autoDraw = False
98.9506 	EXP 	PracticeMssg: text = 'This is an OLD word. \nThis sound is exactly the same as the first sound.'
98.9506 	EXP 	PracticeMssg: autoDraw = True
98.9506 	EXP 	FeedbackCross: autoDraw = True
98.9506 	EXP 	Continue: autoDraw = True
98.9506 	EXP 	Options: autoDraw = True
99.4845 	DATA 	Keypress: 1
99.5079 	EXP 	PracticeMssg: autoDraw = False
99.5079 	EXP 	FeedbackCross: autoDraw = False
99.5079 	EXP 	Continue: autoDraw = False
99.5079 	EXP 	Options: autoDraw = False
99.5079 	EXP 	FeedbackMssg: text = 'CORRECT'
99.5079 	EXP 	FeedbackMssg: autoDraw = True
100.4952 	EXP 	New trial (rep=0, index=3): OrderedDict([('SoundFile5', 'Practice/Gargle_A.wav'), ('Correct', 2), ('Type', 'NEW')])
100.5229 	EXP 	FeedbackMssg: autoDraw = False
100.5229 	EXP 	FeedbackMssg: autoDraw = False
100.5229 	EXP 	TrialNumber: text = 'Trial 4'
100.5229 	EXP 	TrialNumber: autoDraw = True
100.5229 	EXP 	PracticeCross: autoDraw = True
102.8100 	EXP 	TrialNumber: autoDraw = False
102.8100 	EXP 	PracticeCross: autoDraw = False
102.8100 	EXP 	TrialNumber: autoDraw = False
102.8100 	EXP 	PracticeCross: autoDraw = False
102.8100 	EXP 	PracticeMssg: text = 'This is a NEW word. \nThis is your first time hearing this sound.'
102.8100 	EXP 	PracticeMssg: autoDraw = True
102.8100 	EXP 	FeedbackCross: autoDraw = True
102.8100 	EXP 	Continue: autoDraw = True
102.8100 	EXP 	Options: autoDraw = True
103.2683 	DATA 	Keypress: 2
103.2914 	EXP 	PracticeMssg: autoDraw = False
103.2914 	EXP 	FeedbackCross: autoDraw = False
103.2914 	EXP 	Continue: autoDraw = False
103.2914 	EXP 	Options: autoDraw = False
103.2914 	EXP 	FeedbackMssg: text = 'CORRECT'
103.2914 	EXP 	FeedbackMssg: autoDraw = True
104.2787 	EXP 	New trial (rep=0, index=4): OrderedDict([('SoundFile5', 'Practice/Gargle_B.wav'), ('Correct', 2), ('Type', 'SIMILAR')])
104.3089 	EXP 	FeedbackMssg: autoDraw = False
104.3089 	EXP 	FeedbackMssg: autoDraw = False
104.3089 	EXP 	TrialNumber: text = 'Trial 5'
104.3089 	EXP 	TrialNumber: autoDraw = True
104.3089 	EXP 	PracticeCross: autoDraw = True
106.3849 	EXP 	TrialNumber: autoDraw = False
106.3849 	EXP 	PracticeCross: autoDraw = False
106.3849 	EXP 	TrialNumber: autoDraw = False
106.3849 	EXP 	PracticeCross: autoDraw = False
106.3849 	EXP 	PracticeMssg: text = 'This is a NEW word. \nNotice that this one sounds similar to the previous sound but is not exactly the same.'
106.3849 	EXP 	PracticeMssg: autoDraw = True
106.3849 	EXP 	FeedbackCross: autoDraw = True
106.3849 	EXP 	Continue: autoDraw = True
106.3849 	EXP 	Options: autoDraw = True
107.0871 	DATA 	Keypress: 2
107.0914 	EXP 	PracticeMssg: autoDraw = False
107.0914 	EXP 	FeedbackCross: autoDraw = False
107.0914 	EXP 	Continue: autoDraw = False
107.0914 	EXP 	Options: autoDraw = False
107.0914 	EXP 	FeedbackMssg: text = 'CORRECT'
107.0914 	EXP 	FeedbackMssg: autoDraw = True
108.0942 	EXP 	FeedbackMssg: autoDraw = False
108.0942 	EXP 	FeedbackMssg: autoDraw = False
108.0942 	EXP 	StartTxt: autoDraw = True
108.0942 	EXP 	ContinueStart: autoDraw = True
110.0543 	EXP 	Imported GuessSounds_conditions.xlsx as conditions, 144 conditions, 3 params
110.0554 	EXP 	Created sequence: sequential, trialTypes=144, nReps=1, seed=None
110.0559 	EXP 	New trial (rep=0, index=0): OrderedDict([('SoundFile5', 'Initial/Doubled/CarStart_A.wav'), ('Correct', 2), ('Type', 'NEW')])
110.0594 	DATA 	Keypress: space
110.0633 	EXP 	StartTxt: autoDraw = False
110.0633 	EXP 	ContinueStart: autoDraw = False
110.0633 	EXP 	no_3: autoDraw = True
111.5081 	EXP 	no_3: autoDraw = False
111.5081 	EXP 	ItemNumber: text = '1/144'
111.5081 	EXP 	Cross: autoDraw = True
111.5081 	EXP 	ItemNumber: autoDraw = True
114.0088 	EXP 	Cross: autoDraw = False
114.0088 	EXP 	ItemNumber: autoDraw = False
114.0088 	EXP 	Cross: autoDraw = False
114.0088 	EXP 	ItemNumber: autoDraw = False
114.0088 	EXP 	text_2: autoDraw = True
114.8988 	DATA 	Keypress: 2
114.9181 	EXP 	New trial (rep=0, index=1): OrderedDict([('SoundFile5', 'Initial/Doubled/Clap_A.wav'), ('Correct', 2), ('Type', 'NEW')])
114.9280 	EXP 	text_2: autoDraw = False
114.9280 	EXP 	no_3: autoDraw = True
116.4507 	EXP 	no_3: autoDraw = False
116.4507 	EXP 	ItemNumber: text = '2/144'
116.4507 	EXP 	Cross: autoDraw = True
116.4507 	EXP 	ItemNumber: autoDraw = True
118.9585 	EXP 	Cross: autoDraw = False
118.9585 	EXP 	ItemNumber: autoDraw = False
118.9585 	EXP 	Cross: autoDraw = False
118.9585 	EXP 	ItemNumber: autoDraw = False
118.9585 	EXP 	text_2: autoDraw = True
119.6156 	EXP 	New trial (rep=0, index=2): OrderedDict([('SoundFile5', 'Initial/Doubled/Cuckoo_A.wav'), ('Correct', 2), ('Type', 'NEW')])
119.6200 	DATA 	Keypress: 2
119.6245 	EXP 	text_2: autoDraw = False
119.6245 	EXP 	no_3: autoDraw = True
121.1358 	EXP 	no_3: autoDraw = False
121.1358 	EXP 	no_3: autoDraw = False
121.1358 	EXP 	ItemNumber: text = '3/144'
121.1358 	EXP 	Cross: autoDraw = True
121.1358 	EXP 	ItemNumber: autoDraw = True
123.6247 	EXP 	Cross: autoDraw = False
123.6247 	EXP 	ItemNumber: autoDraw = False
123.6247 	EXP 	Cross: autoDraw = False
123.6247 	EXP 	ItemNumber: autoDraw = False
123.6247 	EXP 	text_2: autoDraw = True
123.6662 	DATA 	Keypress: 2
123.6818 	EXP 	New trial (rep=0, index=3): OrderedDict([('SoundFile5', 'Initial/Doubled/Chomp_A.wav'), ('Correct', 2), ('Type', 'NEW')])
123.6911 	EXP 	text_2: autoDraw = False
123.6911 	EXP 	no_3: autoDraw = True
125.2031 	EXP 	no_3: autoDraw = False
125.2031 	EXP 	no_3: autoDraw = False
125.2031 	EXP 	ItemNumber: text = '4/144'
125.2031 	EXP 	Cross: autoDraw = True
125.2031 	EXP 	ItemNumber: autoDraw = True
127.7085 	EXP 	Cross: autoDraw = False
127.7085 	EXP 	ItemNumber: autoDraw = False
127.7085 	EXP 	Cross: autoDraw = False
127.7085 	EXP 	ItemNumber: autoDraw = False
127.7085 	EXP 	text_2: autoDraw = True
128.2991 	EXP 	New trial (rep=0, index=4): OrderedDict([('SoundFile5', 'Initial/NoRepeat/Toilet_B.wav'), ('Correct', 2), ('Type', 'NEW')])
128.3040 	DATA 	Keypress: 2
128.3085 	EXP 	text_2: autoDraw = False
128.3085 	EXP 	no_3: autoDraw = True
129.8200 	EXP 	no_3: autoDraw = False
129.8200 	EXP 	no_3: autoDraw = False
129.8200 	EXP 	ItemNumber: text = '5/144'
129.8200 	EXP 	Cross: autoDraw = True
129.8200 	EXP 	ItemNumber: autoDraw = True
132.3248 	EXP 	Cross: autoDraw = False
132.3248 	EXP 	ItemNumber: autoDraw = False
132.3248 	EXP 	Cross: autoDraw = False
132.3248 	EXP 	ItemNumber: autoDraw = False
132.3248 	EXP 	text_2: autoDraw = True
132.7826 	DATA 	Keypress: 2
132.7985 	EXP 	New trial (rep=0, index=5): OrderedDict([('SoundFile5', 'Initial/Doubled/Piano_A.wav'), ('Correct', 2), ('Type', 'NEW')])
132.8078 	EXP 	text_2: autoDraw = False
132.8078 	EXP 	no_3: autoDraw = True
134.3231 	EXP 	no_3: autoDraw = False
134.3231 	EXP 	no_3: autoDraw = False
134.3231 	EXP 	ItemNumber: text = '6/144'
134.3231 	EXP 	Cross: autoDraw = True
134.3231 	EXP 	ItemNumber: autoDraw = True
136.8247 	EXP 	Cross: autoDraw = False
136.8247 	EXP 	ItemNumber: autoDraw = False
136.8247 	EXP 	Cross: autoDraw = False
136.8247 	EXP 	ItemNumber: autoDraw = False
136.8247 	EXP 	text_2: autoDraw = True
137.2149 	EXP 	New trial (rep=0, index=6): OrderedDict([('SoundFile5', 'Initial/Doubled/Cat_A.wav'), ('Correct', 2), ('Type', 'NEW')])
137.2201 	DATA 	Keypress: 2
137.2244 	EXP 	text_2: autoDraw = False
137.2244 	EXP 	no_3: autoDraw = True
138.7456 	EXP 	no_3: autoDraw = False
138.7456 	EXP 	no_3: autoDraw = False
138.7456 	EXP 	ItemNumber: text = '7/144'
138.7456 	EXP 	Cross: autoDraw = True
138.7456 	EXP 	ItemNumber: autoDraw = True
140.1745 	EXP 	Cross: autoDraw = False
140.1745 	EXP 	ItemNumber: autoDraw = False
140.1745 	EXP 	Cross: autoDraw = False
140.1745 	EXP 	ItemNumber: autoDraw = False
140.1745 	EXP 	text_2: autoDraw = True
141.1648 	DATA 	Keypress: 2
141.1819 	EXP 	New trial (rep=0, index=7): OrderedDict([('SoundFile5', 'Initial/Doubled/Clap_A.wav'), ('Correct', 1), ('Type', 'OLD')])
141.1909 	EXP 	text_2: autoDraw = False
141.1909 	EXP 	no_3: autoDraw = True
142.7088 	EXP 	no_3: autoDraw = False
142.7088 	EXP 	no_3: autoDraw = False
142.7088 	EXP 	ItemNumber: text = '8/144'
142.7088 	EXP 	Cross: autoDraw = True
142.7088 	EXP 	ItemNumber: autoDraw = True
145.2077 	EXP 	Cross: autoDraw = False
145.2077 	EXP 	ItemNumber: autoDraw = False
145.2077 	EXP 	Cross: autoDraw = False
145.2077 	EXP 	ItemNumber: autoDraw = False
145.2077 	EXP 	text_2: autoDraw = True
145.6170 	DATA 	Keypress: 1
145.6317 	EXP 	New trial (rep=0, index=8): OrderedDict([('SoundFile5', 'Initial/Repeat/Buzz.wav'), ('Correct', 2), ('Type', 'NEW')])
145.6409 	EXP 	text_2: autoDraw = False
145.6409 	EXP 	no_3: autoDraw = True
147.1590 	EXP 	no_3: autoDraw = False
147.1590 	EXP 	no_3: autoDraw = False
147.1590 	EXP 	ItemNumber: text = '9/144'
147.1590 	EXP 	Cross: autoDraw = True
147.1590 	EXP 	ItemNumber: autoDraw = True
149.4581 	EXP 	Cross: autoDraw = False
149.4581 	EXP 	ItemNumber: autoDraw = False
149.4581 	EXP 	Cross: autoDraw = False
149.4581 	EXP 	ItemNumber: autoDraw = False
149.4581 	EXP 	text_2: autoDraw = True
149.7989 	EXP 	New trial (rep=0, index=9): OrderedDict([('SoundFile5', 'Initial/NoRepeat/Footsteps_B.wav'), ('Correct', 2), ('Type', 'NEW')])
149.8042 	DATA 	Keypress: 2
149.8086 	EXP 	text_2: autoDraw = False
149.8086 	EXP 	no_3: autoDraw = True
151.3406 	EXP 	no_3: autoDraw = False
151.3406 	EXP 	ItemNumber: text = '10/144'
151.3406 	EXP 	Cross: autoDraw = True
151.3406 	EXP 	ItemNumber: autoDraw = True
153.8413 	EXP 	Cross: autoDraw = False
153.8413 	EXP 	ItemNumber: autoDraw = False
153.8413 	EXP 	Cross: autoDraw = False
153.8413 	EXP 	ItemNumber: autoDraw = False
153.8413 	EXP 	text_2: autoDraw = True
154.9150 	DATA 	Keypress: 2
154.9314 	EXP 	New trial (rep=0, index=10): OrderedDict([('SoundFile5', 'CarStart_D.wav'), ('Correct', 2), ('Type', 'SIMILAR')])
154.9408 	EXP 	text_2: autoDraw = False
154.9408 	EXP 	no_3: autoDraw = True
156.4507 	EXP 	no_3: autoDraw = False
156.4507 	EXP 	no_3: autoDraw = False
156.4507 	EXP 	ItemNumber: text = '11/144'
156.4507 	EXP 	Cross: autoDraw = True
156.4507 	EXP 	ItemNumber: autoDraw = True
158.9579 	EXP 	Cross: autoDraw = False
158.9579 	EXP 	ItemNumber: autoDraw = False
158.9579 	EXP 	Cross: autoDraw = False
158.9579 	EXP 	ItemNumber: autoDraw = False
158.9579 	EXP 	text_2: autoDraw = True
161.1141 	DATA 	Keypress: 2
161.1315 	EXP 	New trial (rep=0, index=11): OrderedDict([('SoundFile5', 'Initial/Repeat/Whistle_A.wav'), ('Correct', 2), ('Type', 'NEW')])
161.1406 	EXP 	text_2: autoDraw = False
161.1406 	EXP 	no_3: autoDraw = True
162.6541 	EXP 	no_3: autoDraw = False
162.6541 	EXP 	no_3: autoDraw = False
162.6541 	EXP 	ItemNumber: text = '12/144'
162.6541 	EXP 	Cross: autoDraw = True
162.6541 	EXP 	ItemNumber: autoDraw = True
164.1409 	EXP 	Cross: autoDraw = False
164.1409 	EXP 	ItemNumber: autoDraw = False
164.1409 	EXP 	Cross: autoDraw = False
164.1409 	EXP 	ItemNumber: autoDraw = False
164.1409 	EXP 	text_2: autoDraw = True
164.5316 	EXP 	New trial (rep=0, index=12): OrderedDict([('SoundFile5', 'Initial/Doubled/Cuckoo_A.wav'), ('Correct', 1), ('Type', 'OLD')])
164.5361 	DATA 	Keypress: 2
164.5407 	EXP 	text_2: autoDraw = False
164.5407 	EXP 	no_3: autoDraw = True
166.0540 	EXP 	no_3: autoDraw = False
166.0540 	EXP 	no_3: autoDraw = False
166.0540 	EXP 	ItemNumber: text = '13/144'
166.0540 	EXP 	Cross: autoDraw = True
166.0540 	EXP 	ItemNumber: autoDraw = True
168.5410 	EXP 	Cross: autoDraw = False
168.5410 	EXP 	ItemNumber: autoDraw = False
168.5410 	EXP 	Cross: autoDraw = False
168.5410 	EXP 	ItemNumber: autoDraw = False
168.5410 	EXP 	text_2: autoDraw = True
168.8313 	EXP 	New trial (rep=0, index=13): OrderedDict([('SoundFile5', 'Chomp_B.wav'), ('Correct', 2), ('Type', 'SIMILAR')])
168.8368 	DATA 	Keypress: 2
168.8410 	EXP 	text_2: autoDraw = False
168.8410 	EXP 	no_3: autoDraw = True
170.3495 	EXP 	no_3: autoDraw = False
170.3495 	EXP 	no_3: autoDraw = False
170.3495 	EXP 	ItemNumber: text = '14/144'
170.3495 	EXP 	Cross: autoDraw = True
170.3495 	EXP 	ItemNumber: autoDraw = True
172.8579 	EXP 	Cross: autoDraw = False
172.8579 	EXP 	ItemNumber: autoDraw = False
172.8579 	EXP 	Cross: autoDraw = False
172.8579 	EXP 	ItemNumber: autoDraw = False
172.8579 	EXP 	text_2: autoDraw = True
173.0485 	EXP 	New trial (rep=0, index=14): OrderedDict([('SoundFile5', 'Piano_B.wav'), ('Correct', 2), ('Type', 'SIMILAR')])
173.0538 	DATA 	Keypress: 2
173.0581 	EXP 	text_2: autoDraw = False
173.0581 	EXP 	no_3: autoDraw = True
174.5761 	EXP 	no_3: autoDraw = False
174.5761 	EXP 	no_3: autoDraw = False
174.5761 	EXP 	ItemNumber: text = '15/144'
174.5761 	EXP 	Cross: autoDraw = True
174.5761 	EXP 	ItemNumber: autoDraw = True
177.0908 	EXP 	Cross: autoDraw = False
177.0908 	EXP 	ItemNumber: autoDraw = False
177.0908 	EXP 	Cross: autoDraw = False
177.0908 	EXP 	ItemNumber: autoDraw = False
177.0908 	EXP 	text_2: autoDraw = True
177.7148 	EXP 	New trial (rep=0, index=15): OrderedDict([('SoundFile5', 'Initial/Repeat/Buzz.wav'), ('Correct', 1), ('Type', 'OLD')])
177.7210 	DATA 	Keypress: 2
177.7252 	EXP 	text_2: autoDraw = False
177.7252 	EXP 	no_3: autoDraw = True
179.2489 	EXP 	no_3: autoDraw = False
179.2489 	EXP 	ItemNumber: text = '16/144'
179.2489 	EXP 	Cross: autoDraw = True
179.2489 	EXP 	ItemNumber: autoDraw = True
181.5576 	EXP 	Cross: autoDraw = False
181.5576 	EXP 	ItemNumber: autoDraw = False
181.5576 	EXP 	Cross: autoDraw = False
181.5576 	EXP 	ItemNumber: autoDraw = False
181.5576 	EXP 	text_2: autoDraw = True
181.6484 	EXP 	New trial (rep=0, index=16): OrderedDict([('SoundFile5', 'Initial/NoRepeat/Toilet_B.wav'), ('Correct', 1), ('Type', 'OLD')])
181.6536 	DATA 	Keypress: 1
181.6577 	EXP 	text_2: autoDraw = False
181.6577 	EXP 	no_3: autoDraw = True
183.1692 	EXP 	no_3: autoDraw = False
183.1692 	EXP 	no_3: autoDraw = False
183.1692 	EXP 	ItemNumber: text = '17/144'
183.1692 	EXP 	Cross: autoDraw = True
183.1692 	EXP 	ItemNumber: autoDraw = True
185.6741 	EXP 	Cross: autoDraw = False
185.6741 	EXP 	ItemNumber: autoDraw = False
185.6741 	EXP 	Cross: autoDraw = False
185.6741 	EXP 	ItemNumber: autoDraw = False
185.6741 	EXP 	text_2: autoDraw = True
186.1145 	EXP 	New trial (rep=0, index=17): OrderedDict([('SoundFile5', 'Whistle_B.wav'), ('Correct', 2), ('Type', 'SIMILAR')])
186.1204 	DATA 	Keypress: 1
186.1246 	EXP 	text_2: autoDraw = False
186.1246 	EXP 	no_3: autoDraw = True
187.6362 	EXP 	no_3: autoDraw = False
187.6362 	EXP 	no_3: autoDraw = False
187.6362 	EXP 	ItemNumber: text = '18/144'
187.6362 	EXP 	Cross: autoDraw = True
187.6362 	EXP 	ItemNumber: autoDraw = True
190.1407 	EXP 	Cross: autoDraw = False
190.1407 	EXP 	ItemNumber: autoDraw = False
190.1407 	EXP 	Cross: autoDraw = False
190.1407 	EXP 	ItemNumber: autoDraw = False
190.1407 	EXP 	text_2: autoDraw = True
191.3642 	DATA 	Keypress: 1
191.3810 	EXP 	New trial (rep=0, index=18): OrderedDict([('SoundFile5', 'Initial/Doubled/Cat_A.wav'), ('Correct', 1), ('Type', 'OLD')])
191.3903 	EXP 	text_2: autoDraw = False
191.3903 	EXP 	no_3: autoDraw = True
192.8990 	EXP 	no_3: autoDraw = False
192.8990 	EXP 	no_3: autoDraw = False
192.8990 	EXP 	ItemNumber: text = '19/144'
192.8990 	EXP 	Cross: autoDraw = True
192.8990 	EXP 	ItemNumber: autoDraw = True
194.3240 	EXP 	Cross: autoDraw = False
194.3240 	EXP 	ItemNumber: autoDraw = False
194.3240 	EXP 	Cross: autoDraw = False
194.3240 	EXP 	ItemNumber: autoDraw = False
194.3240 	EXP 	text_2: autoDraw = True
194.8651 	EXP 	New trial (rep=0, index=19): OrderedDict([('SoundFile5', 'Initial/NoRepeat/Footsteps_B.wav'), ('Correct', 1), ('Type', 'OLD')])
194.8702 	DATA 	Keypress: 1
194.8744 	EXP 	text_2: autoDraw = False
194.8744 	EXP 	no_3: autoDraw = True
196.3873 	EXP 	no_3: autoDraw = False
196.3873 	EXP 	no_3: autoDraw = False
196.3873 	EXP 	ItemNumber: text = '20/144'
196.3873 	EXP 	Cross: autoDraw = True
196.3873 	EXP 	ItemNumber: autoDraw = True
198.8907 	EXP 	Cross: autoDraw = False
198.8907 	EXP 	ItemNumber: autoDraw = False
198.8907 	EXP 	Cross: autoDraw = False
198.8907 	EXP 	ItemNumber: autoDraw = False
198.8907 	EXP 	text_2: autoDraw = True
199.3648 	EXP 	New trial (rep=0, index=20): OrderedDict([('SoundFile5', 'CarStart_B.wav'), ('Correct', 2), ('Type', 'SIMILAR')])
199.3701 	DATA 	Keypress: 1
199.3744 	EXP 	text_2: autoDraw = False
199.3744 	EXP 	no_3: autoDraw = True
200.8905 	EXP 	no_3: autoDraw = False
200.8905 	EXP 	no_3: autoDraw = False
200.8905 	EXP 	ItemNumber: text = '21/144'
200.8905 	EXP 	Cross: autoDraw = True
200.8905 	EXP 	ItemNumber: autoDraw = True
203.3901 	EXP 	Cross: autoDraw = False
203.3901 	EXP 	ItemNumber: autoDraw = False
203.3901 	EXP 	Cross: autoDraw = False
203.3901 	EXP 	ItemNumber: autoDraw = False
203.3901 	EXP 	text_2: autoDraw = True
204.2279 	EXP 	New trial (rep=0, index=21): OrderedDict([('SoundFile5', 'Initial/Doubled/Cuckoo_A.wav'), ('Correct', 1), ('Type', 'OLD')])
204.2312 	DATA 	Keypress: 2
204.2401 	EXP 	text_2: autoDraw = False
204.2401 	EXP 	no_3: autoDraw = True
205.7541 	EXP 	no_3: autoDraw = False
205.7541 	EXP 	no_3: autoDraw = False
205.7541 	EXP 	ItemNumber: text = '22/144'
205.7541 	EXP 	Cross: autoDraw = True
205.7541 	EXP 	ItemNumber: autoDraw = True
208.2405 	EXP 	Cross: autoDraw = False
208.2405 	EXP 	ItemNumber: autoDraw = False
208.2405 	EXP 	Cross: autoDraw = False
208.2405 	EXP 	ItemNumber: autoDraw = False
208.2405 	EXP 	text_2: autoDraw = True
208.4479 	EXP 	New trial (rep=0, index=22): OrderedDict([('SoundFile5', 'Initial/Doubled/Clap_A.wav'), ('Correct', 1), ('Type', 'OLD')])
208.4528 	DATA 	Keypress: 1
208.4571 	EXP 	text_2: autoDraw = False
208.4571 	EXP 	no_3: autoDraw = True
209.9688 	EXP 	no_3: autoDraw = False
209.9688 	EXP 	no_3: autoDraw = False
209.9688 	EXP 	ItemNumber: text = '23/144'
209.9688 	EXP 	Cross: autoDraw = True
209.9688 	EXP 	ItemNumber: autoDraw = True
212.4737 	EXP 	Cross: autoDraw = False
212.4737 	EXP 	ItemNumber: autoDraw = False
212.4737 	EXP 	Cross: autoDraw = False
212.4737 	EXP 	ItemNumber: autoDraw = False
212.4737 	EXP 	text_2: autoDraw = True
212.8477 	EXP 	New trial (rep=0, index=23): OrderedDict([('SoundFile5', 'Chomp_C.wav'), ('Correct', 2), ('Type', 'SIMILAR')])
212.8520 	DATA 	Keypress: 1
212.8568 	EXP 	text_2: autoDraw = False
212.8568 	EXP 	no_3: autoDraw = True
214.3771 	EXP 	no_3: autoDraw = False
214.3771 	EXP 	no_3: autoDraw = False
214.3771 	EXP 	ItemNumber: text = '24/144'
214.3771 	EXP 	Cross: autoDraw = True
214.3771 	EXP 	ItemNumber: autoDraw = True
216.8907 	EXP 	Cross: autoDraw = False
216.8907 	EXP 	ItemNumber: autoDraw = False
216.8907 	EXP 	Cross: autoDraw = False
216.8907 	EXP 	ItemNumber: autoDraw = False
216.8907 	EXP 	text_2: autoDraw = True
217.3979 	EXP 	New trial (rep=0, index=24): OrderedDict([('SoundFile5', 'Initial/Repeat/Sneeze_B.wav'), ('Correct', 2), ('Type', 'NEW')])
217.4036 	DATA 	Keypress: 2
217.4080 	EXP 	text_2: autoDraw = False
217.4080 	EXP 	no_3: autoDraw = True
218.9395 	EXP 	no_3: autoDraw = False
218.9395 	EXP 	ItemNumber: text = '25/144'
218.9395 	EXP 	Cross: autoDraw = True
218.9395 	EXP 	ItemNumber: autoDraw = True
220.1739 	EXP 	Cross: autoDraw = False
220.1739 	EXP 	ItemNumber: autoDraw = False
220.1739 	EXP 	Cross: autoDraw = False
220.1739 	EXP 	ItemNumber: autoDraw = False
220.1739 	EXP 	text_2: autoDraw = True
221.7307 	EXP 	New trial (rep=0, index=25): OrderedDict([('SoundFile5', 'Initial/NoRepeat/Toilet_B.wav'), ('Correct', 1), ('Type', 'OLD')])
221.7352 	DATA 	Keypress: 2
221.7400 	EXP 	text_2: autoDraw = False
221.7400 	EXP 	no_3: autoDraw = True
223.2534 	EXP 	no_3: autoDraw = False
223.2534 	EXP 	no_3: autoDraw = False
223.2534 	EXP 	ItemNumber: text = '26/144'
223.2534 	EXP 	Cross: autoDraw = True
223.2534 	EXP 	ItemNumber: autoDraw = True
225.7574 	EXP 	Cross: autoDraw = False
225.7574 	EXP 	ItemNumber: autoDraw = False
225.7574 	EXP 	Cross: autoDraw = False
225.7574 	EXP 	ItemNumber: autoDraw = False
225.7574 	EXP 	text_2: autoDraw = True
226.1820 	DATA 	Keypress: 1
226.1984 	EXP 	New trial (rep=0, index=26): OrderedDict([('SoundFile5', 'Initial/NoRepeat/Helicopter_A.wav'), ('Correct', 2), ('Type', 'NEW')])
226.2068 	EXP 	text_2: autoDraw = False
226.2068 	EXP 	no_3: autoDraw = True
227.7265 	EXP 	no_3: autoDraw = False
227.7265 	EXP 	no_3: autoDraw = False
227.7265 	EXP 	ItemNumber: text = '27/144'
227.7265 	EXP 	Cross: autoDraw = True
227.7265 	EXP 	ItemNumber: autoDraw = True
230.1736 	EXP 	Cross: autoDraw = False
230.1736 	EXP 	ItemNumber: autoDraw = False
230.1736 	EXP 	Cross: autoDraw = False
230.1736 	EXP 	ItemNumber: autoDraw = False
230.1736 	EXP 	text_2: autoDraw = True
230.5140 	DATA 	Keypress: 2
230.5315 	EXP 	New trial (rep=0, index=27): OrderedDict([('SoundFile5', 'Piano_C.wav'), ('Correct', 2), ('Type', 'SIMILAR')])
230.5399 	EXP 	text_2: autoDraw = False
230.5399 	EXP 	no_3: autoDraw = True
232.0588 	EXP 	no_3: autoDraw = False
232.0588 	EXP 	no_3: autoDraw = False
232.0588 	EXP 	ItemNumber: text = '28/144'
232.0588 	EXP 	Cross: autoDraw = True
232.0588 	EXP 	ItemNumber: autoDraw = True
234.5736 	EXP 	Cross: autoDraw = False
234.5736 	EXP 	ItemNumber: autoDraw = False
234.5736 	EXP 	Cross: autoDraw = False
234.5736 	EXP 	ItemNumber: autoDraw = False
234.5736 	EXP 	text_2: autoDraw = True
235.2114 	EXP 	New trial (rep=0, index=28): OrderedDict([('SoundFile5', 'Initial/Repeat/Buzz.wav'), ('Correct', 1), ('Type', 'OLD')])
235.2145 	DATA 	Keypress: 2
235.2227 	EXP 	text_2: autoDraw = False
235.2227 	EXP 	no_3: autoDraw = True
236.7228 	EXP 	no_3: autoDraw = False
236.7228 	EXP 	no_3: autoDraw = False
236.7228 	EXP 	ItemNumber: text = '29/144'
236.7228 	EXP 	Cross: autoDraw = True
236.7228 	EXP 	ItemNumber: autoDraw = True
239.0237 	EXP 	Cross: autoDraw = False
239.0237 	EXP 	ItemNumber: autoDraw = False
239.0237 	EXP 	Cross: autoDraw = False
239.0237 	EXP 	ItemNumber: autoDraw = False
239.0237 	EXP 	text_2: autoDraw = True
239.4307 	EXP 	New trial (rep=0, index=29): OrderedDict([('SoundFile5', 'Initial/NoRepeat/Snore_B.wav'), ('Correct', 2), ('Type', 'NEW')])
239.4359 	DATA 	Keypress: 1
239.4402 	EXP 	text_2: autoDraw = False
239.4402 	EXP 	no_3: autoDraw = True
240.9607 	EXP 	no_3: autoDraw = False
240.9607 	EXP 	no_3: autoDraw = False
240.9607 	EXP 	ItemNumber: text = '30/144'
240.9607 	EXP 	Cross: autoDraw = True
240.9607 	EXP 	ItemNumber: autoDraw = True
243.3736 	EXP 	Cross: autoDraw = False
243.3736 	EXP 	ItemNumber: autoDraw = False
243.3736 	EXP 	Cross: autoDraw = False
243.3736 	EXP 	ItemNumber: autoDraw = False
243.3736 	EXP 	text_2: autoDraw = True
244.3809 	EXP 	New trial (rep=0, index=30): OrderedDict([('SoundFile5', 'Initial/Doubled/Cat_A.wav'), ('Correct', 1), ('Type', 'OLD')])
244.3857 	DATA 	Keypress: 2
244.3901 	EXP 	text_2: autoDraw = False
244.3901 	EXP 	no_3: autoDraw = True
245.8994 	EXP 	no_3: autoDraw = False
245.8994 	EXP 	no_3: autoDraw = False
245.8994 	EXP 	ItemNumber: text = '31/144'
245.8994 	EXP 	Cross: autoDraw = True
245.8994 	EXP 	ItemNumber: autoDraw = True
247.3235 	EXP 	Cross: autoDraw = False
247.3235 	EXP 	ItemNumber: autoDraw = False
247.3235 	EXP 	Cross: autoDraw = False
247.3235 	EXP 	ItemNumber: autoDraw = False
247.3235 	EXP 	text_2: autoDraw = True
247.6148 	EXP 	New trial (rep=0, index=31): OrderedDict([('SoundFile5', 'Initial/Doubled/Laugh_A.wav'), ('Correct', 2), ('Type', 'NEW')])
247.6205 	DATA 	Keypress: 1
247.6248 	EXP 	text_2: autoDraw = False
247.6248 	EXP 	no_3: autoDraw = True
249.1501 	EXP 	no_3: autoDraw = False
249.1501 	EXP 	ItemNumber: text = '32/144'
249.1501 	EXP 	Cross: autoDraw = True
249.1501 	EXP 	ItemNumber: autoDraw = True
251.6568 	EXP 	Cross: autoDraw = False
251.6568 	EXP 	ItemNumber: autoDraw = False
251.6568 	EXP 	Cross: autoDraw = False
251.6568 	EXP 	ItemNumber: autoDraw = False
251.6568 	EXP 	text_2: autoDraw = True
251.9979 	EXP 	New trial (rep=0, index=32): OrderedDict([('SoundFile5', 'Initial/NoRepeat/Footsteps_B.wav'), ('Correct', 1), ('Type', 'OLD')])
252.0026 	DATA 	Keypress: 2
252.0070 	EXP 	text_2: autoDraw = False
252.0070 	EXP 	no_3: autoDraw = True
253.5177 	EXP 	no_3: autoDraw = False
253.5177 	EXP 	no_3: autoDraw = False
253.5177 	EXP 	ItemNumber: text = '33/144'
253.5177 	EXP 	Cross: autoDraw = True
253.5177 	EXP 	ItemNumber: autoDraw = True
256.0234 	EXP 	Cross: autoDraw = False
256.0234 	EXP 	ItemNumber: autoDraw = False
256.0234 	EXP 	Cross: autoDraw = False
256.0234 	EXP 	ItemNumber: autoDraw = False
256.0234 	EXP 	text_2: autoDraw = True
257.0476 	EXP 	New trial (rep=0, index=33): OrderedDict([('SoundFile5', 'Whistle_C.wav'), ('Correct', 2), ('Type', 'SIMILAR')])
257.0527 	DATA 	Keypress: 2
257.0570 	EXP 	text_2: autoDraw = False
257.0570 	EXP 	no_3: autoDraw = True
258.5679 	EXP 	no_3: autoDraw = False
258.5679 	EXP 	no_3: autoDraw = False
258.5679 	EXP 	ItemNumber: text = '34/144'
258.5679 	EXP 	Cross: autoDraw = True
258.5679 	EXP 	ItemNumber: autoDraw = True
261.0733 	EXP 	Cross: autoDraw = False
261.0733 	EXP 	ItemNumber: autoDraw = False
261.0733 	EXP 	Cross: autoDraw = False
261.0733 	EXP 	ItemNumber: autoDraw = False
261.0733 	EXP 	text_2: autoDraw = True
262.6472 	EXP 	New trial (rep=0, index=34): OrderedDict([('SoundFile5', 'Initial/Repeat/Pour.wav'), ('Correct', 2), ('Type', 'NEW')])
262.6522 	DATA 	Keypress: 1
262.6564 	EXP 	text_2: autoDraw = False
262.6564 	EXP 	no_3: autoDraw = True
264.1785 	EXP 	no_3: autoDraw = False
264.1785 	EXP 	no_3: autoDraw = False
264.1785 	EXP 	ItemNumber: text = '35/144'
264.1785 	EXP 	Cross: autoDraw = True
264.1785 	EXP 	ItemNumber: autoDraw = True
266.6901 	EXP 	Cross: autoDraw = False
266.6901 	EXP 	ItemNumber: autoDraw = False
266.6901 	EXP 	Cross: autoDraw = False
266.6901 	EXP 	ItemNumber: autoDraw = False
266.6901 	EXP 	text_2: autoDraw = True
267.3971 	EXP 	New trial (rep=0, index=35): OrderedDict([('SoundFile5', 'Initial/NoRepeat/Thunder_A.wav'), ('Correct', 2), ('Type', 'NEW')])
267.4015 	DATA 	Keypress: 2
267.4062 	EXP 	text_2: autoDraw = False
267.4062 	EXP 	no_3: autoDraw = True
268.9175 	EXP 	no_3: autoDraw = False
268.9175 	EXP 	no_3: autoDraw = False
268.9175 	EXP 	ItemNumber: text = '36/144'
268.9175 	EXP 	Cross: autoDraw = True
268.9175 	EXP 	ItemNumber: autoDraw = True
271.4232 	EXP 	Cross: autoDraw = False
271.4232 	EXP 	ItemNumber: autoDraw = False
271.4232 	EXP 	Cross: autoDraw = False
271.4232 	EXP 	ItemNumber: autoDraw = False
271.4232 	EXP 	text_2: autoDraw = True
271.9470 	EXP 	New trial (rep=0, index=36): OrderedDict([('SoundFile5', 'Initial/Repeat/Sneeze_B.wav'), ('Correct', 1), ('Type', 'OLD')])
271.9517 	DATA 	Keypress: 2
271.9561 	EXP 	text_2: autoDraw = False
271.9561 	EXP 	no_3: autoDraw = True
273.4672 	EXP 	no_3: autoDraw = False
273.4672 	EXP 	no_3: autoDraw = False
273.4672 	EXP 	ItemNumber: text = '37/144'
273.4672 	EXP 	Cross: autoDraw = True
273.4672 	EXP 	ItemNumber: autoDraw = True
274.6898 	EXP 	Cross: autoDraw = False
274.6898 	EXP 	ItemNumber: autoDraw = False
274.6898 	EXP 	Cross: autoDraw = False
274.6898 	EXP 	ItemNumber: autoDraw = False
274.6898 	EXP 	text_2: autoDraw = True
275.0978 	EXP 	New trial (rep=0, index=37): OrderedDict([('SoundFile5', 'Test/Foils/Camera.wav'), ('Correct', 2), ('Type', 'NEW')])
275.1030 	DATA 	Keypress: 1
275.1073 	EXP 	text_2: autoDraw = False
275.1073 	EXP 	no_3: autoDraw = True
276.6238 	EXP 	no_3: autoDraw = False
276.6238 	EXP 	no_3: autoDraw = False
276.6238 	EXP 	ItemNumber: text = '38/144'
276.6238 	EXP 	Cross: autoDraw = True
276.6238 	EXP 	ItemNumber: autoDraw = True
277.5899 	EXP 	Cross: autoDraw = False
277.5899 	EXP 	ItemNumber: autoDraw = False
277.5899 	EXP 	Cross: autoDraw = False
277.5899 	EXP 	ItemNumber: autoDraw = False
277.5899 	EXP 	text_2: autoDraw = True
278.4667 	EXP 	New trial (rep=0, index=38): OrderedDict([('SoundFile5', 'Initial/NoRepeat/Helicopter_A.wav'), ('Correct', 1), ('Type', 'OLD')])
278.4722 	DATA 	Keypress: 2
278.4764 	EXP 	text_2: autoDraw = False
278.4764 	EXP 	no_3: autoDraw = True
279.9999 	EXP 	no_3: autoDraw = False
279.9999 	EXP 	ItemNumber: text = '39/144'
279.9999 	EXP 	Cross: autoDraw = True
279.9999 	EXP 	ItemNumber: autoDraw = True
282.4567 	EXP 	Cross: autoDraw = False
282.4567 	EXP 	ItemNumber: autoDraw = False
282.4567 	EXP 	Cross: autoDraw = False
282.4567 	EXP 	ItemNumber: autoDraw = False
282.4567 	EXP 	text_2: autoDraw = True
283.0968 	DATA 	Keypress: 2
283.1135 	EXP 	New trial (rep=0, index=39): OrderedDict([('SoundFile5', 'Initial/NoRepeat/Snore_B.wav'), ('Correct', 1), ('Type', 'OLD')])
283.1228 	EXP 	text_2: autoDraw = False
283.1228 	EXP 	no_3: autoDraw = True
284.6362 	EXP 	no_3: autoDraw = False
284.6362 	EXP 	no_3: autoDraw = False
284.6362 	EXP 	ItemNumber: text = '40/144'
284.6362 	EXP 	Cross: autoDraw = True
284.6362 	EXP 	ItemNumber: autoDraw = True
287.0564 	EXP 	Cross: autoDraw = False
287.0564 	EXP 	ItemNumber: autoDraw = False
287.0564 	EXP 	Cross: autoDraw = False
287.0564 	EXP 	ItemNumber: autoDraw = False
287.0564 	EXP 	text_2: autoDraw = True
287.4305 	EXP 	New trial (rep=0, index=40): OrderedDict([('SoundFile5', 'Initial/Repeat/ManWhistle.wav'), ('Correct', 2), ('Type', 'NEW')])
287.4352 	DATA 	Keypress: 1
287.4395 	EXP 	text_2: autoDraw = False
287.4395 	EXP 	no_3: autoDraw = True
288.9636 	EXP 	no_3: autoDraw = False
288.9636 	EXP 	no_3: autoDraw = False
288.9636 	EXP 	ItemNumber: text = '41/144'
288.9636 	EXP 	Cross: autoDraw = True
288.9636 	EXP 	ItemNumber: autoDraw = True
291.1899 	EXP 	Cross: autoDraw = False
291.1899 	EXP 	ItemNumber: autoDraw = False
291.1899 	EXP 	Cross: autoDraw = False
291.1899 	EXP 	ItemNumber: autoDraw = False
291.1899 	EXP 	text_2: autoDraw = True
292.0975 	DATA 	Keypress: 2
292.1140 	EXP 	New trial (rep=0, index=41): OrderedDict([('SoundFile5', 'Laugh_C.wav'), ('Correct', 2), ('Type', 'SIMILAR')])
292.1227 	EXP 	text_2: autoDraw = False
292.1227 	EXP 	no_3: autoDraw = True
293.6468 	EXP 	no_3: autoDraw = False
293.6468 	EXP 	no_3: autoDraw = False
293.6468 	EXP 	ItemNumber: text = '42/144'
293.6468 	EXP 	Cross: autoDraw = True
293.6468 	EXP 	ItemNumber: autoDraw = True
296.1565 	EXP 	Cross: autoDraw = False
296.1565 	EXP 	ItemNumber: autoDraw = False
296.1565 	EXP 	Cross: autoDraw = False
296.1565 	EXP 	ItemNumber: autoDraw = False
296.1565 	EXP 	text_2: autoDraw = True
296.8806 	EXP 	New trial (rep=0, index=42): OrderedDict([('SoundFile5', 'Pour_D.wav'), ('Correct', 2), ('Type', 'SIMILAR')])
296.8861 	DATA 	Keypress: 2
296.8903 	EXP 	text_2: autoDraw = False
296.8903 	EXP 	no_3: autoDraw = True
298.4207 	EXP 	no_3: autoDraw = False
298.4207 	EXP 	no_3: autoDraw = False
298.4207 	EXP 	ItemNumber: text = '43/144'
298.4207 	EXP 	Cross: autoDraw = True
298.4207 	EXP 	ItemNumber: autoDraw = True
300.9229 	EXP 	Cross: autoDraw = False
300.9229 	EXP 	ItemNumber: autoDraw = False
300.9229 	EXP 	Cross: autoDraw = False
300.9229 	EXP 	ItemNumber: autoDraw = False
300.9229 	EXP 	text_2: autoDraw = True
301.6976 	EXP 	New trial (rep=0, index=43): OrderedDict([('SoundFile5', 'Initial/Repeat/Howl.wav'), ('Correct', 2), ('Type', 'NEW')])
301.7031 	DATA 	Keypress: 1
301.7075 	EXP 	text_2: autoDraw = False
301.7075 	EXP 	no_3: autoDraw = True
303.2574 	EXP 	no_3: autoDraw = False
303.2574 	EXP 	ItemNumber: text = '44/144'
303.2574 	EXP 	Cross: autoDraw = True
303.2574 	EXP 	ItemNumber: autoDraw = True
305.7564 	EXP 	Cross: autoDraw = False
305.7564 	EXP 	ItemNumber: autoDraw = False
305.7564 	EXP 	Cross: autoDraw = False
305.7564 	EXP 	ItemNumber: autoDraw = False
305.7564 	EXP 	text_2: autoDraw = True
306.2634 	EXP 	New trial (rep=0, index=44): OrderedDict([('SoundFile5', 'Initial/Repeat/PaperRip.wav'), ('Correct', 2), ('Type', 'NEW')])
306.2682 	DATA 	Keypress: 2
306.2732 	EXP 	text_2: autoDraw = False
306.2732 	EXP 	no_3: autoDraw = True
307.7934 	EXP 	no_3: autoDraw = False
307.7934 	EXP 	no_3: autoDraw = False
307.7934 	EXP 	ItemNumber: text = '45/144'
307.7934 	EXP 	Cross: autoDraw = True
307.7934 	EXP 	ItemNumber: autoDraw = True
309.3897 	EXP 	Cross: autoDraw = False
309.3897 	EXP 	ItemNumber: autoDraw = False
309.3897 	EXP 	Cross: autoDraw = False
309.3897 	EXP 	ItemNumber: autoDraw = False
309.3897 	EXP 	text_2: autoDraw = True
310.7305 	EXP 	New trial (rep=0, index=45): OrderedDict([('SoundFile5', 'Initial/NoRepeat/Thunder_A.wav'), ('Correct', 1), ('Type', 'OLD')])
310.7362 	DATA 	Keypress: 2
310.7406 	EXP 	text_2: autoDraw = False
310.7406 	EXP 	no_3: autoDraw = True
312.2671 	EXP 	no_3: autoDraw = False
312.2671 	EXP 	ItemNumber: text = '46/144'
312.2671 	EXP 	Cross: autoDraw = True
312.2671 	EXP 	ItemNumber: autoDraw = True
314.7729 	EXP 	Cross: autoDraw = False
314.7729 	EXP 	ItemNumber: autoDraw = False
314.7729 	EXP 	Cross: autoDraw = False
314.7729 	EXP 	ItemNumber: autoDraw = False
314.7729 	EXP 	text_2: autoDraw = True
315.4641 	EXP 	New trial (rep=0, index=46): OrderedDict([('SoundFile5', 'Laugh_D.wav'), ('Correct', 2), ('Type', 'SIMILAR')])
315.4703 	DATA 	Keypress: 2
315.4745 	EXP 	text_2: autoDraw = False
315.4745 	EXP 	no_3: autoDraw = True
317.0079 	EXP 	no_3: autoDraw = False
317.0079 	EXP 	ItemNumber: text = '47/144'
317.0079 	EXP 	Cross: autoDraw = True
317.0079 	EXP 	ItemNumber: autoDraw = True
319.5227 	EXP 	Cross: autoDraw = False
319.5227 	EXP 	ItemNumber: autoDraw = False
319.5227 	EXP 	Cross: autoDraw = False
319.5227 	EXP 	ItemNumber: autoDraw = False
319.5227 	EXP 	text_2: autoDraw = True
319.7637 	EXP 	New trial (rep=0, index=47): OrderedDict([('SoundFile5', 'Test/Foils/Camera.wav'), ('Correct', 1), ('Type', 'OLD')])
319.7698 	DATA 	Keypress: 2
319.7741 	EXP 	text_2: autoDraw = False
319.7741 	EXP 	no_3: autoDraw = True
321.2956 	EXP 	no_3: autoDraw = False
321.2956 	EXP 	ItemNumber: text = '48/144'
321.2956 	EXP 	Cross: autoDraw = True
321.2956 	EXP 	ItemNumber: autoDraw = True
322.2562 	EXP 	Cross: autoDraw = False
322.2562 	EXP 	ItemNumber: autoDraw = False
322.2562 	EXP 	Cross: autoDraw = False
322.2562 	EXP 	ItemNumber: autoDraw = False
322.2562 	EXP 	text_2: autoDraw = True
322.7132 	EXP 	New trial (rep=0, index=48): OrderedDict([('SoundFile5', 'Initial/NoRepeat/Snore_B.wav'), ('Correct', 1), ('Type', 'OLD')])
322.7177 	DATA 	Keypress: 1
322.7224 	EXP 	text_2: autoDraw = False
322.7224 	EXP 	no_3: autoDraw = True
324.2334 	EXP 	no_3: autoDraw = False
324.2334 	EXP 	no_3: autoDraw = False
324.2334 	EXP 	ItemNumber: text = '49/144'
324.2334 	EXP 	Cross: autoDraw = True
324.2334 	EXP 	ItemNumber: autoDraw = True
326.6561 	EXP 	Cross: autoDraw = False
326.6561 	EXP 	ItemNumber: autoDraw = False
326.6561 	EXP 	Cross: autoDraw = False
326.6561 	EXP 	ItemNumber: autoDraw = False
326.6561 	EXP 	text_2: autoDraw = True
327.5819 	DATA 	Keypress: 2
327.5965 	EXP 	New trial (rep=0, index=49): OrderedDict([('SoundFile5', 'ManWhistle_C.wav'), ('Correct', 2), ('Type', 'SIMILAR')])
327.6057 	EXP 	text_2: autoDraw = False
327.6057 	EXP 	no_3: autoDraw = True
329.1209 	EXP 	no_3: autoDraw = False
329.1209 	EXP 	no_3: autoDraw = False
329.1209 	EXP 	ItemNumber: text = '50/144'
329.1209 	EXP 	Cross: autoDraw = True
329.1209 	EXP 	ItemNumber: autoDraw = True
330.6060 	EXP 	Cross: autoDraw = False
330.6060 	EXP 	ItemNumber: autoDraw = False
330.6060 	EXP 	Cross: autoDraw = False
330.6060 	EXP 	ItemNumber: autoDraw = False
330.6060 	EXP 	text_2: autoDraw = True
331.0795 	EXP 	New trial (rep=0, index=50): OrderedDict([('SoundFile5', 'Initial/Repeat/Sneeze_B.wav'), ('Correct', 1), ('Type', 'OLD')])
331.0841 	DATA 	Keypress: 2
331.0889 	EXP 	text_2: autoDraw = False
331.0889 	EXP 	no_3: autoDraw = True
332.5977 	EXP 	no_3: autoDraw = False
332.5977 	EXP 	no_3: autoDraw = False
332.5977 	EXP 	ItemNumber: text = '51/144'
332.5977 	EXP 	Cross: autoDraw = True
332.5977 	EXP 	ItemNumber: autoDraw = True
333.8225 	EXP 	Cross: autoDraw = False
333.8225 	EXP 	ItemNumber: autoDraw = False
333.8225 	EXP 	Cross: autoDraw = False
333.8225 	EXP 	ItemNumber: autoDraw = False
333.8225 	EXP 	text_2: autoDraw = True
334.5134 	EXP 	New trial (rep=0, index=51): OrderedDict([('SoundFile5', 'Initial/Repeat/Howl.wav'), ('Correct', 1), ('Type', 'OLD')])
334.5188 	DATA 	Keypress: 1
334.5231 	EXP 	text_2: autoDraw = False
334.5231 	EXP 	no_3: autoDraw = True
336.0357 	EXP 	no_3: autoDraw = False
336.0357 	EXP 	no_3: autoDraw = False
336.0357 	EXP 	ItemNumber: text = '52/144'
336.0357 	EXP 	Cross: autoDraw = True
336.0357 	EXP 	ItemNumber: autoDraw = True
338.5392 	EXP 	Cross: autoDraw = False
338.5392 	EXP 	ItemNumber: autoDraw = False
338.5392 	EXP 	Cross: autoDraw = False
338.5392 	EXP 	ItemNumber: autoDraw = False
338.5392 	EXP 	text_2: autoDraw = True
338.8300 	EXP 	New trial (rep=0, index=52): OrderedDict([('SoundFile5', 'Initial/NoRepeat/Helicopter_A.wav'), ('Correct', 1), ('Type', 'OLD')])
338.8345 	DATA 	Keypress: 1
338.8389 	EXP 	text_2: autoDraw = False
338.8389 	EXP 	no_3: autoDraw = True
340.3499 	EXP 	no_3: autoDraw = False
340.3499 	EXP 	no_3: autoDraw = False
340.3499 	EXP 	ItemNumber: text = '53/144'
340.3499 	EXP 	Cross: autoDraw = True
340.3499 	EXP 	ItemNumber: autoDraw = True
342.8060 	EXP 	Cross: autoDraw = False
342.8060 	EXP 	ItemNumber: autoDraw = False
342.8060 	EXP 	Cross: autoDraw = False
342.8060 	EXP 	ItemNumber: autoDraw = False
342.8060 	EXP 	text_2: autoDraw = True
343.6794 	EXP 	New trial (rep=0, index=53): OrderedDict([('SoundFile5', 'Initial/NoRepeat/Thunder_A.wav'), ('Correct', 1), ('Type', 'OLD')])
343.6839 	DATA 	Keypress: 1
343.6888 	EXP 	text_2: autoDraw = False
343.6888 	EXP 	no_3: autoDraw = True
345.2007 	EXP 	no_3: autoDraw = False
345.2007 	EXP 	no_3: autoDraw = False
345.2007 	EXP 	ItemNumber: text = '54/144'
345.2007 	EXP 	Cross: autoDraw = True
345.2007 	EXP 	ItemNumber: autoDraw = True
347.7061 	EXP 	Cross: autoDraw = False
347.7061 	EXP 	ItemNumber: autoDraw = False
347.7061 	EXP 	Cross: autoDraw = False
347.7061 	EXP 	ItemNumber: autoDraw = False
347.7061 	EXP 	text_2: autoDraw = True
348.1303 	DATA 	Keypress: 1
348.1464 	EXP 	New trial (rep=0, index=54): OrderedDict([('SoundFile5', 'Pour_C.wav'), ('Correct', 2), ('Type', 'SIMILAR')])
348.1556 	EXP 	text_2: autoDraw = False
348.1556 	EXP 	no_3: autoDraw = True
349.6785 	EXP 	no_3: autoDraw = False
349.6785 	EXP 	no_3: autoDraw = False
349.6785 	EXP 	ItemNumber: text = '55/144'
349.6785 	EXP 	Cross: autoDraw = True
349.6785 	EXP 	ItemNumber: autoDraw = True
352.1892 	EXP 	Cross: autoDraw = False
352.1892 	EXP 	ItemNumber: autoDraw = False
352.1892 	EXP 	Cross: autoDraw = False
352.1892 	EXP 	ItemNumber: autoDraw = False
352.1892 	EXP 	text_2: autoDraw = True
353.6801 	EXP 	New trial (rep=0, index=55): OrderedDict([('SoundFile5', 'Initial/Repeat/Airplane_B.wav'), ('Correct', 2), ('Type', 'NEW')])
353.6844 	DATA 	Keypress: 2
353.6886 	EXP 	text_2: autoDraw = False
353.6886 	EXP 	no_3: autoDraw = True
355.2139 	EXP 	no_3: autoDraw = False
355.2139 	EXP 	no_3: autoDraw = False
355.2139 	EXP 	ItemNumber: text = '56/144'
355.2139 	EXP 	Cross: autoDraw = True
355.2139 	EXP 	ItemNumber: autoDraw = True
357.7223 	EXP 	Cross: autoDraw = False
357.7223 	EXP 	ItemNumber: autoDraw = False
357.7223 	EXP 	Cross: autoDraw = False
357.7223 	EXP 	ItemNumber: autoDraw = False
357.7223 	EXP 	text_2: autoDraw = True
358.0792 	DATA 	Keypress: 2
359.1293 	EXP 	New trial (rep=0, index=56): OrderedDict([('SoundFile5', 'Initial/Repeat/PaperRip.wav'), ('Correct', 1), ('Type', 'OLD')])
359.1342 	DATA 	Keypress: 2
359.1385 	EXP 	text_2: autoDraw = False
359.1385 	EXP 	no_3: autoDraw = True
360.6540 	EXP 	no_3: autoDraw = False
360.6540 	EXP 	no_3: autoDraw = False
360.6540 	EXP 	ItemNumber: text = '57/144'
360.6540 	EXP 	Cross: autoDraw = True
360.6540 	EXP 	ItemNumber: autoDraw = True
362.2555 	EXP 	Cross: autoDraw = False
362.2555 	EXP 	ItemNumber: autoDraw = False
362.2555 	EXP 	Cross: autoDraw = False
362.2555 	EXP 	ItemNumber: autoDraw = False
362.2555 	EXP 	text_2: autoDraw = True
363.7463 	EXP 	New trial (rep=0, index=57): OrderedDict([('SoundFile5', 'Test/Foils/Bird.wav'), ('Correct', 2), ('Type', 'NEW')])
363.7506 	DATA 	Keypress: 1
363.7551 	EXP 	text_2: autoDraw = False
363.7551 	EXP 	no_3: autoDraw = True
365.2776 	EXP 	no_3: autoDraw = False
365.2776 	EXP 	no_3: autoDraw = False
365.2776 	EXP 	ItemNumber: text = '58/144'
365.2776 	EXP 	Cross: autoDraw = True
365.2776 	EXP 	ItemNumber: autoDraw = True
367.7891 	EXP 	Cross: autoDraw = False
367.7891 	EXP 	ItemNumber: autoDraw = False
367.7891 	EXP 	Cross: autoDraw = False
367.7891 	EXP 	ItemNumber: autoDraw = False
367.7891 	EXP 	text_2: autoDraw = True
368.8443 	EXP 	New trial (rep=0, index=58): OrderedDict([('SoundFile5', 'Initial/Doubled/Writing_A.wav'), ('Correct', 2), ('Type', 'NEW')])
368.8470 	DATA 	Keypress: 2
368.8549 	EXP 	text_2: autoDraw = False
368.8549 	EXP 	no_3: autoDraw = True
370.3748 	EXP 	no_3: autoDraw = False
370.3748 	EXP 	no_3: autoDraw = False
370.3748 	EXP 	ItemNumber: text = '59/144'
370.3748 	EXP 	Cross: autoDraw = True
370.3748 	EXP 	ItemNumber: autoDraw = True
372.8891 	EXP 	Cross: autoDraw = False
372.8891 	EXP 	ItemNumber: autoDraw = False
372.8891 	EXP 	Cross: autoDraw = False
372.8891 	EXP 	ItemNumber: autoDraw = False
372.8891 	EXP 	text_2: autoDraw = True
373.3960 	EXP 	New trial (rep=0, index=59): OrderedDict([('SoundFile5', 'Test/Foils/Camera.wav'), ('Correct', 1), ('Type', 'OLD')])
373.4005 	DATA 	Keypress: 2
373.4051 	EXP 	text_2: autoDraw = False
373.4051 	EXP 	no_3: autoDraw = True
374.9142 	EXP 	no_3: autoDraw = False
374.9142 	EXP 	no_3: autoDraw = False
374.9142 	EXP 	ItemNumber: text = '60/144'
374.9142 	EXP 	Cross: autoDraw = True
374.9142 	EXP 	ItemNumber: autoDraw = True
375.8889 	EXP 	Cross: autoDraw = False
375.8889 	EXP 	ItemNumber: autoDraw = False
375.8889 	EXP 	Cross: autoDraw = False
375.8889 	EXP 	ItemNumber: autoDraw = False
375.8889 	EXP 	text_2: autoDraw = True
377.5463 	EXP 	New trial (rep=0, index=60): OrderedDict([('SoundFile5', 'ManWhistle_D.wav'), ('Correct', 2), ('Type', 'SIMILAR')])
377.5505 	DATA 	Keypress: 2
377.5550 	EXP 	text_2: autoDraw = False
377.5550 	EXP 	no_3: autoDraw = True
379.0729 	EXP 	no_3: autoDraw = False
379.0729 	EXP 	no_3: autoDraw = False
379.0729 	EXP 	ItemNumber: text = '61/144'
379.0729 	EXP 	Cross: autoDraw = True
379.0729 	EXP 	ItemNumber: autoDraw = True
380.6886 	EXP 	Cross: autoDraw = False
380.6886 	EXP 	ItemNumber: autoDraw = False
380.6886 	EXP 	Cross: autoDraw = False
380.6886 	EXP 	ItemNumber: autoDraw = False
380.6886 	EXP 	text_2: autoDraw = True
384.0793 	EXP 	New trial (rep=0, index=61): OrderedDict([('SoundFile5', 'Initial/Repeat/Howl.wav'), ('Correct', 1), ('Type', 'OLD')])
384.0838 	DATA 	Keypress: 2
384.0884 	EXP 	text_2: autoDraw = False
384.0884 	EXP 	no_3: autoDraw = True
385.5976 	EXP 	no_3: autoDraw = False
385.5976 	EXP 	no_3: autoDraw = False
385.5976 	EXP 	ItemNumber: text = '62/144'
385.5976 	EXP 	Cross: autoDraw = True
385.5976 	EXP 	ItemNumber: autoDraw = True
388.1055 	EXP 	Cross: autoDraw = False
388.1055 	EXP 	ItemNumber: autoDraw = False
388.1055 	EXP 	Cross: autoDraw = False
388.1055 	EXP 	ItemNumber: autoDraw = False
388.1055 	EXP 	text_2: autoDraw = True
389.8295 	DATA 	Keypress: 1
389.8460 	EXP 	New trial (rep=0, index=62): OrderedDict([('SoundFile5', 'Initial/Doubled/Dog_A.wav'), ('Correct', 2), ('Type', 'NEW')])
389.8548 	EXP 	text_2: autoDraw = False
389.8548 	EXP 	no_3: autoDraw = True
391.3765 	EXP 	no_3: autoDraw = False
391.3765 	EXP 	no_3: autoDraw = False
391.3765 	EXP 	ItemNumber: text = '63/144'
391.3765 	EXP 	Cross: autoDraw = True
391.3765 	EXP 	ItemNumber: autoDraw = True
393.8885 	EXP 	Cross: autoDraw = False
393.8885 	EXP 	ItemNumber: autoDraw = False
393.8885 	EXP 	Cross: autoDraw = False
393.8885 	EXP 	ItemNumber: autoDraw = False
393.8885 	EXP 	text_2: autoDraw = True
396.7122 	EXP 	New trial (rep=0, index=63): OrderedDict([('SoundFile5', 'Test/Foils/Bullfrog.wav'), ('Correct', 2), ('Type', 'NEW')])
396.7182 	DATA 	Keypress: 2
396.7226 	EXP 	text_2: autoDraw = False
396.7226 	EXP 	no_3: autoDraw = True
398.2406 	EXP 	no_3: autoDraw = False
398.2406 	EXP 	no_3: autoDraw = False
398.2406 	EXP 	ItemNumber: text = '64/144'
398.2406 	EXP 	Cross: autoDraw = True
398.2406 	EXP 	ItemNumber: autoDraw = True
400.7554 	EXP 	Cross: autoDraw = False
400.7554 	EXP 	ItemNumber: autoDraw = False
400.7554 	EXP 	Cross: autoDraw = False
400.7554 	EXP 	ItemNumber: autoDraw = False
400.7554 	EXP 	text_2: autoDraw = True
402.0472 	EXP 	New trial (rep=0, index=64): OrderedDict([('SoundFile5', 'Initial/Repeat/PaperRip.wav'), ('Correct', 1), ('Type', 'OLD')])
402.0516 	DATA 	Keypress: 1
402.0561 	EXP 	text_2: autoDraw = False
402.0561 	EXP 	no_3: autoDraw = True
403.5760 	EXP 	no_3: autoDraw = False
403.5760 	EXP 	ItemNumber: text = '65/144'
403.5760 	EXP 	Cross: autoDraw = True
403.5760 	EXP 	ItemNumber: autoDraw = True
405.1718 	EXP 	Cross: autoDraw = False
405.1718 	EXP 	ItemNumber: autoDraw = False
405.1718 	EXP 	Cross: autoDraw = False
405.1718 	EXP 	ItemNumber: autoDraw = False
405.1718 	EXP 	text_2: autoDraw = True
406.6793 	EXP 	New trial (rep=0, index=65): OrderedDict([('SoundFile5', 'Initial/Repeat/Airplane_B.wav'), ('Correct', 1), ('Type', 'OLD')])
406.6849 	DATA 	Keypress: 1
406.6891 	EXP 	text_2: autoDraw = False
406.6891 	EXP 	no_3: autoDraw = True
408.1925 	EXP 	no_3: autoDraw = False
408.1925 	EXP 	no_3: autoDraw = False
408.1925 	EXP 	ItemNumber: text = '66/144'
408.1925 	EXP 	Cross: autoDraw = True
408.1925 	EXP 	ItemNumber: autoDraw = True
410.7051 	EXP 	Cross: autoDraw = False
410.7051 	EXP 	ItemNumber: autoDraw = False
410.7051 	EXP 	Cross: autoDraw = False
410.7051 	EXP 	ItemNumber: autoDraw = False
410.7051 	EXP 	text_2: autoDraw = True
411.8285 	EXP 	New trial (rep=0, index=66): OrderedDict([('SoundFile5', 'Initial/NoRepeat/Droplet_B.wav'), ('Correct', 2), ('Type', 'NEW')])
411.8328 	DATA 	Keypress: 1
411.8389 	EXP 	text_2: autoDraw = False
411.8389 	EXP 	no_3: autoDraw = True
413.3598 	EXP 	no_3: autoDraw = False
413.3598 	EXP 	no_3: autoDraw = False
413.3598 	EXP 	ItemNumber: text = '67/144'
413.3598 	EXP 	Cross: autoDraw = True
413.3598 	EXP 	ItemNumber: autoDraw = True
415.5216 	EXP 	Cross: autoDraw = False
415.5216 	EXP 	ItemNumber: autoDraw = False
415.5216 	EXP 	Cross: autoDraw = False
415.5216 	EXP 	ItemNumber: autoDraw = False
415.5216 	EXP 	text_2: autoDraw = True
421.2126 	DATA 	Keypress: 2
421.2286 	EXP 	New trial (rep=0, index=67): OrderedDict([('SoundFile5', 'Bird_C.wav'), ('Correct', 2), ('Type', 'SIMILAR')])
421.2382 	EXP 	text_2: autoDraw = False
421.2382 	EXP 	no_3: autoDraw = True
422.7559 	EXP 	no_3: autoDraw = False
422.7559 	EXP 	no_3: autoDraw = False
422.7559 	EXP 	ItemNumber: text = '68/144'
422.7559 	EXP 	Cross: autoDraw = True
422.7559 	EXP 	ItemNumber: autoDraw = True
424.5048 	EXP 	Cross: autoDraw = False
424.5048 	EXP 	ItemNumber: autoDraw = False
424.5048 	EXP 	Cross: autoDraw = False
424.5048 	EXP 	ItemNumber: autoDraw = False
424.5048 	EXP 	text_2: autoDraw = True
425.3791 	EXP 	New trial (rep=0, index=68): OrderedDict([('SoundFile5', 'Initial/Doubled/Writing_A.wav'), ('Correct', 1), ('Type', 'OLD')])
425.3849 	DATA 	Keypress: 2
425.3892 	EXP 	text_2: autoDraw = False
425.3892 	EXP 	no_3: autoDraw = True
426.9146 	EXP 	no_3: autoDraw = False
426.9146 	EXP 	ItemNumber: text = '69/144'
426.9146 	EXP 	Cross: autoDraw = True
426.9146 	EXP 	ItemNumber: autoDraw = True
429.4215 	EXP 	Cross: autoDraw = False
429.4215 	EXP 	ItemNumber: autoDraw = False
429.4215 	EXP 	Cross: autoDraw = False
429.4215 	EXP 	ItemNumber: autoDraw = False
429.4215 	EXP 	text_2: autoDraw = True
430.0290 	EXP 	New trial (rep=0, index=69): OrderedDict([('SoundFile5', 'Initial/Repeat/Bagpipe.wav'), ('Correct', 2), ('Type', 'NEW')])
430.0335 	DATA 	Keypress: 1
430.0384 	EXP 	text_2: autoDraw = False
430.0384 	EXP 	no_3: autoDraw = True
431.5689 	EXP 	no_3: autoDraw = False
431.5689 	EXP 	no_3: autoDraw = False
431.5689 	EXP 	ItemNumber: text = '70/144'
431.5689 	EXP 	Cross: autoDraw = True
431.5689 	EXP 	ItemNumber: autoDraw = True
433.9384 	EXP 	Cross: autoDraw = False
433.9384 	EXP 	ItemNumber: autoDraw = False
433.9384 	EXP 	Cross: autoDraw = False
433.9384 	EXP 	ItemNumber: autoDraw = False
433.9384 	EXP 	text_2: autoDraw = True
437.5122 	DATA 	Keypress: 2
437.5286 	EXP 	New trial (rep=0, index=70): OrderedDict([('SoundFile5', 'Initial/Doubled/Growl_A.wav'), ('Correct', 2), ('Type', 'NEW')])
437.5379 	EXP 	text_2: autoDraw = False
437.5379 	EXP 	no_3: autoDraw = True
439.0492 	EXP 	no_3: autoDraw = False
439.0492 	EXP 	no_3: autoDraw = False
439.0492 	EXP 	ItemNumber: text = '71/144'
439.0492 	EXP 	Cross: autoDraw = True
439.0492 	EXP 	ItemNumber: autoDraw = True
441.5550 	EXP 	Cross: autoDraw = False
441.5550 	EXP 	ItemNumber: autoDraw = False
441.5550 	EXP 	Cross: autoDraw = False
441.5550 	EXP 	ItemNumber: autoDraw = False
441.5550 	EXP 	text_2: autoDraw = True
442.6804 	EXP 	New trial (rep=0, index=71): OrderedDict([('SoundFile5', 'Dog_D.wav'), ('Correct', 2), ('Type', 'SIMILAR')])
442.6854 	DATA 	Keypress: 2
442.6897 	EXP 	text_2: autoDraw = False
442.6897 	EXP 	no_3: autoDraw = True
444.2201 	EXP 	no_3: autoDraw = False
444.2201 	EXP 	ItemNumber: text = '72/144'
444.2201 	EXP 	Cross: autoDraw = True
444.2201 	EXP 	ItemNumber: autoDraw = True
446.2381 	EXP 	Cross: autoDraw = False
446.2381 	EXP 	ItemNumber: autoDraw = False
446.2381 	EXP 	Cross: autoDraw = False
446.2381 	EXP 	ItemNumber: autoDraw = False
446.2381 	EXP 	text_2: autoDraw = True
447.3621 	EXP 	New trial (rep=0, index=72): OrderedDict([('SoundFile5', 'Initial/NoRepeat/Droplet_B.wav'), ('Correct', 1), ('Type', 'OLD')])
447.3674 	DATA 	Keypress: 2
447.3716 	EXP 	text_2: autoDraw = False
447.3716 	EXP 	no_3: autoDraw = True
448.8813 	EXP 	no_3: autoDraw = False
448.8813 	EXP 	no_3: autoDraw = False
448.8813 	EXP 	ItemNumber: text = '73/144'
448.8813 	EXP 	Cross: autoDraw = True
448.8813 	EXP 	ItemNumber: autoDraw = True
451.0381 	EXP 	Cross: autoDraw = False
451.0381 	EXP 	ItemNumber: autoDraw = False
451.0381 	EXP 	Cross: autoDraw = False
451.0381 	EXP 	ItemNumber: autoDraw = False
451.0381 	EXP 	text_2: autoDraw = True
452.7112 	EXP 	New trial (rep=0, index=73): OrderedDict([('SoundFile5', 'Initial/NoRepeat/Faucet_A.wav'), ('Correct', 2), ('Type', 'NEW')])
452.7173 	DATA 	Keypress: 2
452.7216 	EXP 	text_2: autoDraw = False
452.7216 	EXP 	no_3: autoDraw = True
454.2401 	EXP 	no_3: autoDraw = False
454.2401 	EXP 	no_3: autoDraw = False
454.2401 	EXP 	ItemNumber: text = '74/144'
454.2401 	EXP 	Cross: autoDraw = True
454.2401 	EXP 	ItemNumber: autoDraw = True
456.7212 	EXP 	Cross: autoDraw = False
456.7212 	EXP 	ItemNumber: autoDraw = False
456.7212 	EXP 	Cross: autoDraw = False
456.7212 	EXP 	ItemNumber: autoDraw = False
456.7212 	EXP 	text_2: autoDraw = True
459.5950 	EXP 	New trial (rep=0, index=74): OrderedDict([('SoundFile5', 'Bird_D.wav'), ('Correct', 2), ('Type', 'SIMILAR')])
459.6001 	DATA 	Keypress: 2
459.6044 	EXP 	text_2: autoDraw = False
459.6044 	EXP 	no_3: autoDraw = True
461.1164 	EXP 	no_3: autoDraw = False
461.1164 	EXP 	no_3: autoDraw = False
461.1164 	EXP 	ItemNumber: text = '75/144'
461.1164 	EXP 	Cross: autoDraw = True
461.1164 	EXP 	ItemNumber: autoDraw = True
462.4547 	EXP 	Cross: autoDraw = False
462.4547 	EXP 	ItemNumber: autoDraw = False
462.4547 	EXP 	Cross: autoDraw = False
462.4547 	EXP 	ItemNumber: autoDraw = False
462.4547 	EXP 	text_2: autoDraw = True
463.4278 	EXP 	New trial (rep=0, index=75): OrderedDict([('SoundFile5', 'Test/Foils/Bullfrog.wav'), ('Correct', 1), ('Type', 'OLD')])
463.4325 	DATA 	Keypress: 2
463.4375 	EXP 	text_2: autoDraw = False
463.4375 	EXP 	no_3: autoDraw = True
464.9501 	EXP 	no_3: autoDraw = False
464.9501 	EXP 	no_3: autoDraw = False
464.9501 	EXP 	ItemNumber: text = '76/144'
464.9501 	EXP 	Cross: autoDraw = True
464.9501 	EXP 	ItemNumber: autoDraw = True
467.4548 	EXP 	Cross: autoDraw = False
467.4548 	EXP 	ItemNumber: autoDraw = False
467.4548 	EXP 	Cross: autoDraw = False
467.4548 	EXP 	ItemNumber: autoDraw = False
467.4548 	EXP 	text_2: autoDraw = True
469.1288 	EXP 	New trial (rep=0, index=76): OrderedDict([('SoundFile5', 'Initial/Repeat/Airplane_B.wav'), ('Correct', 1), ('Type', 'OLD')])
469.1342 	DATA 	Keypress: 1
469.1385 	EXP 	text_2: autoDraw = False
469.1385 	EXP 	no_3: autoDraw = True
470.6523 	EXP 	no_3: autoDraw = False
470.6523 	EXP 	no_3: autoDraw = False
470.6523 	EXP 	ItemNumber: text = '77/144'
470.6523 	EXP 	Cross: autoDraw = True
470.6523 	EXP 	ItemNumber: autoDraw = True
473.1544 	EXP 	Cross: autoDraw = False
473.1544 	EXP 	ItemNumber: autoDraw = False
473.1544 	EXP 	Cross: autoDraw = False
473.1544 	EXP 	ItemNumber: autoDraw = False
473.1544 	EXP 	text_2: autoDraw = True
474.1785 	EXP 	New trial (rep=0, index=77): OrderedDict([('SoundFile5', 'Initial/Doubled/Chime_A.wav'), ('Correct', 2), ('Type', 'NEW')])
474.1841 	DATA 	Keypress: 1
474.1885 	EXP 	text_2: autoDraw = False
474.1885 	EXP 	no_3: autoDraw = True
475.7106 	EXP 	no_3: autoDraw = False
475.7106 	EXP 	no_3: autoDraw = False
475.7106 	EXP 	ItemNumber: text = '78/144'
475.7106 	EXP 	Cross: autoDraw = True
475.7106 	EXP 	ItemNumber: autoDraw = True
478.2212 	EXP 	Cross: autoDraw = False
478.2212 	EXP 	ItemNumber: autoDraw = False
478.2212 	EXP 	Cross: autoDraw = False
478.2212 	EXP 	ItemNumber: autoDraw = False
478.2212 	EXP 	text_2: autoDraw = True
479.5120 	EXP 	New trial (rep=0, index=78): OrderedDict([('SoundFile5', 'Growl_B.wav'), ('Correct', 2), ('Type', 'SIMILAR')])
479.5173 	DATA 	Keypress: 2
479.5216 	EXP 	text_2: autoDraw = False
479.5216 	EXP 	no_3: autoDraw = True
481.0466 	EXP 	no_3: autoDraw = False
481.0466 	EXP 	no_3: autoDraw = False
481.0466 	EXP 	ItemNumber: text = '79/144'
481.0466 	EXP 	Cross: autoDraw = True
481.0466 	EXP 	ItemNumber: autoDraw = True
483.5546 	EXP 	Cross: autoDraw = False
483.5546 	EXP 	ItemNumber: autoDraw = False
483.5546 	EXP 	Cross: autoDraw = False
483.5546 	EXP 	ItemNumber: autoDraw = False
483.5546 	EXP 	text_2: autoDraw = True
484.8289 	EXP 	New trial (rep=0, index=79): OrderedDict([('SoundFile5', 'Initial/Doubled/Writing_A.wav'), ('Correct', 1), ('Type', 'OLD')])
484.8340 	DATA 	Keypress: 2
484.8383 	EXP 	text_2: autoDraw = False
484.8383 	EXP 	no_3: autoDraw = True
486.3519 	EXP 	no_3: autoDraw = False
486.3519 	EXP 	no_3: autoDraw = False
486.3519 	EXP 	ItemNumber: text = '80/144'
486.3519 	EXP 	Cross: autoDraw = True
486.3519 	EXP 	ItemNumber: autoDraw = True
488.8544 	EXP 	Cross: autoDraw = False
488.8544 	EXP 	ItemNumber: autoDraw = False
488.8544 	EXP 	Cross: autoDraw = False
488.8544 	EXP 	ItemNumber: autoDraw = False
488.8544 	EXP 	text_2: autoDraw = True
490.6110 	DATA 	Keypress: escape
491.1227 	EXP 	window1: mouseVisible = True
