1.1377 	WARNING 	We strongly recommend you activate the PTB sound engine in PsychoPy prefs as the preferred audio engine. Its timing is vastly superior. Your prefs are currently set to use ['sounddevice', 'PTB', 'pyo', 'pygame'] (in that order).
7.9723 	WARNING 	User requested fullscreen with size [1024  768], but screen is actually [2256, 1504]. Using actual size
9.8241 	EXP 	Created window1 = Window(allowGUI=False, allowStencil=False, args=UNKNOWN, autoLog=True, bitsMode=UNKNOWN, blendMode='avg', bpc=(8, 8, 8), color=array([0., 0., 0.]), colorSpace='rgb', depthBits=8, fullscr=<method-wrapper '__getattribute__' of attributeSetter object at 0x0000022F29BD3278>, gamma=None, gammaErrorPolicy='raise', kwargs=UNKNOWN, lms=UNKNOWN, monitor=<psychopy.monitors.calibTools.Monitor object at 0x0000022F299DA978>, multiSample=False, name='window1', numSamples=2, pos=[0.0, 0.0], screen=0, size=array([2256, 1504]), stencilBits=0, stereo=False, units='height', useFBO=True, useRetina=False, viewOri=0.0, viewPos=None, viewScale=None, waitBlanking=True, winType='pyglet')
9.8247 	EXP 	window1: mouseVisible = True
9.8248 	EXP 	window1: recordFrameIntervals = False
9.9894 	EXP 	window1: recordFrameIntervals = True
10.2399 	EXP 	window1: recordFrameIntervals = False
10.5900 	EXP 	Created InstructionTxt = TextStim(__class__=<class 'psychopy.visual.text.TextStim'>, alignHoriz=method-wrapper(...), alignText='center', alignVert=method-wrapper(...), anchorHoriz='center', anchorVert='center', antialias=True, autoLog=True, bold=False, color='white', colorSpace='named', contrast=1.0, depth=0.0, flipHoriz=False, flipVert=False, font='Arial', fontFiles=[], height=0.04, italic=False, languageStyle='LTR', name='InstructionTxt', opacity=1.0, ori=0, pos=array([0., 0.]), rgb=array([255., 255., 255.]), text=str(...), units='height', win=Window(...), wrapWidth=1)
10.6023 	EXP 	Created text = TextStim(__class__=<class 'psychopy.visual.text.TextStim'>, alignHoriz=method-wrapper(...), alignText='center', alignVert=method-wrapper(...), anchorHoriz='center', anchorVert='center', antialias=True, autoLog=True, bold=False, color='white', colorSpace='named', contrast=1.0, depth=0.0, flipHoriz=False, flipVert=False, font='Arial', fontFiles=[], height=0.04, italic=False, languageStyle='LTR', name='text', opacity=1.0, ori=0, pos=array([0., 0.]), rgb=array([255., 255., 255.]), text=str(...), units='height', win=Window(...), wrapWidth=1)
10.7211 	EXP 	Sound Music set volume 0.300
10.7258 	EXP 	Created StartTxt = TextStim(__class__=<class 'psychopy.visual.text.TextStim'>, alignHoriz=method-wrapper(...), alignText='center', alignVert=method-wrapper(...), anchorHoriz='center', anchorVert='center', antialias=True, autoLog=True, bold=False, color='white', colorSpace='named', contrast=1.0, depth=0.0, flipHoriz=False, flipVert=False, font='Arial', fontFiles=[], height=0.04, italic=False, languageStyle='LTR', name='StartTxt', opacity=1.0, ori=0, pos=array([0., 0.]), rgb=array([255., 255., 255.]), text='We will now begin the task', units='height', win=Window(...), wrapWidth=1)
10.7356 	EXP 	Created no3 = TextStim(__class__=<class 'psychopy.visual.text.TextStim'>, alignHoriz=method-wrapper(...), alignText='center', alignVert=method-wrapper(...), anchorHoriz='center', anchorVert='center', antialias=True, autoLog=True, bold=False, color='white', colorSpace='named', contrast=1.0, depth=0.0, flipHoriz=False, flipVert=False, font='Arial', fontFiles=[], height=0.05, italic=False, languageStyle='LTR', name='no3', opacity=1.0, ori=0, pos=array([0., 0.]), rgb=array([255., 255., 255.]), text='3', units='height', win=Window(...), wrapWidth=1)
10.7398 	EXP 	Created no2 = TextStim(__class__=<class 'psychopy.visual.text.TextStim'>, alignHoriz=method-wrapper(...), alignText='center', alignVert=method-wrapper(...), anchorHoriz='center', anchorVert='center', antialias=True, autoLog=True, bold=False, color='white', colorSpace='named', contrast=1.0, depth=0.0, flipHoriz=False, flipVert=False, font='Arial', fontFiles=[], height=0.05, italic=False, languageStyle='LTR', name='no2', opacity=1.0, ori=0, pos=array([0., 0.]), rgb=array([255., 255., 255.]), text='2', units='height', win=Window(...), wrapWidth=1)
10.7440 	EXP 	Created no1 = TextStim(__class__=<class 'psychopy.visual.text.TextStim'>, alignHoriz=method-wrapper(...), alignText='center', alignVert=method-wrapper(...), anchorHoriz='center', anchorVert='center', antialias=True, autoLog=True, bold=False, color='white', colorSpace='named', contrast=1.0, depth=0.0, flipHoriz=False, flipVert=False, font='Arial', fontFiles=[], height=0.05, italic=False, languageStyle='LTR', name='no1', opacity=1.0, ori=0, pos=array([0., 0.]), rgb=array([255., 255., 255.]), text='1', units='height', win=Window(...), wrapWidth=1)
10.7509 	EXP 	Created Question = TextStim(__class__=<class 'psychopy.visual.text.TextStim'>, alignHoriz=method-wrapper(...), alignText='center', alignVert=method-wrapper(...), anchorHoriz='center', anchorVert='center', antialias=True, autoLog=True, bold=False, color='white', colorSpace='named', contrast=1.0, depth=0.0, flipHoriz=False, flipVert=False, font='Arial', fontFiles=[], height=0.04, italic=False, languageStyle='LTR', name='Question', opacity=1.0, ori=0, pos=array([0., 0.]), rgb=array([255., 255., 255.]), text='What is this sound?\n', units='height', win=Window(...), wrapWidth=1)
10.8066 	EXP 	window1: mouseVisible = True
10.8287 	EXP 	Created ClickTheButton = TextStim(__class__=<class 'psychopy.visual.text.TextStim'>, alignHoriz=method-wrapper(...), alignText='center', alignVert=method-wrapper(...), anchorHoriz='center', anchorVert='center', antialias=True, autoLog=True, bold=False, color='white', colorSpace='named', contrast=1.0, depth=-3.0, flipHoriz=False, flipVert=False, font='Arial', fontFiles=[], height=0.025, italic=False, languageStyle='LTR', name='ClickTheButton', opacity=1.0, ori=0, pos=array([ 0.  , -0.03]), rgb=array([255., 255., 255.]), text="Click 'Submit' to continue.", units='height', win=Window(...), wrapWidth=1)
10.8288 	EXP 	Sound SoundItem set volume 1.000
10.8377 	EXP 	Created ItemNo = TextStim(__class__=<class 'psychopy.visual.text.TextStim'>, alignHoriz=method-wrapper(...), alignText='center', alignVert=method-wrapper(...), anchorHoriz='center', anchorVert='center', antialias=True, autoLog=True, bold=False, color='white', colorSpace='named', contrast=1.0, depth=-5.0, flipHoriz=False, flipVert=False, font='Arial', fontFiles=[], height=0.04, italic=False, languageStyle='LTR', name='ItemNo', opacity=1.0, ori=0, pos=array([0.  , 0.45]), rgb=array([255., 255., 255.]), text='default text', units='height', win=Window(...), wrapWidth=1)
10.8850 	EXP 	Created ThankyouMssg = TextStim(__class__=<class 'psychopy.visual.text.TextStim'>, alignHoriz=method-wrapper(...), alignText='center', alignVert=method-wrapper(...), anchorHoriz='center', anchorVert='center', antialias=True, autoLog=True, bold=False, color='white', colorSpace='named', contrast=1.0, depth=0.0, flipHoriz=False, flipVert=False, font='Arial', fontFiles=[], height=0.04, italic=False, languageStyle='LTR', name='ThankyouMssg', opacity=1.0, ori=0, pos=array([0., 0.]), rgb=array([255., 255., 255.]), text=str(...), units='height', win=Window(...), wrapWidth=1)
10.9253 	EXP 	ResponseBox: autoLog = True
10.9253 	EXP 	Submit: autoLog = True
10.9253 	EXP 	InstructionTxt: autoDraw = True
13.7450 	DATA 	Keypress: space
13.7511 	EXP 	InstructionTxt: autoDraw = False
13.7511 	EXP 	text: autoDraw = True
13.7511 	EXP 	ResponseBox: text = 'default text '
14.2140 	DATA 	Keypress: space
14.2227 	EXP 	ResponseBox: text = 'default text  '
14.2389 	EXP 	text: autoDraw = False
14.2389 	EXP 	StartTxt: autoDraw = True
16.3386 	EXP 	Imported GuessSounds_conditions.xlsx as conditions, 100 conditions, 2 params
16.3395 	EXP 	Created sequence: random, trialTypes=100, nReps=1, seed=None
16.3399 	EXP 	New trial (rep=0, index=0): OrderedDict([('SoundFiles', 'Initial/Doubled/Chime_A.wav'), ('Type', 'Doubled')])
16.3481 	EXP 	StartTxt: autoDraw = False
16.3481 	EXP 	StartTxt: autoDraw = False
16.3481 	EXP 	no3: autoDraw = True
17.2557 	EXP 	no3: autoDraw = False
17.2557 	EXP 	no2: autoDraw = True
18.2556 	EXP 	no2: autoDraw = False
18.2556 	EXP 	no1: autoDraw = True
19.3286 	EXP 	no1: autoDraw = False
19.3286 	EXP 	ResponseBox: text = '\n\n'
19.3286 	EXP 	ItemNo: text = '1/60'
19.3286 	EXP 	Question: autoDraw = True
19.3286 	EXP 	ResponseBox: autoDraw = True
19.3286 	EXP 	ClickTheButton: autoDraw = True
19.3286 	EXP 	ItemNo: autoDraw = True
19.3286 	EXP 	Submit: autoDraw = True
21.0884 	DATA 	Mouse: Left button down, pos=(1096,182)
21.1055 	EXP 	New trial (rep=0, index=1): OrderedDict([('SoundFiles', 'Initial/NoRepeat/Thunder_A.wav'), ('Type', 'NoRepeat')])
21.1132 	EXP 	Question: autoDraw = False
21.1132 	EXP 	ResponseBox: autoDraw = False
21.1132 	EXP 	ClickTheButton: autoDraw = False
21.1132 	EXP 	ItemNo: autoDraw = False
21.1132 	EXP 	Submit: autoDraw = False
21.1132 	EXP 	ResponseBox: text = 'default text'
21.1132 	EXP 	no3: autoDraw = True
21.3141 	DATA 	Mouse:  Left button up, pos=(1096,182)
22.1225 	EXP 	no3: autoDraw = False
22.1225 	EXP 	no2: autoDraw = True
23.1223 	EXP 	no2: autoDraw = False
23.1223 	EXP 	no1: autoDraw = True
24.1736 	EXP 	no1: autoDraw = False
24.1736 	EXP 	ResponseBox: text = '\n\n'
24.1736 	EXP 	ItemNo: text = '2/60'
24.1736 	EXP 	Question: autoDraw = True
24.1736 	EXP 	ResponseBox: autoDraw = True
24.1736 	EXP 	ClickTheButton: autoDraw = True
24.1736 	EXP 	ItemNo: autoDraw = True
24.1736 	EXP 	Submit: autoDraw = True
25.0536 	DATA 	Mouse: Left button down, pos=(1096,182)
25.3587 	EXP 	window1: mouseVisible = True
